advanced_rushing = document.querySelectorAll("#rushing_advanced > tbody")[0].innerText;
advanced_receiving = document.querySelectorAll("#receiving_advanced > tbody")[0].innerText;
advanced_defense = document.querySelectorAll("#defense_advanced > tbody")[0].innerText;
advanced_passing = document.querySelectorAll("#passing_advanced > tbody")[0].innerText;
"Carson Wentz	PHI	17	24	172	10	37.0	121	5.0	65	3.8	2.7	107	6.3	0	0.0%	3	12.5%	3	9	2	2	3	8.7
Player	Tm	Cmp	Att	Yds	1D	1D%	IAY	IAY/PA	CAY	CAY/Cmp	CAY/PA	YAC	YAC/Cmp	Drops	Drop%	BadTh	Bad%	Sk	Bltz	Hrry	Hits	Scrm	Yds/Scr
Josh Allen	BUF	16	34	169	9	23.7	317	9.3	90	5.6	2.6	79	4.9	2	6.5%	11	35.5%	4	11	3	5	5	6.2"
advanced_rushing
"Jordan Howard	PHI	23	96	4	40	1.7	56	2.4	1	23.0
Carson Wentz	PHI	8	35	3	27	3.4	8	1.0	0	
Boston Scott	PHI	5	6	1	-2	-0.4	8	1.6	0	
Miles Sanders	PHI	3	74	1	67	22.3	7	2.3	0	
Nelson Agholor	PHI	2	7	1	0	0.0	7	3.5	0	
Player	Tm	Att	Yds	1D	YBC	YBC/Att	YAC	YAC/Att	BrkTkl	Att/Br
Frank Gore	BUF	9	34	1	15	1.7	19	2.1	1	9.0
Josh Allen	BUF	8	45	3	27	3.4	18	2.3	1	8.0
Devin Singletary	BUF	3	19	1	14	4.7	5	1.7	1	3.0"
advanced_receiving
"Nelson Agholor	PHI	4	4	7	1	1	0.3	6	1.5	0		0	0.0
Alshon Jeffery	PHI	6	4	64	4	59	14.8	5	1.3	0		0	0.0
Dallas Goedert	PHI	5	3	22	2	3	1.0	19	6.3	0		0	0.0
Miles Sanders	PHI	3	3	44	2	-11	-3.7	55	18.3	0		0	0.0
Zach Ertz	PHI	4	2	20	1	15	7.5	5	2.5	0		0	0.0
Jordan Howard	PHI	2	1	15	0	-2	-2.0	17	17.0	1	1.0	0	0.0
Player	Tm	Tgt	Rec	Yds	1D	YBC	YBC/R	YAC	YAC/R	BrkTkl	Rec/Br	Drop	Drop%
John Brown	BUF	8	5	54	4	50	10.0	4	0.8	1	5.0	0	0.0
Devin Singletary	BUF	6	4	30	1	-9	-2.3	39	9.8	1	4.0	2	33.3
Cole Beasley	BUF	7	3	41	2	19	6.3	22	7.3	1	3.0	0	0.0
Tyler Kroft	BUF	4	2	32	2	19	9.5	13	6.5	0		0	0.0
Lee Smith	BUF	1	1	6		6	6.0	0	0.0	0		0	0.0
Duke Williams	BUF	2	1	6		5	5.0	1	1.0	0		0	0.0
Patrick DiMarco	BUF	1	0	0		0		0		0		0	0.0
Robert Foster	BUF	1	0	0		0		0		0		0	0.0
Dawson Knox	BUF	1	0	0		0		0		0		0	0.0"
advanced_defense
"Nathan Gerry	PHI	0	6	4	66.7%	28	7.0	4.7	1	116.7	3.5	21	7	4	0	0	1.0	1	6	2	25.0%
Ronald Darby	PHI	0	7	4	57.1%	34	8.5	4.9	0	69.9	15.9	26	8	0	0	0	0.0	0	2	1	33.3%
Malcolm Jenkins	PHI	0	6	2	33.3%	32	16.0	5.3	0	52.1	8.7	19	13	4	1	1	0.0	2	6	0	0.0%
Brandon Graham	PHI	0	2	2	100.0%	0	0.0	0.0	0	79.2	-5.0	-10	10	0	0	0	1.0	1	6	0	0.0%
Jalen Mills	PHI	0	4	2	50.0%	26	13.0	6.5	0	70.8	13.3	29	-3	0	0	0	0.0	0	3	0	0.0%
Derek Barnett	PHI	0	0	0										0	1	2	0.5	4	1	0	0.0%
Fletcher Cox	PHI	0	0	0										0	0	0	1.5	2	6	2	25.0%
Vinny Curry	PHI	0	0	0										0	1	0	0.0	1	1	0	0.0%
Bruce Hector	PHI	0	0	0										0	0	1	0.0	1	0	0	
Albert Huggins	PHI	0	0	0										0	0	1	0.0	1	1	0	0.0%
Kamu Grugier-Hill	PHI	0	0	0										2	0	0	0.0	0	2	1	33.3%
Duke Riley	PHI	0	1	0	0.0%					39.6	15.0			0	0	0	0.0	0	0	0	
Andrew Sendejo	PHI	0	0	0										2	0	0	0.0	0	2	0	0.0%
Rodney McLeod	PHI	0	0	0										0	0	0	0.0	0	4	1	20.0%
Player	Tm	Int	Tgt	Cmp	Cmp%	Yds	Yds/Cmp	Yds/Tgt	TD	Rat	DADOT	Air	YAC	Bltz	Hrry	QBKD	Sk	Prss	Comb	MTkl	MTkl%
Matt Milano	BUF	0	4	4	100.0%	26	6.5	6.5	0	93.7	-2.8	-11	37	1	0	0	0.0	0	13	0	0.0%
Tre'Davious White	BUF	0	5	3	60.0%	26	8.7	5.2	0	73.7	11.0	26	0	0	0	0	0.0	0	5	1	16.7%
Micah Hyde	BUF	0	3	2	66.7%	33	16.5	11.0	0	103.5	3.7	13	20	0	0	0	0.0	0	7	1	12.5%
Dean Marlowe	BUF	0	2	2	100.0%	13	6.5	6.5	0	93.7	4.0	8	5	2	0	0	0.0	0	2	0	0.0%
Levi Wallace	BUF	0	3	2	66.7%	37	18.5	12.3	0	109.0	11.3	31	6	0	0	0	0.0	0	4	0	0.0%
Jordan Poyer	BUF	0	2	1	50.0%	5	5.0	2.5	1	95.8	8.0	5	0	2	1	0	0.0	1	9	1	10.0%
Tremaine Edmunds	BUF	0	2	1	50.0%	7	7.0	3.5	0	58.3	1.5	3	4	1	0	0	0.0	0	9	1	10.0%
Shaq Lawson	BUF	0	0	0										0	0	1	1.0	2	3	1	25.0%
Darryl Johnson	BUF	0	0	0										0	1	0	0.0	1	2	0	0.0%
Ed Oliver	BUF	0	0	0										0	0	1	0.0	1	5	0	0.0%
Jordan Phillips	BUF	0	0	0										0	0	0	1.0	1	1	1	50.0%
Taron Johnson	BUF	0	1	0	0.0%					39.6	15.0			1	0	0	1.0	1	3	0	0.0%
Lorenzo Alexander	BUF	0	0	0										1	0	0	0.0	0	1	1	50.0%
Kevin Johnson	BUF	0	0	0										1	0	0	0.0	0	2	1	33.3%"
