advanced_rushing = document.querySelectorAll("#rushing_advanced > tbody")[0].innerText;
advanced_receiving = document.querySelectorAll("#receiving_advanced > tbody")[0].innerText;
advanced_defense = document.querySelectorAll("#defense_advanced > tbody")[0].innerText;
advanced_passing = document.querySelectorAll("#passing_advanced > tbody")[0].innerText;
"Joe Flacco	DEN	20	32	174	8	22.9	167	5.2	71	3.6	2.2	103	5.2	4	13.3%	4	13.3%	3	10	3	1	1	9.0
Player	Tm	Cmp	Att	Yds	1D	1D%	IAY	IAY/PA	CAY	CAY/Cmp	CAY/PA	YAC	YAC/Cmp	Drops	Drop%	BadTh	Bad%	Sk	Bltz	Hrry	Hits	Scrm	Yds/Scr
Jacoby Brissett	IND	15	25	202	9	31.0	205	8.2	112	7.5	4.5	90	6.0	0	0.0%	4	16.7%	4	10	3	3	5	6.4"
advanced_rushing
"Phillip Lindsay	DEN	14	59	3	23	1.6	36	2.6	1	14.0
Royce Freeman	DEN	12	40	3	19	1.6	21	1.8	0	
Joe Flacco	DEN	1	9	1	7	7.0	2	2.0	0	
Diontae Spencer	DEN	1	5	0	3	3.0	2	2.0	0	
Player	Tm	Att	Yds	1D	YBC	YBC/Att	YAC	YAC/Att	BrkTkl	Att/Br
Marlon Mack	IND	19	76	5	47	2.5	29	1.5	0	
Jacoby Brissett	IND	6	34	1	34	5.7	0	0.0	0	
Nyheim Hines	IND	4	12	1	6	1.5	6	1.5	0	
Jordan Wilkins	IND	2	5		4	2.0	1	0.5	0	"
advanced_receiving
"Noah Fant	DEN	9	5	26	2	9	1.8	17	3.4	0		0	0.0
Phillip Lindsay	DEN	5	5	17	0	-11	-2.2	28	5.6	0		0	0.0
Courtland Sutton	DEN	6	3	72	3	42	14.0	30	10.0	0		2	33.3
Andy Janovich	DEN	2	2	9		3	1.5	6	3.0	0		0	0.0
Diontae Spencer	DEN	2	2	18	1	6	3.0	12	6.0	0		0	0.0
Royce Freeman	DEN	2	1	5	0	-4	-4.0	9	9.0	0		1	50.0
Jeff Heuerman	DEN	1	1	11	1	10	10.0	1	1.0	0		0	0.0
Fred Brown	DEN	2	1	16	1	16	16.0	0	0.0	0		1	50.0
DaeSean Hamilton	DEN	1	0	0		0		0		0		0	0.0
Player	Tm	Tgt	Rec	Yds	1D	YBC	YBC/R	YAC	YAC/R	BrkTkl	Rec/Br	Drop	Drop%
Jack Doyle	IND	5	4	61	4	41	10.3	20	5.0	0		0	0.0
Eric Ebron	IND	4	3	26	2	13	4.3	13	4.3	0		0	0.0
Nyheim Hines	IND	3	3	34	1	4	1.3	30	10.0	0		0	0.0
T.Y. Hilton	IND	6	2	54	1	49	24.5	5	2.5	0		0	0.0
Zach Pascal	IND	2	1	6		6	6.0	0	0.0	0		0	0.0
Chester Rogers	IND	2	1	7		2	2.0	5	5.0	0		0	0.0
Marlon Mack	IND	1	1	14	1	-3	-3.0	17	17.0	0		0	0.0
Parris Campbell	IND	1	0	0		0		0		0		0	0.0"
advanced_defense
"Todd Davis	DEN	0	4	4	100.0%	59	14.8	14.8	0	118.7	9.0	36	23	4	0	0	0.0	0	6	1	14.3%
Chris Harris	DEN	0	6	3	50.0%	61	20.3	10.2	0	86.1	12.7	51	10	0	0	0	0.0	0	3	0	0.0%
Alexander Johnson	DEN	0	2	2	100.0%	14	7.0	7.0	0	95.8	1.0	2	12	8	1	1	0.0	2	8	1	11.1%
Davontae Harris	DEN	0	2	2	100.0%	15	7.5	7.5	0	97.9	6.0	12	3	1	0	0	0.0	0	4	1	20.0%
Justin Simmons	DEN	0	2	1	50.0%	12	12.0	6.0	0	68.7	9.0	3	9	0	0	0	0.0	0	7	0	0.0%
Coty Sensabaugh	DEN	0	2	1	50.0%	5	5.0	2.5	0	56.2	7.5	5	0	0	0	0	0.0	0	1	0	0.0%
Kareem Jackson	DEN	0	1	1	100.0%	16	16.0	16.0	0	118.7	1.0	1	15	0	0	0	0.0	0	6	0	0.0%
Von Miller	DEN	0	0	0										7	2	0	1.5	4	6	2	25.0%
Derek Wolfe	DEN	0	0	0										0	1	1	2.0	4	3	1	25.0%
Josey Jewell	DEN	0	0	0										0	0	0	0.5	1	1	0	0.0%
Malik Reed	DEN	0	0	0										9	0	1	0.0	1	3	0	0.0%
Duke Dawson	DEN	0	1	0	0.0%					39.6	14.0			1	0	0	0.0	0	2	0	0.0%
Player	Tm	Int	Tgt	Cmp	Cmp%	Yds	Yds/Cmp	Yds/Tgt	TD	Rat	DADOT	Air	YAC	Bltz	Hrry	QBKD	Sk	Prss	Comb	MTkl	MTkl%
Kenny Moore	IND	0	9	5	55.6%	37	7.4	4.1	0	65.5	8.6	24	13	0	0	0	0.0	0	6	0	0.0%
Rock Ya-Sin	IND	0	5	4	80.0%	75	18.8	15.0	0	118.7	10.4	38	37	0	0	0	0.0	0	4	0	0.0%
Malik Hooker	IND	0	2	2	100.0%	3	1.5	1.5	0	79.2	-0.5	-1	4	0	0	0	0.0	0	5	0	0.0%
Bobby Okereke	IND	0	2	2	100.0%	-1	-0.5	-0.5	0	79.2	-2.0	-4	3	0	0	0	0.0	0	3	1	25.0%
Al-Quadin Muhammad	IND	0	1	1	100.0%	7	7.0	7.0	0	95.8	1.0	1	6	0	2	0	0.0	2	3	0	0.0%
Darius Leonard	IND	0	1	1	100.0%	6	6.0	6.0	0	91.7	3.0	3	3	4	0	0	1.0	1	10	0	0.0%
Clayton Geathers	IND	0	1	1	100.0%	17	17.0	17.0	0	118.7	13.0	13	4	0	0	0	0.0	0	8	1	11.1%
Marvell Tell	IND	0	1	1	100.0%	20	20.0	20.0	0	118.7	9.0	9	11	0	0	0	0.0	0	3	0	0.0%
Jabaal Sheard	IND	0	0	0										0	1	0	0.0	1	4	0	0.0%
Denico Autry	IND	0	0	0										0	0	1	0.0	1	3	0	0.0%
Ben Banogu	IND	0	0	0										0	0	0	1.0	1	1	0	0.0%
Justin Houston	IND	0	0	0										0	0	0	1.0	1	3	0	0.0%
Anthony Walker	IND	0	0	0										5	0	0	0.0	0	7	1	12.5%
George Odum	IND	0	1	0	0.0%					39.6	3.0			0	0	0	0.0	0	1	0	0.0%
Khari Willis	IND	0	1	0	0.0%					39.6	3.0			2	0	0	0.0	0	3	1	25.0%
Ashton Dulin	IND	0	0	0										0	0	0	0.0	0	0	1	100.0%"
