advanced_rushing = document.querySelectorAll("#rushing_advanced > tbody")[0].innerText;
advanced_receiving = document.querySelectorAll("#receiving_advanced > tbody")[0].innerText;
advanced_defense = document.querySelectorAll("#defense_advanced > tbody")[0].innerText;
advanced_passing = document.querySelectorAll("#passing_advanced > tbody")[0].innerText;
"Derek Carr	OAK	18	30	285	10	33.3	278	9.3	102	5.7	3.4	183	10.2	2	6.7%	3	10.0%	0	4	3	0	0	
Player	Tm	Cmp	Att	Yds	1D	1D%	IAY	IAY/PA	CAY	CAY/Cmp	CAY/PA	YAC	YAC/Cmp	Drops	Drop%	BadTh	Bad%	Sk	Bltz	Hrry	Hits	Scrm	Yds/Scr
Deshaun Watson	HOU	27	39	279	17	40.5	266	6.8	173	6.4	4.4	106	3.9	3	7.9%	3	7.9%	3	6	3	1	4	6.3"
advanced_rushing
"Josh Jacobs	OAK	15	66	2	29	1.9	37	2.5	1	15.0
DeAndre Washington	OAK	5	23	2	12	2.4	11	2.2	1	5.0
Trevor Davis	OAK	1	-1		-1	-1.0	0	0.0	0	
Alec Ingold	OAK	1	2	1	1	1.0	1	1.0	0	
Jalen Richard	OAK	1	3	0	1	1.0	2	2.0	0	
Player	Tm	Att	Yds	1D	YBC	YBC/Att	YAC	YAC/Att	BrkTkl	Att/Br
Carlos Hyde	HOU	19	83	3	20	1.1	63	3.3	8	2.4
Deshaun Watson	HOU	10	46	4	39	3.9	7	0.7	0	
Duke Johnson	HOU	3	1	0	-3	-1.0	4	1.3	0	"
advanced_receiving
"Hunter Renfrow	OAK	4	4	88	1	14	3.5	74	18.5	2	2.0	0	0.0
Tyrell Williams	OAK	6	3	91	3	57	19.0	34	11.3	0		1	16.7
Josh Jacobs	OAK	2	2	15	1	-3	-1.5	18	9.0	0		0	0.0
Zay Jones	OAK	2	2	27	2	14	7.0	13	6.5	0		0	0.0
Jalen Richard	OAK	3	2	24	1	5	2.5	19	9.5	0		0	0.0
Darren Waller	OAK	8	2	11	1	4	2.0	7	3.5	1	2.0	1	12.5
Trevor Davis	OAK	2	1	15		6	6.0	9	9.0	0		0	0.0
Foster Moreau	OAK	2	1	10	1	6	6.0	4	4.0	1	1.0	0	0.0
DeAndre Washington	OAK	1	1	4	0	-1	-1.0	5	5.0	0		0	0.0
Player	Tm	Tgt	Rec	Yds	1D	YBC	YBC/R	YAC	YAC/R	BrkTkl	Rec/Br	Drop	Drop%
DeAndre Hopkins	HOU	13	11	109	8	73	6.6	36	3.3	2	5.5	0	0.0
Darren Fells	HOU	6	6	58	4	35	5.8	23	3.8	1	6.0	0	0.0
Duke Johnson	HOU	5	4	33	2	22	5.5	11	2.8	0		0	0.0
Kenny Stills	HOU	5	3	22	1	15	5.0	7	2.3	0		1	20.0
Jordan Akins	HOU	5	2	11	1	3	1.5	8	4.0	0		2	40.0
DeAndre Carter	HOU	3	1	46	1	25	25.0	21	21.0	0		0	0.0
Carlos Hyde	HOU	1	0	0	0	0		0		0		0	0.0"
advanced_defense
"Tahir Whitehead	OAK	0	10	9	90.0%	105	11.7	10.5	1	143.7	7.2	70	35	3	0	0	0.0	0	11	1	8.3%
Nicholas Morrow	OAK	0	10	6	60.0%	72	12.0	7.2	1	115.4	4.3	32	40	1	0	0	0.0	0	5	3	37.5%
Lamarcus Joyner	OAK	0	8	6	75.0%	76	12.7	9.5	1	143.7	6.5	35	41	1	0	0	0.0	0	5	0	0.0%
Karl Joseph	OAK	0	5	4	80.0%	32	8.0	6.4	0	93.3	7.8	27	5	1	0	0	0.0	0	7	1	12.5%
Daryl Worley	OAK	0	8	4	50.0%	33	8.3	4.1	0	60.9	8.8	27	6	0	0	0	0.0	0	5	0	0.0%
Trayvon Mullen	OAK	0	5	3	60.0%	19	6.3	3.8	0	67.9	4.0	17	2	0	0	0	0.0	0	4	0	0.0%
Nevin Lawson	OAK	0	3	2	66.7%	11	5.5	3.7	0	72.9	6.0	6	5	0	0	0	0.0	0	3	0	0.0%
Erik Harris	OAK	0	3	2	66.7%	19	9.5	6.3	1	123.6	13.7	12	7	0	0	0	0.0	0	5	0	0.0%
Clelin Ferrell	OAK	0	1	1	100.0%	7	7.0	7.0	0	95.8	2.0	2	5	0	0	0	0.0	0	1	1	50.0%
Benson Mayowa	OAK	0	0	0										0	2	0	1.0	3	1	2	66.7%
Maxx Crosby	OAK	0	0	0										0	1	1	0.0	2	6	3	33.3%
Arden Key	OAK	0	0	0										0	0	0	1.0	1	2	0	0.0%
Johnathan Hankins	OAK	0	0	0										0	0	0	1.0	1	4	1	20.0%
P.J. Hall	OAK	0	0	0										0	0	0	0.0	0	4	2	33.3%
Player	Tm	Int	Tgt	Cmp	Cmp%	Yds	Yds/Cmp	Yds/Tgt	TD	Rat	DADOT	Air	YAC	Bltz	Hrry	QBKD	Sk	Prss	Comb	MTkl	MTkl%
Benardrick McKinney	HOU	0	4	4	100.0%	45	11.3	11.3	1	153.1	3.3	13	32	1	0	0	0.0	0	5	2	28.6%
Justin Reid	HOU	0	6	4	66.7%	31	7.8	5.2	0	79.2	3.5	1	30	0	0	0	0.0	0	5	0	0.0%
Gareon Conley	HOU	0	6	3	50.0%	72	24.0	12.0	1	133.3	19.2	39	33	0	0	0	0.0	0	4	0	0.0%
Brennan Scarlett	HOU	0	3	2	66.7%	18	9.0	6.0	0	82.6	3.7	12	6	1	0	0	0.0	0	7	1	12.5%
Zach Cunningham	HOU	0	4	2	50.0%	31	15.5	7.8	0	76.0	1.0	0	31	1	0	0	0.0	0	7	2	22.2%
Lonnie Johnson	HOU	0	3	2	66.7%	80	40.0	26.7	1	149.3	14.3	20	60	0	0	0	0.0	0	2	1	33.3%
Whitney Mercilus	HOU	0	1	1	100.0%	4	4.0	4.0	0	83.3	-1.0	-1	5	1	1	0	0.0	1	6	0	0.0%
Jahleel Addae	HOU	0	1	1	100.0%	65	65.0	65.0	1	158.3	8.0	8	57	0	0	0	0.0	0	1	2	66.7%
Cornell Armstrong	HOU	0	1	1	100.0%	23	23.0	23.0	0	118.7	17.0	17	6	0	0	0	0.0	0	1	0	0.0%
Keion Crossen	HOU	0	3	1	33.3%	4	4.0	1.3	0	42.4	19.0	2	2	0	0	0	0.0	0	3	0	0.0%
Dylan Cole	HOU	0	3	1	33.3%	15	15.0	5.0	0	50.7	1.7	6	9	0	0	0	0.0	0	0	0	
Jacob Martin	HOU	0	0	0										0	1	0	0.0	1	0	0	
J.J. Watt	HOU	0	0	0										0	1	0	0.0	1	3	0	0.0%
Brandon Dunn	HOU	0	0	0										0	0	0	0.0	0	4	1	20.0%"
