advanced_rushing = document.querySelectorAll("#rushing_advanced > tbody")[0].innerText;
advanced_receiving = document.querySelectorAll("#receiving_advanced > tbody")[0].innerText;
advanced_defense = document.querySelectorAll("#defense_advanced > tbody")[0].innerText;
advanced_passing = document.querySelectorAll("#passing_advanced > tbody")[0].innerText;
"Andy Dalton	CIN	32	52	329	15	26.3	429	8.3	209	6.5	4.0	120	3.8	1	2.1%	10	20.8%	5	18	4	0	1	4.0
Player	Tm	Cmp	Att	Yds	1D	1D%	IAY	IAY/PA	CAY	CAY/Cmp	CAY/PA	YAC	YAC/Cmp	Drops	Drop%	BadTh	Bad%	Sk	Bltz	Hrry	Hits	Scrm	Yds/Scr
Jared Goff	LAR	17	31	372	13	41.9	327	10.5	170	10.0	5.5	202	11.9	2	6.5%	8	25.8%	0	8	1	3	0	"
advanced_rushing
"Joe Mixon	CIN	17	66	4	41	2.4	25	1.5	3	5.7
Giovani Bernard	CIN	3	31	1	13	4.3	18	6.0	3	1.0
Tyler Boyd	CIN	1	3	0	3	3.0	0	0.0	0	
Andy Dalton	CIN	1	4	0	4	4.0	0	0.0	0	
Player	Tm	Att	Yds	1D	YBC	YBC/Att	YAC	YAC/Att	BrkTkl	Att/Br
Darrell Henderson	LAR	11	49	2	28	2.5	21	1.9	3	3.7
Todd Gurley	LAR	10	44	4	41	4.1	3	0.3	1	10.0
Robert Woods	LAR	4	6	0	6	1.5	0	0.0	1	4.0
Josh Reynolds	LAR	1	-1	0	-1	-1.0	0	0.0	0	"
advanced_receiving
"Tyler Boyd	CIN	9	6	65	3	44	7.3	21	3.5	0		0	0.0
Tyler Eifert	CIN	9	6	74	4	55	9.2	19	3.2	0		1	11.1
Alex Erickson	CIN	7	6	97	2	67	11.2	30	5.0	1	6.0	0	0.0
Auden Tate	CIN	13	5	65	3	48	9.6	17	3.4	0		0	0.0
Joe Mixon	CIN	4	4	11	2	6	1.5	5	1.3	0		0	0.0
Giovani Bernard	CIN	2	2	14	1	-2	-1.0	16	8.0	1	2.0	0	0.0
Andy Dalton	CIN	1	1	-4	0	-8	-8.0	4	4.0	0		0	0.0
C.J. Uzomah	CIN	2	1	4		-2	-2.0	6	6.0	0		0	0.0
Stanley Morgan	CIN	1	1	3		1	1.0	2	2.0	0		0	0.0
Player	Tm	Tgt	Rec	Yds	1D	YBC	YBC/R	YAC	YAC/R	BrkTkl	Rec/Br	Drop	Drop%
Cooper Kupp	LAR	10	7	220	7	96	13.7	124	17.7	2	3.5	0	0.0
Josh Reynolds	LAR	8	3	73	3	59	19.7	14	4.7	1	3.0	0	0.0
Robert Woods	LAR	2	2	36	1	-3	-1.5	39	19.5	0		0	0.0
Darrell Henderson	LAR	3	2	20	1	-1	-0.5	21	10.5	0		1	33.3
Gerald Everett	LAR	3	2	15	1	13	6.5	2	1.0	0		0	0.0
Tyler Higbee	LAR	1	1	8		6	6.0	2	2.0	0		0	0.0
Todd Gurley	LAR	1	0	0	0	0		0		0		0	0.0
Mike Thomas	LAR	1	0	0		0		0		0		0	0.0
Brandin Cooks	LAR	1	0	0		0		0		0		1	100.0"
advanced_defense
"B.W. Webb	CIN	0	4	4	100.0%	88	22.0	22.0	1	158.3	8.5	34	54	0	0	0	0.0	0	2	0	0.0%
Tony McRae	CIN	0	7	4	57.1%	101	25.3	14.4	0	101.8	11.6	53	48	5	0	0	0.0	0	5	1	16.7%
Jessie Bates	CIN	0	6	4	66.7%	72	18.0	12.0	0	107.6	7.2	20	52	1	0	0	0.0	0	7	2	22.2%
Germaine Pratt	CIN	0	2	1	50.0%	31	31.0	15.5	1	135.4	19.5	25	6	0	0	0	0.0	0	1	0	0.0%
Shawn Williams	CIN	0	2	1	50.0%	30	30.0	15.0	0	95.8	30.0	29	1	1	0	0	0.0	0	6	2	25.0%
Preston Brown	CIN	0	1	1	100.0%	14	14.0	14.0	0	118.7	-2.0	-2	16	0	0	0	0.0	0	4	0	0.0%
William Jackson	CIN	0	4	1	25.0%	5	5.0	1.3	0	39.6	5.8	-3	8	0	0	0	0.0	0	0	0	
Carlos Dunlap	CIN	0	0	0										0	0	2	0.0	2	3	0	0.0%
Geno Atkins	CIN	0	0	0										0	0	1	0.0	1	1	0	0.0%
Sam Hubbard	CIN	0	0	0										0	1	0	0.0	1	2	1	33.3%
Nick Vigil	CIN	0	2	0	0.0%					39.6	4.0			2	0	0	0.0	0	5	2	28.6%
Player	Tm	Int	Tgt	Cmp	Cmp%	Yds	Yds/Cmp	Yds/Tgt	TD	Rat	DADOT	Air	YAC	Bltz	Hrry	QBKD	Sk	Prss	Comb	MTkl	MTkl%
Jalen Ramsey	LAR	0	7	7	100.0%	89	12.7	12.7	0	118.7	9.1	64	25	0	0	0	0.0	0	7	1	12.5%
Nickell Robey-Coleman	LAR	0	7	5	71.4%	53	10.6	7.6	0	93.2	6.3	31	22	1	0	0	0.0	0	1	0	0.0%
Taylor Rapp	LAR	0	8	5	62.5%	68	13.6	8.5	0	89.6	10.5	47	21	2	0	0	0.0	0	12	0	0.0%
Troy Hill	LAR	0	12	4	33.3%	48	12.0	4.0	0	46.5	12.1	24	24	0	0	0	0.0	0	3	0	0.0%
Cory Littleton	LAR	0	3	3	100.0%	14	4.7	4.7	0	86.1	4.0	12	2	7	0	0	0.5	1	8	1	11.1%
Darious Williams	LAR	0	3	3	100.0%	42	14.0	14.0	0	118.7	12.7	38	4	0	0	0	0.0	0	2	1	33.3%
Marqui Christian	LAR	0	3	2	66.7%	7	3.5	2.3	0	70.1	2.3	5	2	2	0	0	0.0	0	6	2	25.0%
Eric Weddle	LAR	0	3	1	33.3%	11	11.0	3.7	0	45.1	17.0	-5	16	0	0	0	0.0	0	6	1	14.3%
Dante Fowler	LAR	0	0	0										2	2	0	1.5	4	4	1	20.0%
Samson Ebukam	LAR	0	0	0										9	2	0	0.0	2	3	0	0.0%
Ogbonnia Okoronkwo	LAR	0	0	0										4	0	0	1.5	2	2	0	0.0%
Aaron Donald	LAR	0	0	0										0	0	0	1.0	1	3	0	0.0%
Michael Brockers	LAR	0	0	0										0	0	0	0.5	1	5	0	0.0%
Sebastian Joseph	LAR	0	0	0										2	0	0	0.0	0	1	0	0.0%"
