advanced_rushing = document.querySelectorAll("#rushing_advanced > tbody")[0].innerText;
advanced_receiving = document.querySelectorAll("#receiving_advanced > tbody")[0].innerText;
advanced_defense = document.querySelectorAll("#defense_advanced > tbody")[0].innerText;
advanced_passing = document.querySelectorAll("#passing_advanced > tbody")[0].innerText;
"Blake Bortles	JAX	15	26	149	7	24.1	221	8.5	86	5.7	3.3	63	4.2	2	8.0%	4	16.0%	3	6	2	3	2	4.5
Player	Tm	Cmp	Att	Yds	1D	1D%	IAY	IAY/PA	CAY	CAY/Cmp	CAY/PA	YAC	YAC/Cmp	Drops	Drop%	BadTh	Bad%	Sk	Bltz	Hrry	Hits	Scrm	Yds/Scr
Dak Prescott	DAL	17	27	183	10	33.3	244	9.0	120	7.1	4.4	63	3.7	0	0.0%	4	16.0%	3	4	2	1	7	8.7"
advanced_rushing
"T.J. Yeldon	JAX	8	41	0	21	2.6	20	2.5	0	
Jamaal Charles	JAX	5	5		2	0.4	3	0.6	1	5.0
Blake Bortles	JAX	4	22	3	20	5.0	2	0.5	0	
Niles Paul	JAX	1	-3		-5	-5.0	2	2.0	0	
Player	Tm	Att	Yds	1D	YBC	YBC/Att	YAC	YAC/Att	BrkTkl	Att/Br
Ezekiel Elliott	DAL	24	106	6	67	2.8	39	1.6	0	
Dak Prescott	DAL	11	82	4	64	5.8	18	1.6	0	
Rod Smith	DAL	5	4	1	0	0.0	4	0.8	0	
Tavon Austin	DAL	2	14		6	3.0	8	4.0	0	"
advanced_receiving
"Keelan Cole	JAX	5	4	41	3	28	7.0	13	3.3	0		0	0.0
T.J. Yeldon	JAX	5	3	29	1	5	1.7	24	8.0	0		0	0.0
Dede Westbrook	JAX	5	3	38	2	26	8.7	12	4.0	0		1	20.0
James O'Shaughnessy	JAX	4	3	29	1	23	7.7	6	2.0	0		0	0.0
Jamaal Charles	JAX	2	1	5		0	0.0	5	5.0	0		1	50.0
David Grinnage	JAX	1	1	7		4	4.0	3	3.0	0		0	0.0
DJ Chark	JAX	1	0	0		0		0		0		0	0.0
Donte Moncrief	JAX	3	0	0		0		0		0		0	0.0
Player	Tm	Tgt	Rec	Yds	1D	YBC	YBC/R	YAC	YAC/R	BrkTkl	Rec/Br	Drop	Drop%
Cole Beasley	DAL	11	9	101	5	72	8.0	29	3.2	0		0	0.0
Geoff Swaim	DAL	2	2	21	2	19	9.5	2	1.0	0		0	0.0
Rico Gathers	DAL	1	1	14	1	2	2.0	12	12.0	0		0	0.0
Michael Gallup	DAL	2	1	27	1	24	24.0	3	3.0	0		0	0.0
Jamize Olawale	DAL	1	1	3		1	1.0	2	2.0	0		0	0.0
Deonte Thompson	DAL	1	1	1		-4	-4.0	5	5.0	0		0	0.0
Ezekiel Elliott	DAL	1	1	11	1	1	1.0	10	10.0	0		0	0.0
Tavon Austin	DAL	1	1	5		5	5.0	0	0.0	0		0	0.0
Allen Hurns	DAL	5	0	0		0		0		0		0	0.0
Blake Jarwin	DAL	1	0	0		0		0		0		0	0.0"
advanced_defense
"A.J. Bouye	JAX	0	6	5	83.3%	63	12.6	10.5	0	110.4	9.8	52	11	0	0	0	0.0	0	6	0	0.0%
Tashaun Gipson	JAX	0	5	3	60.0%	32	10.7	6.4	1	118.3	5.2	21	11	2	1	0	0.0	1	6	0	0.0%
Tyler Patmon	JAX	0	3	3	100.0%	38	12.7	12.7	0	118.7	9.3	28	10	1	0	0	0.0	0	4	0	0.0%
Telvin Smith	JAX	0	3	2	66.7%	17	8.5	5.7	0	81.2	12.7	7	10	0	0	0	0.0	0	10	2	16.7%
Barry Church	JAX	0	3	2	66.7%	20	10.0	6.7	1	125.0	11.7	18	2	0	0	0	0.0	0	5	1	16.7%
Malik Jackson	JAX	0	1	1	100.0%	14	14.0	14.0	0	118.7	2.0	2	12	0	1	0	0.0	1	4	0	0.0%
Myles Jack	JAX	0	2	1	50.0%	17	17.0	8.5	1	118.7	3.0	6	11	1	0	0	0.0	0	5	1	16.7%
Jalen Ramsey	JAX	0	3	1	33.3%	1	1.0	0.3	0	42.4	11.7	-4	5	0	0	0	0.0	0	4	1	20.0%
Leon Jacobs	JAX	0	1	1	100.0%	3	3.0	3.0	0	79.2	1.0	1	2	0	0	0	0.0	0	4	0	0.0%
Yannick Ngakoue	JAX	0	0	0										0	1	1	2.0	4	4	0	0.0%
Dante Fowler	JAX	0	0	0										0	1	0	0.0	1	1	1	50.0%
Calais Campbell	JAX	0	0	0										0	0	0	1.0	1	6	0	0.0%
Jarrod Wilson	JAX	0	1	0	0.0%					39.6	19.0			0	0	0	0.0	0	1	0	0.0%
Ronnie Harrison	JAX	0	0	0										0	0	0	0.0	0	3	1	25.0%
Player	Tm	Int	Tgt	Cmp	Cmp%	Yds	Yds/Cmp	Yds/Tgt	TD	Rat	DADOT	Air	YAC	Bltz	Hrry	QBKD	Sk	Prss	Comb	MTkl	MTkl%
Leighton Vander Esch	DAL	0	11	6	54.5%	71	11.8	6.5	1	104.7	7.9	44	27	1	0	0	0.0	0	10	0	0.0%
Jaylon Smith	DAL	0	6	5	83.3%	52	10.4	8.7	0	102.8	4.3	32	20	4	0	0	0.0	0	10	0	0.0%
Anthony Brown	DAL	0	7	4	57.1%	60	15.0	8.6	1	125.0	16.4	38	22	0	0	0	0.0	0	3	1	25.0%
Jourdan Lewis	DAL	0	2	2	100.0%	4	2.0	2.0	0	79.2	0.5	1	3	2	1	0	0.0	1	2	0	0.0%
Xavier Woods	DAL	0	3	2	66.7%	24	12.0	8.0	0	91.0	12.3	16	8	0	0	0	0.0	0	1	1	50.0%
Jeff Heath	DAL	1	1	1	100.0%	20	20.0	20.0	0	79.2	4.0	4	16	0	0	0	0.0	0	2	0	0.0%
Randy Gregory	DAL	0	0	0										0	0	2	1.0	3	3	0	0.0%
Maliek Collins	DAL	0	0	0										0	0	0	1.0	1	1	0	0.0%
Taco Charlton	DAL	0	0	0										0	1	0	0.0	1	1	0	0.0%
Tyrone Crawford	DAL	0	0	0										0	0	0	0.5	1	2	0	0.0%
Antwaun Woods	DAL	0	0	0										0	0	0	0.5	1	2	0	0.0%
David Irving	DAL	0	0	0										0	0	1	0.0	1	2	0	0.0%
Byron Jones	DAL	0	3	0	0.0%					39.6	17.7			0	0	0	0.0	0	1	0	0.0%"
