advanced_rushing = document.querySelectorAll("#rushing_advanced > tbody")[0].innerText;
advanced_receiving = document.querySelectorAll("#receiving_advanced > tbody")[0].innerText;
advanced_defense = document.querySelectorAll("#defense_advanced > tbody")[0].innerText;
advanced_passing = document.querySelectorAll("#passing_advanced > tbody")[0].innerText;
"Josh Allen	BUF	10	17	84	4	21.1	128	7.5	42	4.2	2.5	42	4.2	0	0.0%	3	17.6%	2	6	3	2	4	5.0
Nathan Peterman	BUF	6	12	61	4	33.3	96	8.0	45	7.5	3.8	16	2.7	0	0.0%	3	27.3%	0	7	2	0	1	2.0
Player	Tm	Cmp	Att	Yds	1D	1D%	IAY	IAY/PA	CAY	CAY/Cmp	CAY/PA	YAC	YAC/Cmp	Drops	Drop%	BadTh	Bad%	Sk	Bltz	Hrry	Hits	Scrm	Yds/Scr
Deshaun Watson	HOU	15	25	177	9	28.1	196	7.8	83	5.5	3.3	94	6.3	2	8.0%	4	16.0%	7	9	5	5	1	3.0
DeAndre Hopkins	HOU	0	1	0	0	0.0	17	17.0	0		0.0	0		0	0.0%	1	100.0%	0	0	0	0	0	"
advanced_rushing
"LeSean McCoy	BUF	16	73	3	58	3.6	15	0.9	0	
Chris Ivory	BUF	6	5	0	3	0.5	2	0.3	0	
Josh Allen	BUF	4	20	1	9	2.3	11	2.8	0	
Nathan Peterman	BUF	1	2	0	2	2.0	0	0.0	0	
Player	Tm	Att	Yds	1D	YBC	YBC/Att	YAC	YAC/Att	BrkTkl	Att/Br
Lamar Miller	HOU	15	46	0	25	1.7	21	1.4	1	15.0
Alfred Blue	HOU	7	26	2	22	3.1	4	0.6	0	
Deshaun Watson	HOU	2	2	1	-1	-0.5	3	1.5	0	"
advanced_receiving
"Charles Clay	BUF	5	4	20	2	9	2.3	11	2.8	0		0	0.0
Zay Jones	BUF	8	3	35	2	32	10.7	3	1.0	0		0	0.0
LeSean McCoy	BUF	5	3	21	1	2	0.7	19	6.3	0		0	0.0
Kelvin Benjamin	BUF	6	2	43	1	33	16.5	10	5.0	0		0	0.0
Andre Holmes	BUF	2	1	20	1	17	17.0	3	3.0	0		0	0.0
Chris Ivory	BUF	1	1	4	1	-1	-1.0	5	5.0	0		0	0.0
Ray-Ray McCloud	BUF	1	1	2		-4	-4.0	6	6.0	0		0	0.0
Logan Thomas	BUF	1	1	0		-1	-1.0	1	1.0	0		0	0.0
Player	Tm	Tgt	Rec	Yds	1D	YBC	YBC/R	YAC	YAC/R	BrkTkl	Rec/Br	Drop	Drop%
DeAndre Hopkins	HOU	6	5	63	3	35	7.0	28	5.6	0		0	0.0
Keke Coutee	HOU	5	3	33	1	10	3.3	23	7.7	0		0	0.0
Alfred Blue	HOU	3	2	17	1	12	6.0	5	2.5	0		0	0.0
Will Fuller	HOU	3	2	33	1	28	14.0	5	2.5	0		0	0.0
Lamar Miller	HOU	3	2	25	2	0	0.0	25	12.5	0		0	0.0
Jordan Akins	HOU	1	1	6		-2	-2.0	8	8.0	0		0	0.0
Ryan Griffin	HOU	5	0	0		0		0		0		2	40.0"
advanced_defense
"Phillip Gaines	BUF	0	6	3	50.0%	32	10.7	5.3	0	66.0	9.7	24	8	0	0	0	0.0	0	7	0	0.0%
Tremaine Edmunds	BUF	0	3	2	66.7%	33	16.5	11.0	0	103.5	7.0	15	18	1	0	0	0.0	0	9	1	10.0%
Micah Hyde	BUF	0	4	2	50.0%	6	3.0	1.5	0	56.2	18.0	-5	11	2	0	0	0.0	0	3	1	25.0%
Matt Milano	BUF	0	4	2	50.0%	28	14.0	7.0	0	72.9	3.5	0	28	2	0	0	0.0	0	8	0	0.0%
Tre'Davious White	BUF	0	3	2	66.7%	27	13.5	9.0	1	134.7	9.0	23	4	0	0	0	0.0	0	2	0	0.0%
Lorenzo Alexander	BUF	1	1	1	100.0%	3	3.0	3.0	0	39.6	2.0	2	1	0	0	1	1.5	3	4	0	0.0%
Shaq Lawson	BUF	0	1	1	100.0%	14	14.0	14.0	0	118.7	10.0	10	4	0	0	0	1.0	1	2	0	0.0%
Taron Johnson	BUF	0	3	1	33.3%	12	12.0	4.0	0	46.5	1.0	-3	15	2	0	0	0.0	0	4	0	0.0%
Jordan Poyer	BUF	1	1	1	100.0%	22	22.0	22.0	0	79.2	17.0	17	5	1	0	0	0.0	0	5	0	0.0%
Jerry Hughes	BUF	0	0	0										0	1	2	1.5	5	3	1	25.0%
Kyle Williams	BUF	0	1	0	0.0%					39.6	-5.0			0	1	1	2.0	5	3	0	0.0%
Trent Murphy	BUF	0	0	0										0	2	1	0.5	4	3	1	25.0%
Rafael Bush	BUF	0	0	0										3	1	0	0.5	2	1	1	50.0%
Jordan Phillips	BUF	0	0	0										0	1	0	0.0	1	2	0	0.0%
Player	Tm	Int	Tgt	Cmp	Cmp%	Yds	Yds/Cmp	Yds/Tgt	TD	Rat	DADOT	Air	YAC	Bltz	Hrry	QBKD	Sk	Prss	Comb	MTkl	MTkl%
Johnathan Joseph	HOU	1	9	4	44.4%	51	12.8	5.7	0	23.1	11.2	33	18	0	0	0	0.0	0	6	0	0.0%
Justin Reid	HOU	0	3	3	100.0%	50	16.7	16.7	0	118.7	10.7	32	18	0	0	0	0.0	0	4	0	0.0%
Zach Cunningham	HOU	0	3	2	66.7%	5	2.5	1.7	0	70.1	7.3	-3	8	3	1	0	0.0	1	13	0	0.0%
Tyrann Mathieu	HOU	0	6	2	33.3%	10	5.0	1.7	0	42.4	6.8	7	3	2	0	0	0.0	0	3	0	0.0%
Shareece Wright	HOU	0	2	2	100.0%	17	8.5	8.5	1	141.7	7.0	14	3	0	0	0	0.0	0	2	0	0.0%
Kareem Jackson	HOU	1	5	2	40.0%	15	7.5	3.0	0	8.3	3.8	9	6	2	0	0	0.0	0	3	0	0.0%
Benardrick McKinney	HOU	0	1	1	100.0%	-3	-3.0	-3.0	0	79.2	-5.0	-5	2	5	0	1	1.0	2	11	2	15.4%
J.J. Watt	HOU	0	0	0										0	3	0	1.0	4	3	0	0.0%
Whitney Mercilus	HOU	0	0	0										9	2	1	0.0	3	4	0	0.0%
Jadeveon Clowney	HOU	0	0	0										1	2	0	0.0	2	1	0	0.0%
Duke Ejiofor	HOU	0	0	0										4	1	0	0.0	1	0	0	
Angelo Blackson	HOU	0	0	0										0	0	0	0.0	0	2	1	33.3%"
