advanced_rushing = document.querySelectorAll("#rushing_advanced > tbody")[0].innerText;
advanced_receiving = document.querySelectorAll("#receiving_advanced > tbody")[0].innerText;
advanced_defense = document.querySelectorAll("#defense_advanced > tbody")[0].innerText;
advanced_passing = document.querySelectorAll("#passing_advanced > tbody")[0].innerText;
"Josh Rosen	ARI	21	31	240	9	25.7	209	6.7	140	6.7	4.5	100	4.8	1	3.2%	4	12.9%	4	11	3	2	0	
Player	Tm	Cmp	Att	Yds	1D	1D%	IAY	IAY/PA	CAY	CAY/Cmp	CAY/PA	YAC	YAC/Cmp	Drops	Drop%	BadTh	Bad%	Sk	Bltz	Hrry	Hits	Scrm	Yds/Scr
Kirk Cousins	MIN	24	34	233	12	31.6	160	4.7	141	5.9	4.1	92	3.8	1	3.1%	1	3.1%	4	10	6	1	1	5.0"
advanced_rushing
"David Johnson	ARI	18	54	4	28	1.6	26	1.4	1	18.0
Derrick Coleman	ARI	1	2		0	0.0	2	2.0	0	
Chase Edmonds	ARI	1	4	1	3	3.0	1	1.0	0	
Player	Tm	Att	Yds	1D	YBC	YBC/Att	YAC	YAC/Att	BrkTkl	Att/Br
Latavius Murray	MIN	24	155	4	60	2.5	95	4.0	2	12.0
Kirk Cousins	MIN	4	14	2	13	3.3	1	0.3	0	
Mike Boone	MIN	1	20	1	18	18.0	2	2.0	0	
Stefon Diggs	MIN	1	9	1	7	7.0	2	2.0	0	
C.J. Ham	MIN	1	1		1	1.0	0	0.0	0	
Roc Thomas	MIN	1	-4		-4	-4.0	0	0.0	0	"
advanced_receiving
"Christian Kirk	ARI	7	6	77	3	53	8.8	24	4.0	0		0	0.0
Larry Fitzgerald	ARI	8	5	39	2	29	5.8	10	2.0	0		0	0.0
Ricky Seals-Jones	ARI	6	5	69	2	60	12.0	9	1.8	0		0	0.0
David Johnson	ARI	5	2	15	1	-2	-1.0	17	8.5	0		1	20.0
Jermaine Gresham	ARI	1	1	26	1	-3	-3.0	29	29.0	1	1.0	0	0.0
JJ Nelson	ARI	2	1	9		-2	-2.0	11	11.0	0		0	0.0
Chad Williams	ARI	2	1	5		5	5.0	0	0.0	0		0	0.0
Player	Tm	Tgt	Rec	Yds	1D	YBC	YBC/R	YAC	YAC/R	BrkTkl	Rec/Br	Drop	Drop%
Adam Thielen	MIN	13	11	123	7	89	8.1	34	3.1	0		0	0.0
Kyle Rudolph	MIN	5	4	37	1	16	4.0	21	5.3	0		0	0.0
Laquon Treadwell	MIN	4	4	38	2	14	3.5	24	6.0	1	4.0	0	0.0
Stefon Diggs	MIN	4	3	33	2	26	8.7	7	2.3	0		0	0.0
Kirk Cousins	MIN	1	1	-1	0	-7	-7.0	6	6.0	0		0	0.0
Latavius Murray	MIN	2	1	3	0	3	3.0	0	0.0	0		1	50.0
C.J. Ham	MIN	1	0	0		0		0		0		0	0.0
Aldrick Robinson	MIN	1	0	0		0		0		0		0	0.0"
advanced_defense
"Josh Bynes	ARI	0	5	5	100.0%	45	9.0	9.0	1	143.7	6.0	30	15	3	0	0	0.0	0	7	2	22.2%
Budda Baker	ARI	0	6	5	83.3%	38	7.6	6.3	0	93.1	-0.2	7	31	2	0	0	0.0	0	11	0	0.0%
Haason Reddick	ARI	0	5	4	80.0%	19	4.8	3.8	0	82.5	1.0	4	15	7	0	0	0.0	0	7	0	0.0%
Bene Benwikere	ARI	0	5	4	80.0%	45	11.3	9.0	0	104.2	4.8	27	18	0	0	0	0.0	0	4	1	20.0%
Antoine Bethea	ARI	0	6	4	66.7%	58	14.5	9.7	0	97.9	6.8	51	7	0	0	0	0.0	0	10	1	9.1%
Patrick Peterson	ARI	0	5	3	60.0%	26	8.7	5.2	0	73.7	2.2	16	10	0	0	0	0.0	0	5	0	0.0%
Jamar Taylor	ARI	0	2	1	50.0%	13	13.0	6.5	0	70.8	11.0	13	0	0	0	0	0.0	0	0	0	
Chandler Jones	ARI	0	0	0										0	4	0	1.5	6	5	0	0.0%
Markus Golden	ARI	0	0	0										0	1	1	0.5	3	3	0	0.0%
Corey Peters	ARI	0	0	0										0	0	0	2.0	2	5	0	0.0%
Benson Mayowa	ARI	0	0	0										0	2	0	0.0	2	2	0	0.0%
Tre Boston	ARI	1	1	0	0.0%					0.0	7.0			0	0	0	0.0	0	4	1	20.0%
Zach Moore	ARI	0	0	0										1	0	0	0.0	0	1	0	0.0%
Player	Tm	Int	Tgt	Cmp	Cmp%	Yds	Yds/Cmp	Yds/Tgt	TD	Rat	DADOT	Air	YAC	Bltz	Hrry	QBKD	Sk	Prss	Comb	MTkl	MTkl%
Mackensie Alexander	MIN	0	8	5	62.5%	57	11.4	7.1	0	83.9	4.4	8	49	2	0	0	1.0	1	5	0	0.0%
Xavier Rhodes	MIN	0	5	4	80.0%	41	10.3	8.2	0	100.8	4.8	30	11	0	0	0	0.0	0	5	0	0.0%
Harrison Smith	MIN	0	3	3	100.0%	58	19.3	19.3	0	118.7	17.0	51	7	2	0	0	1.0	1	7	0	0.0%
Trae Waynes	MIN	0	4	3	75.0%	48	16.0	12.0	0	114.6	8.3	30	18	0	0	0	0.0	0	2	0	0.0%
George Iloka	MIN	0	1	1	100.0%	2	2.0	2.0	0	79.2	-1.0	-1	3	0	0	0	0.0	0	8	0	0.0%
Eric Kendricks	MIN	0	1	1	100.0%	15	15.0	15.0	0	118.7	13.0	13	2	5	0	0	0.0	0	5	2	28.6%
Mike Hughes	MIN	0	2	1	50.0%	8	8.0	4.0	0	60.4	4.0	6	2	0	0	0	0.0	0	1	0	0.0%
Jayron Kearse	MIN	0	1	1	100.0%	1	1.0	1.0	0	79.2	0.0	0	1	0	0	0	0.0	0	2	0	0.0%
Jalyn Holmes	MIN	0	1	1	100.0%	7	7.0	7.0	0	95.8	5.0	5	2	0	0	0	0.0	0	1	0	0.0%
Danielle Hunter	MIN	0	0	0										0	0	1	2.0	3	5	0	0.0%
Sheldon Richardson	MIN	0	0	0										0	1	1	0.0	2	2	0	0.0%
Stephen Weatherly	MIN	0	0	0										0	1	0	0.0	1	4	1	20.0%
Anthony Barr	MIN	0	1	0	0.0%					39.6	-3.0			3	1	0	0.0	1	3	0	0.0%
Anthony Harris	MIN	1	3	0	0.0%					0.0	15.3			1	0	0	0.0	0	2	0	0.0%
Ben Gedeon	MIN	0	1	0	0.0%					39.6	1.0			0	0	0	0.0	0	1	0	0.0%"
