advanced_rushing = document.querySelectorAll("#rushing_advanced > tbody")[0].innerText;
advanced_receiving = document.querySelectorAll("#receiving_advanced > tbody")[0].innerText;
advanced_defense = document.querySelectorAll("#defense_advanced > tbody")[0].innerText;
advanced_passing = document.querySelectorAll("#passing_advanced > tbody")[0].innerText;
"Andrew Luck	IND	23	43	301	15	34.9	396	9.2	196	8.5	4.6	105	4.6	6	14.3%	6	14.3%	0	9	1	4	2	3.5
Player	Tm	Cmp	Att	Yds	1D	1D%	IAY	IAY/PA	CAY	CAY/Cmp	CAY/PA	YAC	YAC/Cmp	Drops	Drop%	BadTh	Bad%	Sk	Bltz	Hrry	Hits	Scrm	Yds/Scr
Sam Darnold	NYJ	24	30	280	12	37.5	210	7.0	146	6.1	4.9	134	5.6	0	0.0%	2	7.1%	2	2	1	0	2	5.5"
advanced_rushing
"Marlon Mack	IND	12	89	6	24	2.0	65	5.4	1	12.0
Robert Turbin	IND	4	10		10	2.5	0	0.0	0	
Nyheim Hines	IND	3	14	0	11	3.7	3	1.0	0	
Andrew Luck	IND	2	7	1	7	3.5	0	0.0	0	
Eric Ebron	IND	1	-1	0	-1	-1.0	0	0.0	0	
Zach Pascal	IND	1	8	0	8	8.0	0	0.0	0	
Player	Tm	Att	Yds	1D	YBC	YBC/Att	YAC	YAC/Att	BrkTkl	Att/Br
Bilal Powell	NYJ	16	59	4	17	1.1	42	2.6	1	16.0
Isaiah Crowell	NYJ	13	40	1	26	2.0	14	1.1	0	
Sam Darnold	NYJ	6	8	0	8	1.3	0	0.0	0	
Quincy Enunwa	NYJ	1	0		-3	-3.0	3	3.0	0	"
advanced_receiving
"Zach Pascal	IND	7	5	35	1	20	4.0	15	3.0	0		1	14.3
Eric Ebron	IND	7	4	71	4	61	15.3	10	2.5	0		1	14.3
Chester Rogers	IND	10	4	55	2	31	7.8	24	6.0	0		3	30.0
Ryan Grant	IND	5	2	24	2	19	9.5	5	2.5	0		0	0.0
Nyheim Hines	IND	3	2	21	2	3	1.5	18	9.0	0		0	0.0
Marcus Johnson	IND	3	2	52	2	35	17.5	17	8.5	0		0	0.0
Robert Turbin	IND	1	1	3		0	0.0	3	3.0	0		0	0.0
Erik Swoope	IND	2	1	2	1	2	2.0	0	0.0	0		0	0.0
Mo Alie-Cox	IND	2	1	34	1	26	26.0	8	8.0	0		0	0.0
Marlon Mack	IND	2	1	4	0	-1	-1.0	5	5.0	0		1	50.0
Player	Tm	Tgt	Rec	Yds	1D	YBC	YBC/R	YAC	YAC/R	BrkTkl	Rec/Br	Drop	Drop%
Jermaine Kearse	NYJ	10	9	94	5	49	5.4	45	5.0	0		0	0.0
Terrelle Pryor	NYJ	6	5	57	3	34	6.8	23	4.6	0		0	0.0
Robby Anderson	NYJ	5	3	39	1	15	5.0	24	8.0	0		0	0.0
Chris Herndon	NYJ	2	2	56	2	41	20.5	15	7.5	0		0	0.0
Neal Sterling	NYJ	2	2	13	1	7	3.5	6	3.0	0		0	0.0
Isaiah Crowell	NYJ	2	2	12	0	1	0.5	11	5.5	0		0	0.0
Quincy Enunwa	NYJ	1	1	9		-1	-1.0	10	10.0	0		0	0.0
Bilal Powell	NYJ	1	0	0	0	0		0		0		0	0.0"
advanced_defense
"Nate Hairston	IND	0	7	6	85.7%	94	15.7	13.4	1	158.3	6.0	39	55	0	0	0	0.0	0	4	1	20.0%
Kenny Moore	IND	0	7	6	85.7%	61	10.2	8.7	0	103.0	3.0	15	46	0	0	0	0.0	0	5	1	16.7%
Pierre Desir	IND	0	8	6	75.0%	70	11.7	8.8	0	101.0	12.6	50	20	0	0	0	0.0	0	9	0	0.0%
Quincy Wilson	IND	0	3	3	100.0%	18	6.0	6.0	0	91.7	3.0	9	9	0	0	0	0.0	0	2	0	0.0%
Anthony Walker	IND	0	4	2	50.0%	14	7.0	3.5	1	97.9	3.8	8	6	0	0	0	0.0	0	6	0	0.0%
Mike Mitchell	IND	0	2	2	100.0%	15	7.5	7.5	0	97.9	5.5	11	4	0	0	0	0.0	0	7	0	0.0%
Malik Hooker	IND	1	1	1	100.0%	24	24.0	24.0	0	79.2	24.0	24	0	0	0	0	0.0	0	1	0	0.0%
Jabaal Sheard	IND	0	0	0										0	1	0	1.0	2	3	2	40.0%
Jihad Ward	IND	0	0	0										0	0	0	1.0	1	2	1	33.3%
Grover Stewart	IND	0	0	0										0	1	0	0.0	1	4	0	0.0%
Darius Leonard	IND	0	0	0										1	0	0	0.0	0	8	1	11.1%
Player	Tm	Int	Tgt	Cmp	Cmp%	Yds	Yds/Cmp	Yds/Tgt	TD	Rat	DADOT	Air	YAC	Bltz	Hrry	QBKD	Sk	Prss	Comb	MTkl	MTkl%
Parry Nickerson	NYJ	0	12	7	58.3%	57	8.1	4.8	2	110.1	4.8	31	26	0	0	0	0.0	0	4	1	20.0%
Jamal Adams	NYJ	0	8	4	50.0%	79	19.8	9.9	0	84.9	14.8	58	21	4	0	0	0.0	0	4	0	0.0%
Darron Lee	NYJ	1	6	3	50.0%	32	10.7	5.3	0	26.4	9.2	9	23	2	0	0	0.0	0	8	1	11.1%
Darryl Roberts	NYJ	0	4	3	75.0%	34	11.3	8.5	0	100.0	9.3	24	10	0	0	0	0.0	0	1	1	50.0%
Avery Williamson	NYJ	1	5	2	40.0%	29	14.5	5.8	0	20.0	5.4	18	11	2	0	0	0.0	0	5	1	16.7%
Marcus Maye	NYJ	0	2	2	100.0%	39	19.5	19.5	1	158.3	15.0	30	9	0	0	0	0.0	0	5	1	16.7%
Morris Claiborne	NYJ	1	7	2	28.6%	27	13.5	3.9	0	3.6	16.3	23	4	0	0	0	0.0	0	4	0	0.0%
Brandon Copeland	NYJ	0	2	1	50.0%	4	4.0	2.0	0	56.2	0.5	-1	5	1	0	1	0.0	1	2	0	0.0%
Mike Pennel	NYJ	0	1	1	100.0%	17	17.0	17.0	1	158.3	5.0	5	12	0	0	0	0.0	0	1	0	0.0%
Leonard Williams	NYJ	0	0	0										0	1	3	0.0	4	0	1	100.0%
Terrence Brooks	NYJ	0	0	0										1	0	0	0.0	0	2	0	0.0%
Jordan Jenkins	NYJ	0	0	0										2	0	0	0.0	0	1	0	0.0%
Frankie Luvu	NYJ	0	0	0										1	0	0	0.0	0	1	0	0.0%"
