advanced_rushing = document.querySelectorAll("#rushing_advanced > tbody")[0].innerText;
advanced_receiving = document.querySelectorAll("#receiving_advanced > tbody")[0].innerText;
advanced_defense = document.querySelectorAll("#defense_advanced > tbody")[0].innerText;
advanced_passing = document.querySelectorAll("#passing_advanced > tbody")[0].innerText;
"Russell Wilson	SEA	17	23	222	11	45.8	224	9.7	134	7.9	5.8	88	5.2	1	4.5%	1	4.5%	1	1	0	2	2	7.0
Player	Tm	Cmp	Att	Yds	1D	1D%	IAY	IAY/PA	CAY	CAY/Cmp	CAY/PA	YAC	YAC/Cmp	Drops	Drop%	BadTh	Bad%	Sk	Bltz	Hrry	Hits	Scrm	Yds/Scr
Derek Carr	OAK	23	31	142	8	21.6	91	2.9	2	0.1	0.1	140	6.1	3	10.0%	3	10.0%	6	1	1	5	3	10.3"
advanced_rushing
"Chris Carson	SEA	14	59	1	17	1.2	42	3.0	1	14.0
Rashaad Penny	SEA	9	43	2	29	3.2	14	1.6	1	9.0
Mike Davis	SEA	6	21	2	11	1.8	10	1.7	0	
Russell Wilson	SEA	6	20	1	9	1.5	11	1.8	1	6.0
Tyler Lockett	SEA	1	7	0	6	6.0	1	1.0	0	
David Moore	SEA	1	5	0	2	2.0	3	3.0	1	1.0
Player	Tm	Att	Yds	1D	YBC	YBC/Att	YAC	YAC/Att	BrkTkl	Att/Br
Marshawn Lynch	OAK	13	45	2	8	0.6	37	2.8	1	13.0
Derek Carr	OAK	4	31	3	31	7.8	0	0.0	0	
Jalen Richard	OAK	2	3	0	-1	-0.5	4	2.0	0	"
advanced_receiving
"Doug Baldwin	SEA	8	6	91	4	69	11.5	22	3.7	0		0	0.0
Tyler Lockett	SEA	4	3	13	1	4	1.3	9	3.0	0		0	0.0
Rashaad Penny	SEA	2	2	27	1	-4	-2.0	31	15.5	0		0	0.0
David Moore	SEA	3	2	47	2	45	22.5	2	1.0	0		0	0.0
Jaron Brown	SEA	1	1	5	1	5	5.0	0	0.0	0		0	0.0
Tyrone Swoopes	SEA	1	1	23	1	8	8.0	15	15.0	0		0	0.0
Brandon Marshall	SEA	1	1	11	1	8	8.0	3	3.0	0		0	0.0
Mike Davis	SEA	3	1	5	0	-1	-1.0	6	6.0	1	1.0	1	33.3
Player	Tm	Tgt	Rec	Yds	1D	YBC	YBC/R	YAC	YAC/R	BrkTkl	Rec/Br	Drop	Drop%
Jalen Richard	OAK	8	7	48	1	-6	-0.9	54	7.7	0		0	0.0
Seth Roberts	OAK	6	5	31	2	0	0.0	31	6.2	0		0	0.0
Marshawn Lynch	OAK	5	3	14	2	-5	-1.7	19	6.3	0		2	40.0
Jordy Nelson	OAK	3	2	6	1	5	2.5	1	0.5	0		0	0.0
Jared Cook	OAK	2	2	10	1	0	0.0	10	5.0	0		0	0.0
Martavis Bryant	OAK	3	2	18	1	-1	-0.5	19	9.5	0		0	0.0
Dwayne Harris	OAK	1	1	7		1	1.0	6	6.0	1	1.0	0	0.0
Doug Martin	OAK	1	1	8		8	8.0	0	0.0	0		0	0.0
Amari Cooper	OAK	1	0	0		0		0		0		1	100.0"
advanced_defense
"Justin Coleman	SEA	0	8	7	87.5%	42	6.0	5.3	0	88.5	-1.0	-5	47	0	0	0	0.0	0	6	1	14.3%
Bradley McDougald	SEA	0	6	5	83.3%	32	6.4	5.3	0	88.9	0.7	-3	35	1	0	0	0.0	0	4	0	0.0%
Barkevious Mingo	SEA	0	4	4	100.0%	32	8.0	8.0	0	100.0	0.8	3	29	2	0	0	0.0	0	7	2	22.2%
Tre Flowers	SEA	0	4	3	75.0%	11	3.7	2.8	0	77.1	4.8	-1	12	0	0	0	0.0	0	2	0	0.0%
Shaquill Griffin	SEA	0	2	2	100.0%	8	4.0	4.0	0	83.3	1.0	2	6	0	0	0	0.0	0	3	1	25.0%
Bobby Wagner	SEA	0	5	2	40.0%	11	5.5	2.2	0	47.9	2.6	5	6	1	0	0	0.0	0	4	0	0.0%
Austin Calitro	SEA	0	1	1	100.0%	13	13.0	13.0	0	118.7	2.0	2	11	0	0	0	0.0	0	1	0	0.0%
Neiko Thorpe	SEA	0	2	1	50.0%	12	12.0	6.0	0	68.7	24.0	0	12	0	0	0	0.0	0	1	0	0.0%
Frank Clark	SEA	0	0	0										0	0	2	2.5	5	4	0	0.0%
Branden Jackson	SEA	0	0	0										0	1	0	1.0	2	3	1	25.0%
Jarran Reed	SEA	0	0	0										0	0	1	1.0	2	5	0	0.0%
Quinton Jefferson	SEA	0	0	0										0	0	1	0.5	2	3	0	0.0%
Shamar Stephen	SEA	0	0	0										0	0	0	1.0	1	1	0	0.0%
Jacob Martin	SEA	0	0	0										0	0	1	0.0	1	1	0	0.0%
Player	Tm	Int	Tgt	Cmp	Cmp%	Yds	Yds/Cmp	Yds/Tgt	TD	Rat	DADOT	Air	YAC	Bltz	Hrry	QBKD	Sk	Prss	Comb	MTkl	MTkl%
Daryl Worley	OAK	1	5	4	80.0%	100	25.0	20.0	1	118.7	24.4	95	5	0	0	0	0.0	0	5	0	0.0%
Tahir Whitehead	OAK	0	5	3	60.0%	34	11.3	6.8	1	120.0	2.6	-1	35	0	0	0	0.0	0	6	1	14.3%
Dominique Rodgers-Cromartie	OAK	0	5	3	60.0%	14	4.7	2.8	0	64.6	10.2	2	12	0	0	0	0.0	0	2	3	60.0%
Marquel Lee	OAK	0	2	2	100.0%	18	9.0	9.0	0	104.2	-1.5	-3	21	0	0	0	0.0	0	5	0	0.0%
Leon Hall	OAK	0	2	2	100.0%	5	2.5	2.5	0	79.2	1.5	3	2	0	0	0	0.0	0	5	0	0.0%
Marcus Gilchrist	OAK	0	2	1	50.0%	23	23.0	11.5	0	91.7	28.5	8	15	0	0	0	0.0	0	3	0	0.0%
Reggie Nelson	OAK	0	1	1	100.0%	23	23.0	23.0	0	118.7	8.0	8	15	0	0	0	0.0	0	2	2	50.0%
Rashaan Melvin	OAK	0	1	1	100.0%	10	10.0	10.0	1	147.9	10.0	10	0	0	0	0	0.0	0	1	0	0.0%
Erik Harris	OAK	0	2	1	50.0%	23	23.0	11.5	0	91.7	16.0	22	1	1	0	0	0.0	0	2	1	33.3%
Arden Key	OAK	0	0	0										0	0	1	1.0	2	4	0	0.0%
P.J. Hall	OAK	0	0	0										0	0	1	0.0	1	1	0	0.0%
Derrick Johnson	OAK	0	1	0	0.0%					39.6	0.0			0	0	0	0.0	0	3	0	0.0%
Fadol Brown	OAK	0	0	0										0	0	0	0.0	0	5	1	16.7%
Johnathan Hankins	OAK	0	0	0										0	0	0	0.0	0	1	1	50.0%
Emmanuel Lamur	OAK	0	0	0										0	0	0	0.0	0	4	2	33.3%"
