advanced_rushing = document.querySelectorAll("#rushing_advanced > tbody")[0].innerText;
advanced_receiving = document.querySelectorAll("#receiving_advanced > tbody")[0].innerText;
advanced_defense = document.querySelectorAll("#defense_advanced > tbody")[0].innerText;
advanced_passing = document.querySelectorAll("#passing_advanced > tbody")[0].innerText;
"Matthew Stafford	DET	24	30	307	14	42.4	229	7.6	156	6.5	5.2	151	6.3	1	3.4%	3	10.3%	3	5	7	1	1	3.0
Player	Tm	Cmp	Att	Yds	1D	1D%	IAY	IAY/PA	CAY	CAY/Cmp	CAY/PA	YAC	YAC/Cmp	Drops	Drop%	BadTh	Bad%	Sk	Bltz	Hrry	Hits	Scrm	Yds/Scr
Dak Prescott	DAL	17	27	255	12	40.0	261	9.7	143	8.4	5.3	112	6.6	0	0.0%	3	11.5%	3	6	6	2	1	2.0"
advanced_rushing
"Kerryon Johnson	DET	9	55	2	38	4.2	17	1.9	2	4.5
LeGarrette Blount	DET	7	12		-4	-0.6	16	2.3	1	7.0
Matthew Stafford	DET	2	5	1	5	2.5	0	0.0	0	
Jamal Agnew	DET	1	17	1	14	14.0	3	3.0	0	
Theo Riddick	DET	1	7	0	1	1.0	6	6.0	1	1.0
Player	Tm	Att	Yds	1D	YBC	YBC/Att	YAC	YAC/Att	BrkTkl	Att/Br
Ezekiel Elliott	DAL	25	152	8	90	3.6	62	2.5	0	
Rod Smith	DAL	6	22	2	13	2.2	9	1.5	0	
Dak Prescott	DAL	3	2	0	2	0.7	0	0.0	0	
Tavon Austin	DAL	1	7		7	7.0	0	0.0	0	"
advanced_receiving
"Golden Tate	DET	8	8	132	6	64	8.0	68	8.5	1	8.0	0	0.0
Kenny Golladay	DET	4	4	74	4	53	13.3	21	5.3	0		0	0.0
Theo Riddick	DET	5	4	20	1	-13	-3.3	33	8.3	0		0	0.0
Marvin Jones	DET	6	3	56	2	53	17.7	3	1.0	0		1	16.7
Levine Toilolo	DET	2	2	12	1	-6	-3.0	18	9.0	0		0	0.0
Kerryon Johnson	DET	1	1	1	0	-4	-4.0	5	5.0	0		0	0.0
Hakeem Valles	DET	1	1	6		5	5.0	1	1.0	0		0	0.0
Luke Willson	DET	2	1	6		4	4.0	2	2.0	0		0	0.0
Player	Tm	Tgt	Rec	Yds	1D	YBC	YBC/R	YAC	YAC/R	BrkTkl	Rec/Br	Drop	Drop%
Cole Beasley	DAL	5	4	53	3	38	9.5	15	3.8	1	4.0	0	0.0
Ezekiel Elliott	DAL	4	4	88	4	30	7.5	58	14.5	0		0	0.0
Allen Hurns	DAL	5	3	30	2	27	9.0	3	1.0	0		0	0.0
Geoff Swaim	DAL	5	3	39	2	9	3.0	30	10.0	0		0	0.0
Michael Gallup	DAL	5	2	45	1	39	19.5	6	3.0	0		0	0.0
Rod Smith	DAL	1	1	0	0	0	0.0	0	0.0	0		0	0.0
Tavon Austin	DAL	1	0	0		0		0		0		0	0.0
Rico Gathers	DAL	1	0	0		0		0		0		0	0.0"
advanced_defense
"Jamal Agnew	DET	0	7	6	85.7%	93	15.5	13.3	0	118.7	8.9	48	45	0	0	0	0.0	0	3	1	25.0%
Jarrad Davis	DET	0	4	4	100.0%	76	19.0	19.0	1	158.3	7.0	28	48	3	0	1	0.0	1	12	0	0.0%
Nevin Lawson	DET	0	4	2	50.0%	46	23.0	11.5	0	91.7	13.0	41	5	0	0	0	0.0	0	5	0	0.0%
Glover Quin	DET	0	2	2	100.0%	8	4.0	4.0	1	122.9	2.5	5	3	0	0	0	0.0	0	7	0	0.0%
Christian Jones	DET	0	2	2	100.0%	13	6.5	6.5	1	133.3	1.5	3	10	3	0	0	0.0	0	4	1	20.0%
Darius Slay	DET	0	7	2	28.6%	20	10.0	2.9	0	39.6	11.6	19	1	0	0	0	0.0	0	3	0	0.0%
Devon Kennard	DET	0	0	0										4	3	1	1.0	5	5	0	0.0%
Da'Shawn Hand	DET	0	0	0										0	2	0	1.0	3	3	0	0.0%
Eric Lee	DET	0	0	0										0	1	0	0.0	1	1	0	0.0%
Sylvester Williams	DET	0	0	0										0	1	0	0.0	1	3	1	25.0%
Romeo Okwara	DET	0	0	0										0	0	0	1.0	1	2	0	0.0%
Quandre Diggs	DET	0	1	0	0.0%					39.6	8.0			0	0	0	0.0	0	4	1	20.0%
Jalen Reeves-Maybin	DET	0	1	0	0.0%					39.6	23.0			0	0	0	0.0	0	2	0	0.0%
Player	Tm	Int	Tgt	Cmp	Cmp%	Yds	Yds/Cmp	Yds/Tgt	TD	Rat	DADOT	Air	YAC	Bltz	Hrry	QBKD	Sk	Prss	Comb	MTkl	MTkl%
Chidobe Awuzie	DAL	0	9	6	66.7%	99	16.5	11.0	0	103.5	13.0	96	3	0	0	0	0.0	0	8	0	0.0%
Jaylon Smith	DAL	0	4	4	100.0%	30	7.5	7.5	0	97.9	0.0	0	30	2	1	0	0.0	1	7	1	12.5%
Leighton Vander Esch	DAL	0	4	4	100.0%	12	3.0	3.0	0	79.2	0.3	1	11	0	0	0	0.0	0	6	0	0.0%
Xavier Woods	DAL	0	4	3	75.0%	41	13.7	10.3	0	107.3	7.0	17	24	0	0	0	0.0	0	3	0	0.0%
Jeff Heath	DAL	0	2	2	100.0%	1	0.5	0.5	0	79.2	-4.5	-9	10	1	1	0	0.0	1	3	3	50.0%
Anthony Brown	DAL	0	2	2	100.0%	42	21.0	21.0	1	158.3	12.0	24	18	2	0	0	0.0	0	1	1	50.0%
Byron Jones	DAL	0	1	1	100.0%	22	22.0	22.0	0	118.7	15.0	15	7	0	0	0	0.0	0	3	0	0.0%
Joe Thomas	DAL	0	2	1	50.0%	15	15.0	7.5	0	75.0	1.0	3	12	1	0	0	0.0	0	1	0	0.0%
DeMarcus Lawrence	DAL	0	0	0										0	1	0	3.0	4	8	0	0.0%
Dorance Armstrong	DAL	0	0	0										0	1	1	0.0	2	1	0	0.0%
Randy Gregory	DAL	0	0	0										0	1	0	0.0	1	1	0	0.0%"
