advanced_rushing = document.querySelectorAll("#rushing_advanced > tbody")[0].innerText;
advanced_receiving = document.querySelectorAll("#receiving_advanced > tbody")[0].innerText;
advanced_defense = document.querySelectorAll("#defense_advanced > tbody")[0].innerText;
advanced_passing = document.querySelectorAll("#passing_advanced > tbody")[0].innerText;
"Sam Darnold	NYJ	17	34	167	6	16.2	360	10.6	91	5.4	2.7	76	4.5	0	0.0%	8	26.7%	3	8	6	1	2	4.0
Player	Tm	Cmp	Att	Yds	1D	1D%	IAY	IAY/PA	CAY	CAY/Cmp	CAY/PA	YAC	YAC/Cmp	Drops	Drop%	BadTh	Bad%	Sk	Bltz	Hrry	Hits	Scrm	Yds/Scr
Blake Bortles	JAX	29	38	388	16	40.0	138	3.6	128	4.4	3.4	260	9.0	0	0.0%	3	8.3%	2	16	0	2	2	14.0"
advanced_rushing
"Bilal Powell	NYJ	8	26	1	12	1.5	14	1.8	0	
Isaiah Crowell	NYJ	4	0		-2	-0.5	2	0.5	0	
Sam Darnold	NYJ	2	8	1	8	4.0	0	0.0	0	
Player	Tm	Att	Yds	1D	YBC	YBC/Att	YAC	YAC/Att	BrkTkl	Att/Br
T.J. Yeldon	JAX	18	52	2	35	1.9	17	0.9	1	18.0
Leonard Fournette	JAX	11	30	1	16	1.5	14	1.3	0	
Blake Bortles	JAX	3	28	1	28	9.3	0	0.0	0	
Corey Grant	JAX	1	5		4	4.0	1	1.0	0	
Dede Westbrook	JAX	1	11	1	9	9.0	2	2.0	0	"
advanced_receiving
"Quincy Enunwa	NYJ	8	4	66	2	36	9.0	30	7.5	2	2.0	0	0.0
Bilal Powell	NYJ	7	4	26	0	-1	-0.3	27	6.8	0		0	0.0
Jordan Leggett	NYJ	4	3	13	1	9	3.0	4	1.3	0		0	0.0
Robby Anderson	NYJ	6	2	18		18	9.0	0	0.0	0		0	0.0
Jermaine Kearse	NYJ	5	2	23	2	17	8.5	6	3.0	0		0	0.0
Isaiah Crowell	NYJ	1	1	3		-5	-5.0	8	8.0	0		0	0.0
Chris Herndon	NYJ	1	1	18	1	17	17.0	1	1.0	0		0	0.0
Terrelle Pryor	NYJ	1	0	0		0		0		0		0	0.0
Player	Tm	Tgt	Rec	Yds	1D	YBC	YBC/R	YAC	YAC/R	BrkTkl	Rec/Br	Drop	Drop%
Dede Westbrook	JAX	13	9	130	6	49	5.4	81	9.0	3	3.0	0	0.0
Donte Moncrief	JAX	5	5	109	5	46	9.2	63	12.6	1	5.0	0	0.0
T.J. Yeldon	JAX	3	3	48	2	-3	-1.0	51	17.0	0		0	0.0
James O'Shaughnessy	JAX	3	2	28	2	13	6.5	15	7.5	1	2.0	0	0.0
Niles Paul	JAX	2	2	11		7	3.5	4	2.0	0		0	0.0
Corey Grant	JAX	3	2	12		-6	-3.0	18	9.0	1	2.0	0	0.0
Austin Seferian-Jenkins	JAX	4	2	24	1	16	8.0	8	4.0	0		0	0.0
Keelan Cole	JAX	3	2	15		5	2.5	10	5.0	0		0	0.0
Leonard Fournette	JAX	1	1	5	0	1	1.0	4	4.0	0		0	0.0
DJ Chark	JAX	1	1	6		0	0.0	6	6.0	0		0	0.0"
advanced_defense
"Buster Skrine	NYJ	0	9	6	66.7%	73	12.2	8.1	0	91.4	2.3	21	52	2	0	0	0.0	0	2	1	33.3%
Darron Lee	NYJ	0	6	4	66.7%	50	12.5	8.3	1	131.9	0.2	13	37	2	0	0	0.0	0	6	0	0.0%
Jamal Adams	NYJ	0	6	4	66.7%	55	13.8	9.2	0	95.8	7.5	34	21	4	0	0	0.0	0	12	2	14.3%
Trumaine Johnson	NYJ	0	5	4	80.0%	95	23.8	19.0	1	158.3	5.8	29	66	0	0	0	0.0	0	4	2	33.3%
Avery Williamson	NYJ	0	4	3	75.0%	30	10.0	7.5	0	95.8	0.5	-1	31	6	0	0	0.0	0	9	0	0.0%
Morris Claiborne	NYJ	0	2	2	100.0%	19	9.5	9.5	0	106.2	7.5	15	4	0	0	0	0.0	0	5	0	0.0%
Jordan Jenkins	NYJ	0	1	1	100.0%	7	7.0	7.0	0	95.8	3.0	3	4	7	0	1	0.0	1	3	0	0.0%
J.J. Wilcox	NYJ	0	1	1	100.0%	2	2.0	2.0	0	79.2	0.0	0	2	1	0	0	0.0	0	1	0	0.0%
Marcus Maye	NYJ	0	1	1	100.0%	27	27.0	27.0	0	118.7	14.0	14	13	1	0	0	0.0	0	7	1	12.5%
Darryl Roberts	NYJ	1	2	1	50.0%	7	7.0	3.5	0	18.7	7.0	6	1	0	0	0	0.0	0	2	0	0.0%
Nathan Shepherd	NYJ	0	0	0										0	0	1	0.0	1	1	0	0.0%
Henry Anderson	NYJ	0	0	0										0	0	0	1.0	1	3	0	0.0%
Leonard Williams	NYJ	0	0	0										0	0	0	1.0	1	5	0	0.0%
Steve McLendon	NYJ	0	0	0										0	0	0	0.0	0	2	1	33.3%
Brandon Copeland	NYJ	0	0	0										8	0	0	0.0	0	2	0	0.0%
Jeremiah Attaochu	NYJ	0	0	0										1	0	0	0.0	0	2	0	0.0%
Player	Tm	Int	Tgt	Cmp	Cmp%	Yds	Yds/Cmp	Yds/Tgt	TD	Rat	DADOT	Air	YAC	Bltz	Hrry	QBKD	Sk	Prss	Comb	MTkl	MTkl%
Tyler Patmon	JAX	0	8	5	62.5%	49	9.8	6.1	0	79.7	10.9	38	11	1	1	0	0.0	1	4	0	0.0%
Myles Jack	JAX	0	6	5	83.3%	35	7.0	5.8	0	91.0	2.2	4	31	4	0	0	0.0	0	5	1	16.7%
Jalen Ramsey	JAX	0	9	2	22.2%	15	7.5	1.7	0	39.6	17.4	7	8	0	0	0	0.0	0	1	1	50.0%
Telvin Smith	JAX	0	5	2	40.0%	10	5.0	2.0	1	87.5	12.8	5	5	6	0	0	0.0	0	3	0	0.0%
Barry Church	JAX	0	2	1	50.0%	16	16.0	8.0	0	77.1	9.0	14	2	1	0	0	1.0	1	3	0	0.0%
Tashaun Gipson	JAX	0	3	1	33.3%	2	2.0	0.7	0	42.4	12.7	2	0	0	0	0	0.0	0	3	1	25.0%
A.J. Bouye	JAX	0	3	1	33.3%	6	6.0	2.0	0	42.4	4.3	6	0	0	0	0	0.0	0	2	0	0.0%
Lerentee McCray	JAX	0	1	1	100.0%	42	42.0	42.0	0	118.7	18.0	18	24	0	0	0	0.0	0	1	1	50.0%
Yannick Ngakoue	JAX	0	0	0										0	3	1	1.0	5	1	0	0.0%
Malik Jackson	JAX	0	0	0										0	0	0	1.0	1	3	0	0.0%
Taven Bryan	JAX	0	0	0										0	1	0	0.0	1	2	0	0.0%"
