advanced_rushing = document.querySelectorAll("#rushing_advanced > tbody")[0].innerText;
advanced_receiving = document.querySelectorAll("#receiving_advanced > tbody")[0].innerText;
advanced_defense = document.querySelectorAll("#defense_advanced > tbody")[0].innerText;
advanced_passing = document.querySelectorAll("#passing_advanced > tbody")[0].innerText;
"Joe Flacco	BAL	28	42	363	17	38.6	387	9.2	208	7.4	5.0	155	5.5	2	4.9%	10	24.4%	2	10	1	0	0	
Player	Tm	Cmp	Att	Yds	1D	1D%	IAY	IAY/PA	CAY	CAY/Cmp	CAY/PA	YAC	YAC/Cmp	Drops	Drop%	BadTh	Bad%	Sk	Bltz	Hrry	Hits	Scrm	Yds/Scr
Ben Roethlisberger	PIT	27	47	274	12	25.0	332	7.1	133	4.9	2.8	141	5.2	0	0.0%	10	21.7%	1	13	2	1	0	"
advanced_rushing
"Alex Collins	BAL	11	42	1	28	2.5	14	1.3	0	
Javorius Allen	BAL	10	30	3	10	1.0	20	2.0	0	
Lamar Jackson	BAL	4	17	1	11	2.8	6	1.5	0	
Joe Flacco	BAL	2	-3	0	-3	-1.5	0	0.0	0	
John Brown	BAL	1	3	0	3	3.0	0	0.0	0	
Chris Moore	BAL	1	3	1	1	1.0	2	2.0	0	
De'Lance Turner	BAL	1	4		1	1.0	3	3.0	0	
Player	Tm	Att	Yds	1D	YBC	YBC/Att	YAC	YAC/Att	BrkTkl	Att/Br
James Conner	PIT	9	19	1	7	0.8	12	1.3	0	
Ben Roethlisberger	PIT	1	-1	0	-1	-1.0	0	0.0	0	
Ryan Switzer	PIT	1	1	0	0	0.0	1	1.0	0	"
advanced_receiving
"Willie Snead	BAL	7	6	56	4	41	6.8	15	2.5	1	6.0	0	0.0
Maxx Williams	BAL	5	5	51	3	11	2.2	40	8.0	1	5.0	0	0.0
Nick Boyle	BAL	5	3	36	1	7	2.3	29	9.7	0		1	20.0
John Brown	BAL	7	3	116	3	88	29.3	28	9.3	0		0	0.0
Michael Crabtree	BAL	8	3	29	2	21	7.0	8	2.7	1	3.0	1	12.5
Mark Andrews	BAL	2	2	12	1	5	2.5	7	3.5	0		0	0.0
Javorius Allen	BAL	2	2	17	0	4	2.0	13	6.5	0		0	0.0
Alex Collins	BAL	1	1	3	1	2	2.0	1	1.0	0		0	0.0
Chris Moore	BAL	1	1	19	1	15	15.0	4	4.0	0		0	0.0
De'Lance Turner	BAL	1	1	10		0	0.0	10	10.0	0		0	0.0
Tim White	BAL	1	1	14	1	14	14.0	0	0.0	0		0	0.0
Player	Tm	Tgt	Rec	Yds	1D	YBC	YBC/R	YAC	YAC/R	BrkTkl	Rec/Br	Drop	Drop%
Ryan Switzer	PIT	7	7	32	3	17	2.4	15	2.1	0		0	0.0
Vance McDonald	PIT	5	5	62	3	15	3.0	47	9.4	2	2.5	0	0.0
Antonio Brown	PIT	11	5	62	2	34	6.8	28	5.6	0		0	0.0
JuJu Smith-Schuster	PIT	11	4	60	2	47	11.8	13	3.3	0		0	0.0
James Conner	PIT	7	3	25	1	0	0.0	25	8.3	0		0	0.0
James Washington	PIT	4	2	10		2	1.0	8	4.0	0		0	0.0
Jesse James	PIT	1	1	23	1	18	18.0	5	5.0	0		0	0.0"
advanced_defense
"Marlon Humphrey	BAL	0	12	6	50.0%	66	11.0	5.5	1	94.4	9.7	35	31	0	0	0	0.0	0	4	2	33.3%
C.J. Mosley	BAL	0	8	5	62.5%	61	12.2	7.6	0	85.9	5.5	40	21	11	0	0	0.0	0	8	0	0.0%
Tavon Young	BAL	0	6	4	66.7%	53	13.3	8.8	0	94.4	5.3	26	27	5	0	0	0.0	0	4	2	33.3%
Anthony Levine	BAL	1	3	3	100.0%	19	6.3	6.3	0	53.5	1.0	3	16	2	0	0	0.0	0	6	0	0.0%
Tony Jefferson	BAL	0	3	3	100.0%	35	11.7	11.7	0	115.3	7.3	22	13	1	0	0	0.0	0	6	2	25.0%
Terrell Suggs	BAL	0	2	2	100.0%	20	10.0	10.0	0	108.3	3.0	6	14	3	1	1	0.0	2	4	1	20.0%
Eric Weddle	BAL	0	4	2	50.0%	12	6.0	3.0	0	56.2	8.3	4	8	1	0	0	0.0	0	4	0	0.0%
Brandon Carr	BAL	0	6	2	33.3%	16	8.0	2.7	0	42.4	16.5	14	2	0	0	0	0.0	0	3	0	0.0%
Tim Williams	BAL	0	0	0										1	0	0	1.0	1	2	0	0.0%
Za'Darius Smith	BAL	0	0	0										1	0	0	0.0	0	1	0	0.0%
Matt Judon	BAL	0	1	0	0.0%					39.6	3.0			3	0	0	0.0	0	1	0	0.0%
Patrick Onwuasor	BAL	0	0	0										1	0	0	0.0	0	1	0	0.0%
Player	Tm	Int	Tgt	Cmp	Cmp%	Yds	Yds/Cmp	Yds/Tgt	TD	Rat	DADOT	Air	YAC	Bltz	Hrry	QBKD	Sk	Prss	Comb	MTkl	MTkl%
Cameron Sutton	PIT	0	8	7	87.5%	91	13.0	11.4	1	153.6	10.0	70	21	4	0	0	0.0	0	3	1	25.0%
Joe Haden	PIT	0	12	6	50.0%	88	14.7	7.3	1	102.1	16.5	60	28	0	0	0	0.0	0	7	2	22.2%
Jonathan Bostic	PIT	0	5	5	100.0%	52	10.4	10.4	0	110.0	5.8	29	23	6	0	0	0.0	0	9	0	0.0%
T.J. Watt	PIT	0	4	4	100.0%	23	5.8	5.8	1	130.2	1.3	5	18	3	1	0	0.0	1	4	1	20.0%
Sean Davis	PIT	0	5	2	40.0%	11	5.5	2.2	0	47.9	3.4	-3	14	1	0	0	0.0	0	6	0	0.0%
Nat Berhe	PIT	0	2	2	100.0%	26	13.0	13.0	0	118.7	13.5	27	-1	0	0	0	0.0	0	1	1	50.0%
Vince Williams	PIT	0	2	2	100.0%	25	12.5	12.5	0	118.7	2.0	4	21	5	0	0	0.0	0	9	1	10.0%
Coty Sensabaugh	PIT	0	3	1	33.3%	5	5.0	1.7	0	42.4	9.0	2	3	0	0	0	0.0	0	5	0	0.0%
Terrell Edmunds	PIT	0	1	1	100.0%	71	71.0	71.0	0	118.7	44.0	44	27	0	0	0	0.0	0	7	1	12.5%
Artie Burns	PIT	0	1	1	100.0%	4	4.0	4.0	0	83.3	2.0	2	2	0	0	0	0.0	0	4	0	0.0%
Bud Dupree	PIT	0	0	0										3	0	0	1.0	1	1	0	0.0%
Javon Hargrave	PIT	0	0	0										0	0	0	1.0	1	3	0	0.0%
Anthony Chickillo	PIT	0	1	0	0.0%					39.6	4.0			0	0	0	0.0	0	1	0	0.0%"
