advanced_rushing = document.querySelectorAll("#rushing_advanced > tbody")[0].innerText;
advanced_receiving = document.querySelectorAll("#receiving_advanced > tbody")[0].innerText;
advanced_defense = document.querySelectorAll("#defense_advanced > tbody")[0].innerText;
advanced_passing = document.querySelectorAll("#passing_advanced > tbody")[0].innerText;
"Kirk Cousins	MIN	36	50	422	22	40.7	304	6.1	226	6.3	4.5	196	5.4	2	4.3%	3	6.4%	4	18	10	4	2	12.0
Player	Tm	Cmp	Att	Yds	1D	1D%	IAY	IAY/PA	CAY	CAY/Cmp	CAY/PA	YAC	YAC/Cmp	Drops	Drop%	BadTh	Bad%	Sk	Bltz	Hrry	Hits	Scrm	Yds/Scr
Jared Goff	LAR	26	33	465	19	55.9	272	8.2	234	9.0	7.1	231	8.9	0	0.0%	2	6.9%	1	11	5	1	1	8.0
Johnny Hekker	LAR	0	1	0			36	36.0	0		0.0	0		0	0.0%	0	0.0%	0	0	0	0	0	"
advanced_rushing
"Dalvin Cook	MIN	10	20		11	1.1	9	0.9	0	
Kirk Cousins	MIN	4	28	3	18	4.5	10	2.5	1	4.0
Latavius Murray	MIN	2	2	0	-2	-1.0	4	2.0	0	
Roc Thomas	MIN	1	4		1	1.0	3	3.0	0	
Player	Tm	Att	Yds	1D	YBC	YBC/Att	YAC	YAC/Att	BrkTkl	Att/Br
Todd Gurley	LAR	17	83	3	44	2.6	39	2.3	0	
Jared Goff	LAR	2	7	0	7	3.5	0	0.0	0	
Brandin Cooks	LAR	1	10	1	6	6.0	4	4.0	0	"
advanced_receiving
"Stefon Diggs	MIN	15	11	123	5	23	2.1	100	9.1	2	5.5	0	0.0
Adam Thielen	MIN	12	8	135	8	106	13.3	29	3.6	1	8.0	1	8.3
Kyle Rudolph	MIN	6	5	57	4	29	5.8	28	5.6	0		0	0.0
Laquon Treadwell	MIN	7	4	47	2	31	7.8	16	4.0	0		1	14.3
C.J. Ham	MIN	2	2	7		-2	-1.0	9	4.5	0		0	0.0
Latavius Murray	MIN	2	2	16	1	5	2.5	11	5.5	0		0	0.0
Aldrick Robinson	MIN	2	2	33	2	33	16.5	0	0.0	0		0	0.0
Mike Boone	MIN	1	1	1		1	1.0	0	0.0	0		0	0.0
David Morgan	MIN	1	1	3		0	0.0	3	3.0	0		0	0.0
Roc Thomas	MIN	1	0	0		0		0		0		0	0.0
Player	Tm	Tgt	Rec	Yds	1D	YBC	YBC/R	YAC	YAC/R	BrkTkl	Rec/Br	Drop	Drop%
Cooper Kupp	LAR	11	9	162	7	71	7.9	91	10.1	1	9.0	0	0.0
Brandin Cooks	LAR	8	7	116	5	93	13.3	23	3.3	0		0	0.0
Robert Woods	LAR	5	5	101	4	70	14.0	31	6.2	0		0	0.0
Todd Gurley	LAR	6	4	73	2	-1	-0.3	74	18.5	1	4.0	0	0.0
Gerald Everett	LAR	1	1	13	1	0	0.0	13	13.0	0		0	0.0
Josh Reynolds	LAR	1	0	0		0		0		0		0	0.0
Tyler Higbee	LAR	1	0	0		0		0		0		0	0.0"
advanced_defense
"Mike Hughes	MIN	0	7	6	85.7%	59	9.8	8.4	1	141.4	11.6	44	15	0	0	0	0.0	0	8	1	11.1%
Anthony Barr	MIN	0	5	4	80.0%	119	29.8	23.8	3	158.3	12.0	62	57	6	1	0	0.0	1	4	1	20.0%
Mackensie Alexander	MIN	0	4	3	75.0%	17	5.7	4.3	0	82.3	4.0	10	7	2	0	0	0.0	0	2	1	33.3%
Xavier Rhodes	MIN	0	4	3	75.0%	42	14.0	10.5	0	108.3	8.8	25	17	0	0	0	0.0	0	1	0	0.0%
Eric Kendricks	MIN	0	4	3	75.0%	55	18.3	13.8	0	116.7	6.3	27	28	6	0	0	0.0	0	7	1	12.5%
Trae Waynes	MIN	0	3	2	66.7%	83	41.5	27.7	1	149.3	22.7	65	18	0	0	0	0.0	0	2	0	0.0%
Harrison Smith	MIN	0	2	1	50.0%	14	14.0	7.0	0	72.9	12.0	11	3	2	0	0	0.0	0	1	0	0.0%
Jayron Kearse	MIN	0	2	1	50.0%	6	6.0	3.0	0	56.2	4.0	-2	8	0	0	0	0.0	0	3	0	0.0%
Danielle Hunter	MIN	0	0	0										0	0	0	1.0	1	6	1	14.3%
Sheldon Richardson	MIN	0	0	0										0	0	1	0.0	1	6	1	14.3%
Linval Joseph	MIN	0	0	0										0	1	0	0.0	1	3	0	0.0%
Andrew Sendejo	MIN	0	0	0										1	0	0	0.0	0	6	0	0.0%
Player	Tm	Int	Tgt	Cmp	Cmp%	Yds	Yds/Cmp	Yds/Tgt	TD	Rat	DADOT	Air	YAC	Bltz	Hrry	QBKD	Sk	Prss	Comb	MTkl	MTkl%
Sam Shields	LAR	0	17	11	64.7%	177	16.1	10.4	2	138.6	9.2	106	71	0	0	0	0.0	0	4	4	50.0%
Marcus Peters	LAR	0	10	7	70.0%	95	13.6	9.5	1	133.3	9.0	82	13	1	0	0	0.0	0	6	1	14.3%
Marqui Christian	LAR	0	6	5	83.3%	47	9.4	7.8	0	99.3	6.7	38	9	0	0	0	0.0	0	6	1	14.3%
Ramik Wilson	LAR	0	4	4	100.0%	34	8.5	8.5	0	102.1	-0.3	-1	35	2	0	0	0.0	0	7	0	0.0%
Nickell Robey-Coleman	LAR	0	5	4	80.0%	18	4.5	3.6	0	81.7	1.0	2	16	0	0	0	0.0	0	3	2	40.0%
Cory Littleton	LAR	0	3	3	100.0%	49	16.3	16.3	0	118.7	1.3	4	45	7	0	0	0.0	0	9	0	0.0%
John Johnson	LAR	0	3	2	66.7%	3	1.5	1.0	0	70.1	4.7	3	0	2	0	0	0.0	0	11	1	8.3%
Samson Ebukam	LAR	0	1	1	100.0%	-1	-1.0	-1.0	0	79.2	-8.0	-8	7	10	3	0	0.0	3	2	1	33.3%
Aaron Donald	LAR	0	0	0										0	4	2	2.0	8	5	1	16.7%
John Franklin-Myers	LAR	0	0	0										0	2	1	1.0	4	1	0	0.0%
Ndamukong Suh	LAR	0	0	0										0	0	1	1.0	2	2	1	33.3%
Matt Longacre	LAR	0	0	0										9	1	0	0.0	1	1	0	0.0%
Michael Brockers	LAR	0	0	0										0	1	0	0.0	1	3	0	0.0%"
