advanced_rushing = document.querySelectorAll("#rushing_advanced > tbody")[0].innerText;
advanced_receiving = document.querySelectorAll("#receiving_advanced > tbody")[0].innerText;
advanced_defense = document.querySelectorAll("#defense_advanced > tbody")[0].innerText;
advanced_passing = document.querySelectorAll("#passing_advanced > tbody")[0].innerText;
"Josh Rosen	ARI	13	22	132	5	17.9	91	4.1	52	4.0	2.4	80	6.2	2	9.5%	1	4.8%	6	12	4	1	1	9.0
Mike Glennon	ARI	10	14	111	5	33.3	123	8.8	46	4.6	3.3	65	6.5	0	0.0%	4	28.6%	1	3	1	0	0	
Player	Tm	Cmp	Att	Yds	1D	1D%	IAY	IAY/PA	CAY	CAY/Cmp	CAY/PA	YAC	YAC/Cmp	Drops	Drop%	BadTh	Bad%	Sk	Bltz	Hrry	Hits	Scrm	Yds/Scr
Matt Ryan	ATL	22	36	231	14	36.8	253	7.0	144	6.5	4.0	87	4.0	7	19.4%	4	11.1%	2	12	2	1	1	15.0"
advanced_rushing
"David Johnson	ARI	11	33	3	32	2.9	1	0.1	0	
Chase Edmonds	ARI	8	22	3	11	1.4	11	1.4	2	4.0
Josh Rosen	ARI	2	8	0	8	4.0	0	0.0	0	
T.J. Logan	ARI	1	-3	0	-3	-3.0	0	0.0	0	
Player	Tm	Att	Yds	1D	YBC	YBC/Att	YAC	YAC/Att	BrkTkl	Att/Br
Tevin Coleman	ATL	11	145	3	102	9.3	43	3.9	1	11.0
Ito Smith	ATL	9	34	1	14	1.6	20	2.2	1	9.0
Brian Hill	ATL	3	7		4	1.3	3	1.0	0	
Matt Ryan	ATL	3	18	3	18	6.0	0	0.0	0	
Mohamed Sanu	ATL	1	11	1	11	11.0	0	0.0	0	"
advanced_receiving
"Larry Fitzgerald	ARI	8	7	82	4	25	3.6	57	8.1	3	2.3	0	0.0
T.J. Logan	ARI	4	4	18	1	-1	-0.3	19	4.8	0		0	0.0
Trent Sherfield	ARI	5	3	15	1	13	4.3	2	0.7	0		0	0.0
Ricky Seals-Jones	ARI	8	3	22		20	6.7	2	0.7	0		2	25.0
David Johnson	ARI	6	3	68	2	28	9.3	40	13.3	0		0	0.0
Chase Edmonds	ARI	2	2	22	1	2	1.0	20	10.0	0		0	0.0
Jermaine Gresham	ARI	1	1	16	1	11	11.0	5	5.0	0		0	0.0
Jalen Tolliver	ARI	1	0	0		0		0		0		0	0.0
Player	Tm	Tgt	Rec	Yds	1D	YBC	YBC/R	YAC	YAC/R	BrkTkl	Rec/Br	Drop	Drop%
Julio Jones	ATL	8	6	82	4	58	9.7	24	4.0	0		2	25.0
Calvin Ridley	ATL	7	5	42	2	27	5.4	15	3.0	0		1	14.3
Justin Hardy	ATL	3	3	29	3	20	6.7	9	3.0	0		0	0.0
Mohamed Sanu	ATL	6	3	30	1	14	4.7	16	5.3	0		2	33.3
Russell Gage	ATL	4	2	33	2	31	15.5	2	1.0	0		1	25.0
Ito Smith	ATL	3	2	5	1	-7	-3.5	12	6.0	1	2.0	0	0.0
Marvin Hall	ATL	3	1	10	1	1	1.0	9	9.0	0		0	0.0
Austin Hooper	ATL	1	0	0		0		0		0		1	100.0
Tevin Coleman	ATL	1	0	0	0	0		0		0		0	0.0"
advanced_defense
"Patrick Peterson	ARI	0	6	5	83.3%	78	15.6	13.0	1	158.3	13.2	59	19	0	0	0	0.0	0	3	0	0.0%
Haason Reddick	ARI	0	5	4	80.0%	54	13.5	10.8	0	111.7	5.6	25	29	3	0	0	1.0	1	5	0	0.0%
Tre Boston	ARI	0	6	4	66.7%	38	9.5	6.3	1	123.6	9.3	34	4	0	0	0	0.0	0	7	0	0.0%
Budda Baker	ARI	0	5	3	60.0%	20	6.7	4.0	0	68.7	2.2	0	20	6	0	0	0.0	0	3	0	0.0%
Gerald Hodges	ARI	0	3	3	100.0%	26	8.7	8.7	0	102.8	5.0	15	11	1	0	0	0.0	0	5	2	28.6%
Brandon Williams	ARI	0	5	2	40.0%	15	7.5	3.0	0	47.9	12.0	13	2	0	0	0	0.0	0	3	1	25.0%
Antoine Bethea	ARI	0	2	1	50.0%	5	5.0	2.5	0	56.2	4.0	5	0	1	0	1	0.0	1	5	3	37.5%
David Amerson	ARI	0	1	1	100.0%	9	9.0	9.0	0	104.2	9.0	9	0	0	0	0	0.0	0	1	0	0.0%
Markus Golden	ARI	0	0	0										0	1	0	1.0	2	2	0	0.0%
Chandler Jones	ARI	0	0	0										0	1	0	0.0	1	2	0	0.0%
Deone Bucannon	ARI	0	2	0	0.0%					39.6	1.0			0	0	0	0.0	0	3	1	25.0%
Benson Mayowa	ARI	0	1	0	0.0%					39.6	1.0			0	0	0	0.0	0	2	0	0.0%
Player	Tm	Int	Tgt	Cmp	Cmp%	Yds	Yds/Cmp	Yds/Tgt	TD	Rat	DADOT	Air	YAC	Bltz	Hrry	QBKD	Sk	Prss	Comb	MTkl	MTkl%
Foyesade Oluokun	ATL	0	7	5	71.4%	45	9.0	6.4	0	88.4	11.1	28	17	2	1	0	0.0	1	5	3	37.5%
Brian Poole	ATL	1	5	4	80.0%	62	15.5	12.4	0	78.7	8.0	23	39	2	0	0	1.0	1	6	1	14.3%
Deion Jones	ATL	1	7	4	57.1%	67	16.8	9.6	0	50.0	5.9	33	34	0	0	0	0.0	0	4	3	42.9%
Desmond Trufant	ATL	0	3	3	100.0%	20	6.7	6.7	1	134.0	3.0	9	11	0	0	0	0.0	0	3	1	25.0%
Sharrod Neasman	ATL	0	4	3	75.0%	3	1.0	0.8	0	77.1	2.3	-2	5	0	0	0	0.0	0	6	0	0.0%
Duke Riley	ATL	0	3	2	66.7%	20	10.0	6.7	0	85.4	3.0	2	18	0	0	0	0.0	0	2	2	50.0%
De'Vondre Campbell	ATL	0	2	1	50.0%	13	13.0	6.5	0	70.8	-2.5	-3	16	1	0	0	0.5	1	3	0	0.0%
Bruce Irvin	ATL	0	0	0										0	0	1	1.5	3	3	0	0.0%
Vic Beasley	ATL	0	0	0										2	1	0	1.0	2	3	1	25.0%
Steven Means	ATL	0	0	0										0	1	0	1.0	2	3	0	0.0%
Grady Jarrett	ATL	0	0	0										0	0	0	2.0	2	7	0	0.0%
Jack Crawford	ATL	0	0	0										0	1	0	0.0	1	4	0	0.0%
Takkarist McKinley	ATL	0	0	0										0	1	0	0.0	1	2	0	0.0%
Robert Alford	ATL	0	2	0	0.0%					39.6	5.0			0	0	0	0.0	0	1	1	50.0%"
