advanced_rushing = document.querySelectorAll("#rushing_advanced > tbody")[0].innerText;
advanced_receiving = document.querySelectorAll("#receiving_advanced > tbody")[0].innerText;
advanced_defense = document.querySelectorAll("#defense_advanced > tbody")[0].innerText;
advanced_passing = document.querySelectorAll("#passing_advanced > tbody")[0].innerText;
"Matthew Stafford	DET	22	29	208	7	24.1	197	6.8	144	6.5	5.0	64	2.9	0	0.0%	3	10.7%	0	16	3	4	0	
Player	Tm	Cmp	Att	Yds	1D	1D%	IAY	IAY/PA	CAY	CAY/Cmp	CAY/PA	YAC	YAC/Cmp	Drops	Drop%	BadTh	Bad%	Sk	Bltz	Hrry	Hits	Scrm	Yds/Scr
Josh Allen	BUF	13	26	204	9	33.3	413	15.9	148	11.4	5.7	56	4.3	0	0.0%	6	26.1%	1	9	6	1	1	3.0"
advanced_rushing
"Zach Zenner	DET	10	45	4	13	1.3	32	3.2	0	
Theo Riddick	DET	8	47	3	27	3.4	20	2.5	1	8.0
LeGarrette Blount	DET	7	9		-5	-0.7	14	2.0	1	7.0
Brandon Powell	DET	1	4		2	2.0	2	2.0	0	
Player	Tm	Att	Yds	1D	YBC	YBC/Att	YAC	YAC/Att	BrkTkl	Att/Br
Keith Ford	BUF	14	46	3	35	2.5	11	0.8	0	
Marcus Murphy	BUF	11	35	1	13	1.2	22	2.0	7	1.6
Josh Allen	BUF	9	16	4	13	1.4	3	0.3	0	
Patrick DiMarco	BUF	1	9	1	6	6.0	3	3.0	0	
Ray-Ray McCloud	BUF	1	7		4	4.0	3	3.0	0	
Isaiah McKenzie	BUF	1	4	0	4	4.0	0	0.0	0	"
advanced_receiving
"Kenny Golladay	DET	8	7	146	5	128	18.3	18	2.6	0		0	0.0
Levine Toilolo	DET	4	4	28	1	24	6.0	4	1.0	0		0	0.0
Brandon Powell	DET	3	3	11		-9	-3.0	20	6.7	0		0	0.0
Zach Zenner	DET	4	3	0	0	-5	-1.7	5	1.7	0		0	0.0
Andy Jones	DET	2	2	9	1	6	3.0	3	1.5	0		0	0.0
Theo Riddick	DET	3	2	9	0	-3	-1.5	12	6.0	0		0	0.0
T.J. Jones	DET	3	1	5		3	3.0	2	2.0	1	1.0	0	0.0
LeGarrette Blount	DET	1	0	0		0		0		0		0	0.0
Player	Tm	Tgt	Rec	Yds	1D	YBC	YBC/R	YAC	YAC/R	BrkTkl	Rec/Br	Drop	Drop%
Isaiah McKenzie	BUF	7	6	53	4	32	5.3	21	3.5	0		0	0.0
Robert Foster	BUF	5	4	108	4	82	20.5	26	6.5	0		0	0.0
Jason Croom	BUF	1	1	25	1	22	22.0	3	3.0	0		0	0.0
Keith Ford	BUF	1	1	7	0	2	2.0	5	5.0	0		0	0.0
Zay Jones	BUF	6	1	11		10	10.0	1	1.0	0		0	0.0
Charles Clay	BUF	1	0	0		0		0		0		0	0.0
Deonte Thompson	BUF	2	0	0		0		0		0		0	0.0"
advanced_defense
"Mike Ford	DET	0	5	4	80.0%	84	21.0	16.8	1	158.3	20.0	59	25	0	0	0	0.0	0	3	0	0.0%
Nevin Lawson	DET	0	4	3	75.0%	46	15.3	11.5	0	112.5	8.8	27	19	1	0	0	0.0	0	4	1	20.0%
Christian Jones	DET	0	2	2	100.0%	14	7.0	7.0	0	95.8	3.0	6	8	3	0	1	0.0	1	8	0	0.0%
Quandre Diggs	DET	0	2	2	100.0%	27	13.5	13.5	0	118.7	13.0	26	1	0	0	0	0.0	0	4	0	0.0%
Darius Slay	DET	0	7	1	14.3%	11	11.0	1.6	0	39.6	27.1	10	1	0	0	0	0.0	0	1	0	0.0%
Glover Quin	DET	0	3	1	33.3%	25	25.0	8.3	0	64.6	17.7	22	3	1	0	0	0.0	0	5	1	16.7%
Jarrad Davis	DET	0	1	1	100.0%	4	4.0	4.0	0	83.3	2.0	2	2	5	0	0	0.0	0	9	1	10.0%
Devon Kennard	DET	0	1	0	0.0%					39.6	5.0			2	2	0	1.0	3	4	0	0.0%
Romeo Okwara	DET	0	0	0										0	2	0	0.0	2	5	0	0.0%
A'Shawn Robinson	DET	0	0	0										0	1	0	0.0	1	4	1	20.0%
Ricky Jean-Francois	DET	0	0	0										0	1	0	0.0	1	4	0	0.0%
Tracy Walker	DET	0	2	0	0.0%					39.6	36.5			0	0	0	0.0	0	3	0	0.0%
Player	Tm	Int	Tgt	Cmp	Cmp%	Yds	Yds/Cmp	Yds/Tgt	TD	Rat	DADOT	Air	YAC	Bltz	Hrry	QBKD	Sk	Prss	Comb	MTkl	MTkl%
Tre'Davious White	BUF	0	5	5	100.0%	87	17.4	17.4	0	118.7	15.0	75	12	0	0	0	0.0	0	6	1	14.3%
Tremaine Edmunds	BUF	0	5	4	80.0%	15	3.8	3.0	0	79.2	1.0	3	12	8	1	0	0.0	1	8	0	0.0%
Jordan Poyer	BUF	0	4	4	100.0%	45	11.3	11.3	0	113.5	8.8	35	10	4	0	0	0.0	0	11	0	0.0%
Levi Wallace	BUF	0	3	3	100.0%	31	10.3	10.3	1	149.3	9.0	27	4	0	0	0	0.0	0	6	0	0.0%
Rafael Bush	BUF	0	3	3	100.0%	26	8.7	8.7	0	102.8	2.7	8	18	4	0	0	0.0	0	3	0	0.0%
Lorenzo Alexander	BUF	0	5	2	40.0%	-1	-0.5	-0.2	0	47.9	2.0	-10	9	6	0	2	0.0	2	6	0	0.0%
Corey Thompson	BUF	0	2	2	100.0%	8	4.0	4.0	0	83.3	3.5	7	1	1	0	0	0.0	0	4	0	0.0%
Micah Hyde	BUF	0	3	2	66.7%	29	14.5	9.7	0	97.9	17.0	26	3	3	0	0	0.0	0	5	0	0.0%
Trent Murphy	BUF	0	1	1	100.0%	5	5.0	5.0	0	87.5	3.0	3	2	0	0	0	0.0	0	2	1	33.3%
Shaq Lawson	BUF	0	0	0										0	1	2	0.0	3	3	0	0.0%
Kyle Williams	BUF	0	0	0										0	0	0	0.0	0	2	1	33.3%
Julian Stanford	BUF	0	1	0	0.0%					39.6	4.0			0	0	0	0.0	0	1	0	0.0%"
