advanced_rushing = document.querySelectorAll("#rushing_advanced > tbody")[0].innerText;
advanced_receiving = document.querySelectorAll("#receiving_advanced > tbody")[0].innerText;
advanced_defense = document.querySelectorAll("#defense_advanced > tbody")[0].innerText;
advanced_passing = document.querySelectorAll("#passing_advanced > tbody")[0].innerText;
"Drew Brees	NOR	23	35	203	8	21.6	214	6.1	106	4.6	3.0	97	4.2	3	8.8%	0	0.0%	2	8	6	1	0	
Player	Tm	Cmp	Att	Yds	1D	1D%	IAY	IAY/PA	CAY	CAY/Cmp	CAY/PA	YAC	YAC/Cmp	Drops	Drop%	BadTh	Bad%	Sk	Bltz	Hrry	Hits	Scrm	Yds/Scr
Cam Newton	CAR	16	29	131	6	18.2	155	5.3	65	4.1	2.2	66	4.1	3	10.7%	4	14.3%	4	12	8	0	2	5.0
Christian McCaffrey	CAR	1	1	50	1	100.0	13	13.0	13	13.0	13.0	37	37.0	0	0.0%	0	0.0%	0	1	0	0	0	"
advanced_rushing
"Alvin Kamara	NOR	14	67	5	41	2.9	26	1.9	1	14.0
Mark Ingram	NOR	12	63	3	27	2.3	36	3.0	3	4.0
Drew Brees	NOR	2	-2	0	-2	-1.0	0	0.0	0	
Zach Line	NOR	2	6	2	3	1.5	3	1.5	0	
Taysom Hill	NOR	1	17	1	7	7.0	10	10.0	1	1.0
Tommylee Lewis	NOR	1	4		-2	-2.0	6	6.0	0	
Player	Tm	Att	Yds	1D	YBC	YBC/Att	YAC	YAC/Att	BrkTkl	Att/Br
Christian McCaffrey	CAR	15	53	2	27	1.8	26	1.7	2	7.5
Cam Newton	CAR	5	15	3	-2	-0.4	17	3.4	1	5.0
Curtis Samuel	CAR	2	8	0	6	3.0	2	1.0	0	
D.J. Moore	CAR	1	22		4	4.0	18	18.0	1	1.0"
advanced_receiving
"Alvin Kamara	NOR	9	7	36	0	-1	-0.1	37	5.3	0		0	0.0
Michael Thomas	NOR	9	7	49	2	30	4.3	19	2.7	0		0	0.0
Josh Hill	NOR	3	2	24	2	-4	-2.0	28	14.0	1	2.0	0	0.0
Mark Ingram	NOR	2	2	11	0	4	2.0	7	3.5	0		0	0.0
Keith Kirkwood	NOR	2	2	40	2	39	19.5	1	0.5	0		0	0.0
Tre'Quan Smith	NOR	4	2	15	1	11	5.5	4	2.0	0		1	25.0
Ben Watson	NOR	2	1	28	1	27	27.0	1	1.0	1	1.0	0	0.0
Dan Arnold	NOR	2	0	0		0		0		0		1	50.0
Taysom Hill	NOR	1	0	0	0	0		0		0		1	100.0
Player	Tm	Tgt	Rec	Yds	1D	YBC	YBC/R	YAC	YAC/R	BrkTkl	Rec/Br	Drop	Drop%
Christian McCaffrey	CAR	11	8	67	3	23	2.9	44	5.5	1	8.0	1	9.1
Jarius Wright	CAR	4	3	21	1	14	4.7	7	2.3	0		0	0.0
D.J. Moore	CAR	3	2	12		8	4.0	4	2.0	2	1.0	0	0.0
Ian Thomas	CAR	4	2	14	1	3	1.5	11	5.5	2	1.0	2	50.0
Chris Manhertz	CAR	2	1	50	1	13	13.0	37	37.0	0		0	0.0
Curtis Samuel	CAR	4	1	17	1	17	17.0	0	0.0	0		0	0.0
Devin Funchess	CAR	1	0	0		0		0		0		0	0.0"
advanced_defense
"Demario Davis	NOR	0	7	4	57.1%	34	8.5	4.9	0	69.9	4.6	16	18	9	1	0	1.0	2	8	2	20.0%
Alex Anzalone	NOR	0	3	2	66.7%	3	1.5	1.0	0	70.1	3.0	2	1	4	1	0	0.0	1	4	0	0.0%
Eli Apple	NOR	1	7	2	28.6%	12	6.0	1.7	0	0.0	8.9	9	3	0	0	0	0.0	0	3	1	25.0%
P.J. Williams	NOR	0	2	2	100.0%	14	7.0	7.0	0	95.8	3.5	7	7	0	0	0	0.0	0	5	1	16.7%
Marshon Lattimore	NOR	0	2	2	100.0%	25	12.5	12.5	0	118.7	9.0	18	7	1	0	0	0.0	0	2	1	33.3%
Vonn Bell	NOR	0	3	1	33.3%	7	7.0	2.3	0	42.4	6.0	7	0	4	1	0	1.0	2	7	1	12.5%
Cameron Jordan	NOR	0	2	1	50.0%	5	5.0	2.5	0	56.2	3.0	2	3	0	2	0	0.0	2	5	1	16.7%
Marcus Williams	NOR	0	1	1	100.0%	17	17.0	17.0	0	118.7	17.0	17	0	0	0	0	0.0	0	5	0	0.0%
Sheldon Rankins	NOR	0	1	1	100.0%	7	7.0	7.0	0	95.8	5.0	5	2	0	0	0	0.0	0	3	0	0.0%
Alex Okafor	NOR	0	0	0										1	1	0	1.0	2	4	1	20.0%
David Onyemata	NOR	0	0	0										0	1	0	1.0	2	2	0	0.0%
Marcus Davenport	NOR	0	0	0										0	1	0	0.0	1	2	0	0.0%
A.J. Klein	NOR	0	1	0	0.0%					39.6	9.0			3	0	0	0.0	0	4	1	20.0%
Kurt Coleman	NOR	0	0	0										1	0	0	0.0	0	1	0	0.0%
Player	Tm	Int	Tgt	Cmp	Cmp%	Yds	Yds/Cmp	Yds/Tgt	TD	Rat	DADOT	Air	YAC	Bltz	Hrry	QBKD	Sk	Prss	Comb	MTkl	MTkl%
Thomas Davis	CAR	0	8	6	75.0%	57	9.5	7.1	0	94.3	6.4	34	23	2	0	0	0.0	0	12	3	20.0%
Luke Kuechly	CAR	0	6	5	83.3%	43	8.6	7.2	0	96.5	-0.8	-5	48	1	0	0	0.0	0	13	0	0.0%
Captain Munnerlyn	CAR	0	4	2	50.0%	15	7.5	3.8	0	59.4	10.0	11	4	2	1	0	1.0	2	3	0	0.0%
Shaq Thompson	CAR	0	2	2	100.0%	20	10.0	10.0	0	108.3	5.5	11	9	2	1	0	0.5	2	7	1	12.5%
Eric Reid	CAR	0	4	2	50.0%	29	14.5	7.3	0	74.0	11.5	29	0	0	0	0	0.0	0	7	2	22.2%
Mike Adams	CAR	0	2	2	100.0%	28	14.0	14.0	0	118.7	13.0	26	2	0	0	0	0.0	0	6	0	0.0%
Mario Addison	CAR	0	1	1	100.0%	-5	-5.0	-5.0	0	79.2	-6.0	-6	1	0	1	0	0.0	1	2	0	0.0%
James Bradberry	CAR	1	3	1	33.3%	9	9.0	3.0	0	2.8	6.0	6	3	0	0	0	0.0	0	3	0	0.0%
Donte Jackson	CAR	0	4	1	25.0%	-3	-3.0	-0.8	0	39.6	8.8	-3	0	0	0	0	0.0	0	3	3	50.0%
Julius Peppers	CAR	0	0	0										0	1	1	0.0	2	0	0	
Vernon Butler	CAR	0	0	0										0	1	0	0.5	2	2	0	0.0%
Kawann Short	CAR	0	0	0										0	1	0	0.0	1	4	0	0.0%"
