advanced_rushing = document.querySelectorAll("#rushing_advanced > tbody")[0].innerText;
advanced_receiving = document.querySelectorAll("#receiving_advanced > tbody")[0].innerText;
advanced_defense = document.querySelectorAll("#defense_advanced > tbody")[0].innerText;
advanced_passing = document.querySelectorAll("#passing_advanced > tbody")[0].innerText;
"Aaron Rodgers	GNB	25	42	274	15	31.9	461	11.0	132	5.3	3.1	142	5.7	1	2.5%	6	15.0%	5	10	11	2	3	8.3
Player	Tm	Cmp	Att	Yds	1D	1D%	IAY	IAY/PA	CAY	CAY/Cmp	CAY/PA	YAC	YAC/Cmp	Drops	Drop%	BadTh	Bad%	Sk	Bltz	Hrry	Hits	Scrm	Yds/Scr
Mitchell Trubisky	CHI	20	28	235	11	37.9	198	7.1	113	5.7	4.0	122	6.1	2	7.4%	3	11.1%	1	6	5	0	2	8.5"
advanced_rushing
"Jamaal Williams	GNB	12	55	3	36	3.0	19	1.6	0	
Aaron Jones	GNB	4	8		2	0.5	6	1.5	0	
Aaron Rodgers	GNB	3	25	1	25	8.3	0	0.0	0	
Player	Tm	Att	Yds	1D	YBC	YBC/Att	YAC	YAC/Att	BrkTkl	Att/Br
Jordan Howard	CHI	19	60	4	26	1.4	34	1.8	2	9.5
Tarik Cohen	CHI	5	24	1	16	3.2	8	1.6	0	
Mitchell Trubisky	CHI	3	16	1	16	5.3	0	0.0	0	
Benny Cunningham	CHI	1	-1		-1	-1.0	0	0.0	0	
Taquan Mizzell	CHI	1	1		-1	-1.0	2	2.0	0	"
advanced_receiving
"Davante Adams	GNB	13	8	119	6	75	9.4	44	5.5	1	8.0	0	0.0
Lance Kendricks	GNB	4	4	27	2	7	1.8	20	5.0	0		0	0.0
Jamaal Williams	GNB	5	4	42	2	-2	-0.5	44	11.0	1	4.0	0	0.0
Randall Cobb	GNB	7	3	30	2	23	7.7	7	2.3	0		1	14.3
Jimmy Graham	GNB	4	3	32	3	16	5.3	16	5.3	0		0	0.0
Jake Kumerow	GNB	2	1	5		6	6.0	-1	-1.0	0		0	0.0
Equanimeous St. Brown	GNB	3	1	7		0	0.0	7	7.0	0		0	0.0
Marquez Valdes-Scantling	GNB	2	1	12		7	7.0	5	5.0	0		0	0.0
Player	Tm	Tgt	Rec	Yds	1D	YBC	YBC/R	YAC	YAC/R	BrkTkl	Rec/Br	Drop	Drop%
Tarik Cohen	CHI	6	5	31	2	6	1.2	25	5.0	2	2.5	0	0.0
Trey Burton	CHI	7	4	36	1	26	6.5	10	2.5	0		1	14.3
Taylor Gabriel	CHI	3	3	33	2	22	7.3	11	3.7	0		0	0.0
Allen Robinson	CHI	7	3	54	2	19	6.3	35	11.7	2	1.5	1	14.3
Adam Shaheen	CHI	2	2	39	2	26	13.0	13	6.5	0		0	0.0
Josh Bellamy	CHI	1	1	18	1	15	15.0	3	3.0	0		0	0.0
Jordan Howard	CHI	1	1	15	1	2	2.0	13	13.0	1	1.0	0	0.0
Taquan Mizzell	CHI	1	1	9		-3	-3.0	12	12.0	0		0	0.0"
advanced_defense
"Jaire Alexander	GNB	0	7	5	71.4%	70	14.0	10.0	0	103.3	7.0	26	44	0	0	0	0.0	0	3	1	25.0%
Josh Jackson	GNB	0	3	3	100.0%	35	11.7	11.7	0	115.3	3.7	11	24	1	0	0	0.0	0	5	1	16.7%
Blake Martinez	GNB	0	3	3	100.0%	33	11.0	11.0	0	112.5	7.7	23	10	3	0	0	0.0	0	7	0	0.0%
Eddie Pleasant	GNB	0	2	2	100.0%	11	5.5	5.5	0	89.6	-1.0	-2	13	3	2	0	0.0	2	2	1	33.3%
Kentrell Brice	GNB	0	3	2	66.7%	21	10.5	7.0	1	126.4	7.7	8	13	0	0	0	0.0	0	2	1	33.3%
Tony Brown	GNB	0	3	2	66.7%	30	15.0	10.0	0	99.3	12.3	22	8	0	0	0	0.0	0	3	0	0.0%
Josh Jones	GNB	0	4	2	50.0%	26	13.0	6.5	1	110.4	10.8	18	8	2	0	0	0.0	0	6	0	0.0%
Tramon Williams	GNB	0	2	1	50.0%	9	9.0	4.5	0	62.5	4.5	7	2	1	0	0	0.0	0	4	0	0.0%
Kyler Fackrell	GNB	0	0	0										0	2	0	0.5	3	4	1	20.0%
Montravius Adams	GNB	0	0	0										0	0	0	0.5	1	3	0	0.0%
Bashaud Breeland	GNB	0	1	0	0.0%					39.6	5.0			1	1	0	0.0	1	1	2	66.7%
Clay Matthews	GNB	0	0	0										0	1	0	0.0	1	3	0	0.0%
Player	Tm	Int	Tgt	Cmp	Cmp%	Yds	Yds/Cmp	Yds/Tgt	TD	Rat	DADOT	Air	YAC	Bltz	Hrry	QBKD	Sk	Prss	Comb	MTkl	MTkl%
Roquan Smith	CHI	0	8	6	75.0%	87	14.5	10.9	0	109.9	6.4	40	47	4	1	0	0.0	1	10	0	0.0%
Prince Amukamara	CHI	0	6	5	83.3%	80	16.0	13.3	0	118.7	13.5	60	20	0	0	0	0.0	0	4	0	0.0%
Kyle Fuller	CHI	0	8	4	50.0%	40	10.0	5.0	0	64.6	12.9	15	25	0	0	0	0.0	0	2	1	33.3%
Sherrick McManis	CHI	0	8	3	37.5%	17	5.7	2.1	0	45.8	14.9	1	16	2	0	1	0.0	1	2	0	0.0%
Eddie Jackson	CHI	1	6	3	50.0%	34	11.3	5.7	0	27.8	24.0	20	14	0	0	0	0.0	0	6	1	14.3%
Danny Trevathan	CHI	0	3	2	66.7%	16	8.0	5.3	0	79.9	2.0	6	10	1	0	0	0.0	0	4	0	0.0%
Leonard Floyd	CHI	0	1	1	100.0%	6	6.0	6.0	0	91.7	2.0	2	4	0	3	0	2.0	5	6	0	0.0%
Deon Bush	CHI	0	2	1	50.0%	8	8.0	4.0	0	60.4	7.0	5	3	0	0	0	0.0	0	1	0	0.0%
Adrian Amos	CHI	0	1	1	100.0%	2	2.0	2.0	0	79.2	0.0	0	2	0	0	0	0.0	0	5	1	16.7%
Khalil Mack	CHI	0	0	0										0	6	0	2.5	9	6	0	0.0%
Akiem Hicks	CHI	0	0	0										0	1	0	0.0	1	3	0	0.0%
Isaiah Irving	CHI	0	0	0										0	0	1	0.0	1	0	0	
Bilal Nichols	CHI	0	0	0										0	0	0	0.5	1	1	0	0.0%"
