advanced_rushing = document.querySelectorAll("#rushing_advanced > tbody")[0].innerText;
advanced_receiving = document.querySelectorAll("#receiving_advanced > tbody")[0].innerText;
advanced_defense = document.querySelectorAll("#defense_advanced > tbody")[0].innerText;
advanced_passing = document.querySelectorAll("#passing_advanced > tbody")[0].innerText;
"Derek Carr	OAK	21	38	263	12	27.9	316	8.3	161	7.7	4.2	102	4.9	1	3.0%	6	18.2%	5	5	1	1	0	
Player	Tm	Cmp	Att	Yds	1D	1D%	IAY	IAY/PA	CAY	CAY/Cmp	CAY/PA	YAC	YAC/Cmp	Drops	Drop%	BadTh	Bad%	Sk	Bltz	Hrry	Hits	Scrm	Yds/Scr
Jeff Driskel	CIN	14	33	130	7	20.6	337	10.2	39	2.8	1.2	91	6.5	2	6.1%	14	42.4%	1	8	2	3	3	9.7"
advanced_rushing
"Doug Martin	OAK	9	39		21	2.3	18	2.0	1	9.0
Jalen Richard	OAK	4	9	0	5	1.3	4	1.0	0	
Seth Roberts	OAK	1	-2	0	-4	-4.0	2	2.0	0	
Darren Waller	OAK	1	21	1	16	16.0	5	5.0	0	
DeAndre Washington	OAK	1	1		-1	-1.0	2	2.0	0	
Player	Tm	Att	Yds	1D	YBC	YBC/Att	YAC	YAC/Att	BrkTkl	Att/Br
Joe Mixon	CIN	27	129	6	46	1.7	83	3.1	0	
Jeff Driskel	CIN	7	32	2	15	2.1	17	2.4	0	
Giovani Bernard	CIN	6	7	0	-1	-0.2	8	1.3	0	
John Ross	CIN	1	3		1	1.0	2	2.0	0	"
advanced_receiving
"Jordy Nelson	OAK	8	6	88	3	77	12.8	11	1.8	0		0	0.0
Jalen Richard	OAK	6	5	67	2	28	5.6	39	7.8	0		0	0.0
Seth Roberts	OAK	4	3	29	2	17	5.7	12	4.0	0		0	0.0
Jared Cook	OAK	5	2	23	2	17	8.5	6	3.0	0		0	0.0
Marcell Ateman	OAK	5	2	20	1	18	9.0	2	1.0	0		0	0.0
Darren Waller	OAK	1	1	44	1	3	3.0	41	41.0	1	1.0	0	0.0
Lee Smith	OAK	1	1	1	1	1	1.0	0	0.0	0		0	0.0
Derek Carr	OAK	1	1	-9	0	0	0.0	-9	-9.0	0		0	0.0
Doug Martin	OAK	1	0	0		0		0		0		1	100.0
Player	Tm	Tgt	Rec	Yds	1D	YBC	YBC/R	YAC	YAC/R	BrkTkl	Rec/Br	Drop	Drop%
Tyler Boyd	CIN	5	4	38	3	26	6.5	12	3.0	0		0	0.0
Alex Erickson	CIN	5	3	23	1	0	0.0	23	7.7	0		0	0.0
Joe Mixon	CIN	4	2	1	0	-6	-3.0	7	3.5	0		0	0.0
Giovani Bernard	CIN	2	2	25	1	0	0.0	25	12.5	1	2.0	0	0.0
John Ross	CIN	5	1	6		0	0.0	6	6.0	0		2	40.0
Cody Core	CIN	4	1	10	1	5	5.0	5	5.0	0		0	0.0
C.J. Uzomah	CIN	5	1	27	1	14	14.0	13	13.0	0		0	0.0
Matt Lengel	CIN	2	0	0		0		0		0		0	0.0
Sam Hubbard	CIN	1	0	0		0		0		0		0	0.0"
advanced_defense
"Tahir Whitehead	OAK	0	6	4	66.7%	46	11.5	7.7	0	89.6	6.7	8	38	4	0	0	0.0	0	4	0	0.0%
Gareon Conley	OAK	0	4	3	75.0%	20	6.7	5.0	1	125.0	14.3	11	9	0	0	0	0.0	0	2	0	0.0%
Erik Harris	OAK	1	6	2	33.3%	30	15.0	5.0	0	11.1	18.8	14	16	0	0	0	0.0	0	3	0	0.0%
Nicholas Morrow	OAK	0	3	2	66.7%	25	12.5	8.3	0	92.4	0.7	0	25	1	0	0	0.0	0	6	1	14.3%
Daryl Worley	OAK	0	5	2	40.0%	14	7.0	2.8	0	47.9	11.6	8	6	0	0	0	0.0	0	4	0	0.0%
P.J. Hall	OAK	0	1	1	100.0%	1	1.0	1.0	0	79.2	-3.0	-3	4	0	1	1	0.0	2	5	0	0.0%
Rashaan Melvin	OAK	0	5	1	20.0%	21	21.0	4.2	0	44.6	16.2	15	6	0	0	0	0.0	0	3	0	0.0%
Arden Key	OAK	0	1	0	0.0%					39.6	15.0			0	1	0	0.0	1	3	0	0.0%
Karl Joseph	OAK	0	2	0	0.0%					39.6	10.0			3	0	0	1.0	1	7	0	0.0%
Johnathan Hankins	OAK	0	0	0										0	0	1	0.0	1	3	0	0.0%
Marquel Lee	OAK	0	0	0										2	1	0	0.0	1	7	1	12.5%
Jason Cabinda	OAK	0	1	0	0.0%					39.6	9.0			2	0	1	0.0	1	4	0	0.0%
Frostee Rucker	OAK	0	1	0	0.0%					39.6	20.0			0	0	0	0.0	0	3	1	25.0%
Nick Nelson	OAK	0	1	0	0.0%					39.6	13.0			0	0	0	0.0	0	3	0	0.0%
Player	Tm	Int	Tgt	Cmp	Cmp%	Yds	Yds/Cmp	Yds/Tgt	TD	Rat	DADOT	Air	YAC	Bltz	Hrry	QBKD	Sk	Prss	Comb	MTkl	MTkl%
Darqueze Dennard	CIN	0	6	5	83.3%	45	9.0	7.5	0	97.9	9.8	35	10	0	0	0	0.0	0	8	0	0.0%
Shawn Williams	CIN	0	6	3	50.0%	67	22.3	11.2	0	90.3	17.3	58	9	0	0	0	0.0	0	6	0	0.0%
Hardy Nickerson	CIN	0	5	3	60.0%	46	15.3	9.2	0	90.4	5.4	19	27	1	0	0	0.0	0	4	0	0.0%
Dre Kirkpatrick	CIN	0	5	3	60.0%	40	13.3	8.0	0	85.4	8.8	30	10	0	0	0	0.0	0	3	0	0.0%
Nick Vigil	CIN	0	4	3	75.0%	52	17.3	13.0	1	156.2	2.0	8	44	3	0	0	0.0	0	5	1	16.7%
Jessie Bates	CIN	0	3	2	66.7%	20	10.0	6.7	0	85.4	12.3	11	9	0	0	0	0.0	0	5	1	16.7%
Brandon Wilson	CIN	0	1	1	100.0%	13	13.0	13.0	0	118.7	5.0	5	8	0	0	0	0.0	0	2	0	0.0%
Geno Atkins	CIN	0	0	0										0	0	0	3.0	3	6	0	0.0%
Carlos Dunlap	CIN	0	0	0										0	1	1	0.0	2	1	0	0.0%
Sam Hubbard	CIN	0	0	0										0	0	0	2.0	2	2	0	0.0%
Michael Johnson	CIN	0	0	0										0	0	0	0.0	0	1	1	50.0%
Vincent Rey	CIN	0	1	0	0.0%					39.6	19.0			0	0	0	0.0	0	1	0	0.0%
William Jackson	CIN	0	2	0	0.0%					39.6	9.0			1	0	0	0.0	0	2	0	0.0%"
