advanced_rushing = document.querySelectorAll("#rushing_advanced > tbody")[0].innerText;
advanced_receiving = document.querySelectorAll("#receiving_advanced > tbody")[0].innerText;
advanced_defense = document.querySelectorAll("#defense_advanced > tbody")[0].innerText;
advanced_passing = document.querySelectorAll("#passing_advanced > tbody")[0].innerText;
"Dak Prescott	DAL	24	39	206	12	28.6	265	6.8	92	3.8	2.4	114	4.8	2	5.3%	8	21.1%	3	18	3	2	0	
Player	Tm	Cmp	Att	Yds	1D	1D%	IAY	IAY/PA	CAY	CAY/Cmp	CAY/PA	YAC	YAC/Cmp	Drops	Drop%	BadTh	Bad%	Sk	Bltz	Hrry	Hits	Scrm	Yds/Scr
Andrew Luck	IND	16	27	192	11	40.7	223	8.3	99	6.2	3.7	93	5.8	2	7.7%	4	15.4%	0	6	2	3	3	7.7"
advanced_rushing
"Ezekiel Elliott	DAL	18	87	4	69	3.8	18	1.0	1	18.0
Rod Smith	DAL	3	14	1	6	2.0	8	2.7	1	3.0
Amari Cooper	DAL	1	11	1	8	8.0	3	3.0	0	
Player	Tm	Att	Yds	1D	YBC	YBC/Att	YAC	YAC/Att	BrkTkl	Att/Br
Marlon Mack	IND	27	139	10	73	2.7	66	2.4	4	6.8
Nyheim Hines	IND	6	19	0	10	1.7	9	1.5	1	6.0
Andrew Luck	IND	6	20	1	20	3.3	0	0.0	0	"
advanced_receiving
"Ezekiel Elliott	DAL	8	7	41	4	-5	-0.7	46	6.6	1	7.0	0	0.0
Cole Beasley	DAL	7	4	42	2	14	3.5	28	7.0	1	4.0	0	0.0
Amari Cooper	DAL	7	4	32	2	24	6.0	8	2.0	0		0	0.0
Blake Jarwin	DAL	7	4	45	2	37	9.3	8	2.0	1	4.0	1	14.3
Dalton Schultz	DAL	4	3	23	1	12	4.0	11	3.7	0		0	0.0
Noah Brown	DAL	2	1	14	1	11	11.0	3	3.0	0		0	0.0
Allen Hurns	DAL	2	1	9		-1	-1.0	10	10.0	0		0	0.0
Jamize Olawale	DAL	1	0	0		0		0		0		1	100.0
Player	Tm	Tgt	Rec	Yds	1D	YBC	YBC/R	YAC	YAC/R	BrkTkl	Rec/Br	Drop	Drop%
T.Y. Hilton	IND	8	5	85	4	77	15.4	8	1.6	0		1	12.5
Nyheim Hines	IND	6	4	45	2	16	4.0	29	7.3	1	4.0	0	0.0
Ryan Grant	IND	2	2	16	2	2	1.0	14	7.0	2	1.0	0	0.0
Marlon Mack	IND	1	1	10	1	0	0.0	10	10.0	0		0	0.0
Zach Pascal	IND	3	1	12		7	7.0	5	5.0	0		0	0.0
Chester Rogers	IND	1	1	10	1	-1	-1.0	11	11.0	0		0	0.0
Eric Ebron	IND	3	1	8	1	5	5.0	3	3.0	0		1	33.3
Jordan Wilkins	IND	1	1	6		-7	-7.0	13	13.0	0		0	0.0
Dontrelle Inman	IND	1	0	0		0		0		0		0	0.0"
advanced_defense
"Anthony Brown	DAL	0	4	2	50.0%	31	15.5	7.8	0	76.0	1.0	4	27	0	0	0	0.0	0	3	1	25.0%
Chidobe Awuzie	DAL	0	6	1	16.7%	57	57.0	9.5	0	66.7	16.5	53	4	1	1	0	0.0	1	3	1	25.0%
Damien Wilson	DAL	0	1	1	100.0%	6	6.0	6.0	0	91.7	-7.0	-7	13	0	0	0	0.0	0	4	1	20.0%
Xavier Woods	DAL	0	2	1	50.0%	15	15.0	7.5	0	75.0	2.5	5	10	0	0	0	0.0	0	5	1	16.7%
Byron Jones	DAL	0	3	1	33.3%	18	18.0	6.0	0	54.9	5.7	6	12	0	0	0	0.0	0	4	1	20.0%
DeMarcus Lawrence	DAL	0	1	0	0.0%					39.6	0.0			0	1	1	0.0	2	4	0	0.0%
Randy Gregory	DAL	0	0	0										0	0	1	0.0	1	1	0	0.0%
Antwaun Woods	DAL	0	0	0										0	0	1	0.0	1	0	1	100.0%
Leighton Vander Esch	DAL	0	4	0	0.0%	25		6.3	0	53.1	11.8	12	13	1	0	0	0.0	0	8	0	0.0%
Jeff Heath	DAL	0	3	0	0.0%	23		7.7	0	59.0	16.7	19	4	0	0	0	0.0	0	9	0	0.0%
Tyrone Crawford	DAL	0	0	0										0	0	0	0.0	0	4	1	20.0%
Jaylon Smith	DAL	0	2	0	0.0%	17		8.5	0	62.5	4.0	7	10	2	0	0	0.0	0	10	1	9.1%
Player	Tm	Int	Tgt	Cmp	Cmp%	Yds	Yds/Cmp	Yds/Tgt	TD	Rat	DADOT	Air	YAC	Bltz	Hrry	QBKD	Sk	Prss	Comb	MTkl	MTkl%
Darius Leonard	IND	0	9	2	22.2%	36	18.0	4.0	0	43.7	4.7	13	23	3	0	0	0.0	0	11	2	15.4%
George Odum	IND	1	4	2	50.0%	38	19.0	9.5	0	43.7	5.8	21	17	1	0	0	0.0	0	5	0	0.0%
Quincy Wilson	IND	0	5	2	40.0%	24	12.0	4.8	0	55.4	12.6	8	16	0	0	0	0.0	0	4	2	33.3%
Pierre Desir	IND	0	10	1	10.0%	43	43.0	4.3	0	45.0	10.3	24	19	1	0	0	0.0	0	7	0	0.0%
Nate Hairston	IND	0	1	1	100.0%	8	8.0	8.0	0	100.0	-3.0	-3	11	0	0	0	0.0	0	1	0	0.0%
Clayton Geathers	IND	0	3	1	33.3%	25	25.0	8.3	0	64.6	3.7	11	14	1	0	0	0.0	0	8	1	11.1%
Tyquan Lewis	IND	0	0	0										0	0	0	2.0	2	4	0	0.0%
Denico Autry	IND	0	0	0										0	1	0	1.0	2	1	0	0.0%
Matthew Adams	IND	0	1	0	0.0%	14		14.0	0	79.2	11.0	11	3	2	1	0	0.0	1	1	0	0.0%
Jabaal Sheard	IND	0	0	0										0	0	1	0.0	1	2	0	0.0%
Kenny Moore	IND	0	0	0										9	1	0	0.0	1	4	0	0.0%
Margus Hunt	IND	0	0	0										0	0	1	0.0	1	1	0	0.0%
Anthony Walker	IND	0	5	0	0.0%	18		3.6	0	42.1	4.0	7	11	3	0	0	0.0	0	6	0	0.0%"
