advanced_rushing = document.querySelectorAll("#rushing_advanced > tbody")[0].innerText;
advanced_receiving = document.querySelectorAll("#receiving_advanced > tbody")[0].innerText;
advanced_defense = document.querySelectorAll("#defense_advanced > tbody")[0].innerText;
advanced_passing = document.querySelectorAll("#passing_advanced > tbody")[0].innerText;
"Philip Rivers	LAC	26	38	313	18	41.9	324	8.5	200	7.7	5.3	113	4.3	1	2.6%	4	10.5%	5	6	8	6	0	
Player	Tm	Cmp	Att	Yds	1D	1D%	IAY	IAY/PA	CAY	CAY/Cmp	CAY/PA	YAC	YAC/Cmp	Drops	Drop%	BadTh	Bad%	Sk	Bltz	Hrry	Hits	Scrm	Yds/Scr
Patrick Mahomes	KAN	24	34	243	12	33.3	210	6.2	107	4.5	3.1	136	5.7	2	6.1%	4	12.1%	2	3	7	1	1	2.0"
advanced_rushing
"Justin Jackson	LAC	16	58	4	23	1.4	35	2.2	1	16.0
Detrez Newsome	LAC	6	34	2	16	2.7	18	3.0	1	6.0
Travis Benjamin	LAC	1	8	0	8	8.0	0	0.0	0	
Mike Williams	LAC	1	19	1	17	17.0	2	2.0	0	
Player	Tm	Att	Yds	1D	YBC	YBC/Att	YAC	YAC/Att	BrkTkl	Att/Br
Damien Williams	KAN	10	49	5	38	3.8	11	1.1	0	
Tyreek Hill	KAN	3	-5	0	-6	-2.0	1	0.3	0	
Patrick Mahomes	KAN	2	3	2	3	1.5	0	0.0	0	
Darrel Williams	KAN	2	13	0	5	2.5	8	4.0	1	2.0"
advanced_receiving
"Mike Williams	LAC	9	7	76	6	60	8.6	16	2.3	1	7.0	0	0.0
Tyrell Williams	LAC	12	6	71	4	54	9.0	17	2.8	0		0	0.0
Antonio Gates	LAC	5	4	54	3	33	8.3	21	5.3	0		0	0.0
Justin Jackson	LAC	4	3	27	1	-1	-0.3	28	9.3	0		0	0.0
Travis Benjamin	LAC	3	2	57	2	46	23.0	11	5.5	0		0	0.0
Virgil Green	LAC	3	2	9		8	4.0	1	0.5	0		1	33.3
Detrez Newsome	LAC	2	2	19	2	0	0.0	19	9.5	1	2.0	0	0.0
Player	Tm	Tgt	Rec	Yds	1D	YBC	YBC/R	YAC	YAC/R	BrkTkl	Rec/Br	Drop	Drop%
Travis Kelce	KAN	9	7	61	4	46	6.6	15	2.1	1	7.0	1	11.1
Damien Williams	KAN	6	6	74	4	-11	-1.8	85	14.2	0		0	0.0
Tyreek Hill	KAN	7	4	46	1	36	9.0	10	2.5	0		0	0.0
Chris Conley	KAN	3	2	19		16	8.0	3	1.5	0		1	33.3
Demarcus Robinson	KAN	3	2	7	1	7	3.5	0	0.0	0		0	0.0
Darrel Williams	KAN	2	2	19	1	-3	-1.5	22	11.0	0		0	0.0
Kelvin Benjamin	KAN	2	1	17	1	16	16.0	1	1.0	0		0	0.0
Demetrius Harris	KAN	2	0	0		0		0		0		0	0.0"
advanced_defense
"Adrian Phillips	LAC	0	10	7	70.0%	91	13.0	9.1	0	98.3	10.3	71	20	0	0	0	0.0	0	10	0	0.0%
Derwin James	LAC	0	5	5	100.0%	36	7.2	7.2	1	136.2	-0.8	-4	40	2	0	0	0.0	0	5	1	16.7%
Jatavis Brown	LAC	0	4	4	100.0%	36	9.0	9.0	0	104.2	7.0	28	8	1	1	0	0.0	1	8	1	11.1%
Michael Davis	LAC	0	9	4	44.4%	56	14.0	6.2	0	65.0	7.0	20	36	0	0	0	0.0	0	4	0	0.0%
Desmond King	LAC	0	5	4	80.0%	31	7.8	6.2	1	132.1	3.8	-3	34	1	0	0	0.0	0	5	0	0.0%
Jahleel Addae	LAC	0	5	2	40.0%	36	18.0	7.2	0	65.4	17.8	33	3	0	0	0	0.0	0	3	0	0.0%
Casey Hayward	LAC	0	3	1	33.3%	3	3.0	1.0	0	42.4	4.0	3	0	0	0	0	0.0	0	2	0	0.0%
Melvin Ingram	LAC	0	0	0										0	2	0	1.5	4	3	0	0.0%
Joey Bosa	LAC	0	0	0										0	2	1	0.0	3	1	0	0.0%
Isaac Rochell	LAC	0	0	0										0	2	0	0.5	3	2	0	0.0%
Uchenna Nwosu	LAC	0	0	0										0	1	0	0.0	1	1	1	50.0%
Player	Tm	Int	Tgt	Cmp	Cmp%	Yds	Yds/Cmp	Yds/Tgt	TD	Rat	DADOT	Air	YAC	Bltz	Hrry	QBKD	Sk	Prss	Comb	MTkl	MTkl%
Steven Nelson	KAN	1	13	6	46.2%	77	12.8	5.9	1	58.8	11.5	65	12	0	0	0	0.0	0	4	1	20.0%
Anthony Hitchens	KAN	0	5	5	100.0%	49	9.8	9.8	0	107.5	1.6	8	41	2	1	0	0.0	1	11	1	8.3%
Kendall Fuller	KAN	1	6	5	83.3%	93	18.6	15.5	0	79.2	11.5	58	35	0	0	0	0.0	0	2	3	60.0%
Eric Berry	KAN	0	5	4	80.0%	78	19.5	15.6	0	118.7	15.0	73	5	2	1	0	0.0	1	6	0	0.0%
Orlando Scandrick	KAN	0	5	4	80.0%	18	4.5	3.6	1	121.2	8.6	20	-2	0	0	0	0.0	0	3	0	0.0%
Ron Parker	KAN	0	3	3	100.0%	28	9.3	9.3	0	105.6	7.0	21	7	0	0	0	0.0	0	8	0	0.0%
Dorian O'Daniel	KAN	0	3	2	66.7%	17	8.5	5.7	0	81.2	4.0	2	15	2	0	0	0.0	0	4	2	33.3%
Eric Murray	KAN	0	2	1	50.0%	31	31.0	15.5	0	95.8	26.5	30	1	0	0	0	0.0	0	3	0	0.0%
Chris Jones	KAN	0	0	0										0	1	5	2.5	9	3	0	0.0%
Justin Houston	KAN	0	0	0										2	3	0	1.5	5	5	0	0.0%
Dee Ford	KAN	0	0	0										2	0	1	1.0	2	3	0	0.0%
Allen Bailey	KAN	0	0	0										0	2	0	0.0	2	3	0	0.0%
Derrick Nnadi	KAN	0	0	0										0	1	0	0.0	1	3	1	25.0%
Reggie Ragland	KAN	0	0	0										1	0	0	0.0	0	4	0	0.0%
Daniel Sorensen	KAN	0	1	0	0.0%					39.6	-6.0			0	0	0	0.0	0	3	0	0.0%"
