advanced_rushing = document.querySelectorAll("#rushing_advanced > tbody")[0].innerText;
advanced_receiving = document.querySelectorAll("#receiving_advanced > tbody")[0].innerText;
advanced_defense = document.querySelectorAll("#defense_advanced > tbody")[0].innerText;
advanced_passing = document.querySelectorAll("#passing_advanced > tbody")[0].innerText;
"Ryan Tannehill	MIA	11	24	108	6	18.2	231	9.6	38	3.5	1.6	70	6.4	1	4.3%	6	26.1%	9	16	3	2	1	1.0
Player	Tm	Cmp	Att	Yds	1D	1D%	IAY	IAY/PA	CAY	CAY/Cmp	CAY/PA	YAC	YAC/Cmp	Drops	Drop%	BadTh	Bad%	Sk	Bltz	Hrry	Hits	Scrm	Yds/Scr
Kirk Cousins	MIN	14	21	215	10	43.5	144	6.9	123	8.8	5.9	92	6.6	1	5.0%	2	10.0%	2	9	1	2	1	3.0"
advanced_rushing
"Kalen Ballage	MIA	12	123	4	103	8.6	20	1.7	0	
Frank Gore	MIA	5	14	1	6	1.2	8	1.6	0	
Brandon Bolden	MIA	1	12	1	12	12.0	0	0.0	0	
Kenyan Drake	MIA	1	6	0	2	2.0	4	4.0	0	
Ryan Tannehill	MIA	1	1	0	1	1.0	0	0.0	0	
Player	Tm	Att	Yds	1D	YBC	YBC/Att	YAC	YAC/Att	BrkTkl	Att/Br
Dalvin Cook	MIN	19	136	5	75	3.9	61	3.2	1	19.0
Latavius Murray	MIN	15	68	3	38	2.5	30	2.0	0	
Kirk Cousins	MIN	5	7	2	4	0.8	3	0.6	0	
Stefon Diggs	MIN	1	9	0	9	9.0	0	0.0	0	"
advanced_receiving
"Danny Amendola	MIA	8	3	30	1	16	5.3	14	4.7	0		1	12.5
Kenyan Drake	MIA	3	3	28	2	-4	-1.3	32	10.7	0		0	0.0
Mike Gesicki	MIA	3	2	23	1	6	3.0	17	8.5	0		0	0.0
Kalen Ballage	MIA	1	1	-2	0	-7	-7.0	5	5.0	0		0	0.0
Brice Butler	MIA	3	1	12	1	10	10.0	2	2.0	0		0	0.0
Kenny Stills	MIA	3	1	17	1	17	17.0	0	0.0	0		0	0.0
Nick O'Leary	MIA	1	0	0		0		0		0		0	0.0
DeVante Parker	MIA	1	0	0		0		0		0		0	0.0
Player	Tm	Tgt	Rec	Yds	1D	YBC	YBC/R	YAC	YAC/R	BrkTkl	Rec/Br	Drop	Drop%
Stefon Diggs	MIN	7	4	49	4	37	9.3	12	3.0	0		0	0.0
Kyle Rudolph	MIN	3	3	23	1	5	1.7	18	6.0	0		0	0.0
Tyler Conklin	MIN	3	2	53	2	34	17.0	19	9.5	0		0	0.0
Aldrick Robinson	MIN	2	2	44	1	33	16.5	11	5.5	0		0	0.0
Adam Thielen	MIN	2	2	19	1	18	9.0	1	0.5	0		0	0.0
Dalvin Cook	MIN	2	1	27	1	-4	-4.0	31	31.0	0		1	50.0
Laquon Treadwell	MIN	1	0	0		0		0		0		0	0.0"
advanced_defense
"Minkah Fitzpatrick	MIA	1	7	4	57.1%	70	17.5	10.0	0	51.8	5.1	26	44	0	0	0	0.0	0	6	0	0.0%
Bobby McCain	MIA	0	4	3	75.0%	22	7.3	5.5	1	127.1	4.5	10	12	0	0	0	0.0	0	5	2	28.6%
Torry McTyer	MIA	0	3	3	100.0%	53	17.7	17.7	1	158.3	15.7	47	6	0	0	0	0.0	0	2	0	0.0%
Reshad Jones	MIA	0	2	2	100.0%	53	26.5	26.5	0	118.7	17.0	34	19	0	0	0	0.0	0	4	0	0.0%
Jerome Baker	MIA	0	1	1	100.0%	5	5.0	5.0	0	87.5	4.0	4	1	1	0	1	0.0	1	6	1	14.3%
Walt Aikens	MIA	0	1	1	100.0%	12	12.0	12.0	0	116.7	2.0	2	10	0	0	0	0.0	0	1	1	50.0%
T.J. McDonald	MIA	0	1	1	100.0%	40	40.0	40.0	1	158.3	40.0	40	0	1	0	0	0.0	0	6	0	0.0%
Kiko Alonso	MIA	0	3	1	33.3%	12	12.0	4.0	0	46.5	3.7	0	12	4	0	0	0.0	0	4	2	33.3%
Akeem Spence	MIA	0	0	0										0	1	0	0.0	1	3	0	0.0%
Cameron Wake	MIA	0	0	0										0	0	1	0.0	1	1	0	0.0%
Robert Quinn	MIA	0	0	0										0	0	0	1.0	1	2	0	0.0%
Davon Godchaux	MIA	0	0	0										0	0	0	1.0	1	2	1	33.3%
Charles Harris	MIA	0	0	0										0	0	0	0.0	0	2	1	33.3%
Raekwon McMillan	MIA	0	1	0	0.0%					39.6	4.0			3	0	0	0.0	0	6	1	14.3%
Player	Tm	Int	Tgt	Cmp	Cmp%	Yds	Yds/Cmp	Yds/Tgt	TD	Rat	DADOT	Air	YAC	Bltz	Hrry	QBKD	Sk	Prss	Comb	MTkl	MTkl%
Anthony Barr	MIN	0	3	3	100.0%	21	7.0	7.0	0	95.8	-3.3	-10	31	11	1	0	2.0	3	7	1	12.5%
Mackensie Alexander	MIN	0	4	2	50.0%	4	2.0	1.0	0	56.2	8.5	-1	5	2	0	0	1.0	1	3	0	0.0%
Eric Kendricks	MIN	0	5	2	40.0%	14	7.0	2.8	0	47.9	4.6	4	10	2	0	0	1.0	1	6	0	0.0%
Xavier Rhodes	MIN	0	4	2	50.0%	20	10.0	5.0	0	64.6	8.0	9	11	0	0	0	0.0	0	2	0	0.0%
Ben Gedeon	MIN	0	2	2	100.0%	23	11.5	11.5	0	114.6	3.0	6	17	0	0	0	0.0	0	5	0	0.0%
Anthony Harris	MIN	0	1	1	100.0%	18	18.0	18.0	0	118.7	18.0	18	0	5	0	1	0.0	1	3	0	0.0%
Trae Waynes	MIN	0	3	1	33.3%	17	17.0	5.7	0	53.5	27.7	17	0	0	0	0	0.0	0	1	0	0.0%
Danielle Hunter	MIN	0	0	0										0	1	0	2.0	3	5	1	16.7%
Tom Johnson	MIN	0	0	0										0	1	0	1.0	2	1	0	0.0%
Sheldon Richardson	MIN	0	0	0										0	0	1	1.0	2	3	0	0.0%
Everson Griffen	MIN	0	0	0										0	0	0	1.0	1	3	1	25.0%
Holton Hill	MIN	0	1	0	0.0%					39.6	27.0			0	0	0	0.0	0	0	0	
Eric Wilson	MIN	0	0	0										2	0	0	0.0	0	2	0	0.0%
Harrison Smith	MIN	0	1	0	0.0%					39.6	13.0			0	0	0	0.0	0	1	0	0.0%"
