advanced_rushing = document.querySelectorAll("#rushing_advanced > tbody")[0].innerText;
advanced_receiving = document.querySelectorAll("#receiving_advanced > tbody")[0].innerText;
advanced_defense = document.querySelectorAll("#defense_advanced > tbody")[0].innerText;
advanced_passing = document.querySelectorAll("#passing_advanced > tbody")[0].innerText;
"Tom Brady	NWE	25	36	279	9	24.3	334	9.3	150	6.0	4.2	129	5.2	3	8.3%	4	11.1%	1	8	4	6	0	
Player	Tm	Cmp	Att	Yds	1D	1D%	IAY	IAY/PA	CAY	CAY/Cmp	CAY/PA	YAC	YAC/Cmp	Drops	Drop%	BadTh	Bad%	Sk	Bltz	Hrry	Hits	Scrm	Yds/Scr
Ben Roethlisberger	PIT	22	34	235	13	36.1	369	10.9	151	6.9	4.4	84	3.8	0	0.0%	7	21.2%	2	7	4	5	0	"
advanced_rushing
"Sony Michel	NWE	13	59	4	26	2.0	33	2.5	1	13.0
Rex Burkhead	NWE	4	25	2	12	3.0	13	3.3	1	4.0
James White	NWE	2	12	1	6	3.0	6	3.0	0	
Player	Tm	Att	Yds	1D	YBC	YBC/Att	YAC	YAC/Att	BrkTkl	Att/Br
Jaylen Samuels	PIT	19	142	8	85	4.5	57	3.0	0	
Stevan Ridley	PIT	3	16	1	8	2.7	8	2.7	0	
Ben Roethlisberger	PIT	2	-3	0	-3	-1.5	0	0.0	0	
Ryan Switzer	PIT	1	3	0	1	1.0	2	2.0	0	"
advanced_receiving
"Julian Edelman	NWE	11	7	90	2	62	8.9	28	4.0	0		1	9.1
James White	NWE	7	5	25	1	10	2.0	15	3.0	0		1	14.3
Rex Burkhead	NWE	3	3	18	0	2	0.7	16	5.3	0		0	0.0
Cordarrelle Patterson	NWE	3	3	20	1	16	5.3	4	1.3	0		0	0.0
James Develin	NWE	2	2	18	1	5	2.5	13	6.5	0		0	0.0
Rob Gronkowski	NWE	5	2	21	2	16	8.0	5	2.5	0		0	0.0
Chris Hogan	NWE	3	2	68	1	23	11.5	45	22.5	0		0	0.0
Josh Gordon	NWE	2	1	19	1	16	16.0	3	3.0	0		1	50.0
Player	Tm	Tgt	Rec	Yds	1D	YBC	YBC/R	YAC	YAC/R	BrkTkl	Rec/Br	Drop	Drop%
Antonio Brown	PIT	7	4	49	3	42	10.5	7	1.8	0		0	0.0
Eli Rogers	PIT	4	4	20	1	11	2.8	9	2.3	0		0	0.0
JuJu Smith-Schuster	PIT	10	4	40	1	25	6.3	15	3.8	0		0	0.0
James Washington	PIT	4	3	65	3	40	13.3	25	8.3	1	3.0	0	0.0
Vance McDonald	PIT	3	2	13	2	13	6.5	0	0.0	0		0	0.0
Jaylen Samuels	PIT	2	2	30	2	23	11.5	7	3.5	0		0	0.0
Ryan Switzer	PIT	2	2	9	1	-5	-2.5	14	7.0	0		0	0.0
Jesse James	PIT	1	1	9		2	2.0	7	7.0	0		0	0.0"
advanced_defense
"Jason McCourty	NWE	0	7	5	71.4%	98	19.6	14.0	1	153.3	15.9	67	31	0	0	0	0.0	0	9	2	18.2%
Stephon Gilmore	NWE	0	7	5	71.4%	25	5.0	3.6	0	76.5	9.6	19	6	0	0	0	0.0	0	3	0	0.0%
Jonathan Jones	NWE	0	4	4	100.0%	21	5.3	5.3	0	88.5	0.3	1	20	4	1	0	1.0	2	5	0	0.0%
J.C. Jackson	NWE	0	10	4	40.0%	48	12.0	4.8	0	55.4	13.6	28	20	0	0	0	0.0	0	6	0	0.0%
Patrick Chung	NWE	0	3	2	66.7%	13	6.5	4.3	1	115.3	9.0	13	0	2	0	0	0.0	0	6	0	0.0%
John Simon	NWE	0	1	1	100.0%	20	20.0	20.0	0	118.7	15.0	15	5	0	0	0	0.0	0	1	0	0.0%
Devin McCourty	NWE	0	1	1	100.0%	10	10.0	10.0	0	108.3	8.0	8	2	0	0	0	0.0	0	5	0	0.0%
Lawrence Guy	NWE	0	0	0										0	1	2	0.0	3	6	0	0.0%
Trey Flowers	NWE	0	0	0										0	0	2	0.0	2	1	0	0.0%
Adrian Clayborn	NWE	0	0	0										0	0	1	0.0	1	0	0	
Kyle Van Noy	NWE	0	0	0										9	0	0	1.0	1	3	0	0.0%
Dont'a Hightower	NWE	0	0	0										5	1	0	0.0	1	3	0	0.0%
Duron Harmon	NWE	2	0	0										2	0	0	0.0	0	1	0	0.0%
Player	Tm	Int	Tgt	Cmp	Cmp%	Yds	Yds/Cmp	Yds/Tgt	TD	Rat	DADOT	Air	YAC	Bltz	Hrry	QBKD	Sk	Prss	Comb	MTkl	MTkl%
Joe Haden	PIT	1	11	7	63.6%	44	6.3	4.0	0	33.9	12.0	30	14	0	0	0	0.0	0	12	1	7.7%
Sean Davis	PIT	0	7	5	71.4%	99	19.8	14.1	1	153.3	10.9	44	55	0	0	0	0.0	0	6	0	0.0%
Morgan Burnett	PIT	0	4	3	75.0%	66	22.0	16.5	0	116.7	16.8	46	20	1	0	0	0.0	0	3	0	0.0%
Vince Williams	PIT	0	5	3	60.0%	16	5.3	3.2	0	65.4	4.0	3	13	3	0	0	0.0	0	3	0	0.0%
Terrell Edmunds	PIT	0	3	2	66.7%	15	7.5	5.0	0	78.5	9.3	7	8	0	0	0	0.0	0	7	0	0.0%
Mike Hilton	PIT	0	2	2	100.0%	13	6.5	6.5	0	93.7	3.0	6	7	2	0	0	0.0	0	7	0	0.0%
Jonathan Bostic	PIT	0	1	1	100.0%	6	6.0	6.0	0	91.7	-6.0	-6	12	1	0	0	0.0	0	2	0	0.0%
Cameron Sutton	PIT	0	1	1	100.0%	9	9.0	9.0	0	104.2	7.0	7	2	2	0	0	0.0	0	2	0	0.0%
Artie Burns	PIT	0	1	1	100.0%	4	4.0	4.0	0	83.3	4.0	4	0	0	0	0	0.0	0	2	0	0.0%
Coty Sensabaugh	PIT	0	3	1	33.3%	19	19.0	6.3	0	56.2	9.3	16	3	0	0	0	0.0	0	1	0	0.0%
T.J. Watt	PIT	0	0	0										0	3	2	1.0	6	3	0	0.0%
Cameron Heyward	PIT	0	0	0										0	0	2	0.0	2	4	0	0.0%
Stephon Tuitt	PIT	0	0	0										0	0	2	0.0	2	3	0	0.0%
Anthony Chickillo	PIT	0	0	0										0	1	0	0.0	1	4	0	0.0%"
