advanced_rushing = document.querySelectorAll("#rushing_advanced > tbody")[0].innerText;
advanced_receiving = document.querySelectorAll("#receiving_advanced > tbody")[0].innerText;
advanced_defense = document.querySelectorAll("#defense_advanced > tbody")[0].innerText;
advanced_passing = document.querySelectorAll("#passing_advanced > tbody")[0].innerText;
"Nick Foles	PHI	24	31	270	9	29.0	234	7.5	149	6.2	4.8	121	5.0	2	6.7%	1	3.3%	0	4	2	2	1	2.0
Player	Tm	Cmp	Att	Yds	1D	1D%	IAY	IAY/PA	CAY	CAY/Cmp	CAY/PA	YAC	YAC/Cmp	Drops	Drop%	BadTh	Bad%	Sk	Bltz	Hrry	Hits	Scrm	Yds/Scr
Jared Goff	LAR	35	53	339	18	32.7	349	6.6	151	4.3	2.8	188	5.4	1	2.0%	10	20.0%	2	8	2	6	2	5.5
Johnny Hekker	LAR	0	1	0			7	7.0	0		0.0	0		0	0.0%	0	0.0%	0	0	0	0	0	"
advanced_rushing
"Josh Adams	PHI	15	28	1	8	0.5	20	1.3	0	
Wendell Smallwood	PHI	10	48	5	32	3.2	16	1.6	1	10.0
Darren Sproles	PHI	3	30	1	25	8.3	5	1.7	0	
Nick Foles	PHI	2	5	0	-1	-0.5	6	3.0	0	
Player	Tm	Att	Yds	1D	YBC	YBC/Att	YAC	YAC/Att	BrkTkl	Att/Br
Todd Gurley	LAR	12	48	3	20	1.7	28	2.3	0	
Jared Goff	LAR	2	11	1	11	5.5	0	0.0	0	
John Kelly	LAR	2	4		0	0.0	4	2.0	0	
Justin Davis	LAR	1	0		0	0.0	0	0.0	0	
Robert Woods	LAR	1	19	1	13	13.0	6	6.0	0	"
advanced_receiving
"Alshon Jeffery	PHI	8	8	160	5	111	13.9	49	6.1	0		0	0.0
Golden Tate	PHI	5	5	43	1	17	3.4	26	5.2	2	2.5	0	0.0
Zach Ertz	PHI	7	3	22	1	7	2.3	15	5.0	0		1	14.3
Darren Sproles	PHI	4	3	16	0	3	1.0	13	4.3	0		0	0.0
Dallas Goedert	PHI	2	2	12	2	10	5.0	2	1.0	0		0	0.0
Wendell Smallwood	PHI	2	2	9	0	-4	-2.0	13	6.5	0		0	0.0
Nelson Agholor	PHI	2	1	8		5	5.0	3	3.0	0		0	0.0
Josh Adams	PHI	1	0	0	0	0		0		0		1	100.0
Player	Tm	Tgt	Rec	Yds	1D	YBC	YBC/R	YAC	YAC/R	BrkTkl	Rec/Br	Drop	Drop%
Todd Gurley	LAR	13	10	76	3	9	0.9	67	6.7	0		1	7.7
Robert Woods	LAR	9	7	74	5	22	3.1	52	7.4	1	7.0	0	0.0
Brandin Cooks	LAR	7	6	59	4	54	9.0	5	0.8	0		0	0.0
Gerald Everett	LAR	7	5	46	2	21	4.2	25	5.0	0		0	0.0
Josh Reynolds	LAR	12	5	70	3	40	8.0	30	6.0	0		0	0.0
Tyler Higbee	LAR	2	2	14	1	5	2.5	9	4.5	0		0	0.0
KhaDarel Hodge	LAR	1	0	0		0		0		0		0	0.0"
advanced_defense
"Cre'von LeBlanc	PHI	0	12	9	75.0%	85	9.4	7.1	0	94.1	1.6	12	73	0	0	0	0.0	0	8	1	11.1%
Rasul Douglas	PHI	0	10	8	80.0%	101	12.6	10.1	0	108.7	11.3	85	16	0	0	0	0.0	0	14	0	0.0%
Malcolm Jenkins	PHI	0	8	6	75.0%	58	9.7	7.3	0	94.8	6.4	27	31	4	0	0	0.0	0	12	0	0.0%
Nigel Bradham	PHI	0	6	4	66.7%	32	8.0	5.3	0	79.9	3.8	18	14	3	1	0	0.0	1	7	1	12.5%
Kamu Grugier-Hill	PHI	0	3	2	66.7%	14	7.0	4.7	0	77.1	6.7	6	8	0	0	1	1.0	2	4	0	0.0%
Avonte Maddox	PHI	1	9	2	22.2%	16	8.0	1.8	0	0.0	12.4	4	12	0	0	0	0.0	0	3	0	0.0%
Nathan Gerry	PHI	0	2	2	100.0%	19	9.5	9.5	0	106.2	1.5	3	16	1	0	0	0.0	0	4	1	20.0%
Fletcher Cox	PHI	0	1	1	100.0%	9	9.0	9.0	0	104.2	-3.0	-3	12	0	0	1	1.0	2	3	0	0.0%
Tre Sullivan	PHI	0	2	1	50.0%	5	5.0	2.5	0	56.2	9.0	-1	6	0	0	0	0.0	0	1	0	0.0%
Michael Bennett	PHI	0	0	0										0	0	2	0.0	2	0	0	
Chris Long	PHI	0	0	0										0	0	2	0.0	2	1	0	0.0%
Haloti Ngata	PHI	0	0	0										0	1	0	0.0	1	1	0	0.0%
Corey Graham	PHI	0	1	0	0.0%					39.6	19.0			1	0	0	0.0	0	3	1	25.0%
Player	Tm	Int	Tgt	Cmp	Cmp%	Yds	Yds/Cmp	Yds/Tgt	TD	Rat	DADOT	Air	YAC	Bltz	Hrry	QBKD	Sk	Prss	Comb	MTkl	MTkl%
Nickell Robey-Coleman	LAR	0	6	6	100.0%	41	6.8	6.8	0	95.1	-1.3	-8	49	0	0	0	0.0	0	3	2	40.0%
Aqib Talib	LAR	1	8	5	62.5%	132	26.4	16.5	0	66.7	17.3	101	31	0	0	0	0.0	0	2	0	0.0%
Cory Littleton	LAR	0	4	4	100.0%	36	9.0	9.0	0	104.2	4.8	19	17	2	0	0	0.0	0	10	0	0.0%
Lamarcus Joyner	LAR	0	4	4	100.0%	67	16.8	16.8	0	118.7	15.3	61	6	0	0	0	0.0	0	6	1	14.3%
John Johnson	LAR	0	4	3	75.0%	12	4.0	3.0	0	77.1	5.3	5	7	0	0	0	0.0	0	14	0	0.0%
Marcus Peters	LAR	0	3	2	66.7%	22	11.0	7.3	0	88.2	19.0	16	6	0	0	0	0.0	0	5	0	0.0%
Mark Barron	LAR	0	1	1	100.0%	10	10.0	10.0	0	108.3	5.0	5	5	0	0	0	0.0	0	6	0	0.0%
Aaron Donald	LAR	0	0	0										0	1	1	0.0	2	2	0	0.0%
Samson Ebukam	LAR	0	0	0										5	1	0	0.0	1	3	1	25.0%
Ndamukong Suh	LAR	0	0	0										0	0	1	0.0	1	5	0	0.0%
Michael Brockers	LAR	0	1	0	0.0%					39.6	-2.0			0	0	0	0.0	0	5	1	16.7%
Dante Fowler	LAR	0	1	0	0.0%					39.6	-7.0			0	0	0	0.0	0	2	0	0.0%
Marqui Christian	LAR	0	0	0										1	0	0	0.0	0	1	0	0.0%"
