advanced_rushing = document.querySelectorAll("#rushing_advanced > tbody")[0].innerText;
advanced_receiving = document.querySelectorAll("#receiving_advanced > tbody")[0].innerText;
advanced_defense = document.querySelectorAll("#defense_advanced > tbody")[0].innerText;
advanced_passing = document.querySelectorAll("#passing_advanced > tbody")[0].innerText;
"Alex Smith	WAS	21	30	255	13	39.4	101	3.4	75	3.6	2.5	180	8.6	1	3.7%	5	18.5%	3	17	7	7	3	4.3
Player	Tm	Cmp	Att	Yds	1D	1D%	IAY	IAY/PA	CAY	CAY/Cmp	CAY/PA	YAC	YAC/Cmp	Drops	Drop%	BadTh	Bad%	Sk	Bltz	Hrry	Hits	Scrm	Yds/Scr
Sam Bradford	ARI	20	34	153	6	16.7	208	6.1	87	4.4	2.6	66	3.3	4	12.1%	5	15.2%	2	7	5	2	1	8.0"
advanced_rushing
"Adrian Peterson	WAS	26	96	4	30	1.2	66	2.5	2	13.0
Alex Smith	WAS	8	14	2	12	1.5	2	0.3	0	
Chris Thompson	WAS	5	65	4	52	10.4	13	2.6	1	5.0
Robert Kelley	WAS	3	7		-5	-1.7	12	4.0	0	
Player	Tm	Att	Yds	1D	YBC	YBC/Att	YAC	YAC/Att	BrkTkl	Att/Br
David Johnson	ARI	9	37	4	18	2.0	19	2.1	1	9.0
Chase Edmonds	ARI	4	24	2	14	3.5	10	2.5	0	
Sam Bradford	ARI	2	7	1	7	3.5	0	0.0	0	"
advanced_receiving
"Chris Thompson	WAS	7	6	63	4	4	0.7	59	9.8	3	2.0	0	0.0
Jordan Reed	WAS	5	4	48	3	23	5.8	25	6.3	0		0	0.0
Paul Richardson	WAS	6	4	22	1	13	3.3	9	2.3	0		0	0.0
Jamison Crowder	WAS	4	3	32	2	20	6.7	12	4.0	0		0	0.0
Adrian Peterson	WAS	3	2	70	1	0	0.0	70	35.0	2	1.0	0	0.0
Vernon Davis	WAS	1	1	9	1	6	6.0	3	3.0	0		0	0.0
Josh Doctson	WAS	3	1	11	1	9	9.0	2	2.0	0		1	33.3
Player	Tm	Tgt	Rec	Yds	1D	YBC	YBC/R	YAC	YAC/R	BrkTkl	Rec/Br	Drop	Drop%
Larry Fitzgerald	ARI	10	7	76	3	55	7.9	21	3.0	0		1	10.0
David Johnson	ARI	9	5	30	1	10	2.0	20	4.0	0		3	33.3
Chase Edmonds	ARI	4	4	24	0	4	1.0	20	5.0	1	4.0	0	0.0
Ricky Seals-Jones	ARI	6	3	19	2	14	4.7	5	1.7	0		0	0.0
Christian Kirk	ARI	2	1	4		4	4.0	0	0.0	0		0	0.0
Chad Williams	ARI	3	0	0		0		0		0		0	0.0"
advanced_defense
"Mason Foster	WAS	0	8	6	75.0%	35	5.8	4.4	0	82.8	4.3	10	25	4	1	0	0.0	1	5	1	16.7%
Zach Brown	WAS	0	5	4	80.0%	17	4.3	3.4	0	80.8	2.0	12	5	2	0	0	0.0	0	5	1	16.7%
Zach Vigil	WAS	0	4	3	75.0%	15	5.0	3.8	0	80.2	3.0	10	5	1	0	0	0.0	0	3	1	25.0%
D.J. Swearinger	WAS	0	4	2	50.0%	54	27.0	13.5	0	95.8	20.8	41	13	0	0	0	0.0	0	5	0	0.0%
Quinton Dunbar	WAS	1	6	2	33.3%	11	5.5	1.8	0	2.8	11.5	11	0	0	0	0	0.0	0	5	0	0.0%
Pernell McPhee	WAS	0	1	1	100.0%	2	2.0	2.0	0	79.2	-1.0	-1	3	0	1	0	0.0	1	1	0	0.0%
Montae Nicholson	WAS	0	2	1	50.0%	3	3.0	1.5	0	56.2	-2.0	0	3	2	0	0	0.0	0	5	1	16.7%
Josh Harvey-Clemons	WAS	0	2	1	50.0%	16	16.0	8.0	0	77.1	2.5	4	12	2	0	0	0.0	0	1	2	66.7%
Jonathan Allen	WAS	0	0	0										0	0	2	0.0	2	1	0	0.0%
Matthew Ioannidis	WAS	0	0	0										0	0	0	1.0	1	1	0	0.0%
Ryan Anderson	WAS	0	0	0										0	0	0	1.0	1	1	0	0.0%
Fabian Moreau	WAS	0	1	0	0.0%					39.6	13.0			1	0	0	0.0	0	2	1	33.3%
Josh Norman	WAS	0	2	0	0.0%					39.6	8.5			0	0	0	0.0	0	1	0	0.0%
Player	Tm	Int	Tgt	Cmp	Cmp%	Yds	Yds/Cmp	Yds/Tgt	TD	Rat	DADOT	Air	YAC	Bltz	Hrry	QBKD	Sk	Prss	Comb	MTkl	MTkl%
Jamar Taylor	ARI	0	6	4	66.7%	49	12.3	8.2	0	91.7	3.8	18	31	0	0	0	0.0	0	3	4	57.1%
Deone Bucannon	ARI	0	5	3	60.0%	31	10.3	6.2	1	117.5	4.4	15	16	7	2	1	0.0	3	7	4	36.4%
Budda Baker	ARI	0	5	3	60.0%	26	8.7	5.2	0	73.7	3.2	12	14	3	0	1	0.0	1	11	1	8.3%
Tre Boston	ARI	0	4	3	75.0%	27	9.0	6.8	1	132.3	5.0	14	13	2	0	0	0.0	0	6	1	14.3%
Josh Bynes	ARI	0	3	3	100.0%	79	26.3	26.3	0	118.7	6.0	18	61	1	0	0	0.0	0	11	2	15.4%
Chandler Jones	ARI	0	1	1	100.0%	4	4.0	4.0	0	83.3	3.0	3	1	0	4	0	1.0	5	3	2	40.0%
Antoine Bethea	ARI	0	1	1	100.0%	18	18.0	18.0	0	118.7	-4.0	-4	22	3	1	0	0.0	1	10	2	16.7%
Haason Reddick	ARI	0	1	1	100.0%	3	3.0	3.0	0	79.2	1.0	1	2	1	0	0	0.0	0	4	0	0.0%
Robert Nkemdiche	ARI	0	0	0										0	1	3	1.0	5	3	0	0.0%
Benson Mayowa	ARI	0	0	0										0	0	2	0.0	2	2	0	0.0%
Patrick Peterson	ARI	0	1	0	0.0%					39.6	5.0			0	0	0	1.0	1	1	1	50.0%"
