advanced_rushing = document.querySelectorAll("#rushing_advanced > tbody")[0].innerText;
advanced_receiving = document.querySelectorAll("#receiving_advanced > tbody")[0].innerText;
advanced_defense = document.querySelectorAll("#defense_advanced > tbody")[0].innerText;
advanced_passing = document.querySelectorAll("#passing_advanced > tbody")[0].innerText;
"Russell Wilson	SEA	19	33	298	10	25.6	337	10.2	141	7.4	4.3	157	8.3	2	6.1%	7	21.2%	6	9	6	4	1	5.0
Player	Tm	Cmp	Att	Yds	1D	1D%	IAY	IAY/PA	CAY	CAY/Cmp	CAY/PA	YAC	YAC/Cmp	Drops	Drop%	BadTh	Bad%	Sk	Bltz	Hrry	Hits	Scrm	Yds/Scr
Case Keenum	DEN	25	39	329	15	37.5	366	9.4	155	6.2	4.0	174	7.0	3	7.7%	5	12.8%	1	6	5	4	0	"
advanced_rushing
"Chris Carson	SEA	7	51	1	38	5.4	13	1.9	0	
Rashaad Penny	SEA	7	8	0	2	0.3	6	0.9	0	
Russell Wilson	SEA	2	5	0	5	2.5	0	0.0	0	
Player	Tm	Att	Yds	1D	YBC	YBC/Att	YAC	YAC/Att	BrkTkl	Att/Br
Royce Freeman	DEN	15	71	3	32	2.1	39	2.6	3	5.0
Phillip Lindsay	DEN	15	71	5	46	3.1	25	1.7	1	15.0
Devontae Booker	DEN	2	4		3	1.5	1	0.5	0	"
advanced_receiving
"Rashaad Penny	SEA	5	4	35	1	8	2.0	27	6.8	1	4.0	1	20.0
Brandon Marshall	SEA	6	3	46	3	45	15.0	1	0.3	0		0	0.0
Chris Carson	SEA	5	3	28	1	0	0.0	28	9.3	2	1.5	1	20.0
Will Dissly	SEA	5	3	105	3	39	13.0	66	22.0	2	1.5	0	0.0
Tyler Lockett	SEA	4	3	59	1	34	11.3	25	8.3	0		0	0.0
Nick Vannett	SEA	2	1	11	1	8	8.0	3	3.0	0		0	0.0
Tre Madden	SEA	1	1	7		0	0.0	7	7.0	0		0	0.0
Jaron Brown	SEA	3	1	7		7	7.0	0	0.0	0		0	0.0
David Moore	SEA	1	0	0		0		0		0		0	0.0
Doug Baldwin	SEA	1	0	0		0		0		0		0	0.0
Player	Tm	Tgt	Rec	Yds	1D	YBC	YBC/R	YAC	YAC/R	BrkTkl	Rec/Br	Drop	Drop%
Emmanuel Sanders	DEN	11	10	135	3	84	8.4	51	5.1	1	10.0	0	0.0
Demaryius Thomas	DEN	10	6	63	5	24	4.0	39	6.5	1	6.0	1	10.0
Phillip Lindsay	DEN	3	2	31	1	0	0.0	31	15.5	1	2.0	1	33.3
Jake Butt	DEN	4	2	29	2	11	5.5	18	9.0	0		0	0.0
Devontae Booker	DEN	2	2	11		-8	-4.0	19	9.5	0		0	0.0
Courtland Sutton	DEN	5	2	45	2	29	14.5	16	8.0	0		0	0.0
Jeff Heuerman	DEN	1	1	15	1	15	15.0	0	0.0	0		0	0.0
Matt LaCosse	DEN	1	0	0		0		0		0		0	0.0
Tim Patrick	DEN	2	0	0		0		0		0		1	50.0"
advanced_defense
"Tre Flowers	SEA	0	10	7	70.0%	124	17.7	12.4	1	145.4	11.3	81	43	0	0	0	0.0	0	8	1	11.1%
Shaquem Griffin	SEA	0	5	4	80.0%	81	20.3	16.2	1	158.3	4.8	8	73	0	0	0	0.0	0	3	1	25.0%
Barkevious Mingo	SEA	0	3	3	100.0%	30	10.0	10.0	0	108.3	6.7	20	10	1	0	0	0.0	0	3	2	40.0%
Shaquill Griffin	SEA	0	7	3	42.9%	21	7.0	3.0	1	89.9	11.6	16	5	0	0	0	0.0	0	6	1	14.3%
Bobby Wagner	SEA	0	3	2	66.7%	15	7.5	5.0	0	78.5	15.7	10	5	2	0	0	0.0	0	5	0	0.0%
Austin Calitro	SEA	0	2	2	100.0%	10	5.0	5.0	0	87.5	-1.5	-3	13	0	0	0	0.0	0	5	2	28.6%
Justin Coleman	SEA	0	1	1	100.0%	14	14.0	14.0	0	118.7	14.0	14	0	1	1	0	0.0	1	1	0	0.0%
Bradley McDougald	SEA	2	5	1	20.0%	25	25.0	5.0	0	8.3	12.4	10	15	0	0	0	0.0	0	4	0	0.0%
Tedric Thompson	SEA	0	1	1	100.0%	5	5.0	5.0	0	87.5	5.0	5	0	0	0	0	0.0	0	4	0	0.0%
Frank Clark	SEA	0	0	0										0	2	0	1.0	3	1	0	0.0%
Dion Jordan	SEA	0	0	0										0	1	1	0.0	2	1	0	0.0%
Quinton Jefferson	SEA	0	0	0										0	0	1	0.0	1	3	0	0.0%
Earl Thomas	SEA	1	2	0	0.0%					0.0	12.5			1	1	0	0.0	1	5	0	0.0%
Jarran Reed	SEA	0	0	0										0	0	1	0.0	1	5	0	0.0%
Shamar Stephen	SEA	0	0	0										0	0	1	0.0	1	1	0	0.0%
Player	Tm	Int	Tgt	Cmp	Cmp%	Yds	Yds/Cmp	Yds/Tgt	TD	Rat	DADOT	Air	YAC	Bltz	Hrry	QBKD	Sk	Prss	Comb	MTkl	MTkl%
Todd Davis	DEN	0	4	3	75.0%	43	14.3	10.8	0	109.4	9.0	16	27	3	0	1	0.0	1	8	0	0.0%
Chris Harris	DEN	0	5	3	60.0%	64	21.3	12.8	1	143.7	14.8	45	19	2	0	0	1.0	1	2	0	0.0%
Bradley Roby	DEN	0	3	3	100.0%	33	11.0	11.0	1	152.1	9.0	27	6	0	0	0	0.0	0	2	1	33.3%
Justin Simmons	DEN	1	8	3	37.5%	31	10.3	3.9	0	9.9	11.5	3	28	0	0	0	0.0	0	4	2	33.3%
Bradley Chubb	DEN	0	3	2	66.7%	86	43.0	28.7	1	149.3	7.3	22	64	7	2	0	0.5	3	3	2	40.0%
Will Parks	DEN	0	2	2	100.0%	20	10.0	10.0	0	108.3	4.5	9	11	1	0	0	0.0	0	2	0	0.0%
Adam Jones	DEN	1	3	1	33.3%	6	6.0	2.0	0	2.8	11.3	5	1	0	0	0	0.0	0	2	1	33.3%
Von Miller	DEN	0	0	0										8	2	1	3.0	6	7	0	0.0%
Shaquil Barrett	DEN	0	0	0										0	1	0	1.0	2	2	0	0.0%
Shelby Harris	DEN	0	0	0										0	0	2	0.0	2	1	0	0.0%
Darian Stewart	DEN	0	2	0	0.0%	15		7.5	1	97.9	13.0	10	5	2	0	0	0.5	1	3	1	25.0%
Shane Ray	DEN	0	0	0										0	1	0	0.0	1	1	0	0.0%
Brandon Marshall	DEN	0	2	0	0.0%					39.6	-0.5			1	0	0	0.0	0	6	0	0.0%"
