advanced_rushing = document.querySelectorAll("#rushing_advanced > tbody")[0].innerText;
advanced_receiving = document.querySelectorAll("#receiving_advanced > tbody")[0].innerText;
advanced_defense = document.querySelectorAll("#defense_advanced > tbody")[0].innerText;
advanced_passing = document.querySelectorAll("#passing_advanced > tbody")[0].innerText;
"Jimmy Garoppolo	SFO	15	33	261	10	27.8	368	11.2	117	7.8	3.5	144	9.6	1	3.1%	7	21.9%	3	8	7	1	2	3.0
Player	Tm	Cmp	Att	Yds	1D	1D%	IAY	IAY/PA	CAY	CAY/Cmp	CAY/PA	YAC	YAC/Cmp	Drops	Drop%	BadTh	Bad%	Sk	Bltz	Hrry	Hits	Scrm	Yds/Scr
Kirk Cousins	MIN	20	36	244	15	38.5	255	7.1	91	4.6	2.5	153	7.7	3	9.1%	5	15.2%	3	9	7	1	4	6.5"
advanced_rushing
"Alfred Morris	SFO	12	38	3	21	1.8	17	1.4	0	
Matt Breida	SFO	11	46	2	30	2.7	16	1.5	0	
Jimmy Garoppolo	SFO	2	6	1	6	3.0	0	0.0	0	
Player	Tm	Att	Yds	1D	YBC	YBC/Att	YAC	YAC/Att	BrkTkl	Att/Br
Dalvin Cook	MIN	16	40	1	8	0.5	32	2.0	3	5.3
Latavius Murray	MIN	11	42	1	28	2.5	14	1.3	0	
Kirk Cousins	MIN	4	26	1	26	6.5	0	0.0	0	
Stefon Diggs	MIN	1	8	0	8	8.0	0	0.0	0	"
advanced_receiving
"George Kittle	SFO	9	5	90	4	23	4.6	67	13.4	0		1	11.1
Trent Taylor	SFO	6	4	28	1	6	1.5	22	5.5	0		0	0.0
Pierre Garcon	SFO	6	2	21	2	21	10.5	0	0.0	0		0	0.0
Dante Pettis	SFO	5	2	61	2	37	18.5	24	12.0	0		0	0.0
Matt Breida	SFO	2	1	5	0	0	0.0	5	5.0	0		0	0.0
Kyle Juszczyk	SFO	2	1	56	1	30	30.0	26	26.0	0		0	0.0
Kendrick Bourne	SFO	1	0	0		0		0		0		0	0.0
Marquise Goodwin	SFO	1	0	0		0		0		0		0	0.0
Player	Tm	Tgt	Rec	Yds	1D	YBC	YBC/R	YAC	YAC/R	BrkTkl	Rec/Br	Drop	Drop%
Dalvin Cook	MIN	7	6	55	3	-14	-2.3	69	11.5	1	6.0	0	0.0
Adam Thielen	MIN	12	6	102	6	51	8.5	51	8.5	0		0	0.0
Stefon Diggs	MIN	6	3	43	2	36	12.0	7	2.3	0		0	0.0
Laquon Treadwell	MIN	4	2	18	1	8	4.0	10	5.0	1	2.0	1	25.0
Tyler Conklin	MIN	1	1	6	1	0	0.0	6	6.0	0		0	0.0
David Morgan	MIN	1	1	9	1	-1	-1.0	10	10.0	0		0	0.0
Kyle Rudolph	MIN	2	1	11	1	11	11.0	0	0.0	0		0	0.0
C.J. Ham	MIN	2	0	0		0		0		0		2	100.0"
advanced_defense
"K'Waun Williams	SFO	0	7	4	57.1%	79	19.8	11.3	0	96.7	9.9	25	54	3	1	0	0.0	1	3	0	0.0%
Jaquiski Tartt	SFO	0	5	4	80.0%	37	9.3	7.4	1	137.1	3.4	14	23	2	0	0	0.0	0	6	2	25.0%
Fred Warner	SFO	0	6	3	50.0%	19	6.3	3.2	0	56.9	3.5	6	13	3	1	1	0.0	2	12	0	0.0%
Brock Coyle	SFO	0	5	3	60.0%	40	13.3	8.0	0	85.4	-0.6	-2	42	3	1	0	0.0	1	6	1	14.3%
Cassius Marsh	SFO	0	1	1	100.0%	-6	-6.0	-6.0	0	79.2	-5.0	-5	-1	0	2	0	0.0	2	2	0	0.0%
Richard Sherman	SFO	0	3	1	33.3%	18	18.0	6.0	0	54.9	15.3	12	6	0	0	0	0.0	0	2	0	0.0%
Jimmie Ward	SFO	0	1	1	100.0%	15	15.0	15.0	0	118.7	8.0	8	7	4	0	0	0.0	0	1	0	0.0%
Adrian Colbert	SFO	0	3	1	33.3%	11	11.0	3.7	0	45.1	14.0	12	-1	0	0	0	0.0	0	5	3	37.5%
Ahkello Witherspoon	SFO	0	3	1	33.3%	22	22.0	7.3	1	100.0	20.3	22	0	0	0	0	0.0	0	1	1	50.0%
DeForest Buckner	SFO	0	0	0										0	0	0	2.5	3	7	0	0.0%
Arik Armstead	SFO	0	0	0										0	1	0	0.0	1	5	0	0.0%
Sheldon Day	SFO	0	0	0										0	1	0	0.0	1	1	0	0.0%
Ronald Blair	SFO	0	0	0										0	0	0	0.5	1	2	0	0.0%
Mark Nzeocha	SFO	0	1	0	0.0%					39.6	0.0			0	0	0	0.0	0	0	1	100.0%
Player	Tm	Int	Tgt	Cmp	Cmp%	Yds	Yds/Cmp	Yds/Tgt	TD	Rat	DADOT	Air	YAC	Bltz	Hrry	QBKD	Sk	Prss	Comb	MTkl	MTkl%
Eric Kendricks	MIN	0	6	4	66.7%	37	9.3	6.2	0	83.3	2.8	3	34	1	1	0	0.0	1	4	0	0.0%
Mike Hughes	MIN	1	9	4	44.4%	95	23.8	10.6	0	43.5	7.2	26	69	0	0	0	0.0	0	3	0	0.0%
Harrison Smith	MIN	1	8	2	25.0%	32	16.0	4.0	1	43.7	14.1	26	6	2	0	0	1.0	1	7	0	0.0%
Trae Waynes	MIN	0	4	2	50.0%	21	10.5	5.3	0	65.6	16.3	21	0	0	0	0	0.0	0	2	0	0.0%
Anthony Barr	MIN	0	2	1	50.0%	6	6.0	3.0	0	56.2	15.5	1	5	6	0	0	0.0	0	2	0	0.0%
Holton Hill	MIN	0	1	1	100.0%	14	14.0	14.0	0	118.7	10.0	10	4	0	0	0	0.0	0	2	0	0.0%
Andrew Sendejo	MIN	0	3	1	33.3%	56	56.0	18.7	0	81.9	18.3	30	26	0	0	0	0.0	0	3	0	0.0%
Everson Griffen	MIN	0	0	0										0	3	0	0.5	4	4	0	0.0%
Sheldon Richardson	MIN	0	0	0										0	2	1	0.5	4	6	0	0.0%
Danielle Hunter	MIN	0	0	0										0	1	0	1.0	2	4	0	0.0%
Linval Joseph	MIN	0	0	0										0	1	0	0.0	1	4	0	0.0%
Xavier Rhodes	MIN	1	1	0	0.0%					0.0	10.0			0	0	0	0.0	0	2	0	0.0%
Ben Gedeon	MIN	0	0	0										0	0	0	0.0	0	5	1	16.7%"
