advanced_rushing = document.querySelectorAll("#rushing_advanced > tbody")[0].innerText;
advanced_receiving = document.querySelectorAll("#receiving_advanced > tbody")[0].innerText;
advanced_defense = document.querySelectorAll("#defense_advanced > tbody")[0].innerText;
advanced_passing = document.querySelectorAll("#passing_advanced > tbody")[0].innerText;
"Ryan Fitzpatrick	TAM	21	28	417	17	60.7	341	12.2	287	13.7	10.3	130	6.2	1	3.6%	3	10.7%	0	10	1	3	6	5.8
Player	Tm	Cmp	Att	Yds	1D	1D%	IAY	IAY/PA	CAY	CAY/Cmp	CAY/PA	YAC	YAC/Cmp	Drops	Drop%	BadTh	Bad%	Sk	Bltz	Hrry	Hits	Scrm	Yds/Scr
Drew Brees	NOR	37	45	439	19	41.3	348	7.7	272	7.4	6.0	167	4.5	1	2.3%	3	7.0%	1	11	3	1	0	"
advanced_rushing
"Peyton Barber	TAM	19	69	2	16	0.8	53	2.8	1	19.0
Ryan Fitzpatrick	TAM	12	36	3	35	2.9	1	0.1	0	
Jacquizz Rodgers	TAM	2	1		-1	-0.5	2	1.0	0	
Shaun Wilson	TAM	1	6		5	5.0	1	1.0	0	
Player	Tm	Att	Yds	1D	YBC	YBC/Att	YAC	YAC/Att	BrkTkl	Att/Br
Alvin Kamara	NOR	8	29	4	12	1.5	17	2.1	0	
Mike Gillislee	NOR	3	9	1	1	0.3	8	2.7	0	
Ted Ginn	NOR	1	5	0	4	4.0	1	1.0	1	1.0
Jonathan Williams	NOR	1	0		-1	-1.0	1	1.0	0	"
advanced_receiving
"Mike Evans	TAM	7	7	147	7	102	14.6	45	6.4	0		0	0.0
DeSean Jackson	TAM	5	5	146	4	117	23.4	29	5.8	0		0	0.0
Chris Godwin	TAM	4	3	41	3	37	12.3	4	1.3	0		0	0.0
Adam Humphries	TAM	5	3	27	1	-3	-1.0	30	10.0	0		0	0.0
O.J. Howard	TAM	2	2	54	2	36	18.0	18	9.0	0		0	0.0
Jacquizz Rodgers	TAM	1	1	2		-2	-2.0	4	4.0	0		0	0.0
Cameron Brate	TAM	2	0	0		0		0		0		0	0.0
Alan Cross	TAM	1	0	0		0		0		0		1	100.0
Freddie Martino	TAM	1	0	0		0		0		0		0	0.0
Player	Tm	Tgt	Rec	Yds	1D	YBC	YBC/R	YAC	YAC/R	BrkTkl	Rec/Br	Drop	Drop%
Michael Thomas	NOR	17	16	180	7	117	7.3	63	3.9	1	16.0	1	5.9
Alvin Kamara	NOR	12	9	112	4	43	4.8	69	7.7	0		0	0.0
Ted Ginn	NOR	6	5	68	3	64	12.8	4	0.8	0		0	0.0
Ben Watson	NOR	4	4	44	4	41	10.3	3	0.8	0		0	0.0
Austin Carr	NOR	2	2	20		13	6.5	7	3.5	0		0	0.0
Josh Hill	NOR	1	1	15	1	-6	-6.0	21	21.0	1	1.0	0	0.0
Zach Line	NOR	1	0	0		0		0		0		0	0.0
Tre'Quan Smith	NOR	1	0	0		0		0		0		0	0.0"
advanced_defense
"Lavonte David	TAM	0	9	9	100.0%	99	11.0	11.0	1	149.5	3.0	27	72	7	0	0	0.0	0	9	2	18.2%
Kwon Alexander	TAM	0	7	7	100.0%	78	11.1	11.1	1	152.7	4.7	33	45	6	0	0	0.0	0	9	2	18.2%
Carlton Davis	TAM	0	8	6	75.0%	98	16.3	12.3	1	155.2	13.3	69	29	0	0	0	0.0	0	4	1	20.0%
Vernon Hargreaves	TAM	0	7	5	71.4%	59	11.8	8.4	0	96.7	8.7	46	13	1	0	0	0.0	0	7	0	0.0%
Justin Evans	TAM	0	5	5	100.0%	56	11.2	11.2	0	113.3	10.0	50	6	0	0	0	0.0	0	5	1	16.7%
M.J. Stewart	TAM	0	4	4	100.0%	38	9.5	9.5	0	106.2	8.5	34	4	0	0	0	0.0	0	4	0	0.0%
Ryan Smith	TAM	0	4	2	50.0%	22	11.0	5.5	1	106.2	9.0	22	0	0	0	0	0.0	0	4	1	20.0%
Gerald McCoy	TAM	0	1	1	100.0%	-1	-1.0	-1.0	0	79.2	-3.0	-3	2	0	1	0	0.0	1	3	0	0.0%
Chris Conte	TAM	0	2	1	50.0%	32	32.0	16.0	0	95.8	14.5	29	3	0	0	0	0.0	0	7	0	0.0%
Vinny Curry	TAM	0	1	0	0.0%					39.6	3.0			0	0	0	1.0	1	1	0	0.0%
Noah Spence	TAM	0	0	0										0	0	1	0.0	1	0	0	
Adarius Taylor	TAM	0	0	0										1	0	0	0.0	0	1	0	0.0%
Player	Tm	Int	Tgt	Cmp	Cmp%	Yds	Yds/Cmp	Yds/Tgt	TD	Rat	DADOT	Air	YAC	Bltz	Hrry	QBKD	Sk	Prss	Comb	MTkl	MTkl%
Ken Crawley	NOR	0	9	8	88.9%	136	17.0	15.1	2	158.3	17.4	121	15	0	0	0	0.0	0	5	0	0.0%
Marshon Lattimore	NOR	0	6	4	66.7%	115	28.8	19.2	1	149.3	14.2	79	36	0	0	0	0.0	0	3	1	25.0%
Marcus Williams	NOR	0	2	2	100.0%	68	34.0	34.0	1	158.3	23.5	47	21	0	0	0	0.0	0	6	1	14.3%
Marcus Davenport	NOR	0	1	1	100.0%	4	4.0	4.0	0	83.3	-3.0	-3	7	1	0	1	0.0	1	1	0	0.0%
Cameron Jordan	NOR	0	1	1	100.0%	15	15.0	15.0	0	118.7	9.0	9	6	0	1	0	0.0	1	6	1	14.3%
Patrick Robinson	NOR	0	2	1	50.0%	3	3.0	1.5	0	56.2	1.5	3	0	1	0	0	0.0	0	2	0	0.0%
Kurt Coleman	NOR	0	1	1	100.0%	20	20.0	20.0	0	118.7	-3.0	-3	23	1	0	0	0.0	0	3	1	25.0%
Alex Anzalone	NOR	0	1	1	100.0%	15	15.0	15.0	0	118.7	9.0	9	6	5	0	0	0.0	0	4	0	0.0%
Demario Davis	NOR	0	1	1	100.0%	35	35.0	35.0	0	118.7	19.0	19	16	9	0	0	0.0	0	8	2	20.0%
Sheldon Rankins	NOR	0	1	1	100.0%	2	2.0	2.0	0	79.2	-2.0	-2	4	0	0	0	0.0	0	3	0	0.0%
Vonn Bell	NOR	0	3	1	33.3%	19	19.0	6.3	0	56.2	9.7	17	2	0	0	0	0.0	0	4	0	0.0%
Tyeler Davison	NOR	0	0	0										0	0	1	0.0	1	4	0	0.0%
A.J. Klein	NOR	0	0	0										0	0	0	0.0	0	2	1	33.3%
Alex Okafor	NOR	0	1	0	0.0%					39.6	0.0			0	0	0	0.0	0	2	0	0.0%"
