advanced_rushing = document.querySelectorAll("#rushing_advanced > tbody")[0].innerText;
advanced_receiving = document.querySelectorAll("#receiving_advanced > tbody")[0].innerText;
advanced_defense = document.querySelectorAll("#defense_advanced > tbody")[0].innerText;
advanced_passing = document.querySelectorAll("#passing_advanced > tbody")[0].innerText;
"Nathan Peterman	BUF	5	18	24			148	8.2	-1	-0.2	-0.1	25	5.0	2	11.1%	5	27.8%	3	8	3	2	1	1.0
Josh Allen	BUF	6	15	74	5	27.8	220	14.7	66	11.0	4.4	8	1.3	1	7.1%	3	21.4%	3	7	6	1	2	7.0
Player	Tm	Cmp	Att	Yds	1D	1D%	IAY	IAY/PA	CAY	CAY/Cmp	CAY/PA	YAC	YAC/Cmp	Drops	Drop%	BadTh	Bad%	Sk	Bltz	Hrry	Hits	Scrm	Yds/Scr
Joe Flacco	BAL	25	34	236	11	31.4	205	6.0	143	5.7	4.2	93	3.7	2	5.9%	3	8.8%	1	3	8	1	0	
Lamar Jackson	BAL	1	4	24	1	20.0	51	12.8	13	13.0	3.3	11	11.0	0	0.0%	1	33.3%	1	1	2	0	1	2.0"
advanced_rushing
"LeSean McCoy	BUF	7	22	1	16	2.3	6	0.9	0	
Marcus Murphy	BUF	6	31		9	1.5	22	3.7	1	6.0
Josh Allen	BUF	4	26	2	18	4.5	8	2.0	0	
Chris Ivory	BUF	3	3		-2	-0.7	5	1.7	1	3.0
Corey Bojorquez	BUF	1	0		0	0.0	0	0.0	0	
Nathan Peterman	BUF	1	1		-1	-1.0	2	2.0	0	
Player	Tm	Att	Yds	1D	YBC	YBC/Att	YAC	YAC/Att	BrkTkl	Att/Br
Kenneth Dixon	BAL	13	44	3	10	0.8	34	2.6	3	4.3
Alex Collins	BAL	7	13	2	-1	-0.1	14	2.0	3	2.3
Lamar Jackson	BAL	7	39	3	24	3.4	15	2.1	0	
Javorius Allen	BAL	4	17	2	4	1.0	13	3.3	0	
Joe Flacco	BAL	2	3	1	1	0.5	2	1.0	0	
John Brown	BAL	1	1	0	1	1.0	0	0.0	0	"
advanced_receiving
"Zay Jones	BUF	6	3	26	2	25	8.3	1	0.3	0		0	0.0
Jason Croom	BUF	3	2	18	1	6	3.0	12	6.0	0		0	0.0
Jeremy Kerley	BUF	4	2	7		-8	-4.0	15	7.5	0		1	25.0
Kelvin Benjamin	BUF	7	1	10		9	9.0	1	1.0	0		0	0.0
Logan Thomas	BUF	2	1	24	1	24	24.0	0	0.0	0		0	0.0
LeSean McCoy	BUF	3	1	-1	0	-5	-5.0	4	4.0	0		1	33.3
Andre Holmes	BUF	1	1	14	1	14	14.0	0	0.0	0		0	0.0
Charles Clay	BUF	2	0	0		0		0		0		0	0.0
Marcus Murphy	BUF	2	0	0		0		0		0		1	50.0
Robert Foster	BUF	2	0	0		0		0		0		0	0.0
Player	Tm	Tgt	Rec	Yds	1D	YBC	YBC/R	YAC	YAC/R	BrkTkl	Rec/Br	Drop	Drop%
Javorius Allen	BAL	6	5	15	1	5	1.0	10	2.0	1	5.0	0	0.0
Willie Snead	BAL	6	4	49	3	25	6.3	24	6.0	0		0	0.0
Maxx Williams	BAL	3	3	32	1	16	5.3	16	5.3	0		0	0.0
Michael Crabtree	BAL	6	3	38	2	32	10.7	6	2.0	0		1	16.7
John Brown	BAL	4	3	44	2	42	14.0	2	0.7	0		0	0.0
Nick Boyle	BAL	6	3	40	2	14	4.7	26	8.7	0		1	16.7
Mark Andrews	BAL	4	3	31	2	21	7.0	10	3.3	0		0	0.0
Chris Moore	BAL	1	1	5		2	2.0	3	3.0	0		0	0.0
Alex Collins	BAL	1	1	6	0	-1	-1.0	7	7.0	0		0	0.0"
advanced_defense
"Tremaine Edmunds	BUF	0	8	6	75.0%	68	11.3	8.5	0	100.0	6.3	30	38	1	1	0	1.0	2	7	3	30.0%
Matt Milano	BUF	0	7	6	85.7%	44	7.3	6.3	0	92.9	3.6	21	23	2	0	0	0.0	0	8	3	27.3%
Rafael Bush	BUF	0	6	6	100.0%	65	10.8	10.8	1	151.4	5.5	33	32	0	0	0	0.0	0	7	0	0.0%
Phillip Gaines	BUF	0	8	5	62.5%	65	13.0	8.1	1	127.6	10.1	51	14	0	0	0	0.0	0	4	1	20.0%
Lorenzo Alexander	BUF	0	3	2	66.7%	7	3.5	2.3	0	70.1	3.3	0	7	2	1	0	0.0	1	8	0	0.0%
Taron Johnson	BUF	0	2	2	100.0%	11	5.5	5.5	1	129.2	5.5	11	0	0	0	0	0.0	0	2	0	0.0%
Micah Hyde	BUF	0	3	2	66.7%	18	9.0	6.0	1	122.2	10.3	17	1	1	0	0	0.0	0	3	0	0.0%
Tre'Davious White	BUF	0	4	2	50.0%	20	10.0	5.0	0	64.6	5.0	13	7	0	0	0	0.0	0	4	2	33.3%
Jordan Poyer	BUF	0	4	2	50.0%	24	12.0	6.0	0	68.7	8.8	20	4	1	0	0	0.0	0	8	1	11.1%
Kyle Williams	BUF	0	0	0										0	2	0	0.5	3	4	0	0.0%
Jerry Hughes	BUF	0	0	0										0	2	1	0.0	3	2	1	33.3%
Shaq Lawson	BUF	0	0	0										0	3	0	0.0	3	1	1	50.0%
Trent Murphy	BUF	0	0	0										0	1	0	0.5	2	1	0	0.0%
Harrison Phillips	BUF	0	0	0										0	1	0	0.0	1	4	0	0.0%
Player	Tm	Int	Tgt	Cmp	Cmp%	Yds	Yds/Cmp	Yds/Tgt	TD	Rat	DADOT	Air	YAC	Bltz	Hrry	QBKD	Sk	Prss	Comb	MTkl	MTkl%
Maurice Canady	BAL	0	2	2	100.0%	24	12.0	12.0	0	116.7	12.0	24	0	0	0	0	0.0	0	4	0	0.0%
Brandon Carr	BAL	1	8	2	25.0%	24	12.0	3.0	0	0.0	14.5	23	1	0	0	0	0.0	0	3	0	0.0%
Tony Jefferson	BAL	1	8	2	25.0%	34	17.0	4.3	0	5.2	15.0	27	7	0	0	0	0.0	0	4	1	20.0%
Kenny Young	BAL	0	2	1	50.0%	2	2.0	1.0	0	56.2	3.0	1	1	5	1	1	1.0	3	4	0	0.0%
Tyus Bowser	BAL	0	2	1	50.0%	-1	-1.0	-0.5	0	56.2	9.0	-5	4	3	2	0	0.0	2	2	0	0.0%
Tavon Young	BAL	0	2	1	50.0%	3	3.0	1.5	0	56.2	3.0	-7	10	4	0	0	2.0	2	3	0	0.0%
Patrick Onwuasor	BAL	0	1	1	100.0%	8	8.0	8.0	0	100.0	3.0	3	5	2	0	0	0.0	0	1	0	0.0%
Marlon Humphrey	BAL	0	6	1	16.7%	4	4.0	0.7	0	39.6	8.2	-1	5	0	0	0	0.0	0	2	1	33.3%
Tim Williams	BAL	0	0	0										1	3	0	1.0	4	2	0	0.0%
Za'Darius Smith	BAL	0	1	0	0.0%					39.6	5.0			1	2	0	1.0	3	5	1	16.7%
Terrell Suggs	BAL	0	1	0	0.0%					39.6	-8.0			6	1	0	1.0	2	2	1	33.3%
Chris Wormley	BAL	0	0	0										0	1	0	0.0	1	1	1	50.0%
Eric Weddle	BAL	0	1	0	0.0%					39.6	10.0			1	0	1	0.0	1	0	0	
Michael Pierce	BAL	0	0	0										0	0	1	0.0	1	1	0	0.0%
C.J. Mosley	BAL	0	1	0	0.0%					39.6	5.0			7	1	0	0.0	1	5	0	0.0%
Brent Urban	BAL	0	0	0										0	1	0	0.0	1	1	0	0.0%
Brandon Williams	BAL	0	0	0										0	0	0	0.0	0	2	1	33.3%
Anthony Levine	BAL	0	0	0										2	0	0	0.0	0	1	0	0.0%
Matt Judon	BAL	0	0	0										2	0	0	0.0	0	1	0	0.0%
Anthony Averett	BAL	0	2	0	0.0%					39.6	32.5			0	0	0	0.0	0	2	0	0.0%
Chris Board	BAL	0	0	0										3	0	0	0.0	0	1	0	0.0%"
