advanced_rushing = document.querySelectorAll("#rushing_advanced > tbody")[0].innerText;
advanced_receiving = document.querySelectorAll("#receiving_advanced > tbody")[0].innerText;
advanced_defense = document.querySelectorAll("#defense_advanced > tbody")[0].innerText;
advanced_passing = document.querySelectorAll("#passing_advanced > tbody")[0].innerText;
"Andrew Luck	IND	19	36	203	10	25.6	308	8.6	155	8.2	4.3	48	2.5	2	5.7%	3	8.6%	3	5	0	2	2	8.5
Player	Tm	Cmp	Att	Yds	1D	1D%	IAY	IAY/PA	CAY	CAY/Cmp	CAY/PA	YAC	YAC/Cmp	Drops	Drop%	BadTh	Bad%	Sk	Bltz	Hrry	Hits	Scrm	Yds/Scr
Patrick Mahomes	KAN	27	41	278	14	31.1	368	9.0	135	5.0	3.3	143	5.3	3	7.5%	7	17.5%	4	10	2	2	2	4.0"
advanced_rushing
"Marlon Mack	IND	9	46	2	28	3.1	18	2.0	0	
Nyheim Hines	IND	3	24	1	12	4.0	12	4.0	0	
Andrew Luck	IND	2	17	1	17	8.5	0	0.0	0	
Player	Tm	Att	Yds	1D	YBC	YBC/Att	YAC	YAC/Att	BrkTkl	Att/Br
Damien Williams	KAN	25	129	9	76	3.0	53	2.1	1	25.0
Patrick Mahomes	KAN	3	8	1	4	1.3	4	1.3	0	
Darrel Williams	KAN	3	9	1	6	2.0	3	1.0	0	
Tyreek Hill	KAN	1	36	1	34	34.0	2	2.0	0	
Sammy Watkins	KAN	1	-2	0	-2	-2.0	0	0.0	0	"
advanced_receiving
"Eric Ebron	IND	9	5	51	2	40	8.0	11	2.2	1	5.0	1	11.1
Chester Rogers	IND	6	5	30	2	30	6.0	0	0.0	0		1	16.7
T.Y. Hilton	IND	11	4	60	2	40	10.0	20	5.0	0		0	0.0
Dontrelle Inman	IND	4	4	55	4	48	12.0	7	1.8	0		0	0.0
Zach Pascal	IND	3	1	7		-3	-3.0	10	10.0	0		0	0.0
Mo Alie-Cox	IND	1	0	0		0		0		0		0	0.0
Ryan Hewitt	IND	1	0	0		0		0		0		0	0.0
Jordan Wilkins	IND	1	0	0		0		0		0		0	0.0
Player	Tm	Tgt	Rec	Yds	1D	YBC	YBC/R	YAC	YAC/R	BrkTkl	Rec/Br	Drop	Drop%
Tyreek Hill	KAN	13	8	72	5	45	5.6	27	3.4	0		1	7.7
Travis Kelce	KAN	10	7	108	6	56	8.0	52	7.4	0		0	0.0
Sammy Watkins	KAN	8	6	62	2	31	5.2	31	5.2	0		1	12.5
Damien Williams	KAN	6	5	25	0	-1	-0.2	26	5.2	0		1	16.7
Gehrig Dieter	KAN	1	1	11	1	5	5.0	6	6.0	0		0	0.0
Chris Conley	KAN	2	0	0		0		0		0		0	0.0
Demetrius Harris	KAN	1	0	0		0		0		0		0	0.0"
advanced_defense
"Kenny Moore	IND	0	11	9	81.8%	85	9.4	7.7	0	98.9	7.7	53	32	5	0	0	2.0	2	13	1	7.1%
Darius Leonard	IND	0	8	7	87.5%	81	11.6	10.1	0	108.9	7.4	34	47	2	0	0	0.0	0	14	1	6.7%
Pierre Desir	IND	0	6	3	50.0%	30	10.0	5.0	0	64.6	10.3	28	2	0	0	0	0.0	0	6	0	0.0%
Quincy Wilson	IND	0	4	3	75.0%	44	14.7	11.0	0	110.4	7.3	22	22	0	0	0	0.0	0	2	2	50.0%
Anthony Walker	IND	0	4	2	50.0%	12	6.0	3.0	0	56.2	0.5	-4	16	3	0	0	0.0	0	6	0	0.0%
Clayton Geathers	IND	0	5	2	40.0%	19	9.5	3.8	0	51.2	14.4	11	8	3	0	0	0.0	0	11	2	15.4%
Margus Hunt	IND	0	1	1	100.0%	0	0.0	0.0	0	79.2	-4.0	-4	4	0	2	0	0.0	2	1	0	0.0%
J.J. Wilcox	IND	0	3	1	33.3%	11	11.0	3.7	0	45.1	24.0	5	6	0	0	0	0.0	0	6	1	14.3%
Denico Autry	IND	0	0	0										0	0	2	1.0	3	4	0	0.0%
Jabaal Sheard	IND	0	0	0										0	0	0	1.0	1	4	1	20.0%
Player	Tm	Int	Tgt	Cmp	Cmp%	Yds	Yds/Cmp	Yds/Tgt	TD	Rat	DADOT	Air	YAC	Bltz	Hrry	QBKD	Sk	Prss	Comb	MTkl	MTkl%
Kendall Fuller	KAN	0	8	5	62.5%	41	8.2	5.1	0	75.5	6.3	22	19	1	0	0	0.0	0	3	2	40.0%
Charvarius Ward	KAN	0	9	5	55.6%	63	12.6	7.0	0	77.5	9.4	41	22	1	0	0	0.0	0	4	0	0.0%
Steven Nelson	KAN	0	6	3	50.0%	54	18.0	9.0	1	120.8	11.3	51	3	0	0	0	0.0	0	2	0	0.0%
Reggie Ragland	KAN	0	4	2	50.0%	20	10.0	5.0	0	64.6	5.3	17	3	0	0	0	0.0	0	2	0	0.0%
Daniel Sorensen	KAN	0	3	1	33.3%	0	0.0	0.0	0	42.4	0.3	0	0	0	0	0	0.0	0	3	0	0.0%
Eric Murray	KAN	0	1	1	100.0%	11	11.0	11.0	0	112.5	11.0	11	0	0	0	0	0.0	0	7	0	0.0%
Tremon Smith	KAN	0	1	1	100.0%	4	4.0	4.0	0	83.3	4.0	4	0	0	0	0	0.0	0	1	0	0.0%
Dee Ford	KAN	0	0	0										0	0	2	1.0	3	4	0	0.0%
Justin Houston	KAN	0	0	0										0	0	0	2.0	2	2	0	0.0%
Anthony Hitchens	KAN	0	1	0	0.0%					39.6	11.0			3	0	0	0.0	0	7	0	0.0%
Jordan Lucas	KAN	0	1	0	0.0%					39.6	37.0			0	0	0	0.0	0	4	0	0.0%"
