advanced_rushing = document.querySelectorAll("#rushing_advanced > tbody")[0].innerText;
advanced_receiving = document.querySelectorAll("#receiving_advanced > tbody")[0].innerText;
advanced_defense = document.querySelectorAll("#defense_advanced > tbody")[0].innerText;
advanced_passing = document.querySelectorAll("#passing_advanced > tbody")[0].innerText;
"Philip Rivers	LAC	25	51	331	16	30.2	577	11.3	204	8.2	4.0	127	5.1	2	4.3%	12	25.5%	2	10	6	4	0	
Player	Tm	Cmp	Att	Yds	1D	1D%	IAY	IAY/PA	CAY	CAY/Cmp	CAY/PA	YAC	YAC/Cmp	Drops	Drop%	BadTh	Bad%	Sk	Bltz	Hrry	Hits	Scrm	Yds/Scr
Tom Brady	NWE	34	44	343	18	40.9	181	4.1	126	3.7	2.9	217	6.4	2	4.5%	7	15.9%	0	5	1	2	0	"
advanced_rushing
"Melvin Gordon	LAC	9	15	2	7	0.8	8	0.9	0	
Justin Jackson	LAC	1	4	0	2	2.0	2	2.0	0	
Player	Tm	Att	Yds	1D	YBC	YBC/Att	YAC	YAC/Att	BrkTkl	Att/Br
Sony Michel	NWE	24	129	7	82	3.4	47	2.0	0	
Rex Burkhead	NWE	4	12	1	9	2.3	3	0.8	0	
Tom Brady	NWE	2	-1	0	-1	-0.5	0	0.0	0	
James Develin	NWE	2	5	2	3	1.5	2	1.0	0	
Julian Edelman	NWE	1	7	0	6	6.0	1	1.0	0	
Cordarrelle Patterson	NWE	1	3		3	3.0	0	0.0	0	"
advanced_receiving
"Tyrell Williams	LAC	7	5	94	4	71	14.2	23	4.6	0		0	0.0
Mike Williams	LAC	11	5	68	4	50	10.0	18	3.6	0		1	9.1
Antonio Gates	LAC	8	5	41	3	21	4.2	20	4.0	0		0	0.0
Justin Jackson	LAC	4	3	22	1	-7	-2.3	29	9.7	0		1	25.0
Austin Ekeler	LAC	5	3	19		-4	-1.3	23	7.7	0		0	0.0
Keenan Allen	LAC	6	2	75	2	68	34.0	7	3.5	0		0	0.0
Melvin Gordon	LAC	2	1	11	1	4	4.0	7	7.0	0		0	0.0
Virgil Green	LAC	1	1	1	1	1	1.0	0	0.0	0		0	0.0
Travis Benjamin	LAC	2	0	0		0		0		0		0	0.0
Hunter Henry	LAC	1	0	0		0		0		0		0	0.0
Player	Tm	Tgt	Rec	Yds	1D	YBC	YBC/R	YAC	YAC/R	BrkTkl	Rec/Br	Drop	Drop%
James White	NWE	17	15	97	5	-18	-1.2	115	7.7	0		1	5.9
Julian Edelman	NWE	13	9	151	8	92	10.2	59	6.6	1	9.0	1	7.7
Phillip Dorsett	NWE	5	4	41	4	36	9.0	5	1.3	0		0	0.0
Chris Hogan	NWE	5	3	13		11	3.7	2	0.7	0		0	0.0
Rob Gronkowski	NWE	1	1	25	1	6	6.0	19	19.0	1	1.0	0	0.0
Sony Michel	NWE	1	1	9	0	-1	-1.0	10	10.0	0		0	0.0
Rex Burkhead	NWE	1	1	7	0	0	0.0	7	7.0	0		0	0.0
Cordarrelle Patterson	NWE	1	0	0		0		0		0		0	0.0"
advanced_defense
"Jahleel Addae	LAC	0	11	9	81.8%	87	9.7	7.9	0	99.6	4.7	40	47	0	0	0	0.0	0	13	0	0.0%
Desmond King	LAC	0	11	7	63.6%	50	7.1	4.5	1	104.4	1.6	29	21	0	0	1	0.0	1	8	0	0.0%
Derwin James	LAC	0	6	6	100.0%	65	10.8	10.8	0	111.8	5.5	33	32	4	0	0	0.0	0	9	0	0.0%
Michael Davis	LAC	0	8	6	75.0%	80	13.3	10.0	0	106.2	8.5	47	33	0	0	0	0.0	0	5	0	0.0%
Adrian Phillips	LAC	0	6	5	83.3%	88	17.6	14.7	0	118.7	1.2	6	82	0	0	0	0.0	0	6	1	14.3%
Casey Hayward	LAC	0	5	4	80.0%	25	6.3	5.0	0	87.5	9.2	14	11	0	0	0	0.0	0	4	3	42.9%
Uchenna Nwosu	LAC	0	1	1	100.0%	7	7.0	7.0	0	95.8	0.0	0	7	1	1	0	0.0	1	4	0	0.0%
Darius Philon	LAC	0	1	1	100.0%	9	9.0	9.0	0	104.2	-1.0	-1	10	0	0	0	0.0	0	2	0	0.0%
Rayshawn Jenkins	LAC	0	1	1	100.0%	19	19.0	19.0	0	118.7	19.0	19	0	0	0	0	0.0	0	9	1	10.0%
Melvin Ingram	LAC	0	0	0										0	0	1	0.0	1	2	2	50.0%
Brandon Mebane	LAC	0	0	0										0	0	0	0.0	0	5	1	16.7%
Isaac Rochell	LAC	0	0	0										0	0	0	0.0	0	2	1	33.3%
Player	Tm	Int	Tgt	Cmp	Cmp%	Yds	Yds/Cmp	Yds/Tgt	TD	Rat	DADOT	Air	YAC	Bltz	Hrry	QBKD	Sk	Prss	Comb	MTkl	MTkl%
Patrick Chung	NWE	0	10	7	70.0%	54	7.7	5.4	1	116.2	5.9	28	26	2	0	1	0.0	1	7	1	12.5%
Jason McCourty	NWE	0	8	6	75.0%	127	21.2	15.9	0	116.7	18.8	98	29	0	0	0	0.0	0	5	0	0.0%
J.C. Jackson	NWE	0	12	5	41.7%	67	13.4	5.6	0	60.1	15.7	51	16	0	0	0	0.0	0	4	0	0.0%
Dont'a Hightower	NWE	0	3	3	100.0%	16	5.3	5.3	1	128.5	1.7	5	11	7	1	0	0.0	1	2	0	0.0%
Devin McCourty	NWE	0	6	3	50.0%	56	18.7	9.3	0	82.6	17.7	40	16	1	0	0	0.0	0	7	0	0.0%
Kyle Van Noy	NWE	0	8	3	37.5%	22	7.3	2.8	0	45.8	6.9	-7	29	6	0	0	0.0	0	4	0	0.0%
John Simon	NWE	0	1	1	100.0%	15	15.0	15.0	0	118.7	6.0	6	9	2	0	0	0.0	0	2	1	33.3%
Stephon Gilmore	NWE	1	6	1	16.7%	43	43.0	7.2	1	56.9	22.2	40	3	0	0	0	0.0	0	1	0	0.0%
Adam Butler	NWE	0	0	0										0	3	1	0.0	4	1	0	0.0%
Trey Flowers	NWE	0	0	0										0	1	1	1.0	3	1	0	0.0%
Adrian Clayborn	NWE	0	0	0										0	0	1	1.0	2	2	0	0.0%"
