advanced_rushing = document.querySelectorAll("#rushing_advanced > tbody")[0].innerText;
advanced_receiving = document.querySelectorAll("#receiving_advanced > tbody")[0].innerText;
advanced_defense = document.querySelectorAll("#defense_advanced > tbody")[0].innerText;
advanced_passing = document.querySelectorAll("#passing_advanced > tbody")[0].innerText;
"Sam Darnold	NYJ	23	36	199	10	26.3	238	6.6	113	4.9	3.1	86	3.7	2	6.1%	5	15.2%	2	9	3	0	0	
Player	Tm	Cmp	Att	Yds	1D	1D%	IAY	IAY/PA	CAY	CAY/Cmp	CAY/PA	YAC	YAC/Cmp	Drops	Drop%	BadTh	Bad%	Sk	Bltz	Hrry	Hits	Scrm	Yds/Scr
Matt Barkley	BUF	18	35	232	10	27.8	272	7.8	130	7.2	3.7	102	5.7	4	11.8%	5	14.7%	1	14	1	1	0	
Josh Allen	BUF	3	5	5			34	6.8	-12	-4.0	-2.4	17	5.7	0	0.0%	2	40.0%	0	3	0	0	0	"
advanced_rushing
"Le'Veon Bell	NYJ	16	41	5	-2	-0.1	43	2.7	3	5.3
Bilal Powell	NYJ	7	27	1	8	1.1	19	2.7	0	
Sam Darnold	NYJ	3	-2	0	-2	-0.7	0	0.0	0	
Vyncint Smith	NYJ	1	20	1	19	19.0	1	1.0	0	
Player	Tm	Att	Yds	1D	YBC	YBC/Att	YAC	YAC/Att	BrkTkl	Att/Br
T.J. Yeldon	BUF	7	18	3	2	0.3	16	2.3	4	1.8
Frank Gore	BUF	6	26	1	6	1.0	20	3.3	3	2.0
Senorise Perry	BUF	3	3		0	0.0	3	1.0	1	3.0
Matt Barkley	BUF	2	-4	0	-4	-2.0	0	0.0	0	
Isaiah McKenzie	BUF	2	30	2	28	14.0	2	1.0	0	"
advanced_receiving
"Jamison Crowder	NYJ	10	8	66	4	39	4.9	27	3.4	1	8.0	0	0.0
Le'Veon Bell	NYJ	5	5	36	1	-2	-0.4	38	7.6	1	5.0	0	0.0
Robby Anderson	NYJ	7	3	18	1	14	4.7	4	1.3	0		1	14.3
Daniel Brown	NYJ	4	3	32	1	28	9.3	4	1.3	0		1	25.0
Vyncint Smith	NYJ	4	3	36	2	31	10.3	5	1.7	0		0	0.0
Braxton Berrios	NYJ	2	1	11	1	3	3.0	8	8.0	1	1.0	0	0.0
Trevon Wesco	NYJ	1	0	0		0		0		0		0	0.0
Player	Tm	Tgt	Rec	Yds	1D	YBC	YBC/R	YAC	YAC/R	BrkTkl	Rec/Br	Drop	Drop%
Duke Williams	BUF	12	6	108	4	74	12.3	34	5.7	2	3.0	2	16.7
Tommy Sweeney	BUF	5	5	76	3	50	10.0	26	5.2	1	5.0	0	0.0
Frank Gore	BUF	4	3	16	1	-2	-0.7	18	6.0	1	3.0	0	0.0
T.J. Yeldon	BUF	4	3	24	1	-9	-3.0	33	11.0	0		0	0.0
Isaiah McKenzie	BUF	5	2	7	1	7	3.5	0	0.0	0		1	20.0
Tyler Kroft	BUF	4	1	5		-1	-1.0	6	6.0	0		1	25.0
Senorise Perry	BUF	1	1	1		-1	-1.0	2	2.0	0		0	0.0
Robert Foster	BUF	4	0	0		0		0		0		0	0.0"
advanced_defense
"Arthur Maulet	NYJ	1	10	6	60.0%	93	15.5	9.3	0	51.2	12.1	53	40	0	0	0	0.0	0	7	2	22.2%
James Burgess	NYJ	1	8	6	75.0%	63	10.5	7.9	0	57.8	2.0	8	55	2	0	0	0.0	0	9	3	25.0%
Brian Poole	NYJ	0	3	2	66.7%	7	3.5	2.3	0	70.1	6.7	7	0	1	0	0	0.0	0	3	2	40.0%
Jamal Adams	NYJ	0	5	2	40.0%	27	13.5	5.4	0	57.9	5.0	14	13	14	0	0	0.0	0	3	1	25.0%
Tarell Basham	NYJ	0	1	1	100.0%	11	11.0	11.0	0	112.5	7.0	7	4	3	0	1	0.0	1	2	0	0.0%
Maurice Canady	NYJ	0	5	1	20.0%	5	5.0	1.0	0	39.6	16.4	5	0	1	0	0	0.0	0	2	0	0.0%
Neville Hewitt	NYJ	0	3	1	33.3%	17	17.0	5.7	0	53.5	9.0	12	5	5	0	0	0.0	0	4	1	20.0%
Marcus Maye	NYJ	0	1	1	100.0%	13	13.0	13.0	0	118.7	13.0	13	0	0	0	0	0.0	0	7	0	0.0%
Nathan Shepherd	NYJ	0	1	1	100.0%	1	1.0	1.0	0	79.2	-1.0	-1	2	0	0	0	0.0	0	2	0	0.0%
Jordan Jenkins	NYJ	0	0	0										12	0	0	1.0	1	3	0	0.0%
Brandon Copeland	NYJ	0	1	0	0.0%					39.6	0.0			3	0	0	0.0	0	1	0	0.0%
Folorunso Fatukasi	NYJ	0	0	0										0	0	0	0.0	0	1	1	50.0%
Frankie Luvu	NYJ	0	0	0										1	0	0	0.0	0	0	0	
Kyle Phillips	NYJ	0	0	0										0	0	0	0.0	0	1	1	50.0%
Player	Tm	Int	Tgt	Cmp	Cmp%	Yds	Yds/Cmp	Yds/Tgt	TD	Rat	DADOT	Air	YAC	Bltz	Hrry	QBKD	Sk	Prss	Comb	MTkl	MTkl%
Siran Neal	BUF	0	5	4	80.0%	30	7.5	6.0	0	91.7	7.0	26	4	0	0	0	0.0	0	6	1	14.3%
Corey Thompson	BUF	0	6	4	66.7%	26	6.5	4.3	0	75.7	4.0	11	15	3	0	0	0.0	0	5	1	16.7%
Dean Marlowe	BUF	0	4	3	75.0%	14	4.7	3.5	1	118.7	3.0	10	4	1	0	0	0.0	0	4	0	0.0%
Taron Johnson	BUF	0	6	3	50.0%	44	14.7	7.3	0	74.3	15.0	38	6	1	0	0	0.0	0	5	1	16.7%
Jaquan Johnson	BUF	0	2	2	100.0%	13	6.5	6.5	0	93.7	-3.0	-6	19	0	0	0	0.0	0	3	0	0.0%
Kevin Johnson	BUF	0	4	2	50.0%	16	8.0	4.0	0	60.4	11.3	14	2	0	0	0	0.0	0	2	0	0.0%
Julian Stanford	BUF	0	1	1	100.0%	5	5.0	5.0	0	87.5	4.0	4	1	5	0	0	0.0	0	3	1	25.0%
Jordan Phillips	BUF	0	1	1	100.0%	15	15.0	15.0	0	118.7	-5.0	-5	20	0	0	0	0.0	0	2	1	33.3%
Levi Wallace	BUF	1	1	1	100.0%	9	9.0	9.0	0	64.6	-1.0	-1	10	0	0	0	0.0	0	2	1	33.3%
Kurt Coleman	BUF	0	2	1	50.0%	21	21.0	10.5	0	87.5	9.0	17	4	3	0	0	0.0	0	2	1	33.3%
Trent Murphy	BUF	0	0	0										0	2	0	2.0	4	3	0	0.0%
Vincent Taylor	BUF	0	0	0										0	1	0	0.0	1	1	0	0.0%
Matt Milano	BUF	0	0	0										0	0	0	0.0	0	1	1	50.0%
Jordan Poyer	BUF	0	0	0										1	0	0	0.0	0	2	0	0.0%"
