advanced_rushing = document.querySelectorAll("#rushing_advanced > tbody")[0].innerText;
advanced_receiving = document.querySelectorAll("#receiving_advanced > tbody")[0].innerText;
advanced_defense = document.querySelectorAll("#defense_advanced > tbody")[0].innerText;
advanced_passing = document.querySelectorAll("#passing_advanced > tbody")[0].innerText;
"Drew Brees	NOR	19	30	253	15	50.0	214	7.1	99	5.2	3.3	154	8.1	2	7.1%	2	7.1%	0	9	4	0	0	
Teddy Bridgewater	NOR	1	1	14	1	50.0	-7	-7.0	-7	-7.0	-7.0	21	21.0	0	0.0%	0	0.0%	1	0	0	1	0	
Player	Tm	Cmp	Att	Yds	1D	1D%	IAY	IAY/PA	CAY	CAY/Cmp	CAY/PA	YAC	YAC/Cmp	Drops	Drop%	BadTh	Bad%	Sk	Bltz	Hrry	Hits	Scrm	Yds/Scr
Kyle Allen	CAR	25	41	295	13	31.0	284	6.9	143	5.7	3.5	152	6.1	2	4.9%	6	14.6%	1	11	3	1	2	2.5
Will Grier	CAR	1	8	4			89	11.1	-4	-4.0	-0.5	8	8.0	1	12.5%	4	50.0%	1	4	2	0	2	2.5"
advanced_rushing
"Latavius Murray	NOR	17	61	3	24	1.4	37	2.2	1	17.0
Alvin Kamara	NOR	8	39	3	16	2.0	23	2.9	3	2.7
Teddy Bridgewater	NOR	3	-3	0	-3	-1.0	0	0.0	0	
Deonte Harris	NOR	2	13		11	5.5	2	1.0	0	
Taysom Hill	NOR	2	4	0	2	1.0	2	1.0	0	
Dwayne Washington	NOR	2	2		0	0.0	2	1.0	0	
Drew Brees	NOR	1	-1	0	-1	-1.0	0	0.0	0	
Player	Tm	Att	Yds	1D	YBC	YBC/Att	YAC	YAC/Att	BrkTkl	Att/Br
Christian McCaffrey	CAR	9	26	2	14	1.6	12	1.3	1	9.0
Will Grier	CAR	3	5		4	1.3	1	0.3	0	
Kyle Allen	CAR	2	5	0	2	1.0	3	1.5	0	
Reggie Bonnafon	CAR	2	3	0	3	1.5	0	0.0	0	
Mike Davis	CAR	2	2		-1	-0.5	3	1.5	0	"
advanced_receiving
"Tre'Quan Smith	NOR	5	5	56	5	20	4.0	36	7.2	1	5.0	0	0.0
Michael Thomas	NOR	9	4	37	3	23	5.8	14	3.5	0		1	11.1
Josh Hill	NOR	5	3	35	2	5	1.7	30	10.0	0		0	0.0
Jared Cook	NOR	2	2	44	2	41	20.5	3	1.5	0		0	0.0
Alvin Kamara	NOR	3	2	18	1	-4	-2.0	22	11.0	0		1	33.3
Ted Ginn	NOR	2	1	10	1	9	9.0	1	1.0	0		0	0.0
Taysom Hill	NOR	1	1	45	1	4	4.0	41	41.0	0		0	0.0
Latavius Murray	NOR	1	1	14	1	-7	-7.0	21	21.0	0		0	0.0
Ricky Ortiz	NOR	1	1	8		1	1.0	7	7.0	1	1.0	0	0.0
Player	Tm	Tgt	Rec	Yds	1D	YBC	YBC/R	YAC	YAC/R	BrkTkl	Rec/Br	Drop	Drop%
Christian McCaffrey	CAR	10	7	72	2	9	1.3	63	9.0	2	3.5	1	10.0
Brandon Zylstra	CAR	8	6	96	4	87	14.5	9	1.5	0		0	0.0
Curtis Samuel	CAR	4	2	13	1	8	4.0	5	2.5	0		0	0.0
Greg Olsen	CAR	6	2	12		5	2.5	7	3.5	0		0	0.0
Chris Hogan	CAR	4	2	14	1	9	4.5	5	2.5	0		0	0.0
DeAndrew White	CAR	5	2	31	2	8	4.0	23	11.5	0		0	0.0
Jarius Wright	CAR	5	2	10	1	5	2.5	5	2.5	0		2	40.0
Reggie Bonnafon	CAR	2	2	39	1	6	3.0	33	16.5	0		0	0.0
Ian Thomas	CAR	5	1	12	1	2	2.0	10	10.0	0		0	0.0"
advanced_defense
"Justin Hardee	NOR	0	10	7	70.0%	111	15.9	11.1	0	106.7	10.7	82	29	1	1	0	0.0	1	6	1	14.3%
Janoris Jenkins	NOR	1	6	4	66.7%	32	8.0	5.3	0	40.3	7.0	17	15	1	0	0	0.0	0	5	0	0.0%
Craig Robertson	NOR	0	4	4	100.0%	39	9.8	9.8	0	107.3	3.3	13	26	4	0	0	0.0	0	4	2	33.3%
A.J. Klein	NOR	1	8	3	37.5%	13	4.3	1.6	0	6.2	3.3	-4	17	2	0	1	0.0	1	6	0	0.0%
Patrick Robinson	NOR	0	7	2	28.6%	13	6.5	1.9	0	39.6	9.3	5	8	4	0	0	0.0	0	4	0	0.0%
Marshon Lattimore	NOR	0	6	2	33.3%	20	10.0	3.3	0	43.7	15.2	11	9	0	0	0	0.0	0	3	0	0.0%
Chauncey Gardner-Johnson	NOR	0	3	2	66.7%	13	6.5	4.3	0	75.7	6.3	0	13	2	0	0	0.0	0	2	0	0.0%
Kiko Alonso	NOR	0	2	1	50.0%	4	4.0	2.0	0	56.2	0.5	-4	8	4	1	0	0.0	1	0	0	
Demario Davis	NOR	0	2	1	50.0%	8	8.0	4.0	0	60.4	2.5	2	6	2	1	0	0.0	1	2	1	33.3%
D.J. Swearinger	NOR	0	3	1	33.3%	28	28.0	9.3	0	68.7	6.3	10	18	2	0	0	0.0	0	1	1	50.0%
P.J. Williams	NOR	0	3	1	33.3%	4	4.0	1.3	0	42.4	13.0	2	2	3	0	0	0.0	0	3	0	0.0%
Mario Edwards	NOR	0	0	0										0	1	0	1.0	2	3	0	0.0%
Taylor Stallworth	NOR	0	0	0										0	1	0	0.0	1	2	0	0.0%
Cameron Jordan	NOR	0	0	0										0	0	0	1.0	1	1	0	0.0%
Trey Hendrickson	NOR	0	0	0										0	1	0	0.0	1	2	0	0.0%
David Onyemata	NOR	0	0	0										0	0	0	0.0	0	1	1	50.0%
Carl Granderson	NOR	0	0	0										0	0	0	0.0	0	2	1	33.3%
J.T. Gray	NOR	0	0	0										2	0	0	0.0	0	0	0	
Player	Tm	Int	Tgt	Cmp	Cmp%	Yds	Yds/Cmp	Yds/Tgt	TD	Rat	DADOT	Air	YAC	Bltz	Hrry	QBKD	Sk	Prss	Comb	MTkl	MTkl%
Ross Cockrell	CAR	0	4	4	100.0%	38	9.5	9.5	0	106.2	5.3	21	17	0	0	0	0.0	0	6	1	14.3%
Eric Reid	CAR	0	4	4	100.0%	59	14.8	14.8	1	158.3	6.8	27	32	2	0	0	0.0	0	11	0	0.0%
Jermaine Carter	CAR	0	4	3	75.0%	21	7.0	5.3	0	86.5	1.8	5	16	0	0	0	0.0	0	10	1	9.1%
Tre Boston	CAR	0	8	3	37.5%	25	8.3	3.1	1	85.9	13.1	14	11	0	0	0	0.0	0	5	0	0.0%
Javien Elliott	CAR	0	4	2	50.0%	55	27.5	13.8	0	95.8	10.8	24	31	3	0	0	0.0	0	3	1	25.0%
Luke Kuechly	CAR	0	2	1	50.0%	7	7.0	3.5	0	58.3	2.5	4	3	0	1	0	0.0	1	6	0	0.0%
Donte Jackson	CAR	0	1	1	100.0%	3	3.0	3.0	0	79.2	0.0	0	3	0	0	0	0.0	0	1	0	0.0%
Gerald McCoy	CAR	0	1	1	100.0%	14	14.0	14.0	0	118.7	-7.0	-7	21	0	0	0	0.0	0	3	1	25.0%
Brian Burns	CAR	0	0	0										0	1	1	1.0	3	2	1	33.3%
Mario Addison	CAR	0	0	0										1	1	0	0.0	1	2	0	0.0%
Bruce Irvin	CAR	0	0	0										3	0	0	0.0	0	1	1	50.0%
James Bradberry	CAR	0	3	0	0.0%					39.6	11.0			0	0	0	0.0	0	0	0	
Andre Smith	CAR	0	0	0										1	0	0	0.0	0	1	0	0.0%
Wes Horton	CAR	0	0	0										0	0	0	0.0	0	1	1	50.0%"
