advanced_rushing = document.querySelectorAll("#rushing_advanced > tbody")[0].innerText;
advanced_receiving = document.querySelectorAll("#receiving_advanced > tbody")[0].innerText;
advanced_defense = document.querySelectorAll("#defense_advanced > tbody")[0].innerText;
advanced_passing = document.querySelectorAll("#passing_advanced > tbody")[0].innerText;
"Case Keenum	WAS	18	37	206	8	20.5	241	6.5	101	5.6	2.7	105	5.8	3	8.8%	7	20.6%	2	10	3	3	0	
Player	Tm	Cmp	Att	Yds	1D	1D%	IAY	IAY/PA	CAY	CAY/Cmp	CAY/PA	YAC	YAC/Cmp	Drops	Drop%	BadTh	Bad%	Sk	Bltz	Hrry	Hits	Scrm	Yds/Scr
Dak Prescott	DAL	23	33	303	13	36.1	206	6.2	161	7.0	4.9	142	6.2	3	9.1%	3	9.1%	3	7	0	3	1	13.0"
advanced_rushing
"Adrian Peterson	WAS	13	78	3	58	4.5	20	1.5	0	
Wendell Smallwood	WAS	3	5		0	0.0	5	1.7	1	3.0
Chris Thompson	WAS	3	11	1	-2	-0.7	13	4.3	1	3.0
Steven Sims	WAS	1	-6	0	-6	-6.0	0	0.0	0	
Player	Tm	Att	Yds	1D	YBC	YBC/Att	YAC	YAC/Att	BrkTkl	Att/Br
Ezekiel Elliott	DAL	18	122	5	63	3.5	59	3.3	1	18.0
Tony Pollard	DAL	14	60	3	26	1.9	34	2.4	0	
Dak Prescott	DAL	3	35	1	21	7.0	14	4.7	1	3.0
Amari Cooper	DAL	1	6	0	5	5.0	1	1.0	0	"
advanced_receiving
"Steven Sims	WAS	8	5	81	3	25	5.0	56	11.2	0		1	12.5
Hale Hentges	WAS	7	4	62	3	32	8.0	30	7.5	0		1	14.3
Kelvin Harmon	WAS	5	3	33	1	31	10.3	2	0.7	0		1	20.0
Jeremy Sprinkle	WAS	6	3	18	1	12	4.0	6	2.0	0		0	0.0
Adrian Peterson	WAS	4	1	0	0	0	0.0	0	0.0	0		0	0.0
Cam Sims	WAS	2	1	12		5	5.0	7	7.0	0		0	0.0
Chris Thompson	WAS	3	1	0	0	-4	-4.0	4	4.0	1	1.0	0	0.0
Player	Tm	Tgt	Rec	Yds	1D	YBC	YBC/R	YAC	YAC/R	BrkTkl	Rec/Br	Drop	Drop%
Randall Cobb	DAL	6	5	81	4	33	6.6	48	9.6	0		0	0.0
Michael Gallup	DAL	7	5	98	3	37	7.4	61	12.2	1	5.0	2	28.6
Amari Cooper	DAL	5	4	92	3	73	18.3	19	4.8	1	4.0	0	0.0
Jason Witten	DAL	4	4	24	2	19	4.8	5	1.3	0		0	0.0
Ezekiel Elliott	DAL	5	3	2	1	4	1.3	-2	-0.7	0		1	20.0
Tavon Austin	DAL	2	1	1		-1	-1.0	2	2.0	0		0	0.0
Tony Pollard	DAL	2	1	5	0	-4	-4.0	9	9.0	0		0	0.0
Blake Jarwin	DAL	1	0	0		0		0		0		0	0.0"
advanced_defense
"Aaron Colvin	WAS	0	8	7	87.5%	108	15.4	13.5	1	158.3	12.0	85	23	0	0	0	0.0	0	4	1	20.0%
Kayvon Webster	WAS	0	5	4	80.0%	80	20.0	16.0	1	158.3	8.8	32	48	0	0	0	0.0	0	3	0	0.0%
Jonathan Bostic	WAS	0	3	3	100.0%	18	6.0	6.0	0	91.7	4.7	14	4	4	0	0	0.0	0	6	1	14.3%
Coty Sensabaugh	WAS	0	6	3	50.0%	32	10.7	5.3	0	66.0	4.0	17	15	2	0	0	0.0	0	4	0	0.0%
Ryan Anderson	WAS	0	2	2	100.0%	18	9.0	9.0	1	143.7	4.5	9	9	5	0	1	0.0	1	4	1	20.0%
Jeremy Reaves	WAS	0	3	2	66.7%	38	19.0	12.7	1	149.3	5.7	8	30	1	0	1	0.0	1	4	1	20.0%
Shaun Dion Hamilton	WAS	0	2	1	50.0%	-8	-8.0	-4.0	0	56.2	-0.5	-5	-3	1	0	0	0.0	0	4	0	0.0%
Cole Holcomb	WAS	0	1	1	100.0%	17	17.0	17.0	0	118.7	1.0	1	16	0	0	0	0.0	0	6	0	0.0%
Montez Sweat	WAS	0	1	0	0.0%					39.6	2.0			4	0	1	2.0	3	5	0	0.0%
Jonathan Allen	WAS	0	0	0										0	0	0	1.0	1	8	0	0.0%
Kenny Ladler	WAS	0	0	0										0	0	0	0.0	0	4	4	50.0%
Nate Orchard	WAS	0	0	0										1	0	0	0.0	0	2	2	50.0%
Player	Tm	Int	Tgt	Cmp	Cmp%	Yds	Yds/Cmp	Yds/Tgt	TD	Rat	DADOT	Air	YAC	Bltz	Hrry	QBKD	Sk	Prss	Comb	MTkl	MTkl%
Jourdan Lewis	DAL	0	9	5	55.6%	102	20.4	11.3	0	95.6	9.8	34	68	0	0	0	0.0	0	5	0	0.0%
Sean Lee	DAL	0	4	3	75.0%	24	8.0	6.0	0	89.6	5.3	3	21	3	0	0	0.0	0	3	2	40.0%
Jaylon Smith	DAL	1	5	3	60.0%	23	7.7	4.6	0	31.7	5.6	18	5	2	0	0	0.0	0	9	0	0.0%
Jeff Heath	DAL	0	5	2	40.0%	15	7.5	3.0	0	47.9	6.2	6	9	4	0	0	0.0	0	8	0	0.0%
Chidobe Awuzie	DAL	0	5	2	40.0%	11	5.5	2.2	0	47.9	7.6	9	2	0	0	0	0.0	0	5	0	0.0%
Malcolm Smith	DAL	0	3	1	33.3%	0	0.0	0.0	0	42.4	-2.7	0	0	2	0	0	0.0	0	3	1	25.0%
Maliek Collins	DAL	0	0	0										0	0	2	0.0	2	0	1	100.0%
Robert Quinn	DAL	0	0	0										0	0	1	1.0	2	3	0	0.0%
Kerry Hyder	DAL	0	0	0										0	1	0	1.0	2	4	1	20.0%
Michael Bennett	DAL	0	0	0										0	1	0	0.0	1	2	1	33.3%
Christian Covington	DAL	0	1	0	0.0%					39.6	-5.0			0	1	0	0.0	1	4	0	0.0%
Xavier Woods	DAL	0	1	0	0.0%					39.6	7.0			0	0	0	0.0	0	2	0	0.0%"
