advanced_rushing = document.querySelectorAll("#rushing_advanced > tbody")[0].innerText;
advanced_receiving = document.querySelectorAll("#receiving_advanced > tbody")[0].innerText;
advanced_defense = document.querySelectorAll("#defense_advanced > tbody")[0].innerText;
advanced_passing = document.querySelectorAll("#passing_advanced > tbody")[0].innerText;
"Derek Carr	OAK	29	46	391	13	27.1	305	6.6	184	6.3	4.0	207	7.1	3	7.3%	3	7.3%	2	5	4	2	0	
Player	Tm	Cmp	Att	Yds	1D	1D%	IAY	IAY/PA	CAY	CAY/Cmp	CAY/PA	YAC	YAC/Cmp	Drops	Drop%	BadTh	Bad%	Sk	Bltz	Hrry	Hits	Scrm	Yds/Scr
Drew Lock	DEN	17	28	177	10	33.3	229	8.2	108	6.4	3.9	69	4.1	1	3.8%	5	19.2%	2	6	6	3	4	7.5"
advanced_rushing
"DeAndre Washington	OAK	17	77	3	30	1.8	47	2.8	1	17.0
Jalen Richard	OAK	3	20	0	17	5.7	3	1.0	0	
Derek Carr	OAK	1	0	0	0	0.0	0	0.0	0	
Alec Ingold	OAK	1	0		0	0.0	0	0.0	0	
Player	Tm	Att	Yds	1D	YBC	YBC/Att	YAC	YAC/Att	BrkTkl	Att/Br
Phillip Lindsay	DEN	18	53		18	1.0	35	1.9	6	3.0
Drew Lock	DEN	6	29	1	23	3.8	6	1.0	1	6.0
Royce Freeman	DEN	2	-4		-4	-2.0	0	0.0	0	
Diontae Spencer	DEN	1	-8		-8	-8.0	0	0.0	0	"
advanced_receiving
"DeAndre Washington	OAK	9	8	55	2	13	1.6	42	5.3	0		0	0.0
Darren Waller	OAK	10	6	107	3	16	2.7	91	15.2	0		1	10.0
Hunter Renfrow	OAK	9	6	102	3	81	13.5	21	3.5	2	3.0	1	11.1
Marcell Ateman	OAK	7	3	46	2	31	10.3	15	5.0	0		1	14.3
Jalen Richard	OAK	2	2	39	1	3	1.5	36	18.0	0		0	0.0
Zay Jones	OAK	2	2	21	1	21	10.5	0	0.0	0		0	0.0
Derek Carrier	OAK	1	1	4		4	4.0	0	0.0	0		0	0.0
Rico Gafford	OAK	1	1	17	1	15	15.0	2	2.0	0		0	0.0
Player	Tm	Tgt	Rec	Yds	1D	YBC	YBC/R	YAC	YAC/R	BrkTkl	Rec/Br	Drop	Drop%
DaeSean Hamilton	DEN	6	5	65	5	48	9.6	17	3.4	0		0	0.0
Courtland Sutton	DEN	8	4	52	3	35	8.8	17	4.3	1	4.0	1	12.5
Devontae Booker	DEN	2	2	17		5	2.5	12	6.0	0		0	0.0
Andrew Beck	DEN	2	2	8	1	4	2.0	4	2.0	0		0	0.0
Troy Fumagalli	DEN	2	1	9		2	2.0	7	7.0	0		0	0.0
Tim Patrick	DEN	2	1	14	1	15	15.0	-1	-1.0	0		0	0.0
Royce Freeman	DEN	1	1	8		4	4.0	4	4.0	0		0	0.0
Noah Fant	DEN	2	1	4		-5	-5.0	9	9.0	1	1.0	0	0.0
Phillip Lindsay	DEN	1	0	0		0		0		0		0	0.0"
advanced_defense
"Lamarcus Joyner	OAK	0	8	5	62.5%	56	11.2	7.0	0	83.3	7.1	31	25	0	0	0	0.0	0	3	1	25.0%
Curtis Riley	OAK	0	4	3	75.0%	35	11.7	8.8	0	101.0	12.0	24	11	3	1	0	0.0	1	7	3	30.0%
Erik Harris	OAK	0	5	3	60.0%	50	16.7	10.0	0	93.7	17.8	48	2	1	0	0	0.0	0	4	0	0.0%
Daryl Worley	OAK	0	3	3	100.0%	41	13.7	13.7	0	118.7	10.0	30	11	1	0	0	0.0	0	2	1	33.3%
Tahir Whitehead	OAK	0	2	2	100.0%	16	8.0	8.0	0	100.0	4.5	9	7	0	0	0	0.0	0	5	0	0.0%
Trayvon Mullen	OAK	0	5	2	40.0%	23	11.5	4.6	0	54.6	12.2	17	6	0	0	0	0.0	0	4	0	0.0%
Benson Mayowa	OAK	0	1	1	100.0%	9	9.0	9.0	0	104.2	2.0	2	7	0	0	1	0.0	1	1	0	0.0%
Clelin Ferrell	OAK	0	1	1	100.0%	4	4.0	4.0	0	83.3	-5.0	-5	9	0	1	0	0.0	1	2	0	0.0%
Nicholas Morrow	OAK	0	1	1	100.0%	9	9.0	9.0	0	104.2	5.0	5	4	1	1	0	0.0	1	3	1	25.0%
William Compton	OAK	0	2	1	50.0%	8	8.0	4.0	0	60.4	7.0	5	3	1	0	0	0.0	0	5	1	16.7%
Maxx Crosby	OAK	0	0	0										0	3	0	1.5	5	5	1	16.7%
P.J. Hall	OAK	0	0	0										0	0	1	0.0	1	0	0	
Johnathan Hankins	OAK	0	0	0										0	0	0	0.5	1	2	2	50.0%
Maurice Hurst	OAK	0	1	0	0.0%					39.6	-10.0			0	0	1	0.0	1	2	0	0.0%
Nevin Lawson	OAK	0	1	0	0.0%					39.6	21.0			0	0	0	0.0	0	3	0	0.0%
Kyle Wilber	OAK	0	1	0	0.0%					39.6	4.0			0	0	0	0.0	0	0	0	
Player	Tm	Int	Tgt	Cmp	Cmp%	Yds	Yds/Cmp	Yds/Tgt	TD	Rat	DADOT	Air	YAC	Bltz	Hrry	QBKD	Sk	Prss	Comb	MTkl	MTkl%
Isaac Yiadom	DEN	0	13	8	61.5%	95	11.9	7.3	0	83.8	10.8	78	17	0	0	0	0.0	0	5	0	0.0%
Todd Davis	DEN	0	8	6	75.0%	30	5.0	3.8	0	80.2	2.0	10	20	0	0	0	0.0	0	13	0	0.0%
Alexander Johnson	DEN	0	5	4	80.0%	52	13.0	10.4	0	110.0	2.4	12	40	1	0	0	0.0	0	11	0	0.0%
Trey Marshall	DEN	0	6	4	66.7%	71	17.8	11.8	0	106.9	16.8	65	6	0	0	0	0.0	0	7	1	12.5%
Will Parks	DEN	0	6	3	50.0%	45	15.0	7.5	1	114.6	13.7	31	14	1	1	0	0.0	1	3	1	25.0%
Justin Simmons	DEN	0	4	3	75.0%	32	10.7	8.0	0	97.9	5.3	17	15	0	0	0	0.0	0	4	0	0.0%
Josey Jewell	DEN	0	2	2	100.0%	10	5.0	5.0	0	87.5	2.5	5	5	0	0	0	0.0	0	3	0	0.0%
Chris Harris	DEN	0	3	2	66.7%	20	10.0	6.7	0	85.4	4.3	17	3	0	0	0	0.0	0	2	0	0.0%
Jeremiah Attaochu	DEN	0	1	1	100.0%	75	75.0	75.0	0	118.7	-5.0	-5	80	0	0	0	1.0	1	2	0	0.0%
Justin Hollins	DEN	0	1	1	100.0%	3	3.0	3.0	0	79.2	2.0	2	1	0	1	0	0.0	1	2	0	0.0%
Von Miller	DEN	0	0	0										0	1	2	1.0	4	4	0	0.0%
Mike Purcell	DEN	0	0	0										0	1	0	0.0	1	5	1	16.7%"
