advanced_rushing = document.querySelectorAll("#rushing_advanced > tbody")[0].innerText;
advanced_receiving = document.querySelectorAll("#receiving_advanced > tbody")[0].innerText;
advanced_defense = document.querySelectorAll("#defense_advanced > tbody")[0].innerText;
advanced_passing = document.querySelectorAll("#passing_advanced > tbody")[0].innerText;
"Aaron Rodgers	GNB	27	55	323	18	32.1	770	14.0	188	7.0	3.4	135	5.0	2	3.7%	19	35.2%	1	13	1	5	1	2.0
Player	Tm	Cmp	Att	Yds	1D	1D%	IAY	IAY/PA	CAY	CAY/Cmp	CAY/PA	YAC	YAC/Cmp	Drops	Drop%	BadTh	Bad%	Sk	Bltz	Hrry	Hits	Scrm	Yds/Scr
David Blough	DET	12	29	122	4	13.3	264	9.1	84	7.0	2.9	38	3.2	2	7.1%	10	35.7%	1	9	2	2	2	5.5
Danny Amendola	DET	1	1	19	1	100.0	14	14.0	14	14.0	14.0	5	5.0	0	0.0%	0	0.0%	0	1	0	0	0	"
advanced_rushing
"Aaron Jones	GNB	25	100	5	33	1.3	67	2.7	6	4.2
Aaron Rodgers	GNB	2	1	0	1	0.5	0	0.0	0	
Dexter Williams	GNB	2	9		4	2.0	5	2.5	0	
Tyler Ervin	GNB	1	10	1	3	3.0	7	7.0	1	1.0
Player	Tm	Att	Yds	1D	YBC	YBC/Att	YAC	YAC/Att	BrkTkl	Att/Br
Kerryon Johnson	DET	11	53	4	17	1.5	36	3.3	2	5.5
Bo Scarbrough	DET	9	42	1	23	2.6	19	2.1	0	
Ty Johnson	DET	3	65	3	22	7.3	43	14.3	2	1.5
David Blough	DET	2	11	1	10	5.0	1	0.5	0	"
advanced_receiving
"Davante Adams	GNB	13	7	93	5	77	11.0	16	2.3	0		0	0.0
Jimmy Graham	GNB	7	4	49	3	15	3.8	34	8.5	0		1	14.3
Allen Lazard	GNB	8	4	69	4	56	14.0	13	3.3	0		0	0.0
Geronimo Allison	GNB	4	3	17	1	11	3.7	6	2.0	0		0	0.0
Marquez Valdes-Scantling	GNB	7	2	19	1	8	4.0	11	5.5	0		1	14.3
Robert Tonyan	GNB	3	2	9		8	4.0	1	0.5	0		0	0.0
Aaron Jones	GNB	6	2	43	2	3	1.5	40	20.0	1	2.0	0	0.0
Tyler Ervin	GNB	3	1	5	1	3	3.0	2	2.0	0		0	0.0
Jake Kumerow	GNB	2	1	7		7	7.0	0	0.0	0		0	0.0
Marcedes Lewis	GNB	1	1	12	1	0	0.0	12	12.0	0		0	0.0
Player	Tm	Tgt	Rec	Yds	1D	YBC	YBC/R	YAC	YAC/R	BrkTkl	Rec/Br	Drop	Drop%
Kenny Golladay	DET	4	3	72	3	60	20.0	12	4.0	0		0	0.0
Danny Amendola	DET	4	2	16	0	16	8.0	0	0.0	0		0	0.0
Jesse James	DET	3	2	5		4	2.0	1	0.5	0		0	0.0
Chris Lacy	DET	7	2	12	1	7	3.5	5	2.5	0		1	14.3
Jamal Agnew	DET	2	1	-2		-3	-3.0	1	1.0	0		0	0.0
Logan Thomas	DET	3	1	15		5	5.0	10	10.0	0		0	0.0
J.D. McKissic	DET	2	1	4		-5	-5.0	9	9.0	0		0	0.0
David Blough	DET	1	1	19	1	14	14.0	5	5.0	0		0	0.0
Ty Johnson	DET	2	0	0	0	0		0		0		1	50.0
Travis Fulgham	DET	1	0	0		0		0		0		0	0.0"
advanced_defense
"Jaire Alexander	GNB	0	7	5	71.4%	78	15.6	11.1	0	108.0	10.9	61	17	0	0	0	0.0	0	5	0	0.0%
Adrian Amos	GNB	0	2	2	100.0%	15	7.5	7.5	0	97.9	7.5	15	0	1	0	0	0.0	0	5	0	0.0%
Blake Martinez	GNB	1	3	1	33.3%	7	7.0	2.3	0	2.8	9.0	5	2	4	1	0	1.0	2	7	0	0.0%
Kyler Fackrell	GNB	0	1	1	100.0%	7	7.0	7.0	0	95.8	6.0	6	1	5	1	0	0.0	1	2	0	0.0%
Tramon Williams	GNB	0	2	1	50.0%	-2	-2.0	-1.0	0	56.2	7.5	-3	1	0	0	0	0.0	0	2	0	0.0%
Chandon Sullivan	GNB	0	5	1	20.0%	4	4.0	0.8	0	39.6	8.4	-5	9	2	0	0	0.0	0	2	0	0.0%
Kevin King	GNB	0	4	1	25.0%	13	13.0	3.3	0	40.6	7.5	5	8	0	0	0	0.0	0	3	0	0.0%
Za'Darius Smith	GNB	0	0	0										5	0	2	0.0	2	1	2	66.7%
Ibraheim Campbell	GNB	0	3	0	0.0%					39.6	8.7			1	0	0	0.0	0	1	0	0.0%
Preston Smith	GNB	0	0	0										2	0	0	0.0	0	1	0	0.0%
Darnell Savage	GNB	0	1	0	0.0%					39.6	10.0			1	0	0	0.0	0	3	2	40.0%
Player	Tm	Int	Tgt	Cmp	Cmp%	Yds	Yds/Cmp	Yds/Tgt	TD	Rat	DADOT	Air	YAC	Bltz	Hrry	QBKD	Sk	Prss	Comb	MTkl	MTkl%
Darius Slay	DET	0	10	6	60.0%	109	18.2	10.9	1	130.8	16.9	98	11	0	0	0	0.0	0	3	0	0.0%
Amani Oruwariye	DET	1	7	5	71.4%	54	10.8	7.7	1	93.7	14.0	34	20	0	0	0	0.0	0	4	0	0.0%
Rashaan Melvin	DET	0	8	4	50.0%	33	8.3	4.1	0	60.9	16.9	20	13	0	0	0	0.0	0	9	0	0.0%
Miles Killebrew	DET	0	5	3	60.0%	44	14.7	8.8	0	88.7	8.4	6	38	5	0	0	0.0	0	3	1	25.0%
Justin Coleman	DET	0	5	2	40.0%	13	6.5	2.6	0	47.9	13.8	7	6	2	0	0	0.0	0	3	0	0.0%
Will Harris	DET	0	3	1	33.3%	0	0.0	0.0	0	42.4	15.7	-1	1	2	0	0	1.0	1	4	0	0.0%
Steve Longa	DET	0	1	1	100.0%	9	9.0	9.0	0	104.2	9.0	9	0	0	0	0	0.0	0	3	1	25.0%
Tavon Wilson	DET	0	2	1	50.0%	4	4.0	2.0	0	56.2	3.5	-1	5	3	0	0	0.0	0	6	1	14.3%
Tracy Walker	DET	0	5	1	20.0%	18	18.0	3.6	0	42.1	20.6	17	1	0	0	0	0.0	0	4	1	20.0%
Trey Flowers	DET	0	0	0										0	1	2	0.0	3	1	0	0.0%
Romeo Okwara	DET	0	0	0										0	0	2	0.0	2	2	1	33.3%
Anthony Pittman	DET	0	0	0										0	0	1	0.0	1	1	0	0.0%
Jalen Reeves-Maybin	DET	0	3	0	0.0%					39.6	24.7			7	0	0	0.0	0	4	1	20.0%
Damon Harrison	DET	0	0	0										0	0	0	0.0	0	4	3	42.9%
Austin Bryant	DET	0	0	0										0	0	0	0.0	0	4	1	20.0%"
