advanced_rushing = document.querySelectorAll("#rushing_advanced > tbody")[0].innerText;
advanced_receiving = document.querySelectorAll("#receiving_advanced > tbody")[0].innerText;
advanced_defense = document.querySelectorAll("#defense_advanced > tbody")[0].innerText;
advanced_passing = document.querySelectorAll("#passing_advanced > tbody")[0].innerText;
"Jacoby Brissett	IND	12	25	162	7	25.0	197	7.9	63	5.3	2.5	99	8.3	2	8.3%	6	25.0%	3	2	3	3	2	3.5
Player	Tm	Cmp	Att	Yds	1D	1D%	IAY	IAY/PA	CAY	CAY/Cmp	CAY/PA	YAC	YAC/Cmp	Drops	Drop%	BadTh	Bad%	Sk	Bltz	Hrry	Hits	Scrm	Yds/Scr
Gardner Minshew	JAX	27	39	295	15	35.7	232	5.9	167	6.2	4.3	128	4.7	6	15.4%	4	10.3%	3	5	2	1	2	5.0"
advanced_rushing
"Marlon Mack	IND	15	77	5	51	3.4	26	1.7	0	
Nyheim Hines	IND	7	34	3	24	3.4	10	1.4	0	
Jacoby Brissett	IND	4	17	1	7	1.8	10	2.5	0	
Zach Pascal	IND	1	4	0	4	4.0	0	0.0	0	
Player	Tm	Att	Yds	1D	YBC	YBC/Att	YAC	YAC/Att	BrkTkl	Att/Br
Ryquell Armstead	JAX	10	33	3	12	1.2	21	2.1	0	
Devine Ozigbo	JAX	9	27	1	11	1.2	16	1.8	0	
Gardner Minshew	JAX	5	7	2	7	1.4	0	0.0	0	"
advanced_receiving
"T.Y. Hilton	IND	3	3	72	3	10	3.3	62	20.7	0		0	0.0
Nyheim Hines	IND	5	3	22	0	13	4.3	9	3.0	0		0	0.0
Marcus Johnson	IND	4	2	31	2	26	13.0	5	2.5	0		0	0.0
Mo Alie-Cox	IND	1	1	15	1	3	3.0	12	12.0	0		0	0.0
Jack Doyle	IND	4	1	6		6	6.0	0	0.0	0		0	0.0
Dontrelle Inman	IND	3	1	6		-1	-1.0	7	7.0	0		1	33.3
Zach Pascal	IND	3	1	10	1	6	6.0	4	4.0	0		0	0.0
Marlon Mack	IND	1	0	0	0	0		0		0		1	100.0
Player	Tm	Tgt	Rec	Yds	1D	YBC	YBC/R	YAC	YAC/R	BrkTkl	Rec/Br	Drop	Drop%
Dede Westbrook	JAX	8	7	72	5	45	6.4	27	3.9	0		0	0.0
Ryquell Armstead	JAX	9	5	52	4	4	0.8	48	9.6	0		2	22.2
DJ Chark	JAX	5	4	34	1	17	4.3	17	4.3	0		1	20.0
Keelan Cole	JAX	4	3	67	2	62	20.7	5	1.7	0		1	25.0
Chris Conley	JAX	6	3	38	2	29	9.7	9	3.0	0		1	16.7
Devine Ozigbo	JAX	5	3	23	1	3	1.0	20	6.7	0		1	20.0
Seth Devalve	JAX	1	1	4		4	4.0	0	0.0	0		0	0.0
Charles Jones	JAX	1	1	5		3	3.0	2	2.0	0		0	0.0"
advanced_defense
"Briean Boddy-Calhoun	IND	0	6	6	100.0%	43	7.2	7.2	0	96.5	3.7	22	21	3	0	0	1.0	1	6	0	0.0%
Pierre Desir	IND	0	8	6	75.0%	65	10.8	8.1	0	98.4	8.1	27	38	0	0	0	0.0	0	8	1	11.1%
Anthony Walker	IND	0	5	5	100.0%	24	4.8	4.8	0	86.7	3.2	16	8	3	0	0	0.0	0	17	0	0.0%
Darius Leonard	IND	1	8	4	50.0%	61	15.3	7.6	0	35.9	3.8	20	41	3	0	0	0.0	0	6	1	14.3%
Clayton Geathers	IND	0	3	2	66.7%	16	8.0	5.3	1	119.4	2.3	6	10	0	0	0	0.0	0	5	2	28.6%
Rock Ya-Sin	IND	0	4	2	50.0%	46	23.0	11.5	0	91.7	12.5	42	4	0	0	0	0.0	0	2	0	0.0%
Bobby Okereke	IND	0	1	1	100.0%	8	8.0	8.0	0	100.0	2.0	2	6	0	0	0	0.0	0	1	0	0.0%
Jabaal Sheard	IND	0	0	0										0	1	0	1.0	2	2	0	0.0%
Trevon Coley	IND	0	0	0										0	1	0	0.0	1	3	0	0.0%
Tyquan Lewis	IND	0	0	0										0	0	1	0.0	1	0	0	
Justin Houston	IND	0	0	0										0	0	0	1.0	1	1	0	0.0%
Marvell Tell	IND	0	1	0	0.0%					39.6	1.0			0	0	0	0.0	0	1	0	0.0%
Player	Tm	Int	Tgt	Cmp	Cmp%	Yds	Yds/Cmp	Yds/Tgt	TD	Rat	DADOT	Air	YAC	Bltz	Hrry	QBKD	Sk	Prss	Comb	MTkl	MTkl%
D.J. Hayden	JAX	0	6	3	50.0%	31	10.3	5.2	0	65.3	7.2	20	11	0	0	0	0.0	0	4	0	0.0%
Tre Herndon	JAX	0	2	2	100.0%	39	19.5	19.5	0	118.7	2.5	5	34	0	0	0	0.0	0	1	1	50.0%
Ronnie Harrison	JAX	0	4	2	50.0%	39	19.5	9.8	0	84.4	6.8	11	28	0	0	0	0.0	0	4	1	20.0%
Donald Payne	JAX	0	2	2	100.0%	24	12.0	12.0	0	116.7	5.5	11	13	0	0	0	0.0	0	1	1	50.0%
Austin Calitro	JAX	0	2	1	50.0%	9	9.0	4.5	0	62.5	1.5	5	4	0	0	0	0.0	0	5	2	28.6%
Jarrod Wilson	JAX	0	2	1	50.0%	4	4.0	2.0	0	56.2	2.0	0	4	0	0	0	0.0	0	6	1	14.3%
Parry Nickerson	JAX	0	5	1	20.0%	16	16.0	3.2	0	40.4	15.8	11	5	0	0	0	0.0	0	3	0	0.0%
Taven Bryan	JAX	0	0	0										0	2	0	1.0	3	4	2	33.3%
Yannick Ngakoue	JAX	0	0	0										0	0	2	0.0	2	1	0	0.0%
Calais Campbell	JAX	0	0	0										0	1	1	0.0	2	2	2	50.0%
Josh Allen	JAX	0	0	0										0	0	0	0.5	1	4	0	0.0%
Abry Jones	JAX	0	0	0										0	0	0	0.5	1	1	0	0.0%
Dawuane Smoot	JAX	0	0	0										0	0	0	1.0	1	2	0	0.0%
Leon Jacobs	JAX	0	0	0										1	0	0	0.0	0	4	0	0.0%
Cody Davis	JAX	0	1	0	0.0%					39.6	25.0			0	0	0	0.0	0	0	0	"
