advanced_rushing = document.querySelectorAll("#rushing_advanced > tbody")[0].innerText;
advanced_receiving = document.querySelectorAll("#receiving_advanced > tbody")[0].innerText;
advanced_defense = document.querySelectorAll("#defense_advanced > tbody")[0].innerText;
advanced_passing = document.querySelectorAll("#passing_advanced > tbody")[0].innerText;
"Mitchell Trubisky	CHI	26	37	207	13	31.7	214	5.8	104	4.0	2.8	103	4.0	0	0.0%	7	20.0%	4	9	7	3	1	1.0
Player	Tm	Cmp	Att	Yds	1D	1D%	IAY	IAY/PA	CAY	CAY/Cmp	CAY/PA	YAC	YAC/Cmp	Drops	Drop%	BadTh	Bad%	Sk	Bltz	Hrry	Hits	Scrm	Yds/Scr
Sean Mannion	MIN	12	21	126	6	28.6	132	6.3	60	5.0	2.9	66	5.5	3	14.3%	3	14.3%	0	3	8	3	0	"
advanced_rushing
"David Montgomery	CHI	23	113	7	63	2.7	50	2.2	5	4.6
Tarik Cohen	CHI	4	20	1	20	5.0	0	0.0	0	
Ryan Nall	CHI	2	8	1	3	1.5	5	2.5	0	
Cordarrelle Patterson	CHI	2	14	1	6	3.0	8	4.0	0	
Mitchell Trubisky	CHI	2	1	0	1	0.5	0	0.0	0	
Allen Robinson	CHI	1	2	0	2	2.0	0	0.0	0	
Player	Tm	Att	Yds	1D	YBC	YBC/Att	YAC	YAC/Att	BrkTkl	Att/Br
Mike Boone	MIN	17	148	5	34	2.0	114	6.7	1	17.0
Ameer Abdullah	MIN	6	22	1	9	1.5	13	2.2	2	3.0
C.J. Ham	MIN	2	4	1	4	2.0	0	0.0	0	
Sean Mannion	MIN	1	0	0	0	0.0	0	0.0	0	"
advanced_receiving
"Tarik Cohen	CHI	10	9	44	1	-9	-1.0	53	5.9	1	9.0	0	0.0
Allen Robinson	CHI	12	9	71	6	53	5.9	18	2.0	0		0	0.0
Riley Ridley	CHI	4	3	54	3	39	13.0	15	5.0	0		0	0.0
Javon Wims	CHI	7	3	23	2	17	5.7	6	2.0	0		0	0.0
Anthony Miller	CHI	1	1	5		5	5.0	0	0.0	0		0	0.0
Eric Saubert	CHI	1	1	10	1	-1	-1.0	11	11.0	0		0	0.0
Player	Tm	Tgt	Rec	Yds	1D	YBC	YBC/R	YAC	YAC/R	BrkTkl	Rec/Br	Drop	Drop%
Ameer Abdullah	MIN	4	3	14	0	0	0.0	14	4.7	0		0	0.0
Olabisi Johnson	MIN	4	3	34	3	16	5.3	18	6.0	0		0	0.0
Mike Boone	MIN	3	2	12	0	-2	-1.0	14	7.0	1	2.0	1	33.3
Alexander Hollins	MIN	3	2	46	2	40	20.0	6	3.0	0		1	33.3
Tyler Conklin	MIN	1	1	9		9	9.0	0	0.0	0		0	0.0
Irv Smith	MIN	2	1	11	1	-3	-3.0	14	14.0	0		0	0.0
C.J. Ham	MIN	1	0	0	0	0		0		0		0	0.0
Laquon Treadwell	MIN	2	0	0		0		0		0		1	50.0"
advanced_defense
"Kevin Toliver	CHI	0	5	4	80.0%	58	14.5	11.6	0	115.0	11.4	48	10	0	0	0	0.0	0	3	0	0.0%
Buster Skrine	CHI	0	4	3	75.0%	20	6.7	5.0	0	85.4	1.0	4	16	0	0	0	0.0	0	4	1	20.0%
Ha Ha Clinton-Dix	CHI	0	3	2	66.7%	11	5.5	3.7	0	72.9	3.0	10	1	0	0	0	0.0	0	4	0	0.0%
Leonard Floyd	CHI	0	1	1	100.0%	7	7.0	7.0	0	95.8	2.0	2	5	1	1	1	0.0	2	1	1	50.0%
Khalil Mack	CHI	0	1	1	100.0%	11	11.0	11.0	0	112.5	-3.0	-3	14	1	1	0	0.0	1	1	1	50.0%
Eddie Jackson	CHI	1	1	1	100.0%	5	5.0	5.0	0	47.9	-4.0	-4	9	0	0	0	0.0	0	2	1	33.3%
Kevin Pierre-Louis	CHI	1	1	0	0.0%					0.0	3.0			4	2	1	0.0	3	6	0	0.0%
Abdullah Anderson	CHI	0	0	0										0	2	0	0.0	2	1	0	0.0%
Aaron Lynch	CHI	0	0	0										0	1	1	0.0	2	0	0	
Roy Robertson-Harris	CHI	0	0	0										0	1	0	0.0	1	3	0	0.0%
Nick Kwiatkoski	CHI	0	3	0	0.0%					39.6	0.0			1	0	0	0.0	0	8	0	0.0%
Player	Tm	Int	Tgt	Cmp	Cmp%	Yds	Yds/Cmp	Yds/Tgt	TD	Rat	DADOT	Air	YAC	Bltz	Hrry	QBKD	Sk	Prss	Comb	MTkl	MTkl%
Mackensie Alexander	MIN	0	7	6	85.7%	43	7.2	6.1	0	92.3	7.1	22	21	0	0	0	0.0	0	4	0	0.0%
Kentrell Brothers	MIN	0	6	5	83.3%	15	3.0	2.5	0	79.2	1.7	2	13	2	0	0	0.0	0	9	0	0.0%
Kris Boyd	MIN	0	8	5	62.5%	59	11.8	7.4	0	84.9	7.9	33	26	0	0	0	0.0	0	8	0	0.0%
Eric Wilson	MIN	0	4	3	75.0%	17	5.7	4.3	0	82.3	-2.0	-8	25	5	0	0	1.0	1	12	2	14.3%
Mike Hughes	MIN	0	3	2	66.7%	5	2.5	1.7	0	70.1	4.7	1	4	0	0	0	0.0	0	2	0	0.0%
Andrew Sendejo	MIN	0	3	2	66.7%	27	13.5	9.0	0	95.1	10.3	26	1	2	0	0	0.0	0	6	1	14.3%
Holton Hill	MIN	0	2	1	50.0%	18	18.0	9.0	0	81.2	18.5	19	-1	0	0	0	0.0	0	5	1	16.7%
Jayron Kearse	MIN	0	1	1	100.0%	13	13.0	13.0	0	118.7	10.0	10	3	2	0	0	0.0	0	6	1	14.3%
Ifeadi Odenigbo	MIN	0	0	0										0	2	2	1.0	5	6	0	0.0%
Stephen Weatherly	MIN	0	0	0										0	3	1	1.0	5	7	1	12.5%
Hercules Mata'afa	MIN	0	0	0										1	1	0	0.0	1	0	0	
Armon Watts	MIN	0	0	0										0	0	0	1.0	1	3	1	25.0%
Jalyn Holmes	MIN	0	0	0										0	1	0	0.0	1	3	0	0.0%
Cameron Smith	MIN	0	0	0										1	0	0	0.0	0	5	0	0.0%"
