advanced_rushing = document.querySelectorAll("#rushing_advanced > tbody")[0].innerText;
advanced_receiving = document.querySelectorAll("#receiving_advanced > tbody")[0].innerText;
advanced_defense = document.querySelectorAll("#defense_advanced > tbody")[0].innerText;
advanced_passing = document.querySelectorAll("#passing_advanced > tbody")[0].innerText;
"Jimmy Garoppolo	SFO	18	22	285	12	50.0	147	6.7	136	7.6	6.2	149	8.3	1	4.5%	2	9.1%	2	2	2	0	0	
Player	Tm	Cmp	Att	Yds	1D	1D%	IAY	IAY/PA	CAY	CAY/Cmp	CAY/PA	YAC	YAC/Cmp	Drops	Drop%	BadTh	Bad%	Sk	Bltz	Hrry	Hits	Scrm	Yds/Scr
Russell Wilson	SEA	25	40	233	17	41.5	267	6.7	148	5.9	3.7	85	3.4	2	5.3%	7	18.4%	1	12	9	7	7	3.6"
advanced_rushing
"Raheem Mostert	SFO	10	57	4	22	2.2	35	3.5	4	2.5
Tevin Coleman	SFO	5	11		3	0.6	8	1.6	0	
Matt Breida	SFO	4	16		4	1.0	12	3.0	3	1.3
Jimmy Garoppolo	SFO	2	4	1	4	2.0	0	0.0	0	
Deebo Samuel	SFO	2	33	1	22	11.0	11	5.5	0	
George Kittle	SFO	1	7	0	0	0.0	7	7.0	0	
Player	Tm	Att	Yds	1D	YBC	YBC/Att	YAC	YAC/Att	BrkTkl	Att/Br
Marshawn Lynch	SEA	12	34	2	20	1.7	14	1.2	0	
Travis Homer	SEA	10	62	3	42	4.2	20	2.0	0	
Russell Wilson	SEA	8	29	1	23	2.9	6	0.8	0	"
advanced_receiving
"George Kittle	SFO	7	7	86	5	38	5.4	48	6.9	1	7.0	0	0.0
Deebo Samuel	SFO	5	5	102	4	40	8.0	62	12.4	1	5.0	0	0.0
Emmanuel Sanders	SFO	4	3	25	2	25	8.3	0	0.0	0		1	25.0
Tevin Coleman	SFO	2	1	7		6	6.0	1	1.0	0		0	0.0
Kyle Juszczyk	SFO	1	1	49	1	29	29.0	20	20.0	0		0	0.0
Raheem Mostert	SFO	2	1	16	0	-2	-2.0	18	18.0	0		0	0.0
Matt Breida	SFO	1	0	0		0		0		0		0	0.0
Player	Tm	Tgt	Rec	Yds	1D	YBC	YBC/R	YAC	YAC/R	BrkTkl	Rec/Br	Drop	Drop%
Tyler Lockett	SEA	7	6	51	4	33	5.5	18	3.0	0		0	0.0
D.K. Metcalf	SEA	12	6	81	6	73	12.2	8	1.3	0		1	8.3
Travis Homer	SEA	5	5	30	3	-2	-0.4	32	6.4	1	5.0	0	0.0
Jacob Hollister	SEA	8	4	25	1	21	5.3	4	1.0	1	4.0	0	0.0
David Moore	SEA	2	2	30	2	14	7.0	16	8.0	0		0	0.0
Tyrone Swoopes	SEA	1	1	5		-2	-2.0	7	7.0	0		0	0.0
John Ursua	SEA	1	1	11	1	11	11.0	0	0.0	0		0	0.0
Jaron Brown	SEA	2	0	0		0		0		0		1	50.0"
advanced_defense
"Ahkello Witherspoon	SFO	0	8	6	75.0%	71	11.8	8.9	2	141.1	12.6	70	1	0	0	0	0.0	0	5	0	0.0%
K'Waun Williams	SFO	0	7	6	85.7%	46	7.7	6.6	0	94.0	4.9	29	17	5	0	0	0.0	0	4	1	20.0%
Fred Warner	SFO	0	6	5	83.3%	35	7.0	5.8	0	91.0	4.3	21	14	5	1	1	0.0	2	3	1	25.0%
Dre Greenlaw	SFO	0	3	3	100.0%	33	11.0	11.0	0	112.5	0.3	1	32	8	1	1	0.0	2	13	0	0.0%
Emmanuel Moseley	SFO	0	6	2	33.3%	34	17.0	5.7	0	53.5	12.0	26	8	0	0	0	0.0	0	2	0	0.0%
Nick Bosa	SFO	0	1	1	100.0%	7	7.0	7.0	0	95.8	4.0	4	3	0	5	2	0.0	7	6	0	0.0%
Azeez Al-Shaair	SFO	0	1	1	100.0%	2	2.0	2.0	0	79.2	-4.0	-4	6	1	0	0	0.0	0	3	0	0.0%
Richard Sherman	SFO	0	1	1	100.0%	5	5.0	5.0	0	87.5	1.0	1	4	0	0	0	0.0	0	4	0	0.0%
DeForest Buckner	SFO	0	0	0										0	1	1	1.0	3	4	0	0.0%
Kevin Givens	SFO	0	0	0										0	2	0	0.0	2	1	0	0.0%
Arik Armstead	SFO	0	0	0										0	1	1	0.0	2	1	0	0.0%
Marcell Harris	SFO	0	1	0	0.0%					39.6	0.0			2	0	1	0.0	1	9	1	10.0%
Anthony Zettel	SFO	0	0	0										0	1	0	0.0	1	1	1	50.0%
Jimmie Ward	SFO	0	2	0	0.0%					39.6	6.0			0	0	0	0.0	0	4	0	0.0%
Player	Tm	Int	Tgt	Cmp	Cmp%	Yds	Yds/Cmp	Yds/Tgt	TD	Rat	DADOT	Air	YAC	Bltz	Hrry	QBKD	Sk	Prss	Comb	MTkl	MTkl%
Shaquill Griffin	SEA	0	7	7	100.0%	113	16.1	16.1	0	118.7	11.3	79	34	0	0	0	0.0	0	6	2	25.0%
K.J. Wright	SEA	0	5	3	60.0%	27	9.0	5.4	0	74.6	0.6	8	19	0	0	0	0.0	0	6	2	25.0%
Tre Flowers	SEA	0	2	2	100.0%	35	17.5	17.5	0	118.7	7.0	14	21	1	0	0	1.0	1	5	2	28.6%
Bradley McDougald	SEA	0	2	2	100.0%	24	12.0	12.0	0	116.7	3.0	6	18	0	0	0	0.0	0	2	2	50.0%
Bobby Wagner	SEA	0	3	2	66.7%	37	18.5	12.3	0	109.0	8.3	26	11	0	0	0	0.0	0	7	1	12.5%
Mychal Kendricks	SEA	0	2	2	100.0%	64	32.0	32.0	0	118.7	17.5	35	29	0	0	0	0.0	0	4	1	20.0%
Cody Barton	SEA	0	1	1	100.0%	16	16.0	16.0	0	118.7	-1.0	-1	17	0	0	0	0.0	0	1	0	0.0%
Jadeveon Clowney	SEA	0	0	0										0	1	0	0.0	1	1	0	0.0%
Quinton Jefferson	SEA	0	0	0										0	0	0	1.0	1	3	0	0.0%
Jarran Reed	SEA	0	0	0										0	1	0	0.0	1	5	2	28.6%
Delano Hill	SEA	0	0	0										1	0	0	0.0	0	6	2	25.0%
Ezekiel Ansah	SEA	0	0	0										0	0	0	0.0	0	2	1	33.3%
Rasheem Green	SEA	0	0	0										0	0	0	0.0	0	1	1	50.0%"
