advanced_rushing = document.querySelectorAll("#rushing_advanced > tbody")[0].innerText;
advanced_receiving = document.querySelectorAll("#receiving_advanced > tbody")[0].innerText;
advanced_defense = document.querySelectorAll("#defense_advanced > tbody")[0].innerText;
advanced_passing = document.querySelectorAll("#passing_advanced > tbody")[0].innerText;
"Derek Carr	OAK	21	31	189	11	34.4	176	5.7	87	4.1	2.8	102	4.9	3	10.7%	2	7.1%	1	10	1	1	0	
Player	Tm	Cmp	Att	Yds	1D	1D%	IAY	IAY/PA	CAY	CAY/Cmp	CAY/PA	YAC	YAC/Cmp	Drops	Drop%	BadTh	Bad%	Sk	Bltz	Hrry	Hits	Scrm	Yds/Scr
Jacoby Brissett	IND	24	46	265	14	30.4	484	10.5	144	6.0	3.1	121	5.0	5	10.9%	8	17.4%	0	7	0	3	4	5.0"
advanced_rushing
"Josh Jacobs	OAK	17	79	4	26	1.5	53	3.1	1	17.0
DeAndre Washington	OAK	6	18	1	11	1.8	7	1.2	0	
Jalen Richard	OAK	4	17	2	11	2.8	6	1.5	0	
Derek Carr	OAK	2	-1	0	-1	-0.5	0	0.0	0	
Trevor Davis	OAK	2	74	2	74	37.0	0	0.0	0	
Alec Ingold	OAK	1	1	1	0	0.0	1	1.0	0	
Player	Tm	Att	Yds	1D	YBC	YBC/Att	YAC	YAC/Att	BrkTkl	Att/Br
Marlon Mack	IND	11	39	2	26	2.4	13	1.2	0	
Jacoby Brissett	IND	5	19	1	18	3.6	1	0.2	0	
Jordan Wilkins	IND	4	17	0	5	1.3	12	3.0	0	
Nyheim Hines	IND	3	6	1	1	0.3	5	1.7	0	"
advanced_receiving
"Darren Waller	OAK	8	7	53	3	20	2.9	33	4.7	0		0	0.0
Foster Moreau	OAK	3	3	30	3	28	9.3	2	0.7	0		0	0.0
Tyrell Williams	OAK	7	3	36	2	33	11.0	3	1.0	0		2	28.6
Josh Jacobs	OAK	2	2	29	1	4	2.0	25	12.5	0		0	0.0
Hunter Renfrow	OAK	3	2	18	1	1	0.5	17	8.5	0		0	0.0
DeAndre Washington	OAK	3	2	8	0	-4	-2.0	12	6.0	0		1	33.3
Keelan Doss	OAK	1	1	14	1	5	5.0	9	9.0	0		0	0.0
Jalen Richard	OAK	1	1	1	0	0	0.0	1	1.0	0		0	0.0
Player	Tm	Tgt	Rec	Yds	1D	YBC	YBC/R	YAC	YAC/R	BrkTkl	Rec/Br	Drop	Drop%
Nyheim Hines	IND	6	6	39	2	11	1.8	28	4.7	0		0	0.0
Parris Campbell	IND	8	5	25	1	0	0.0	25	5.0	0		0	0.0
Jack Doyle	IND	8	4	22	3	13	3.3	9	2.3	0		0	0.0
Zach Pascal	IND	7	4	72	3	52	13.0	20	5.0	1	4.0	1	14.3
Chester Rogers	IND	6	3	48	3	38	12.7	10	3.3	0		1	16.7
Eric Ebron	IND	5	1	48	1	27	27.0	21	21.0	0		3	60.0
Jordan Wilkins	IND	1	1	11	1	3	3.0	8	8.0	0		0	0.0
Deon Cain	IND	5	0	0		0		0		0		0	0.0"
advanced_defense
"Lamarcus Joyner	OAK	0	8	5	62.5%	47	9.4	5.9	1	118.2	10.4	42	5	3	0	0	0.0	0	7	0	0.0%
Daryl Worley	OAK	0	13	3	23.1%	42	14.0	3.2	1	66.2	12.1	30	12	0	0	0	0.0	0	2	0	0.0%
Gareon Conley	OAK	0	6	3	50.0%	34	11.3	5.7	0	67.4	15.2	21	13	0	0	0	0.0	0	5	0	0.0%
Nicholas Morrow	OAK	0	4	3	75.0%	21	7.0	5.3	0	86.5	2.8	5	16	3	0	0	0.0	0	7	0	0.0%
Karl Joseph	OAK	0	5	2	40.0%	31	15.5	6.2	0	61.2	25.6	18	13	2	0	0	0.0	0	4	0	0.0%
Tahir Whitehead	OAK	0	3	1	33.3%	2	2.0	0.7	0	42.4	4.3	2	0	4	1	0	0.0	1	9	0	0.0%
Erik Harris	OAK	1	2	1	50.0%	48	48.0	24.0	1	95.8	43.0	27	21	2	0	0	0.0	0	7	0	0.0%
Johnathan Hankins	OAK	0	0	0										0	0	1	0.0	1	0	0	
Maxx Crosby	OAK	0	0	0										0	0	1	0.0	1	2	0	0.0%
Corey Liuget	OAK	0	0	0										0	0	1	0.0	1	1	0	0.0%
Vontaze Burfict	OAK	0	2	0	0.0%					39.6	10.0			0	0	0	0.0	0	1	0	0.0%
Player	Tm	Int	Tgt	Cmp	Cmp%	Yds	Yds/Cmp	Yds/Tgt	TD	Rat	DADOT	Air	YAC	Bltz	Hrry	QBKD	Sk	Prss	Comb	MTkl	MTkl%
Clayton Geathers	IND	0	4	4	100.0%	33	8.3	8.3	0	101.0	3.8	15	18	3	0	0	0.0	0	9	0	0.0%
Anthony Walker	IND	0	4	3	75.0%	39	13.0	9.8	0	105.2	2.8	11	28	3	0	0	1.0	1	9	0	0.0%
Rock Ya-Sin	IND	0	5	3	60.0%	36	12.0	7.2	1	121.7	17.0	34	2	1	0	0	0.0	0	4	0	0.0%
Kenny Moore	IND	0	2	2	100.0%	16	8.0	8.0	0	100.0	0.5	1	15	5	0	0	0.0	0	4	1	20.0%
Khari Willis	IND	0	3	2	66.7%	9	4.5	3.0	0	70.1	7.3	-4	13	2	0	0	0.0	0	9	1	10.0%
Quincy Wilson	IND	0	2	2	100.0%	26	13.0	13.0	1	158.3	13.0	26	0	0	0	0	0.0	0	1	0	0.0%
E.J. Speed	IND	0	2	1	50.0%	-1	-1.0	-0.5	0	56.2	-2.5	-2	1	3	0	0	0.0	0	6	0	0.0%
Bobby Okereke	IND	0	3	1	33.3%	4	4.0	1.3	0	42.4	9.0	4	0	2	0	0	0.0	0	7	0	0.0%
Denico Autry	IND	0	0	0										0	0	1	0.0	1	1	0	0.0%
Jabaal Sheard	IND	0	0	0										0	1	0	0.0	1	4	0	0.0%
Al-Quadin Muhammad	IND	0	0	0										0	0	0	0.0	0	1	1	50.0%
Matthew Adams	IND	0	0	0										0	0	0	0.0	0	0	1	100.0%"
