advanced_rushing = document.querySelectorAll("#rushing_advanced > tbody")[0].innerText;
advanced_receiving = document.querySelectorAll("#receiving_advanced > tbody")[0].innerText;
advanced_defense = document.querySelectorAll("#defense_advanced > tbody")[0].innerText;
advanced_passing = document.querySelectorAll("#passing_advanced > tbody")[0].innerText;
"Gardner Minshew	JAX	19	33	213	12	31.6	346	10.5	114	6.0	3.5	99	5.2	3	9.4%	7	21.9%	5	12	9	7	0	
Player	Tm	Cmp	Att	Yds	1D	1D%	IAY	IAY/PA	CAY	CAY/Cmp	CAY/PA	YAC	YAC/Cmp	Drops	Drop%	BadTh	Bad%	Sk	Bltz	Hrry	Hits	Scrm	Yds/Scr
Joe Flacco	DEN	22	38	303	15	39.5	299	7.9	135	6.1	3.6	168	7.6	3	8.6%	7	20.0%	0	16	5	3	0	"
advanced_rushing
"Leonard Fournette	JAX	29	225	9	98	3.4	127	4.4	5	5.8
Ryquell Armstead	JAX	8	42	2	10	1.3	32	4.0	1	8.0
Gardner Minshew	JAX	1	2	0	1	1.0	1	1.0	0	
Player	Tm	Att	Yds	1D	YBC	YBC/Att	YAC	YAC/Att	BrkTkl	Att/Br
Phillip Lindsay	DEN	9	53	1	34	3.8	19	2.1	0	
Royce Freeman	DEN	6	16	1	2	0.3	14	2.3	1	6.0
Joe Flacco	DEN	1	-1	0	-1	-1.0	0	0.0	0	"
advanced_receiving
"Dede Westbrook	JAX	6	5	66	3	34	6.8	32	6.4	1	5.0	0	0.0
DJ Chark	JAX	8	4	44	2	33	8.3	11	2.8	1	4.0	0	0.0
Geoff Swaim	JAX	4	3	17	1	6	2.0	11	3.7	0		1	25.0
Leonard Fournette	JAX	3	2	20	1	-2	-1.0	22	11.0	0		1	33.3
Ryquell Armstead	JAX	1	1	7	1	0	0.0	7	7.0	0		0	0.0
Keelan Cole	JAX	1	1	19	1	19	19.0	0	0.0	0		0	0.0
Chris Conley	JAX	4	1	17	1	8	8.0	9	9.0	0		1	25.0
Marqise Lee	JAX	1	1	5	1	5	5.0	0	0.0	0		0	0.0
James O'Shaughnessy	JAX	4	1	18	1	11	11.0	7	7.0	1	1.0	0	0.0
Player	Tm	Tgt	Rec	Yds	1D	YBC	YBC/R	YAC	YAC/R	BrkTkl	Rec/Br	Drop	Drop%
Courtland Sutton	DEN	9	6	62	4	43	7.2	19	3.2	0		0	0.0
Emmanuel Sanders	DEN	9	5	104	4	62	12.4	42	8.4	2	2.5	0	0.0
Royce Freeman	DEN	6	4	34	2	5	1.3	29	7.3	0		1	16.7
DaeSean Hamilton	DEN	5	3	57	3	28	9.3	29	9.7	1	3.0	1	20.0
Noah Fant	DEN	4	2	31	1	0	0.0	31	15.5	0		1	25.0
Phillip Lindsay	DEN	1	1	7	1	-3	-3.0	10	10.0	0		0	0.0
Diontae Spencer	DEN	1	1	8		0	0.0	8	8.0	0		0	0.0"
advanced_defense
"Tre Herndon	JAX	0	8	5	62.5%	109	21.8	13.6	2	145.8	12.5	77	32	0	0	0	0.0	0	6	1	14.3%
Quincy Williams	JAX	0	5	4	80.0%	33	8.3	6.6	0	94.2	4.2	16	17	1	0	0	0.0	0	8	1	11.1%
A.J. Bouye	JAX	0	6	3	50.0%	45	15.0	7.5	0	75.0	13.5	18	27	0	0	0	0.0	0	5	0	0.0%
Myles Jack	JAX	0	3	2	66.7%	19	9.5	6.3	0	84.0	2.3	3	16	5	0	0	0.0	0	6	0	0.0%
Jarrod Wilson	JAX	0	4	2	50.0%	21	10.5	5.3	0	65.6	14.3	22	-1	3	0	0	0.0	0	6	1	14.3%
D.J. Hayden	JAX	0	2	1	50.0%	9	9.0	4.5	0	62.5	4.5	4	5	3	0	1	0.0	1	1	1	50.0%
Ronnie Harrison	JAX	1	3	1	33.3%	13	13.0	4.3	0	8.3	4.7	12	1	5	0	0	0.0	0	5	0	0.0%
Josh Allen	JAX	0	0	0										1	2	0	0.0	2	2	0	0.0%
Calais Campbell	JAX	0	0	0										0	0	2	0.0	2	3	1	25.0%
Yannick Ngakoue	JAX	0	0	0										0	1	0	0.0	1	2	0	0.0%
Andrew Wingard	JAX	0	0	0										1	0	0	0.0	0	0	0	
Leon Jacobs	JAX	0	0	0										1	0	0	0.0	0	1	1	50.0%
Player	Tm	Int	Tgt	Cmp	Cmp%	Yds	Yds/Cmp	Yds/Tgt	TD	Rat	DADOT	Air	YAC	Bltz	Hrry	QBKD	Sk	Prss	Comb	MTkl	MTkl%
Justin Hollins	DEN	0	5	5	100.0%	34	6.8	6.8	1	134.6	3.0	15	19	3	1	0	0.0	1	6	0	0.0%
Todd Davis	DEN	0	4	4	100.0%	28	7.0	7.0	1	135.4	2.8	11	17	0	0	1	0.0	1	12	0	0.0%
De'Vante Bausby	DEN	0	7	4	57.1%	53	13.3	7.6	0	81.2	15.3	40	13	0	0	0	0.0	0	8	2	20.0%
Duke Dawson	DEN	0	4	3	75.0%	47	15.7	11.8	0	113.5	6.8	20	27	1	0	0	0.0	0	2	1	33.3%
Chris Harris	DEN	0	3	1	33.3%	13	13.0	4.3	0	47.9	20.0	8	5	0	0	0	0.0	0	2	0	0.0%
Will Parks	DEN	0	2	1	50.0%	19	19.0	9.5	0	83.3	26.5	19	0	0	0	0	0.0	0	5	4	44.4%
Von Miller	DEN	0	0	0										0	2	2	2.0	6	6	0	0.0%
Bradley Chubb	DEN	0	0	0										1	2	2	1.0	5	7	1	12.5%
Derek Wolfe	DEN	0	0	0										0	2	2	0.0	4	3	0	0.0%
Malik Reed	DEN	0	0	0										0	1	0	1.0	2	2	0	0.0%
DeMarcus Walker	DEN	0	0	0										0	0	0	1.0	1	4	1	20.0%
Corey Nelson	DEN	0	0	0										1	0	0	0.0	0	3	0	0.0%
Justin Simmons	DEN	0	3	0	0.0%					39.6	16.3			0	0	0	0.0	0	7	2	22.2%
Adam Gotsis	DEN	0	0	0										0	0	0	0.0	0	1	2	66.7%"
