advanced_rushing = document.querySelectorAll("#rushing_advanced > tbody")[0].innerText;
advanced_receiving = document.querySelectorAll("#receiving_advanced > tbody")[0].innerText;
advanced_defense = document.querySelectorAll("#defense_advanced > tbody")[0].innerText;
advanced_passing = document.querySelectorAll("#passing_advanced > tbody")[0].innerText;
"Patrick Mahomes	KAN	24	42	315	16	38.1	502	12.0	154	6.4	3.7	161	6.7	0	0.0%	10	27.0%	0	6	4	3	5	10.4
Player	Tm	Cmp	Att	Yds	1D	1D%	IAY	IAY/PA	CAY	CAY/Cmp	CAY/PA	YAC	YAC/Cmp	Drops	Drop%	BadTh	Bad%	Sk	Bltz	Hrry	Hits	Scrm	Yds/Scr
Matthew Stafford	DET	21	34	291	17	44.7	407	12.0	173	8.2	5.1	118	5.6	1	2.9%	7	20.6%	4	11	2	2	2	9.0"
advanced_rushing
"LeSean McCoy	KAN	11	56	2	31	2.8	25	2.3	0	
Darrel Williams	KAN	8	13	2	8	1.0	5	0.6	0	
Patrick Mahomes	KAN	6	54	4	54	9.0	0	0.0	0	
Player	Tm	Att	Yds	1D	YBC	YBC/Att	YAC	YAC/Att	BrkTkl	Att/Br
Kerryon Johnson	DET	26	125	6	79	3.0	46	1.8	1	26.0
J.D. McKissic	DET	4	30	1	7	1.8	23	5.8	0	
Ty Johnson	DET	3	13		11	3.7	2	0.7	0	
Matthew Stafford	DET	2	18	1	9	4.5	9	4.5	1	2.0"
advanced_receiving
"Travis Kelce	KAN	8	7	85	5	58	8.3	27	3.9	0		0	0.0
Demarcus Robinson	KAN	9	4	35	1	23	5.8	12	3.0	0		0	0.0
Darrel Williams	KAN	4	3	43	2	10	3.3	33	11.0	0		0	0.0
Sammy Watkins	KAN	6	3	54	2	41	13.7	13	4.3	0		0	0.0
Deon Yelder	KAN	2	2	43	2	17	8.5	26	13.0	0		0	0.0
LeSean McCoy	KAN	4	2	33	1	-6	-3.0	39	19.5	0		0	0.0
Mecole Hardman	KAN	5	2	9	2	5	2.5	4	2.0	0		0	0.0
Byron Pringle	KAN	1	1	13	1	6	6.0	7	7.0	1	1.0	0	0.0
Player	Tm	Tgt	Rec	Yds	1D	YBC	YBC/R	YAC	YAC/R	BrkTkl	Rec/Br	Drop	Drop%
Kenny Golladay	DET	9	5	67	5	51	10.2	16	3.2	0		1	11.1
Marvin Jones	DET	5	3	77	3	71	23.7	6	2.0	0		0	0.0
T.J. Hockenson	DET	3	3	27	3	5	1.7	22	7.3	0		0	0.0
Logan Thomas	DET	3	3	25	2	9	3.0	16	5.3	0		0	0.0
Kerryon Johnson	DET	3	2	32	2	9	4.5	23	11.5	0		0	0.0
Marvin Hall	DET	3	2	47	2	33	16.5	14	7.0	0		0	0.0
Ty Johnson	DET	1	1	1		-1	-1.0	2	2.0	1	1.0	0	0.0
J.D. McKissic	DET	2	1	11	0	-4	-4.0	15	15.0	0		0	0.0
Nick Bawden	DET	2	1	4		0	0.0	4	4.0	0		0	0.0
Jesse James	DET	1	0	0		0		0		0		0	0.0"
advanced_defense
"Tyrann Mathieu	KAN	0	5	5	100.0%	66	13.2	13.2	1	158.3	7.4	37	29	3	0	0	1.0	1	6	0	0.0%
Bashaud Breeland	KAN	0	6	3	50.0%	71	23.7	11.8	1	132.6	17.0	52	19	0	0	0	0.0	0	2	0	0.0%
Kendall Fuller	KAN	0	4	3	75.0%	58	19.3	14.5	0	116.7	7.8	26	32	0	0	0	0.0	0	8	0	0.0%
Charvarius Ward	KAN	0	7	3	42.9%	46	15.3	6.6	1	104.8	14.0	41	5	0	0	0	0.0	0	6	0	0.0%
Anthony Hitchens	KAN	0	4	2	50.0%	20	10.0	5.0	0	64.6	7.8	5	15	2	0	0	0.0	0	6	0	0.0%
Darron Lee	KAN	0	2	2	100.0%	11	5.5	5.5	0	89.6	1.5	3	8	1	0	0	0.0	0	1	2	66.7%
Damien Wilson	KAN	0	1	1	100.0%	9	9.0	9.0	0	104.2	3.0	3	6	3	0	0	0.0	0	8	0	0.0%
Daniel Sorensen	KAN	0	2	1	50.0%	6	6.0	3.0	0	56.2	8.0	6	0	1	0	0	0.0	0	2	0	0.0%
Reggie Ragland	KAN	0	1	1	100.0%	4	4.0	4.0	0	83.3	0.0	0	4	1	0	0	0.0	0	1	0	0.0%
Alex Okafor	KAN	0	0	0										0	0	1	1.0	2	2	0	0.0%
Frank Clark	KAN	0	0	0										0	1	1	0.0	2	2	0	0.0%
Derrick Nnadi	KAN	0	0	0										0	0	0	1.0	1	9	1	10.0%
Chris Jones	KAN	0	0	0										0	0	0	1.0	1	2	0	0.0%
Emmanuel Ogbah	KAN	0	0	0										0	1	0	0.0	1	3	0	0.0%
Jordan Lucas	KAN	0	1	0	0.0%					39.6	44.0			0	0	0	0.0	0	0	0	
Ben Niemann	KAN	0	0	0										3	0	0	0.0	0	0	0	
Juan Thornhill	KAN	0	1	0	0.0%					39.6	42.0			1	0	0	0.0	0	2	0	0.0%
Xavier Williams	KAN	0	0	0										0	0	0	0.0	0	2	1	33.3%
Player	Tm	Int	Tgt	Cmp	Cmp%	Yds	Yds/Cmp	Yds/Tgt	TD	Rat	DADOT	Air	YAC	Bltz	Hrry	QBKD	Sk	Prss	Comb	MTkl	MTkl%
Tracy Walker	DET	0	7	6	85.7%	64	10.7	9.1	0	104.8	10.9	50	14	0	0	0	0.0	0	12	0	0.0%
Jarrad Davis	DET	0	5	4	80.0%	56	14.0	11.2	0	113.3	11.0	37	19	6	0	0	0.0	0	4	1	20.0%
Rashaan Melvin	DET	0	9	4	44.4%	51	12.8	5.7	0	62.7	19.0	29	22	0	0	0	0.0	0	2	1	33.3%
Justin Coleman	DET	0	7	4	57.1%	67	16.8	9.6	0	89.6	12.0	47	20	0	0	0	0.0	0	4	1	20.0%
Tavon Wilson	DET	0	4	2	50.0%	26	13.0	6.5	0	70.8	5.3	0	26	2	1	0	0.0	1	10	1	9.1%
Mike Ford	DET	0	5	2	40.0%	9	4.5	1.8	0	47.9	15.6	2	7	0	0	0	0.0	0	3	0	0.0%
Christian Jones	DET	0	1	1	100.0%	8	8.0	8.0	0	100.0	-5.0	-5	13	4	0	1	0.0	1	2	0	0.0%
Will Harris	DET	0	1	1	100.0%	11	11.0	11.0	0	112.5	-6.0	-6	17	0	0	0	0.0	0	3	1	25.0%
Devon Kennard	DET	0	0	0										2	3	1	0.0	4	2	0	0.0%
Trey Flowers	DET	0	0	0										0	1	1	0.0	2	4	0	0.0%
A'Shawn Robinson	DET	0	0	0										0	1	0	0.0	1	2	0	0.0%"
