advanced_rushing = document.querySelectorAll("#rushing_advanced > tbody")[0].innerText;
advanced_receiving = document.querySelectorAll("#receiving_advanced > tbody")[0].innerText;
advanced_defense = document.querySelectorAll("#defense_advanced > tbody")[0].innerText;
advanced_passing = document.querySelectorAll("#passing_advanced > tbody")[0].innerText;
"Carson Wentz	PHI	16	27	160	12	44.4	184	6.8	78	4.9	2.9	82	5.1	0	0.0%	9	33.3%	0	16	3	2	2	5.5
Player	Tm	Cmp	Att	Yds	1D	1D%	IAY	IAY/PA	CAY	CAY/Cmp	CAY/PA	YAC	YAC/Cmp	Drops	Drop%	BadTh	Bad%	Sk	Bltz	Hrry	Hits	Scrm	Yds/Scr
Aaron Rodgers	GNB	34	53	422	19	35.2	374	7.1	211	6.2	4.0	211	6.2	0	0.0%	8	16.7%	1	8	7	1	5	9.2"
advanced_rushing
"Jordan Howard	PHI	15	87	6	35	2.3	52	3.5	1	15.0
Miles Sanders	PHI	11	72	2	48	4.4	24	2.2	1	11.0
Carson Wentz	PHI	6	13	2	10	1.7	3	0.5	0	
Darren Sproles	PHI	1	4		3	3.0	1	1.0	0	
Player	Tm	Att	Yds	1D	YBC	YBC/Att	YAC	YAC/Att	BrkTkl	Att/Br
Aaron Jones	GNB	13	21	1	-4	-0.3	25	1.9	2	6.5
Aaron Rodgers	GNB	5	46	3	32	6.4	14	2.8	0	
Geronimo Allison	GNB	1	7	0	5	5.0	2	2.0	0	
Danny Vitale	GNB	1	3		2	2.0	1	1.0	0	"
advanced_receiving
"Zach Ertz	PHI	8	7	65	5	48	6.9	17	2.4	0		0	0.0
Jordan Howard	PHI	4	3	28	1	-3	-1.0	31	10.3	0		0	0.0
Alshon Jeffery	PHI	9	3	38	3	23	7.7	15	5.0	0		0	0.0
Dallas Goedert	PHI	3	2	16	2	-1	-0.5	17	8.5	0		0	0.0
Mack Hollins	PHI	2	1	13	1	11	11.0	2	2.0	0		0	0.0
Nelson Agholor	PHI	1	0	0		0		0		0		0	0.0
Player	Tm	Tgt	Rec	Yds	1D	YBC	YBC/R	YAC	YAC/R	BrkTkl	Rec/Br	Drop	Drop%
Davante Adams	GNB	15	10	180	7	81	8.1	99	9.9	0		0	0.0
Jimmy Graham	GNB	9	6	61	4	47	7.8	14	2.3	1	6.0	0	0.0
Aaron Jones	GNB	7	6	37	2	-12	-2.0	49	8.2	4	1.5	0	0.0
Geronimo Allison	GNB	4	3	52	2	52	17.3	0	0.0	0		0	0.0
Marquez Valdes-Scantling	GNB	7	3	47	2	27	9.0	20	6.7	0		0	0.0
Marcedes Lewis	GNB	2	2	19	1	0	0.0	19	9.5	0		0	0.0
Danny Vitale	GNB	3	2	15		6	3.0	9	4.5	0		0	0.0
Robert Tonyan	GNB	1	1	11	1	11	11.0	0	0.0	0		0	0.0
Jamaal Williams	GNB	1	1	0		-1	-1.0	1	1.0	0		0	0.0"
advanced_defense
"Avonte Maddox	PHI	0	17	11	64.7%	173	15.7	10.2	0	98.4	11.1	92	81	0	0	0	0.0	0	8	1	11.1%
Zach Brown	PHI	0	7	5	71.4%	51	10.2	7.3	0	92.0	1.1	8	43	0	0	0	0.0	0	5	2	28.6%
Nigel Bradham	PHI	1	5	4	80.0%	22	5.5	4.4	0	45.4	3.2	14	8	4	1	0	0.0	1	6	2	25.0%
Rodney McLeod	PHI	0	5	4	80.0%	36	9.0	7.2	1	136.2	7.4	36	0	0	1	0	0.0	1	10	0	0.0%
Rasul Douglas	PHI	0	7	3	42.9%	22	7.3	3.1	0	50.9	6.7	11	11	0	0	0	0.0	0	5	0	0.0%
Malcolm Jenkins	PHI	0	3	2	66.7%	18	9.0	6.0	0	82.6	6.0	7	11	3	0	0	0.0	0	4	0	0.0%
Sidney Jones	PHI	0	1	1	100.0%	58	58.0	58.0	0	118.7	23.0	23	35	0	0	0	0.0	0	2	1	33.3%
Andrew Sendejo	PHI	0	3	1	33.3%	17	17.0	5.7	1	93.1	9.3	16	1	1	0	0	0.0	0	8	1	11.1%
Nathan Gerry	PHI	0	1	1	100.0%	10	10.0	10.0	0	108.3	-5.0	-5	15	2	0	0	0.0	0	1	1	50.0%
Brandon Graham	PHI	0	0	0										0	4	0	0.0	4	2	0	0.0%
Derek Barnett	PHI	0	0	0										0	0	1	1.0	2	4	0	0.0%
Josh Sweat	PHI	0	0	0										0	1	0	0.0	1	2	0	0.0%
Fletcher Cox	PHI	0	0	0										0	1	0	0.0	1	3	1	25.0%
Craig James	PHI	0	1	0	0.0%					39.6	3.0			0	0	0	0.0	0	0	0	
Hassan Ridgeway	PHI	0	0	0										0	0	0	0.0	0	1	1	50.0%
Player	Tm	Int	Tgt	Cmp	Cmp%	Yds	Yds/Cmp	Yds/Tgt	TD	Rat	DADOT	Air	YAC	Bltz	Hrry	QBKD	Sk	Prss	Comb	MTkl	MTkl%
Adrian Amos	GNB	0	4	4	100.0%	29	7.3	7.3	0	96.9	6.3	25	4	4	0	0	0.0	0	7	0	0.0%
Blake Martinez	GNB	0	4	3	75.0%	45	15.0	11.3	1	151.0	1.8	7	38	3	0	0	0.0	0	15	1	6.3%
Darnell Savage	GNB	0	3	2	66.7%	12	6.0	4.0	1	113.9	7.0	12	0	2	0	0	0.0	0	3	0	0.0%
Jaire Alexander	GNB	0	6	2	33.3%	19	9.5	3.2	1	82.6	9.5	17	2	0	0	0	0.0	0	1	0	0.0%
Will Redmond	GNB	0	2	2	100.0%	25	12.5	12.5	0	118.7	3.5	7	18	1	0	0	0.0	0	8	0	0.0%
Preston Smith	GNB	0	1	1	100.0%	6	6.0	6.0	0	91.7	4.0	4	2	12	2	1	0.0	3	2	0	0.0%
Kevin King	GNB	0	5	1	20.0%	16	16.0	3.2	0	40.4	13.2	11	5	0	0	0	0.0	0	2	1	33.3%
Kenny Clark	GNB	0	0	0										0	1	0	0.0	1	5	0	0.0%
Tramon Williams	GNB	0	0	0										3	0	1	0.0	1	3	0	0.0%
Rashan Gary	GNB	0	0	0										4	0	0	0.0	0	1	0	0.0%
B.J. Goodson	GNB	0	1	0	0.0%					39.6	2.0			0	0	0	0.0	0	2	1	33.3%"
