advanced_rushing = document.querySelectorAll("#rushing_advanced > tbody")[0].innerText;
advanced_receiving = document.querySelectorAll("#receiving_advanced > tbody")[0].innerText;
advanced_defense = document.querySelectorAll("#defense_advanced > tbody")[0].innerText;
advanced_passing = document.querySelectorAll("#passing_advanced > tbody")[0].innerText;
"Kyle Allen	CAR	24	34	232	15	40.5	278	8.2	90	3.8	2.6	142	5.9	0	0.0%	4	12.1%	3	14	2	2	0	
Player	Tm	Cmp	Att	Yds	1D	1D%	IAY	IAY/PA	CAY	CAY/Cmp	CAY/PA	YAC	YAC/Cmp	Drops	Drop%	BadTh	Bad%	Sk	Bltz	Hrry	Hits	Scrm	Yds/Scr
Deshaun Watson	HOU	21	33	160	7	17.9	305	9.2	65	3.1	2.0	95	4.5	0	0.0%	7	22.6%	6	10	3	2	2	5.5
DeAndre Hopkins	HOU	0	1	0	0	0.0	9	9.0	0		0.0	0		0	0.0%	0	0.0%	0	0	0	0	0	"
advanced_rushing
"Christian McCaffrey	CAR	27	93	3	37	1.4	56	2.1	1	27.0
Curtis Samuel	CAR	1	1	0	1	1.0	0	0.0	0	
Player	Tm	Att	Yds	1D	YBC	YBC/Att	YAC	YAC/Att	BrkTkl	Att/Br
Carlos Hyde	HOU	12	58	3	36	3.0	22	1.8	1	12.0
Duke Johnson	HOU	6	56	2	14	2.3	42	7.0	0	
Deshaun Watson	HOU	3	12	2	12	4.0	0	0.0	0	
Keke Coutee	HOU	1	10	1	10	10.0	0	0.0	0	"
advanced_receiving
"Christian McCaffrey	CAR	10	10	86	6	-13	-1.3	99	9.9	2	5.0	0	0.0
Jarius Wright	CAR	6	5	59	3	43	8.6	16	3.2	0		0	0.0
D.J. Moore	CAR	5	3	44	3	21	7.0	23	7.7	0		0	0.0
Curtis Samuel	CAR	7	3	32	1	31	10.3	1	0.3	0		0	0.0
Greg Olsen	CAR	4	2	5	2	2	1.0	3	1.5	0		0	0.0
Chris Hogan	CAR	1	1	6		6	6.0	0	0.0	0		0	0.0
Player	Tm	Tgt	Rec	Yds	1D	YBC	YBC/R	YAC	YAC/R	BrkTkl	Rec/Br	Drop	Drop%
DeAndre Hopkins	HOU	8	5	41	1	33	6.6	8	1.6	0		0	0.0
Carlos Hyde	HOU	5	4	6	0	-11	-2.8	17	4.3	0		0	0.0
Jordan Akins	HOU	4	3	21	1	6	2.0	15	5.0	0		0	0.0
Will Fuller	HOU	6	3	23	1	15	5.0	8	2.7	1	3.0	0	0.0
Duke Johnson	HOU	3	2	22	2	3	1.5	19	9.5	1	2.0	0	0.0
Kenny Stills	HOU	2	2	24	2	12	6.0	12	6.0	0		0	0.0
Keke Coutee	HOU	3	1	11	0	6	6.0	5	5.0	1	1.0	0	0.0
Darren Fells	HOU	1	1	12		1	1.0	11	11.0	0		0	0.0"
advanced_defense
"Shaq Thompson	CAR	0	7	5	71.4%	39	7.8	5.6	0	84.8	7.0	22	17	1	0	0	1.0	1	12	0	0.0%
Jermaine Carter	CAR	0	4	4	100.0%	22	5.5	5.5	0	89.6	3.0	12	10	3	0	0	0.0	0	6	1	14.3%
Luke Kuechly	CAR	0	4	4	100.0%	25	6.3	6.3	0	92.7	-1.0	-4	29	0	0	0	0.0	0	8	0	0.0%
James Bradberry	CAR	0	6	3	50.0%	32	10.7	5.3	0	66.0	16.7	26	6	0	0	0	0.0	0	5	0	0.0%
Eric Reid	CAR	0	3	3	100.0%	27	9.0	9.0	0	104.2	3.7	11	16	3	0	0	0.0	0	6	3	33.3%
Ross Cockrell	CAR	1	7	2	28.6%	15	7.5	2.1	0	0.0	13.1	-2	17	1	0	0	0.0	0	3	2	40.0%
Brian Burns	CAR	0	0	0										0	1	2	0.5	4	2	0	0.0%
Mario Addison	CAR	0	0	0										0	0	0	2.0	2	4	0	0.0%
Bruce Irvin	CAR	0	0	0										0	0	0	1.0	1	2	0	0.0%
Javien Elliott	CAR	0	1	0	0.0%					39.6	7.0			2	0	0	0.5	1	3	0	0.0%
Vernon Butler	CAR	0	0	0										0	0	0	1.0	1	1	0	0.0%
Player	Tm	Int	Tgt	Cmp	Cmp%	Yds	Yds/Cmp	Yds/Tgt	TD	Rat	DADOT	Air	YAC	Bltz	Hrry	QBKD	Sk	Prss	Comb	MTkl	MTkl%
Zach Cunningham	HOU	0	7	6	85.7%	23	3.8	3.3	0	80.4	1.3	-13	36	3	0	0	0.0	0	14	1	6.7%
Johnathan Joseph	HOU	0	8	4	50.0%	35	8.8	4.4	0	62.0	19.3	34	1	1	0	0	0.0	0	3	0	0.0%
Lonnie Johnson	HOU	0	4	4	100.0%	51	12.8	12.8	0	118.7	4.5	18	33	0	0	0	0.0	0	3	2	40.0%
Bradley Roby	HOU	0	5	3	60.0%	56	18.7	11.2	0	98.7	10.0	43	13	0	0	0	0.0	0	2	1	33.3%
Benardrick McKinney	HOU	0	3	3	100.0%	17	5.7	5.7	0	90.3	2.0	6	11	4	0	0	0.0	0	12	1	7.7%
Jahleel Addae	HOU	0	2	1	50.0%	21	21.0	10.5	0	87.5	4.5	3	18	0	0	0	0.0	0	0	0	
Justin Reid	HOU	0	1	1	100.0%	8	8.0	8.0	0	100.0	4.0	4	4	2	0	0	0.0	0	10	1	9.1%
Carlos Watkins	HOU	0	1	1	100.0%	18	18.0	18.0	0	118.7	-5.0	-5	23	0	0	0	0.0	0	0	2	100.0%
Tashaun Gipson	HOU	0	2	1	50.0%	3	3.0	1.5	0	56.2	10.5	0	3	3	0	0	0.0	0	4	1	20.0%
J.J. Watt	HOU	0	0	0										1	1	1	1.0	3	6	0	0.0%
Whitney Mercilus	HOU	0	0	0										2	1	0	1.0	2	2	1	33.3%
Brennan Scarlett	HOU	0	0	0										2	0	0	1.0	1	2	0	0.0%
Brandon Dunn	HOU	0	0	0										0	0	1	0.0	1	1	1	50.0%
D.J. Reader	HOU	0	0	0										0	0	0	0.0	0	6	1	14.3%"
