advanced_rushing = document.querySelectorAll("#rushing_advanced > tbody")[0].innerText;
advanced_receiving = document.querySelectorAll("#receiving_advanced > tbody")[0].innerText;
advanced_defense = document.querySelectorAll("#defense_advanced > tbody")[0].innerText;
advanced_passing = document.querySelectorAll("#passing_advanced > tbody")[0].innerText;
"Philip Rivers	LAC	24	30	310	15	48.4	225	7.5	159	6.6	5.3	151	6.3	1	3.3%	2	6.7%	1	7	1	2	0	
Tyrod Taylor	LAC	1	1	7	1	100.0	7	7.0	7	7.0	7.0	0	0.0	0	0.0%	0	0.0%	0	1	0	0	0	
Player	Tm	Cmp	Att	Yds	1D	1D%	IAY	IAY/PA	CAY	CAY/Cmp	CAY/PA	YAC	YAC/Cmp	Drops	Drop%	BadTh	Bad%	Sk	Bltz	Hrry	Hits	Scrm	Yds/Scr
Josh Rosen	MIA	17	24	180	8	28.6	134	5.6	63	3.7	2.6	117	6.9	2	8.3%	5	20.8%	4	8	5	2	0	"
advanced_rushing
"Austin Ekeler	LAC	18	60	6	10	0.6	50	2.8	0	
Troymaine Pope	LAC	10	20	0	11	1.1	9	0.9	0	
Tyrod Taylor	LAC	4	-1	0	-4	-1.0	3	0.8	0	
Philip Rivers	LAC	1	0	0	0	0.0	0	0.0	0	
Player	Tm	Att	Yds	1D	YBC	YBC/Att	YAC	YAC/Att	BrkTkl	Att/Br
Kenyan Drake	MIA	9	44	2	23	2.6	21	2.3	2	4.5
Mark Walton	MIA	6	23	1	13	2.2	10	1.7	0	
Kalen Ballage	MIA	2	7		4	2.0	3	1.5	0	
Jakeem Grant	MIA	1	-2	0	-2	-2.0	0	0.0	0	"
advanced_receiving
"Keenan Allen	LAC	5	5	48	1	24	4.8	24	4.8	0		0	0.0
Austin Ekeler	LAC	5	5	62	3	6	1.2	56	11.2	0		0	0.0
Dontrelle Inman	LAC	7	5	76	5	56	11.2	20	4.0	0		1	14.3
Geremy Davis	LAC	2	2	25		23	11.5	2	1.0	0		0	0.0
Troymaine Pope	LAC	2	2	14	1	3	1.5	11	5.5	0		0	0.0
Andre Patton	LAC	4	2	22	2	12	6.0	10	5.0	0		0	0.0
Lance Kendricks	LAC	3	2	37	2	30	15.0	7	3.5	0		0	0.0
Sean Culkin	LAC	1	1	12	1	12	12.0	0	0.0	0		0	0.0
Derek Watt	LAC	1	1	21	1	0	0.0	21	21.0	0		0	0.0
Player	Tm	Tgt	Rec	Yds	1D	YBC	YBC/R	YAC	YAC/R	BrkTkl	Rec/Br	Drop	Drop%
Preston Williams	MIA	7	4	46	2	13	3.3	33	8.3	0		1	14.3
DeVante Parker	MIA	4	4	70	3	54	13.5	16	4.0	0		0	0.0
Kenyan Drake	MIA	5	3	29	1	-13	-4.3	42	14.0	0		0	0.0
Isaiah Ford	MIA	3	2	9	1	3	1.5	6	3.0	0		0	0.0
Mark Walton	MIA	2	2	11	0	2	1.0	9	4.5	0		0	0.0
Nick O'Leary	MIA	1	1	9		7	7.0	2	2.0	0		0	0.0
Jakeem Grant	MIA	1	1	6	1	-3	-3.0	9	9.0	0		0	0.0
Kalen Ballage	MIA	1	0	0		0		0		0		1	100.0"
advanced_defense
"Desmond King	LAC	0	4	4	100.0%	57	14.3	14.3	1	158.3	9.5	38	19	5	1	0	2.5	4	4	0	0.0%
Casey Hayward	LAC	0	4	3	75.0%	45	15.0	11.3	0	111.5	17.0	36	9	0	0	0	0.0	0	4	1	20.0%
Michael Davis	LAC	1	5	2	40.0%	21	10.5	4.2	0	13.3	4.8	-4	25	0	0	0	0.0	0	3	2	40.0%
Denzel Perryman	LAC	0	4	2	50.0%	11	5.5	2.8	0	56.2	0.8	-2	13	0	0	0	0.0	0	3	3	50.0%
Roderic Teamer	LAC	0	2	2	100.0%	28	14.0	14.0	0	118.7	1.5	3	25	0	0	0	0.0	0	4	0	0.0%
Jaylen Watkins	LAC	0	2	2	100.0%	12	6.0	6.0	0	91.7	0.0	0	12	0	0	0	0.0	0	1	0	0.0%
Thomas Davis	LAC	0	1	1	100.0%	3	3.0	3.0	0	79.2	-4.0	-4	7	0	0	0	0.5	1	4	1	20.0%
Drue Tranquill	LAC	0	2	1	50.0%	7	7.0	3.5	0	58.3	1.0	-1	8	2	0	0	0.0	0	2	0	0.0%
Joey Bosa	LAC	0	0	0										0	2	0	0.5	3	3	2	40.0%
Rayshawn Jenkins	LAC	0	0	0										2	1	0	0.0	1	6	0	0.0%
Justin Jones	LAC	0	0	0										0	0	1	0.0	1	1	1	50.0%
Isaac Rochell	LAC	0	0	0										0	0	0	1.0	1	1	0	0.0%
Jerry Tillery	LAC	0	0	0										0	0	0	0.5	1	2	0	0.0%
Uchenna Nwosu	LAC	0	0	0										5	1	0	0.0	1	3	2	40.0%
Brandon Mebane	LAC	0	0	0										0	0	1	0.0	1	2	0	0.0%
Nasir Adderley	LAC	0	1	0	0.0%					39.6	3.0			0	0	0	0.0	0	0	0	
Player	Tm	Int	Tgt	Cmp	Cmp%	Yds	Yds/Cmp	Yds/Tgt	TD	Rat	DADOT	Air	YAC	Bltz	Hrry	QBKD	Sk	Prss	Comb	MTkl	MTkl%
Reshad Jones	MIA	0	8	7	87.5%	98	14.0	12.3	2	157.3	6.6	50	48	0	0	0	0.0	0	9	2	18.2%
Xavien Howard	MIA	0	7	6	85.7%	61	10.2	8.7	0	103.0	6.1	32	29	0	0	0	0.0	0	5	1	16.7%
Eric Rowe	MIA	0	4	3	75.0%	51	17.0	12.8	0	116.7	15.0	48	3	0	0	0	0.0	0	6	0	0.0%
Taco Charlton	MIA	0	2	2	100.0%	20	10.0	10.0	0	108.3	4.0	8	12	0	0	1	1.0	2	6	0	0.0%
Samuel Eguavoen	MIA	0	2	2	100.0%	33	16.5	16.5	0	118.7	6.0	12	21	4	0	0	0.0	0	1	3	75.0%
Jerome Baker	MIA	0	2	2	100.0%	37	18.5	18.5	0	118.7	9.0	18	19	6	0	0	0.0	0	6	0	0.0%
Avery Moss	MIA	0	1	1	100.0%	1	1.0	1.0	0	79.2	-2.0	-2	3	0	0	0	0.0	0	4	1	20.0%
Johnson Bademosi	MIA	0	1	1	100.0%	15	15.0	15.0	0	118.7	5.0	5	10	0	0	0	0.0	0	1	0	0.0%
Charles Harris	MIA	0	1	1	100.0%	5	5.0	5.0	0	87.5	-3.0	-3	8	1	0	0	0.0	0	2	1	33.3%
Raekwon McMillan	MIA	0	1	1	100.0%	8	8.0	8.0	0	100.0	3.0	3	5	2	0	0	0.0	0	8	0	0.0%
Ken Webster	MIA	0	3	1	33.3%	7	7.0	2.3	0	42.4	14.7	7	0	0	0	0	0.0	0	2	0	0.0%
Trent Harris	MIA	0	1	1	100.0%	13	13.0	13.0	0	118.7	8.0	8	5	0	0	0	0.0	0	1	0	0.0%
Davon Godchaux	MIA	0	0	0										0	0	1	0.0	1	4	1	20.0%"
