advanced_rushing = document.querySelectorAll("#rushing_advanced > tbody")[0].innerText;
advanced_receiving = document.querySelectorAll("#receiving_advanced > tbody")[0].innerText;
advanced_defense = document.querySelectorAll("#defense_advanced > tbody")[0].innerText;
advanced_passing = document.querySelectorAll("#passing_advanced > tbody")[0].innerText;
"Baker Mayfield	CLE	20	30	342	12	38.7	175	5.8	93	4.7	3.1	249	12.5	1	3.3%	4	13.3%	1	13	1	0	1	1.0
Odell Beckham	CLE	0	1	0	0	0.0	50	50.0	0		0.0	0		0	0.0%	0	0.0%	0	0	0	0	0	
Player	Tm	Cmp	Att	Yds	1D	1D%	IAY	IAY/PA	CAY	CAY/Cmp	CAY/PA	YAC	YAC/Cmp	Drops	Drop%	BadTh	Bad%	Sk	Bltz	Hrry	Hits	Scrm	Yds/Scr
Lamar Jackson	BAL	24	34	247	12	31.6	268	7.9	137	5.7	4.0	110	4.6	2	6.1%	5	15.2%	4	13	4	1	1	17.0"
advanced_rushing
"Nick Chubb	CLE	20	165	5	132	6.6	33	1.7	2	10.0
Dontrell Hilliard	CLE	6	27	2	21	3.5	6	1.0	0	
Baker Mayfield	CLE	3	1	1	0	0.0	1	0.3	0	
Player	Tm	Att	Yds	1D	YBC	YBC/Att	YAC	YAC/Att	BrkTkl	Att/Br
Mark Ingram	BAL	12	71	3	34	2.8	37	3.1	1	12.0
Lamar Jackson	BAL	9	66	5	44	4.9	22	2.4	0	
Gus Edwards	BAL	6	28	3	6	1.0	22	3.7	1	6.0
Justice Hill	BAL	2	8		6	3.0	2	1.0	0	"
advanced_receiving
"Jarvis Landry	CLE	10	8	167	5	43	5.4	124	15.5	1	8.0	0	0.0
Nick Chubb	CLE	4	3	18	1	-9	-3.0	27	9.0	1	3.0	1	25.0
Ricky Seals-Jones	CLE	3	3	82	3	33	11.0	49	16.3	0		0	0.0
Odell Beckham	CLE	7	2	20	1	15	7.5	5	2.5	0		0	0.0
Dontrell Hilliard	CLE	3	2	27	1	-1	-0.5	28	14.0	0		0	0.0
Pharaoh Brown	CLE	1	1	18		7	7.0	11	11.0	0		0	0.0
Damion Ratley	CLE	3	1	10	1	5	5.0	5	5.0	0		0	0.0
Player	Tm	Tgt	Rec	Yds	1D	YBC	YBC/R	YAC	YAC/R	BrkTkl	Rec/Br	Drop	Drop%
Mark Andrews	BAL	8	4	31	2	26	6.5	5	1.3	0		1	12.5
Marquise Brown	BAL	7	4	22	2	14	3.5	8	2.0	0		1	14.3
Seth Roberts	BAL	5	4	36	3	26	6.5	10	2.5	0		0	0.0
Miles Boykin	BAL	3	3	32	2	31	10.3	1	0.3	0		0	0.0
Willie Snead	BAL	2	2	61	2	16	8.0	45	22.5	0		0	0.0
Hayden Hurst	BAL	2	2	39	1	21	10.5	18	9.0	0		0	0.0
Justice Hill	BAL	2	2	9		0	0.0	9	4.5	0		0	0.0
Mark Ingram	BAL	1	1	0	0	-4	-4.0	4	4.0	0		0	0.0
Gus Edwards	BAL	1	1	8	0	2	2.0	6	6.0	0		0	0.0
Nick Boyle	BAL	1	1	9		5	5.0	4	4.0	0		0	0.0
Chris Moore	BAL	1	0	0		0		0		0		0	0.0"
advanced_defense
"T.J. Carrie	CLE	0	10	8	80.0%	120	15.0	12.0	1	150.0	8.8	62	58	0	0	0	0.0	0	7	1	12.5%
Mack Wilson	CLE	0	6	5	83.3%	56	11.2	9.3	0	105.6	5.2	27	29	6	0	0	0.0	0	7	2	22.2%
Damarious Randall	CLE	0	4	3	75.0%	28	9.3	7.0	2	133.3	9.0	25	3	1	0	0	1.0	1	3	0	0.0%
Terrance Mitchell	CLE	0	5	3	60.0%	15	5.0	3.0	0	64.6	5.8	11	4	0	0	0	0.0	0	4	1	20.0%
Joe Schobert	CLE	0	5	2	40.0%	14	7.0	2.8	0	47.9	16.6	10	4	1	0	0	1.0	1	16	3	15.8%
Jermaine Whitehead	CLE	1	3	2	66.7%	13	6.5	4.3	0	36.1	20.3	7	6	4	1	0	0.0	1	8	1	11.1%
Eric Murray	CLE	0	2	2	100.0%	15	7.5	7.5	0	97.9	2.5	5	10	4	0	0	0.0	0	4	3	42.9%
Larry Ogunjobi	CLE	0	0	0										0	2	0	1.0	3	4	0	0.0%
Olivier Vernon	CLE	0	0	0										0	0	1	1.0	2	2	1	33.3%
Myles Garrett	CLE	0	0	0										0	1	0	0.0	1	1	0	0.0%
Chad Thomas	CLE	0	1	0	0.0%					39.6	-1.0			0	0	0	0.0	0	0	0	
Devaroe Lawrence	CLE	1	0	0										0	0	0	0.0	0	1	1	50.0%
Player	Tm	Int	Tgt	Cmp	Cmp%	Yds	Yds/Cmp	Yds/Tgt	TD	Rat	DADOT	Air	YAC	Bltz	Hrry	QBKD	Sk	Prss	Comb	MTkl	MTkl%
Patrick Onwuasor	BAL	0	6	6	100.0%	117	19.5	19.5	0	118.7	3.8	23	94	8	0	0	0.0	0	6	1	14.3%
Earl Thomas	BAL	0	5	3	60.0%	30	10.0	6.0	0	77.1	8.0	13	17	0	0	0	0.0	0	8	1	11.1%
Tony Jefferson	BAL	0	6	3	50.0%	56	18.7	9.3	1	122.2	9.7	4	52	2	0	0	0.0	0	6	1	14.3%
Marlon Humphrey	BAL	0	7	2	28.6%	20	10.0	2.9	0	39.6	10.0	15	5	0	0	0	0.0	0	1	1	50.0%
Brandon Carr	BAL	0	3	2	66.7%	23	11.5	7.7	0	89.6	6.3	11	12	2	0	0	0.0	0	2	2	50.0%
DeShon Elliott	BAL	0	1	1	100.0%	18	18.0	18.0	0	118.7	15.0	15	3	1	0	0	0.0	0	2	0	0.0%
Anthony Levine	BAL	0	1	1	100.0%	14	14.0	14.0	0	118.7	12.0	12	2	0	0	0	0.0	0	2	1	33.3%
Maurice Canady	BAL	1	2	1	50.0%					16.7	7.5			0	0	0	0.0	0	1	1	50.0%
Kenny Young	BAL	0	1	1	100.0%	19	19.0	19.0	0	118.7	2.0	2	17	1	0	0	0.0	0	4	1	20.0%
Chuck Clark	BAL	0	1	1	100.0%	18	18.0	18.0	0	118.7	7.0	7	11	1	0	0	0.0	0	2	1	33.3%
Pernell McPhee	BAL	0	1	1	100.0%	12	12.0	12.0	0	116.7	5.0	5	7	3	0	0	0.0	0	2	0	0.0%
Tyus Bowser	BAL	0	0	0										2	0	0	1.0	1	1	0	0.0%
Matt Judon	BAL	0	0	0										7	1	0	0.0	1	5	2	28.6%
Patrick Ricard	BAL	0	0	0										0	0	0	0.0	0	4	1	20.0%"
