advanced_rushing = document.querySelectorAll("#rushing_advanced > tbody")[0].innerText;
advanced_receiving = document.querySelectorAll("#receiving_advanced > tbody")[0].innerText;
advanced_defense = document.querySelectorAll("#defense_advanced > tbody")[0].innerText;
advanced_passing = document.querySelectorAll("#passing_advanced > tbody")[0].innerText;
"Ryan Tannehill	MIA	18	31	147	8	22.9	245	7.9	41	2.3	1.3	106	5.9	0	0.0%	6	20.7%	4	11	3	2	1	12.0
Kenny Stills	MIA	1	1	3	1	100.0	2	2.0	2	2.0	2.0	1	1.0	0	0.0%	0	0.0%	0	0	0	0	0	
Player	Tm	Cmp	Att	Yds	1D	1D%	IAY	IAY/PA	CAY	CAY/Cmp	CAY/PA	YAC	YAC/Cmp	Drops	Drop%	BadTh	Bad%	Sk	Bltz	Hrry	Hits	Scrm	Yds/Scr
Josh Allen	BUF	17	26	224	9	33.3	133	5.1	86	5.1	3.3	138	8.1	0	0.0%	6	25.0%	1	15	1	5	5	18.6"
advanced_rushing
"Kalen Ballage	MIA	12	47	4	24	2.0	23	1.9	0	
Kenyan Drake	MIA	11	43	3	19	1.7	24	2.2	1	11.0
Ryan Tannehill	MIA	2	9	1	9	4.5	0	0.0	0	
Player	Tm	Att	Yds	1D	YBC	YBC/Att	YAC	YAC/Att	BrkTkl	Att/Br
Chris Ivory	BUF	14	45	4	25	1.8	20	1.4	0	
LeSean McCoy	BUF	10	26	1	4	0.4	22	2.2	1	10.0
Josh Allen	BUF	9	95	6	66	7.3	29	3.2	0	"
advanced_receiving
"Kenyan Drake	MIA	5	5	52	4	-6	-1.2	58	11.6	1	5.0	0	0.0
Danny Amendola	MIA	5	4	26	2	11	2.8	15	3.8	1	4.0	0	0.0
Durham Smythe	MIA	4	3	14		10	3.3	4	1.3	0		0	0.0
Kenny Stills	MIA	7	3	27	1	25	8.3	2	0.7	0		0	0.0
Kalen Ballage	MIA	1	1	1	0	-1	-1.0	2	2.0	0		0	0.0
Brandon Bolden	MIA	1	1	9		-2	-2.0	11	11.0	0		0	0.0
Mike Gesicki	MIA	2	1	18	1	4	4.0	14	14.0	0		0	0.0
Ryan Tannehill	MIA	1	1	3	1	2	2.0	1	1.0	0		0	0.0
Leonte Carroo	MIA	1	0	0		0		0		0		0	0.0
DeVante Parker	MIA	3	0	0		0		0		0		0	0.0
Player	Tm	Tgt	Rec	Yds	1D	YBC	YBC/R	YAC	YAC/R	BrkTkl	Rec/Br	Drop	Drop%
Zay Jones	BUF	9	6	93	5	59	9.8	34	5.7	1	6.0	0	0.0
Robert Foster	BUF	5	4	21	1	12	3.0	9	2.3	0		0	0.0
Jason Croom	BUF	4	2	32	1	9	4.5	23	11.5	0		0	0.0
LeSean McCoy	BUF	3	2	18	1	-9	-4.5	27	13.5	1	2.0	0	0.0
Kyle Williams	BUF	1	1	9		-1	-1.0	10	10.0	0		0	0.0
Ray-Ray McCloud	BUF	1	1	5		4	4.0	1	1.0	0		0	0.0
Chris Ivory	BUF	1	1	46	1	12	12.0	34	34.0	0		0	0.0"
advanced_defense
"Jerome Baker	MIA	0	5	4	80.0%	70	17.5	14.0	0	118.7	4.6	8	62	3	0	0	1.0	1	6	1	14.3%
Cornell Armstrong	MIA	0	6	4	66.7%	38	9.5	6.3	1	123.6	6.2	37	1	0	0	0	0.0	0	3	0	0.0%
Jalen Davis	MIA	0	2	2	100.0%	16	8.0	8.0	0	100.0	3.5	7	9	1	0	1	0.0	1	4	1	20.0%
Bobby McCain	MIA	0	3	2	66.7%	23	11.5	7.7	1	129.2	5.0	8	15	0	0	0	0.0	0	2	0	0.0%
Cameron Wake	MIA	0	1	1	100.0%	26	26.0	26.0	0	118.7	4.0	4	22	0	2	1	0.0	3	4	0	0.0%
Kiko Alonso	MIA	0	2	1	50.0%	4	4.0	2.0	0	56.2	1.0	-4	8	7	0	2	0.0	2	5	0	0.0%
Mike Hull	MIA	0	1	1	100.0%	9	9.0	9.0	0	104.2	-1.0	-1	10	2	0	0	0.0	0	3	0	0.0%
Torry McTyer	MIA	0	2	1	50.0%	12	12.0	6.0	0	68.7	9.0	3	9	0	0	0	0.0	0	2	0	0.0%
Charles Harris	MIA	0	0	0										0	1	0	0.0	1	2	0	0.0%
Andre Branch	MIA	0	0	0										0	0	1	0.0	1	3	0	0.0%
Reshad Jones	MIA	1	1	0	0.0%					0.0	6.0			1	0	0	0.0	0	3	1	25.0%
Maurice Smith	MIA	0	0	0										0	0	0	0.0	0	2	1	33.3%
Minkah Fitzpatrick	MIA	0	0	0										5	0	0	0.0	0	2	1	33.3%
Raekwon McMillan	MIA	0	1	0	0.0%					39.6	5.0			3	0	0	0.0	0	7	0	0.0%
Player	Tm	Int	Tgt	Cmp	Cmp%	Yds	Yds/Cmp	Yds/Tgt	TD	Rat	DADOT	Air	YAC	Bltz	Hrry	QBKD	Sk	Prss	Comb	MTkl	MTkl%
Tremaine Edmunds	BUF	1	7	6	85.7%	32	5.3	4.6	0	46.1	2.7	2	30	3	0	0	1.0	1	12	0	0.0%
Rafael Bush	BUF	0	3	3	100.0%	27	9.0	9.0	0	104.2	1.0	3	24	1	0	0	0.0	0	2	1	33.3%
Tre'Davious White	BUF	1	4	3	75.0%	40	13.3	10.0	0	66.7	5.0	12	28	0	0	0	0.0	0	2	1	33.3%
Micah Hyde	BUF	0	3	3	100.0%	11	3.7	3.7	1	121.5	7.0	10	1	3	0	0	0.0	0	4	1	20.0%
Levi Wallace	BUF	0	3	2	66.7%	17	8.5	5.7	0	81.2	14.3	11	6	1	0	1	0.0	1	7	1	12.5%
Lorenzo Alexander	BUF	0	4	2	50.0%	19	9.5	4.8	0	63.5	3.0	3	16	8	0	0	0.0	0	6	1	14.3%
Jordan Poyer	BUF	0	3	1	33.3%	4	4.0	1.3	0	42.4	18.7	2	2	2	0	0	0.0	0	9	1	10.0%
Shaq Lawson	BUF	0	0	0										0	0	1	2.0	3	2	0	0.0%
Star Lotulelei	BUF	0	0	0										0	2	0	0.0	2	0	0	
Jerry Hughes	BUF	0	0	0										1	1	0	1.0	2	1	1	50.0%
Trent Murphy	BUF	0	0	0										1	0	0	0.0	0	0	1	100.0%"
