advanced_rushing = document.querySelectorAll("#rushing_advanced > tbody")[0].innerText;
advanced_receiving = document.querySelectorAll("#receiving_advanced > tbody")[0].innerText;
advanced_defense = document.querySelectorAll("#defense_advanced > tbody")[0].innerText;
advanced_passing = document.querySelectorAll("#passing_advanced > tbody")[0].innerText;
"Philip Rivers	LAC	14	24	176	10	41.7	190	7.9	98	7.0	4.1	78	5.6	2	8.3%	5	20.8%	0	12	1	2	0	
Player	Tm	Cmp	Att	Yds	1D	1D%	IAY	IAY/PA	CAY	CAY/Cmp	CAY/PA	YAC	YAC/Cmp	Drops	Drop%	BadTh	Bad%	Sk	Bltz	Hrry	Hits	Scrm	Yds/Scr
Case Keenum	DEN	31	48	292	11	22.4	359	7.5	182	5.9	3.8	110	3.5	4	8.9%	5	11.1%	1	12	6	1	1	8.0"
advanced_rushing
"Melvin Gordon	LAC	10	42	1	31	3.1	11	1.1	0	
Austin Ekeler	LAC	8	58	2	0	0.0	58	7.3	0	
Justin Jackson	LAC	6	10	1	5	0.8	5	0.8	0	
Geno Smith	LAC	2	-2		-2	-1.0	0	0.0	0	
Travis Benjamin	LAC	1	11	1	11	11.0	0	0.0	0	
Philip Rivers	LAC	1	0	0	0	0.0	0	0.0	0	
Derek Watt	LAC	1	8		2	2.0	6	6.0	1	1.0
Mike Williams	LAC	1	-11	0	-11	-11.0	0	0.0	0	
Player	Tm	Att	Yds	1D	YBC	YBC/Att	YAC	YAC/Att	BrkTkl	Att/Br
Royce Freeman	DEN	17	60	4	27	1.6	33	1.9	0	
Devontae Booker	DEN	5	14	2	3	0.6	11	2.2	0	
Case Keenum	DEN	3	8	1	8	2.7	0	0.0	0	"
advanced_receiving
"Mike Williams	LAC	6	5	65	4	59	11.8	6	1.2	0		0	0.0
Keenan Allen	LAC	7	4	64	4	36	9.0	28	7.0	0		0	0.0
Melvin Gordon	LAC	3	3	24	0	-5	-1.7	29	9.7	1	3.0	0	0.0
Tyrell Williams	LAC	3	2	23	2	8	4.0	15	7.5	0		0	0.0
Travis Benjamin	LAC	1	0	0	0	0		0		0		1	100.0
Austin Ekeler	LAC	1	0	0	0	0		0		0		0	0.0
Antonio Gates	LAC	2	0	0		0		0		0		0	0.0
Virgil Green	LAC	1	0	0		0		0		0		1	100.0
Player	Tm	Tgt	Rec	Yds	1D	YBC	YBC/R	YAC	YAC/R	BrkTkl	Rec/Br	Drop	Drop%
Royce Freeman	DEN	10	8	43	1	11	1.4	32	4.0	0		1	10.0
Devontae Booker	DEN	7	5	20	0	8	1.6	12	2.4	0		1	14.3
DaeSean Hamilton	DEN	8	5	49	3	38	7.6	11	2.2	1	5.0	1	12.5
Matt LaCosse	DEN	8	5	33		12	2.4	21	4.2	0		1	12.5
Tim Patrick	DEN	7	4	48	3	43	10.8	5	1.3	1	4.0	0	0.0
Andy Janovich	DEN	2	2	30	2	11	5.5	19	9.5	0		0	0.0
River Cracraft	DEN	2	1	44	1	37	37.0	7	7.0	0		0	0.0
Courtland Sutton	DEN	3	1	25	1	22	22.0	3	3.0	0		0	0.0"
advanced_defense
"Michael Davis	LAC	0	14	10	71.4%	159	15.9	11.4	1	132.7	9.1	107	52	0	0	0	0.0	0	9	2	18.2%
Hayes Pullard	LAC	0	6	5	83.3%	28	5.6	4.7	0	86.1	5.8	29	-1	1	0	0	0.0	0	9	0	0.0%
Desmond King	LAC	0	9	5	55.6%	28	5.6	3.1	0	61.3	6.6	7	21	0	0	0	0.0	0	7	1	12.5%
Derwin James	LAC	0	4	4	100.0%	13	3.3	3.3	0	80.2	0.5	2	11	10	1	0	0.0	1	6	1	14.3%
Rayshawn Jenkins	LAC	0	4	4	100.0%	24	6.0	6.0	0	91.7	1.3	5	19	0	0	0	0.0	0	7	0	0.0%
Jahleel Addae	LAC	1	3	2	66.7%	65	32.5	21.7	0	70.1	30.3	53	12	0	0	0	0.0	0	4	0	0.0%
Adrian Phillips	LAC	0	8	2	25.0%	16	8.0	2.0	0	39.6	8.1	13	3	0	0	0	0.0	0	12	1	7.7%
Kyle Emanuel	LAC	0	1	1	100.0%	7	7.0	7.0	0	95.8	2.0	2	5	1	0	0	0.0	0	2	0	0.0%
Casey Hayward	LAC	0	2	1	50.0%	25	25.0	12.5	0	95.8	29.5	22	3	0	0	0	0.0	0	1	0	0.0%
Isaac Rochell	LAC	0	0	0										0	2	1	0.0	3	1	0	0.0%
Justin Jones	LAC	0	0	0										0	1	0	0.0	1	1	0	0.0%
Melvin Ingram	LAC	0	0	0										0	1	0	0.0	1	1	0	0.0%
Uchenna Nwosu	LAC	0	0	0										5	1	0	0.0	1	2	0	0.0%
Darius Philon	LAC	0	0	0										0	1	0	0.0	1	1	1	50.0%
Joey Bosa	LAC	0	0	0										0	0	0	1.0	1	2	1	33.3%
Jatavis Brown	LAC	0	1	0	0.0%					39.6	-10.0			1	0	0	0.0	0	2	0	0.0%
Player	Tm	Int	Tgt	Cmp	Cmp%	Yds	Yds/Cmp	Yds/Tgt	TD	Rat	DADOT	Air	YAC	Bltz	Hrry	QBKD	Sk	Prss	Comb	MTkl	MTkl%
Isaac Yiadom	DEN	1	6	3	50.0%	33	11.0	5.5	1	66.7	12.2	32	1	0	0	0	0.0	0	2	1	33.3%
Will Parks	DEN	1	3	2	66.7%	2	1.0	0.7	0	30.6	7.0	-2	4	3	0	0	0.0	0	3	1	25.0%
Tramaine Brock	DEN	0	2	2	100.0%	35	17.5	17.5	0	118.7	9.0	18	17	0	0	0	0.0	0	2	1	33.3%
Bradley Roby	DEN	0	3	2	66.7%	40	20.0	13.3	0	109.7	14.3	25	15	0	0	0	0.0	0	5	0	0.0%
Brandon Marshall	DEN	0	2	2	100.0%	19	9.5	9.5	0	106.2	2.0	4	15	3	0	0	0.0	0	1	1	50.0%
Justin Simmons	DEN	0	5	1	20.0%	11	11.0	2.2	0	39.6	5.4	7	4	2	0	0	0.0	0	3	0	0.0%
Darian Stewart	DEN	0	1	1	100.0%	9	9.0	9.0	0	104.2	-3.0	-3	12	1	0	0	0.0	0	2	0	0.0%
Todd Davis	DEN	0	1	1	100.0%	14	14.0	14.0	0	118.7	13.0	13	1	0	0	0	0.0	0	6	1	14.3%
Josey Jewell	DEN	0	2	1	50.0%	13	13.0	6.5	0	70.8	3.0	4	9	1	0	0	0.0	0	5	0	0.0%
Bradley Chubb	DEN	0	0	0										0	0	1	0.0	1	4	0	0.0%
Shaquil Barrett	DEN	0	0	0										3	0	1	0.0	1	1	0	0.0%
Shelby Harris	DEN	0	0	0										0	1	0	0.0	1	5	0	0.0%
Jeff Holland	DEN	0	0	0										1	0	0	0.0	0	3	0	0.0%
Von Miller	DEN	0	0	0										1	0	0	0.0	0	3	0	0.0%"
