advanced_rushing = document.querySelectorAll("#rushing_advanced > tbody")[0].innerText;
advanced_receiving = document.querySelectorAll("#receiving_advanced > tbody")[0].innerText;
advanced_defense = document.querySelectorAll("#defense_advanced > tbody")[0].innerText;
advanced_passing = document.querySelectorAll("#passing_advanced > tbody")[0].innerText;
"Sam Darnold	NYJ	16	28	167	8	25.0	306	10.9	126	7.9	4.5	41	2.6	2	7.1%	6	21.4%	4	15	5	1	1	28.0
Player	Tm	Cmp	Att	Yds	1D	1D%	IAY	IAY/PA	CAY	CAY/Cmp	CAY/PA	YAC	YAC/Cmp	Drops	Drop%	BadTh	Bad%	Sk	Bltz	Hrry	Hits	Scrm	Yds/Scr
Tom Brady	NWE	24	33	250	14	41.2	317	9.6	163	6.8	4.9	87	3.6	1	3.1%	4	12.5%	1	9	2	2	0	"
advanced_rushing
"Elijah McGuire	NYJ	18	41	2	33	1.8	8	0.4	0	
Trenton Cannon	NYJ	2	16	1	12	6.0	4	2.0	0	
De'Angelo Henderson	NYJ	2	19		19	9.5	0	0.0	0	
Sam Darnold	NYJ	1	28	1	28	28.0	0	0.0	0	
Player	Tm	Att	Yds	1D	YBC	YBC/Att	YAC	YAC/Att	BrkTkl	Att/Br
Sony Michel	NWE	14	50	4	28	2.0	22	1.6	1	14.0
Rex Burkhead	NWE	5	14	1	9	1.8	5	1.0	0	
James White	NWE	4	30	1	22	5.5	8	2.0	0	
Brian Hoyer	NWE	3	-3		-3	-1.0	0	0.0	0	
Phillip Dorsett	NWE	2	16	1	16	8.0	0	0.0	0	
Julian Edelman	NWE	2	24	2	24	12.0	0	0.0	0	"
advanced_receiving
"Deontay Burnett	NYJ	5	5	73	4	67	13.4	6	1.2	0		0	0.0
Robby Anderson	NYJ	8	3	24	1	15	5.0	9	3.0	1	3.0	1	12.5
Andre Roberts	NYJ	4	3	28	1	24	8.0	4	1.3	1	3.0	0	0.0
Elijah McGuire	NYJ	2	2	24	1	7	3.5	17	8.5	0		0	0.0
Chris Herndon	NYJ	3	1	8		6	6.0	2	2.0	0		0	0.0
JJ Jones	NYJ	1	1	3		2	2.0	1	1.0	0		0	0.0
Jordan Leggett	NYJ	4	1	7	1	5	5.0	2	2.0	0		0	0.0
Trenton Cannon	NYJ	1	0	0	0	0		0		0		1	100.0
Player	Tm	Tgt	Rec	Yds	1D	YBC	YBC/R	YAC	YAC/R	BrkTkl	Rec/Br	Drop	Drop%
Chris Hogan	NWE	11	6	64	2	42	7.0	22	3.7	1	6.0	0	0.0
Phillip Dorsett	NWE	5	5	34	1	19	3.8	15	3.0	0		0	0.0
Julian Edelman	NWE	6	5	69	5	48	9.6	21	4.2	0		0	0.0
James White	NWE	5	4	39	1	21	5.3	18	4.5	0		1	20.0
Rob Gronkowski	NWE	2	2	24	2	13	6.5	11	5.5	0		0	0.0
Rex Burkhead	NWE	2	1	18	1	18	18.0	0	0.0	0		0	0.0
James Develin	NWE	1	1	2		2	2.0	0	0.0	0		0	0.0"
advanced_defense
"Buster Skrine	NYJ	0	9	6	66.7%	72	12.0	8.0	1	128.0	15.2	58	14	1	0	0	0.0	0	7	1	12.5%
Rashard Robinson	NYJ	0	6	5	83.3%	58	11.6	9.7	1	146.5	8.0	48	10	0	0	0	0.0	0	5	1	16.7%
Neville Hewitt	NYJ	0	6	4	66.7%	57	14.3	9.5	1	136.8	2.7	13	44	0	0	0	0.0	0	6	1	14.3%
Jamal Adams	NYJ	0	5	3	60.0%	25	8.3	5.0	0	72.9	14.8	14	11	3	0	0	0.0	0	11	0	0.0%
Derrick Jones	NYJ	0	4	3	75.0%	18	6.0	4.5	0	83.3	4.8	10	8	0	0	0	0.0	0	3	1	25.0%
Brandon Copeland	NYJ	0	1	1	100.0%	2	2.0	2.0	0	79.2	2.0	2	0	1	0	0	0.0	0	1	0	0.0%
Avery Williamson	NYJ	0	1	1	100.0%	18	18.0	18.0	1	158.3	18.0	18	0	1	0	0	0.0	0	5	1	16.7%
Leonard Williams	NYJ	0	0	0										0	1	0	1.0	2	6	0	0.0%
Mike Pennel	NYJ	0	0	0										0	0	1	0.0	1	3	0	0.0%
Jordan Jenkins	NYJ	0	0	0										1	0	1	0.0	1	1	0	0.0%
Player	Tm	Int	Tgt	Cmp	Cmp%	Yds	Yds/Cmp	Yds/Tgt	TD	Rat	DADOT	Air	YAC	Bltz	Hrry	QBKD	Sk	Prss	Comb	MTkl	MTkl%
J.C. Jackson	NWE	0	8	5	62.5%	52	10.4	6.5	0	81.2	11.1	38	14	0	0	0	0.0	0	7	1	12.5%
Dont'a Hightower	NWE	0	3	3	100.0%	22	7.3	7.3	0	97.2	4.3	13	9	6	0	0	0.0	0	3	1	25.0%
Keion Crossen	NWE	0	3	3	100.0%	60	20.0	20.0	0	118.7	19.0	57	3	0	0	0	0.0	0	4	0	0.0%
Patrick Chung	NWE	0	3	1	33.3%	7	7.0	2.3	0	42.4	6.0	3	4	5	1	0	0.0	1	3	0	0.0%
Jonathan Jones	NWE	0	1	1	100.0%	17	17.0	17.0	0	118.7	4.0	4	13	3	0	0	0.0	0	2	0	0.0%
Stephon Gilmore	NWE	0	5	1	20.0%	4	4.0	0.8	0	39.6	10.2	4	0	0	0	0	0.0	0	1	0	0.0%
Jason McCourty	NWE	0	1	1	100.0%	3	3.0	3.0	0	79.2	2.0	2	1	0	0	0	0.0	0	5	0	0.0%
Elandon Roberts	NWE	0	2	1	50.0%	2	2.0	1.0	0	56.2	10.0	5	-3	0	0	0	0.0	0	6	0	0.0%
Trey Flowers	NWE	0	0	0										0	2	0	1.0	3	6	0	0.0%
Kyle Van Noy	NWE	0	1	0	0.0%					39.6	30.0			4	1	1	0.0	2	3	1	25.0%
Adam Butler	NWE	0	0	0										0	0	0	1.0	1	1	0	0.0%
Derek Rivers	NWE	0	0	0										0	0	0	1.0	1	1	0	0.0%
Lawrence Guy	NWE	0	0	0										0	0	0	1.0	1	3	0	0.0%
Devin McCourty	NWE	0	1	0	0.0%					39.6	22.0			0	0	0	0.0	0	2	0	0.0%"
