advanced_rushing = document.querySelectorAll("#rushing_advanced > tbody")[0].innerText;
advanced_receiving = document.querySelectorAll("#receiving_advanced > tbody")[0].innerText;
advanced_defense = document.querySelectorAll("#defense_advanced > tbody")[0].innerText;
advanced_passing = document.querySelectorAll("#passing_advanced > tbody")[0].innerText;
"Dak Prescott	DAL	27	44	387	18	37.5	434	9.9	250	9.3	5.7	137	5.1	2	4.7%	11	25.6%	4	12	3	6	1	3.0
Player	Tm	Cmp	Att	Yds	1D	1D%	IAY	IAY/PA	CAY	CAY/Cmp	CAY/PA	YAC	YAC/Cmp	Drops	Drop%	BadTh	Bad%	Sk	Bltz	Hrry	Hits	Scrm	Yds/Scr
Eli Manning	NYG	24	41	301	12	28.6	336	8.2	130	5.4	3.2	171	7.1	2	5.1%	10	25.6%	1	10	2	3	0	"
advanced_rushing
"Rod Smith	DAL	12	35	4	14	1.2	21	1.8	1	12.0
Darius Jackson	DAL	6	16		13	2.2	3	0.5	0	
Dak Prescott	DAL	4	0	0	0	0.0	0	0.0	0	
Player	Tm	Att	Yds	1D	YBC	YBC/Att	YAC	YAC/Att	BrkTkl	Att/Br
Saquon Barkley	NYG	17	109	5	13	0.8	96	5.6	1	17.0
Wayne Gallman	NYG	6	23	2	5	0.8	18	3.0	0	
Eli Manning	NYG	1	2	1	1	1.0	1	1.0	0	
Sterling Shepard	NYG	1	9	0	9	9.0	0	0.0	0	"
advanced_receiving
"Blake Jarwin	DAL	8	7	119	5	86	12.3	33	4.7	0		0	0.0
Cole Beasley	DAL	6	6	94	5	65	10.8	29	4.8	0		0	0.0
Amari Cooper	DAL	11	5	31	3	32	6.4	-1	-0.2	0		2	18.2
Michael Gallup	DAL	6	3	50	2	22	7.3	28	9.3	0		0	0.0
Rod Smith	DAL	3	2	14	0	2	1.0	12	6.0	0		0	0.0
Allen Hurns	DAL	1	1	49	1	34	34.0	15	15.0	0		0	0.0
Dalton Schultz	DAL	2	1	17	1	3	3.0	14	14.0	0		0	0.0
Tavon Austin	DAL	3	1	10	1	4	4.0	6	6.0	0		0	0.0
Noah Brown	DAL	1	1	3		2	2.0	1	1.0	0		0	0.0
Darius Jackson	DAL	1	0	0		0		0		0		0	0.0
Jamize Olawale	DAL	1	0	0		0		0		0		0	0.0
Player	Tm	Tgt	Rec	Yds	1D	YBC	YBC/R	YAC	YAC/R	BrkTkl	Rec/Br	Drop	Drop%
Evan Engram	NYG	8	5	81	4	8	1.6	73	14.6	0		0	0.0
Cody Latimer	NYG	6	4	72	2	72	18.0	0	0.0	0		0	0.0
Sterling Shepard	NYG	9	4	67	3	37	9.3	30	7.5	0		1	11.1
Saquon Barkley	NYG	8	4	33	2	-13	-3.3	46	11.5	1	4.0	1	12.5
Bennie Fowler	NYG	4	3	21	1	21	7.0	0	0.0	0		0	0.0
Scott Simonson	NYG	2	2	14		7	3.5	7	3.5	0		0	0.0
Wayne Gallman	NYG	1	1	7	0	1	1.0	6	6.0	1	1.0	0	0.0
Elijhaa Penny	NYG	1	1	6		-3	-3.0	9	9.0	1	1.0	0	0.0"
advanced_defense
"Jeff Heath	DAL	0	10	6	60.0%	101	16.8	10.1	1	127.5	2.7	11	90	0	0	0	0.0	0	8	3	27.3%
Leighton Vander Esch	DAL	0	6	3	50.0%	42	14.0	7.0	0	72.9	0.3	-2	44	2	0	0	0.0	0	9	1	10.0%
Chidobe Awuzie	DAL	1	6	2	33.3%	26	13.0	4.3	0	8.3	9.8	21	5	0	0	0	0.0	0	5	2	28.6%
Jaylon Smith	DAL	0	3	2	66.7%	11	5.5	3.7	0	72.9	3.3	11	0	5	0	0	0.0	0	5	1	16.7%
Anthony Brown	DAL	0	5	2	40.0%	65	32.5	13.0	0	87.5	12.0	44	21	0	0	0	0.0	0	2	0	0.0%
Joe Thomas	DAL	0	2	2	100.0%	16	8.0	8.0	0	100.0	8.0	16	0	0	0	0	0.0	0	5	0	0.0%
Xavier Woods	DAL	0	2	1	50.0%	16	16.0	8.0	0	77.1	3.5	7	9	0	0	0	0.0	0	3	1	25.0%
DeMarcus Lawrence	DAL	0	0	0										0	1	0	1.0	2	3	0	0.0%
Taco Charlton	DAL	0	1	0	0.0%					39.6	6.0			0	1	1	0.0	2	6	0	0.0%
Randy Gregory	DAL	0	1	0	0.0%					39.6	3.0			0	0	1	0.0	1	5	0	0.0%
Antwaun Woods	DAL	0	0	0										0	0	1	0.0	1	2	0	0.0%
Damien Wilson	DAL	0	1	0	0.0%	5		5.0	0	47.9	3.0	3	2	0	0	0	0.0	0	4	1	20.0%
Byron Jones	DAL	0	3	0	0.0%	30		10.0	1	108.3	21.3	30	0	1	0	0	0.0	0	4	0	0.0%
Sean Lee	DAL	0	1	0	0.0%	17		17.0	0	79.2	13.0	13	4	2	0	0	0.0	0	3	0	0.0%
Player	Tm	Int	Tgt	Cmp	Cmp%	Yds	Yds/Cmp	Yds/Tgt	TD	Rat	DADOT	Air	YAC	Bltz	Hrry	QBKD	Sk	Prss	Comb	MTkl	MTkl%
Janoris Jenkins	NYG	0	10	5	50.0%	58	11.6	5.8	0	67.9	15.1	55	3	0	0	0	0.0	0	8	1	11.1%
Sean Chandler	NYG	0	4	4	100.0%	104	26.0	26.0	1	158.3	14.5	58	46	4	0	0	0.0	0	5	0	0.0%
Tae Davis	NYG	0	5	2	40.0%	23	11.5	4.6	0	54.6	1.8	8	15	5	0	1	0.0	1	4	2	33.3%
Kenny Ladler	NYG	0	2	2	100.0%	26	13.0	13.0	0	118.7	7.0	14	12	1	0	1	0.0	1	3	1	25.0%
Michael Thomas	NYG	0	9	2	22.2%	62	31.0	6.9	0	55.8	5.0	40	22	4	0	0	0.0	0	7	0	0.0%
Tony Lippett	NYG	0	5	2	40.0%	62	31.0	12.4	0	87.1	12.4	39	23	0	0	0	0.0	0	1	0	0.0%
Olivier Vernon	NYG	0	1	1	100.0%	0	0.0	0.0	0	79.2	-5.0	-5	5	2	1	3	2.5	7	5	0	0.0%
Grant Haley	NYG	0	3	1	33.3%	27	27.0	9.0	0	67.4	5.3	16	11	1	0	0	0.0	0	3	0	0.0%
B.W. Webb	NYG	0	3	1	33.3%	32	32.0	10.7	1	113.9	25.3	32	0	2	0	0	0.0	0	2	0	0.0%
B.J. Hill	NYG	0	0	0										0	1	0	0.5	2	3	0	0.0%
B.J. Goodson	NYG	0	2	0	0.0%	10		5.0	0	47.9	2.0	5	5	2	0	1	0.0	1	5	2	28.6%
Kerry Wynn	NYG	0	0	0										0	1	0	0.0	1	2	0	0.0%
Lorenzo Carter	NYG	0	0	0										1	0	0	1.0	1	3	0	0.0%
Kareem Martin	NYG	0	0	0										2	0	0	0.0	0	5	0	0.0%
Curtis Riley	NYG	0	1	0	0.0%	19		19.0	1	118.7	19.0	19	0	0	0	0	0.0	0	1	2	66.7%"
