advanced_rushing = document.querySelectorAll("#rushing_advanced > tbody")[0].innerText;
advanced_receiving = document.querySelectorAll("#receiving_advanced > tbody")[0].innerText;
advanced_defense = document.querySelectorAll("#defense_advanced > tbody")[0].innerText;
advanced_passing = document.querySelectorAll("#passing_advanced > tbody")[0].innerText;
"Andrew Luck	IND	24	35	285	15	41.7	285	8.1	158	6.6	4.5	127	5.3	1	2.9%	4	11.4%	1	9	1	1	4	5.0
Player	Tm	Cmp	Att	Yds	1D	1D%	IAY	IAY/PA	CAY	CAY/Cmp	CAY/PA	YAC	YAC/Cmp	Drops	Drop%	BadTh	Bad%	Sk	Bltz	Hrry	Hits	Scrm	Yds/Scr
Blaine Gabbert	TEN	18	29	165	6	20.7	225	7.8	62	3.4	2.1	103	5.7	0	0.0%	5	17.2%	0	5	2	0	0	"
advanced_rushing
"Marlon Mack	IND	25	119	7	64	2.6	55	2.2	1	25.0
Andrew Luck	IND	7	17	0	17	2.4	0	0.0	0	
Jordan Wilkins	IND	3	18	1	7	2.3	11	3.7	0	
Nyheim Hines	IND	1	4	0	0	0.0	4	4.0	0	
Player	Tm	Att	Yds	1D	YBC	YBC/Att	YAC	YAC/Att	BrkTkl	Att/Br
Derrick Henry	TEN	16	93	4	15	0.9	78	4.9	1	16.0"
advanced_receiving
"Dontrelle Inman	IND	6	5	77	3	66	13.2	11	2.2	0		0	0.0
Eric Ebron	IND	6	4	60	4	52	13.0	8	2.0	0		0	0.0
Chester Rogers	IND	4	3	32	2	25	8.3	7	2.3	0		0	0.0
Marlon Mack	IND	3	3	-1	0	-16	-5.3	15	5.0	0		0	0.0
Nyheim Hines	IND	5	3	25	2	4	1.3	21	7.0	0		0	0.0
T.Y. Hilton	IND	6	2	61	2	12	6.0	49	24.5	0		1	16.7
Jordan Wilkins	IND	1	1	5	0	1	1.0	4	4.0	0		0	0.0
Mo Alie-Cox	IND	1	1	21	1	3	3.0	18	18.0	0		0	0.0
Ryan Hewitt	IND	1	1	1	1	1	1.0	0	0.0	0		0	0.0
Ryan Grant	IND	2	1	4		3	3.0	1	1.0	0		0	0.0
Player	Tm	Tgt	Rec	Yds	1D	YBC	YBC/R	YAC	YAC/R	BrkTkl	Rec/Br	Drop	Drop%
Corey Davis	TEN	7	5	48	3	30	6.0	18	3.6	0		0	0.0
Darius Jennings	TEN	5	3	17		6	2.0	11	3.7	0		0	0.0
Dion Lewis	TEN	4	3	23		5	1.7	18	6.0	0		0	0.0
MyCole Pruitt	TEN	2	2	26	1	16	8.0	10	5.0	0		0	0.0
Taywan Taylor	TEN	6	2	8		-7	-3.5	15	7.5	0		0	0.0
Derrick Henry	TEN	1	1	13	1	8	8.0	5	5.0	0		0	0.0
Anthony Firkser	TEN	1	1	8		2	2.0	6	6.0	0		0	0.0
Luke Stocker	TEN	2	1	22	1	2	2.0	20	20.0	0		0	0.0
Tajae Sharpe	TEN	1	0	0		0		0		0		0	0.0"
advanced_defense
"Darius Leonard	IND	1	8	7	87.5%	65	9.3	8.1	1	100.5	5.3	16	49	3	0	0	0.0	0	8	0	0.0%
Pierre Desir	IND	0	8	5	62.5%	30	6.0	3.8	0	69.8	9.5	6	24	0	0	0	0.0	0	6	1	14.3%
Kenny Moore	IND	1	6	5	83.3%	42	8.4	7.0	0	56.2	6.5	26	16	3	0	0	0.0	0	4	1	20.0%
Zaire Franklin	IND	0	2	2	100.0%	20	10.0	10.0	0	108.3	3.0	6	14	0	0	0	0.0	0	3	0	0.0%
Matthew Adams	IND	0	1	1	100.0%	5	5.0	5.0	0	87.5	-3.0	-3	8	0	0	0	0.0	0	2	0	0.0%
Malik Hooker	IND	0	2	1	50.0%	17	17.0	8.5	0	79.2	14.0	14	3	0	0	0	0.0	0	3	1	25.0%
Denico Autry	IND	0	0	0										0	1	0	0.0	1	1	1	50.0%
Anthony Walker	IND	0	1	0	0.0%					39.6	14.0			0	0	0	0.0	0	2	2	50.0%
J.J. Wilcox	IND	0	1	0	0.0%					39.6	1.0			1	0	0	0.0	0	2	0	0.0%
Quincy Wilson	IND	0	3	0	0.0%					39.6	13.0			0	0	0	0.0	0	1	0	0.0%
George Odum	IND	0	1	0	0.0%					39.6	18.0			0	0	0	0.0	0	7	2	22.2%
Player	Tm	Int	Tgt	Cmp	Cmp%	Yds	Yds/Cmp	Yds/Tgt	TD	Rat	DADOT	Air	YAC	Bltz	Hrry	QBKD	Sk	Prss	Comb	MTkl	MTkl%
Malcolm Butler	TEN	0	8	6	75.0%	73	12.2	9.1	0	102.6	9.3	61	12	0	0	0	0.0	0	6	1	14.3%
Wesley Woodyard	TEN	0	6	5	83.3%	44	8.8	7.3	1	136.8	2.3	14	30	2	0	0	0.0	0	14	0	0.0%
Adoree' Jackson	TEN	0	6	4	66.7%	94	23.5	15.7	0	109.7	12.3	38	56	3	0	0	0.0	0	4	0	0.0%
Kevin Byard	TEN	0	4	3	75.0%	24	8.0	6.0	1	129.2	10.3	20	4	0	0	0	0.0	0	10	1	9.1%
Jayon Brown	TEN	1	5	3	60.0%	15	5.0	3.0	0	25.0	3.4	-10	25	0	0	0	0.0	0	9	2	18.2%
LeShaun Sims	TEN	0	4	2	50.0%	20	10.0	5.0	0	64.6	12.3	19	1	4	0	0	0.0	0	4	1	20.0%
Derrick Morgan	TEN	0	1	1	100.0%	22	22.0	22.0	0	118.7	15.0	15	7	0	0	0	0.0	0	2	0	0.0%
Kenny Vaccaro	TEN	0	3	1	33.3%	11	11.0	3.7	1	84.7	11.3	11	0	1	0	0	0.0	0	9	0	0.0%
Rashaan Evans	TEN	0	2	1	50.0%	6	6.0	3.0	0	56.2	8.0	5	1	1	0	0	0.0	0	3	0	0.0%
Harold Landry	TEN	0	0	0										0	1	0	1.0	2	4	0	0.0%
DaQuan Jones	TEN	0	0	0										0	0	1	0.0	1	2	1	33.3%
Matt Dickerson	TEN	0	0	0										0	1	0	0.0	1	2	0	0.0%
Sharif Finch	TEN	0	0	0										2	0	0	0.0	0	2	0	0.0%
Austin Johnson	TEN	0	0	0										0	0	0	0.0	0	1	1	50.0%"
