advanced_rushing = document.querySelectorAll("#rushing_advanced > tbody")[0].innerText;
advanced_receiving = document.querySelectorAll("#receiving_advanced > tbody")[0].innerText;
advanced_defense = document.querySelectorAll("#defense_advanced > tbody")[0].innerText;
advanced_passing = document.querySelectorAll("#passing_advanced > tbody")[0].innerText;
"Baker Mayfield	CLE	23	42	376	16	38.1	483	11.5	251	10.9	6.0	125	5.4	1	2.4%	10	24.4%	0	23	8	1	0	
Player	Tm	Cmp	Att	Yds	1D	1D%	IAY	IAY/PA	CAY	CAY/Cmp	CAY/PA	YAC	YAC/Cmp	Drops	Drop%	BadTh	Bad%	Sk	Bltz	Hrry	Hits	Scrm	Yds/Scr
Lamar Jackson	BAL	14	24	179	6	23.1	192	8.0	88	6.3	3.7	91	6.5	0	0.0%	7	30.4%	2	14	3	2	2	13.0"
advanced_rushing
"Nick Chubb	CLE	9	24	1	4	0.4	20	2.2	2	4.5
Duke Johnson	CLE	4	21		16	4.0	5	1.3	0	
Breshad Perriman	CLE	1	5	0	5	5.0	0	0.0	0	
Player	Tm	Att	Yds	1D	YBC	YBC/Att	YAC	YAC/Att	BrkTkl	Att/Br
Lamar Jackson	BAL	20	90	6	72	3.6	18	0.9	0	
Kenneth Dixon	BAL	12	117	5	29	2.4	88	7.3	1	12.0
Gus Edwards	BAL	12	76	4	29	2.4	47	3.9	1	12.0
Ty Montgomery	BAL	2	13	1	11	5.5	2	1.0	0	
Maxx Williams	BAL	1	0		0	0.0	0	0.0	0	"
advanced_receiving
"Jarvis Landry	CLE	9	5	102	5	72	14.4	30	6.0	0		1	11.1
Antonio Callaway	CLE	7	4	79	4	73	18.3	6	1.5	0		0	0.0
Rashard Higgins	CLE	6	4	86	3	36	9.0	50	12.5	0		0	0.0
David Njoku	CLE	7	3	62	2	44	14.7	18	6.0	0		0	0.0
Breshad Perriman	CLE	4	3	45	2	40	13.3	5	1.7	0		0	0.0
Nick Chubb	CLE	3	2	-4	0	-13	-6.5	9	4.5	0		0	0.0
Darren Fells	CLE	1	1	3		0	0.0	3	3.0	0		0	0.0
Duke Johnson	CLE	4	1	3		-1	-1.0	4	4.0	0		0	0.0
Player	Tm	Tgt	Rec	Yds	1D	YBC	YBC/R	YAC	YAC/R	BrkTkl	Rec/Br	Drop	Drop%
Mark Andrews	BAL	5	4	54	3	44	11.0	10	2.5	0		0	0.0
Michael Crabtree	BAL	2	2	20	1	5	2.5	15	7.5	0		0	0.0
Hayden Hurst	BAL	4	2	43	1	12	6.0	31	15.5	1	2.0	0	0.0
Chris Moore	BAL	3	2	19		15	7.5	4	2.0	0		0	0.0
John Brown	BAL	3	1	7		6	6.0	1	1.0	0		0	0.0
Kenneth Dixon	BAL	1	1	2	0	-4	-4.0	6	6.0	0		0	0.0
Ty Montgomery	BAL	3	1	9	0	1	1.0	8	8.0	0		0	0.0
Willie Snead	BAL	2	1	25	1	9	9.0	16	16.0	1	1.0	0	0.0"
advanced_defense
"Jabrill Peppers	CLE	0	3	3	100.0%	69	23.0	23.0	0	118.7	11.7	35	34	8	0	1	0.0	1	7	2	22.2%
Briean Boddy-Calhoun	CLE	0	4	3	75.0%	20	6.7	5.0	0	85.4	7.3	13	7	2	0	0	0.0	0	6	1	14.3%
Genard Avery	CLE	0	2	2	100.0%	20	10.0	10.0	0	108.3	2.5	5	15	6	2	0	0.0	2	1	2	66.7%
T.J. Carrie	CLE	0	2	2	100.0%	14	7.0	7.0	0	95.8	1.5	3	11	1	1	0	0.0	1	5	0	0.0%
Joe Schobert	CLE	0	3	2	66.7%	22	11.0	7.3	0	88.2	9.7	17	5	5	1	0	0.0	1	13	4	23.5%
Terrance Mitchell	CLE	0	6	2	33.3%	18	9.0	3.0	0	42.4	9.0	11	7	0	0	0	0.0	0	7	0	0.0%
Derrick Kindred	CLE	0	2	1	50.0%	25	25.0	12.5	0	95.8	4.0	9	16	1	0	0	0.0	0	2	0	0.0%
Damarious Randall	CLE	0	2	1	50.0%	25	25.0	12.5	0	95.8	9.0	9	16	0	0	0	0.0	0	6	4	40.0%
Trevon Coley	CLE	0	0	0										0	1	0	0.0	1	1	1	50.0%
Jamie Collins	CLE	0	2	0	0.0%					39.6	10.5			8	0	0	1.0	1	9	0	0.0%
Myles Garrett	CLE	0	0	0										4	0	0	1.0	1	1	0	0.0%
Emmanuel Ogbah	CLE	0	0	0										0	0	1	0.0	1	3	0	0.0%
Ray-Ray Armstrong	CLE	0	0	0										1	0	0	0.0	0	5	0	0.0%
Player	Tm	Int	Tgt	Cmp	Cmp%	Yds	Yds/Cmp	Yds/Tgt	TD	Rat	DADOT	Air	YAC	Bltz	Hrry	QBKD	Sk	Prss	Comb	MTkl	MTkl%
Marlon Humphrey	BAL	0	8	8	100.0%	143	17.9	17.9	0	118.7	14.8	117	26	0	0	0	0.0	0	3	2	40.0%
Brandon Carr	BAL	0	5	4	80.0%	90	22.5	18.0	0	118.7	12.4	54	36	1	0	0	0.0	0	3	1	25.0%
Tavon Young	BAL	0	7	4	57.1%	132	33.0	18.9	2	141.4	20.3	108	24	3	0	0	0.0	0	2	1	33.3%
Tony Jefferson	BAL	0	5	3	60.0%	36	12.0	7.2	1	121.7	9.2	30	6	5	0	0	0.0	0	5	0	0.0%
C.J. Mosley	BAL	1	3	2	66.7%	38	19.0	12.7	0	70.1	19.3	29	9	19	1	0	0.0	1	6	1	14.3%
Jimmy Smith	BAL	2	9	2	22.2%	3	1.5	0.3	1	37.0	11.9	0	3	0	0	0	0.0	0	0	0	
Patrick Onwuasor	BAL	0	2	2	100.0%	1	0.5	0.5	0	79.2	-3.5	-7	8	1	0	0	0.0	0	4	1	20.0%
Matt Judon	BAL	0	1	1	100.0%	13	13.0	13.0	0	118.7	0.0	0	13	14	3	0	0.0	3	2	3	60.0%
Anthony Levine	BAL	0	5	1	20.0%	7	7.0	1.4	0	39.6	8.8	2	5	3	0	0	0.0	0	2	1	33.3%
Terrell Suggs	BAL	0	0	0										20	3	0	0.0	3	2	1	33.3%
Za'Darius Smith	BAL	0	0	0										11	1	0	0.0	1	2	0	0.0%
Chris Wormley	BAL	0	0	0										0	0	1	0.0	1	1	0	0.0%
Eric Weddle	BAL	0	1	0	0.0%					39.6	0.0			4	0	0	0.0	0	1	0	0.0%
Michael Pierce	BAL	0	0	0										0	0	0	0.0	0	3	1	25.0%"
