advanced_rushing = document.querySelectorAll("#rushing_advanced > tbody")[0].innerText;
advanced_receiving = document.querySelectorAll("#receiving_advanced > tbody")[0].innerText;
advanced_defense = document.querySelectorAll("#defense_advanced > tbody")[0].innerText;
advanced_passing = document.querySelectorAll("#passing_advanced > tbody")[0].innerText;
"Josh Rosen	ARI	18	34	149	8	20.0	385	11.3	104	5.8	3.1	45	2.5	1	3.0%	13	39.4%	6	13	3	0	0	
Player	Tm	Cmp	Att	Yds	1D	1D%	IAY	IAY/PA	CAY	CAY/Cmp	CAY/PA	YAC	YAC/Cmp	Drops	Drop%	BadTh	Bad%	Sk	Bltz	Hrry	Hits	Scrm	Yds/Scr
Russell Wilson	SEA	12	21	152	7	25.9	191	9.1	85	7.1	4.0	67	5.6	3	15.8%	1	5.3%	6	16	5	0	1	1.0"
advanced_rushing
"David Johnson	ARI	17	62	4	38	2.2	24	1.4	0	
Chase Edmonds	ARI	6	14		6	1.0	8	1.3	0	
Chad Williams	ARI	1	9	0	6	6.0	3	3.0	0	
Player	Tm	Att	Yds	1D	YBC	YBC/Att	YAC	YAC/Att	BrkTkl	Att/Br
Chris Carson	SEA	19	122	5	72	3.8	50	2.6	0	
Mike Davis	SEA	7	44	2	34	4.9	10	1.4	0	
Rashaad Penny	SEA	4	6		2	0.5	4	1.0	0	
Russell Wilson	SEA	2	-2	0	-2	-1.0	0	0.0	0	
Ed Dickson	SEA	1	9	1	2	2.0	7	7.0	0	
Tyler Lockett	SEA	1	3	0	3	3.0	0	0.0	0	"
advanced_receiving
"Chad Williams	ARI	11	5	51	3	41	8.2	10	2.0	0		0	0.0
Larry Fitzgerald	ARI	9	4	36	3	33	8.3	3	0.8	0		0	0.0
David Johnson	ARI	4	3	6	0	-9	-3.0	15	5.0	0		0	0.0
Chase Edmonds	ARI	2	2	4		-6	-3.0	10	5.0	0		0	0.0
John Phillips	ARI	2	2	29	1	25	12.5	4	2.0	0		0	0.0
Trent Sherfield	ARI	4	2	23	1	20	10.0	3	1.5	0		1	25.0
Darrell Daniels	ARI	1	0	0		0		0		0		0	0.0
Player	Tm	Tgt	Rec	Yds	1D	YBC	YBC/R	YAC	YAC/R	BrkTkl	Rec/Br	Drop	Drop%
Doug Baldwin	SEA	5	2	27	2	16	8.0	11	5.5	0		1	20.0
Mike Davis	SEA	3	2	12	0	2	1.0	10	5.0	0		1	33.3
Tyler Lockett	SEA	2	2	66	2	54	27.0	12	6.0	0		0	0.0
David Moore	SEA	4	2	16	1	11	5.5	5	2.5	0		0	0.0
Nick Vannett	SEA	3	2	17	1	2	1.0	15	7.5	0		1	33.3
Jaron Brown	SEA	2	1	7		2	2.0	5	5.0	0		0	0.0
Chris Carson	SEA	1	1	7	1	-2	-2.0	9	9.0	0		0	0.0"
advanced_defense
"Budda Baker	ARI	0	7	6	85.7%	65	10.8	9.3	1	144.9	3.1	22	43	3	1	0	0.0	1	12	2	14.3%
Deone Bucannon	ARI	0	3	3	100.0%	28	9.3	9.3	0	105.6	3.7	11	17	2	0	0	1.0	1	7	1	12.5%
Patrick Peterson	ARI	0	3	2	66.7%	22	11.0	7.3	0	88.2	5.7	17	5	0	0	0	0.0	0	1	0	0.0%
David Amerson	ARI	1	5	1	20.0%	37	37.0	7.4	0	18.3	21.0	35	2	1	0	0	0.0	0	0	1	100.0%
Rodney Gunter	ARI	0	0	0										0	1	0	2.0	3	5	0	0.0%
Zach Moore	ARI	0	0	0										0	1	0	0.5	2	4	1	20.0%
Corey Peters	ARI	0	0	0										0	1	0	0.5	2	7	1	12.5%
Chandler Jones	ARI	0	0	0										0	0	0	1.0	1	4	0	0.0%
Vontarrius Dora	ARI	0	0	0										0	1	0	0.0	1	1	0	0.0%
Antoine Bethea	ARI	0	0	0										6	0	0	1.0	1	4	1	20.0%
Tre Boston	ARI	0	1	0	0.0%					39.6	14.0			0	0	0	0.0	0	2	0	0.0%
Haason Reddick	ARI	0	1	0	0.0%					39.6	1.0			8	0	0	0.0	0	7	1	12.5%
Player	Tm	Int	Tgt	Cmp	Cmp%	Yds	Yds/Cmp	Yds/Tgt	TD	Rat	DADOT	Air	YAC	Bltz	Hrry	QBKD	Sk	Prss	Comb	MTkl	MTkl%
Tre Flowers	SEA	0	9	5	55.6%	43	8.6	4.8	0	68.3	20.1	37	6	0	0	0	0.0	0	3	2	40.0%
Akeem King	SEA	0	6	4	66.7%	37	9.3	6.2	1	122.9	10.5	25	12	1	0	0	0.0	0	4	0	0.0%
Bobby Wagner	SEA	0	4	3	75.0%	9	3.0	2.3	0	77.1	3.0	-1	10	7	0	0	0.0	0	12	0	0.0%
Bradley McDougald	SEA	0	2	2	100.0%	29	14.5	14.5	0	118.7	12.5	25	4	1	0	0	0.0	0	2	2	50.0%
Neiko Thorpe	SEA	0	2	1	50.0%	9	9.0	4.5	0	62.5	12.5	9	0	0	0	0	0.0	0	1	0	0.0%
Justin Coleman	SEA	0	5	1	20.0%	12	12.0	2.4	0	39.6	12.4	10	2	1	0	0	0.0	0	1	1	50.0%
Shaquill Griffin	SEA	0	2	1	50.0%	5	5.0	2.5	0	56.2	10.5	5	0	0	0	0	0.0	0	5	0	0.0%
K.J. Wright	SEA	0	1	1	100.0%	-5	-5.0	-5.0	0	79.2	-6.0	-6	1	1	0	0	0.0	0	7	1	12.5%
Frank Clark	SEA	0	0	0										0	1	0	1.0	2	1	1	50.0%
Jacob Martin	SEA	0	0	0										0	1	0	1.0	2	2	0	0.0%
Jarran Reed	SEA	0	0	0										0	0	0	2.0	2	3	1	25.0%
Quinton Jefferson	SEA	0	0	0										0	0	0	1.0	1	3	1	25.0%
Poona Ford	SEA	0	1	0	0.0%					39.6	-2.0			0	1	0	0.0	1	5	0	0.0%
Delano Hill	SEA	0	0	0										9	0	0	0.0	0	5	0	0.0%
Barkevious Mingo	SEA	0	0	0										1	0	0	0.0	0	2	0	0.0%"
