advanced_rushing = document.querySelectorAll("#rushing_advanced > tbody")[0].innerText;
advanced_receiving = document.querySelectorAll("#receiving_advanced > tbody")[0].innerText;
advanced_defense = document.querySelectorAll("#defense_advanced > tbody")[0].innerText;
advanced_passing = document.querySelectorAll("#passing_advanced > tbody")[0].innerText;
"Nick Foles	PHI	28	33	221	14	38.9	113	3.4	77	2.8	2.3	144	5.1	0	0.0%	3	9.1%	3	12	0	0	0	
Nate Sudfeld	PHI	1	1	22	1	100.0	-1	-1.0	-1	-1.0	-1.0	23	23.0	0	0.0%	0	0.0%	0	1	1	0	0	
Player	Tm	Cmp	Att	Yds	1D	1D%	IAY	IAY/PA	CAY	CAY/Cmp	CAY/PA	YAC	YAC/Cmp	Drops	Drop%	BadTh	Bad%	Sk	Bltz	Hrry	Hits	Scrm	Yds/Scr
Josh Johnson	WAS	12	27	91	5	16.1	257	9.5	59	4.9	2.2	32	2.7	3	12.0%	4	16.0%	4	5	6	0	2	4.5
Tress Way	WAS	1	1	7	1	100.0	7	7.0	7	7.0	7.0	0	0.0	0	0.0%	0	0.0%	0	0	0	0	0	"
advanced_rushing
"Wendell Smallwood	PHI	12	53	3	28	2.3	25	2.1	0	
Josh Adams	PHI	11	50	3	33	3.0	17	1.5	0	
Darren Sproles	PHI	7	24	2	15	2.1	9	1.3	0	
Nick Foles	PHI	2	4	2	4	2.0	0	0.0	0	
Nate Sudfeld	PHI	2	-2	0	-2	-1.0	0	0.0	0	
Player	Tm	Att	Yds	1D	YBC	YBC/Att	YAC	YAC/Att	BrkTkl	Att/Br
Adrian Peterson	WAS	4	0		-3	-0.8	3	0.8	0	
Josh Johnson	WAS	3	4	0	0	0.0	4	1.3	0	
Samaje Perine	WAS	3	7	1	1	0.3	6	2.0	0	
Chris Thompson	WAS	2	10	0	7	3.5	3	1.5	0	"
advanced_receiving
"Nelson Agholor	PHI	6	5	40	4	-1	-0.2	41	8.2	0		0	0.0
Alshon Jeffery	PHI	5	5	59	4	48	9.6	11	2.2	0		0	0.0
Wendell Smallwood	PHI	4	4	24	2	-7	-1.8	31	7.8	1	4.0	0	0.0
Golden Tate	PHI	6	4	33	1	18	4.5	15	3.8	1	4.0	0	0.0
Josh Adams	PHI	3	3	33	2	2	0.7	31	10.3	0		0	0.0
Zach Ertz	PHI	4	3	15		6	2.0	9	3.0	0		0	0.0
Dallas Goedert	PHI	3	3	27	1	10	3.3	17	5.7	0		0	0.0
Darren Sproles	PHI	3	2	12	1	0	0.0	12	6.0	0		0	0.0
Player	Tm	Tgt	Rec	Yds	1D	YBC	YBC/R	YAC	YAC/R	BrkTkl	Rec/Br	Drop	Drop%
Chris Thompson	WAS	8	5	14	1	4	0.8	10	2.0	0		1	12.5
Josh Doctson	WAS	4	2	33	2	30	15.0	3	1.5	0		0	0.0
Michael Floyd	WAS	3	2	15		7	3.5	8	4.0	0		1	33.3
Jehu Chesson	WAS	1	1	7	1	7	7.0	0	0.0	0		0	0.0
Jamison Crowder	WAS	8	1	7		5	5.0	2	2.0	0		1	12.5
Matt Flanagan	WAS	1	1	14	1	7	7.0	7	7.0	0		0	0.0
Darvin Kidsy	WAS	2	1	8	1	6	6.0	2	2.0	0		0	0.0"
advanced_defense
"Nigel Bradham	PHI	0	6	4	66.7%	28	7.0	4.7	0	77.1	5.0	13	15	1	0	0	0.0	0	4	0	0.0%
Rasul Douglas	PHI	1	8	4	50.0%	42	10.5	5.3	0	26.0	12.8	30	12	0	0	0	0.0	0	6	0	0.0%
Cre'von LeBlanc	PHI	0	5	3	60.0%	25	8.3	5.0	0	72.9	4.2	12	13	1	0	0	0.0	0	3	1	25.0%
Avonte Maddox	PHI	0	6	3	50.0%	28	9.3	4.7	0	63.2	6.8	25	3	0	0	0	0.0	0	3	0	0.0%
Michael Bennett	PHI	0	1	1	100.0%	-3	-3.0	-3.0	0	79.2	-4.0	-4	1	0	3	0	1.0	4	3	0	0.0%
Fletcher Cox	PHI	0	0	0										0	1	0	3.0	4	4	0	0.0%
Brandon Graham	PHI	0	0	0										0	1	0	0.0	1	2	1	33.3%
Malcolm Jenkins	PHI	0	1	0	0.0%					39.6	25.0			1	0	0	0.0	0	4	0	0.0%
Tre Sullivan	PHI	0	1	0	0.0%					39.6	13.0			0	0	0	0.0	0	2	1	33.3%
Corey Graham	PHI	0	1	0	0.0%					39.6	46.0			1	0	0	0.0	0	1	0	0.0%
Timmy Jernigan	PHI	0	0	0										1	0	0	0.0	0	0	0	
Jordan Hicks	PHI	0	0	0										2	0	0	0.0	0	1	0	0.0%
Player	Tm	Int	Tgt	Cmp	Cmp%	Yds	Yds/Cmp	Yds/Tgt	TD	Rat	DADOT	Air	YAC	Bltz	Hrry	QBKD	Sk	Prss	Comb	MTkl	MTkl%
Josh Norman	WAS	0	5	5	100.0%	62	12.4	12.4	2	157.9	6.4	32	30	0	0	0	0.0	0	5	0	0.0%
Deshazor Everett	WAS	1	4	4	100.0%	39	9.8	9.8	0	67.7	2.8	11	28	2	0	0	0.0	0	9	4	30.8%
Zach Brown	WAS	0	4	4	100.0%	21	5.3	5.3	0	88.5	-0.5	-2	23	2	0	0	0.0	0	11	0	0.0%
Mason Foster	WAS	0	6	4	66.7%	28	7.0	4.7	0	77.1	2.8	1	27	3	0	0	0.0	0	8	1	11.1%
Ha Ha Clinton-Dix	WAS	0	4	3	75.0%	21	7.0	5.3	0	86.5	2.3	6	15	0	0	0	0.0	0	6	0	0.0%
Greg Stroman	WAS	0	4	3	75.0%	22	7.3	5.5	0	87.5	3.5	16	6	1	0	0	0.0	0	5	0	0.0%
Shaun Dion Hamilton	WAS	0	3	2	66.7%	44	22.0	14.7	0	109.7	2.3	7	37	4	0	0	1.0	1	7	1	12.5%
Fabian Moreau	WAS	0	4	2	50.0%	6	3.0	1.5	1	95.8	6.0	5	1	0	0	0	0.0	0	4	1	20.0%
Preston Smith	WAS	0	0	0										7	1	0	0.0	1	2	0	0.0%
Ryan Kerrigan	WAS	0	0	0										8	0	0	1.0	1	1	0	0.0%
Stacy McGee	WAS	0	0	0										0	0	0	1.0	1	2	0	0.0%
Pernell McPhee	WAS	0	0	0										4	0	0	0.0	0	3	1	25.0%
Caleb Brantley	WAS	0	0	0										0	0	0	0.0	0	1	2	66.7%"
