advanced_rushing = document.querySelectorAll("#rushing_advanced > tbody")[0].innerText;
advanced_receiving = document.querySelectorAll("#receiving_advanced > tbody")[0].innerText;
advanced_defense = document.querySelectorAll("#defense_advanced > tbody")[0].innerText;
advanced_passing = document.querySelectorAll("#passing_advanced > tbody")[0].innerText;
"Cam Newton	CAR	32	45	335	20	42.6	324	7.2	152	4.8	3.4	183	5.7	5	11.4%	3	6.8%	2	6	3	2	3	9.3
Player	Tm	Cmp	Att	Yds	1D	1D%	IAY	IAY/PA	CAY	CAY/Cmp	CAY/PA	YAC	YAC/Cmp	Drops	Drop%	BadTh	Bad%	Sk	Bltz	Hrry	Hits	Scrm	Yds/Scr
Matt Ryan	ATL	23	28	272	12	42.9	293	10.5	139	6.0	5.0	133	5.8	2	7.1%	3	10.7%	0	7	0	2	3	5.7"
advanced_rushing
"Christian McCaffrey	CAR	8	37	2	16	2.0	21	2.6	1	8.0
Cam Newton	CAR	5	42	3	17	3.4	25	5.0	1	5.0
C.J. Anderson	CAR	3	31	1	25	8.3	6	2.0	0	
Alex Armah	CAR	1	4		0	0.0	4	4.0	0	
D.J. Moore	CAR	1	7	0	-5	-5.0	12	12.0	0	
Player	Tm	Att	Yds	1D	YBC	YBC/Att	YAC	YAC/Att	BrkTkl	Att/Br
Tevin Coleman	ATL	16	107	3	69	4.3	38	2.4	0	
Ito Smith	ATL	9	46	3	16	1.8	30	3.3	1	9.0
Matt Ryan	ATL	4	18	3	17	4.3	1	0.3	3	1.3
Calvin Ridley	ATL	1	3	1	3	3.0	0	0.0	0	
Mohamed Sanu	ATL	1	-4	0	-4	-4.0	0	0.0	0	
Matt Schaub	ATL	1	0		0	0.0	0	0.0	0	"
advanced_receiving
"Christian McCaffrey	CAR	15	14	102	6	6	0.4	96	6.9	0		0	0.0
Devin Funchess	CAR	9	7	77	5	62	8.9	15	2.1	1	7.0	1	11.1
Jarius Wright	CAR	7	5	62	5	44	8.8	18	3.6	0		1	14.3
Torrey Smith	CAR	7	3	33	2	16	5.3	17	5.7	0		0	0.0
Ian Thomas	CAR	3	2	10	1	7	3.5	3	1.5	0		1	33.3
D.J. Moore	CAR	2	1	51	1	17	17.0	34	34.0	1	1.0	0	0.0
C.J. Anderson	CAR	2	0	0	0	0		0		0		2	100.0
Player	Tm	Tgt	Rec	Yds	1D	YBC	YBC/R	YAC	YAC/R	BrkTkl	Rec/Br	Drop	Drop%
Austin Hooper	ATL	5	5	59	3	38	7.6	21	4.2	0		0	0.0
Julio Jones	ATL	9	5	64	3	46	9.2	18	3.6	0		1	11.1
Tevin Coleman	ATL	4	4	18	0	1	0.3	17	4.3	1	4.0	0	0.0
Calvin Ridley	ATL	5	4	64	3	28	7.0	36	9.0	0		1	20.0
Mohamed Sanu	ATL	2	2	19	1	5	2.5	14	7.0	0		0	0.0
Marvin Hall	ATL	1	1	30	1	21	21.0	9	9.0	0		0	0.0
Logan Paulsen	ATL	1	1	10	1	-2	-2.0	12	12.0	0		0	0.0
Ito Smith	ATL	1	1	8	0	2	2.0	6	6.0	0		0	0.0"
advanced_defense
"David Mayo	CAR	0	2	2	100.0%	19	9.5	9.5	0	106.2	-1.0	-2	21	1	0	0	0.0	0	2	1	33.3%
Corn Elder	CAR	0	2	2	100.0%	42	21.0	21.0	0	118.7	10.0	20	22	0	0	0	0.0	0	1	0	0.0%
Shaq Thompson	CAR	0	3	1	33.3%	22	22.0	7.3	1	100.0	4.7	14	8	5	0	1	0.0	1	2	2	50.0%
James Bradberry	CAR	0	10	1	10.0%	77	77.0	7.7	0	59.2	19.9	45	32	0	0	0	0.0	0	7	0	0.0%
Captain Munnerlyn	CAR	0	2	1	50.0%	16	16.0	8.0	0	77.1	6.0	12	4	0	0	0	0.0	0	2	0	0.0%
Mario Addison	CAR	0	1	1	100.0%	7	7.0	7.0	0	95.8	5.0	5	2	0	0	0	0.0	0	4	1	20.0%
Wes Horton	CAR	0	0	0										0	0	1	0.0	1	2	1	33.3%
Luke Kuechly	CAR	0	2	0	0.0%	3		1.5	0	39.6	-1.5	-3	6	1	0	0	0.0	0	8	3	27.3%
Mike Adams	CAR	0	2	0	0.0%	52		26.0	0	79.2	13.0	26	26	1	0	0	0.0	0	4	1	20.0%
Rashaan Gaulden	CAR	0	0	0										0	0	0	0.0	0	3	1	25.0%
Donte Jackson	CAR	1	4	0	0.0%	34		8.5	1	62.5	5.5	22	12	0	0	0	0.0	0	7	1	12.5%
Marquis Haynes	CAR	0	0	0										0	0	0	0.0	0	1	1	50.0%
Dontari Poe	CAR	0	0	0										0	0	0	0.0	0	1	2	66.7%
Player	Tm	Int	Tgt	Cmp	Cmp%	Yds	Yds/Cmp	Yds/Tgt	TD	Rat	DADOT	Air	YAC	Bltz	Hrry	QBKD	Sk	Prss	Comb	MTkl	MTkl%
Desmond Trufant	ATL	0	5	4	80.0%	45	11.3	9.0	0	104.2	7.0	20	25	0	0	0	0.0	0	3	0	0.0%
Robert Alford	ATL	0	8	4	50.0%	48	12.0	6.0	1	108.3	14.9	37	11	0	0	0	0.0	0	1	1	50.0%
De'Vondre Campbell	ATL	0	8	3	37.5%	50	16.7	6.3	0	59.4	6.1	23	27	2	0	0	0.0	0	9	0	0.0%
Foyesade Oluokun	ATL	0	2	2	100.0%	26	13.0	13.0	0	118.7	9.0	18	8	0	0	0	0.0	0	4	0	0.0%
Brian Poole	ATL	0	8	1	12.5%	44	44.0	5.5	1	89.6	3.8	18	26	2	0	0	1.0	1	7	1	12.5%
Ricardo Allen	ATL	1	7	1	14.3%	24	24.0	3.4	0	1.8	8.7	15	9	0	0	0	0.0	0	5	0	0.0%
Jordan Richards	ATL	0	3	1	33.3%	51	51.0	17.0	1	121.5	13.0	17	34	2	0	0	0.0	0	4	0	0.0%
Grady Jarrett	ATL	0	0	0										0	1	2	0.0	3	5	1	16.7%
Takkarist McKinley	ATL	0	0	0										0	1	0	1.0	2	2	0	0.0%
Vic Beasley	ATL	0	0	0										2	1	0	0.0	1	2	0	0.0%
Duke Riley	ATL	0	5	0	0.0%	30		6.0	0	52.1	7.4	-6	36	1	0	0	0.0	0	9	2	18.2%
Deadrin Senat	ATL	0	0	0										0	0	0	0.0	0	1	1	50.0%
Blidi Wreh-Wilson	ATL	0	1	0	0.0%					39.6	14.0			0	0	0	0.0	0	0	0	"
