advanced_rushing = document.querySelectorAll("#rushing_advanced > tbody")[0].innerText;
advanced_receiving = document.querySelectorAll("#receiving_advanced > tbody")[0].innerText;
advanced_defense = document.querySelectorAll("#defense_advanced > tbody")[0].innerText;
advanced_passing = document.querySelectorAll("#passing_advanced > tbody")[0].innerText;
"Philip Rivers	LAC	23	27	256	16	55.2	101	3.7	99	4.3	3.7	157	6.8	0	0.0%	3	11.1%	2	7	3	3	1	7.0
Player	Tm	Cmp	Att	Yds	1D	1D%	IAY	IAY/PA	CAY	CAY/Cmp	CAY/PA	YAC	YAC/Cmp	Drops	Drop%	BadTh	Bad%	Sk	Bltz	Hrry	Hits	Scrm	Yds/Scr
Josh Allen	BUF	18	33	245	10	26.3	341	10.3	128	7.1	3.9	117	6.5	4	12.1%	6	18.2%	5	13	8	2	3	7.7"
advanced_rushing
"Austin Ekeler	LAC	11	77	4	14	1.3	63	5.7	2	5.5
Melvin Gordon	LAC	9	28	1	16	1.8	12	1.3	1	9.0
Philip Rivers	LAC	3	5	0	5	1.7	0	0.0	0	
JJ Jones	LAC	1	0		-2	-2.0	2	2.0	0	
Detrez Newsome	LAC	1	0		0	0.0	0	0.0	0	
Geno Smith	LAC	1	-1		-1	-1.0	0	0.0	0	
Player	Tm	Att	Yds	1D	YBC	YBC/Att	YAC	YAC/Att	BrkTkl	Att/Br
LeSean McCoy	BUF	9	39	1	30	3.3	9	1.0	0	
Josh Allen	BUF	8	32	3	14	1.8	18	2.3	0	
Marcus Murphy	BUF	3	6		2	0.7	4	1.3	1	3.0
Chris Ivory	BUF	2	7	1	1	0.5	6	3.0	0	"
advanced_receiving
"Keenan Allen	LAC	8	6	67	4	38	6.3	29	4.8	0		0	0.0
Melvin Gordon	LAC	7	6	38	3	5	0.8	33	5.5	0		0	0.0
Virgil Green	LAC	3	3	55	3	21	7.0	34	11.3	2	1.5	0	0.0
Tyrell Williams	LAC	3	3	48	3	17	5.7	31	10.3	0		0	0.0
Austin Ekeler	LAC	3	3	21	1	-9	-3.0	30	10.0	2	1.5	0	0.0
Mike Williams	LAC	2	2	27	2	27	13.5	0	0.0	0		0	0.0
Antonio Gates	LAC	1	0	0		0		0		0		0	0.0
Player	Tm	Tgt	Rec	Yds	1D	YBC	YBC/R	YAC	YAC/R	BrkTkl	Rec/Br	Drop	Drop%
LeSean McCoy	BUF	4	4	29	0	-18	-4.5	47	11.8	0		0	0.0
Robert Foster	BUF	3	2	30	2	14	7.0	16	8.0	0		0	0.0
Jason Croom	BUF	4	2	7	1	5	2.5	2	1.0	0		0	0.0
Charles Clay	BUF	3	2	29	1	29	14.5	0	0.0	0		0	0.0
Zay Jones	BUF	3	2	63	1	59	29.5	4	2.0	0		0	0.0
Kelvin Benjamin	BUF	3	2	19	2	17	8.5	2	1.0	0		0	0.0
Patrick DiMarco	BUF	1	1	24	1	18	18.0	6	6.0	0		0	0.0
Chris Ivory	BUF	2	1	30	1	-5	-5.0	35	35.0	1	1.0	0	0.0
Marcus Murphy	BUF	5	1	7		4	4.0	3	3.0	1	1.0	2	40.0
Logan Thomas	BUF	1	1	7	1	5	5.0	2	2.0	0		0	0.0
Andre Holmes	BUF	4	0	0		0		0		0		2	50.0"
advanced_defense
"Desmond King	LAC	0	5	5	100.0%	65	13.0	13.0	0	118.7	4.4	22	43	2	0	0	0.0	0	2	1	33.3%
Jahleel Addae	LAC	0	5	4	80.0%	121	30.3	24.2	0	118.7	25.4	113	8	0	0	0	0.0	0	7	0	0.0%
Adrian Phillips	LAC	1	4	3	75.0%	18	6.0	4.5	1	83.3	6.8	16	2	0	0	0	0.0	0	5	1	16.7%
Derwin James	LAC	0	3	2	66.7%	8	4.0	2.7	0	70.1	10.0	5	3	8	1	0	1.0	2	7	1	12.5%
Jatavis Brown	LAC	0	4	2	50.0%	14	7.0	3.5	0	58.3	1.8	0	14	2	0	0	1.0	1	2	1	33.3%
Casey Hayward	LAC	0	7	2	28.6%	73	36.5	10.4	0	70.5	24.4	69	4	0	0	0	0.0	0	1	0	0.0%
Kyzir White	LAC	1	6	2	33.3%	15	7.5	2.5	0	2.8	4.0	-9	24	0	0	0	0.0	0	4	1	20.0%
Trevor Williams	LAC	0	4	1	25.0%	3	3.0	0.8	1	79.2	12.3	3	0	0	0	0	0.0	0	1	0	0.0%
Denzel Perryman	LAC	0	2	1	50.0%	6	6.0	3.0	0	56.2	1.0	-4	10	1	0	0	0.0	0	6	1	14.3%
Melvin Ingram	LAC	0	0	0										5	3	1	1.5	6	4	1	20.0%
Uchenna Nwosu	LAC	0	0	0										2	1	0	1.0	2	4	0	0.0%
Isaac Rochell	LAC	0	0	0										0	2	0	0.0	2	5	0	0.0%
Damion Square	LAC	0	0	0										0	0	0	0.5	1	1	1	50.0%
Rayshawn Jenkins	LAC	0	0	0										2	0	1	0.0	1	0	0	
Darius Philon	LAC	0	0	0										0	1	0	0.0	1	1	1	50.0%
Justin Jones	LAC	0	0	0										0	0	0	0.0	0	1	1	50.0%
Player	Tm	Int	Tgt	Cmp	Cmp%	Yds	Yds/Cmp	Yds/Tgt	TD	Rat	DADOT	Air	YAC	Bltz	Hrry	QBKD	Sk	Prss	Comb	MTkl	MTkl%
Tremaine Edmunds	BUF	0	11	10	90.9%	105	10.5	9.5	1	136.7	3.0	37	68	3	1	0	0.0	1	7	4	36.4%
Jordan Poyer	BUF	0	4	4	100.0%	74	18.5	18.5	1	158.3	11.8	47	27	2	0	0	0.0	0	7	2	22.2%
Lafayette Pitts	BUF	0	3	3	100.0%	31	10.3	10.3	0	109.7	0.7	2	29	0	0	0	0.0	0	1	1	50.0%
Rafael Bush	BUF	0	3	3	100.0%	28	9.3	9.3	0	105.6	4.3	13	15	2	0	0	0.0	0	6	3	33.3%
Vontae Davis	BUF	0	3	3	100.0%	34	11.3	11.3	1	153.5	7.3	22	12	0	0	0	0.0	0	1	0	0.0%
Tre'Davious White	BUF	0	4	2	50.0%	40	20.0	10.0	0	85.4	7.5	29	11	0	0	0	0.0	0	2	0	0.0%
Matt Milano	BUF	0	2	1	50.0%	2	2.0	1.0	1	95.8	3.5	2	0	4	1	0	0.0	1	5	1	16.7%
Ramon Humber	BUF	0	1	1	100.0%	4	4.0	4.0	0	83.3	2.0	2	2	0	0	0	0.0	0	3	0	0.0%
Micah Hyde	BUF	0	1	1	100.0%	23	23.0	23.0	0	118.7	12.0	12	11	1	0	0	0.0	0	3	0	0.0%
Jerry Hughes	BUF	0	0	0										0	1	2	1.0	4	6	0	0.0%
Trent Murphy	BUF	0	0	0										0	0	1	0.0	1	4	1	20.0%
Kyle Williams	BUF	0	0	0										0	1	0	0.0	1	1	0	0.0%
Lorenzo Alexander	BUF	0	0	0										1	0	0	1.0	1	7	1	12.5%"
