advanced_rushing = document.querySelectorAll("#rushing_advanced > tbody")[0].innerText;
advanced_receiving = document.querySelectorAll("#receiving_advanced > tbody")[0].innerText;
advanced_defense = document.querySelectorAll("#defense_advanced > tbody")[0].innerText;
advanced_passing = document.querySelectorAll("#passing_advanced > tbody")[0].innerText;
"Russell Wilson	SEA	22	36	226	10	23.8	289	8.0	158	7.2	4.4	68	3.1	1	3.0%	6	18.2%	6	5	12	2	3	5.7
Player	Tm	Cmp	Att	Yds	1D	1D%	IAY	IAY/PA	CAY	CAY/Cmp	CAY/PA	YAC	YAC/Cmp	Drops	Drop%	BadTh	Bad%	Sk	Bltz	Hrry	Hits	Scrm	Yds/Scr
Mitchell Trubisky	CHI	25	34	200	11	30.6	207	6.1	99	4.0	2.9	101	4.0	0	0.0%	4	11.8%	2	9	6	0	3	9.3"
advanced_rushing
"Rashaad Penny	SEA	10	30	2	20	2.0	10	1.0	1	10.0
Chris Carson	SEA	6	24	1	8	1.3	16	2.7	2	3.0
Mike Davis	SEA	3	3	1	3	1.0	0	0.0	0	
Russell Wilson	SEA	3	17	2	9	3.0	8	2.7	1	3.0
Player	Tm	Att	Yds	1D	YBC	YBC/Att	YAC	YAC/Att	BrkTkl	Att/Br
Jordan Howard	CHI	14	35	4	26	1.9	9	0.6	1	14.0
Mitchell Trubisky	CHI	5	24	1	24	4.8	0	0.0	0	
Tarik Cohen	CHI	4	8	0	1	0.3	7	1.8	1	4.0
Taylor Gabriel	CHI	3	17	1	13	4.3	4	1.3	0	
Trey Burton	CHI	1	2	1	0	0.0	2	2.0	0	"
advanced_receiving
"Tyler Lockett	SEA	7	5	60	3	48	9.6	12	2.4	0		0	0.0
Brandon Marshall	SEA	6	4	44	2	39	9.8	5	1.3	0		0	0.0
Jaron Brown	SEA	3	3	36	2	34	11.3	2	0.7	0		0	0.0
Will Dissly	SEA	5	3	42	2	20	6.7	22	7.3	0		0	0.0
C.J. Prosise	SEA	3	3	22		5	1.7	17	5.7	0		0	0.0
Nick Vannett	SEA	5	3	23	1	18	6.0	5	1.7	0		0	0.0
Mike Davis	SEA	1	1	-1	0	-6	-6.0	5	5.0	0		0	0.0
Chris Carson	SEA	1	0	0	0	0		0		0		0	0.0
Rashaad Penny	SEA	2	0	0	0	0		0		0		1	50.0
Player	Tm	Tgt	Rec	Yds	1D	YBC	YBC/R	YAC	YAC/R	BrkTkl	Rec/Br	Drop	Drop%
Allen Robinson	CHI	14	10	83	5	64	6.4	19	1.9	2	5.0	0	0.0
Trey Burton	CHI	4	4	20	2	6	1.5	14	3.5	0		0	0.0
Taylor Gabriel	CHI	7	4	30	0	10	2.5	20	5.0	1	4.0	0	0.0
Jordan Howard	CHI	4	3	33	1	1	0.3	32	10.7	0		0	0.0
Anthony Miller	CHI	3	2	11	1	5	2.5	6	3.0	0		0	0.0
Josh Bellamy	CHI	1	1	6	1	-1	-1.0	7	7.0	0		0	0.0
Tarik Cohen	CHI	1	1	17	1	14	14.0	3	3.0	0		0	0.0"
advanced_defense
"Shaquill Griffin	SEA	2	10	8	80.0%	55	6.9	5.5	0	50.0	9.9	39	16	0	0	0	0.0	0	4	2	33.3%
Akeem King	SEA	0	6	5	83.3%	40	8.0	6.7	1	134.0	6.3	29	11	1	0	0	0.0	0	6	0	0.0%
Austin Calitro	SEA	0	6	5	83.3%	32	6.4	5.3	1	128.5	2.7	14	18	3	0	0	0.0	0	9	2	18.2%
Bradley McDougald	SEA	0	3	3	100.0%	28	9.3	9.3	0	105.6	4.3	13	15	1	0	0	0.0	0	8	0	0.0%
Mychal Kendricks	SEA	0	3	2	66.7%	24	12.0	8.0	0	91.0	-0.3	-3	27	1	0	0	1.0	1	3	2	40.0%
Justin Coleman	SEA	0	2	1	50.0%	13	13.0	6.5	0	70.8	7.5	8	5	0	0	0	0.0	0	3	0	0.0%
Barkevious Mingo	SEA	0	2	1	50.0%	5	5.0	2.5	0	56.2	1.5	-4	9	4	0	0	0.0	0	4	1	20.0%
Earl Thomas	SEA	0	2	1	50.0%	3	3.0	1.5	0	56.2	12.0	3	0	1	0	0	0.0	0	6	0	0.0%
Frank Clark	SEA	0	0	0										1	4	0	1.0	5	3	0	0.0%
Quinton Jefferson	SEA	0	0	0										0	2	0	0.0	2	2	0	0.0%
Nazair Jones	SEA	0	0	0										0	1	0	0.0	1	1	0	0.0%
Jarran Reed	SEA	0	0	0										0	0	0	0.0	0	2	1	33.3%
Player	Tm	Int	Tgt	Cmp	Cmp%	Yds	Yds/Cmp	Yds/Tgt	TD	Rat	DADOT	Air	YAC	Bltz	Hrry	QBKD	Sk	Prss	Comb	MTkl	MTkl%
Roquan Smith	CHI	0	7	6	85.7%	54	9.0	7.7	1	138.4	5.7	38	16	1	0	0	0.0	0	7	3	30.0%
Danny Trevathan	CHI	0	4	3	75.0%	50	16.7	12.5	0	116.7	6.5	24	26	4	0	0	2.0	2	8	0	0.0%
Prince Amukamara	CHI	1	7	3	42.9%	36	12.0	5.1	0	19.6	10.9	31	5	0	0	0	0.0	0	4	0	0.0%
Kyle Fuller	CHI	0	5	3	60.0%	40	13.3	8.0	1	125.0	23.2	40	0	0	0	0	0.0	0	2	0	0.0%
Adrian Amos	CHI	0	2	2	100.0%	10	5.0	5.0	0	87.5	3.0	6	4	0	0	0	0.0	0	4	0	0.0%
Aaron Lynch	CHI	0	1	1	100.0%	-1	-1.0	-1.0	0	79.2	-6.0	-6	5	1	2	0	1.0	3	2	1	33.3%
Bryce Callahan	CHI	0	2	1	50.0%	2	2.0	1.0	0	56.2	-0.5	-3	5	2	0	1	0.0	1	1	0	0.0%
Eddie Jackson	CHI	0	3	1	33.3%	20	20.0	6.7	0	57.6	21.0	15	5	0	0	0	1.0	1	3	1	25.0%
Sherrick McManis	CHI	0	1	1	100.0%	7	7.0	7.0	0	95.8	5.0	5	2	2	1	0	0.0	1	1	0	0.0%
Nick Kwiatkoski	CHI	0	1	1	100.0%	8	8.0	8.0	0	100.0	8.0	8	0	0	0	0	0.0	0	1	0	0.0%
Khalil Mack	CHI	0	0	0										0	4	0	1.0	5	5	1	16.7%
Akiem Hicks	CHI	0	0	0										0	2	1	0.0	3	3	1	25.0%
Eddie Goldman	CHI	0	0	0										0	0	0	1.0	1	1	0	0.0%
Leonard Floyd	CHI	0	1	0	0.0%					39.6	2.0			0	1	0	0.0	1	3	0	0.0%
Bilal Nichols	CHI	0	0	0										0	1	0	0.0	1	1	0	0.0%"
