advanced_rushing = document.querySelectorAll("#rushing_advanced > tbody")[0].innerText;
advanced_receiving = document.querySelectorAll("#receiving_advanced > tbody")[0].innerText;
advanced_defense = document.querySelectorAll("#defense_advanced > tbody")[0].innerText;
advanced_passing = document.querySelectorAll("#passing_advanced > tbody")[0].innerText;
"Eli Manning	NYG	33	44	279	11	22.0	287	6.5	112	3.4	2.5	167	5.1	1	2.3%	7	16.3%	6	12	1	2	1	1.0
Player	Tm	Cmp	Att	Yds	1D	1D%	IAY	IAY/PA	CAY	CAY/Cmp	CAY/PA	YAC	YAC/Cmp	Drops	Drop%	BadTh	Bad%	Sk	Bltz	Hrry	Hits	Scrm	Yds/Scr
Dak Prescott	DAL	16	25	160	6	24.0	230	9.2	104	6.5	4.2	56	3.5	1	4.5%	3	13.6%	0	10	2	3	0	"
advanced_rushing
"Saquon Barkley	NYG	11	28	4	6	0.5	22	2.0	1	11.0
Eli Manning	NYG	3	4	2	1	0.3	3	1.0	0	
Jonathan Stewart	NYG	2	1		-2	-1.0	3	1.5	0	
Wayne Gallman	NYG	1	2		0	0.0	2	2.0	0	
Player	Tm	Att	Yds	1D	YBC	YBC/Att	YAC	YAC/Att	BrkTkl	Att/Br
Ezekiel Elliott	DAL	17	78	5	36	2.1	42	2.5	3	5.7
Dak Prescott	DAL	7	45	3	23	3.3	22	3.1	0	
Tavon Austin	DAL	1	15	1	13	13.0	2	2.0	0	"
advanced_receiving
"Saquon Barkley	NYG	16	14	80	2	-16	-1.1	96	6.9	4	3.5	0	0.0
Evan Engram	NYG	7	7	67	3	27	3.9	40	5.7	0		0	0.0
Odell Beckham	NYG	9	4	51	4	37	9.3	14	3.5	1	4.0	1	11.1
Sterling Shepard	NYG	5	3	24	1	21	7.0	3	1.0	0		0	0.0
Rhett Ellison	NYG	2	2	5		2	1.0	3	1.5	0		0	0.0
Cody Latimer	NYG	3	2	41	1	41	20.5	0	0.0	0		0	0.0
Wayne Gallman	NYG	1	1	11		0	0.0	11	11.0	1	1.0	0	0.0
Russell Shepard	NYG	1	0	0		0		0		0		0	0.0
Player	Tm	Tgt	Rec	Yds	1D	YBC	YBC/R	YAC	YAC/R	BrkTkl	Rec/Br	Drop	Drop%
Ezekiel Elliott	DAL	6	5	9	0	-8	-1.6	17	3.4	0		0	0.0
Deonte Thompson	DAL	5	4	33	2	28	7.0	5	1.3	0		0	0.0
Tavon Austin	DAL	2	2	79	2	53	26.5	26	13.0	0		0	0.0
Cole Beasley	DAL	3	2	13	1	14	7.0	-1	-0.5	0		0	0.0
Michael Gallup	DAL	2	1	5		4	4.0	1	1.0	0		1	50.0
Allen Hurns	DAL	2	1	9		7	7.0	2	2.0	0		0	0.0
Terrance Williams	DAL	1	1	12	1	6	6.0	6	6.0	0		0	0.0
Rico Gathers	DAL	2	0	0		0		0		0		0	0.0"
advanced_defense
"Alec Ogletree	NYG	0	8	7	87.5%	38	5.4	4.8	0	86.5	2.4	17	21	8	1	0	0.0	1	6	0	0.0%
Janoris Jenkins	NYG	0	7	7	100.0%	105	15.0	15.0	1	158.3	9.6	67	38	0	0	0	0.0	0	6	0	0.0%
B.W. Webb	NYG	0	3	3	100.0%	20	6.7	6.7	0	94.4	5.3	16	4	0	0	0	0.0	0	2	0	0.0%
Landon Collins	NYG	0	3	2	66.7%	17	8.5	5.7	0	81.2	9.7	17	0	1	0	0	0.0	0	6	2	25.0%
Eli Apple	NYG	0	4	1	25.0%	9	9.0	2.3	0	39.6	21.5	7	2	0	0	0	0.0	0	1	0	0.0%
Donte Deayon	NYG	0	2	1	50.0%	10	10.0	5.0	0	64.6	12.0	10	0	0	0	0	0.0	0	0	1	100.0%
Curtis Riley	NYG	0	3	1	33.3%	64	64.0	21.3	1	121.5	21.0	38	26	1	0	0	0.0	0	5	2	28.6%
Damon Harrison	NYG	0	0	0										0	0	1	0.0	1	4	0	0.0%
Kareem Martin	NYG	0	0	0										4	0	1	0.0	1	2	3	60.0%
Lorenzo Carter	NYG	0	0	0										2	0	1	0.0	1	3	0	0.0%
Connor Barwin	NYG	0	0	0										2	0	0	0.0	0	1	0	0.0%
B.J. Goodson	NYG	0	1	0	0.0%					39.6	11.0			1	0	0	0.0	0	1	0	0.0%
Player	Tm	Int	Tgt	Cmp	Cmp%	Yds	Yds/Cmp	Yds/Tgt	TD	Rat	DADOT	Air	YAC	Bltz	Hrry	QBKD	Sk	Prss	Comb	MTkl	MTkl%
Kavon Frazier	DAL	0	9	6	66.7%	48	8.0	5.3	1	116.9	5.6	13	35	1	0	0	1.0	1	4	3	42.9%
Leighton Vander Esch	DAL	0	6	6	100.0%	39	6.5	6.5	0	93.7	4.2	25	14	1	0	0	0.0	0	7	0	0.0%
Chidobe Awuzie	DAL	0	7	5	71.4%	88	17.6	12.6	0	113.7	14.9	80	8	0	0	0	0.0	0	8	1	11.1%
Anthony Brown	DAL	0	5	4	80.0%	16	4.0	3.2	0	80.0	4.4	0	16	2	0	0	0.0	0	1	1	50.0%
Jaylon Smith	DAL	0	5	4	80.0%	41	10.3	8.2	0	100.8	9.0	8	33	6	0	0	0.0	0	10	3	23.1%
Damien Wilson	DAL	0	5	3	60.0%	16	5.3	3.2	0	65.4	5.0	-1	17	2	0	0	1.0	1	4	1	20.0%
Sean Lee	DAL	0	3	3	100.0%	19	6.3	6.3	0	93.1	3.0	9	10	3	0	0	0.0	0	5	0	0.0%
Jeff Heath	DAL	0	4	3	75.0%	15	5.0	3.8	0	80.2	3.5	-6	21	0	0	0	0.0	0	4	2	33.3%
Joe Thomas	DAL	0	3	2	66.7%	10	5.0	3.3	0	71.5	0.7	2	8	1	0	0	0.0	0	2	1	33.3%
Byron Jones	DAL	0	6	2	33.3%	3	1.5	0.5	0	42.4	13.5	-1	4	0	0	0	0.0	0	6	0	0.0%
DeMarcus Lawrence	DAL	0	0	0										0	1	1	1.0	3	2	1	33.3%
Taco Charlton	DAL	0	0	0										0	0	1	1.0	2	3	0	0.0%
Tyrone Crawford	DAL	0	0	0										0	1	0	1.0	2	2	0	0.0%
Antwaun Woods	DAL	0	0	0										0	0	0	1.0	1	2	0	0.0%"
