advanced_rushing = document.querySelectorAll("#rushing_advanced > tbody")[0].innerText;
advanced_receiving = document.querySelectorAll("#receiving_advanced > tbody")[0].innerText;
advanced_defense = document.querySelectorAll("#defense_advanced > tbody")[0].innerText;
advanced_passing = document.querySelectorAll("#passing_advanced > tbody")[0].innerText;
"Tom Brady	NWE	24	35	234	12	32.4	213	6.1	98	4.1	2.8	136	5.7	1	3.0%	8	24.2%	2	10	0	3	1	10.0
Player	Tm	Cmp	Att	Yds	1D	1D%	IAY	IAY/PA	CAY	CAY/Cmp	CAY/PA	YAC	YAC/Cmp	Drops	Drop%	BadTh	Bad%	Sk	Bltz	Hrry	Hits	Scrm	Yds/Scr
Blake Bortles	JAX	29	45	376	22	48.9	351	7.8	171	5.9	3.8	205	7.1	2	4.8%	8	19.0%	0	18	2	4	5	7.2"
advanced_rushing
"Sony Michel	NWE	10	34	1	19	1.9	15	1.5	2	5.0
Rex Burkhead	NWE	6	22	2	16	2.7	6	1.0	0	
James White	NWE	4	11	0	6	1.5	5	1.3	1	4.0
Tom Brady	NWE	3	10	2	9	3.0	1	0.3	0	
Cordarrelle Patterson	NWE	1	5	0	2	2.0	3	3.0	0	
Player	Tm	Att	Yds	1D	YBC	YBC/Att	YAC	YAC/Att	BrkTkl	Att/Br
T.J. Yeldon	JAX	10	58	2	34	3.4	24	2.4	0	
Blake Bortles	JAX	6	35	3	22	3.7	13	2.2	0	
Corey Grant	JAX	4	13	0	-1	-0.3	14	3.5	0	
Brandon Wilds	JAX	3	4		1	0.3	3	1.0	0	
Dede Westbrook	JAX	1	-6	0	-6	-6.0	0	0.0	0	"
advanced_receiving
"James White	NWE	8	7	73	4	19	2.7	54	7.7	0		0	0.0
Phillip Dorsett	NWE	7	5	44	2	34	6.8	10	2.0	0		0	0.0
Cordarrelle Patterson	NWE	5	3	18	1	-9	-3.0	27	9.0	0		0	0.0
Chris Hogan	NWE	5	3	42	3	20	6.7	22	7.3	0		0	0.0
Jacob Hollister	NWE	3	3	35	1	23	7.7	12	4.0	0		0	0.0
Rob Gronkowski	NWE	4	2	15	1	5	2.5	10	5.0	0		0	0.0
Sony Michel	NWE	2	1	7	0	6	6.0	1	1.0	0		1	50.0
James Develin	NWE	1	0	0		0		0		0		0	0.0
Player	Tm	Tgt	Rec	Yds	1D	YBC	YBC/R	YAC	YAC/R	BrkTkl	Rec/Br	Drop	Drop%
Keelan Cole	JAX	8	7	116	6	81	11.6	35	5.0	1	7.0	1	12.5
Corey Grant	JAX	7	6	56	5	-9	-1.5	65	10.8	2	3.0	0	0.0
Donte Moncrief	JAX	9	4	34	2	25	6.3	9	2.3	0		1	11.1
Dede Westbrook	JAX	5	4	82	3	13	3.3	69	17.3	0		0	0.0
Austin Seferian-Jenkins	JAX	4	3	23	3	23	7.7	0	0.0	0		0	0.0
T.J. Yeldon	JAX	5	2	13	1	-1	-0.5	14	7.0	0		0	0.0
James O'Shaughnessy	JAX	1	1	17	1	13	13.0	4	4.0	0		0	0.0
Niles Paul	JAX	1	1	22	1	17	17.0	5	5.0	0		0	0.0
DJ Chark	JAX	4	1	13		9	9.0	4	4.0	0		0	0.0"
advanced_defense
"Kyle Van Noy	NWE	1	9	5	55.6%	43	8.6	4.8	0	28.7	4.3	8	35	1	0	0	0.0	0	6	4	40.0%
Stephon Gilmore	NWE	0	9	3	33.3%	31	10.3	3.4	1	81.2	16.3	27	4	0	0	0	0.0	0	5	0	0.0%
Patrick Chung	NWE	0	3	3	100.0%	29	9.7	9.7	1	146.5	7.3	22	7	3	0	0	0.0	0	3	1	25.0%
Jason McCourty	NWE	0	5	3	60.0%	31	10.3	6.2	0	77.9	4.8	10	21	0	0	0	0.0	0	6	1	14.3%
Eric Rowe	NWE	0	3	3	100.0%	68	22.7	22.7	1	158.3	19.3	58	10	0	0	0	0.0	0	3	0	0.0%
Jonathan Jones	NWE	0	6	3	50.0%	73	24.3	12.2	1	134.0	2.5	0	73	0	0	0	0.0	0	3	2	40.0%
Devin McCourty	NWE	0	3	3	100.0%	35	11.7	11.7	0	115.3	4.7	14	21	1	0	0	0.0	0	4	1	20.0%
Dont'a Hightower	NWE	0	3	2	66.7%	17	8.5	5.7	0	81.2	6.0	10	7	8	1	1	0.0	2	4	2	33.3%
Ja'Whaun Bentley	NWE	0	1	1	100.0%	11	11.0	11.0	0	112.5	4.0	4	7	5	0	0	0.0	0	2	0	0.0%
Duron Harmon	NWE	0	2	1	50.0%	22	22.0	11.0	0	89.6	12.0	17	5	0	0	0	0.0	0	2	0	0.0%
Adrian Clayborn	NWE	0	0	0										0	0	1	0.0	1	0	0	
Keionta Davis	NWE	0	0	0										0	1	0	0.0	1	3	0	0.0%
Deatrich Wise	NWE	0	0	0										0	0	1	0.0	1	0	0	
Lawrence Guy	NWE	0	0	0										0	0	1	0.0	1	3	1	25.0%
Player	Tm	Int	Tgt	Cmp	Cmp%	Yds	Yds/Cmp	Yds/Tgt	TD	Rat	DADOT	Air	YAC	Bltz	Hrry	QBKD	Sk	Prss	Comb	MTkl	MTkl%
Jalen Ramsey	JAX	0	5	5	100.0%	46	9.2	9.2	1	144.6	7.8	39	7	0	0	0	0.0	0	3	0	0.0%
A.J. Bouye	JAX	0	7	4	57.1%	44	11.0	6.3	0	75.9	6.3	12	32	0	0	0	0.0	0	4	0	0.0%
Ronnie Harrison	JAX	0	5	4	80.0%	28	7.0	5.6	0	90.0	2.8	14	14	3	0	0	0.0	0	7	1	12.5%
Telvin Smith	JAX	0	6	4	66.7%	39	9.8	6.5	0	84.7	5.3	15	24	2	0	0	0.0	0	8	1	11.1%
D.J. Hayden	JAX	0	4	3	75.0%	27	9.0	6.8	0	92.7	-0.8	-7	34	1	0	0	1.0	1	4	0	0.0%
Myles Jack	JAX	0	4	3	75.0%	26	8.7	6.5	0	91.7	4.3	13	13	3	0	0	0.0	0	8	0	0.0%
Barry Church	JAX	0	3	3	100.0%	57	19.0	19.0	1	158.3	12.3	37	20	2	0	0	0.0	0	4	1	20.0%
Tashaun Gipson	JAX	0	2	1	50.0%	29	29.0	14.5	1	135.4	17.5	9	20	0	0	0	0.0	0	4	2	33.3%
Yannick Ngakoue	JAX	0	1	0	0.0%					39.6	0.0			0	0	1	0.0	1	0	0	
Dante Fowler	JAX	0	0	0										0	0	0	1.0	1	1	0	0.0%
Malik Jackson	JAX	0	0	0										0	0	1	0.0	1	1	0	0.0%
Calais Campbell	JAX	0	0	0										0	0	1	0.0	1	1	0	0.0%"
