advanced_rushing = document.querySelectorAll("#rushing_advanced > tbody")[0].innerText;
advanced_receiving = document.querySelectorAll("#receiving_advanced > tbody")[0].innerText;
advanced_defense = document.querySelectorAll("#defense_advanced > tbody")[0].innerText;
advanced_passing = document.querySelectorAll("#passing_advanced > tbody")[0].innerText;
"Ryan Tannehill	MIA	17	23	168	9	33.3	137	6.0	52	3.1	2.3	116	6.8	1	4.5%	4	18.2%	4	9	2	2	0	
Player	Tm	Cmp	Att	Yds	1D	1D%	IAY	IAY/PA	CAY	CAY/Cmp	CAY/PA	YAC	YAC/Cmp	Drops	Drop%	BadTh	Bad%	Sk	Bltz	Hrry	Hits	Scrm	Yds/Scr
Sam Darnold	NYJ	25	41	334	17	38.6	397	9.7	161	6.4	3.9	173	6.9	3	7.3%	8	19.5%	3	9	6	0	1	1.0"
advanced_rushing
"Kenyan Drake	MIA	11	53	3	10	0.9	43	3.9	0	
Frank Gore	MIA	9	25	0	11	1.2	14	1.6	0	
Ryan Tannehill	MIA	8	44	3	44	5.5	0	0.0	0	
Albert Wilson	MIA	2	8	0	5	2.5	3	1.5	0	
Jakeem Grant	MIA	1	5	0	3	3.0	2	2.0	0	
Player	Tm	Att	Yds	1D	YBC	YBC/Att	YAC	YAC/Att	BrkTkl	Att/Br
Isaiah Crowell	NYJ	12	35	3	6	0.5	29	2.4	0	
Bilal Powell	NYJ	5	6	0	-2	-0.4	8	1.6	0	
Sam Darnold	NYJ	2	1	0	-2	-1.0	3	1.5	0	"
advanced_receiving
"Danny Amendola	MIA	4	4	32	1	18	4.5	14	3.5	0		0	0.0
Kenyan Drake	MIA	4	4	17	1	-9	-2.3	26	6.5	0		0	0.0
Albert Wilson	MIA	5	3	37	1	4	1.3	33	11.0	0		0	0.0
Jakeem Grant	MIA	4	2	27	2	1	0.5	26	13.0	0		0	0.0
Kenny Stills	MIA	3	2	17	2	16	8.0	1	0.5	0		1	33.3
A.J. Derby	MIA	2	1	19	1	19	19.0	0	0.0	0		0	0.0
Frank Gore	MIA	1	1	19	1	3	3.0	16	16.0	0		0	0.0
Player	Tm	Tgt	Rec	Yds	1D	YBC	YBC/R	YAC	YAC/R	BrkTkl	Rec/Br	Drop	Drop%
Quincy Enunwa	NYJ	11	7	92	6	42	6.0	50	7.1	1	7.0	0	0.0
Bilal Powell	NYJ	6	5	74	3	27	5.4	47	9.4	1	5.0	0	0.0
Terrelle Pryor	NYJ	8	4	84	3	56	14.0	28	7.0	0		1	12.5
Robby Anderson	NYJ	5	3	27	1	21	7.0	6	2.0	0		0	0.0
Isaiah Crowell	NYJ	3	2	4	1	-4	-2.0	8	4.0	0		1	33.3
Chris Herndon	NYJ	4	2	30	2	26	13.0	4	2.0	0		1	25.0
Jermaine Kearse	NYJ	2	1	-1		-1	-1.0	0	0.0	0		0	0.0
Eric Tomlinson	NYJ	2	1	24	1	-6	-6.0	30	30.0	2	0.5	0	0.0"
advanced_defense
"Kiko Alonso	MIA	0	10	6	60.0%	82	13.7	8.2	0	86.2	9.5	58	24	3	0	0	0.0	0	13	0	0.0%
Bobby McCain	MIA	0	7	4	57.1%	73	18.3	10.4	0	93.2	12.0	65	8	0	0	0	0.0	0	4	0	0.0%
Reshad Jones	MIA	0	8	3	37.5%	30	10.0	3.8	0	49.0	8.3	21	9	1	0	0	0.0	0	3	1	25.0%
Minkah Fitzpatrick	MIA	0	8	3	37.5%	21	7.0	2.6	0	45.8	11.1	3	18	2	0	0	0.0	0	3	1	25.0%
Jerome Baker	MIA	0	2	2	100.0%	14	7.0	7.0	0	95.8	4.0	8	6	0	0	0	0.0	0	2	1	33.3%
Xavien Howard	MIA	1	5	2	40.0%	54	27.0	10.8	0	40.8	13.2	17	37	0	0	0	0.0	0	0	1	100.0%
Raekwon McMillan	MIA	0	2	2	100.0%	49	24.5	24.5	1	158.3	12.0	24	25	1	0	0	0.0	0	3	0	0.0%
T.J. McDonald	MIA	1	4	1	25.0%	20	20.0	5.0	0	8.3	14.0	-3	23	0	0	0	0.0	0	1	2	66.7%
Robert Quinn	MIA	0	0	0										0	2	0	1.0	3	2	1	33.3%
Davon Godchaux	MIA	0	0	0										0	1	0	0.0	1	6	0	0.0%
Vincent Taylor	MIA	0	0	0										0	1	0	0.0	1	3	0	0.0%
William Hayes	MIA	0	0	0										0	0	0	1.0	1	2	0	0.0%
Cameron Wake	MIA	0	0	0										0	1	0	0.0	1	2	0	0.0%
Andre Branch	MIA	0	0	0										0	1	0	0.0	1	2	0	0.0%
Jordan Phillips	MIA	0	0	0										0	0	0	1.0	1	1	0	0.0%
Akeem Spence	MIA	0	0	0										0	1	0	0.0	1	3	0	0.0%
Player	Tm	Int	Tgt	Cmp	Cmp%	Yds	Yds/Cmp	Yds/Tgt	TD	Rat	DADOT	Air	YAC	Bltz	Hrry	QBKD	Sk	Prss	Comb	MTkl	MTkl%
Buster Skrine	NYJ	0	4	4	100.0%	56	14.0	14.0	1	158.3	6.3	25	31	2	0	0	0.0	0	7	3	30.0%
Avery Williamson	NYJ	0	4	4	100.0%	37	9.3	9.3	1	144.8	6.0	24	13	0	0	0	0.0	0	4	1	20.0%
Jamal Adams	NYJ	0	4	3	75.0%	35	11.7	8.8	0	101.0	3.8	12	23	2	1	0	1.0	2	7	0	0.0%
Trumaine Johnson	NYJ	0	5	3	60.0%	30	10.0	6.0	0	77.1	4.2	3	27	0	0	0	0.0	0	3	0	0.0%
Morris Claiborne	NYJ	0	4	2	50.0%	18	9.0	4.5	0	62.5	15.8	9	9	0	0	0	0.0	0	2	1	33.3%
Jordan Jenkins	NYJ	0	1	1	100.0%	5	5.0	5.0	0	87.5	-2.0	-2	7	1	1	0	1.0	2	1	0	0.0%
Doug Middleton	NYJ	0	1	1	100.0%	19	19.0	19.0	1	158.3	19.0	19	0	0	0	0	0.0	0	7	0	0.0%
Darron Lee	NYJ	0	2	1	50.0%	1	1.0	0.5	0	56.2	2.5	-5	6	0	0	0	0.0	0	4	0	0.0%
Brandon Copeland	NYJ	0	0	0										0	0	1	1.0	2	3	1	25.0%
Frankie Luvu	NYJ	0	0	0										0	1	1	0.0	2	1	0	0.0%
Henry Anderson	NYJ	0	0	0										0	0	0	1.0	1	1	0	0.0%"
