advanced_rushing = document.querySelectorAll("#rushing_advanced > tbody")[0].innerText;
advanced_receiving = document.querySelectorAll("#receiving_advanced > tbody")[0].innerText;
advanced_defense = document.querySelectorAll("#defense_advanced > tbody")[0].innerText;
advanced_passing = document.querySelectorAll("#passing_advanced > tbody")[0].innerText;
"Patrick Mahomes	KAN	23	28	326	17	58.6	302	10.8	204	8.9	7.3	122	5.3	0	0.0%	4	14.3%	1	9	1	4	2	10.0
Player	Tm	Cmp	Att	Yds	1D	1D%	IAY	IAY/PA	CAY	CAY/Cmp	CAY/PA	YAC	YAC/Cmp	Drops	Drop%	BadTh	Bad%	Sk	Bltz	Hrry	Hits	Scrm	Yds/Scr
Ben Roethlisberger	PIT	39	60	452	25	41.0	537	9.0	186	4.8	3.1	266	6.8	0	0.0%	18	30.0%	1	9	8	2	2	4.5"
advanced_rushing
"Kareem Hunt	KAN	18	75	2	42	2.3	33	1.8	1	18.0
Patrick Mahomes	KAN	5	18	1	18	3.6	0	0.0	0	
Spencer Ware	KAN	1	3		3	3.0	0	0.0	0	
Sammy Watkins	KAN	1	31	1	13	13.0	18	18.0	0	
Player	Tm	Att	Yds	1D	YBC	YBC/Att	YAC	YAC/Att	BrkTkl	Att/Br
James Conner	PIT	8	17	1	6	0.8	11	1.4	1	8.0
Ben Roethlisberger	PIT	2	9	1	-1	-0.5	10	5.0	0	
Ryan Switzer	PIT	2	5	0	-1	-0.5	6	3.0	0	
Stevan Ridley	PIT	1	2		0	0.0	2	2.0	0	"
advanced_receiving
"Travis Kelce	KAN	10	7	109	5	89	12.7	20	2.9	1	7.0	0	0.0
Sammy Watkins	KAN	7	6	100	5	53	8.8	47	7.8	1	6.0	0	0.0
Tyreek Hill	KAN	6	5	90	4	54	10.8	36	7.2	0		0	0.0
Chris Conley	KAN	2	2	17	1	12	6.0	5	2.5	1	2.0	0	0.0
Kareem Hunt	KAN	1	1	5	1	-4	-4.0	9	9.0	1	1.0	0	0.0
Demarcus Robinson	KAN	1	1	3	1	3	3.0	0	0.0	0		0	0.0
Damien Williams	KAN	1	1	2		-3	-3.0	5	5.0	0		0	0.0
Player	Tm	Tgt	Rec	Yds	1D	YBC	YBC/R	YAC	YAC/R	BrkTkl	Rec/Br	Drop	Drop%
JuJu Smith-Schuster	PIT	19	13	121	9	54	4.2	67	5.2	0		0	0.0
Antonio Brown	PIT	17	9	67	5	35	3.9	32	3.6	0		0	0.0
James Conner	PIT	5	5	48	1	-3	-0.6	51	10.2	1	5.0	0	0.0
Jesse James	PIT	5	5	138	5	72	14.4	66	13.2	0		0	0.0
Vance McDonald	PIT	5	3	26	2	8	2.7	18	6.0	1	3.0	0	0.0
Roosevelt Nix	PIT	1	1	19	1	-1	-1.0	20	20.0	0		0	0.0
Stevan Ridley	PIT	1	1	5		4	4.0	1	1.0	0		0	0.0
Ryan Switzer	PIT	2	1	14	1	8	8.0	6	6.0	0		0	0.0
James Washington	PIT	5	1	14	1	9	9.0	5	5.0	0		0	0.0"
advanced_defense
"Anthony Hitchens	KAN	0	11	10	90.9%	83	8.3	7.5	0	98.1	3.6	31	52	4	2	0	0.0	2	12	1	7.7%
Kendall Fuller	KAN	0	14	8	57.1%	40	5.0	2.9	1	86.0	5.4	14	26	1	0	0	0.0	0	7	0	0.0%
Steven Nelson	KAN	0	11	6	54.5%	47	7.8	4.3	1	95.6	14.4	17	30	0	0	0	0.0	0	3	3	50.0%
Terrance Smith	KAN	0	7	5	71.4%	64	12.8	9.1	0	99.7	7.4	29	35	3	0	0	0.0	0	5	2	28.6%
Eric Murray	KAN	0	6	4	66.7%	84	21.0	14.0	1	149.3	13.5	59	25	4	1	0	0.0	1	6	1	14.3%
Reggie Ragland	KAN	0	4	4	100.0%	52	13.0	13.0	0	118.7	1.5	6	46	0	0	0	0.0	0	5	2	28.6%
Dee Ford	KAN	0	3	3	100.0%	54	18.0	18.0	0	118.7	6.3	19	35	5	1	1	0.0	2	2	0	0.0%
Justin Houston	KAN	0	2	2	100.0%	25	12.5	12.5	0	118.7	1.0	2	23	4	1	0	0.0	1	4	0	0.0%
Ron Parker	KAN	0	1	1	100.0%	19	19.0	19.0	0	118.7	19.0	19	0	0	0	0	0.0	0	3	0	0.0%
Tremon Smith	KAN	0	1	1	100.0%	14	14.0	14.0	0	118.7	8.0	8	6	0	0	0	0.0	0	2	0	0.0%
Allen Bailey	KAN	0	0	0										0	1	0	1.0	2	2	1	33.3%
Chris Jones	KAN	0	0	0										0	1	0	0.0	1	1	0	0.0%
Tanoh Kpassagnon	KAN	0	0	0										2	0	1	0.0	1	1	0	0.0%
Armani Watts	KAN	0	0	0										1	0	0	0.0	0	1	0	0.0%
Player	Tm	Int	Tgt	Cmp	Cmp%	Yds	Yds/Cmp	Yds/Tgt	TD	Rat	DADOT	Air	YAC	Bltz	Hrry	QBKD	Sk	Prss	Comb	MTkl	MTkl%
Artie Burns	PIT	0	5	5	100.0%	100	20.0	20.0	3	158.3	14.6	73	27	0	0	0	0.0	0	4	1	20.0%
Cameron Sutton	PIT	0	5	3	60.0%	70	23.3	14.0	1	143.7	17.8	47	23	0	0	0	0.0	0	3	0	0.0%
Vince Williams	PIT	0	4	3	75.0%	21	7.0	5.3	0	86.5	6.5	9	12	5	0	0	0.0	0	3	2	40.0%
Jonathan Bostic	PIT	0	3	3	100.0%	60	20.0	20.0	1	158.3	15.7	47	13	3	0	0	0.0	0	6	0	0.0%
T.J. Watt	PIT	0	3	2	66.7%	10	5.0	3.3	0	71.5	11.7	1	9	3	1	1	0.0	2	2	1	33.3%
Terrell Edmunds	PIT	0	2	2	100.0%	14	7.0	7.0	1	135.4	2.5	5	9	2	1	0	0.0	1	4	1	20.0%
Mike Hilton	PIT	0	2	2	100.0%	27	13.5	13.5	0	118.7	1.0	2	25	2	0	0	0.0	0	3	2	40.0%
Morgan Burnett	PIT	0	1	1	100.0%	3	3.0	3.0	0	79.2	0.0	0	3	2	0	1	0.0	1	6	1	14.3%
Sean Davis	PIT	0	2	1	50.0%	25	25.0	12.5	1	135.4	13.0	21	4	0	0	0	0.0	0	3	2	40.0%
Coty Sensabaugh	PIT	0	1	1	100.0%	8	8.0	8.0	0	100.0	7.0	7	1	0	0	0	0.0	0	3	0	0.0%
Bud Dupree	PIT	0	1	1	100.0%	13	13.0	13.0	0	118.7	10.0	10	3	8	0	0	0.0	0	2	0	0.0%
Anthony Chickillo	PIT	0	1	1	100.0%	4	4.0	4.0	0	83.3	4.0	4	0	0	0	0	0.0	0	1	0	0.0%
Cameron Heyward	PIT	0	0	0										0	0	2	0.0	2	3	0	0.0%
Daniel McCullers	PIT	0	0	0										0	0	0	1.0	1	1	0	0.0%"
