advanced_rushing = document.querySelectorAll("#rushing_advanced > tbody")[0].innerText;
advanced_receiving = document.querySelectorAll("#receiving_advanced > tbody")[0].innerText;
advanced_defense = document.querySelectorAll("#defense_advanced > tbody")[0].innerText;
advanced_passing = document.querySelectorAll("#passing_advanced > tbody")[0].innerText;
"Nick Foles	PHI	35	48	334	14	27.5	323	6.7	158	4.5	3.3	176	5.0	1	2.2%	4	8.9%	3	8	5	9	1	4.0
Player	Tm	Cmp	Att	Yds	1D	1D%	IAY	IAY/PA	CAY	CAY/Cmp	CAY/PA	YAC	YAC/Cmp	Drops	Drop%	BadTh	Bad%	Sk	Bltz	Hrry	Hits	Scrm	Yds/Scr
Ryan Fitzpatrick	TAM	27	33	402	17	48.6	318	9.6	243	9.0	7.4	159	5.9	1	3.2%	2	6.5%	2	7	2	6	0	"
advanced_rushing
"Jay Ajayi	PHI	7	23	2	21	3.0	2	0.3	1	7.0
Wendell Smallwood	PHI	7	28	1	20	2.9	8	1.1	0	
Corey Clement	PHI	6	30	2	12	2.0	18	3.0	0	
Nick Foles	PHI	3	8	3	6	2.0	2	0.7	0	
Nelson Agholor	PHI	1	2	0	2	2.0	0	0.0	0	
Player	Tm	Att	Yds	1D	YBC	YBC/Att	YAC	YAC/Att	BrkTkl	Att/Br
Peyton Barber	TAM	16	22	0	6	0.4	16	1.0	0	
Jacquizz Rodgers	TAM	5	13	1	3	0.6	10	2.0	0	
Ryan Fitzpatrick	TAM	1	-1	0	-1	-1.0	0	0.0	0	
Shaun Wilson	TAM	1	9		6	6.0	3	3.0	0	"
advanced_receiving
"Zach Ertz	PHI	13	11	94	3	76	6.9	18	1.6	0		0	0.0
Nelson Agholor	PHI	12	8	88	4	33	4.1	55	6.9	0		0	0.0
Kamar Aiken	PHI	6	5	39	1	28	5.6	11	2.2	0		0	0.0
Corey Clement	PHI	6	5	55	3	-17	-3.4	72	14.4	1	5.0	0	0.0
Joshua Perkins	PHI	6	4	57	3	46	11.5	11	2.8	0		1	16.7
Jay Ajayi	PHI	1	1	4	0	-5	-5.0	9	9.0	1	1.0	0	0.0
Wendell Smallwood	PHI	1	1	2	0	-3	-3.0	5	5.0	0		0	0.0
Shelton Gibson	PHI	2	0	0		0		0		0		0	0.0
Player	Tm	Tgt	Rec	Yds	1D	YBC	YBC/R	YAC	YAC/R	BrkTkl	Rec/Br	Drop	Drop%
Mike Evans	TAM	12	10	83	5	76	7.6	7	0.7	0		1	8.3
Chris Godwin	TAM	6	5	56	4	45	9.0	11	2.2	0		0	0.0
DeSean Jackson	TAM	4	4	129	4	87	21.8	42	10.5	0		0	0.0
O.J. Howard	TAM	4	3	96	2	31	10.3	65	21.7	0		0	0.0
Jacquizz Rodgers	TAM	3	3	23	0	4	1.3	19	6.3	0		0	0.0
Peyton Barber	TAM	2	1	7	1	3	3.0	4	4.0	0		0	0.0
Adam Humphries	TAM	2	1	8	1	-3	-3.0	11	11.0	0		0	0.0"
advanced_defense
"Ronald Darby	PHI	1	13	10	76.9%	103	10.3	7.9	0	67.1	12.1	95	8	1	0	0	0.0	0	8	3	27.3%
Jalen Mills	PHI	0	8	8	100.0%	155	19.4	19.4	2	158.3	12.6	101	54	0	0	0	0.0	0	5	1	16.7%
Nigel Bradham	PHI	0	3	2	66.7%	14	7.0	4.7	0	77.1	1.0	0	14	4	0	0	1.0	1	8	0	0.0%
Rodney McLeod	PHI	0	2	2	100.0%	14	7.0	7.0	0	95.8	3.0	6	8	2	0	0	0.0	0	3	0	0.0%
Jordan Hicks	PHI	0	3	2	66.7%	83	41.5	27.7	2	149.3	12.3	21	62	6	0	0	0.0	0	9	1	10.0%
Malcolm Jenkins	PHI	0	1	1	100.0%	20	20.0	20.0	0	118.7	18.0	18	2	1	0	0	0.0	0	5	1	16.7%
Fletcher Cox	PHI	0	0	0										0	1	2	1.0	4	5	0	0.0%
Michael Bennett	PHI	0	0	0										0	0	2	0.0	2	2	0	0.0%
Chris Long	PHI	0	0	0										0	2	0	0.0	2	2	0	0.0%
Brandon Graham	PHI	0	0	0										0	0	1	0.0	1	5	2	28.6%
Derek Barnett	PHI	0	0	0										0	0	1	0.0	1	3	0	0.0%
Kamu Grugier-Hill	PHI	0	0	0										2	0	0	0.0	0	3	0	0.0%
Haloti Ngata	PHI	0	1	0	0.0%					39.6	-6.0			0	0	0	0.0	0	1	0	0.0%
Player	Tm	Int	Tgt	Cmp	Cmp%	Yds	Yds/Cmp	Yds/Tgt	TD	Rat	DADOT	Air	YAC	Bltz	Hrry	QBKD	Sk	Prss	Comb	MTkl	MTkl%
M.J. Stewart	TAM	0	10	9	90.0%	87	9.7	8.7	1	136.2	3.7	13	74	2	0	1	0.0	1	5	1	16.7%
Lavonte David	TAM	0	11	8	72.7%	92	11.5	8.4	0	97.5	5.2	26	66	2	0	0	0.0	0	9	2	18.2%
Kwon Alexander	TAM	0	6	6	100.0%	28	4.7	4.7	0	86.1	2.5	15	13	4	0	0	1.0	1	7	1	12.5%
Carlton Davis	TAM	0	8	6	75.0%	61	10.2	7.6	1	135.9	7.4	29	32	0	0	0	0.0	0	6	0	0.0%
Chris Conte	TAM	0	4	3	75.0%	15	5.0	3.8	0	80.2	8.5	10	5	0	0	0	0.0	0	7	0	0.0%
Marcus Williams	TAM	0	2	2	100.0%	22	11.0	11.0	0	112.5	11.0	22	0	0	0	0	0.0	0	2	0	0.0%
Justin Evans	TAM	0	2	2	100.0%	17	8.5	8.5	0	102.1	8.0	16	1	0	0	0	0.0	0	6	0	0.0%
Ryan Smith	TAM	0	5	1	20.0%	2	2.0	0.4	0	39.6	12.4	2	0	0	0	0	0.0	0	9	0	0.0%
Jordan Whitehead	TAM	0	2	1	50.0%	30	30.0	15.0	0	95.8	23.5	30	0	0	0	0	0.0	0	6	0	0.0%
Jason Pierre-Paul	TAM	0	0	0										0	1	3	1.0	5	5	1	16.7%
Gerald McCoy	TAM	0	0	0										0	2	1	1.0	4	3	0	0.0%
Carl Nassib	TAM	0	0	0										0	1	1	0.0	2	0	0	
William Gholston	TAM	0	0	0										0	0	2	0.0	2	1	0	0.0%
Beau Allen	TAM	0	0	0										0	0	1	0.0	1	1	0	0.0%
Adarius Taylor	TAM	0	1	0	0.0%					39.6	4.0			0	0	0	0.0	0	0	0	"
