advanced_rushing = document.querySelectorAll("#rushing_advanced > tbody")[0].innerText;
advanced_receiving = document.querySelectorAll("#receiving_advanced > tbody")[0].innerText;
advanced_defense = document.querySelectorAll("#defense_advanced > tbody")[0].innerText;
advanced_passing = document.querySelectorAll("#passing_advanced > tbody")[0].innerText;
"Andrew Luck	IND	21	31	179	10	31.3	132	4.3	56	2.7	1.8	123	5.9	0	0.0%	6	19.4%	1	18	8	6	1	2.0
Player	Tm	Cmp	Att	Yds	1D	1D%	IAY	IAY/PA	CAY	CAY/Cmp	CAY/PA	YAC	YAC/Cmp	Drops	Drop%	BadTh	Bad%	Sk	Bltz	Hrry	Hits	Scrm	Yds/Scr
Alex Smith	WAS	33	46	292	16	32.7	326	7.1	170	5.2	3.7	122	3.7	1	2.3%	3	7.0%	3	3	5	1	2	5.5"
advanced_rushing
"Marlon Mack	IND	10	34	1	18	1.8	16	1.6	0	
Jordan Wilkins	IND	10	61	2	39	3.9	22	2.2	0	
Nyheim Hines	IND	4	7	1	-2	-0.5	9	2.3	0	
Andrew Luck	IND	4	2	1	2	0.5	0	0.0	0	
Player	Tm	Att	Yds	1D	YBC	YBC/Att	YAC	YAC/Att	BrkTkl	Att/Br
Adrian Peterson	WAS	11	20	1	8	0.7	12	1.1	0	
Alex Smith	WAS	4	14	1	9	2.3	5	1.3	0	
Chris Thompson	WAS	4	1	0	-3	-0.8	4	1.0	0	
Jamison Crowder	WAS	2	29	1	29	14.5	0	0.0	0	
Robert Kelley	WAS	1	1	1	0	0.0	1	1.0	0	"
advanced_receiving
"T.Y. Hilton	IND	11	7	83	5	30	4.3	53	7.6	1	7.0	0	0.0
Chester Rogers	IND	3	3	17	1	3	1.0	14	4.7	0		0	0.0
Eric Ebron	IND	4	3	26	2	10	3.3	16	5.3	0		0	0.0
Jordan Wilkins	IND	2	2	3	0	-3	-1.5	6	3.0	1	2.0	0	0.0
Ryan Grant	IND	2	2	30	1	20	10.0	10	5.0	0		0	0.0
Jack Doyle	IND	5	2	20	1	2	1.0	18	9.0	0		0	0.0
Nyheim Hines	IND	1	1	-2	0	-2	-2.0	0	0.0	0		0	0.0
Marlon Mack	IND	2	1	2	0	-4	-4.0	6	6.0	0		0	0.0
Ryan Hewitt	IND	1	0	0		0		0		0		0	0.0
Player	Tm	Tgt	Rec	Yds	1D	YBC	YBC/R	YAC	YAC/R	BrkTkl	Rec/Br	Drop	Drop%
Chris Thompson	WAS	14	13	92	5	45	3.5	47	3.6	0		0	0.0
Jordan Reed	WAS	8	6	55	2	37	6.2	18	3.0	0		0	0.0
Josh Doctson	WAS	7	4	37	4	34	8.5	3	0.8	0		1	14.3
Paul Richardson	WAS	6	4	63	3	51	12.8	12	3.0	0		0	0.0
Adrian Peterson	WAS	3	3	30	1	-3	-1.0	33	11.0	0		0	0.0
Jamison Crowder	WAS	4	2	8	0	0	0.0	8	4.0	0		0	0.0
Vernon Davis	WAS	1	1	7	1	6	6.0	1	1.0	0		0	0.0
Jehu Chesson	WAS	1	0	0		0		0		0		0	0.0"
advanced_defense
"Darius Leonard	IND	0	19	17	89.5%	124	7.3	6.5	0	93.9	3.4	56	68	2	0	0	1.0	1	19	3	13.6%
Kenny Moore	IND	0	7	5	71.4%	51	10.2	7.3	0	92.0	11.4	35	16	1	0	0	0.0	0	9	0	0.0%
Clayton Geathers	IND	0	7	5	71.4%	55	11.0	7.9	0	94.3	10.4	37	18	0	0	0	0.0	0	12	0	0.0%
Pierre Desir	IND	0	8	4	50.0%	34	8.5	4.3	0	61.5	8.6	22	12	0	0	0	0.0	0	4	0	0.0%
Nate Hairston	IND	0	2	2	100.0%	16	8.0	8.0	0	100.0	5.0	10	6	0	0	0	0.0	0	6	0	0.0%
Kemoko Turay	IND	0	1	1	100.0%	11	11.0	11.0	0	112.5	7.0	7	4	0	3	0	0.0	3	3	0	0.0%
Quincy Wilson	IND	0	1	1	100.0%	7	7.0	7.0	0	95.8	5.0	5	2	0	0	0	0.0	0	2	0	0.0%
Malik Hooker	IND	0	1	1	100.0%	19	19.0	19.0	0	118.7	19.0	19	0	0	0	0	0.0	0	1	0	0.0%
Jabaal Sheard	IND	0	0	0										0	0	1	1.0	2	4	0	0.0%
Jihad Ward	IND	0	0	0										0	0	0	1.0	1	1	0	0.0%
Margus Hunt	IND	0	0	0										0	1	0	0.0	1	3	0	0.0%
Matthias Farley	IND	0	1	0	0.0%					39.6	19.0			0	0	0	0.0	0	1	0	0.0%
Najee Goode	IND	0	0	0										0	0	0	0.0	0	1	1	50.0%
Player	Tm	Int	Tgt	Cmp	Cmp%	Yds	Yds/Cmp	Yds/Tgt	TD	Rat	DADOT	Air	YAC	Bltz	Hrry	QBKD	Sk	Prss	Comb	MTkl	MTkl%
Josh Norman	WAS	0	6	6	100.0%	50	8.3	8.3	1	141.0	3.2	19	31	0	0	0	0.0	0	7	2	22.2%
Mason Foster	WAS	0	6	5	83.3%	18	3.6	3.0	0	79.2	3.2	1	17	8	0	0	0.0	0	12	1	7.7%
Quinton Dunbar	WAS	0	7	4	57.1%	57	14.3	8.1	0	83.6	5.0	21	36	0	0	0	0.0	0	5	0	0.0%
Fabian Moreau	WAS	0	3	2	66.7%	16	8.0	5.3	0	79.9	2.3	0	16	3	2	0	0.0	2	2	1	33.3%
D.J. Swearinger	WAS	2	4	2	50.0%	18	9.0	4.5	0	22.9	5.5	6	12	2	1	0	0.0	1	4	2	33.3%
Montae Nicholson	WAS	0	3	2	66.7%	20	10.0	6.7	1	125.0	10.0	9	11	1	0	0	0.0	0	7	1	12.5%
Ryan Kerrigan	WAS	0	0	0										2	4	0	0.0	4	1	0	0.0%
Jonathan Allen	WAS	0	0	0										0	0	2	0.0	2	4	0	0.0%
Matthew Ioannidis	WAS	0	0	0										0	0	1	1.0	2	2	0	0.0%
Pernell McPhee	WAS	0	0	0										1	0	2	0.0	2	0	0	
Preston Smith	WAS	0	1	0	0.0%					39.6	5.0			4	0	1	0.0	1	4	1	20.0%
Zach Brown	WAS	0	1	0	0.0%					39.6	-5.0			6	1	0	0.0	1	9	1	10.0%
Josh Harvey-Clemons	WAS	0	0	0										3	0	0	0.0	0	1	0	0.0%"
