advanced_rushing = document.querySelectorAll("#rushing_advanced > tbody")[0].innerText;
advanced_receiving = document.querySelectorAll("#receiving_advanced > tbody")[0].innerText;
advanced_defense = document.querySelectorAll("#defense_advanced > tbody")[0].innerText;
advanced_passing = document.querySelectorAll("#passing_advanced > tbody")[0].innerText;
"Tom Brady	NWE	15	29	128	7	22.6	157	5.4	34	2.3	1.2	94	6.3	2	7.1%	9	32.1%	2	6	0	4	0	
Player	Tm	Cmp	Att	Yds	1D	1D%	IAY	IAY/PA	CAY	CAY/Cmp	CAY/PA	YAC	YAC/Cmp	Drops	Drop%	BadTh	Bad%	Sk	Bltz	Hrry	Hits	Scrm	Yds/Scr
Andy Dalton	CIN	17	31	151	9	29.0	251	8.1	74	4.4	2.4	77	4.5	2	6.9%	2	6.9%	0	18	1	2	0	"
advanced_rushing
"Sony Michel	NWE	19	89	4	40	2.1	49	2.6	2	9.5
Rex Burkhead	NWE	6	53	3	29	4.8	24	4.0	0	
James White	NWE	3	13	1	9	3.0	4	1.3	0	
Tom Brady	NWE	2	-2	0	-2	-1.0	0	0.0	0	
N'Keal Harry	NWE	2	22	2	12	6.0	10	5.0	0	
Player	Tm	Att	Yds	1D	YBC	YBC/Att	YAC	YAC/Att	BrkTkl	Att/Br
Joe Mixon	CIN	25	136	6	61	2.4	75	3.0	4	6.3
Giovani Bernard	CIN	5	27	1	13	2.6	14	2.8	0	
Andy Dalton	CIN	2	1	0	1	0.5	0	0.0	0	"
advanced_receiving
"Matt LaCosse	NWE	3	3	22	1	14	4.7	8	2.7	0		0	0.0
James White	NWE	4	3	49	2	-1	-0.3	50	16.7	1	3.0	1	25.0
Rex Burkhead	NWE	2	2	6	0	-6	-3.0	12	6.0	0		0	0.0
Julian Edelman	NWE	5	2	9	1	6	3.0	3	1.5	0		0	0.0
N'Keal Harry	NWE	4	2	15	2	15	7.5	0	0.0	0		0	0.0
Mohamed Sanu	NWE	8	2	13		9	4.5	4	2.0	0		0	0.0
Sony Michel	NWE	2	1	14	1	-3	-3.0	17	17.0	0		1	50.0
Player	Tm	Tgt	Rec	Yds	1D	YBC	YBC/R	YAC	YAC/R	BrkTkl	Rec/Br	Drop	Drop%
Tyler Boyd	CIN	7	3	26	1	3	1.0	23	7.7	0		0	0.0
Tyler Eifert	CIN	5	3	44	2	35	11.7	9	3.0	0		1	20.0
Joe Mixon	CIN	3	3	20	1	1	0.3	19	6.3	0		0	0.0
Giovani Bernard	CIN	2	2	10	0	3	1.5	7	3.5	0		0	0.0
Cethan Carter	CIN	2	2	13	2	8	4.0	5	2.5	0		0	0.0
John Ross	CIN	3	2	24	2	24	12.0	0	0.0	0		0	0.0
Alex Erickson	CIN	5	1	6	1	-5	-5.0	11	11.0	0		0	0.0
C.J. Uzomah	CIN	2	1	8		5	5.0	3	3.0	0		1	50.0"
advanced_defense
"J.C. Jackson	NWE	2	7	4	57.1%	29	7.3	4.1	0	27.4	10.9	6	23	0	0	0	0.0	0	3	0	0.0%
Jonathan Jones	NWE	0	3	3	100.0%	12	4.0	4.0	1	122.9	5.3	9	3	0	0	0	0.0	0	1	0	0.0%
Dont'a Hightower	NWE	0	2	2	100.0%	16	8.0	8.0	0	100.0	2.0	4	12	7	0	1	0.0	1	3	1	25.0%
Stephon Gilmore	NWE	2	7	2	28.6%	24	12.0	3.4	0	1.8	8.6	12	12	0	0	0	0.0	0	2	1	33.3%
Terrence Brooks	NWE	0	3	2	66.7%	28	14.0	9.3	0	96.5	7.7	18	10	1	0	0	0.0	0	4	0	0.0%
Patrick Chung	NWE	0	3	2	66.7%	24	12.0	8.0	0	91.0	11.3	17	7	3	0	0	0.0	0	2	0	0.0%
Jamie Collins	NWE	0	1	1	100.0%	1	1.0	1.0	0	79.2	0.0	0	1	3	0	0	0.0	0	5	3	37.5%
Ja'Whaun Bentley	NWE	0	2	1	50.0%	8	8.0	4.0	0	60.4	6.5	5	3	3	0	0	0.0	0	8	0	0.0%
Kyle Van Noy	NWE	0	0	0										2	1	1	0.0	2	2	0	0.0%
Duron Harmon	NWE	0	0	0										1	0	0	0.0	0	1	0	0.0%
Player	Tm	Int	Tgt	Cmp	Cmp%	Yds	Yds/Cmp	Yds/Tgt	TD	Rat	DADOT	Air	YAC	Bltz	Hrry	QBKD	Sk	Prss	Comb	MTkl	MTkl%
B.W. Webb	CIN	0	9	5	55.6%	30	6.0	3.3	1	99.3	7.7	27	3	0	0	0	0.0	0	3	0	0.0%
Germaine Pratt	CIN	0	2	2	100.0%	16	8.0	8.0	0	100.0	-1.0	-2	18	2	0	0	0.0	0	10	2	16.7%
Darqueze Dennard	CIN	0	6	2	33.3%	10	5.0	1.7	0	42.4	5.0	3	7	0	0	0	0.0	0	4	0	0.0%
Nick Vigil	CIN	0	2	2	100.0%	16	8.0	8.0	0	100.0	1.0	2	14	2	0	0	0.0	0	5	0	0.0%
Carlos Dunlap	CIN	0	1	1	100.0%	22	22.0	22.0	0	118.7	3.0	3	19	0	0	1	1.0	2	6	0	0.0%
Jessie Bates	CIN	0	2	1	50.0%	7	7.0	3.5	0	58.3	13.5	5	2	0	0	0	0.0	0	4	0	0.0%
Shawn Williams	CIN	0	2	1	50.0%	4	4.0	2.0	0	56.2	12.0	3	1	4	0	0	0.0	0	3	2	40.0%
Carl Lawson	CIN	0	0	0										0	0	3	0.0	3	0	0	
Sam Hubbard	CIN	0	0	0										0	0	0	1.0	1	3	0	0.0%
William Jackson	CIN	0	3	0	0.0%					39.6	3.7			0	0	0	0.0	0	2	0	0.0%
Geno Atkins	CIN	0	0	0										0	0	0	0.0	0	2	1	33.3%"
