advanced_rushing = document.querySelectorAll("#rushing_advanced > tbody")[0].innerText;
advanced_receiving = document.querySelectorAll("#receiving_advanced > tbody")[0].innerText;
advanced_defense = document.querySelectorAll("#defense_advanced > tbody")[0].innerText;
advanced_passing = document.querySelectorAll("#passing_advanced > tbody")[0].innerText;
"Baker Mayfield	CLE	30	43	247	15	34.1	254	5.9	119	4.0	2.8	128	4.3	2	4.8%	7	16.7%	1	15	3	1	2	5.5
Player	Tm	Cmp	Att	Yds	1D	1D%	IAY	IAY/PA	CAY	CAY/Cmp	CAY/PA	YAC	YAC/Cmp	Drops	Drop%	BadTh	Bad%	Sk	Bltz	Hrry	Hits	Scrm	Yds/Scr
Kyler Murray	ARI	19	25	219	11	44.0	167	6.7	86	4.5	3.4	133	7.0	0	0.0%	3	13.0%	0	11	5	0	2	3.0"
advanced_rushing
"Nick Chubb	CLE	17	127	6	56	3.3	71	4.2	3	5.7
Kareem Hunt	CLE	4	14	0	6	1.5	8	2.0	0	
Baker Mayfield	CLE	2	11	2	7	3.5	4	2.0	1	2.0
Player	Tm	Att	Yds	1D	YBC	YBC/Att	YAC	YAC/Att	BrkTkl	Att/Br
Kenyan Drake	ARI	22	137	11	96	4.4	41	1.9	2	11.0
Kyler Murray	ARI	8	56	2	50	6.3	6	0.8	0	
David Johnson	ARI	3	6		4	1.3	2	0.7	0	
Andy Isabella	ARI	1	-1		-1	-1.0	0	0.0	0	
Christian Kirk	ARI	1	28	1	28	28.0	0	0.0	0	"
advanced_receiving
"Odell Beckham	CLE	13	8	66	4	56	7.0	10	1.3	0		1	7.7
Kareem Hunt	CLE	9	8	62	4	2	0.3	60	7.5	1	8.0	0	0.0
Jarvis Landry	CLE	8	5	23	1	22	4.4	1	0.2	0		0	0.0
Ricky Seals-Jones	CLE	4	3	29	2	24	8.0	5	1.7	0		0	0.0
Nick Chubb	CLE	3	3	21	1	-10	-3.3	31	10.3	0		0	0.0
Damion Ratley	CLE	2	2	33	2	17	8.5	16	8.0	0		0	0.0
Demetrius Harris	CLE	2	1	13	1	8	8.0	5	5.0	2	0.5	1	50.0
KhaDarel Hodge	CLE	1	0	0		0		0		0		0	0.0
Player	Tm	Tgt	Rec	Yds	1D	YBC	YBC/R	YAC	YAC/R	BrkTkl	Rec/Br	Drop	Drop%
Damiere Byrd	ARI	6	6	86	3	39	6.5	47	7.8	2	3.0	0	0.0
Christian Kirk	ARI	5	4	33	2	14	3.5	19	4.8	0		0	0.0
Larry Fitzgerald	ARI	5	3	42	3	22	7.3	20	6.7	0		0	0.0
Dan Arnold	ARI	1	1	6	1	6	6.0	0	0.0	0		0	0.0
Kenyan Drake	ARI	1	1	9	0	-7	-7.0	16	16.0	0		0	0.0
Andy Isabella	ARI	1	1	4		-5	-5.0	9	9.0	0		0	0.0
Pharoh Cooper	ARI	1	1	17	1	16	16.0	1	1.0	0		0	0.0
Charles Clay	ARI	2	1	18	1	1	1.0	17	17.0	0		0	0.0
Maxx Williams	ARI	1	1	4		0	0.0	4	4.0	1	1.0	0	0.0"
advanced_defense
"Greedy Williams	CLE	0	6	6	100.0%	89	14.8	14.8	0	118.7	5.7	34	55	0	0	0	0.0	0	9	0	0.0%
T.J. Carrie	CLE	0	4	4	100.0%	40	10.0	10.0	0	108.3	6.5	26	14	5	0	0	0.0	0	2	0	0.0%
Mack Wilson	CLE	1	3	2	66.7%	22	11.0	7.3	0	48.6	1.7	-4	26	2	1	0	0.0	1	7	1	12.5%
Sheldrick Redwine	CLE	0	3	2	66.7%	23	11.5	7.7	1	129.2	12.3	22	1	1	0	0	0.0	0	7	1	12.5%
Damarious Randall	CLE	0	2	2	100.0%	31	15.5	15.5	0	118.7	9.5	19	12	3	0	0	0.0	0	8	0	0.0%
Denzel Ward	CLE	0	3	2	66.7%	5	2.5	1.7	0	70.1	4.3	-4	9	2	0	0	0.0	0	1	2	66.7%
Chad Thomas	CLE	0	1	1	100.0%	9	9.0	9.0	0	104.2	-7.0	-7	16	0	1	0	0.0	1	2	0	0.0%
Larry Ogunjobi	CLE	0	0	0										0	3	0	0.0	3	4	2	33.3%
Juston Burris	CLE	0	1	0	0.0%					39.6	22.0			2	1	0	0.0	1	3	2	40.0%
Bryan Cox	CLE	0	0	0										0	0	0	0.0	0	2	1	33.3%
Joe Schobert	CLE	0	0	0										1	0	0	0.0	0	5	1	16.7%
Player	Tm	Int	Tgt	Cmp	Cmp%	Yds	Yds/Cmp	Yds/Tgt	TD	Rat	DADOT	Air	YAC	Bltz	Hrry	QBKD	Sk	Prss	Comb	MTkl	MTkl%
Patrick Peterson	ARI	1	12	6	50.0%	46	7.7	3.8	0	25.0	8.1	24	22	0	0	0	0.0	0	7	1	12.5%
Joe Walker	ARI	0	7	5	71.4%	58	11.6	8.3	0	96.1	4.9	27	31	5	0	0	0.0	0	7	2	22.2%
Byron Murphy	ARI	0	6	5	83.3%	31	6.2	5.2	0	88.2	8.5	25	6	3	0	0	0.0	0	3	1	25.0%
Jordan Hicks	ARI	0	4	4	100.0%	31	7.8	7.8	1	138.5	4.0	16	15	1	0	0	0.0	0	10	0	0.0%
Jalen Thompson	ARI	0	4	4	100.0%	21	5.3	5.3	0	88.5	1.5	6	15	1	0	0	0.0	0	3	1	25.0%
Budda Baker	ARI	0	3	2	66.7%	43	21.5	14.3	0	109.7	14.3	38	5	4	0	0	0.0	0	7	3	30.0%
Tanner Vallejo	ARI	0	2	2	100.0%	13	6.5	6.5	0	93.7	-4.5	-9	22	0	0	0	0.0	0	2	1	33.3%
Chris Jones	ARI	0	4	2	50.0%	30	15.0	7.5	0	75.0	10.3	17	13	0	0	0	0.0	0	4	2	33.3%
Chandler Jones	ARI	0	1	1	100.0%	8	8.0	8.0	0	100.0	2.0	2	6	1	1	0	1.0	2	5	0	0.0%
Kevin Peterson	ARI	0	1	1	100.0%	8	8.0	8.0	0	100.0	7.0	7	1	0	0	0	0.0	0	1	0	0.0%
Cassius Marsh	ARI	0	0	0										5	1	1	0.0	2	2	0	0.0%
Corey Peters	ARI	0	0	0										0	1	0	0.0	1	3	1	25.0%
Kylie Fitts	ARI	0	0	0										0	1	0	0.0	1	0	0	
Haason Reddick	ARI	0	0	0										3	0	0	0.0	0	2	0	0.0%"
