advanced_rushing = document.querySelectorAll("#rushing_advanced > tbody")[0].innerText;
advanced_receiving = document.querySelectorAll("#receiving_advanced > tbody")[0].innerText;
advanced_defense = document.querySelectorAll("#defense_advanced > tbody")[0].innerText;
advanced_passing = document.querySelectorAll("#passing_advanced > tbody")[0].innerText;
"Mitchell Trubisky	CHI	29	53	334	15	26.8	536	10.1	222	7.7	4.2	112	3.9	3	5.8%	14	26.9%	3	8	3	2	3	6.7
Player	Tm	Cmp	Att	Yds	1D	1D%	IAY	IAY/PA	CAY	CAY/Cmp	CAY/PA	YAC	YAC/Cmp	Drops	Drop%	BadTh	Bad%	Sk	Bltz	Hrry	Hits	Scrm	Yds/Scr
Aaron Rodgers	GNB	16	33	203	7	20.6	293	8.9	92	5.8	2.8	111	6.9	6	20.0%	5	16.7%	1	7	3	3	2	12.0"
advanced_rushing
"David Montgomery	CHI	14	39	1	19	1.4	20	1.4	0	
Tarik Cohen	CHI	8	28	3	10	1.3	18	2.3	2	4.0
Mitchell Trubisky	CHI	4	29	0	20	5.0	9	2.3	1	4.0
Cordarrelle Patterson	CHI	1	0		0	0.0	0	0.0	2	0.5
Player	Tm	Att	Yds	1D	YBC	YBC/Att	YAC	YAC/Att	BrkTkl	Att/Br
Aaron Jones	GNB	13	51	2	22	1.7	29	2.2	3	4.3
Jamaal Williams	GNB	8	26	2	13	1.6	13	1.6	1	8.0
Aaron Rodgers	GNB	3	23	1	23	7.7	0	0.0	0	"
advanced_receiving
"Anthony Miller	CHI	15	9	118	7	89	9.9	29	3.2	1	9.0	0	0.0
Tarik Cohen	CHI	10	7	57	1	4	0.6	53	7.6	0		2	20.0
Allen Robinson	CHI	14	7	125	6	106	15.1	19	2.7	1	7.0	1	7.1
Riley Ridley	CHI	2	2	10	1	10	5.0	0	0.0	0		0	0.0
J.P. Holtz	CHI	1	1	-1		-1	-1.0	0	0.0	0		0	0.0
Jesper Horsted	CHI	3	1	9		5	5.0	4	4.0	0		0	0.0
David Montgomery	CHI	1	1	10	0	3	3.0	7	7.0	0		0	0.0
Cordarrelle Patterson	CHI	4	1	6		6	6.0	0	0.0	0		0	0.0
Player	Tm	Tgt	Rec	Yds	1D	YBC	YBC/R	YAC	YAC/R	BrkTkl	Rec/Br	Drop	Drop%
Davante Adams	GNB	13	7	103	4	60	8.6	43	6.1	1	7.0	4	30.8
Geronimo Allison	GNB	4	2	19	1	6	3.0	13	6.5	0		1	25.0
Allen Lazard	GNB	3	2	14	1	10	5.0	4	2.0	0		0	0.0
Jamaal Williams	GNB	1	1	7	0	0	0.0	7	7.0	0		0	0.0
Robert Tonyan	GNB	2	1	5		0	0.0	5	5.0	0		0	0.0
Marcedes Lewis	GNB	1	1	6		0	0.0	6	6.0	0		0	0.0
Jake Kumerow	GNB	1	1	49	1	17	17.0	32	32.0	2	0.5	0	0.0
Jimmy Graham	GNB	4	1	0		-1	-1.0	1	1.0	0		0	0.0
Marquez Valdes-Scantling	GNB	1	0	0		0		0		0		1	100.0"
advanced_defense
"Buster Skrine	CHI	0	7	5	71.4%	64	12.8	9.1	1	139.3	7.7	32	32	0	0	1	0.0	1	2	2	50.0%
Kyle Fuller	CHI	0	7	4	57.1%	51	12.8	7.3	0	80.1	8.9	27	24	0	0	0	0.0	0	3	1	25.0%
Kevin Pierre-Louis	CHI	0	2	2	100.0%	7	3.5	3.5	0	81.2	-0.5	-1	8	1	0	0	0.0	0	5	2	28.6%
Eddie Jackson	CHI	0	4	2	50.0%	9	4.5	2.3	0	56.2	8.5	0	9	1	0	0	0.0	0	5	1	16.7%
Ha Ha Clinton-Dix	CHI	0	2	1	50.0%	49	49.0	24.5	0	95.8	7.0	17	32	2	0	0	0.0	0	2	1	33.3%
Kevin Toliver	CHI	0	4	1	25.0%	6	6.0	1.5	0	39.6	9.3	0	6	0	0	0	0.0	0	2	1	33.3%
Prince Amukamara	CHI	0	2	1	50.0%	17	17.0	8.5	0	79.2	34.5	17	0	0	0	0	0.0	0	1	1	50.0%
Akiem Hicks	CHI	0	0	0										0	0	2	0.0	2	4	0	0.0%
Leonard Floyd	CHI	0	0	0										4	1	0	0.0	1	1	1	50.0%
Nick Kwiatkoski	CHI	0	2	0	0.0%					39.6	11.5			2	0	0	1.0	1	5	1	16.7%
Eddie Goldman	CHI	0	0	0										0	1	0	0.0	1	3	0	0.0%
Khalil Mack	CHI	0	0	0										4	1	0	0.0	1	1	0	0.0%
Isaiah Irving	CHI	0	0	0										1	0	0	0.0	0	1	0	0.0%
Player	Tm	Int	Tgt	Cmp	Cmp%	Yds	Yds/Cmp	Yds/Tgt	TD	Rat	DADOT	Air	YAC	Bltz	Hrry	QBKD	Sk	Prss	Comb	MTkl	MTkl%
Blake Martinez	GNB	0	10	8	80.0%	96	12.0	9.6	0	106.7	4.3	45	51	1	0	0	0.0	0	11	1	8.3%
Jaire Alexander	GNB	1	12	5	41.7%	44	8.8	3.7	0	17.4	13.3	39	5	0	0	0	0.0	0	8	1	11.1%
Tramon Williams	GNB	0	8	4	50.0%	47	11.8	5.9	0	68.2	6.0	29	18	0	0	0	0.0	0	5	1	16.7%
Ibraheim Campbell	GNB	0	5	4	80.0%	48	12.0	9.6	0	106.7	7.6	37	11	0	0	0	0.0	0	3	0	0.0%
Adrian Amos	GNB	0	4	4	100.0%	31	7.8	7.8	1	138.5	6.3	25	6	0	0	0	0.0	0	4	2	33.3%
Kevin King	GNB	0	6	3	50.0%	62	20.7	10.3	0	86.8	20.3	58	4	0	0	0	0.0	0	4	2	33.3%
Chandon Sullivan	GNB	0	4	1	25.0%	6	6.0	1.5	0	39.6	13.8	-2	8	3	0	1	0.0	1	6	0	0.0%
Kenny Clark	GNB	0	0	0										0	2	0	2.0	4	8	0	0.0%
Za'Darius Smith	GNB	0	1	0	0.0%					39.6	2.0			3	0	1	0.0	1	1	0	0.0%
Rashan Gary	GNB	0	0	0										1	0	0	1.0	1	3	0	0.0%
Preston Smith	GNB	0	0	0										3	0	0	0.0	0	5	0	0.0%
Darnell Savage	GNB	0	2	0	0.0%					39.6	11.5			1	0	0	0.0	0	4	0	0.0%"
