advanced_rushing = document.querySelectorAll("#rushing_advanced > tbody")[0].innerText;
advanced_receiving = document.querySelectorAll("#receiving_advanced > tbody")[0].innerText;
advanced_defense = document.querySelectorAll("#defense_advanced > tbody")[0].innerText;
advanced_passing = document.querySelectorAll("#passing_advanced > tbody")[0].innerText;
"Jacoby Brissett	IND	18	34	165	8	22.9	311	9.1	99	5.5	2.9	66	3.7	0	0.0%	10	30.3%	1	17	5	6	1	7.0
Player	Tm	Cmp	Att	Yds	1D	1D%	IAY	IAY/PA	CAY	CAY/Cmp	CAY/PA	YAC	YAC/Cmp	Drops	Drop%	BadTh	Bad%	Sk	Bltz	Hrry	Hits	Scrm	Yds/Scr
Drew Brees	NOR	29	30	307	18	60.0	202	6.7	204	7.0	6.8	103	3.6	0	0.0%	1	3.3%	0	9	1	2	0	"
advanced_rushing
"Marlon Mack	IND	11	19	2	12	1.1	7	0.6	0	
Jordan Wilkins	IND	3	10	2	2	0.7	8	2.7	1	3.0
Nyheim Hines	IND	2	10		7	3.5	3	1.5	0	
Jacoby Brissett	IND	1	7	1	7	7.0	0	0.0	0	
Player	Tm	Att	Yds	1D	YBC	YBC/Att	YAC	YAC/Att	BrkTkl	Att/Br
Alvin Kamara	NOR	14	66	2	34	2.4	32	2.3	1	14.0
Latavius Murray	NOR	9	29	1	15	1.7	14	1.6	1	9.0
Teddy Bridgewater	NOR	3	-3		-3	-1.0	0	0.0	0	
Dwayne Washington	NOR	3	20	1	7	2.3	13	4.3	0	
Taysom Hill	NOR	2	1	1	-2	-1.0	3	1.5	0	
Zach Line	NOR	2	4	2	3	1.5	1	0.5	0	"
advanced_receiving
"Zach Pascal	IND	6	4	44	2	17	4.3	27	6.8	1	4.0	0	0.0
T.Y. Hilton	IND	9	4	25	1	18	4.5	7	1.8	0		0	0.0
Jack Doyle	IND	5	2	21	2	13	6.5	8	4.0	0		0	0.0
Marcus Johnson	IND	4	2	37	2	35	17.5	2	1.0	0		0	0.0
Dontrelle Inman	IND	3	2	25	1	21	10.5	4	2.0	0		0	0.0
Nyheim Hines	IND	2	2	2		-6	-3.0	8	4.0	1	2.0	0	0.0
Ashton Dulin	IND	1	1	4		-3	-3.0	7	7.0	0		0	0.0
Jordan Wilkins	IND	3	1	7	0	4	4.0	3	3.0	0		0	0.0
Player	Tm	Tgt	Rec	Yds	1D	YBC	YBC/R	YAC	YAC/R	BrkTkl	Rec/Br	Drop	Drop%
Michael Thomas	NOR	12	12	128	8	108	9.0	20	1.7	0		0	0.0
Alvin Kamara	NOR	5	5	23	0	-5	-1.0	28	5.6	0		0	0.0
Jared Cook	NOR	4	4	54	3	50	12.5	4	1.0	0		0	0.0
Taysom Hill	NOR	2	2	42	2	24	12.0	18	9.0	1	2.0	0	0.0
Latavius Murray	NOR	3	2	20	2	-4	-2.0	24	12.0	0		0	0.0
Josh Hill	NOR	1	1	5	1	5	5.0	0	0.0	0		0	0.0
Deonte Harris	NOR	1	1	1		-4	-4.0	5	5.0	0		0	0.0
Ted Ginn	NOR	1	1	13	1	11	11.0	2	2.0	0		0	0.0
Tre'Quan Smith	NOR	1	1	21	1	19	19.0	2	2.0	0		0	0.0"
advanced_defense
"Pierre Desir	IND	0	6	5	83.3%	76	15.2	12.7	2	158.3	10.5	65	11	0	0	0	0.0	0	3	1	25.0%
Rock Ya-Sin	IND	0	5	5	100.0%	57	11.4	11.4	0	114.2	9.8	49	8	0	0	0	0.0	0	10	0	0.0%
Khari Willis	IND	0	4	4	100.0%	29	7.3	7.3	1	136.5	2.3	9	20	1	0	0	0.0	0	10	1	9.1%
Malik Hooker	IND	0	3	3	100.0%	62	20.7	20.7	1	158.3	16.0	48	14	0	0	0	0.0	0	2	0	0.0%
Darius Leonard	IND	0	3	3	100.0%	17	5.7	5.7	0	90.3	4.0	12	5	8	0	0	0.0	0	12	0	0.0%
Quincy Wilson	IND	0	2	2	100.0%	29	14.5	14.5	0	118.7	14.5	29	0	1	1	0	0.0	1	3	0	0.0%
Rolan Milligan	IND	0	2	2	100.0%	10	5.0	5.0	0	87.5	0.0	0	10	1	0	0	0.0	0	2	0	0.0%
Marvell Tell	IND	0	2	2	100.0%	12	6.0	6.0	0	91.7	-0.5	-1	13	0	0	0	0.0	0	2	0	0.0%
Margus Hunt	IND	0	1	1	100.0%	4	4.0	4.0	0	83.3	-5.0	-5	9	0	0	0	0.0	0	1	2	66.7%
Bobby Okereke	IND	0	1	1	100.0%	10	10.0	10.0	0	108.3	2.0	2	8	1	0	0	0.0	0	6	0	0.0%
Anthony Walker	IND	0	1	1	100.0%	1	1.0	1.0	0	79.2	-4.0	-4	5	3	0	0	0.0	0	10	0	0.0%
Grover Stewart	IND	0	0	0										0	0	1	0.0	1	0	0	
Justin Houston	IND	0	0	0										0	0	1	0.0	1	2	1	33.3%
Player	Tm	Int	Tgt	Cmp	Cmp%	Yds	Yds/Cmp	Yds/Tgt	TD	Rat	DADOT	Air	YAC	Bltz	Hrry	QBKD	Sk	Prss	Comb	MTkl	MTkl%
P.J. Williams	NOR	0	5	5	100.0%	49	9.8	9.8	0	107.5	3.8	19	30	3	0	0	0.0	0	3	3	50.0%
Eli Apple	NOR	0	4	3	75.0%	35	11.7	8.8	0	101.0	16.8	33	2	0	0	0	0.0	0	6	0	0.0%
Chauncey Gardner-Johnson	NOR	0	5	3	60.0%	37	12.3	7.4	0	82.9	10.0	26	11	2	0	0	0.0	0	8	1	11.1%
T.J. Green	NOR	0	4	2	50.0%	26	13.0	6.5	0	70.8	20.8	24	2	0	0	0	0.0	0	2	0	0.0%
Saquan Hampton	NOR	0	3	2	66.7%	9	4.5	3.0	0	70.1	1.7	-1	10	1	0	0	0.0	0	1	0	0.0%
A.J. Klein	NOR	0	1	1	100.0%	7	7.0	7.0	0	95.8	4.0	4	3	7	0	1	0.5	2	6	0	0.0%
Demario Davis	NOR	0	4	1	25.0%	1	1.0	0.3	0	39.6	8.3	0	1	4	1	0	0.0	1	3	0	0.0%
Shy Tuttle	NOR	0	1	1	100.0%	1	1.0	1.0	0	79.2	-6.0	-6	7	0	0	0	0.0	0	1	1	50.0%
Trey Hendrickson	NOR	0	0	0										0	1	1	0.5	3	3	0	0.0%
Cameron Jordan	NOR	0	0	0										0	2	0	0.0	2	2	0	0.0%
David Onyemata	NOR	0	0	0										0	0	2	0.0	2	0	0	
Carl Granderson	NOR	0	0	0										0	1	0	0.0	1	4	0	0.0%
Manti Te'o	NOR	0	0	0										2	0	1	0.0	1	1	1	50.0%
Malcom Brown	NOR	0	0	0										0	0	1	0.0	1	1	0	0.0%
Marshon Lattimore	NOR	0	4	0	0.0%					39.6	16.3			0	0	0	0.0	0	0	0	"
