advanced_rushing = document.querySelectorAll("#rushing_advanced > tbody")[0].innerText;
advanced_receiving = document.querySelectorAll("#receiving_advanced > tbody")[0].innerText;
advanced_defense = document.querySelectorAll("#defense_advanced > tbody")[0].innerText;
advanced_passing = document.querySelectorAll("#passing_advanced > tbody")[0].innerText;
"Sam Darnold	NYJ	18	32	218	9	27.3	252	7.9	109	6.1	3.4	109	6.1	1	3.4%	5	17.2%	1	17	6	5	1	11.0
Player	Tm	Cmp	Att	Yds	1D	1D%	IAY	IAY/PA	CAY	CAY/Cmp	CAY/PA	YAC	YAC/Cmp	Drops	Drop%	BadTh	Bad%	Sk	Bltz	Hrry	Hits	Scrm	Yds/Scr
Lamar Jackson	BAL	15	23	212	11	45.8	264	11.5	153	10.2	6.7	59	3.9	1	4.8%	3	14.3%	1	6	1	2	2	14.0
Robert Griffin	BAL	0	1	0			3	3.0	0		0.0	0		0	0.0%	1	100.0%	0	1	0	0	0	"
advanced_rushing
"Le'Veon Bell	NYJ	21	87	3	41	2.0	46	2.2	0	
Ty Montgomery	NYJ	2	5		1	0.5	4	2.0	0	
Sam Darnold	NYJ	1	11	1	11	11.0	0	0.0	0	
Player	Tm	Att	Yds	1D	YBC	YBC/Att	YAC	YAC/Att	BrkTkl	Att/Br
Mark Ingram	BAL	13	76	3	43	3.3	33	2.5	1	13.0
Lamar Jackson	BAL	8	86	5	84	10.5	2	0.3	0	
Gus Edwards	BAL	5	35	1	1	0.2	34	6.8	0	
Robert Griffin	BAL	4	6		3	0.8	3	0.8	0	
Justice Hill	BAL	4	15	1	8	2.0	7	1.8	0	"
advanced_receiving
"Jamison Crowder	NYJ	11	6	90	5	48	8.0	42	7.0	1	6.0	1	9.1
Robby Anderson	NYJ	6	4	66	2	55	13.8	11	2.8	0		0	0.0
Vyncint Smith	NYJ	5	3	40	1	3	1.0	37	12.3	2	1.5	0	0.0
Le'Veon Bell	NYJ	2	2	1	0	-2	-1.0	3	1.5	0		0	0.0
Daniel Brown	NYJ	2	1	4		1	1.0	3	3.0	0		0	0.0
Ty Montgomery	NYJ	1	1	5		-8	-8.0	13	13.0	0		0	0.0
Jeff Smith	NYJ	2	1	12	1	12	12.0	0	0.0	0		0	0.0
Player	Tm	Tgt	Rec	Yds	1D	YBC	YBC/R	YAC	YAC/R	BrkTkl	Rec/Br	Drop	Drop%
Mark Andrews	BAL	7	4	52	3	27	6.8	25	6.3	0		0	0.0
Marquise Brown	BAL	4	4	45	1	42	10.5	3	0.8	0		0	0.0
Seth Roberts	BAL	3	3	66	3	63	21.0	3	1.0	0		0	0.0
Miles Boykin	BAL	1	1	5	1	5	5.0	0	0.0	0		0	0.0
Hayden Hurst	BAL	2	1	19	1	9	9.0	10	10.0	1	1.0	0	0.0
Mark Ingram	BAL	2	1	10	1	3	3.0	7	7.0	0		0	0.0
Willie Snead	BAL	1	1	15	1	4	4.0	11	11.0	0		0	0.0
Patrick Ricard	BAL	2	0	0		0		0		0		1	50.0"
advanced_defense
"James Burgess	NYJ	0	5	5	100.0%	72	14.4	14.4	1	158.3	8.0	40	32	3	0	0	0.0	0	7	1	12.5%
Darryl Roberts	NYJ	0	5	3	60.0%	52	17.3	10.4	1	135.0	14.4	48	4	0	0	0	0.0	0	7	1	12.5%
Marcus Maye	NYJ	0	3	2	66.7%	69	34.5	23.0	1	149.3	28.3	53	16	0	0	0	0.0	0	5	0	0.0%
Neville Hewitt	NYJ	0	6	2	33.3%	6	3.0	1.0	2	81.9	5.5	6	0	0	0	0	0.0	0	5	1	16.7%
Maurice Canady	NYJ	0	1	1	100.0%	5	5.0	5.0	0	87.5	5.0	5	0	1	0	0	0.0	0	4	1	20.0%
Brandon Copeland	NYJ	0	2	1	50.0%	8	8.0	4.0	0	60.4	1.0	1	7	2	0	0	0.0	0	0	0	
Henry Anderson	NYJ	0	0	0										0	0	1	0.0	1	2	0	0.0%
Kyle Phillips	NYJ	0	0	0										0	1	0	0.0	1	1	0	0.0%
Nathan Shepherd	NYJ	0	0	0										0	0	1	0.0	1	1	0	0.0%
Tarell Basham	NYJ	0	0	0										1	0	0	1.0	1	4	1	20.0%
Jordan Jenkins	NYJ	0	0	0										5	0	0	0.0	0	1	0	0.0%
Nate Hairston	NYJ	0	0	0										1	0	0	0.0	0	3	0	0.0%
Player	Tm	Int	Tgt	Cmp	Cmp%	Yds	Yds/Cmp	Yds/Tgt	TD	Rat	DADOT	Air	YAC	Bltz	Hrry	QBKD	Sk	Prss	Comb	MTkl	MTkl%
Jimmy Smith	BAL	0	9	7	77.8%	97	13.9	10.8	0	111.6	7.6	55	42	0	0	0	0.0	0	5	0	0.0%
Marlon Humphrey	BAL	0	7	4	57.1%	24	6.0	3.4	1	103.6	5.7	16	8	2	1	0	0.0	1	4	1	20.0%
Brandon Carr	BAL	0	3	3	100.0%	63	21.0	21.0	1	158.3	11.7	35	28	3	1	0	0.0	1	1	2	66.7%
Patrick Onwuasor	BAL	0	2	2	100.0%	17	8.5	8.5	0	102.1	-3.0	-6	23	2	0	0	0.0	0	3	0	0.0%
Marcus Peters	BAL	0	7	2	28.6%	19	9.5	2.7	0	39.6	12.6	14	5	0	0	0	0.0	0	2	0	0.0%
Josh Bynes	BAL	0	1	1	100.0%	-2	-2.0	-2.0	0	79.2	-5.0	-5	3	1	1	0	0.0	1	3	0	0.0%
Jaylon Ferguson	BAL	0	0	0										13	1	2	0.0	3	4	0	0.0%
Tyus Bowser	BAL	0	0	0										2	1	0	1.0	2	2	0	0.0%
Chris Wormley	BAL	0	0	0										0	2	0	0.0	2	3	0	0.0%
Matt Judon	BAL	0	0	0										8	0	1	0.0	1	3	0	0.0%
Jihad Ward	BAL	0	0	0										0	0	1	0.0	1	1	0	0.0%
Michael Pierce	BAL	0	0	0										0	0	1	0.0	1	3	0	0.0%
Earl Thomas	BAL	0	0	0										6	0	0	0.0	0	3	0	0.0%
Chuck Clark	BAL	1	0	0										4	0	0	0.0	0	1	1	50.0%
Anthony Levine	BAL	0	1	0	0.0%					39.6	20.0			1	0	0	0.0	0	1	0	0.0%"
