advanced_rushing = document.querySelectorAll("#rushing_advanced > tbody")[0].innerText;
advanced_receiving = document.querySelectorAll("#receiving_advanced > tbody")[0].innerText;
advanced_defense = document.querySelectorAll("#defense_advanced > tbody")[0].innerText;
advanced_passing = document.querySelectorAll("#passing_advanced > tbody")[0].innerText;
"Deshaun Watson	HOU	19	27	243	12	42.9	271	10.0	148	7.8	5.5	95	5.0	0	0.0%	4	15.4%	1	1	0	0	4	5.8
Player	Tm	Cmp	Att	Yds	1D	1D%	IAY	IAY/PA	CAY	CAY/Cmp	CAY/PA	YAC	YAC/Cmp	Drops	Drop%	BadTh	Bad%	Sk	Bltz	Hrry	Hits	Scrm	Yds/Scr
Ryan Tannehill	TEN	22	36	279	15	39.5	353	9.8	163	7.4	4.5	116	5.3	1	2.9%	8	22.9%	2	18	1	4	1	10.0
Brett Kern	TEN	0	1	0			30	30.0	0		0.0	0		0	0.0%	0	0.0%	0	0	0	0	0	"
advanced_rushing
"Carlos Hyde	HOU	26	104	6	44	1.7	60	2.3	1	26.0
Deshaun Watson	HOU	7	32	3	29	4.1	3	0.4	0	
Duke Johnson	HOU	2	4	0	0	0.0	4	2.0	0	
Player	Tm	Att	Yds	1D	YBC	YBC/Att	YAC	YAC/Att	BrkTkl	Att/Br
Derrick Henry	TEN	21	86	3	45	2.1	41	2.0	1	21.0
Dion Lewis	TEN	3	10	1	5	1.7	5	1.7	0	
Ryan Tannehill	TEN	3	10	2	6	2.0	4	1.3	0	
Jonnu Smith	TEN	1	57	1	0	0.0	57	57.0	0	"
advanced_receiving
"DeAndre Hopkins	HOU	8	6	119	5	73	12.2	46	7.7	1	6.0	0	0.0
Will Fuller	HOU	7	5	61	4	41	8.2	20	4.0	0		0	0.0
Kenny Stills	HOU	3	3	35	2	34	11.3	1	0.3	0		0	0.0
Jordan Akins	HOU	2	2	7		6	3.0	1	0.5	0		0	0.0
Duke Johnson	HOU	3	2	19	1	-6	-3.0	25	12.5	0		0	0.0
Darren Fells	HOU	2	1	2		0	0.0	2	2.0	0		0	0.0
Player	Tm	Tgt	Rec	Yds	1D	YBC	YBC/R	YAC	YAC/R	BrkTkl	Rec/Br	Drop	Drop%
A.J. Brown	TEN	13	8	114	6	78	9.8	36	4.5	0		0	0.0
Jonnu Smith	TEN	5	5	60	3	29	5.8	31	6.2	1	5.0	0	0.0
Corey Davis	TEN	6	3	57	3	23	7.7	34	11.3	1	3.0	1	16.7
Tajae Sharpe	TEN	2	2	28	2	26	13.0	2	1.0	0		0	0.0
Khari Blasingame	TEN	1	1	0		-2	-2.0	2	2.0	0		0	0.0
Anthony Firkser	TEN	4	1	7		3	3.0	4	4.0	0		0	0.0
Dion Lewis	TEN	1	1	11	1	4	4.0	7	7.0	0		0	0.0
Kalif Raymond	TEN	2	1	2		2	2.0	0	0.0	0		0	0.0
Dane Cruikshank	TEN	1	0	0		0		0		0		0	0.0
Derrick Henry	TEN	1	0	0	0	0		0		0		0	0.0"
advanced_defense
"Vernon Hargreaves	HOU	0	5	4	80.0%	26	6.5	5.2	0	88.3	6.4	20	6	0	0	0	0.0	0	3	0	0.0%
Bradley Roby	HOU	0	8	4	50.0%	49	12.3	6.1	1	108.9	16.5	43	6	0	0	0	0.0	0	3	0	0.0%
Gareon Conley	HOU	0	6	3	50.0%	31	10.3	5.2	0	65.3	9.2	14	17	0	0	0	0.0	0	1	2	66.7%
Tashaun Gipson	HOU	0	3	3	100.0%	50	16.7	16.7	1	158.3	12.0	36	14	0	0	0	0.0	0	4	0	0.0%
Benardrick McKinney	HOU	0	2	2	100.0%	18	9.0	9.0	0	104.2	3.5	7	11	5	0	0	0.5	1	8	0	0.0%
Zach Cunningham	HOU	0	3	2	66.7%	10	5.0	3.3	0	71.5	0.0	3	7	9	0	0	0.5	1	14	0	0.0%
Johnathan Joseph	HOU	0	4	2	50.0%	76	38.0	19.0	0	95.8	16.3	39	37	0	0	0	0.0	0	2	0	0.0%
Justin Reid	HOU	0	4	1	25.0%	17	17.0	4.3	0	44.8	9.0	-1	18	0	0	0	0.0	0	6	1	14.3%
Brennan Scarlett	HOU	0	1	1	100.0%	2	2.0	2.0	0	79.2	2.0	2	0	6	0	0	0.0	0	5	0	0.0%
Charles Omenihu	HOU	0	0	0										0	0	1	1.0	2	1	0	0.0%
Whitney Mercilus	HOU	1	0	0										6	1	1	0.0	2	2	0	0.0%
Brandon Dunn	HOU	0	0	0										0	0	1	0.0	1	2	0	0.0%
D.J. Reader	HOU	0	0	0										0	0	1	0.0	1	3	1	25.0%
Jahleel Addae	HOU	0	0	0										6	0	0	0.0	0	1	0	0.0%
Peter Kalambayi	HOU	0	0	0										1	0	0	0.0	0	0	0	
Lonnie Johnson	HOU	0	1	0	0.0%					39.6	30.0			0	0	0	0.0	0	0	0	
A.J. Moore	HOU	0	0	0										2	0	0	0.0	0	0	0	
Player	Tm	Int	Tgt	Cmp	Cmp%	Yds	Yds/Cmp	Yds/Tgt	TD	Rat	DADOT	Air	YAC	Bltz	Hrry	QBKD	Sk	Prss	Comb	MTkl	MTkl%
Tye Smith	TEN	0	5	5	100.0%	47	9.4	9.4	1	145.4	6.6	33	14	0	0	0	0.0	0	4	0	0.0%
Logan Ryan	TEN	0	5	4	80.0%	52	13.0	10.4	1	149.6	8.2	39	13	0	0	0	0.0	0	8	0	0.0%
LeShaun Sims	TEN	0	3	3	100.0%	63	21.0	21.0	0	118.7	12.3	37	26	0	0	0	0.0	0	4	0	0.0%
Jayon Brown	TEN	1	3	3	100.0%	23	7.7	7.7	0	59.0	2.7	8	15	0	0	0	0.0	0	10	0	0.0%
Kenny Vaccaro	TEN	1	4	2	50.0%	10	5.0	2.5	0	16.7	5.0	-2	12	0	0	0	0.0	0	6	0	0.0%
Tramaine Brock	TEN	0	5	2	40.0%	20	10.0	4.0	0	52.1	14.4	8	12	0	0	0	0.0	0	1	2	66.7%
Kevin Byard	TEN	0	1	1	100.0%	35	35.0	35.0	0	118.7	31.0	31	4	0	0	0	0.0	0	1	0	0.0%
Kamalei Correa	TEN	0	0	0										1	0	0	1.0	1	4	0	0.0%
Rashaan Evans	TEN	0	0	0										1	0	0	0.0	0	7	0	0.0%
Jurrell Casey	TEN	0	0	0										0	0	0	0.0	0	1	1	50.0%
Harold Landry	TEN	0	0	0										0	0	0	0.0	0	3	2	40.0%"
