advanced_rushing = document.querySelectorAll("#rushing_advanced > tbody")[0].innerText;
advanced_receiving = document.querySelectorAll("#receiving_advanced > tbody")[0].innerText;
advanced_defense = document.querySelectorAll("#defense_advanced > tbody")[0].innerText;
advanced_passing = document.querySelectorAll("#passing_advanced > tbody")[0].innerText;
"Gardner Minshew	JAX	17	29	201	10	32.3	241	8.3	104	6.1	3.6	97	5.7	1	3.6%	6	21.4%	2	8	2	3	4	6.0
Player	Tm	Cmp	Att	Yds	1D	1D%	IAY	IAY/PA	CAY	CAY/Cmp	CAY/PA	YAC	YAC/Cmp	Drops	Drop%	BadTh	Bad%	Sk	Bltz	Hrry	Hits	Scrm	Yds/Scr
Derek Carr	OAK	22	36	267	15	37.5	237	6.6	95	4.3	2.6	172	7.8	4	12.1%	3	9.1%	4	10	5	1	0	"
advanced_rushing
"Leonard Fournette	JAX	15	42	2	6	0.4	36	2.4	1	15.0
Gardner Minshew	JAX	5	27	2	18	3.6	9	1.8	0	
Ryquell Armstead	JAX	1	1		-1	-1.0	2	2.0	0	
Dede Westbrook	JAX	1	7	0	0	0.0	7	7.0	0	
Player	Tm	Att	Yds	1D	YBC	YBC/Att	YAC	YAC/Att	BrkTkl	Att/Br
Josh Jacobs	OAK	24	89	4	16	0.7	73	3.0	3	8.0
DeAndre Washington	OAK	6	16	2	7	1.2	9	1.5	0	
Derek Carr	OAK	1	12	1	12	12.0	0	0.0	0	
Jalen Richard	OAK	1	11	1	11	11.0	0	0.0	0	"
advanced_receiving
"Leonard Fournette	JAX	7	5	31	1	1	0.2	30	6.0	1	5.0	0	0.0
Chris Conley	JAX	8	4	49	4	28	7.0	21	5.3	0		0	0.0
Keelan Cole	JAX	6	3	76	2	48	16.0	28	9.3	0		0	0.0
Seth Devalve	JAX	2	2	23	2	16	8.0	7	3.5	0		0	0.0
Dede Westbrook	JAX	4	2	14	1	4	2.0	10	5.0	0		1	25.0
C.J. Board	JAX	1	1	8		7	7.0	1	1.0	0		0	0.0
Player	Tm	Tgt	Rec	Yds	1D	YBC	YBC/R	YAC	YAC/R	BrkTkl	Rec/Br	Drop	Drop%
Darren Waller	OAK	10	8	122	7	77	9.6	45	5.6	0		1	10.0
Alec Ingold	OAK	3	3	22	2	1	0.3	21	7.0	0		0	0.0
Josh Jacobs	OAK	3	2	20	1	-3	-1.5	23	11.5	0		0	0.0
Jalen Richard	OAK	3	2	25	1	-6	-3.0	31	15.5	0		1	33.3
DeAndre Washington	OAK	3	2	6	0	1	0.5	5	2.5	0		0	0.0
Tyrell Williams	OAK	3	2	45	2	15	7.5	30	15.0	1	2.0	1	33.3
Derek Carrier	OAK	2	1	5		4	4.0	1	1.0	0		0	0.0
Keelan Doss	OAK	2	1	17	1	2	2.0	15	15.0	0		1	50.0
Zay Jones	OAK	2	1	5	1	4	4.0	1	1.0	0		0	0.0"
advanced_defense
"Leon Jacobs	JAX	0	5	5	100.0%	22	4.4	4.4	0	85.0	0.6	3	19	5	1	0	0.0	1	7	0	0.0%
Austin Calitro	JAX	0	3	3	100.0%	33	11.0	11.0	0	112.5	1.7	5	28	2	0	0	1.0	1	11	3	21.4%
Ronnie Harrison	JAX	0	5	3	60.0%	61	20.3	12.2	0	102.9	19.8	41	20	3	0	0	0.0	0	7	0	0.0%
Jarrod Wilson	JAX	0	5	3	60.0%	71	23.7	14.2	1	143.7	5.8	9	62	2	0	0	0.0	0	1	1	50.0%
D.J. Hayden	JAX	0	5	2	40.0%	21	10.5	4.2	0	52.9	4.0	1	20	0	0	0	0.0	0	2	0	0.0%
A.J. Bouye	JAX	0	2	2	100.0%	11	5.5	5.5	0	89.6	5.5	11	0	0	0	0	0.0	0	2	1	33.3%
Donald Payne	JAX	0	4	2	50.0%	24	12.0	6.0	0	68.7	0.3	9	15	3	0	0	0.0	0	13	3	18.8%
Tre Herndon	JAX	0	3	1	33.3%	15	15.0	5.0	0	50.7	21.0	14	1	0	0	0	0.0	0	3	0	0.0%
Taven Bryan	JAX	0	1	1	100.0%	9	9.0	9.0	0	104.2	2.0	2	7	0	0	0	0.0	0	3	0	0.0%
Yannick Ngakoue	JAX	0	0	0										0	4	0	2.0	6	5	1	16.7%
Josh Allen	JAX	0	0	0										0	0	0	1.0	1	3	0	0.0%
Calais Campbell	JAX	0	0	0										0	0	1	0.0	1	5	2	28.6%
Player	Tm	Int	Tgt	Cmp	Cmp%	Yds	Yds/Cmp	Yds/Tgt	TD	Rat	DADOT	Air	YAC	Bltz	Hrry	QBKD	Sk	Prss	Comb	MTkl	MTkl%
Trayvon Mullen	OAK	0	12	5	41.7%	45	9.0	3.8	0	52.4	8.9	18	27	0	0	0	0.0	0	7	0	0.0%
William Compton	OAK	0	4	4	100.0%	26	6.5	6.5	0	93.7	1.8	7	19	5	0	0	0.0	0	9	1	10.0%
Nevin Lawson	OAK	0	2	2	100.0%	61	30.5	30.5	1	158.3	17.5	35	26	0	0	0	0.0	0	8	0	0.0%
Tahir Whitehead	OAK	0	3	2	66.7%	28	14.0	9.3	0	96.5	8.7	26	2	0	0	0	0.0	0	6	0	0.0%
Lamarcus Joyner	OAK	0	3	2	66.7%	25	12.5	8.3	1	131.9	7.3	8	17	2	0	0	0.0	0	1	0	0.0%
Nicholas Morrow	OAK	0	1	1	100.0%	4	4.0	4.0	0	83.3	-2.0	-2	6	4	0	1	0.0	1	0	1	100.0%
Dallin Leavitt	OAK	0	1	1	100.0%	12	12.0	12.0	0	116.7	12.0	12	0	1	0	0	0.0	0	2	1	33.3%
Dion Jordan	OAK	0	0	0										0	1	0	1.0	2	1	0	0.0%
Johnathan Hankins	OAK	0	0	0										0	0	1	0.0	1	3	1	25.0%
Benson Mayowa	OAK	0	0	0										0	0	1	0.0	1	1	0	0.0%
Maxx Crosby	OAK	0	0	0										0	0	0	1.0	1	1	1	50.0%
Curtis Riley	OAK	0	0	0										2	0	0	0.0	0	5	0	0.0%
Erik Harris	OAK	0	2	0	0.0%					39.6	14.0			4	0	0	0.0	0	1	0	0.0%
Clelin Ferrell	OAK	0	0	0										0	0	0	0.0	0	3	1	25.0%
Marquel Lee	OAK	0	0	0										1	0	0	0.0	0	1	0	0.0%"
