advanced_rushing = document.querySelectorAll("#rushing_advanced > tbody")[0].innerText;
advanced_receiving = document.querySelectorAll("#receiving_advanced > tbody")[0].innerText;
advanced_defense = document.querySelectorAll("#defense_advanced > tbody")[0].innerText;
advanced_passing = document.querySelectorAll("#passing_advanced > tbody")[0].innerText;
"Matt Ryan	ATL	25	39	210	14	34.1	213	5.5	82	3.3	2.1	128	5.1	2	5.1%	4	10.3%	2	5	2	5	4	7.0
Player	Tm	Cmp	Att	Yds	1D	1D%	IAY	IAY/PA	CAY	CAY/Cmp	CAY/PA	YAC	YAC/Cmp	Drops	Drop%	BadTh	Bad%	Sk	Bltz	Hrry	Hits	Scrm	Yds/Scr
Jimmy Garoppolo	SFO	22	34	200	10	28.6	135	4.0	52	2.4	1.5	148	6.7	2	6.1%	6	18.2%	1	10	5	2	1	3.0"
advanced_rushing
"Devonta Freeman	ATL	12	39	1	28	2.3	11	0.9	1	12.0
Matt Ryan	ATL	5	27	0	27	5.4	0	0.0	0	
Russell Gage	ATL	1	6	0	1	1.0	5	5.0	0	
Brian Hill	ATL	1	16	1	11	11.0	5	5.0	0	
Qadree Ollison	ATL	1	1	1	1	1.0	0	0.0	0	
Player	Tm	Att	Yds	1D	YBC	YBC/Att	YAC	YAC/Att	BrkTkl	Att/Br
Raheem Mostert	SFO	14	54	4	32	2.3	22	1.6	0	
Matt Breida	SFO	4	11	1	8	2.0	3	0.8	0	
Tevin Coleman	SFO	4	40	1	33	8.3	7	1.8	0	
Jimmy Garoppolo	SFO	2	6	1	6	3.0	0	0.0	0	
Kyle Juszczyk	SFO	2	1	1	-1	-0.5	2	1.0	0	
Deebo Samuel	SFO	1	8	0	6	6.0	2	2.0	1	1.0"
advanced_receiving
"Julio Jones	ATL	20	13	134	10	71	5.5	63	4.8	1	13.0	2	10.0
Russell Gage	ATL	6	5	27	2	8	1.6	19	3.8	0		0	0.0
Austin Hooper	ATL	6	3	20	1	-4	-1.3	24	8.0	0		0	0.0
Devonta Freeman	ATL	3	2	16	1	9	4.5	7	3.5	0		0	0.0
Kenjon Barner	ATL	2	1	4		-3	-3.0	7	7.0	0		0	0.0
Luke Stocker	ATL	1	1	9		1	1.0	8	8.0	0		0	0.0
Christian Blake	ATL	1	0	0		0		0		0		0	0.0
Player	Tm	Tgt	Rec	Yds	1D	YBC	YBC/R	YAC	YAC/R	BrkTkl	Rec/Br	Drop	Drop%
George Kittle	SFO	17	13	134	7	39	3.0	95	7.3	1	13.0	0	0.0
Matt Breida	SFO	2	2	6	0	-7	-3.5	13	6.5	1	2.0	0	0.0
Kyle Juszczyk	SFO	2	2	6	1	6	3.0	0	0.0	0		0	0.0
Emmanuel Sanders	SFO	4	2	9		3	1.5	6	3.0	0		0	0.0
Kendrick Bourne	SFO	2	1	11	1	7	7.0	4	4.0	0		0	0.0
Raheem Mostert	SFO	2	1	5	0	5	5.0	0	0.0	0		0	0.0
Deebo Samuel	SFO	3	1	29	1	-1	-1.0	30	30.0	0		1	33.3
Tevin Coleman	SFO	1	0	0	0	0		0		0		1	100.0"
advanced_defense
"Deion Jones	ATL	0	6	5	83.3%	39	7.8	6.5	1	133.3	0.7	10	29	1	0	1	0.0	1	9	1	10.0%
Isaiah Oliver	ATL	0	6	5	83.3%	28	5.6	4.7	0	86.1	1.8	1	27	0	0	0	0.0	0	9	2	18.2%
De'Vondre Campbell	ATL	0	5	4	80.0%	40	10.0	8.0	0	100.0	7.2	25	15	3	0	0	0.0	0	11	0	0.0%
Kendall Sheffield	ATL	0	5	3	60.0%	52	17.3	10.4	0	95.4	8.6	13	39	0	0	0	0.0	0	1	1	50.0%
Blidi Wreh-Wilson	ATL	0	7	2	28.6%	13	6.5	1.9	0	39.6	3.7	8	5	0	0	0	0.0	0	2	0	0.0%
Damontae Kazee	ATL	0	3	2	66.7%	19	9.5	6.3	0	84.0	6.3	4	15	1	0	0	0.0	0	7	1	12.5%
Foyesade Oluokun	ATL	0	2	2	100.0%	25	12.5	12.5	0	118.7	3.0	6	19	1	0	0	0.0	0	3	0	0.0%
Grady Jarrett	ATL	0	0	0										0	2	0	0.0	2	6	1	14.3%
Tyeler Davison	ATL	0	0	0										0	1	0	0.0	1	3	0	0.0%
Deadrin Senat	ATL	0	0	0										0	0	1	0.0	1	0	0	
Jacob Tuioti-Mariner	ATL	0	0	0										0	1	0	0.0	1	4	0	0.0%
Vic Beasley	ATL	0	0	0										7	0	0	1.0	1	5	1	16.7%
Ricardo Allen	ATL	0	1	0	0.0%					39.6	5.0			0	0	0	0.0	0	2	0	0.0%
Player	Tm	Int	Tgt	Cmp	Cmp%	Yds	Yds/Cmp	Yds/Tgt	TD	Rat	DADOT	Air	YAC	Bltz	Hrry	QBKD	Sk	Prss	Comb	MTkl	MTkl%
Ahkello Witherspoon	SFO	0	9	8	88.9%	59	7.4	6.6	0	94.0	3.4	29	30	1	0	0	0.0	0	4	1	20.0%
Emmanuel Moseley	SFO	0	11	4	36.4%	47	11.8	4.3	1	80.5	7.5	19	28	0	0	0	0.0	0	7	0	0.0%
D.J. Reed	SFO	0	4	3	75.0%	17	5.7	4.3	0	82.3	1.0	4	13	0	0	0	0.0	0	2	0	0.0%
Marcell Harris	SFO	0	6	3	50.0%	21	7.0	3.5	1	97.9	6.0	9	12	1	0	0	0.0	0	6	1	14.3%
Jimmie Ward	SFO	0	3	2	66.7%	40	20.0	13.3	0	109.7	12.0	17	23	0	0	0	0.0	0	2	0	0.0%
Fred Warner	SFO	0	4	2	50.0%	12	6.0	3.0	0	56.2	4.8	-1	13	3	0	0	0.0	0	9	1	10.0%
Jeremiah Valoaga	SFO	0	1	1	100.0%	9	9.0	9.0	0	104.2	1.0	1	8	0	0	0	0.0	0	1	0	0.0%
Dre Greenlaw	SFO	0	1	1	100.0%	5	5.0	5.0	0	87.5	4.0	4	1	0	0	0	0.0	0	6	0	0.0%
Nick Bosa	SFO	0	0	0										0	2	1	1.0	4	3	0	0.0%
Arik Armstead	SFO	0	0	0										0	1	3	0.0	4	3	0	0.0%
Solomon Thomas	SFO	0	0	0										0	0	1	0.0	1	1	0	0.0%
DeForest Buckner	SFO	0	0	0										0	1	0	0.0	1	1	1	50.0%
Sheldon Day	SFO	0	0	0										0	0	0	1.0	1	2	0	0.0%"
