advanced_rushing = document.querySelectorAll("#rushing_advanced > tbody")[0].innerText;
advanced_receiving = document.querySelectorAll("#receiving_advanced > tbody")[0].innerText;
advanced_defense = document.querySelectorAll("#defense_advanced > tbody")[0].innerText;
advanced_passing = document.querySelectorAll("#passing_advanced > tbody")[0].innerText;
"Andrew Luck	IND	19	32	222	14	43.8	328	10.3	174	9.2	5.4	48	2.5	1	3.3%	4	13.3%	0	10	3	0	5	6.4
Player	Tm	Cmp	Att	Yds	1D	1D%	IAY	IAY/PA	CAY	CAY/Cmp	CAY/PA	YAC	YAC/Cmp	Drops	Drop%	BadTh	Bad%	Sk	Bltz	Hrry	Hits	Scrm	Yds/Scr
Deshaun Watson	HOU	29	49	235	13	25.0	352	7.2	96	3.3	2.0	139	4.8	2	4.3%	10	21.3%	3	19	10	0	5	10.4"
advanced_rushing
"Marlon Mack	IND	24	148	8	99	4.1	49	2.0	0	
Andrew Luck	IND	8	29	1	29	3.6	0	0.0	0	
Jordan Wilkins	IND	2	9		3	1.5	6	3.0	0	
Zach Pascal	IND	1	14	1	12	12.0	2	2.0	0	
Player	Tm	Att	Yds	1D	YBC	YBC/Att	YAC	YAC/Att	BrkTkl	Att/Br
Deshaun Watson	HOU	8	76	4	60	7.5	16	2.0	1	8.0
Lamar Miller	HOU	5	18	2	13	2.6	5	1.0	1	5.0
Alfred Blue	HOU	2	8	1	6	3.0	2	1.0	0	
D'Onta Foreman	HOU	1	3		0	0.0	3	3.0	0	"
advanced_receiving
"T.Y. Hilton	IND	10	5	85	5	81	16.2	4	0.8	0		0	0.0
Dontrelle Inman	IND	4	4	53	3	44	11.0	9	2.3	0		0	0.0
Chester Rogers	IND	5	4	46	3	24	6.0	22	5.5	0		1	20.0
Eric Ebron	IND	6	3	26	3	18	6.0	8	2.7	0		0	0.0
Marlon Mack	IND	3	2	6	0	0	0.0	6	3.0	0		0	0.0
Zach Pascal	IND	3	1	6	0	7	7.0	-1	-1.0	0		0	0.0
Player	Tm	Tgt	Rec	Yds	1D	YBC	YBC/R	YAC	YAC/R	BrkTkl	Rec/Br	Drop	Drop%
Keke Coutee	HOU	14	11	110	6	61	5.5	49	4.5	0		1	7.1
Lamar Miller	HOU	10	8	63	2	6	0.8	57	7.1	0		0	0.0
DeAndre Hopkins	HOU	10	5	37	4	28	5.6	9	1.8	1	5.0	0	0.0
Jordan Akins	HOU	3	2	8	1	-1	-0.5	9	4.5	0		0	0.0
Alfred Blue	HOU	2	2	11	0	1	0.5	10	5.0	0		0	0.0
Ryan Griffin	HOU	5	1	6		1	1.0	5	5.0	0		0	0.0
D'Onta Foreman	HOU	1	0	0		0		0		0		1	100.0
Vyncint Smith	HOU	2	0	0		0		0		0		0	0.0"
advanced_defense
"Kenny Moore	IND	1	9	8	88.9%	74	9.3	8.2	1	98.4	9.2	28	46	16	1	0	1.0	2	6	0	0.0%
Darius Leonard	IND	0	12	8	66.7%	67	8.4	5.6	0	80.9	3.4	22	45	3	1	0	0.0	1	13	4	23.5%
Clayton Geathers	IND	0	8	6	75.0%	54	9.0	6.8	0	92.7	8.6	14	40	3	0	0	0.0	0	9	4	30.8%
Anthony Walker	IND	0	7	4	57.1%	22	5.5	3.1	0	62.8	8.7	20	2	4	1	0	0.0	1	6	1	14.3%
Pierre Desir	IND	0	6	3	50.0%	14	4.7	2.3	0	56.2	5.8	11	3	0	0	0	0.0	0	5	1	16.7%
Mike Mitchell	IND	0	2	1	50.0%	4	4.0	2.0	0	56.2	5.0	1	3	0	0	0	0.0	0	2	0	0.0%
Al-Quadin Muhammad	IND	0	0	0										0	2	0	1.0	3	2	1	33.3%
Jabaal Sheard	IND	0	1	0	0.0%					39.6	15.0			0	2	0	0.0	2	3	2	40.0%
Margus Hunt	IND	0	0	0										0	2	0	0.0	2	3	0	0.0%
Grover Stewart	IND	0	0	0										0	0	0	0.5	1	1	0	0.0%
Hassan Ridgeway	IND	0	0	0										0	0	0	0.5	1	2	0	0.0%
Kemoko Turay	IND	0	0	0										0	1	0	0.0	1	2	0	0.0%
Quincy Wilson	IND	0	1	0	0.0%					39.6	19.0			0	0	0	0.0	0	5	0	0.0%
Malik Hooker	IND	0	1	0	0.0%					39.6	-10.0			0	0	0	0.0	0	2	0	0.0%
Player	Tm	Int	Tgt	Cmp	Cmp%	Yds	Yds/Cmp	Yds/Tgt	TD	Rat	DADOT	Air	YAC	Bltz	Hrry	QBKD	Sk	Prss	Comb	MTkl	MTkl%
Kareem Jackson	HOU	0	8	6	75.0%	63	10.5	7.9	0	97.4	13.4	48	15	0	0	0	0.0	0	4	1	20.0%
Tyrann Mathieu	HOU	0	6	3	50.0%	31	10.3	5.2	1	104.9	8.8	23	8	1	0	0	0.0	0	8	1	11.1%
Johnathan Joseph	HOU	0	5	3	60.0%	19	6.3	3.8	0	67.9	7.4	17	2	2	0	0	0.0	0	6	0	0.0%
Benardrick McKinney	HOU	0	4	3	75.0%	44	14.7	11.0	0	110.4	7.5	37	7	7	0	0	0.0	0	9	1	10.0%
Shareece Wright	HOU	0	3	2	66.7%	22	11.0	7.3	1	127.8	9.7	21	1	0	0	0	0.0	0	0	0	
Jadeveon Clowney	HOU	0	1	1	100.0%	12	12.0	12.0	0	116.7	5.0	5	7	0	3	0	0.0	3	5	0	0.0%
Andre Hal	HOU	0	1	1	100.0%	16	16.0	16.0	0	118.7	10.0	10	6	0	0	0	0.0	0	2	1	33.3%
Justin Reid	HOU	0	2	1	50.0%	15	15.0	7.5	0	75.0	24.0	13	2	0	0	0	0.0	0	3	0	0.0%
Whitney Mercilus	HOU	0	0	0										9	1	0	0.0	1	1	0	0.0%
Zach Cunningham	HOU	0	1	0	0.0%					39.6	2.0			6	1	0	0.0	1	8	1	11.1%
D.J. Reader	HOU	0	0	0										0	1	0	0.0	1	6	0	0.0%
Duke Ejiofor	HOU	0	0	0										3	0	0	0.0	0	1	0	0.0%"
