advanced_rushing = document.querySelectorAll("#rushing_advanced > tbody")[0].innerText;
advanced_receiving = document.querySelectorAll("#receiving_advanced > tbody")[0].innerText;
advanced_defense = document.querySelectorAll("#defense_advanced > tbody")[0].innerText;
advanced_passing = document.querySelectorAll("#passing_advanced > tbody")[0].innerText;
"Blake Bortles	JAX	12	23	127	6	23.1	176	7.7	57	4.8	2.5	70	5.8	1	4.5%	6	27.3%	3	6	2	3	5	7.8
Player	Tm	Cmp	Att	Yds	1D	1D%	IAY	IAY/PA	CAY	CAY/Cmp	CAY/PA	YAC	YAC/Cmp	Drops	Drop%	BadTh	Bad%	Sk	Bltz	Hrry	Hits	Scrm	Yds/Scr
Josh Allen	BUF	8	19	160	5	26.3	336	17.7	82	10.3	4.3	78	9.8	1	5.9%	5	29.4%	0	5	5	6	7	11.0"
advanced_rushing
"Leonard Fournette	JAX	18	95	5	38	2.1	57	3.2	0	
Carlos Hyde	JAX	10	33	3	27	2.7	6	0.6	1	10.0
Blake Bortles	JAX	6	39	3	26	4.3	13	2.2	0	
T.J. Yeldon	JAX	3	16	1	1	0.3	15	5.0	1	3.0
Tommy Bohanon	JAX	1	0	0	0	0.0	0	0.0	0	
Dede Westbrook	JAX	1	43	1	43	43.0	0	0.0	0	
Player	Tm	Att	Yds	1D	YBC	YBC/Att	YAC	YAC/Att	BrkTkl	Att/Br
LeSean McCoy	BUF	17	46	4	23	1.4	23	1.4	0	
Josh Allen	BUF	13	99	4	60	4.6	39	3.0	0	
Chris Ivory	BUF	3	14		7	2.3	7	2.3	0	
Isaiah McKenzie	BUF	2	8	1	8	4.0	0	0.0	0	"
advanced_receiving
"Leonard Fournette	JAX	3	3	13	1	-12	-4.0	25	8.3	0		0	0.0
Dede Westbrook	JAX	4	3	44	2	33	11.0	11	3.7	0		0	0.0
Tommy Bohanon	JAX	2	2	19	1	5	2.5	14	7.0	0		0	0.0
T.J. Yeldon	JAX	4	2	17	1	3	1.5	14	7.0	0		0	0.0
Blake Bell	JAX	1	1	5		1	1.0	4	4.0	0		0	0.0
Donte Moncrief	JAX	4	1	29	1	27	27.0	2	2.0	0		0	0.0
Keelan Cole	JAX	2	0	0		0		0		0		0	0.0
James O'Shaughnessy	JAX	2	0	0		0		0		0		1	50.0
Player	Tm	Tgt	Rec	Yds	1D	YBC	YBC/R	YAC	YAC/R	BrkTkl	Rec/Br	Drop	Drop%
Jason Croom	BUF	3	2	16	1	9	4.5	7	3.5	1	2.0	1	33.3
Robert Foster	BUF	3	2	94	2	57	28.5	37	18.5	0		0	0.0
Isaiah McKenzie	BUF	3	2	11	1	2	1.0	9	4.5	1	2.0	0	0.0
Kelvin Benjamin	BUF	2	1	32	1	19	19.0	13	13.0	0		0	0.0
LeSean McCoy	BUF	1	1	7	0	-5	-5.0	12	12.0	0		0	0.0
Zay Jones	BUF	1	0	0		0		0		0		0	0.0
Deonte Thompson	BUF	3	0	0		0		0		0		0	0.0
Logan Thomas	BUF	1	0	0		0		0		0		0	0.0"
advanced_defense
"Myles Jack	JAX	0	1	1	100.0%	7	7.0	7.0	0	95.8	-5.0	-5	12	6	1	1	0.0	2	4	1	20.0%
Telvin Smith	JAX	0	2	1	50.0%	5	5.0	2.5	0	56.2	24.5	-3	8	2	0	1	0.0	1	10	0	0.0%
Tashaun Gipson	JAX	0	4	1	25.0%	16	16.0	4.0	0	43.7	13.8	9	7	0	0	0	0.0	0	3	2	40.0%
Barry Church	JAX	0	3	1	33.3%	94	94.0	31.3	1	121.5	26.0	57	37	0	0	0	0.0	0	3	0	0.0%
D.J. Hayden	JAX	0	1	1	100.0%	6	6.0	6.0	0	91.7	5.0	5	1	1	0	0	0.0	0	7	1	12.5%
Yannick Ngakoue	JAX	0	0	0										0	2	3	0.0	5	1	3	75.0%
Calais Campbell	JAX	0	0	0										0	2	1	0.0	3	4	3	42.9%
Jalen Ramsey	JAX	0	3	0	0.0%	32		10.7	0	71.5	23.3	19	13	0	0	0	0.0	0	4	0	0.0%
A.J. Bouye	JAX	0	3	0	0.0%					39.6	14.3			0	0	0	0.0	0	2	0	0.0%
Malik Jackson	JAX	0	0	0										0	0	0	0.0	0	3	1	25.0%
Abry Jones	JAX	0	0	0										0	0	0	0.0	0	3	1	25.0%
Player	Tm	Int	Tgt	Cmp	Cmp%	Yds	Yds/Cmp	Yds/Tgt	TD	Rat	DADOT	Air	YAC	Bltz	Hrry	QBKD	Sk	Prss	Comb	MTkl	MTkl%
Lorenzo Alexander	BUF	0	3	2	66.7%	24	12.0	8.0	0	91.0	-0.7	-2	26	0	0	0	1.0	1	8	0	0.0%
Taron Johnson	BUF	0	2	2	100.0%	16	8.0	8.0	0	100.0	3.0	6	10	1	1	0	0.0	1	5	2	28.6%
Tremaine Edmunds	BUF	0	5	2	40.0%	20	10.0	4.0	0	52.1	2.2	-3	23	1	0	1	0.0	1	8	2	20.0%
Levi Wallace	BUF	0	3	1	33.3%	29	29.0	9.7	0	70.1	9.0	27	2	0	0	0	0.0	0	5	1	16.7%
Micah Hyde	BUF	0	2	1	50.0%	13	13.0	6.5	1	110.4	28.5	13	0	0	0	0	0.0	0	3	0	0.0%
Tre'Davious White	BUF	0	4	1	25.0%	25	25.0	6.3	0	53.1	20.3	16	9	0	0	0	0.0	0	2	0	0.0%
Jordan Poyer	BUF	1	1	1	100.0%	25	25.0	25.0	0	79.2	16.0	16	9	2	0	0	0.0	0	10	1	9.1%
Jerry Hughes	BUF	0	0	0										0	0	1	0.5	2	2	1	33.3%
Kyle Williams	BUF	0	0	0										0	0	0	1.5	2	6	0	0.0%
Shaq Lawson	BUF	0	0	0										0	0	1	0.0	1	0	0	
Trent Murphy	BUF	0	0	0										0	1	0	0.0	1	1	2	66.7%
Matt Milano	BUF	1	4	0	0.0%					0.0	7.0			3	0	0	0.0	0	3	2	40.0%
Jordan Phillips	BUF	0	0	0										0	0	0	0.0	0	2	1	33.3%"
