advanced_rushing = document.querySelectorAll("#rushing_advanced > tbody")[0].innerText;
advanced_receiving = document.querySelectorAll("#receiving_advanced > tbody")[0].innerText;
advanced_defense = document.querySelectorAll("#defense_advanced > tbody")[0].innerText;
advanced_passing = document.querySelectorAll("#passing_advanced > tbody")[0].innerText;
"Russell Wilson	SEA	22	31	339	13	39.4	327	10.5	222	10.1	7.2	117	5.3	1	3.6%	3	10.7%	2	20	5	0	0	
Player	Tm	Cmp	Att	Yds	1D	1D%	IAY	IAY/PA	CAY	CAY/Cmp	CAY/PA	YAC	YAC/Cmp	Drops	Drop%	BadTh	Bad%	Sk	Bltz	Hrry	Hits	Scrm	Yds/Scr
Cam Newton	CAR	25	30	256	13	43.3	145	4.8	94	3.8	3.1	162	6.5	1	3.4%	1	3.4%	0	7	1	0	1	26.0"
advanced_rushing
"Chris Carson	SEA	16	55	6	5	0.3	50	3.1	2	8.0
Mike Davis	SEA	4	14		8	2.0	6	1.5	0	
Rashaad Penny	SEA	4	4		2	0.5	2	0.5	0	
Russell Wilson	SEA	3	4	1	4	1.3	0	0.0	0	
Tyler Lockett	SEA	1	-2	0	-2	-2.0	0	0.0	0	
Player	Tm	Att	Yds	1D	YBC	YBC/Att	YAC	YAC/Att	BrkTkl	Att/Br
Christian McCaffrey	CAR	17	125	5	102	6.0	23	1.4	0	
Cam Newton	CAR	8	63	4	47	5.9	16	2.0	0	
D.J. Moore	CAR	1	7	0	7	7.0	0	0.0	0	
Curtis Samuel	CAR	1	25	1	25	25.0	0	0.0	0	"
advanced_receiving
"Doug Baldwin	SEA	7	5	39	2	13	2.6	26	5.2	0		0	0.0
Tyler Lockett	SEA	5	5	107	5	73	14.6	34	6.8	0		0	0.0
David Moore	SEA	5	4	103	2	96	24.0	7	1.8	0		0	0.0
Chris Carson	SEA	2	2	8	0	0	0.0	8	4.0	0		0	0.0
Ed Dickson	SEA	2	2	13		7	3.5	6	3.0	0		0	0.0
Nick Vannett	SEA	2	2	22	2	5	2.5	17	8.5	0		0	0.0
Tre Madden	SEA	1	1	28	1	19	19.0	9	9.0	0		0	0.0
Malik Turner	SEA	2	1	19	1	9	9.0	10	10.0	0		0	0.0
Jaron Brown	SEA	1	0	0		0		0		0		0	0.0
Mike Davis	SEA	1	0	0		0		0		0		1	100.0
Player	Tm	Tgt	Rec	Yds	1D	YBC	YBC/R	YAC	YAC/R	BrkTkl	Rec/Br	Drop	Drop%
Christian McCaffrey	CAR	11	11	112	6	-10	-0.9	122	11.1	0		0	0.0
D.J. Moore	CAR	9	8	91	4	65	8.1	26	3.3	0		0	0.0
Greg Olsen	CAR	4	2	11		8	4.0	3	1.5	0		1	25.0
Curtis Samuel	CAR	2	2	17	2	16	8.0	1	0.5	0		0	0.0
Jarius Wright	CAR	2	2	25	1	15	7.5	10	5.0	0		0	0.0
Chris Manhertz	CAR	1	0	0		0		0		0		0	0.0"
advanced_defense
"Tre Flowers	SEA	0	5	5	100.0%	39	7.8	7.8	0	99.2	5.2	26	13	0	0	0	0.0	0	8	1	11.1%
Justin Coleman	SEA	0	5	5	100.0%	26	5.2	5.2	0	88.3	2.8	13	13	0	0	0	0.0	0	3	1	25.0%
Bobby Wagner	SEA	0	6	5	83.3%	70	14.0	11.7	0	115.3	9.3	33	37	4	0	0	0.0	0	13	0	0.0%
Bradley McDougald	SEA	1	5	4	80.0%	62	15.5	12.4	0	78.7	5.4	9	53	2	0	0	0.0	0	7	1	12.5%
Shaquill Griffin	SEA	0	2	2	100.0%	32	16.0	16.0	1	158.3	11.0	22	10	1	0	0	0.0	0	3	0	0.0%
Barkevious Mingo	SEA	0	3	2	66.7%	15	7.5	5.0	0	78.5	2.3	5	10	4	0	0	0.0	0	5	2	28.6%
Delano Hill	SEA	0	2	2	100.0%	2	1.0	1.0	0	79.2	0.5	1	1	0	0	0	0.0	0	3	0	0.0%
Tedric Thompson	SEA	0	1	1	100.0%	2	2.0	2.0	1	118.7	-4.0	-4	6	0	0	0	0.0	0	7	1	12.5%
Frank Clark	SEA	0	0	0										0	1	0	0.0	1	3	2	40.0%
Jarran Reed	SEA	0	0	0										0	0	0	0.0	0	3	1	25.0%
Player	Tm	Int	Tgt	Cmp	Cmp%	Yds	Yds/Cmp	Yds/Tgt	TD	Rat	DADOT	Air	YAC	Bltz	Hrry	QBKD	Sk	Prss	Comb	MTkl	MTkl%
Captain Munnerlyn	CAR	0	10	8	80.0%	127	15.9	12.7	0	118.7	13.6	71	56	3	1	0	0.0	1	5	1	16.7%
James Bradberry	CAR	0	3	3	100.0%	72	24.0	24.0	0	118.7	21.3	64	8	1	0	0	1.0	1	3	1	25.0%
Mike Adams	CAR	0	3	3	100.0%	45	15.0	15.0	1	158.3	12.0	36	9	2	0	0	0.0	0	5	0	0.0%
Thomas Davis	CAR	0	3	3	100.0%	12	4.0	4.0	0	83.3	1.3	4	8	8	0	0	0.0	0	7	1	12.5%
Corn Elder	CAR	0	4	3	75.0%	54	18.0	13.5	1	156.2	15.3	44	10	0	0	0	0.0	0	2	2	50.0%
Shaq Thompson	CAR	0	3	2	66.7%	7	3.5	2.3	0	70.1	3.0	-4	11	3	0	0	1.0	1	7	1	12.5%
Eric Reid	CAR	0	2	2	100.0%	67	33.5	33.5	0	118.7	25.5	51	16	2	0	0	0.0	0	8	1	11.1%
Luke Kuechly	CAR	0	1	1	100.0%	9	9.0	9.0	0	104.2	3.0	3	6	4	0	0	0.0	0	12	1	7.7%
Kawann Short	CAR	0	0	0										0	2	0	0.0	2	6	0	0.0%
Bryan Cox	CAR	0	0	0										0	1	0	0.0	1	1	1	50.0%
Julius Peppers	CAR	0	0	0										0	1	0	0.0	1	1	0	0.0%
Kyle Love	CAR	0	0	0										0	0	0	0.0	0	1	1	50.0%
Wes Horton	CAR	0	0	0										0	0	0	0.0	0	1	1	50.0%
Mario Addison	CAR	0	0	0										0	0	0	0.0	0	4	2	33.3%"
