advanced_rushing = document.querySelectorAll("#rushing_advanced > tbody")[0].innerText;
advanced_receiving = document.querySelectorAll("#receiving_advanced > tbody")[0].innerText;
advanced_defense = document.querySelectorAll("#defense_advanced > tbody")[0].innerText;
advanced_passing = document.querySelectorAll("#passing_advanced > tbody")[0].innerText;
"Ryan Tannehill	MIA	17	25	204	8	30.8	142	5.7	69	4.1	2.8	135	7.9	1	4.3%	2	8.7%	1	8	5	3	1	9.0
Player	Tm	Cmp	Att	Yds	1D	1D%	IAY	IAY/PA	CAY	CAY/Cmp	CAY/PA	YAC	YAC/Cmp	Drops	Drop%	BadTh	Bad%	Sk	Bltz	Hrry	Hits	Scrm	Yds/Scr
Andrew Luck	IND	30	37	343	16	42.1	296	8.0	137	4.6	3.7	206	6.9	2	5.4%	1	2.7%	1	11	5	1	1	4.0
Jacoby Brissett	IND	1	1	4	1	100.0	4	4.0	4	4.0	4.0	0	0.0	0	0.0%	0	0.0%	0	1	0	0	0	"
advanced_rushing
"Frank Gore	MIA	14	67	4	48	3.4	19	1.4	2	7.0
Kenyan Drake	MIA	8	32	1	28	3.5	4	0.5	2	4.0
Ryan Tannehill	MIA	3	14	0	14	4.7	0	0.0	0	
Player	Tm	Att	Yds	1D	YBC	YBC/Att	YAC	YAC/Att	BrkTkl	Att/Br
Marlon Mack	IND	15	85	3	65	4.3	20	1.3	0	
Nyheim Hines	IND	9	28	1	20	2.2	8	0.9	0	
Andrew Luck	IND	2	5	2	5	2.5	0	0.0	0	"
advanced_receiving
"Kenyan Drake	MIA	6	5	64	3	-8	-1.6	72	14.4	1	5.0	1	16.7
DeVante Parker	MIA	3	3	10	1	6	2.0	4	1.3	1	3.0	0	0.0
Kalen Ballage	MIA	2	2	-5		-11	-5.5	6	3.0	0		0	0.0
Durham Smythe	MIA	2	2	27	1	25	12.5	2	1.0	0		0	0.0
Leonte Carroo	MIA	2	1	74	1	39	39.0	35	35.0	0		0	0.0
Kenny Stills	MIA	4	1	6		3	3.0	3	3.0	0		0	0.0
Mike Gesicki	MIA	1	1	5		7	7.0	-2	-2.0	0		0	0.0
Frank Gore	MIA	2	1	10	1	0	0.0	10	10.0	0		0	0.0
Danny Amendola	MIA	1	1	13	1	8	8.0	5	5.0	0		0	0.0
Brice Butler	MIA	1	0	0		0		0		0		0	0.0
Player	Tm	Tgt	Rec	Yds	1D	YBC	YBC/R	YAC	YAC/R	BrkTkl	Rec/Br	Drop	Drop%
T.Y. Hilton	IND	10	7	125	6	40	5.7	85	12.1	0		0	0.0
Eric Ebron	IND	7	5	45	4	27	5.4	18	3.6	0		1	14.3
Jack Doyle	IND	4	4	16	1	11	2.8	5	1.3	0		0	0.0
Dontrelle Inman	IND	4	3	40	2	20	6.7	20	6.7	0		0	0.0
Chester Rogers	IND	4	3	49	1	38	12.7	11	3.7	0		1	25.0
Jordan Wilkins	IND	3	3	32	1	0	0.0	32	10.7	1	3.0	0	0.0
Nyheim Hines	IND	2	2	22	1	-3	-1.5	25	12.5	1	2.0	0	0.0
Marlon Mack	IND	2	2	11	0	1	0.5	10	5.0	0		0	0.0
Andrew Luck	IND	1	1	4	1	4	4.0	0	0.0	0		0	0.0
Ryan Grant	IND	1	1	3		3	3.0	0	0.0	0		0	0.0"
advanced_defense
"Raekwon McMillan	MIA	0	6	6	100.0%	57	9.5	9.5	2	145.8	3.5	21	36	0	0	0	0.0	0	7	0	0.0%
Jerome Baker	MIA	0	5	5	100.0%	71	14.2	14.2	0	118.7	1.2	6	65	2	0	0	0.0	0	3	2	40.0%
T.J. McDonald	MIA	0	5	5	100.0%	36	7.2	7.2	1	136.2	3.8	19	17	0	0	0	0.0	0	11	0	0.0%
Minkah Fitzpatrick	MIA	0	7	4	57.1%	68	17.0	9.7	0	90.2	11.6	37	31	1	0	0	0.0	0	3	1	25.0%
Reshad Jones	MIA	0	4	3	75.0%	51	17.0	12.8	0	116.7	16.8	38	13	0	0	0	0.0	0	8	0	0.0%
Bobby McCain	MIA	0	6	3	50.0%	61	20.3	10.2	0	86.1	11.7	41	20	2	0	0	0.0	0	2	1	33.3%
Xavien Howard	MIA	2	6	3	50.0%	22	7.3	3.7	0	19.4	17.5	19	3	0	0	0	0.0	0	5	0	0.0%
Kiko Alonso	MIA	0	2	2	100.0%	22	11.0	11.0	0	112.5	-1.5	-3	25	4	0	0	0.0	0	6	1	14.3%
Cameron Wake	MIA	0	0	0										0	2	1	1.0	4	1	0	0.0%
Andre Branch	MIA	0	0	0										3	2	0	0.0	2	2	0	0.0%
Akeem Spence	MIA	0	0	0										0	1	0	0.0	1	7	0	0.0%
Davon Godchaux	MIA	0	0	0										1	0	0	0.0	0	2	0	0.0%
Player	Tm	Int	Tgt	Cmp	Cmp%	Yds	Yds/Cmp	Yds/Tgt	TD	Rat	DADOT	Air	YAC	Bltz	Hrry	QBKD	Sk	Prss	Comb	MTkl	MTkl%
Clayton Geathers	IND	0	6	5	83.3%	43	8.6	7.2	0	96.5	4.2	24	19	2	0	1	0.0	1	6	1	14.3%
Pierre Desir	IND	0	5	4	80.0%	116	29.0	23.2	2	158.3	8.6	38	78	0	0	0	0.0	0	2	0	0.0%
Darius Leonard	IND	0	4	3	75.0%	23	7.7	5.8	0	88.5	2.8	6	17	1	1	0	1.0	2	10	0	0.0%
Anthony Walker	IND	0	3	2	66.7%	18	9.0	6.0	0	82.6	6.0	14	4	3	0	0	0.0	0	9	1	10.0%
Mike Mitchell	IND	0	2	2	100.0%	15	7.5	7.5	0	97.9	4.5	9	6	1	0	0	0.0	0	4	0	0.0%
Kenny Moore	IND	0	4	2	50.0%	8	4.0	2.0	0	56.2	4.0	-3	11	1	0	0	0.0	0	2	2	50.0%
Matthew Adams	IND	0	1	1	100.0%	13	13.0	13.0	0	118.7	8.0	8	5	2	0	1	0.0	1	3	0	0.0%
Quincy Wilson	IND	0	2	1	50.0%	1	1.0	0.5	0	56.2	20.0	1	0	0	0	0	0.0	0	1	0	0.0%
Tyquan Lewis	IND	0	0	0										0	2	0	0.0	2	0	0	
Al-Quadin Muhammad	IND	0	0	0										0	1	0	0.0	1	1	0	0.0%
Kemoko Turay	IND	0	0	0										0	1	0	0.0	1	0	0	
Denico Autry	IND	0	0	0										0	0	1	0.0	1	3	0	0.0%
Malik Hooker	IND	0	1	0	0.0%					39.6	39.0			0	0	0	0.0	0	2	2	50.0%
Jabaal Sheard	IND	0	0	0										0	0	0	0.0	0	2	1	33.3%"
