advanced_rushing = document.querySelectorAll("#rushing_advanced > tbody")[0].innerText;
advanced_receiving = document.querySelectorAll("#receiving_advanced > tbody")[0].innerText;
advanced_defense = document.querySelectorAll("#defense_advanced > tbody")[0].innerText;
advanced_passing = document.querySelectorAll("#passing_advanced > tbody")[0].innerText;
"Chase Daniel	CHI	27	37	230	12	29.3	286	7.7	152	5.6	4.1	78	2.9	1	2.7%	8	21.6%	4	7	1	3	1	2.0
Anthony Miller	CHI	1	1	8	1	100.0	-6	-6.0	-6	-6.0	-6.0	14	14.0	0	0.0%	0	0.0%	0	1	0	1	0	
Player	Tm	Cmp	Att	Yds	1D	1D%	IAY	IAY/PA	CAY	CAY/Cmp	CAY/PA	YAC	YAC/Cmp	Drops	Drop%	BadTh	Bad%	Sk	Bltz	Hrry	Hits	Scrm	Yds/Scr
Matthew Stafford	DET	28	38	236	12	30.0	146	3.8	82	2.9	2.2	154	5.5	2	5.4%	4	10.8%	2	18	4	2	0	"
advanced_rushing
"Jordan Howard	CHI	7	13	1	6	0.9	7	1.0	0	
Chase Daniel	CHI	4	4	1	4	1.0	0	0.0	0	
Tarik Cohen	CHI	3	14	1	8	2.7	6	2.0	0	
Taquan Mizzell	CHI	1	7	0	4	4.0	3	3.0	0	
Player	Tm	Att	Yds	1D	YBC	YBC/Att	YAC	YAC/Att	BrkTkl	Att/Br
LeGarrette Blount	DET	19	88	4	28	1.5	60	3.2	1	19.0
Theo Riddick	DET	2	12	0	7	3.5	5	2.5	0	
Zach Zenner	DET	2	9		8	4.0	1	0.5	0	
Bruce Ellington	DET	1	2	0	2	2.0	0	0.0	0	"
advanced_receiving
"Tarik Cohen	CHI	8	7	45	2	18	2.6	27	3.9	0		0	0.0
Taylor Gabriel	CHI	8	7	49	4	28	4.0	21	3.0	0		0	0.0
Trey Burton	CHI	7	4	28	2	27	6.8	1	0.3	0		1	14.3
Anthony Miller	CHI	4	3	41	1	23	7.7	18	6.0	0		0	0.0
Allen Robinson	CHI	4	2	37	1	35	17.5	2	1.0	0		0	0.0
Taquan Mizzell	CHI	3	2	21	2	15	7.5	6	3.0	0		0	0.0
Josh Bellamy	CHI	1	1	7		7	7.0	0	0.0	0		0	0.0
Chase Daniel	CHI	1	1	8	1	-6	-6.0	14	14.0	0		0	0.0
Jordan Howard	CHI	2	1	2	0	-1	-1.0	3	3.0	0		0	0.0
Player	Tm	Tgt	Rec	Yds	1D	YBC	YBC/R	YAC	YAC/R	BrkTkl	Rec/Br	Drop	Drop%
Theo Riddick	DET	7	7	48	2	3	0.4	45	6.4	0		0	0.0
Bruce Ellington	DET	7	6	28	2	17	2.8	11	1.8	0		0	0.0
Kenny Golladay	DET	8	5	90	5	38	7.6	52	10.4	0		1	12.5
Michael Roberts	DET	6	3	16		7	2.3	9	3.0	0		1	16.7
Nick Bellore	DET	2	2	12	1	8	4.0	4	2.0	0		0	0.0
T.J. Jones	DET	1	1	15		10	10.0	5	5.0	0		0	0.0
Andy Jones	DET	3	1	4	1	3	3.0	1	1.0	0		0	0.0
LeGarrette Blount	DET	1	1	15	1	1	1.0	14	14.0	0		0	0.0
Luke Willson	DET	1	1	4		0	0.0	4	4.0	0		0	0.0
Zach Zenner	DET	1	1	4		-5	-5.0	9	9.0	0		0	0.0"
advanced_defense
"Roquan Smith	CHI	0	7	6	85.7%	68	11.3	9.7	0	107.1	4.7	32	36	2	1	0	1.0	2	11	0	0.0%
Bryce Callahan	CHI	0	7	6	85.7%	47	7.8	6.7	0	94.6	1.0	7	40	2	1	0	0.0	1	4	3	42.9%
Kyle Fuller	CHI	1	9	6	66.7%	50	8.3	5.6	0	41.2	6.0	27	23	0	0	0	0.0	0	8	0	0.0%
Eddie Jackson	CHI	1	8	5	62.5%	62	12.4	7.8	0	46.9	3.4	13	49	0	0	0	0.0	0	3	2	40.0%
Adrian Amos	CHI	0	2	2	100.0%	10	5.0	5.0	0	87.5	3.5	7	3	2	1	0	0.0	1	4	1	20.0%
Prince Amukamara	CHI	0	3	2	66.7%	4	2.0	1.3	0	70.1	1.7	0	4	0	0	0	0.0	0	6	0	0.0%
Danny Trevathan	CHI	0	2	2	100.0%	0	0.0	0.0	0	79.2	-1.0	-2	2	3	0	0	0.0	0	8	0	0.0%
Khalil Mack	CHI	0	0	0										0	1	1	0.0	2	1	0	0.0%
Roy Robertson-Harris	CHI	0	0	0										0	0	1	0.0	1	1	0	0.0%
Deon Bush	CHI	0	0	0										0	0	0	1.0	1	1	0	0.0%
Leonard Floyd	CHI	0	0	0										1	0	0	0.0	0	2	0	0.0%
Jonathan Bullard	CHI	0	0	0										0	0	0	0.0	0	1	1	50.0%
Player	Tm	Int	Tgt	Cmp	Cmp%	Yds	Yds/Cmp	Yds/Tgt	TD	Rat	DADOT	Air	YAC	Bltz	Hrry	QBKD	Sk	Prss	Comb	MTkl	MTkl%
Mike Ford	DET	0	7	6	85.7%	42	7.0	6.0	0	91.7	7.6	30	12	0	0	0	0.0	0	6	0	0.0%
Darius Slay	DET	0	7	5	71.4%	50	10.0	7.1	0	91.4	12.0	29	21	0	0	0	0.0	0	4	1	20.0%
Quandre Diggs	DET	0	7	4	57.1%	34	8.5	4.9	1	109.5	7.4	26	8	0	0	0	0.0	0	5	0	0.0%
Nevin Lawson	DET	0	6	4	66.7%	52	13.0	8.7	1	133.3	8.3	29	23	2	0	0	0.0	0	4	0	0.0%
Glover Quin	DET	0	4	3	75.0%	31	10.3	7.8	0	96.9	9.8	31	0	1	0	0	1.0	1	7	0	0.0%
Devon Kennard	DET	0	2	2	100.0%	4	2.0	2.0	0	79.2	-1.5	-3	7	2	0	1	0.0	1	4	0	0.0%
Christian Jones	DET	0	2	2	100.0%	23	11.5	11.5	1	154.2	11.5	23	0	0	0	0	0.0	0	6	0	0.0%
Jarrad Davis	DET	0	4	2	50.0%	15	7.5	3.8	0	59.4	1.5	5	10	2	0	0	0.0	0	3	0	0.0%
DeShawn Shead	DET	0	1	1	100.0%	2	2.0	2.0	0	79.2	5.0	5	-3	0	0	0	0.0	0	3	0	0.0%
Damon Harrison	DET	0	0	0										0	0	1	1.5	3	3	0	0.0%
Ezekiel Ansah	DET	0	0	0										0	1	1	1.0	3	3	0	0.0%
Romeo Okwara	DET	0	0	0										0	0	1	0.5	2	4	0	0.0%"
