advanced_rushing = document.querySelectorAll("#rushing_advanced > tbody")[0].innerText;
advanced_receiving = document.querySelectorAll("#receiving_advanced > tbody")[0].innerText;
advanced_defense = document.querySelectorAll("#defense_advanced > tbody")[0].innerText;
advanced_passing = document.querySelectorAll("#passing_advanced > tbody")[0].innerText;
"Matt Ryan	ATL	35	47	377	18	34.0	407	8.7	240	6.9	5.1	137	3.9	1	2.2%	6	13.0%	6	14	1	8	2	8.0
Player	Tm	Cmp	Att	Yds	1D	1D%	IAY	IAY/PA	CAY	CAY/Cmp	CAY/PA	YAC	YAC/Cmp	Drops	Drop%	BadTh	Bad%	Sk	Bltz	Hrry	Hits	Scrm	Yds/Scr
Drew Brees	NOR	15	22	171	9	39.1	276	12.5	139	9.3	6.3	32	2.1	1	4.5%	3	13.6%	1	1	0	0	0	"
advanced_rushing
"Tevin Coleman	ATL	8	6	0	6	0.8	0	0.0	0	
Ito Smith	ATL	4	0	0	0	0.0	0	0.0	0	
Matt Ryan	ATL	2	16	1	16	8.0	0	0.0	0	
Julio Jones	ATL	1	1	0	1	1.0	0	0.0	0	
Mohamed Sanu	ATL	1	3	1	3	3.0	0	0.0	0	
Player	Tm	Att	Yds	1D	YBC	YBC/Att	YAC	YAC/Att	BrkTkl	Att/Br
Alvin Kamara	NOR	14	89	6	61	4.4	28	2.0	3	4.7
Mark Ingram	NOR	11	52	2	32	2.9	20	1.8	1	11.0
Drew Brees	NOR	4	-4	0	-4	-1.0	0	0.0	0	
Taysom Hill	NOR	2	13	1	2	1.0	11	5.5	0	"
advanced_receiving
"Julio Jones	ATL	14	11	147	7	120	10.9	27	2.5	0		0	0.0
Calvin Ridley	ATL	13	8	93	3	47	5.9	46	5.8	0		1	7.7
Austin Hooper	ATL	5	5	31	2	19	3.8	12	2.4	0		0	0.0
Mohamed Sanu	ATL	4	4	74	2	64	16.0	10	2.5	0		0	0.0
Tevin Coleman	ATL	4	3	17	2	0	0.0	17	5.7	0		0	0.0
Ito Smith	ATL	2	2	7	1	-5	-2.5	12	6.0	1	2.0	0	0.0
Justin Hardy	ATL	2	1	6		-5	-5.0	11	11.0	0		0	0.0
Logan Paulsen	ATL	1	1	2		0	0.0	2	2.0	0		0	0.0
Marvin Hall	ATL	2	0	0		0		0		0		0	0.0
Player	Tm	Tgt	Rec	Yds	1D	YBC	YBC/R	YAC	YAC/R	BrkTkl	Rec/Br	Drop	Drop%
Dan Arnold	NOR	6	4	45	2	36	9.0	9	2.3	0		0	0.0
Michael Thomas	NOR	6	4	38	1	33	8.3	5	1.3	0		0	0.0
Mark Ingram	NOR	2	2	14	0	6	3.0	8	4.0	0		0	0.0
Alvin Kamara	NOR	1	1	9	1	4	4.0	5	5.0	0		0	0.0
Ben Watson	NOR	2	1	20	1	16	16.0	4	4.0	0		1	50.0
Tommylee Lewis	NOR	1	1	28	1	27	27.0	1	1.0	0		0	0.0
Keith Kirkwood	NOR	3	1	5	1	5	5.0	0	0.0	0		0	0.0
Austin Carr	NOR	1	1	12	1	12	12.0	0	0.0	0		0	0.0"
advanced_defense
"Robert Alford	ATL	0	2	2	100.0%	18	9.0	9.0	0	104.2	8.0	16	2	0	0	0	0.0	0	2	1	33.3%
Damontae Kazee	ATL	1	5	2	40.0%	45	22.5	9.0	3	72.9	17.8	44	1	0	0	0	0.0	0	5	0	0.0%
Duke Riley	ATL	0	1	1	100.0%	8	8.0	8.0	0	100.0	5.0	5	3	0	0	0	0.0	0	3	0	0.0%
Foyesade Oluokun	ATL	0	1	1	100.0%	6	6.0	6.0	0	91.7	2.0	2	4	0	0	0	0.0	0	10	1	9.1%
Brooks Reed	ATL	0	2	1	50.0%	29	29.0	14.5	0	95.8	8.5	17	12	0	0	0	0.0	0	4	0	0.0%
Brian Poole	ATL	0	2	1	50.0%	6	6.0	3.0	0	56.2	12.5	5	1	0	0	0	0.0	0	1	1	50.0%
Isaiah Oliver	ATL	0	1	1	100.0%	9	9.0	9.0	0	104.2	4.0	4	5	0	0	0	0.0	0	1	0	0.0%
Desmond Trufant	ATL	0	3	1	33.3%	12	12.0	4.0	0	46.5	15.7	12	0	0	0	0	0.0	0	3	0	0.0%
Jack Crawford	ATL	0	0	0										0	0	0	1.0	1	3	0	0.0%
Terrell McClain	ATL	0	0	0										0	0	0	1.0	1	2	0	0.0%
De'Vondre Campbell	ATL	0	0	0										1	0	0	0.0	0	8	0	0.0%
Sharrod Neasman	ATL	0	2	0	0.0%	25		12.5	1	118.7	13.5	25	0	0	0	0	0.0	0	2	1	33.3%
Vic Beasley	ATL	0	0	0										0	0	0	0.0	0	1	2	66.7%
Bruce Carter	ATL	0	1	0	0.0%	5		5.0	0	47.9	5.0	5	0	0	0	0	0.0	0	1	0	0.0%
Jordan Richards	ATL	0	3	0	0.0%	8		2.7	0	39.6	19.7	4	4	0	0	0	0.0	0	2	0	0.0%
Player	Tm	Int	Tgt	Cmp	Cmp%	Yds	Yds/Cmp	Yds/Tgt	TD	Rat	DADOT	Air	YAC	Bltz	Hrry	QBKD	Sk	Prss	Comb	MTkl	MTkl%
Demario Davis	NOR	0	7	4	57.1%	27	6.8	3.9	0	65.8	0.0	3	24	8	0	4	1.0	5	6	1	14.3%
Vonn Bell	NOR	0	6	4	66.7%	44	11.0	7.3	1	127.8	5.2	31	13	3	0	1	0.0	1	7	0	0.0%
P.J. Williams	NOR	0	8	4	50.0%	83	20.8	10.4	1	126.6	5.5	39	44	4	0	0	1.0	1	6	1	14.3%
Marshon Lattimore	NOR	0	9	4	44.4%	79	19.8	8.8	0	75.7	19.8	60	19	0	0	0	0.0	0	5	0	0.0%
Eli Apple	NOR	0	12	4	33.3%	119	29.8	9.9	0	71.2	10.4	89	30	0	0	0	0.0	0	10	1	9.1%
Marcus Williams	NOR	0	6	2	33.3%	56	28.0	9.3	1	108.3	13.3	48	8	1	0	0	1.0	1	5	0	0.0%
Alex Anzalone	NOR	0	2	2	100.0%	28	14.0	14.0	0	118.7	12.5	25	3	3	0	0	0.0	0	6	0	0.0%
Cameron Jordan	NOR	0	0	0										0	0	1	2.0	3	4	0	0.0%
A.J. Klein	NOR	1	0	0										3	1	0	0.0	1	4	0	0.0%
Sheldon Rankins	NOR	0	0	0										0	0	0	1.0	1	2	0	0.0%
Marcus Davenport	NOR	0	0	0										0	0	1	0.0	1	1	0	0.0%
Alex Okafor	NOR	0	1	0	0.0%	8		8.0	0	60.4	3.0	3	5	0	0	1	0.0	1	2	0	0.0%
Josh Robinson	NOR	0	1	0	0.0%					39.6	5.0			0	0	0	0.0	0	1	0	0.0%
Kurt Coleman	NOR	0	0	0										1	0	0	0.0	0	2	0	0.0%"
