advanced_rushing = document.querySelectorAll("#rushing_advanced > tbody")[0].innerText;
advanced_receiving = document.querySelectorAll("#receiving_advanced > tbody")[0].innerText;
advanced_defense = document.querySelectorAll("#defense_advanced > tbody")[0].innerText;
advanced_passing = document.querySelectorAll("#passing_advanced > tbody")[0].innerText;
"Eli Manning	NYG	26	37	297	14	35.9	337	9.1	164	6.3	4.4	133	5.1	2	5.4%	8	21.6%	2	2	4	2	0	
Player	Tm	Cmp	Att	Yds	1D	1D%	IAY	IAY/PA	CAY	CAY/Cmp	CAY/PA	YAC	YAC/Cmp	Drops	Drop%	BadTh	Bad%	Sk	Bltz	Hrry	Hits	Scrm	Yds/Scr
Carson Wentz	PHI	20	28	236	11	35.5	154	5.5	111	5.6	4.0	125	6.3	3	10.7%	2	7.1%	3	9	3	3	0	"
advanced_rushing
"Saquon Barkley	NYG	13	101	2	11	0.8	90	6.9	5	2.6
Wayne Gallman	NYG	5	25	2	6	1.2	19	3.8	2	2.5
Player	Tm	Att	Yds	1D	YBC	YBC/Att	YAC	YAC/Att	BrkTkl	Att/Br
Josh Adams	PHI	22	84	5	25	1.1	59	2.7	2	11.0
Corey Clement	PHI	5	45	1	9	1.8	36	7.2	0	
Carson Wentz	PHI	2	-2	0	-2	-1.0	0	0.0	0	"
advanced_receiving
"Saquon Barkley	NYG	8	7	41	2	6	0.9	35	5.0	0		0	0.0
Odell Beckham	NYG	9	5	85	3	59	11.8	26	5.2	1	5.0	0	0.0
Sterling Shepard	NYG	6	4	37	2	17	4.3	20	5.0	0		0	0.0
Rhett Ellison	NYG	6	4	77	4	42	10.5	35	8.8	0		1	16.7
Bennie Fowler	NYG	3	2	23	2	16	8.0	7	3.5	1	2.0	0	0.0
Wayne Gallman	NYG	2	2	-2	0	-9	-4.5	7	3.5	0		0	0.0
Russell Shepard	NYG	1	1	29	1	28	28.0	1	1.0	0		0	0.0
Elijhaa Penny	NYG	1	1	7		5	5.0	2	2.0	0		0	0.0
Corey Coleman	NYG	1	0	0		0		0		0		1	100.0
Player	Tm	Tgt	Rec	Yds	1D	YBC	YBC/R	YAC	YAC/R	BrkTkl	Rec/Br	Drop	Drop%
Zach Ertz	PHI	8	7	91	5	64	9.1	27	3.9	1	7.0	0	0.0
Golden Tate	PHI	8	4	30	1	21	5.3	9	2.3	1	4.0	2	25.0
Alshon Jeffery	PHI	3	3	39	2	18	6.0	21	7.0	0		0	0.0
Dallas Goedert	PHI	4	3	33	1	4	1.3	29	9.7	1	3.0	0	0.0
Corey Clement	PHI	2	2	31	1	-4	-2.0	35	17.5	2	1.0	0	0.0
Nelson Agholor	PHI	1	1	12	1	8	8.0	4	4.0	0		0	0.0
Jordan Matthews	PHI	1	0	0		0		0		0		0	0.0
Josh Adams	PHI	1	0	0	0	0		0		0		1	100.0"
advanced_defense
"Landon Collins	NYG	0	5	5	100.0%	53	10.6	10.6	0	110.8	1.6	8	45	5	0	1	0.0	1	9	2	18.2%
Tae Davis	NYG	0	3	3	100.0%	36	12.0	12.0	0	116.7	0.7	2	34	0	0	0	1.0	1	3	1	25.0%
Curtis Riley	NYG	0	3	3	100.0%	46	15.3	15.3	0	118.7	11.3	34	12	0	0	0	0.0	0	6	1	14.3%
Grant Haley	NYG	0	6	3	50.0%	27	9.0	4.5	0	62.5	8.5	22	5	0	0	0	0.0	0	3	0	0.0%
Janoris Jenkins	NYG	0	2	2	100.0%	28	14.0	14.0	0	118.7	6.0	12	16	1	0	0	0.0	0	3	2	40.0%
Alec Ogletree	NYG	0	2	1	50.0%	15	15.0	7.5	1	114.6	5.0	8	7	5	0	0	1.0	1	4	4	50.0%
B.W. Webb	NYG	0	5	1	20.0%	11	11.0	2.2	0	39.6	3.6	6	5	1	0	0	0.0	0	3	1	25.0%
Michael Thomas	NYG	0	1	1	100.0%	10	10.0	10.0	0	108.3	9.0	9	1	0	0	0	0.0	0	5	0	0.0%
Sean Chandler	NYG	0	1	1	100.0%	10	10.0	10.0	0	108.3	10.0	10	0	0	0	0	0.0	0	2	0	0.0%
Olivier Vernon	NYG	0	0	0										0	1	2	0.0	3	2	0	0.0%
Mario Edwards	NYG	0	0	0										0	1	0	1.0	2	1	0	0.0%
Lorenzo Carter	NYG	0	0	0										0	1	0	0.0	1	2	0	0.0%
B.J. Hill	NYG	0	0	0										0	0	0	0.0	0	3	1	25.0%
Player	Tm	Int	Tgt	Cmp	Cmp%	Yds	Yds/Cmp	Yds/Tgt	TD	Rat	DADOT	Air	YAC	Bltz	Hrry	QBKD	Sk	Prss	Comb	MTkl	MTkl%
De'Vante Bausby	PHI	0	7	5	71.4%	79	15.8	11.3	0	108.6	15.1	58	21	0	0	0	0.0	0	7	2	22.2%
Nigel Bradham	PHI	0	6	4	66.7%	52	13.0	8.7	0	93.7	8.2	21	31	1	0	0	0.0	0	7	0	0.0%
Kamu Grugier-Hill	PHI	0	5	3	60.0%	8	2.7	1.6	0	64.6	6.4	8	0	0	0	0	0.0	0	7	0	0.0%
Nathan Gerry	PHI	0	3	3	100.0%	49	16.3	16.3	1	158.3	11.0	33	16	0	0	0	0.0	0	6	1	14.3%
Chandon Sullivan	PHI	0	4	3	75.0%	48	16.0	12.0	0	114.6	8.5	30	18	0	0	0	0.0	0	3	3	50.0%
Malcolm Jenkins	PHI	1	7	3	42.9%	21	7.0	3.0	0	10.7	7.7	-7	28	1	0	0	0.0	0	6	1	14.3%
Corey Graham	PHI	0	3	3	100.0%	33	11.0	11.0	0	112.5	8.0	24	9	1	0	0	0.0	0	8	0	0.0%
Tre Sullivan	PHI	0	3	2	66.7%	16	8.0	5.3	0	79.9	9.0	2	14	0	0	0	0.0	0	1	0	0.0%
Cre'von LeBlanc	PHI	0	5	2	40.0%	48	24.0	9.6	0	75.4	15.8	39	9	0	0	0	0.0	0	1	1	50.0%
Chris Long	PHI	0	0	0										0	3	0	1.0	4	1	0	0.0%
Fletcher Cox	PHI	0	0	0										0	0	2	0.0	2	2	0	0.0%
Michael Bennett	PHI	0	0	0										0	1	0	1.0	2	1	0	0.0%"
