advanced_rushing = document.querySelectorAll("#rushing_advanced > tbody")[0].innerText;
advanced_receiving = document.querySelectorAll("#receiving_advanced > tbody")[0].innerText;
advanced_defense = document.querySelectorAll("#defense_advanced > tbody")[0].innerText;
advanced_passing = document.querySelectorAll("#passing_advanced > tbody")[0].innerText;
"Josh Rosen	ARI	12	19	105	4	19.0	137	7.2	29	2.4	1.5	76	6.3	2	11.8%	0	0.0%	2	2	2	0	0	
Player	Tm	Cmp	Att	Yds	1D	1D%	IAY	IAY/PA	CAY	CAY/Cmp	CAY/PA	YAC	YAC/Cmp	Drops	Drop%	BadTh	Bad%	Sk	Bltz	Hrry	Hits	Scrm	Yds/Scr
Philip Rivers	LAC	28	29	259	17	51.5	119	4.1	117	4.2	4.0	142	5.1	0	0.0%	1	3.4%	4	9	0	1	1	3.0
Geno Smith	LAC	0	3	0			14	4.7	0		0.0	0		0	0.0%	0	0.0%	0	1	2	2	1	9.0"
advanced_rushing
"David Johnson	ARI	17	63	5	37	2.2	26	1.5	1	17.0
Chase Edmonds	ARI	5	0		-5	-1.0	5	1.0	1	5.0
Josh Rosen	ARI	2	-1	0	-1	-0.5	0	0.0	0	
Player	Tm	Att	Yds	1D	YBC	YBC/Att	YAC	YAC/Att	BrkTkl	Att/Br
Melvin Gordon	LAC	10	61	5	13	1.3	48	4.8	2	5.0
Justin Jackson	LAC	7	57	3	33	4.7	24	3.4	1	7.0
Austin Ekeler	LAC	5	35	2	15	3.0	20	4.0	0	
Detrez Newsome	LAC	4	15	1	7	1.8	8	2.0	0	
Geno Smith	LAC	3	7		7	2.3	0	0.0	0	
Philip Rivers	LAC	1	3	0	1	1.0	2	2.0	0	"
advanced_receiving
"Christian Kirk	ARI	6	4	41	1	24	6.0	17	4.3	0		1	16.7
Larry Fitzgerald	ARI	2	2	30	1	15	7.5	15	7.5	0		0	0.0
David Johnson	ARI	3	2	16	1	-5	-2.5	21	10.5	0		1	33.3
Trent Sherfield	ARI	1	1	6		5	5.0	1	1.0	0		0	0.0
Ricky Seals-Jones	ARI	2	1	5	1	0	0.0	5	5.0	0		0	0.0
T.J. Logan	ARI	1	1	5		-5	-5.0	10	10.0	0		0	0.0
Jermaine Gresham	ARI	1	1	2		-5	-5.0	7	7.0	0		0	0.0
Derrick Coleman	ARI	1	0	0		0		0		0		0	0.0
Player	Tm	Tgt	Rec	Yds	1D	YBC	YBC/R	YAC	YAC/R	BrkTkl	Rec/Br	Drop	Drop%
Austin Ekeler	LAC	11	10	68	4	-7	-0.7	75	7.5	0		0	0.0
Keenan Allen	LAC	7	7	72	5	44	6.3	28	4.0	0		0	0.0
Mike Williams	LAC	4	4	25	3	22	5.5	3	0.8	0		0	0.0
Travis Benjamin	LAC	3	3	47	3	41	13.7	6	2.0	0		0	0.0
Melvin Gordon	LAC	2	2	5	0	-12	-6.0	17	8.5	0		0	0.0
Antonio Gates	LAC	1	1	18	1	5	5.0	13	13.0	1	1.0	0	0.0
Sean Culkin	LAC	1	1	24	1	24	24.0	0	0.0	0		0	0.0
Virgil Green	LAC	1	0	0		0		0		0		0	0.0
Geremy Davis	LAC	1	0	0		0		0		0		0	0.0"
advanced_defense
"Leonard Johnson	ARI	0	8	8	100.0%	97	12.1	12.1	0	117.2	7.1	57	40	4	1	0	0.0	1	7	2	22.2%
Haason Reddick	ARI	0	8	6	75.0%	38	6.3	4.8	0	84.4	0.5	-3	41	2	0	0	0.0	0	8	3	27.3%
Gerald Hodges	ARI	0	6	5	83.3%	47	9.4	7.8	0	99.3	1.2	5	42	3	0	0	0.0	0	10	1	9.1%
Tre Boston	ARI	0	3	3	100.0%	35	11.7	11.7	1	154.9	7.3	22	13	2	0	0	0.0	0	4	1	20.0%
Patrick Peterson	ARI	0	3	3	100.0%	31	10.3	10.3	0	109.7	4.7	14	17	0	0	0	0.0	0	3	2	40.0%
David Amerson	ARI	0	2	2	100.0%	18	9.0	9.0	1	143.7	8.5	17	1	0	0	0	0.0	0	3	0	0.0%
Josh Bynes	ARI	0	2	2	100.0%	4	2.0	2.0	0	79.2	-3.5	-7	11	2	0	0	0.0	0	3	1	25.0%
Bene Benwikere	ARI	0	2	2	100.0%	27	13.5	13.5	1	158.3	7.0	14	13	0	0	0	0.0	0	1	1	50.0%
Antoine Bethea	ARI	0	3	1	33.3%	24	24.0	8.0	0	63.2	10.3	24	0	1	0	0	0.0	0	7	2	22.2%
Robert Nkemdiche	ARI	0	0	0										0	0	0	2.5	3	7	0	0.0%
Chandler Jones	ARI	0	0	0										0	0	1	0.5	2	3	1	25.0%
Benson Mayowa	ARI	0	0	0										0	0	2	0.0	2	0	1	100.0%
Corey Peters	ARI	0	0	0										0	1	0	0.0	1	1	0	0.0%
Rodney Gunter	ARI	0	0	0										0	0	0	1.0	1	3	1	25.0%
Olsen Pierre	ARI	0	0	0										0	1	0	0.0	1	1	0	0.0%
Player	Tm	Int	Tgt	Cmp	Cmp%	Yds	Yds/Cmp	Yds/Tgt	TD	Rat	DADOT	Air	YAC	Bltz	Hrry	QBKD	Sk	Prss	Comb	MTkl	MTkl%
Michael Davis	LAC	0	4	4	100.0%	42	10.5	10.5	1	150.0	5.0	20	22	0	0	0	0.0	0	4	1	20.0%
Derwin James	LAC	1	4	3	75.0%	24	8.0	6.0	0	50.0	6.0	12	12	2	0	0	0.0	0	7	1	12.5%
Desmond King	LAC	0	3	3	100.0%	20	6.7	6.7	0	94.4	-1.3	-4	24	0	0	0	0.0	0	1	0	0.0%
Jatavis Brown	LAC	0	3	2	66.7%	16	8.0	5.3	0	79.9	-1.0	-5	21	0	0	0	0.0	0	7	0	0.0%
Hayes Pullard	LAC	0	1	1	100.0%	5	5.0	5.0	0	87.5	-5.0	-5	10	0	0	0	0.0	0	1	0	0.0%
Casey Hayward	LAC	0	4	1	25.0%	9	9.0	2.3	0	39.6	16.3	9	0	0	0	0	0.0	0	3	0	0.0%
Joey Bosa	LAC	0	0	0										0	1	0	2.0	3	5	0	0.0%
Melvin Ingram	LAC	0	0	0										1	1	0	0.0	1	2	0	0.0%
Jahleel Addae	LAC	0	0	0										0	0	0	0.0	0	2	1	33.3%
Uchenna Nwosu	LAC	0	1	0	0.0%					39.6	17.0			0	0	0	0.0	0	2	0	0.0%
Tre'von Johnson	LAC	0	0	0										0	0	0	0.0	0	3	1	25.0%"
