advanced_rushing = document.querySelectorAll("#rushing_advanced > tbody")[0].innerText;
advanced_receiving = document.querySelectorAll("#receiving_advanced > tbody")[0].innerText;
advanced_defense = document.querySelectorAll("#defense_advanced > tbody")[0].innerText;
advanced_passing = document.querySelectorAll("#passing_advanced > tbody")[0].innerText;
"Gardner Minshew	JAX	13	31	181	8	23.5	239	7.7	90	6.9	2.9	91	7.0	0	0.0%	12	40.0%	3	9	3	1	6	6.2
Logan Cooke	JAX	1	1	7	1	100.0	2	2.0	2	2.0	2.0	5	5.0	0	0.0%	0	0.0%	0	0	0	0	0	
Player	Tm	Cmp	Att	Yds	1D	1D%	IAY	IAY/PA	CAY	CAY/Cmp	CAY/PA	YAC	YAC/Cmp	Drops	Drop%	BadTh	Bad%	Sk	Bltz	Hrry	Hits	Scrm	Yds/Scr
Matt Ryan	ATL	32	45	384	20	43.5	391	8.7	262	8.2	5.8	122	3.8	2	4.7%	4	9.3%	1	9	2	4	1	9.0"
advanced_rushing
"Leonard Fournette	JAX	15	71	3	24	1.6	47	3.1	0	
Gardner Minshew	JAX	7	36	2	35	5.0	1	0.1	0	
Ryquell Armstead	JAX	1	2		0	0.0	2	2.0	0	
Keelan Cole	JAX	1	6	0	1	1.0	5	5.0	0	
Player	Tm	Att	Yds	1D	YBC	YBC/Att	YAC	YAC/Att	BrkTkl	Att/Br
Devonta Freeman	ATL	13	53	2	41	3.2	12	0.9	0	
Brian Hill	ATL	7	66	4	33	4.7	33	4.7	0	
Matt Ryan	ATL	4	6	1	6	1.5	0	0.0	0	
Russell Gage	ATL	2	7	0	3	1.5	4	2.0	0	
Qadree Ollison	ATL	1	3	1	3	3.0	0	0.0	0	"
advanced_receiving
"Seth Devalve	JAX	6	3	45	2	12	4.0	33	11.0	0		0	0.0
Leonard Fournette	JAX	6	3	34	1	-10	-3.3	44	14.7	2	1.5	0	0.0
DJ Chark	JAX	7	2	18	1	12	6.0	6	3.0	0		0	0.0
Chris Conley	JAX	5	2	56	2	49	24.5	7	3.5	0		0	0.0
Dede Westbrook	JAX	4	2	5	1	5	2.5	0	0.0	0		0	0.0
Keelan Cole	JAX	2	1	23	1	22	22.0	1	1.0	0		0	0.0
Cody Davis	JAX	1	1	7	1	2	2.0	5	5.0	0		0	0.0
Player	Tm	Tgt	Rec	Yds	1D	YBC	YBC/R	YAC	YAC/R	BrkTkl	Rec/Br	Drop	Drop%
Julio Jones	ATL	15	10	166	9	127	12.7	39	3.9	1	10.0	1	6.7
Devonta Freeman	ATL	10	9	74	5	28	3.1	46	5.1	0		0	0.0
Austin Hooper	ATL	9	7	82	3	65	9.3	17	2.4	0		1	11.1
Russell Gage	ATL	6	5	49	2	42	8.4	7	1.4	0		0	0.0
Keith Smith	ATL	1	1	13	1	0	0.0	13	13.0	0		0	0.0
Justin Hardy	ATL	1	0	0		0		0		0		0	0.0
Luke Stocker	ATL	1	0	0		0		0		0		0	0.0"
advanced_defense
"A.J. Bouye	JAX	0	12	9	75.0%	157	17.4	13.1	0	116.7	16.3	122	35	0	0	0	0.0	0	8	1	11.1%
Donald Payne	JAX	0	7	7	100.0%	72	10.3	10.3	0	109.5	4.6	32	40	2	0	0	0.0	0	16	2	11.1%
Austin Calitro	JAX	0	9	6	66.7%	73	12.2	8.1	0	91.4	8.6	51	22	0	0	0	0.0	0	12	0	0.0%
Jarrod Wilson	JAX	1	6	5	83.3%	43	8.6	7.2	1	96.5	6.0	32	11	5	0	1	0.0	1	7	0	0.0%
Ronnie Harrison	JAX	0	4	2	50.0%	11	5.5	2.8	0	56.2	8.8	8	3	3	0	0	0.0	0	5	0	0.0%
Tre Herndon	JAX	1	5	1	20.0%	12	12.0	2.4	0	0.0	15.8	12	0	0	0	0	0.0	0	3	1	25.0%
Cody Davis	JAX	0	2	1	50.0%	24	24.0	12.0	0	93.7	15.5	22	2	0	0	0	0.0	0	2	0	0.0%
Leon Jacobs	JAX	0	1	1	100.0%	6	6.0	6.0	0	91.7	5.0	5	1	3	0	0	0.0	0	3	0	0.0%
Calais Campbell	JAX	0	0	0										0	1	1	0.0	2	1	0	0.0%
Josh Allen	JAX	0	0	0										0	0	2	0.0	2	1	0	0.0%
Dawuane Smoot	JAX	0	0	0										0	0	0	1.0	1	1	0	0.0%
Yannick Ngakoue	JAX	0	0	0										0	0	0	0.0	0	0	1	100.0%
Player	Tm	Int	Tgt	Cmp	Cmp%	Yds	Yds/Cmp	Yds/Tgt	TD	Rat	DADOT	Air	YAC	Bltz	Hrry	QBKD	Sk	Prss	Comb	MTkl	MTkl%
Isaiah Oliver	ATL	0	10	4	40.0%	44	11.0	4.4	0	53.7	11.2	31	13	0	0	0	0.0	0	3	0	0.0%
Blidi Wreh-Wilson	ATL	0	9	3	33.3%	62	20.7	6.9	1	95.6	10.3	53	9	0	0	0	0.0	0	3	0	0.0%
Deion Jones	ATL	0	5	1	20.0%	32	32.0	6.4	0	53.7	2.2	-2	34	5	1	0	0.0	1	3	1	25.0%
Adrian Clayborn	ATL	0	1	1	100.0%	16	16.0	16.0	0	118.7	4.0	4	12	0	0	0	0.0	0	1	0	0.0%
Kendall Sheffield	ATL	0	1	1	100.0%	2	2.0	2.0	0	79.2	1.0	1	1	1	0	0	0.0	0	1	0	0.0%
Ricardo Allen	ATL	0	1	1	100.0%	9	9.0	9.0	0	104.2	5.0	5	4	0	0	0	0.0	0	5	1	16.7%
Foyesade Oluokun	ATL	0	1	1	100.0%	16	16.0	16.0	0	118.7	-2.0	-2	18	0	0	0	0.0	0	6	0	0.0%
Jamal Carter	ATL	0	1	1	100.0%	7	7.0	7.0	0	95.8	2.0	2	5	0	0	0	0.0	0	1	0	0.0%
Grady Jarrett	ATL	0	0	0										0	0	1	1.0	2	3	0	0.0%
Vic Beasley	ATL	0	0	0										0	1	0	1.0	2	2	0	0.0%
De'Vondre Campbell	ATL	0	2	0	0.0%					39.6	6.0			5	1	0	0.0	1	9	0	0.0%
John Cominsky	ATL	0	0	0										0	0	0	0.5	1	1	0	0.0%
Jack Crawford	ATL	0	0	0										0	0	0	0.5	1	1	0	0.0%
Damontae Kazee	ATL	0	1	0	0.0%					39.6				0	0	0	0.0	0	1	1	50.0%"
