advanced_rushing = document.querySelectorAll("#rushing_advanced > tbody")[0].innerText;
advanced_receiving = document.querySelectorAll("#receiving_advanced > tbody")[0].innerText;
advanced_defense = document.querySelectorAll("#defense_advanced > tbody")[0].innerText;
advanced_passing = document.querySelectorAll("#passing_advanced > tbody")[0].innerText;
"Patrick Mahomes	KAN	23	33	251	15	44.1	244	7.4	152	6.6	4.6	99	4.3	2	6.7%	5	16.7%	1	9	1	0	2	7.0
Player	Tm	Cmp	Att	Yds	1D	1D%	IAY	IAY/PA	CAY	CAY/Cmp	CAY/PA	YAC	YAC/Cmp	Drops	Drop%	BadTh	Bad%	Sk	Bltz	Hrry	Hits	Scrm	Yds/Scr
Mitchell Trubisky	CHI	18	34	157	8	21.6	275	8.1	64	3.6	1.9	93	5.2	6	18.2%	7	21.2%	3	16	2	4	1	8.0"
advanced_rushing
"Damien Williams	KAN	16	65	4	18	1.1	47	2.9	4	4.0
Darwin Thompson	KAN	5	14	1	2	0.4	12	2.4	1	5.0
Spencer Ware	KAN	5	14	0	3	0.6	11	2.2	2	2.5
Patrick Mahomes	KAN	2	14	1	12	6.0	2	1.0	1	2.0
Matt Moore	KAN	1	-1		-1	-1.0	0	0.0	0	
Player	Tm	Att	Yds	1D	YBC	YBC/Att	YAC	YAC/Att	BrkTkl	Att/Br
David Montgomery	CHI	13	57	4	36	2.8	21	1.6	3	4.3
Mitchell Trubisky	CHI	6	20	1	11	1.8	9	1.5	0	
Tarik Cohen	CHI	2	8	1	2	1.0	6	3.0	1	2.0
Cordarrelle Patterson	CHI	1	16	1	6	6.0	10	10.0	1	1.0"
advanced_receiving
"Travis Kelce	KAN	9	8	74	5	45	5.6	29	3.6	0		0	0.0
Tyreek Hill	KAN	5	5	72	4	50	10.0	22	4.4	1	5.0	0	0.0
Damien Williams	KAN	3	3	27	1	0	0.0	27	9.0	0		0	0.0
Blake Bell	KAN	3	2	15	1	11	5.5	4	2.0	1	2.0	1	33.3
Spencer Ware	KAN	3	2	22	1	13	6.5	9	4.5	0		0	0.0
Sammy Watkins	KAN	5	2	28	2	24	12.0	4	2.0	0		1	20.0
Demarcus Robinson	KAN	2	1	13	1	9	9.0	4	4.0	0		0	0.0
Player	Tm	Tgt	Rec	Yds	1D	YBC	YBC/R	YAC	YAC/R	BrkTkl	Rec/Br	Drop	Drop%
Allen Robinson	CHI	12	6	53	3	48	8.0	5	0.8	0		1	8.3
Tarik Cohen	CHI	4	3	25	1	0	0.0	25	8.3	0		1	25.0
Javon Wims	CHI	9	3	26	2	8	2.7	18	6.0	0		3	33.3
J.P. Holtz	CHI	1	1	13	1	-2	-2.0	15	15.0	0		0	0.0
Jesper Horsted	CHI	1	1	20	1	16	16.0	4	4.0	1	1.0	0	0.0
Anthony Miller	CHI	2	1	2		-4	-4.0	6	6.0	0		0	0.0
David Montgomery	CHI	1	1	2	0	-2	-2.0	4	4.0	0		0	0.0
Cordarrelle Patterson	CHI	1	1	5	0	-4	-4.0	9	9.0	0		0	0.0
Eric Saubert	CHI	2	1	11		4	4.0	7	7.0	0		1	50.0"
advanced_defense
"Tyrann Mathieu	KAN	0	8	5	62.5%	32	6.4	4.0	0	70.8	8.1	7	25	2	0	0	0.0	0	6	0	0.0%
Kendall Fuller	KAN	0	4	4	100.0%	36	9.0	9.0	0	104.2	6.0	24	12	4	0	0	0.0	0	5	1	16.7%
Daniel Sorensen	KAN	0	4	3	75.0%	36	12.0	9.0	0	102.1	4.5	17	19	6	0	1	0.0	1	4	1	20.0%
Bashaud Breeland	KAN	0	3	2	66.7%	18	9.0	6.0	0	82.6	5.0	11	7	2	0	1	0.0	1	2	2	50.0%
Darron Lee	KAN	0	1	1	100.0%	12	12.0	12.0	0	116.7	1.0	1	11	2	0	0	0.0	0	0	0	
Charvarius Ward	KAN	0	7	1	14.3%	13	13.0	1.9	0	39.6	12.1	6	7	0	0	0	0.0	0	3	0	0.0%
Juan Thornhill	KAN	0	2	1	50.0%	2	2.0	1.0	0	56.2	15.0	-4	6	0	0	0	0.0	0	3	1	25.0%
Reggie Ragland	KAN	0	0	0										4	1	0	1.0	2	1	0	0.0%
Terrell Suggs	KAN	0	0	0										3	1	0	0.0	1	1	0	0.0%
Frank Clark	KAN	0	0	0										0	0	0	1.0	1	1	1	50.0%
Jordan Lucas	KAN	0	1	0	0.0%					39.6	11.0			1	0	1	0.0	1	0	0	
Alex Brown	KAN	0	0	0										1	0	1	0.0	1	0	0	
Chris Jones	KAN	0	0	0										0	0	0	1.0	1	3	0	0.0%
Anthony Hitchens	KAN	0	0	0										5	0	0	0.0	0	6	0	0.0%
Tanoh Kpassagnon	KAN	0	0	0										0	0	0	0.0	0	1	1	50.0%
Armani Watts	KAN	0	1	0	0.0%					39.6	17.0			0	0	0	0.0	0	0	0	
Ben Niemann	KAN	0	1	0	0.0%					39.6	6.0			2	0	0	0.0	0	3	0	0.0%
Player	Tm	Int	Tgt	Cmp	Cmp%	Yds	Yds/Cmp	Yds/Tgt	TD	Rat	DADOT	Air	YAC	Bltz	Hrry	QBKD	Sk	Prss	Comb	MTkl	MTkl%
Kyle Fuller	CHI	0	5	5	100.0%	63	12.6	12.6	0	118.7	9.4	47	16	0	0	0	0.0	0	6	0	0.0%
Kevin Pierre-Louis	CHI	0	6	4	66.7%	37	9.3	6.2	0	83.3	2.7	19	18	1	0	0	0.0	0	12	1	7.7%
Buster Skrine	CHI	0	4	3	75.0%	38	12.7	9.5	1	143.7	9.3	34	4	2	0	0	0.0	0	2	0	0.0%
Ha Ha Clinton-Dix	CHI	0	3	3	100.0%	27	9.0	9.0	0	104.2	7.7	23	4	1	0	0	0.0	0	6	2	25.0%
Nick Kwiatkoski	CHI	0	4	3	75.0%	39	13.0	9.8	1	144.8	5.5	13	26	4	0	0	0.0	0	10	4	28.6%
Prince Amukamara	CHI	0	3	2	66.7%	17	8.5	5.7	0	81.2	5.0	5	12	0	0	0	0.0	0	2	0	0.0%
Eddie Jackson	CHI	0	3	1	33.3%	13	13.0	4.3	0	47.9	21.3	8	5	0	0	0	0.0	0	2	1	33.3%
Leonard Floyd	CHI	0	0	0										4	1	0	0.0	1	5	1	16.7%
Khalil Mack	CHI	0	0	0										4	0	0	1.0	1	4	2	33.3%
Roy Robertson-Harris	CHI	0	0	0										0	0	0	0.0	0	3	1	25.0%
Bilal Nichols	CHI	0	0	0										0	0	0	0.0	0	2	2	50.0%
Brent Urban	CHI	0	0	0										0	0	0	0.0	0	2	1	33.3%"
