advanced_rushing = document.querySelectorAll("#rushing_advanced > tbody")[0].innerText;
advanced_receiving = document.querySelectorAll("#receiving_advanced > tbody")[0].innerText;
advanced_defense = document.querySelectorAll("#defense_advanced > tbody")[0].innerText;
advanced_passing = document.querySelectorAll("#passing_advanced > tbody")[0].innerText;
"Lamar Jackson	BAL	20	31	238	13	41.9	247	8.0	130	6.5	4.2	108	5.4	1	3.3%	5	16.7%	0	13	4	4	3	9.0
Player	Tm	Cmp	Att	Yds	1D	1D%	IAY	IAY/PA	CAY	CAY/Cmp	CAY/PA	YAC	YAC/Cmp	Drops	Drop%	BadTh	Bad%	Sk	Bltz	Hrry	Hits	Scrm	Yds/Scr
Baker Mayfield	CLE	20	33	192	10	30.3	293	8.9	111	5.6	3.4	81	4.1	2	6.3%	4	12.5%	0	22	1	3	1	5.0"
advanced_rushing
"Lamar Jackson	BAL	17	103	7	74	4.4	29	1.7	0	
Gus Edwards	BAL	12	66	5	29	2.4	37	3.1	2	6.0
Mark Ingram	BAL	8	55	3	14	1.8	41	5.1	0	
Justice Hill	BAL	3	19	1	19	6.3	0	0.0	0	
Player	Tm	Att	Yds	1D	YBC	YBC/Att	YAC	YAC/Att	BrkTkl	Att/Br
Nick Chubb	CLE	15	45	2	10	0.7	35	2.3	0	
Kareem Hunt	CLE	2	8	0	2	1.0	6	3.0	0	
Baker Mayfield	CLE	2	4	0	-1	-0.5	5	2.5	0	"
advanced_receiving
"Mark Andrews	BAL	9	6	93	4	61	10.2	32	5.3	0		0	0.0
Nick Boyle	BAL	4	3	24	1	12	4.0	12	4.0	0		1	25.0
Justice Hill	BAL	4	3	32	3	-2	-0.7	34	11.3	0		0	0.0
Seth Roberts	BAL	3	2	23	2	15	7.5	8	4.0	0		0	0.0
Mark Ingram	BAL	2	2	36	2	23	11.5	13	6.5	0		0	0.0
Miles Boykin	BAL	1	1	8		8	8.0	0	0.0	0		0	0.0
Marquise Brown	BAL	2	1	6		6	6.0	0	0.0	0		0	0.0
Gus Edwards	BAL	1	1	7	1	1	1.0	6	6.0	0		0	0.0
Hayden Hurst	BAL	3	1	9		6	6.0	3	3.0	0		0	0.0
Willie Snead	BAL	1	0	0		0		0		0		0	0.0
Player	Tm	Tgt	Rec	Yds	1D	YBC	YBC/R	YAC	YAC/R	BrkTkl	Rec/Br	Drop	Drop%
Jarvis Landry	CLE	9	7	74	3	46	6.6	28	4.0	2	3.5	0	0.0
Kareem Hunt	CLE	4	4	33	2	7	1.8	26	6.5	0		0	0.0
Odell Beckham	CLE	6	4	44	3	23	5.8	21	5.3	0		0	0.0
Dontrell Hilliard	CLE	1	1	4		3	3.0	1	1.0	0		0	0.0
KhaDarel Hodge	CLE	2	1	6		6	6.0	0	0.0	0		1	50.0
Demetrius Harris	CLE	3	1	1	1	1	1.0	0	0.0	0		1	33.3
Stephen Carlson	CLE	1	1	7		6	6.0	1	1.0	0		0	0.0
Ricky Seals-Jones	CLE	2	1	23	1	19	19.0	4	4.0	0		0	0.0
Nick Chubb	CLE	1	0	0	0	0		0		0		0	0.0
Damion Ratley	CLE	3	0	0		0		0		0		0	0.0"
advanced_defense
"Jimmy Smith	BAL	0	9	5	55.6%	47	9.4	5.2	0	70.1	10.0	35	12	0	0	0	0.0	0	4	0	0.0%
Marcus Peters	BAL	0	6	4	66.7%	47	11.8	7.8	1	129.9	12.3	29	18	0	0	0	0.0	0	3	0	0.0%
Marlon Humphrey	BAL	1	5	3	60.0%	13	4.3	2.6	0	25.0	13.2	6	7	3	0	0	0.0	0	4	1	20.0%
Chuck Clark	BAL	0	5	2	40.0%	14	7.0	2.8	1	87.5	1.2	-2	16	8	0	0	0.0	0	3	0	0.0%
Earl Thomas	BAL	0	2	1	50.0%	23	23.0	11.5	0	91.7	14.0	19	4	5	0	0	0.5	1	4	1	20.0%
Josh Bynes	BAL	0	2	1	50.0%	7	7.0	3.5	0	58.3	5.0	4	3	0	0	0	0.0	0	1	0	0.0%
L.J. Fort	BAL	0	1	1	100.0%	7	7.0	7.0	0	95.8	6.0	6	1	3	0	0	0.0	0	0	1	100.0%
Brandon Carr	BAL	0	2	1	50.0%	33	33.0	16.5	0	95.8	11.0	22	11	3	0	0	0.0	0	2	0	0.0%
Jaylon Ferguson	BAL	0	0	0										10	0	1	0.5	2	2	1	33.3%
Tyus Bowser	BAL	0	0	0										7	0	1	0.0	1	2	0	0.0%
Matt Judon	BAL	0	0	0										10	0	1	0.0	1	5	1	16.7%
Player	Tm	Int	Tgt	Cmp	Cmp%	Yds	Yds/Cmp	Yds/Tgt	TD	Rat	DADOT	Air	YAC	Bltz	Hrry	QBKD	Sk	Prss	Comb	MTkl	MTkl%
Joe Schobert	CLE	0	7	5	71.4%	58	11.6	8.3	0	96.1	7.9	41	17	3	1	0	0.0	1	9	1	10.0%
Mack Wilson	CLE	0	7	4	57.1%	36	9.0	5.1	1	110.7	8.7	22	14	8	0	0	0.0	0	4	1	20.0%
Damarious Randall	CLE	0	4	4	100.0%	82	20.5	20.5	2	158.3	13.5	54	28	1	0	0	0.0	0	10	0	0.0%
Sheldrick Redwine	CLE	0	3	2	66.7%	40	20.0	13.3	0	109.7	7.3	22	18	4	0	0	0.0	0	5	1	16.7%
Greedy Williams	CLE	0	3	2	66.7%	15	7.5	5.0	0	78.5	13.3	4	11	0	0	0	0.0	0	3	0	0.0%
Denzel Ward	CLE	0	5	2	40.0%	16	8.0	3.2	0	48.7	4.6	9	7	0	0	0	0.0	0	5	0	0.0%
T.J. Carrie	CLE	0	2	1	50.0%	11	11.0	5.5	0	66.7	6.0	8	3	6	1	0	0.0	1	2	1	33.3%
Chad Thomas	CLE	0	1	1	100.0%					79.2	5.0			2	0	0	0.0	0	2	0	0.0%
Sione Takitaki	CLE	0	1	1	100.0%	7	7.0	7.0	0	95.8	1.0	1	6	1	0	0	0.0	0	6	1	14.3%
Juston Burris	CLE	0	1	1	100.0%	7	7.0	7.0	0	95.8	5.0	5	2	2	0	0	0.0	0	3	1	25.0%
Bryan Cox	CLE	0	0	0										1	0	2	0.0	2	2	1	33.3%
Porter Gustin	CLE	0	0	0										1	1	1	0.0	2	3	0	0.0%
Rob McCray	CLE	0	0	0										2	1	0	0.0	1	1	0	0.0%
Sheldon Richardson	CLE	0	0	0										1	0	1	0.0	1	3	0	0.0%
Eli Ankou	CLE	0	0	0										0	0	0	0.0	0	1	1	50.0%
Justin Zimmer	CLE	0	0	0										0	0	0	0.0	0	1	2	66.7%"
