advanced_rushing = document.querySelectorAll("#rushing_advanced > tbody")[0].innerText;
advanced_receiving = document.querySelectorAll("#receiving_advanced > tbody")[0].innerText;
advanced_defense = document.querySelectorAll("#defense_advanced > tbody")[0].innerText;
advanced_passing = document.querySelectorAll("#passing_advanced > tbody")[0].innerText;
"Will Grier	CAR	27	44	224	12	24.5	402	9.1	53	2.0	1.2	171	6.3	1	2.4%	7	17.1%	5	5	10	2	3	5.7
Michael Palardy	CAR	1	1	12	1	100.0	10	10.0	10	10.0	10.0	2	2.0	0	0.0%	0	0.0%	0	0	0	0	0	
Player	Tm	Cmp	Att	Yds	1D	1D%	IAY	IAY/PA	CAY	CAY/Cmp	CAY/PA	YAC	YAC/Cmp	Drops	Drop%	BadTh	Bad%	Sk	Bltz	Hrry	Hits	Scrm	Yds/Scr
Jacoby Brissett	IND	14	27	119	6	20.0	289	10.7	84	6.0	3.1	35	2.5	2	8.3%	7	29.2%	3	9	8	3	2	18.0"
advanced_rushing
"Christian McCaffrey	CAR	13	54	4	32	2.5	22	1.7	0	
Will Grier	CAR	4	17	2	17	4.3	0	0.0	0	
Reggie Bonnafon	CAR	2	12		6	3.0	6	3.0	0	
Curtis Samuel	CAR	2	4	0	1	0.5	3	1.5	0	
Player	Tm	Att	Yds	1D	YBC	YBC/Att	YAC	YAC/Att	BrkTkl	Att/Br
Marlon Mack	IND	16	95	5	37	2.3	58	3.6	0	
Jordan Wilkins	IND	9	84	5	47	5.2	37	4.1	1	9.0
Jacoby Brissett	IND	3	37	3	37	12.3	0	0.0	0	
Brian Hoyer	IND	3	-2		-2	-0.7	0	0.0	0	
Nyheim Hines	IND	1	4	1	1	1.0	3	3.0	0	"
advanced_receiving
"Christian McCaffrey	CAR	15	15	119	7	-16	-1.1	135	9.0	1	15.0	0	0.0
Ian Thomas	CAR	3	3	16	2	11	3.7	5	1.7	0		0	0.0
Curtis Samuel	CAR	5	2	17	1	12	6.0	5	2.5	0		0	0.0
Chris Hogan	CAR	3	2	16		8	4.0	8	4.0	0		0	0.0
Greg Olsen	CAR	5	2	33	1	21	10.5	12	6.0	0		1	20.0
Brandon Zylstra	CAR	1	1	3		3	3.0	0	0.0	0		0	0.0
Jarius Wright	CAR	5	1	19	1	17	17.0	2	2.0	0		0	0.0
DeAndrew White	CAR	3	1	12	1	10	10.0	2	2.0	0		0	0.0
D.J. Moore	CAR	2	1	1		-3	-3.0	4	4.0	0		0	0.0
Player	Tm	Tgt	Rec	Yds	1D	YBC	YBC/R	YAC	YAC/R	BrkTkl	Rec/Br	Drop	Drop%
T.Y. Hilton	IND	4	3	26	1	27	9.0	-1	-0.3	0		0	0.0
Marlon Mack	IND	2	2	6	1	5	2.5	1	0.5	0		0	0.0
Jack Doyle	IND	4	2	17	1	12	6.0	5	2.5	0		0	0.0
Marcus Johnson	IND	4	1	2		2	2.0	0	0.0	0		1	25.0
Dontrelle Inman	IND	2	1	18	1	18	18.0	0	0.0	0		0	0.0
Zach Pascal	IND	3	1	6		-3	-3.0	9	9.0	0		1	33.3
Nyheim Hines	IND	1	1	2	0	-5	-5.0	7	7.0	0		0	0.0
Ross Travis	IND	2	1	19	1	10	10.0	9	9.0	0		0	0.0
Jacoby Brissett	IND	1	1	2	0	0	0.0	2	2.0	0		0	0.0
Mo Alie-Cox	IND	1	1	21	1	18	18.0	3	3.0	0		0	0.0"
advanced_defense
"Luke Kuechly	CAR	0	4	3	75.0%	17	5.7	4.3	0	82.3	6.5	11	6	2	1	1	0.0	2	7	0	0.0%
Ross Cockrell	CAR	0	6	3	50.0%	21	7.0	3.5	0	58.3	7.7	22	-1	0	0	0	0.0	0	10	0	0.0%
Jermaine Carter	CAR	0	3	2	66.7%	27	13.5	9.0	0	95.1	8.7	24	3	4	1	2	0.0	3	2	1	33.3%
Tre Boston	CAR	0	2	2	100.0%	24	12.0	12.0	0	116.7	7.5	15	9	1	0	0	0.0	0	4	0	0.0%
Eric Reid	CAR	0	1	1	100.0%	19	19.0	19.0	0	118.7	10.0	10	9	3	1	0	0.0	1	6	0	0.0%
James Bradberry	CAR	0	5	1	20.0%	7	7.0	1.4	0	39.6	20.4	7	0	0	0	0	0.0	0	3	0	0.0%
Javien Elliott	CAR	0	2	1	50.0%	2	2.0	1.0	0	56.2	5.0	-5	7	2	0	0	0.0	0	4	0	0.0%
Bruce Irvin	CAR	0	0	0										1	0	0	2.0	2	4	0	0.0%
Gerald McCoy	CAR	0	0	0										0	2	0	0.0	2	2	0	0.0%
Mario Addison	CAR	0	0	0										0	1	0	0.0	1	1	0	0.0%
Brian Burns	CAR	0	0	0										1	0	0	1.0	1	1	0	0.0%
Player	Tm	Int	Tgt	Cmp	Cmp%	Yds	Yds/Cmp	Yds/Tgt	TD	Rat	DADOT	Air	YAC	Bltz	Hrry	QBKD	Sk	Prss	Comb	MTkl	MTkl%
Pierre Desir	IND	2	12	6	50.0%	46	7.7	3.8	0	20.1	15.9	26	20	0	0	0	0.0	0	5	0	0.0%
Darius Leonard	IND	0	7	6	85.7%	62	10.3	8.9	0	103.6	6.7	16	46	2	0	0	0.0	0	11	0	0.0%
Anthony Walker	IND	1	7	4	57.1%	21	5.3	3.0	0	22.6	6.1	-9	30	1	0	0	1.0	1	10	1	9.1%
Bobby Okereke	IND	0	3	3	100.0%	26	8.7	8.7	0	102.8	1.0	3	23	2	0	0	0.0	0	9	0	0.0%
Rock Ya-Sin	IND	0	4	3	75.0%	42	14.0	10.5	0	108.3	7.5	25	17	0	0	0	0.0	0	4	0	0.0%
Khari Willis	IND	0	2	2	100.0%	8	4.0	4.0	0	83.3	0.5	1	7	1	0	0	0.0	0	3	0	0.0%
Tyquan Lewis	IND	0	1	1	100.0%	7	7.0	7.0	0	95.8	-6.0	-6	13	0	2	0	0.0	2	1	1	50.0%
Malik Hooker	IND	0	1	1	100.0%	19	19.0	19.0	0	118.7	17.0	17	2	0	0	0	0.0	0	2	0	0.0%
Briean Boddy-Calhoun	IND	0	2	1	50.0%	2	2.0	1.0	0	56.2	3.0	1	1	2	0	0	0.0	0	5	0	0.0%
Jabaal Sheard	IND	0	0	0										0	3	1	0.0	4	2	0	0.0%
Grover Stewart	IND	0	0	0										0	3	0	1.0	4	2	0	0.0%
Justin Houston	IND	0	0	0										0	0	1	1.0	2	2	0	0.0%
Al-Quadin Muhammad	IND	0	0	0										0	0	0	2.0	2	3	0	0.0%
George Odum	IND	0	1	0	0.0%					39.6	20.0			1	0	0	0.0	0	2	0	0.0%
Trevon Coley	IND	0	0	0										0	0	0	0.0	0	1	1	50.0%
Clayton Geathers	IND	0	1	0	0.0%					39.6	20.0			0	0	0	0.0	0	5	0	0.0%"
