advanced_rushing = document.querySelectorAll("#rushing_advanced > tbody")[0].innerText;
advanced_receiving = document.querySelectorAll("#receiving_advanced > tbody")[0].innerText;
advanced_defense = document.querySelectorAll("#defense_advanced > tbody")[0].innerText;
advanced_passing = document.querySelectorAll("#passing_advanced > tbody")[0].innerText;
"David Blough	DET	12	24	117	7	25.0	250	10.4	59	4.9	2.5	58	4.8	1	4.3%	7	30.4%	4	7	2	2	0	
Player	Tm	Cmp	Att	Yds	1D	1D%	IAY	IAY/PA	CAY	CAY/Cmp	CAY/PA	YAC	YAC/Cmp	Drops	Drop%	BadTh	Bad%	Sk	Bltz	Hrry	Hits	Scrm	Yds/Scr
Drew Lock	DEN	25	33	192	12	36.4	219	6.6	103	4.1	3.1	89	3.6	2	6.1%	2	6.1%	0	3	4	1	2	6.5
Andrew Beck	DEN	1	1	6	1	100.0	-3	-3.0	-3	-3.0	-3.0	9	9.0	0	0.0%	0	0.0%	0	1	0	0	0	"
advanced_rushing
"Kerryon Johnson	DET	10	42	2	28	2.8	14	1.4	0	
Bo Scarbrough	DET	8	34	1	22	2.8	12	1.5	1	8.0
Ty Johnson	DET	3	20	1	14	4.7	6	2.0	0	
Player	Tm	Att	Yds	1D	YBC	YBC/Att	YAC	YAC/Att	BrkTkl	Att/Br
Phillip Lindsay	DEN	19	109	5	66	3.5	43	2.3	3	6.3
Royce Freeman	DEN	9	28	2	13	1.4	15	1.7	1	9.0
Drew Lock	DEN	4	10	0	9	2.3	1	0.3	0	
Andrew Beck	DEN	1	3	1	2	2.0	1	1.0	0	"
advanced_receiving
"Kenny Golladay	DET	12	6	66	4	39	6.5	27	4.5	1	6.0	1	8.3
Danny Amendola	DET	3	2	21	1	22	11.0	-1	-0.5	0		0	0.0
Logan Thomas	DET	3	2	17	1	1	0.5	16	8.0	0		0	0.0
Jesse James	DET	1	1	12	1	3	3.0	9	9.0	1	1.0	0	0.0
Kerryon Johnson	DET	1	1	1	0	-6	-6.0	7	7.0	0		0	0.0
Travis Fulgham	DET	2	0	0		0		0		0		0	0.0
Chris Lacy	DET	1	0	0		0		0		0		0	0.0
Player	Tm	Tgt	Rec	Yds	1D	YBC	YBC/R	YAC	YAC/R	BrkTkl	Rec/Br	Drop	Drop%
DaeSean Hamilton	DEN	6	6	65	5	39	6.5	26	4.3	1	6.0	0	0.0
Tim Patrick	DEN	6	5	48	4	37	7.4	11	2.2	0		0	0.0
Courtland Sutton	DEN	10	5	41	2	21	4.2	20	4.0	2	2.5	0	0.0
Noah Fant	DEN	2	2	10		-1	-0.5	11	5.5	0		0	0.0
Royce Freeman	DEN	2	2	9	0	1	0.5	8	4.0	0		0	0.0
Jeff Heuerman	DEN	2	2	13	1	9	4.5	4	2.0	0		0	0.0
Phillip Lindsay	DEN	3	2	9	1	-5	-2.5	14	7.0	0		1	33.3
Andrew Beck	DEN	1	1	1	0	-2	-2.0	3	3.0	0		0	0.0
Devontae Booker	DEN	2	1	2		1	1.0	1	1.0	0		1	50.0"
advanced_defense
"Rashaan Melvin	DET	0	9	8	88.9%	88	11.0	9.8	0	107.4	9.7	64	24	0	0	0	0.0	0	8	0	0.0%
Tavon Wilson	DET	0	9	7	77.8%	30	4.3	3.3	1	117.6	2.4	17	13	2	0	0	0.0	0	9	0	0.0%
Jalen Reeves-Maybin	DET	0	4	4	100.0%	42	10.5	10.5	0	110.4	6.5	26	16	1	0	0	0.0	0	9	2	18.2%
Justin Coleman	DET	0	4	4	100.0%	41	10.3	10.3	0	109.4	5.0	20	21	0	0	0	0.0	0	4	1	20.0%
Tracy Walker	DET	0	6	4	66.7%	36	9.0	6.0	0	82.6	10.5	17	19	0	0	0	0.0	0	7	2	22.2%
Darius Slay	DET	0	8	4	50.0%	28	7.0	3.5	0	58.3	11.1	14	14	0	0	0	0.0	0	5	1	16.7%
Trey Flowers	DET	0	2	2	100.0%	12	6.0	6.0	0	91.7	-0.5	-1	13	0	2	0	0.0	2	5	0	0.0%
Devon Kennard	DET	0	2	2	100.0%	6	3.0	3.0	1	118.7	-1.5	-3	9	0	0	1	0.0	1	5	0	0.0%
Damon Harrison	DET	0	2	2	100.0%	7	3.5	3.5	0	81.2	0.0	0	7	0	0	0	0.0	0	5	0	0.0%
Jahlani Tavai	DET	0	2	1	50.0%	7	7.0	3.5	0	58.3	10.0	0	7	0	0	0	0.0	0	3	0	0.0%
Frank Herron	DET	0	0	0										0	1	0	0.0	1	1	0	0.0%
Steve Longa	DET	0	0	0										1	0	0	0.0	0	6	1	14.3%
Player	Tm	Int	Tgt	Cmp	Cmp%	Yds	Yds/Cmp	Yds/Tgt	TD	Rat	DADOT	Air	YAC	Bltz	Hrry	QBKD	Sk	Prss	Comb	MTkl	MTkl%
Todd Davis	DEN	0	5	4	80.0%	19	4.8	3.8	1	122.1	5.4	6	13	1	1	0	0.0	1	6	0	0.0%
Justin Simmons	DEN	0	3	3	100.0%	29	9.7	9.7	0	106.9	4.3	13	16	0	0	0	0.0	0	5	1	16.7%
Isaac Yiadom	DEN	0	5	2	40.0%	20	10.0	4.0	0	52.1	16.8	18	2	0	0	0	0.0	0	4	0	0.0%
Chris Harris	DEN	0	5	2	40.0%	14	7.0	2.8	0	47.9	17.8	8	6	0	0	0	0.0	0	2	0	0.0%
Trey Marshall	DEN	0	3	2	66.7%	41	20.5	13.7	0	109.7	22.3	26	15	0	0	0	0.0	0	9	0	0.0%
Jeremiah Attaochu	DEN	0	1	1	100.0%	3	3.0	3.0	1	118.7	-2.0	-2	5	1	0	1	0.5	2	2	0	0.0%
Alexander Johnson	DEN	0	2	1	50.0%	12	12.0	6.0	0	68.7	1.5	3	9	2	0	0	0.0	0	2	1	33.3%
Justin Hollins	DEN	0	1	1	100.0%	11	11.0	11.0	0	112.5	8.0	8	3	0	0	0	0.0	0	1	1	50.0%
Dre'Mont Jones	DEN	0	0	0										0	0	0	2.5	3	5	0	0.0%
Von Miller	DEN	0	0	0										0	1	1	0.0	2	2	0	0.0%
Malik Reed	DEN	0	0	0										0	0	0	1.0	1	1	0	0.0%"
