advanced_rushing = document.querySelectorAll("#rushing_advanced > tbody")[0].innerText;
advanced_receiving = document.querySelectorAll("#receiving_advanced > tbody")[0].innerText;
advanced_defense = document.querySelectorAll("#defense_advanced > tbody")[0].innerText;
advanced_passing = document.querySelectorAll("#passing_advanced > tbody")[0].innerText;
"Aaron Rodgers	GNB	26	40	216	14	32.6	266	6.7	71	2.7	1.8	145	5.6	1	2.6%	7	18.4%	3	7	1	2	0	
Player	Tm	Cmp	Att	Yds	1D	1D%	IAY	IAY/PA	CAY	CAY/Cmp	CAY/PA	YAC	YAC/Cmp	Drops	Drop%	BadTh	Bad%	Sk	Bltz	Hrry	Hits	Scrm	Yds/Scr
Kirk Cousins	MIN	16	31	122	6	16.7	239	7.7	73	4.6	2.4	49	3.1	1	3.4%	8	27.6%	5	4	3	1	0	
Stefon Diggs	MIN	0	1	0	0	0.0	12	12.0	0		0.0	0		0	0.0%	1	100.0%	0	0	0	0	0	"
advanced_rushing
"Aaron Jones	GNB	23	154	6	56	2.4	98	4.3	0	
Jamaal Williams	GNB	6	33	2	18	3.0	15	2.5	0	
Aaron Rodgers	GNB	3	-3	0	-3	-1.0	0	0.0	0	
Player	Tm	Att	Yds	1D	YBC	YBC/Att	YAC	YAC/Att	BrkTkl	Att/Br
Mike Boone	MIN	11	28		10	0.9	18	1.6	0	
Ameer Abdullah	MIN	4	27	1	21	5.3	6	1.5	0	
Adam Thielen	MIN	1	2		0	0.0	2	2.0	1	1.0"
advanced_receiving
"Davante Adams	GNB	16	13	116	6	50	3.8	66	5.1	0		0	0.0
Allen Lazard	GNB	9	5	45	4	21	4.2	24	4.8	0		1	11.1
Jamaal Williams	GNB	2	2	19	2	-1	-0.5	20	10.0	0		0	0.0
Aaron Jones	GNB	3	2	6	0	-1	-0.5	7	3.5	0		0	0.0
Tyler Ervin	GNB	1	1	6		-4	-4.0	10	10.0	0		0	0.0
Jimmy Graham	GNB	1	1	16	1	4	4.0	12	12.0	0		0	0.0
Marquez Valdes-Scantling	GNB	1	1	6	1	1	1.0	5	5.0	0		0	0.0
Marcedes Lewis	GNB	1	1	2		1	1.0	1	1.0	0		0	0.0
Danny Vitale	GNB	1	0	0		0		0		0		0	0.0
Geronimo Allison	GNB	2	0	0		0		0		0		0	0.0
Jake Kumerow	GNB	1	0	0		0		0		0		0	0.0
Player	Tm	Tgt	Rec	Yds	1D	YBC	YBC/R	YAC	YAC/R	BrkTkl	Rec/Br	Drop	Drop%
Ameer Abdullah	MIN	7	6	31	2	13	2.2	18	3.0	0		0	0.0
Stefon Diggs	MIN	5	3	57	3	47	15.7	10	3.3	0		0	0.0
Irv Smith	MIN	3	2	4		4	2.0	0	0.0	0		0	0.0
C.J. Ham	MIN	4	2	12		8	4.0	4	2.0	0		0	0.0
Mike Boone	MIN	1	1	5		-7	-7.0	12	12.0	0		0	0.0
Olabisi Johnson	MIN	2	1	6		5	5.0	1	1.0	0		0	0.0
Kyle Rudolph	MIN	2	1	7	1	3	3.0	4	4.0	0		0	0.0
Adam Thielen	MIN	4	0	0		0		0		0		1	25.0
Laquon Treadwell	MIN	1	0	0		0		0		0		0	0.0
Kirk Cousins	MIN	1	0	0	0	0		0		0		0	0.0"
advanced_defense
"Blake Martinez	GNB	0	7	5	71.4%	32	6.4	4.6	0	80.7	3.0	16	16	1	0	0	0.0	0	8	0	0.0%
Tramon Williams	GNB	0	5	3	60.0%	19	6.3	3.8	0	67.9	6.8	1	18	0	0	0	0.0	0	2	1	33.3%
Kyler Fackrell	GNB	0	2	2	100.0%	5	2.5	2.5	0	79.2	2.0	4	1	0	0	0	0.0	0	2	0	0.0%
Jaire Alexander	GNB	0	4	2	50.0%	25	12.5	6.3	1	109.4	16.3	24	1	0	0	0	0.0	0	2	0	0.0%
Preston Smith	GNB	0	1	1	100.0%	7	7.0	7.0	0	95.8	3.0	3	4	2	0	0	0.5	1	3	0	0.0%
Kevin King	GNB	1	4	1	25.0%	-1	-1.0	-0.3	0	0.0	10.0	-1	0	0	0	0	0.0	0	4	0	0.0%
B.J. Goodson	GNB	0	1	1	100.0%	7	7.0	7.0	0	95.8	3.0	3	4	0	0	0	0.0	0	3	0	0.0%
Adrian Amos	GNB	0	2	1	50.0%	28	28.0	14.0	0	95.8	22.0	23	5	1	0	0	0.0	0	2	0	0.0%
Za'Darius Smith	GNB	0	0	0										0	1	1	3.5	6	7	0	0.0%
Rashan Gary	GNB	0	0	0										0	1	0	0.0	1	1	0	0.0%
Kenny Clark	GNB	0	1	0	0.0%					39.6	-1.0			0	0	0	1.0	1	4	0	0.0%
Tyler Lancaster	GNB	0	0	0										0	1	0	0.0	1	1	0	0.0%
Dean Lowry	GNB	0	0	0										0	0	0	0.0	0	5	1	16.7%
Chandon Sullivan	GNB	0	2	0	0.0%					39.6	12.0			1	0	0	0.0	0	0	0	
Darnell Savage	GNB	0	1	0	0.0%					39.6	12.0			0	0	0	0.0	0	1	0	0.0%
Player	Tm	Int	Tgt	Cmp	Cmp%	Yds	Yds/Cmp	Yds/Tgt	TD	Rat	DADOT	Air	YAC	Bltz	Hrry	QBKD	Sk	Prss	Comb	MTkl	MTkl%
Mackensie Alexander	MIN	0	10	7	70.0%	39	5.6	3.9	0	76.7	5.9	7	32	0	0	0	0.0	0	11	0	0.0%
Anthony Barr	MIN	0	4	4	100.0%	45	11.3	11.3	0	113.5	0.0	0	45	4	1	0	0.0	1	6	0	0.0%
Xavier Rhodes	MIN	0	5	4	80.0%	46	11.5	9.2	0	105.0	8.4	30	16	0	0	0	0.0	0	7	0	0.0%
Mike Hughes	MIN	0	6	4	66.7%	35	8.8	5.8	0	81.9	4.7	15	20	0	0	0	0.0	0	7	0	0.0%
Eric Wilson	MIN	0	4	4	100.0%	30	7.5	7.5	0	97.9	0.8	3	27	0	0	0	0.0	0	8	0	0.0%
Trae Waynes	MIN	0	4	3	75.0%	8	2.7	2.0	0	77.1	4.8	2	6	0	0	0	0.0	0	4	0	0.0%
Harrison Smith	MIN	0	1	1	100.0%	13	13.0	13.0	0	118.7	14.0	14	-1	3	0	0	0.0	0	5	0	0.0%
Ifeadi Odenigbo	MIN	0	0	0										0	0	1	1.0	2	1	0	0.0%
Linval Joseph	MIN	0	0	0										0	0	1	0.0	1	3	0	0.0%
Danielle Hunter	MIN	0	0	0										0	0	0	1.0	1	5	0	0.0%
Stephen Weatherly	MIN	0	0	0										0	0	0	1.0	1	2	0	0.0%
Eric Kendricks	MIN	0	3	0	0.0%					39.6	11.7			2	0	0	0.0	0	0	0	
Anthony Harris	MIN	1	1	0	0.0%					0.0	8.0			2	0	0	0.0	0	3	0	0.0%
Jayron Kearse	MIN	0	1	0	0.0%					39.6	39.0			0	0	0	0.0	0	0	0	"
