advanced_rushing = document.querySelectorAll("#rushing_advanced > tbody")[0].innerText;
advanced_receiving = document.querySelectorAll("#receiving_advanced > tbody")[0].innerText;
advanced_defense = document.querySelectorAll("#defense_advanced > tbody")[0].innerText;
advanced_passing = document.querySelectorAll("#passing_advanced > tbody")[0].innerText;
"Josh Allen	BUF	13	26	208	8	26.7	317	12.2	136	10.5	5.2	72	5.5	1	3.8%	7	26.9%	4	11	2	2	1	11.0
Player	Tm	Cmp	Att	Yds	1D	1D%	IAY	IAY/PA	CAY	CAY/Cmp	CAY/PA	YAC	YAC/Cmp	Drops	Drop%	BadTh	Bad%	Sk	Bltz	Hrry	Hits	Scrm	Yds/Scr
Tom Brady	NWE	26	33	271	11	33.3	167	5.1	133	5.1	4.0	138	5.3	1	3.2%	4	12.9%	0	11	7	4	1	3.0"
advanced_rushing
"Devin Singletary	BUF	15	46	2	18	1.2	28	1.9	1	15.0
Josh Allen	BUF	7	43	4	36	5.1	7	1.0	0	
John Brown	BUF	1	3	0	3	3.0	0	0.0	0	
Player	Tm	Att	Yds	1D	YBC	YBC/Att	YAC	YAC/Att	BrkTkl	Att/Br
Sony Michel	NWE	21	96	5	29	1.4	67	3.2	6	3.5
Rex Burkhead	NWE	5	20	2	14	2.8	6	1.2	2	2.5
Tom Brady	NWE	4	4	1	4	1.0	0	0.0	0	
James White	NWE	3	5	1	2	0.7	3	1.0	0	
N'Keal Harry	NWE	2	18	1	0	0.0	18	9.0	1	2.0"
advanced_receiving
"Cole Beasley	BUF	12	7	108	5	70	10.0	38	5.4	0		0	0.0
Isaiah McKenzie	BUF	2	2	11		-1	-0.5	12	6.0	0		0	0.0
John Brown	BUF	4	1	53	1	33	33.0	20	20.0	0		0	0.0
Devin Singletary	BUF	1	1	2	0	1	1.0	1	1.0	0		0	0.0
Dion Dawkins	BUF	1	1	1	1	1	1.0	0	0.0	0		0	0.0
Dawson Knox	BUF	4	1	33	1	32	32.0	1	1.0	0		1	25.0
Tyler Kroft	BUF	1	0	0		0		0		0		0	0.0
Robert Foster	BUF	1	0	0		0		0		0		0	0.0
Player	Tm	Tgt	Rec	Yds	1D	YBC	YBC/R	YAC	YAC/R	BrkTkl	Rec/Br	Drop	Drop%
Julian Edelman	NWE	6	5	72	3	52	10.4	20	4.0	1	5.0	1	16.7
Rex Burkhead	NWE	4	4	77	3	6	1.5	71	17.8	1	4.0	0	0.0
James White	NWE	5	4	24	0	12	3.0	12	3.0	0		0	0.0
Jakobi Meyers	NWE	3	3	25	1	19	6.3	6	2.0	0		0	0.0
Mohamed Sanu	NWE	5	3	24	1	22	7.3	2	0.7	0		0	0.0
Ben Watson	NWE	3	3	15	1	11	3.7	4	1.3	0		0	0.0
N'Keal Harry	NWE	3	2	21	1	6	3.0	15	7.5	1	2.0	0	0.0
Matt LaCosse	NWE	1	1	8	1	7	7.0	1	1.0	0		0	0.0
Sony Michel	NWE	2	1	5	0	-2	-2.0	7	7.0	1	1.0	0	0.0"
advanced_defense
"Taron Johnson	BUF	0	6	5	83.3%	68	13.6	11.3	0	113.9	7.0	37	31	1	0	0	0.0	0	5	1	16.7%
Tremaine Edmunds	BUF	0	6	4	66.7%	46	11.5	7.7	0	89.6	3.2	15	31	4	0	0	0.0	0	9	1	10.0%
Jordan Poyer	BUF	0	3	3	100.0%	52	17.3	17.3	0	118.7	11.0	33	19	2	0	0	0.0	0	11	1	8.3%
Matt Milano	BUF	0	3	3	100.0%	24	8.0	8.0	0	100.0	2.7	8	16	2	0	0	0.0	0	12	2	14.3%
Micah Hyde	BUF	0	3	3	100.0%	13	4.3	4.3	0	84.7	4.3	13	0	0	0	0	0.0	0	7	0	0.0%
Lorenzo Alexander	BUF	0	1	1	100.0%	8	8.0	8.0	1	139.6	7.0	7	1	2	0	0	0.0	0	5	1	16.7%
Levi Wallace	BUF	0	2	1	50.0%	-1	-1.0	-0.5	0	56.2	0.5	-6	5	0	0	0	0.0	0	3	0	0.0%
Kevin Johnson	BUF	0	3	1	33.3%	12	12.0	4.0	0	46.5	11.0	6	6	1	0	0	0.0	0	3	1	25.0%
Shaq Lawson	BUF	0	0	0										0	3	1	0.0	4	2	0	0.0%
Ed Oliver	BUF	0	0	0										0	1	1	0.0	2	4	0	0.0%
Jerry Hughes	BUF	0	0	0										1	2	0	0.0	2	1	2	66.7%
Trent Murphy	BUF	0	0	0										0	1	1	0.0	2	5	0	0.0%
Jordan Phillips	BUF	0	0	0										0	0	1	0.0	1	3	0	0.0%
Star Lotulelei	BUF	0	0	0										0	0	0	0.0	0	5	2	28.6%
Player	Tm	Int	Tgt	Cmp	Cmp%	Yds	Yds/Cmp	Yds/Tgt	TD	Rat	DADOT	Air	YAC	Bltz	Hrry	QBKD	Sk	Prss	Comb	MTkl	MTkl%
J.C. Jackson	NWE	0	10	5	50.0%	82	16.4	8.2	0	77.9	8.4	46	36	0	0	0	0.0	0	6	0	0.0%
Stephon Gilmore	NWE	0	5	2	40.0%	22	11.0	4.4	0	53.7	17.8	10	12	0	0	0	0.0	0	1	0	0.0%
Jamie Collins	NWE	0	1	1	100.0%	12	12.0	12.0	0	116.7	10.0	10	2	3	0	1	0.0	1	6	0	0.0%
Devin McCourty	NWE	0	1	1	100.0%	53	53.0	53.0	1	158.3	33.0	33	20	1	0	0	0.0	0	6	0	0.0%
Kyle Van Noy	NWE	0	1	1	100.0%	2	2.0	2.0	0	79.2	1.0	1	1	4	0	0	0.0	0	4	0	0.0%
Patrick Chung	NWE	0	3	1	33.3%	33	33.0	11.0	0	75.7	19.3	32	1	2	0	0	0.0	0	5	0	0.0%
Joejuan Williams	NWE	0	2	1	50.0%	3	3.0	1.5	0	56.2	21.0	3	0	0	0	0	0.0	0	1	0	0.0%
Dont'a Hightower	NWE	0	0	0										2	1	0	1.5	3	5	0	0.0%
Lawrence Guy	NWE	0	0	0										0	0	1	1.0	2	6	0	0.0%
Danny Shelton	NWE	0	0	0										0	1	0	0.0	1	3	1	25.0%
Adam Butler	NWE	0	0	0										0	0	0	0.5	1	2	0	0.0%
John Simon	NWE	0	0	0										1	0	0	1.0	1	3	0	0.0%
Chase Winovich	NWE	0	0	0										1	0	0	0.0	0	1	0	0.0%
Duron Harmon	NWE	0	0	0										2	0	0	0.0	0	1	0	0.0%"
