advanced_rushing = document.querySelectorAll("#rushing_advanced > tbody")[0].innerText;
advanced_receiving = document.querySelectorAll("#receiving_advanced > tbody")[0].innerText;
advanced_defense = document.querySelectorAll("#defense_advanced > tbody")[0].innerText;
advanced_passing = document.querySelectorAll("#passing_advanced > tbody")[0].innerText;
"Drew Brees	NOR	27	38	279	15	36.6	262	6.9	137	5.1	3.6	142	5.3	1	2.7%	5	13.5%	3	9	2	0	0	
Taysom Hill	NOR	1	2	20	1	50.0	21	10.5	11	11.0	5.5	9	9.0	0	0.0%	0	0.0%	0	0	0	0	0	
Player	Tm	Cmp	Att	Yds	1D	1D%	IAY	IAY/PA	CAY	CAY/Cmp	CAY/PA	YAC	YAC/Cmp	Drops	Drop%	BadTh	Bad%	Sk	Bltz	Hrry	Hits	Scrm	Yds/Scr
Ryan Tannehill	TEN	17	27	272	11	34.4	241	8.9	140	8.2	5.2	132	7.8	4	16.0%	1	4.0%	5	10	4	1	1	8.0"
advanced_rushing
"Alvin Kamara	NOR	11	80	3	67	6.1	13	1.2	1	11.0
Latavius Murray	NOR	7	14	1	10	1.4	4	0.6	0	
Drew Brees	NOR	3	-3	0	-3	-1.0	0	0.0	0	
Taysom Hill	NOR	2	11	1	11	5.5	0	0.0	0	
Player	Tm	Att	Yds	1D	YBC	YBC/Att	YAC	YAC/Att	BrkTkl	Att/Br
Dion Lewis	TEN	15	68	1	31	2.1	37	2.5	2	7.5
Dalyn Dawkins	TEN	9	24	2	16	1.8	8	0.9	0	
A.J. Brown	TEN	1	49	1	4	4.0	45	45.0	1	1.0
Ryan Tannehill	TEN	1	8	0	8	8.0	0	0.0	0	"
advanced_receiving
"Michael Thomas	NOR	17	12	136	10	89	7.4	47	3.9	0		0	0.0
Alvin Kamara	NOR	7	6	30	2	-6	-1.0	36	6.0	0		1	14.3
Jared Cook	NOR	4	3	84	2	36	12.0	48	16.0	1	3.0	0	0.0
Latavius Murray	NOR	3	2	11	0	5	2.5	6	3.0	0		0	0.0
Taysom Hill	NOR	2	2	21	1	19	9.5	2	1.0	0		0	0.0
Krishawn Hogan	NOR	1	1	4		2	2.0	2	2.0	0		0	0.0
Tre'Quan Smith	NOR	2	1	13	1	6	6.0	7	7.0	0		0	0.0
Deonte Harris	NOR	1	1	0		-3	-3.0	3	3.0	0		0	0.0
Justin Hardee	NOR	1	0	0		0		0		0		0	0.0
Ted Ginn	NOR	1	0	0		0		0		0		0	0.0
Player	Tm	Tgt	Rec	Yds	1D	YBC	YBC/R	YAC	YAC/R	BrkTkl	Rec/Br	Drop	Drop%
Tajae Sharpe	TEN	6	5	69	4	34	6.8	35	7.0	0		0	0.0
Jonnu Smith	TEN	4	3	63	2	12	4.0	51	17.0	0		1	25.0
Corey Davis	TEN	4	3	40	3	35	11.7	5	1.7	1	3.0	1	25.0
MyCole Pruitt	TEN	2	2	15		4	2.0	11	5.5	0		0	0.0
Kalif Raymond	TEN	2	2	32		28	14.0	4	2.0	0		0	0.0
Dion Lewis	TEN	2	1	19	1	-2	-2.0	21	21.0	0		0	0.0
A.J. Brown	TEN	2	1	34	1	29	29.0	5	5.0	0		0	0.0
Khari Blasingame	TEN	1	0	0		0		0		0		1	100.0
Anthony Firkser	TEN	1	0	0		0		0		0		0	0.0
Dalyn Dawkins	TEN	1	0	0	0	0		0		0		1	100.0"
advanced_defense
"Patrick Robinson	NOR	0	8	6	75.0%	63	10.5	7.9	0	97.4	14.0	54	9	0	0	0	0.0	0	6	1	14.3%
Marcus Williams	NOR	0	3	3	100.0%	75	25.0	25.0	1	158.3	3.3	10	65	0	0	0	0.0	0	2	2	50.0%
Janoris Jenkins	NOR	0	4	3	75.0%	37	12.3	9.3	1	142.7	8.0	28	9	1	0	0	0.0	0	2	0	0.0%
A.J. Klein	NOR	0	1	1	100.0%	36	36.0	36.0	1	158.3	6.0	6	30	8	0	0	2.0	2	3	1	25.0%
Demario Davis	NOR	0	3	1	33.3%	10	10.0	3.3	0	43.7	0.0	1	9	7	0	0	1.0	1	11	1	8.3%
Eli Apple	NOR	0	1	1	100.0%	12	12.0	12.0	0	116.7	9.0	9	3	0	0	0	0.0	0	2	0	0.0%
Chauncey Gardner-Johnson	NOR	0	1	1	100.0%	5	5.0	5.0	0	87.5	3.0	3	2	1	0	0	0.0	0	8	1	11.1%
Marshon Lattimore	NOR	0	3	1	33.3%	34	34.0	11.3	0	77.1	17.3	29	5	0	0	0	0.0	0	3	0	0.0%
Cameron Jordan	NOR	0	0	0										0	4	0	1.0	5	4	1	20.0%
Shy Tuttle	NOR	0	0	0										0	0	0	1.0	1	2	0	0.0%
Carl Granderson	NOR	0	0	0										0	0	1	0.0	1	2	0	0.0%
P.J. Williams	NOR	0	1	0	0.0%					39.6	0.0			3	0	0	0.0	0	1	0	0.0%
Player	Tm	Int	Tgt	Cmp	Cmp%	Yds	Yds/Cmp	Yds/Tgt	TD	Rat	DADOT	Air	YAC	Bltz	Hrry	QBKD	Sk	Prss	Comb	MTkl	MTkl%
Jayon Brown	TEN	0	7	7	100.0%	55	7.9	7.9	0	99.4	2.7	19	36	2	0	0	0.0	0	8	0	0.0%
LeShaun Sims	TEN	0	8	6	75.0%	105	17.5	13.1	2	156.2	7.9	44	61	0	0	0	0.0	0	6	1	14.3%
Logan Ryan	TEN	0	7	5	71.4%	40	8.0	5.7	0	85.4	6.4	11	29	1	0	0	0.0	0	7	0	0.0%
Tramaine Brock	TEN	0	5	4	80.0%	17	4.3	3.4	0	80.8	6.6	6	11	2	0	0	0.0	0	5	0	0.0%
Kevin Byard	TEN	0	3	2	66.7%	49	24.5	16.3	1	149.3	14.0	42	7	0	0	0	0.0	0	4	1	20.0%
Rashaan Evans	TEN	0	3	2	66.7%	28	14.0	9.3	0	96.5	15.0	23	5	0	0	0	0.0	0	7	0	0.0%
Kamalei Correa	TEN	0	2	1	50.0%	5	5.0	2.5	0	56.2	-2.0	3	2	2	0	0	0.0	0	0	0	
Derick Roberson	TEN	0	0	0										1	0	0	2.0	2	2	0	0.0%
DaQuan Jones	TEN	0	0	0										0	1	0	0.0	1	2	0	0.0%
Harold Landry	TEN	0	1	0	0.0%					39.6	2.0			5	1	0	0.0	1	1	0	0.0%
Jurrell Casey	TEN	0	0	0										0	0	0	1.0	1	2	0	0.0%
Kenny Vaccaro	TEN	0	2	0	0.0%					39.6	12.0			2	0	0	0.0	0	2	0	0.0%
Tye Smith	TEN	0	1	0	0.0%					39.6	10.0			0	0	0	0.0	0	0	0	"
