advanced_rushing = document.querySelectorAll("#rushing_advanced > tbody")[0].innerText;
advanced_receiving = document.querySelectorAll("#receiving_advanced > tbody")[0].innerText;
advanced_defense = document.querySelectorAll("#defense_advanced > tbody")[0].innerText;
advanced_passing = document.querySelectorAll("#passing_advanced > tbody")[0].innerText;
"Jared Goff	LAR	27	46	323	17	37.0	289	6.3	168	6.2	3.7	155	5.7	0	0.0%	8	20.5%	0	14	10	2	4	3.0
Player	Tm	Cmp	Att	Yds	1D	1D%	IAY	IAY/PA	CAY	CAY/Cmp	CAY/PA	YAC	YAC/Cmp	Drops	Drop%	BadTh	Bad%	Sk	Bltz	Hrry	Hits	Scrm	Yds/Scr
Jimmy Garoppolo	SFO	16	27	248	12	36.4	207	7.7	130	8.1	4.8	118	7.4	2	7.4%	4	14.8%	6	12	2	1	1	7.0"
advanced_rushing
"Todd Gurley	LAR	15	48	4	12	0.8	36	2.4	2	7.5
Jared Goff	LAR	4	12	2	12	3.0	0	0.0	0	
Darrell Henderson	LAR	2	7		3	1.5	4	2.0	0	
Robert Woods	LAR	2	6	0	4	2.0	2	1.0	0	
Malcolm Brown	LAR	1	-1		-2	-2.0	1	1.0	0	
Player	Tm	Att	Yds	1D	YBC	YBC/Att	YAC	YAC/Att	BrkTkl	Att/Br
Raheem Mostert	SFO	11	53	1	41	3.7	12	1.1	0	
Tevin Coleman	SFO	5	33	2	23	4.6	10	2.0	0	
Jimmy Garoppolo	SFO	4	5	1	5	1.3	0	0.0	0	
Deebo Samuel	SFO	3	28	1	2	0.7	26	8.7	1	3.0"
advanced_receiving
"Tyler Higbee	LAR	11	9	104	6	49	5.4	55	6.1	0		0	0.0
Robert Woods	LAR	11	8	117	6	86	10.8	31	3.9	1	8.0	0	0.0
Brandin Cooks	LAR	6	4	39	3	14	3.5	25	6.3	0		0	0.0
Cooper Kupp	LAR	4	4	31	1	18	4.5	13	3.3	0		0	0.0
Josh Reynolds	LAR	3	2	32	1	1	0.5	31	15.5	1	2.0	0	0.0
Malcolm Brown	LAR	1	0	0		0		0		0		0	0.0
Gerald Everett	LAR	1	0	0		0		0		0		0	0.0
Todd Gurley	LAR	2	0	0	0	0		0		0		0	0.0
Player	Tm	Tgt	Rec	Yds	1D	YBC	YBC/R	YAC	YAC/R	BrkTkl	Rec/Br	Drop	Drop%
George Kittle	SFO	8	5	79	5	31	6.2	48	9.6	0		1	12.5
Deebo Samuel	SFO	6	4	31	1	3	0.8	28	7.0	0		0	0.0
Emmanuel Sanders	SFO	6	3	61	2	56	18.7	5	1.7	0		0	0.0
Kendrick Bourne	SFO	3	2	29	2	21	10.5	8	4.0	0		0	0.0
Ross Dwelley	SFO	1	1	25	1	22	22.0	3	3.0	0		0	0.0
Kyle Juszczyk	SFO	2	1	23	1	-3	-3.0	26	26.0	0		0	0.0
Raheem Mostert	SFO	1	0	0	0	0		0		0		1	100.0"
advanced_defense
"Jalen Ramsey	LAR	1	6	3	50.0%	58	19.3	9.7	0	44.4	14.7	53	5	0	0	0	0.0	0	4	1	20.0%
Clay Matthews	LAR	0	2	2	100.0%	48	24.0	24.0	0	118.7	9.5	19	29	5	2	1	0.0	3	0	1	100.0%
Troy Reeder	LAR	0	2	2	100.0%	44	22.0	22.0	0	118.7	7.5	15	29	0	0	0	0.0	0	3	0	0.0%
Cory Littleton	LAR	0	3	2	66.7%	18	9.0	6.0	1	122.2	7.3	14	4	5	0	0	0.0	0	7	1	12.5%
Taylor Rapp	LAR	0	4	2	50.0%	17	8.5	4.3	0	61.5	4.5	11	6	1	0	0	0.0	0	5	1	16.7%
Dante Fowler	LAR	0	1	1	100.0%	18	18.0	18.0	0	118.7	-5.0	-5	23	5	0	0	2.5	3	6	0	0.0%
Samson Ebukam	LAR	0	1	1	100.0%	13	13.0	13.0	0	118.7	-3.0	-3	16	2	0	0	1.0	1	1	0	0.0%
Marqui Christian	LAR	0	2	1	50.0%	12	12.0	6.0	0	68.7	18.5	12	0	2	0	0	0.0	0	1	0	0.0%
Eric Weddle	LAR	0	1	1	100.0%	18	18.0	18.0	0	118.7	14.0	14	4	0	0	0	0.0	0	6	0	0.0%
Darious Williams	LAR	1	3	1	33.3%	2	2.0	0.7	0	2.8	4.0	0	2	1	0	0	0.0	0	2	0	0.0%
Aaron Donald	LAR	0	0	0										0	0	0	1.5	2	3	0	0.0%
Morgan Fox	LAR	0	0	0										0	0	0	1.0	1	1	0	0.0%
Michael Brockers	LAR	0	1	0	0.0%					39.6	-5.0			0	0	0	0.0	0	2	0	0.0%
Nickell Robey-Coleman	LAR	0	1	0	0.0%					39.6	-5.0			0	0	0	0.0	0	1	0	0.0%
Player	Tm	Int	Tgt	Cmp	Cmp%	Yds	Yds/Cmp	Yds/Tgt	TD	Rat	DADOT	Air	YAC	Bltz	Hrry	QBKD	Sk	Prss	Comb	MTkl	MTkl%
Dre Greenlaw	SFO	0	12	10	83.3%	111	11.1	9.3	0	105.2	4.8	50	61	2	1	0	0.0	1	13	0	0.0%
K'Waun Williams	SFO	0	4	4	100.0%	20	5.0	5.0	0	87.5	3.5	14	6	3	1	1	0.0	2	5	0	0.0%
Marcell Harris	SFO	0	6	4	66.7%	61	15.3	10.2	0	100.0	13.7	39	22	6	1	0	0.0	1	7	0	0.0%
Azeez Al-Shaair	SFO	0	4	3	75.0%	34	11.3	8.5	0	100.0	-2.3	-9	43	1	0	0	0.0	0	2	2	50.0%
Ahkello Witherspoon	SFO	0	5	3	60.0%	58	19.3	11.6	2	140.0	16.6	48	10	2	0	0	0.0	0	2	1	33.3%
Fred Warner	SFO	1	5	2	40.0%	20	10.0	4.0	0	12.5	0.4	8	12	3	0	0	0.0	0	11	0	0.0%
Richard Sherman	SFO	0	3	1	33.3%	19	19.0	6.3	0	56.2	18.3	18	1	0	0	0	0.0	0	4	0	0.0%
Arik Armstead	SFO	0	1	0	0.0%					39.6	-3.0			0	3	0	0.0	3	4	1	20.0%
DeForest Buckner	SFO	0	0	0										0	2	0	0.0	2	1	0	0.0%
Nick Bosa	SFO	0	0	0										0	1	1	0.0	2	0	0	
Solomon Thomas	SFO	0	0	0										0	1	0	0.0	1	1	1	50.0%
Jimmie Ward	SFO	0	0	0										1	0	0	0.0	0	2	1	33.3%"
