advanced_rushing = document.querySelectorAll("#rushing_advanced > tbody")[0].innerText;
advanced_receiving = document.querySelectorAll("#receiving_advanced > tbody")[0].innerText;
advanced_defense = document.querySelectorAll("#defense_advanced > tbody")[0].innerText;
advanced_passing = document.querySelectorAll("#passing_advanced > tbody")[0].innerText;
"Matt Ryan	ATL	21	31	311	15	44.1	296	9.5	239	11.4	7.7	72	3.4	3	10.0%	3	10.0%	3	7	2	4	0	
Kenjon Barner	ATL	1	1	3			-4	-4.0	-4	-4.0	-4.0	7	7.0	0	0.0%	0	0.0%	0	1	0	0	0	
Player	Tm	Cmp	Att	Yds	1D	1D%	IAY	IAY/PA	CAY	CAY/Cmp	CAY/PA	YAC	YAC/Cmp	Drops	Drop%	BadTh	Bad%	Sk	Bltz	Hrry	Hits	Scrm	Yds/Scr
Kyle Allen	CAR	31	50	325	15	27.3	351	7.0	170	5.5	3.4	155	5.0	3	6.4%	9	19.1%	5	7	7	4	1	7.0"
advanced_rushing
"Brian Hill	ATL	15	30	1	8	0.5	22	1.5	2	7.5
Qadree Ollison	ATL	4	11	1	4	1.0	7	1.8	0	
Kenjon Barner	ATL	2	15		11	5.5	4	2.0	0	
Matt Ryan	ATL	2	0	1	-1	-0.5	1	0.5	0	
Julio Jones	ATL	1	-4	0	-4	-4.0	0	0.0	0	
Matt Schaub	ATL	1	-1		-1	-1.0	0	0.0	0	
Keith Smith	ATL	1	3	1	0	0.0	3	3.0	0	
Player	Tm	Att	Yds	1D	YBC	YBC/Att	YAC	YAC/Att	BrkTkl	Att/Br
Christian McCaffrey	CAR	14	70	2	37	2.6	33	2.4	2	7.0
Kyle Allen	CAR	1	7	0	7	7.0	0	0.0	0	"
advanced_receiving
"Calvin Ridley	ATL	8	8	143	6	124	15.5	19	2.4	0		0	0.0
Julio Jones	ATL	8	6	91	4	87	14.5	4	0.7	0		0	0.0
Russell Gage	ATL	4	2	32	2	13	6.5	19	9.5	0		0	0.0
Jaeden Graham	ATL	2	2	23	2	11	5.5	12	6.0	1	2.0	0	0.0
Justin Hardy	ATL	4	2	14	1	6	3.0	8	4.0	0		1	25.0
Christian Blake	ATL	1	1	3		-4	-4.0	7	7.0	0		0	0.0
Brian Hill	ATL	3	1	8	0	0	0.0	8	8.0	0		1	33.3
Qadree Ollison	ATL	1	0	0	0	0		0		0		1	100.0
Player	Tm	Tgt	Rec	Yds	1D	YBC	YBC/R	YAC	YAC/R	BrkTkl	Rec/Br	Drop	Drop%
Christian McCaffrey	CAR	15	11	121	5	29	2.6	92	8.4	2	5.5	1	6.7
D.J. Moore	CAR	15	8	95	4	58	7.3	37	4.6	1	8.0	0	0.0
Greg Olsen	CAR	5	5	57	3	42	8.4	15	3.0	0		0	0.0
Curtis Samuel	CAR	6	4	25	2	24	6.0	1	0.3	1	4.0	0	0.0
Reggie Bonnafon	CAR	3	2	8		-1	-0.5	9	4.5	0		1	33.3
Jarius Wright	CAR	2	1	19	1	18	18.0	1	1.0	0		0	0.0
Ian Thomas	CAR	1	0	0		0		0		0		1	100.0"
advanced_defense
"De'Vondre Campbell	ATL	1	10	9	90.0%	97	10.8	9.7	0	67.5	4.9	30	67	1	0	0	0.0	0	12	1	7.7%
Desmond Trufant	ATL	1	10	8	80.0%	84	10.5	8.4	0	62.1	6.0	51	33	0	0	0	0.0	0	7	1	12.5%
Kendall Sheffield	ATL	0	7	6	85.7%	61	10.2	8.7	0	103.0	4.7	33	28	1	0	0	0.0	0	4	2	33.3%
Isaiah Oliver	ATL	0	9	4	44.4%	44	11.0	4.9	0	59.5	13.7	38	6	0	0	0	0.0	0	3	1	25.0%
Deion Jones	ATL	0	5	4	80.0%	45	11.3	9.0	0	104.2	2.6	17	28	1	0	0	0.0	0	8	0	0.0%
Jack Crawford	ATL	0	3	3	100.0%	15	5.0	5.0	0	87.5	4.7	14	1	0	2	2	0.0	4	3	0	0.0%
Foyesade Oluokun	ATL	0	3	3	100.0%	28	9.3	9.3	0	105.6	7.0	21	7	0	0	0	0.0	0	7	1	12.5%
Ricardo Allen	ATL	1	5	3	60.0%	10	3.3	2.0	0	25.0	5.0	2	8	2	0	0	0.0	0	6	0	0.0%
Damontae Kazee	ATL	1	5	3	60.0%	58	19.3	11.6	0	60.8	16.8	42	16	0	0	0	0.0	0	3	1	25.0%
Vic Beasley	ATL	0	2	1	50.0%	5	5.0	2.5	0	56.2	4.0	5	0	0	2	0	1.0	3	2	0	0.0%
Jamal Carter	ATL	0	2	1	50.0%	26	26.0	13.0	0	95.8	10.0	16	10	0	0	0	0.0	0	1	0	0.0%
Adrian Clayborn	ATL	0	0	0										0	1	1	2.0	4	3	0	0.0%
Takkarist McKinley	ATL	0	0	0										1	1	0	1.0	2	2	0	0.0%
Jacob Tuioti-Mariner	ATL	0	0	0										0	1	0	0.0	1	1	0	0.0%
Grady Jarrett	ATL	0	0	0										0	0	1	0.0	1	0	2	100.0%
Allen Bailey	ATL	0	0	0										0	0	0	1.0	1	2	0	0.0%
Jermaine Grace	ATL	0	1	0	0.0%					39.6	4.0			0	0	0	0.0	0	0	0	
Player	Tm	Int	Tgt	Cmp	Cmp%	Yds	Yds/Cmp	Yds/Tgt	TD	Rat	DADOT	Air	YAC	Bltz	Hrry	QBKD	Sk	Prss	Comb	MTkl	MTkl%
James Bradberry	CAR	0	10	8	80.0%	98	12.3	9.8	0	107.5	10.6	72	26	0	0	0	0.0	0	7	1	12.5%
Tre Boston	CAR	0	7	6	85.7%	92	15.3	13.1	0	118.7	12.3	81	11	0	0	0	0.0	0	8	0	0.0%
Donte Jackson	CAR	0	7	5	71.4%	72	14.4	10.3	1	144.0	11.1	70	2	0	0	0	0.0	0	4	1	20.0%
Shaq Thompson	CAR	0	6	4	66.7%	25	6.3	4.2	0	75.0	1.0	3	22	1	0	0	0.0	0	5	1	16.7%
Luke Kuechly	CAR	0	5	3	60.0%	72	24.0	14.4	0	104.2	11.6	57	15	1	0	0	0.0	0	8	0	0.0%
Mario Addison	CAR	0	1	1	100.0%	14	14.0	14.0	0	118.7	7.0	7	7	0	0	1	1.0	2	3	0	0.0%
Eric Reid	CAR	0	1	1	100.0%	5	5.0	5.0	0	87.5	5.0	5	0	0	0	0	0.0	0	8	0	0.0%
Javien Elliott	CAR	0	2	1	50.0%	18	18.0	9.0	0	81.2	3.5	6	12	1	0	0	0.0	0	2	0	0.0%
Bruce Irvin	CAR	0	0	0										0	1	2	0.0	3	2	0	0.0%
Gerald McCoy	CAR	0	0	0										0	1	0	1.0	2	4	0	0.0%
Dontari Poe	CAR	0	0	0										0	0	1	1.0	2	2	0	0.0%
Wes Horton	CAR	0	0	0										0	1	0	0.0	1	1	0	0.0%"
