advanced_rushing = document.querySelectorAll("#rushing_advanced > tbody")[0].innerText;
advanced_receiving = document.querySelectorAll("#receiving_advanced > tbody")[0].innerText;
advanced_defense = document.querySelectorAll("#defense_advanced > tbody")[0].innerText;
advanced_passing = document.querySelectorAll("#passing_advanced > tbody")[0].innerText;
"Mason Rudolph	PIT	23	44	221	10	20.8	439	10.0	92	4.0	2.1	129	5.6	2	4.8%	9	21.4%	4	24	5	7	1	13.0
Player	Tm	Cmp	Att	Yds	1D	1D%	IAY	IAY/PA	CAY	CAY/Cmp	CAY/PA	YAC	YAC/Cmp	Drops	Drop%	BadTh	Bad%	Sk	Bltz	Hrry	Hits	Scrm	Yds/Scr
Baker Mayfield	CLE	17	32	193	10	30.3	277	8.7	125	7.4	3.9	68	4.0	2	6.7%	8	26.7%	1	18	5	2	0	"
advanced_rushing
"James Conner	PIT	5	10		4	0.8	6	1.2	0	
Jaylen Samuels	PIT	5	26	1	13	2.6	13	2.6	0	
Trey Edmunds	PIT	3	11	0	7	2.3	4	1.3	0	
Mason Rudolph	PIT	2	15	2	14	7.0	1	0.5	0	
Tony Brooks-James	PIT	1	-4		-4	-4.0	0	0.0	0	
Player	Tm	Att	Yds	1D	YBC	YBC/Att	YAC	YAC/Att	BrkTkl	Att/Br
Nick Chubb	CLE	27	92	3	29	1.1	63	2.3	3	9.0
Kareem Hunt	CLE	6	12	2	5	0.8	7	1.2	0	
Garrett Gilbert	CLE	1	-1		-1	-1.0	0	0.0	0	
Baker Mayfield	CLE	1	1	1	0	0.0	1	1.0	0	"
advanced_receiving
"Jaylen Samuels	PIT	6	5	19	2	-26	-5.2	45	9.0	0		0	0.0
James Washington	PIT	5	3	49	3	42	14.0	7	2.3	0		1	20.0
Trey Edmunds	PIT	3	3	27	1	1	0.3	26	8.7	0		0	0.0
Vance McDonald	PIT	7	3	33	1	14	4.7	19	6.3	0		0	0.0
Diontae Johnson	PIT	4	2	17	1	15	7.5	2	1.0	1	2.0	0	0.0
JuJu Smith-Schuster	PIT	4	2	21	1	6	3.0	15	7.5	0		0	0.0
Tevin Jones	PIT	4	2	24		24	12.0	0	0.0	0		0	0.0
Johnny Holton	PIT	7	1	18	1	12	12.0	6	6.0	0		0	0.0
James Conner	PIT	2	1	6		0	0.0	6	6.0	0		1	50.0
Nick Vannett	PIT	1	1	7		4	4.0	3	3.0	0		0	0.0
Player	Tm	Tgt	Rec	Yds	1D	YBC	YBC/R	YAC	YAC/R	BrkTkl	Rec/Br	Drop	Drop%
Kareem Hunt	CLE	8	6	46	3	4	0.7	42	7.0	1	6.0	0	0.0
Odell Beckham	CLE	10	4	60	2	45	11.3	15	3.8	0		1	10.0
Jarvis Landry	CLE	7	4	43	3	36	9.0	7	1.8	0		0	0.0
KhaDarel Hodge	CLE	2	1	41	1	37	37.0	4	4.0	0		0	0.0
Wyatt Teller	CLE	1	1	-5		-5	-5.0	0	0.0	0		0	0.0
Stephen Carlson	CLE	1	1	8	1	8	8.0	0	0.0	0		0	0.0
Nick Chubb	CLE	1	0	0	0	0		0		0		1	100.0"
advanced_defense
"Mark Barron	PIT	0	4	3	75.0%	39	13.0	9.8	1	144.8	5.8	19	20	5	1	0	0.0	1	3	2	40.0%
Terrell Edmunds	PIT	0	5	3	60.0%	43	14.3	8.6	0	87.9	10.8	35	8	0	0	0	0.0	0	3	0	0.0%
Mike Hilton	PIT	0	4	2	50.0%	47	23.5	11.8	0	92.7	19.0	43	4	4	1	0	0.0	1	3	0	0.0%
Bud Dupree	PIT	0	2	2	100.0%	1	0.5	0.5	0	79.2	-4.5	-9	10	12	0	0	0.0	0	6	2	25.0%
Devin Bush	PIT	0	3	2	66.7%	4	2.0	1.3	1	109.7	-0.7	-2	6	4	0	0	0.0	0	6	0	0.0%
Steven Nelson	PIT	0	6	2	33.3%	42	21.0	7.0	0	59.0	15.8	33	9	0	0	0	0.0	0	4	0	0.0%
Cameron Sutton	PIT	0	1	1	100.0%	11	11.0	11.0	0	112.5	5.0	5	6	0	0	0	0.0	0	1	0	0.0%
Joe Haden	PIT	0	4	1	25.0%	11	11.0	2.8	0	39.6	7.0	6	5	0	0	0	0.0	0	3	1	25.0%
T.J. Watt	PIT	0	0	0										12	3	1	1.0	5	4	1	20.0%
Cameron Heyward	PIT	0	0	0										0	0	1	0.0	1	6	0	0.0%
Vince Williams	PIT	0	0	0										5	0	0	0.0	0	5	0	0.0%
Minkah Fitzpatrick	PIT	0	0	0										0	0	0	0.0	0	2	1	33.3%
Player	Tm	Int	Tgt	Cmp	Cmp%	Yds	Yds/Cmp	Yds/Tgt	TD	Rat	DADOT	Air	YAC	Bltz	Hrry	QBKD	Sk	Prss	Comb	MTkl	MTkl%
Joe Schobert	CLE	2	6	4	66.7%	26	6.5	4.3	0	36.1	3.8	2	24	15	0	1	1.0	2	10	0	0.0%
Denzel Ward	CLE	0	11	4	36.4%	64	16.0	5.8	0	56.6	17.8	55	9	1	0	0	0.0	0	4	0	0.0%
Mack Wilson	CLE	0	7	4	57.1%	28	7.0	4.0	0	66.4	4.4	-3	31	10	0	0	0.0	0	5	1	16.7%
Greedy Williams	CLE	0	6	4	66.7%	46	11.5	7.7	0	89.6	18.3	40	6	0	0	0	0.0	0	7	0	0.0%
Myles Garrett	CLE	0	1	1	100.0%	9	9.0	9.0	0	104.2	5.0	5	4	0	2	3	0.0	5	1	0	0.0%
Sheldon Richardson	CLE	0	1	1	100.0%	11	11.0	11.0	0	112.5	-7.0	-7	18	0	0	1	0.0	1	3	0	0.0%
Morgan Burnett	CLE	1	3	1	33.3%	7	7.0	2.3	0	2.8	13.0	3	4	4	1	0	0.0	1	5	1	16.7%
Juston Burris	CLE	1	3	1	33.3%	3	3.0	1.0	1	42.4	4.0	-6	9	3	0	0	1.0	1	5	0	0.0%
Chris Smith	CLE	0	1	1	100.0%	6	6.0	6.0	0	91.7	-3.0	-3	9	0	0	1	0.0	1	1	0	0.0%
Damarious Randall	CLE	0	1	1	100.0%	16	16.0	16.0	0	118.7	5.0	5	11	3	0	0	0.0	0	1	1	50.0%
T.J. Carrie	CLE	0	2	1	50.0%	5	5.0	2.5	0	56.2	3.0	1	4	5	0	0	0.0	0	1	0	0.0%
Larry Ogunjobi	CLE	0	0	0										0	1	1	1.0	3	1	0	0.0%
Chad Thomas	CLE	0	0	0										0	0	0	1.0	1	3	0	0.0%
Sheldrick Redwine	CLE	0	1	0	0.0%					39.6	0.0			3	1	0	0.0	1	1	1	50.0%"
