advanced_rushing = document.querySelectorAll("#rushing_advanced > tbody")[0].innerText;
advanced_receiving = document.querySelectorAll("#receiving_advanced > tbody")[0].innerText;
advanced_defense = document.querySelectorAll("#defense_advanced > tbody")[0].innerText;
advanced_passing = document.querySelectorAll("#passing_advanced > tbody")[0].innerText;
"Brandon Allen	DEN	17	39	240	10	24.4	318	8.2	164	9.6	4.2	76	4.5	1	3.0%	9	27.3%	2	12	2	0	1	5.0
Courtland Sutton	DEN	1	1	38	1	100.0	37	37.0	37	37.0	37.0	1	1.0	0	0.0%	0	0.0%	0	1	0	0	0	
Player	Tm	Cmp	Att	Yds	1D	1D%	IAY	IAY/PA	CAY	CAY/Cmp	CAY/PA	YAC	YAC/Cmp	Drops	Drop%	BadTh	Bad%	Sk	Bltz	Hrry	Hits	Scrm	Yds/Scr
Kirk Cousins	MIN	29	35	319	13	32.5	281	8.0	196	6.8	5.6	123	4.2	2	5.7%	2	5.7%	5	7	1	0	0	"
advanced_rushing
"Phillip Lindsay	DEN	16	67	1	51	3.2	16	1.0	0	
Royce Freeman	DEN	8	31	1	14	1.8	17	2.1	0	
Brandon Allen	DEN	3	18	2	14	4.7	4	1.3	0	
Noah Fant	DEN	2	-7	0	-7	-3.5	0	0.0	0	
Courtland Sutton	DEN	2	10	1	6	3.0	4	2.0	0	
Devontae Booker	DEN	1	4		0	0.0	4	4.0	0	
Andy Janovich	DEN	1	1	1	0	0.0	1	1.0	0	
Player	Tm	Att	Yds	1D	YBC	YBC/Att	YAC	YAC/Att	BrkTkl	Att/Br
Dalvin Cook	MIN	11	26	4	19	1.7	7	0.6	0	
Alexander Mattison	MIN	3	5		5	1.7	0	0.0	0	
Kirk Cousins	MIN	2	1	1	0	0.0	1	0.5	0	
Ameer Abdullah	MIN	1	5	0	5	5.0	0	0.0	0	
C.J. Ham	MIN	1	0		0	0.0	0	0.0	0	"
advanced_receiving
"Courtland Sutton	DEN	9	5	113	3	101	20.2	12	2.4	0		0	0.0
Noah Fant	DEN	10	4	60	3	33	8.3	27	6.8	0		0	0.0
Tim Patrick	DEN	8	4	77	3	73	18.3	4	1.0	0		1	12.5
Phillip Lindsay	DEN	2	2	8	0	-8	-4.0	16	8.0	0		0	0.0
Royce Freeman	DEN	1	1	14	1	0	0.0	14	14.0	0		0	0.0
Troy Fumagalli	DEN	3	1	3	1	3	3.0	0	0.0	0		0	0.0
Andy Janovich	DEN	1	1	3	0	-1	-1.0	4	4.0	0		0	0.0
Devontae Booker	DEN	2	0	0		0		0		0		0	0.0
Player	Tm	Tgt	Rec	Yds	1D	YBC	YBC/R	YAC	YAC/R	BrkTkl	Rec/Br	Drop	Drop%
Olabisi Johnson	MIN	9	6	35	1	29	4.8	6	1.0	0		0	0.0
Dalvin Cook	MIN	6	5	31	1	-11	-2.2	42	8.4	0		1	16.7
Stefon Diggs	MIN	5	5	121	4	98	19.6	23	4.6	0		0	0.0
Kyle Rudolph	MIN	5	5	67	3	43	8.6	24	4.8	0		0	0.0
Irv Smith	MIN	3	3	20	2	17	5.7	3	1.0	0		0	0.0
Tyler Conklin	MIN	3	2	28	1	24	12.0	4	2.0	0		0	0.0
Ameer Abdullah	MIN	2	2	11	1	-6	-3.0	17	8.5	0		0	0.0
C.J. Ham	MIN	1	1	6		2	2.0	4	4.0	0		0	0.0
Laquon Treadwell	MIN	1	0	0		0		0		0		1	100.0"
advanced_defense
"Davontae Harris	DEN	0	12	9	75.0%	96	10.7	8.0	1	125.7	13.5	81	15	0	0	0	0.0	0	9	1	10.0%
Todd Davis	DEN	0	8	8	100.0%	71	8.9	8.9	0	103.6	4.3	34	37	0	0	0	0.0	0	12	0	0.0%
Duke Dawson	DEN	0	4	3	75.0%	19	6.3	4.8	0	84.4	3.0	16	3	2	0	0	0.0	0	4	0	0.0%
Alexander Johnson	DEN	0	4	3	75.0%	20	6.7	5.0	0	85.4	-0.5	-2	22	2	0	0	0.0	0	5	1	16.7%
Von Miller	DEN	0	1	1	100.0%	2	2.0	2.0	0	79.2	2.0	2	0	3	1	0	1.0	2	3	0	0.0%
Isaac Yiadom	DEN	0	1	1	100.0%	6	6.0	6.0	0	91.7	5.0	5	1	0	0	0	0.0	0	1	0	0.0%
Justin Simmons	DEN	0	1	1	100.0%	14	14.0	14.0	0	118.7	14.0	14	0	0	0	0	0.0	0	4	0	0.0%
Kareem Jackson	DEN	0	1	1	100.0%	32	32.0	32.0	1	158.3	12.0	12	20	0	0	0	0.0	0	5	0	0.0%
Shelby Harris	DEN	0	0	0										0	0	0	3.0	3	5	0	0.0%
Dre'Mont Jones	DEN	0	0	0										0	0	0	1.0	1	2	0	0.0%
Malik Reed	DEN	0	0	0										1	0	0	0.0	0	1	0	0.0%
Justin Hollins	DEN	0	0	0										1	0	0	0.0	0	0	0	
Player	Tm	Int	Tgt	Cmp	Cmp%	Yds	Yds/Cmp	Yds/Tgt	TD	Rat	DADOT	Air	YAC	Bltz	Hrry	QBKD	Sk	Prss	Comb	MTkl	MTkl%
Xavier Rhodes	MIN	0	7	4	57.1%	101	25.3	14.4	0	101.8	17.7	94	7	0	0	0	0.0	0	5	1	16.7%
Trae Waynes	MIN	0	7	3	42.9%	54	18.0	7.7	0	69.9	12.4	49	5	0	0	0	0.0	0	5	0	0.0%
Anthony Barr	MIN	0	5	3	60.0%	40	13.3	8.0	0	85.4	3.2	13	27	7	0	0	0.0	0	6	0	0.0%
Mike Hughes	MIN	0	2	2	100.0%	35	17.5	17.5	0	118.7	15.5	31	4	0	0	0	0.0	0	3	0	0.0%
Everson Griffen	MIN	0	1	1	100.0%					79.2	-5.0			0	0	0	1.0	1	4	0	0.0%
Mackensie Alexander	MIN	0	2	1	50.0%	3	3.0	1.5	1	95.8	1.5	3	0	0	0	0	0.0	0	0	0	
Andrew Sendejo	MIN	1	2	1	50.0%	31	31.0	15.5	0	56.2	18.0	21	10	0	0	0	0.0	0	7	1	12.5%
Eric Kendricks	MIN	0	2	1	50.0%	7	7.0	3.5	0	58.3	-0.5	-4	11	5	0	0	0.0	0	6	1	14.3%
Eric Wilson	MIN	0	1	1	100.0%	3	3.0	3.0	0	79.2	-1.0	-1	4	1	0	0	0.0	0	4	0	0.0%
Danielle Hunter	MIN	0	0	0										0	3	0	0.0	3	3	0	0.0%
Jaleel Johnson	MIN	0	0	0										0	0	0	1.0	1	6	0	0.0%
Harrison Smith	MIN	0	1	0	0.0%					39.6	3.0			1	0	0	0.0	0	4	0	0.0%
Jayron Kearse	MIN	0	4	0	0.0%					39.6	11.8			0	0	0	0.0	0	5	0	0.0%"
