advanced_rushing = document.querySelectorAll("#rushing_advanced > tbody")[0].innerText;
advanced_receiving = document.querySelectorAll("#receiving_advanced > tbody")[0].innerText;
advanced_defense = document.querySelectorAll("#defense_advanced > tbody")[0].innerText;
advanced_passing = document.querySelectorAll("#passing_advanced > tbody")[0].innerText;
"Ryan Finley	CIN	13	31	115	6	16.7	201	6.5	64	4.9	2.1	51	3.9	3	10.0%	5	16.7%	5	8	14	1	2	20.5
Player	Tm	Cmp	Att	Yds	1D	1D%	IAY	IAY/PA	CAY	CAY/Cmp	CAY/PA	YAC	YAC/Cmp	Drops	Drop%	BadTh	Bad%	Sk	Bltz	Hrry	Hits	Scrm	Yds/Scr
Derek Carr	OAK	25	29	292	12	37.5	186	6.4	164	6.6	5.7	128	5.1	0	0.0%	2	7.1%	3	9	9	2	2	2.0"
advanced_rushing
"Joe Mixon	CIN	15	86	4	62	4.1	24	1.6	0	
Giovani Bernard	CIN	3	30	2	22	7.3	8	2.7	0	
Ryan Finley	CIN	3	47	2	47	15.7	0	0.0	0	
Tyler Boyd	CIN	1	10	1	10	10.0	0	0.0	0	
Player	Tm	Att	Yds	1D	YBC	YBC/Att	YAC	YAC/Att	BrkTkl	Att/Br
Josh Jacobs	OAK	23	112	5	50	2.2	62	2.7	3	7.7
Derek Carr	OAK	5	1	1	1	0.2	0	0.0	0	
Jalen Richard	OAK	2	0		-1	-0.5	1	0.5	0	
DeAndre Washington	OAK	2	-1		-1	-0.5	0	0.0	0	
Alec Ingold	OAK	1	3	1	1	1.0	2	2.0	0	
Darren Waller	OAK	1	-2	0	-2	-2.0	0	0.0	0	"
advanced_receiving
"Auden Tate	CIN	6	4	56	2	51	12.8	5	1.3	0		0	0.0
Tyler Eifert	CIN	4	3	21	1	11	3.7	10	3.3	1	3.0	1	25.0
C.J. Uzomah	CIN	5	2	5	1	4	2.0	1	0.5	0		0	0.0
Giovani Bernard	CIN	3	1	16	1	5	5.0	11	11.0	1	1.0	1	33.3
Tyler Boyd	CIN	3	1	0	0	-4	-4.0	4	4.0	0		0	0.0
Alex Erickson	CIN	5	1	0		0	0.0	0	0.0	0		0	0.0
Joe Mixon	CIN	3	1	17	1	-3	-3.0	20	20.0	1	1.0	1	33.3
Damion Willis	CIN	1	0	0		0		0		0		0	0.0
Player	Tm	Tgt	Rec	Yds	1D	YBC	YBC/R	YAC	YAC/R	BrkTkl	Rec/Br	Drop	Drop%
Hunter Renfrow	OAK	6	5	66	3	38	7.6	28	5.6	0		0	0.0
Darren Waller	OAK	7	5	78	2	36	7.2	42	8.4	1	5.0	0	0.0
Tyrell Williams	OAK	4	4	82	4	62	15.5	20	5.0	0		0	0.0
Josh Jacobs	OAK	3	3	12	1	4	1.3	8	2.7	0		0	0.0
Zay Jones	OAK	3	3	25	1	10	3.3	15	5.0	0		0	0.0
Foster Moreau	OAK	2	2	8	1	4	2.0	4	2.0	0		0	0.0
DeAndre Washington	OAK	2	2	14		4	2.0	10	5.0	0		0	0.0
Jalen Richard	OAK	1	1	7		6	6.0	1	1.0	0		0	0.0"
advanced_defense
"Shawn Williams	CIN	0	6	5	83.3%	75	15.0	12.5	0	118.7	8.0	43	32	0	0	0	0.0	0	9	3	25.0%
William Jackson	CIN	0	6	5	83.3%	69	13.8	11.5	0	114.6	6.3	33	36	0	0	0	0.0	0	4	0	0.0%
Darqueze Dennard	CIN	0	4	4	100.0%	31	7.8	7.8	0	99.0	4.5	18	13	0	1	0	0.0	1	9	0	0.0%
Nick Vigil	CIN	0	4	4	100.0%	18	4.5	4.5	0	85.4	3.5	14	4	5	0	0	0.0	0	12	0	0.0%
B.W. Webb	CIN	0	3	3	100.0%	48	16.0	16.0	0	118.7	9.7	29	19	0	0	0	0.0	0	2	0	0.0%
Carl Lawson	CIN	0	1	1	100.0%	6	6.0	6.0	0	91.7	2.0	2	4	0	1	1	1.0	3	2	0	0.0%
Germaine Pratt	CIN	0	1	1	100.0%	23	23.0	23.0	0	118.7	6.0	6	17	3	1	0	0.0	1	6	2	25.0%
Brandon Wilson	CIN	0	1	1	100.0%	20	20.0	20.0	0	118.7	17.0	17	3	0	0	0	0.0	0	1	0	0.0%
Geno Atkins	CIN	0	0	0										0	2	0	1.5	4	5	0	0.0%
Carlos Dunlap	CIN	0	0	0										0	2	0	0.5	3	6	1	14.3%
Josh Tupou	CIN	0	0	0										0	2	0	0.0	2	7	0	0.0%
Sam Hubbard	CIN	0	0	0										0	0	1	0.0	1	3	0	0.0%
Jessie Bates	CIN	1	1	0	0.0%					0.0	3.0			0	0	0	0.0	0	7	1	12.5%
Player	Tm	Int	Tgt	Cmp	Cmp%	Yds	Yds/Cmp	Yds/Tgt	TD	Rat	DADOT	Air	YAC	Bltz	Hrry	QBKD	Sk	Prss	Comb	MTkl	MTkl%
Trayvon Mullen	OAK	1	8	4	50.0%	24	6.0	3.0	0	16.7	4.6	2	22	0	0	1	0.0	1	5	1	16.7%
Nevin Lawson	OAK	0	3	2	66.7%	18	9.0	6.0	0	82.6	3.7	8	10	3	0	0	0.0	0	2	1	33.3%
Nicholas Morrow	OAK	0	4	2	50.0%	18	9.0	4.5	0	62.5	0.0	6	12	3	0	0	0.0	0	3	1	25.0%
Daryl Worley	OAK	0	6	2	33.3%	18	9.0	3.0	0	42.4	7.8	11	7	1	0	0	0.0	0	2	0	0.0%
Erik Harris	OAK	0	2	1	50.0%	3	3.0	1.5	0	56.2	6.5	3	0	1	0	0	0.0	0	4	0	0.0%
Isaiah Johnson	OAK	0	2	1	50.0%	20	20.0	10.0	0	85.4	11.5	20	0	0	0	0	0.0	0	0	0	
Curtis Riley	OAK	0	2	1	50.0%	14	14.0	7.0	0	72.9	18.0	14	0	0	0	0	0.0	0	4	0	0.0%
Maxx Crosby	OAK	0	0	0										0	4	0	4.0	8	5	0	0.0%
Maurice Hurst	OAK	0	0	0										0	3	0	0.0	3	1	1	50.0%
Dion Jordan	OAK	0	0	0										0	2	0	1.0	3	1	0	0.0%
Clelin Ferrell	OAK	0	0	0										0	2	0	0.0	2	1	1	50.0%
Josh Mauro	OAK	0	0	0										0	2	0	0.0	2	3	1	25.0%
D.J. Swearinger	OAK	0	0	0										3	1	0	0.0	1	7	0	0.0%
Tahir Whitehead	OAK	0	2	0	0.0%					39.6	13.5			1	0	0	0.0	0	4	0	0.0%"
