advanced_rushing = document.querySelectorAll("#rushing_advanced > tbody")[0].innerText;
advanced_receiving = document.querySelectorAll("#receiving_advanced > tbody")[0].innerText;
advanced_defense = document.querySelectorAll("#defense_advanced > tbody")[0].innerText;
advanced_passing = document.querySelectorAll("#passing_advanced > tbody")[0].innerText;
"Mitchell Trubisky	CHI	24	43	190	10	22.7	335	7.8	95	4.0	2.2	95	4.0	1	2.4%	8	19.5%	1	9	8	1	1	4.0
Chase Daniel	CHI	1	4	9			15	3.8	9	9.0	2.3	0	0.0	1	25.0%	1	25.0%	2	0	2	0	0	
Player	Tm	Cmp	Att	Yds	1D	1D%	IAY	IAY/PA	CAY	CAY/Cmp	CAY/PA	YAC	YAC/Cmp	Drops	Drop%	BadTh	Bad%	Sk	Bltz	Hrry	Hits	Scrm	Yds/Scr
Jared Goff	LAR	11	18	173	6	33.3	158	8.8	71	6.5	3.9	102	9.3	1	5.9%	3	17.6%	0	3	0	1	1	5.0"
advanced_rushing
"David Montgomery	CHI	14	31	1	23	1.6	8	0.6	0	
Tarik Cohen	CHI	9	39	4	25	2.8	14	1.6	1	9.0
Mitchell Trubisky	CHI	1	4	0	4	4.0	0	0.0	0	
Player	Tm	Att	Yds	1D	YBC	YBC/Att	YAC	YAC/Att	BrkTkl	Att/Br
Todd Gurley	LAR	25	97	6	86	3.4	11	0.4	0	
Malcolm Brown	LAR	5	15	1	11	2.2	4	0.8	0	
Jared Goff	LAR	3	3	0	3	1.0	0	0.0	0	
Josh Reynolds	LAR	1	-5	0	-5	-5.0	0	0.0	0	"
advanced_receiving
"Taylor Gabriel	CHI	14	7	57	3	34	4.9	23	3.3	0		0	0.0
Anthony Miller	CHI	11	6	54	2	38	6.3	16	2.7	0		1	9.1
Tarik Cohen	CHI	6	5	35	2	20	4.0	15	3.0	0		0	0.0
Allen Robinson	CHI	6	4	15	1	3	0.8	12	3.0	0		1	16.7
Ben Braunecker	CHI	3	1	8		3	3.0	5	5.0	0		0	0.0
David Montgomery	CHI	3	1	19	1	-1	-1.0	20	20.0	0		0	0.0
Javon Wims	CHI	2	1	11	1	7	7.0	4	4.0	0		0	0.0
Player	Tm	Tgt	Rec	Yds	1D	YBC	YBC/R	YAC	YAC/R	BrkTkl	Rec/Br	Drop	Drop%
Todd Gurley	LAR	3	3	36	1	-10	-3.3	46	15.3	0		0	0.0
Cooper Kupp	LAR	3	3	53	1	32	10.7	21	7.0	0		0	0.0
Josh Reynolds	LAR	6	3	55	3	30	10.0	25	8.3	0		0	0.0
Gerald Everett	LAR	1	1	20	1	20	20.0	0	0.0	0		0	0.0
Mike Thomas	LAR	3	1	9		-1	-1.0	10	10.0	0		1	33.3"
advanced_defense
"Buster Skrine	CHI	0	4	3	75.0%	59	19.7	14.8	0	116.7	11.0	34	25	0	0	0	0.0	0	2	0	0.0%
Kyle Fuller	CHI	0	3	2	66.7%	44	22.0	14.7	0	109.7	11.7	25	19	0	0	0	0.0	0	3	0	0.0%
Leonard Floyd	CHI	0	1	1	100.0%	7	7.0	7.0	0	95.8	-8.0	-8	15	2	0	1	0.0	1	2	0	0.0%
Prince Amukamara	CHI	0	3	1	33.3%	3	3.0	1.0	0	42.4	14.0	-3	6	0	0	0	0.0	0	5	0	0.0%
Ha Ha Clinton-Dix	CHI	0	1	1	100.0%	20	20.0	20.0	0	118.7	20.0	20	0	0	0	0	0.0	0	7	0	0.0%
Roquan Smith	CHI	1	2	1	50.0%	11	11.0	5.5	0	27.1	7.5	5	6	0	0	0	0.0	0	11	0	0.0%
James Vaughters	CHI	0	1	1	100.0%	6	6.0	6.0	0	91.7	1.0	1	5	0	0	0	0.0	0	2	0	0.0%
Nick Williams	CHI	0	0	0										0	1	0	0.0	1	3	0	0.0%
Nick Kwiatkoski	CHI	0	0	0										1	0	0	0.0	0	4	0	0.0%
Eddie Jackson	CHI	0	0	0										0	0	0	0.0	0	6	1	14.3%
Player	Tm	Int	Tgt	Cmp	Cmp%	Yds	Yds/Cmp	Yds/Tgt	TD	Rat	DADOT	Air	YAC	Bltz	Hrry	QBKD	Sk	Prss	Comb	MTkl	MTkl%
Troy Hill	LAR	1	10	6	60.0%	64	10.7	6.4	0	39.2	10.7	52	12	0	0	0	1.0	1	6	0	0.0%
Cory Littleton	LAR	0	8	4	50.0%	52	13.0	6.5	1	110.4	8.0	37	15	6	0	0	0.0	0	3	0	0.0%
Eric Weddle	LAR	0	3	3	100.0%	15	5.0	5.0	0	87.5	-1.3	-4	19	0	0	0	0.0	0	6	0	0.0%
Taylor Rapp	LAR	0	5	3	60.0%	23	7.7	4.6	0	71.2	0.8	-2	25	1	0	0	0.0	0	8	0	0.0%
Nickell Robey-Coleman	LAR	0	6	3	50.0%	18	6.0	3.0	0	56.2	4.0	9	9	0	0	0	0.0	0	4	1	20.0%
Jalen Ramsey	LAR	0	7	2	28.6%	17	8.5	2.4	0	39.6	12.0	9	8	0	0	0	0.0	0	4	0	0.0%
Clay Matthews	LAR	0	1	1	100.0%	0	0.0	0.0	0	79.2	0.0	0	0	4	2	0	0.0	2	2	0	0.0%
David Long	LAR	0	2	1	50.0%	6	6.0	3.0	0	56.2	8.5	3	3	0	0	0	0.0	0	1	0	0.0%
Marqui Christian	LAR	0	2	1	50.0%	9	9.0	4.5	0	62.5	13.5	4	5	0	0	0	0.0	0	3	0	0.0%
Aaron Donald	LAR	0	0	0										0	4	1	2.0	7	4	0	0.0%
Michael Brockers	LAR	0	0	0										0	1	0	0.0	1	5	0	0.0%
Morgan Fox	LAR	0	0	0										0	1	0	0.0	1	2	0	0.0%
Samson Ebukam	LAR	0	1	0	0.0%					39.6	6.0			3	0	0	0.0	0	4	0	0.0%"
