advanced_rushing = document.querySelectorAll("#rushing_advanced > tbody")[0].innerText;
advanced_receiving = document.querySelectorAll("#receiving_advanced > tbody")[0].innerText;
advanced_defense = document.querySelectorAll("#defense_advanced > tbody")[0].innerText;
advanced_passing = document.querySelectorAll("#passing_advanced > tbody")[0].innerText;
"Deshaun Watson	HOU	18	29	169	10	28.6	222	7.7	72	4.0	2.5	97	5.4	0	0.0%	9	32.1%	6	18	3	3	2	5.0
A.J. McCarron	HOU	0	1	0			5	5.0	0		0.0	0		0	0.0%	0	0.0%	1	1	0	0	0	
Player	Tm	Cmp	Att	Yds	1D	1D%	IAY	IAY/PA	CAY	CAY/Cmp	CAY/PA	YAC	YAC/Cmp	Drops	Drop%	BadTh	Bad%	Sk	Bltz	Hrry	Hits	Scrm	Yds/Scr
Lamar Jackson	BAL	17	24	222	11	45.8	212	8.8	92	5.4	3.8	130	7.6	0	0.0%	7	29.2%	0	5	1	1	4	8.3
Robert Griffin	BAL	2	2	15			3	1.5	3	1.5	1.5	12	6.0	0	0.0%	0	0.0%	0	1	0	0	0	
Sam Koch	BAL	1	1	-2			-5	-5.0	-5	-5.0	-5.0	3	3.0	0	0.0%	0	0.0%	0	0	0	0	0	"
advanced_rushing
"Carlos Hyde	HOU	9	65	1	45	5.0	20	2.2	0	
Duke Johnson	HOU	6	40	2	2	0.3	38	6.3	1	6.0
Deshaun Watson	HOU	3	12	0	7	2.3	5	1.7	0	
Buddy Howell	HOU	2	5		2	1.0	3	1.5	0	
Player	Tm	Att	Yds	1D	YBC	YBC/Att	YAC	YAC/Att	BrkTkl	Att/Br
Mark Ingram	BAL	13	48	3	16	1.2	32	2.5	0	
Lamar Jackson	BAL	10	79	4	-4	-0.4	83	8.3	0	
Gus Edwards	BAL	8	112	4	91	11.4	21	2.6	0	
Justice Hill	BAL	5	18	1	8	1.6	10	2.0	0	
Robert Griffin	BAL	1	-1		-1	-1.0	0	0.0	0	"
advanced_receiving
"DeAndre Hopkins	HOU	12	7	80	5	36	5.1	44	6.3	0		0	0.0
Kenny Stills	HOU	7	4	27	3	16	4.0	11	2.8	0		0	0.0
Keke Coutee	HOU	3	3	25	1	15	5.0	10	3.3	0		0	0.0
Duke Johnson	HOU	2	2	4	0	-9	-4.5	13	6.5	0		0	0.0
Darren Fells	HOU	3	1	18	1	0	0.0	18	18.0	0		0	0.0
Jordan Akins	HOU	2	1	15		14	14.0	1	1.0	0		0	0.0
Carlos Hyde	HOU	1	0	0	0	0		0		0		0	0.0
Player	Tm	Tgt	Rec	Yds	1D	YBC	YBC/R	YAC	YAC/R	BrkTkl	Rec/Br	Drop	Drop%
Mark Andrews	BAL	4	4	75	2	26	6.5	49	12.3	0		0	0.0
Mark Ingram	BAL	4	3	37	2	-2	-0.7	39	13.0	0		0	0.0
Patrick Ricard	BAL	3	3	27	1	-3	-1.0	30	10.0	1	3.0	0	0.0
Nick Boyle	BAL	3	2	20	1	14	7.0	6	3.0	0		0	0.0
Marquise Brown	BAL	4	2	23	2	22	11.0	1	0.5	0		0	0.0
Hayden Hurst	BAL	2	2	16	1	11	5.5	5	2.5	0		0	0.0
Willie Snead	BAL	3	2	13	1	9	4.5	4	2.0	0		0	0.0
Justice Hill	BAL	1	1	9	0	-2	-2.0	11	11.0	0		0	0.0
Seth Roberts	BAL	1	1	15	1	15	15.0	0	0.0	0		0	0.0
Miles Boykin	BAL	2	0	0		0		0		0		0	0.0"
advanced_defense
"Justin Reid	HOU	0	4	4	100.0%	40	10.0	10.0	1	147.9	6.3	25	15	0	0	0	0.0	0	3	1	25.0%
Benardrick McKinney	HOU	0	4	4	100.0%	48	12.0	12.0	1	156.2	0.3	1	47	1	0	0	0.0	0	8	0	0.0%
Zach Cunningham	HOU	0	3	3	100.0%	71	23.7	23.7	1	158.3	4.7	14	57	0	0	0	0.0	0	10	2	16.7%
Brennan Scarlett	HOU	0	2	2	100.0%	21	10.5	10.5	0	110.4	4.5	9	12	6	0	0	0.0	0	7	1	12.5%
Lonnie Johnson	HOU	0	3	1	33.3%	17	17.0	5.7	0	53.5	25.3	17	0	0	0	0	0.0	0	3	0	0.0%
Tashaun Gipson	HOU	0	2	1	50.0%	7	7.0	3.5	0	58.3	5.5	4	3	0	0	0	0.0	0	4	3	42.9%
Gareon Conley	HOU	0	3	1	33.3%	15	15.0	5.0	1	90.3	11.7	15	0	0	0	0	0.0	0	0	2	100.0%
Johnathan Joseph	HOU	0	1	1	100.0%	6	6.0	6.0	0	91.7	5.0	5	1	0	0	0	0.0	0	2	0	0.0%
Carlos Watkins	HOU	0	1	1	100.0%	0	0.0	0.0	0	79.2	-2.0	-2	2	0	0	0	0.0	0	3	0	0.0%
Charles Omenihu	HOU	0	0	0										0	0	1	0.0	1	1	1	50.0%
Whitney Mercilus	HOU	0	0	0										6	1	0	0.0	1	2	2	50.0%
Dylan Cole	HOU	0	2	0	0.0%	12		6.0	0	52.1	8.0	7	5	0	0	0	0.0	0	2	0	0.0%
Cornell Armstrong	HOU	0	1	0	0.0%					39.6	25.0			0	0	0	0.0	0	1	0	0.0%
Brandon Dunn	HOU	0	0	0										0	0	0	0.0	0	2	1	33.3%
Jacob Martin	HOU	0	0	0										0	0	0	0.0	0	2	2	50.0%
Player	Tm	Int	Tgt	Cmp	Cmp%	Yds	Yds/Cmp	Yds/Tgt	TD	Rat	DADOT	Air	YAC	Bltz	Hrry	QBKD	Sk	Prss	Comb	MTkl	MTkl%
Jimmy Smith	BAL	0	8	6	75.0%	54	9.0	6.8	0	92.7	7.6	8	46	0	0	0	0.0	0	5	0	0.0%
Marcus Peters	BAL	0	7	4	57.1%	27	6.8	3.9	0	65.8	10.3	21	6	0	0	0	0.0	0	3	0	0.0%
Chuck Clark	BAL	0	4	2	50.0%	26	13.0	6.5	0	70.8	8.0	19	7	7	1	0	0.0	1	5	0	0.0%
Patrick Onwuasor	BAL	0	2	2	100.0%	29	14.5	14.5	0	118.7	5.5	11	18	1	0	0	1.0	1	3	0	0.0%
Brandon Carr	BAL	0	3	1	33.3%	6	6.0	2.0	0	42.4	3.3	5	1	0	0	1	0.0	1	3	1	25.0%
Jaylon Ferguson	BAL	0	1	1	100.0%	-4	-4.0	-4.0	0	79.2	-5.0	-5	1	16	0	0	1.0	1	4	0	0.0%
Earl Thomas	BAL	0	1	1	100.0%	10	10.0	10.0	0	108.3	5.0	5	5	2	0	0	0.0	0	1	1	50.0%
Marlon Humphrey	BAL	0	2	1	50.0%	8	8.0	4.0	0	60.4	19.0	5	3	7	0	0	0.0	0	3	1	25.0%
Josh Bynes	BAL	1	2	1	50.0%	13	13.0	6.5	0	31.2	1.5	3	10	2	0	0	0.0	0	2	0	0.0%
Matt Judon	BAL	0	0	0										14	0	2	2.0	4	7	1	12.5%
Tyus Bowser	BAL	0	0	0										6	0	0	2.0	2	3	0	0.0%
Brandon Williams	BAL	0	0	0										0	0	0	1.0	1	1	0	0.0%
L.J. Fort	BAL	0	0	0										3	1	0	0.0	1	3	1	25.0%"
