advanced_rushing = document.querySelectorAll("#rushing_advanced > tbody")[0].innerText;
advanced_receiving = document.querySelectorAll("#receiving_advanced > tbody")[0].innerText;
advanced_defense = document.querySelectorAll("#defense_advanced > tbody")[0].innerText;
advanced_passing = document.querySelectorAll("#passing_advanced > tbody")[0].innerText;
"Drew Brees	NOR	28	35	228	14	40.0	157	4.5	97	3.5	2.8	131	4.7	1	2.9%	3	8.8%	0	14	3	2	0	
Player	Tm	Cmp	Att	Yds	1D	1D%	IAY	IAY/PA	CAY	CAY/Cmp	CAY/PA	YAC	YAC/Cmp	Drops	Drop%	BadTh	Bad%	Sk	Bltz	Hrry	Hits	Scrm	Yds/Scr
Jameis Winston	TAM	30	51	313	14	26.4	454	8.9	215	7.2	4.2	98	3.3	2	4.0%	10	20.0%	2	24	6	6	1	23.0"
advanced_rushing
"Alvin Kamara	NOR	13	75	1	44	3.4	31	2.4	0	
Latavius Murray	NOR	10	27	3	12	1.2	15	1.5	0	
Drew Brees	NOR	3	0	1	0	0.0	0	0.0	0	
Taysom Hill	NOR	1	2	1	1	1.0	1	1.0	0	
Zach Line	NOR	1	5	1	1	1.0	4	4.0	0	
Player	Tm	Att	Yds	1D	YBC	YBC/Att	YAC	YAC/Att	BrkTkl	Att/Br
Ronald Jones	TAM	4	13	1	5	1.3	8	2.0	0	
Dare Ogunbowale	TAM	2	0	0	0	0.0	0	0.0	0	
Jameis Winston	TAM	2	23	1	23	11.5	0	0.0	0	"
advanced_receiving
"Alvin Kamara	NOR	10	10	47	4	10	1.0	37	3.7	1	10.0	0	0.0
Michael Thomas	NOR	10	8	114	6	61	7.6	53	6.6	0		0	0.0
Jared Cook	NOR	2	2	33	2	11	5.5	22	11.0	0		0	0.0
Ted Ginn	NOR	4	2	14	2	13	6.5	1	0.5	0		0	0.0
Latavius Murray	NOR	3	2	5	0	3	1.5	2	1.0	0		1	33.3
Josh Hill	NOR	2	2	8		3	1.5	5	2.5	0		0	0.0
Taysom Hill	NOR	1	1	2	0	-4	-4.0	6	6.0	0		0	0.0
Zach Line	NOR	1	1	5	0	0	0.0	5	5.0	0		0	0.0
Tre'Quan Smith	NOR	1	0	0		0		0		0		0	0.0
Player	Tm	Tgt	Rec	Yds	1D	YBC	YBC/R	YAC	YAC/R	BrkTkl	Rec/Br	Drop	Drop%
Cameron Brate	TAM	14	10	73	3	64	6.4	9	0.9	0		0	0.0
Scott Miller	TAM	6	4	71	1	58	14.5	13	3.3	0		0	0.0
Mike Evans	TAM	8	4	69	3	36	9.0	33	8.3	1	4.0	1	12.5
Chris Godwin	TAM	6	3	47	2	21	7.0	26	8.7	0		0	0.0
Dare Ogunbowale	TAM	4	3	10	1	1	0.3	9	3.0	0		0	0.0
Ronald Jones	TAM	4	2	1	0	-3	-1.5	4	2.0	0		0	0.0
Peyton Barber	TAM	2	2	11	2	11	5.5	0	0.0	0		0	0.0
T.J. Logan	TAM	1	1	11	1	3	3.0	8	8.0	0		0	0.0
Breshad Perriman	TAM	3	1	20	1	18	18.0	2	2.0	0		0	0.0
O.J. Howard	TAM	1	0	0		0		0		0		1	100.0"
advanced_defense
"Demario Davis	NOR	1	11	6	54.5%	31	5.2	2.8	1	52.5	3.5	22	9	8	1	0	0.0	1	6	0	0.0%
Kiko Alonso	NOR	0	9	6	66.7%	32	5.3	3.6	0	72.5	9.7	20	12	8	1	0	0.0	1	5	1	16.7%
P.J. Williams	NOR	1	9	5	55.6%	61	12.2	6.8	0	37.0	8.3	36	25	0	0	0	0.0	0	3	1	25.0%
Chauncey Gardner-Johnson	NOR	0	5	4	80.0%	108	27.0	21.6	1	158.3	18.4	67	41	7	1	1	0.0	2	3	0	0.0%
A.J. Klein	NOR	0	4	4	100.0%	33	8.3	8.3	0	101.0	6.0	24	9	4	0	0	0.0	0	3	0	0.0%
Eli Apple	NOR	0	8	4	50.0%	52	13.0	6.5	0	70.8	12.5	49	3	0	0	0	0.0	0	4	0	0.0%
Patrick Robinson	NOR	0	4	3	75.0%	13	4.3	3.3	0	78.1	3.5	7	6	12	0	1	0.0	1	3	0	0.0%
Vonn Bell	NOR	1	2	1	50.0%	7	7.0	3.5	0	18.7	15.0	7	0	6	0	0	0.5	1	3	0	0.0%
Marcus Williams	NOR	1	2	1	50.0%	14	14.0	7.0	0	33.3	6.5	12	2	2	0	0	0.0	0	4	0	0.0%
Cameron Jordan	NOR	0	0	0										9	0	2	1.5	4	3	0	0.0%
Trey Hendrickson	NOR	0	0	0										1	1	1	0.0	2	0	0	
Sheldon Rankins	NOR	0	0	0										2	2	0	0.0	2	0	0	
David Onyemata	NOR	0	0	0										0	0	1	0.0	1	0	0	
Marcus Davenport	NOR	0	0	0										7	0	0	0.0	0	0	0	
Player	Tm	Int	Tgt	Cmp	Cmp%	Yds	Yds/Cmp	Yds/Tgt	TD	Rat	DADOT	Air	YAC	Bltz	Hrry	QBKD	Sk	Prss	Comb	MTkl	MTkl%
Devin White	TAM	0	12	12	100.0%	96	8.0	8.0	0	100.0	3.3	40	56	5	0	0	0.0	0	13	0	0.0%
Mike Edwards	TAM	0	7	5	71.4%	54	10.8	7.7	0	93.7	4.3	10	44	6	0	0	1.0	1	6	2	25.0%
Sean Murphy-Bunting	TAM	0	9	5	55.6%	54	10.8	6.0	1	110.4	8.9	33	21	0	0	0	0.0	0	5	1	16.7%
Lavonte David	TAM	0	4	3	75.0%	14	4.7	3.5	0	79.2	-0.8	4	10	3	0	0	0.0	0	6	0	0.0%
Carlton Davis	TAM	0	4	3	75.0%	17	5.7	4.3	1	121.9	6.8	16	1	0	0	0	0.0	0	2	0	0.0%
Andrew Adams	TAM	0	1	1	100.0%	3	3.0	3.0	1	118.7	3.0	3	0	0	0	0	0.0	0	7	1	12.5%
Jordan Whitehead	TAM	0	1	1	100.0%	3	3.0	3.0	0	79.2	3.0	3	0	4	0	0	0.0	0	3	0	0.0%
Shaquil Barrett	TAM	0	0	0										10	1	1	0.0	2	0	0	
Ndamukong Suh	TAM	0	0	0										0	1	1	0.0	2	5	1	16.7%
Vita Vea	TAM	0	0	0										0	1	0	0.0	1	4	1	20.0%
Jason Pierre-Paul	TAM	0	0	0										5	0	0	0.0	0	3	2	40.0%
Rakeem Nunez-Roches	TAM	0	0	0										1	0	0	0.0	0	1	0	0.0%"
