advanced_rushing = document.querySelectorAll("#rushing_advanced > tbody")[0].innerText;
advanced_receiving = document.querySelectorAll("#receiving_advanced > tbody")[0].innerText;
advanced_defense = document.querySelectorAll("#defense_advanced > tbody")[0].innerText;
advanced_passing = document.querySelectorAll("#passing_advanced > tbody")[0].innerText;
"Sam Darnold	NYJ	19	30	293	15	46.9	305	10.2	199	10.5	6.6	94	4.9	1	3.7%	4	14.8%	2	10	9	2	0	
Bilal Powell	NYJ	0	1	0	0	0.0	13	13.0	0		0.0	0		0	0.0%	1	100.0%	0	0	0	0	0	
Player	Tm	Cmp	Att	Yds	1D	1D%	IAY	IAY/PA	CAY	CAY/Cmp	CAY/PA	YAC	YAC/Cmp	Drops	Drop%	BadTh	Bad%	Sk	Bltz	Hrry	Hits	Scrm	Yds/Scr
Dwayne Haskins	WAS	19	35	214	8	19.5	257	7.3	131	6.9	3.7	83	4.4	6	18.8%	4	12.5%	6	17	7	3	1	4.0"
advanced_rushing
"Le'Veon Bell	NYJ	18	59	4	23	1.3	36	2.0	0	
Bilal Powell	NYJ	7	42	2	5	0.7	37	5.3	0	
Josh Adams	NYJ	4	6		0	0.0	6	1.5	0	
Sam Darnold	NYJ	2	-3	0	-3	-1.5	0	0.0	0	
Ty Montgomery	NYJ	2	11		2	1.0	9	4.5	0	
Player	Tm	Att	Yds	1D	YBC	YBC/Att	YAC	YAC/Att	BrkTkl	Att/Br
Adrian Peterson	WAS	9	25	2	1	0.1	24	2.7	0	
Derrius Guice	WAS	7	24	1	4	0.6	20	2.9	1	7.0
Dwayne Haskins	WAS	4	5	1	2	0.5	3	0.8	0	"
advanced_receiving
"Ryan Griffin	NYJ	5	5	109	5	43	8.6	66	13.2	0		0	0.0
Jamison Crowder	NYJ	8	5	76	4	66	13.2	10	2.0	0		0	0.0
Demaryius Thomas	NYJ	5	4	44	2	39	9.8	5	1.3	0		0	0.0
Le'Veon Bell	NYJ	2	2	33	2	21	10.5	12	6.0	0		0	0.0
Daniel Brown	NYJ	1	1	20	1	20	20.0	0	0.0	0		0	0.0
Bilal Powell	NYJ	2	1	5	0	4	4.0	1	1.0	0		0	0.0
Robby Anderson	NYJ	3	1	6	1	6	6.0	0	0.0	0		0	0.0
Ty Montgomery	NYJ	1	0	0		0		0		0		0	0.0
Vyncint Smith	NYJ	1	0	0		0		0		0		1	100.0
Player	Tm	Tgt	Rec	Yds	1D	YBC	YBC/R	YAC	YAC/R	BrkTkl	Rec/Br	Drop	Drop%
Kelvin Harmon	WAS	6	5	53	2	42	8.4	11	2.2	0		0	0.0
Terry McLaurin	WAS	4	3	69	2	68	22.7	1	0.3	0		0	0.0
Adrian Peterson	WAS	2	2	5	0	-2	-1.0	7	3.5	0		0	0.0
Trey Quinn	WAS	4	2	9		8	4.0	1	0.5	0		0	0.0
Steven Sims	WAS	4	2	6		-2	-1.0	8	4.0	0		1	25.0
Jeremy Sprinkle	WAS	3	2	16	2	16	8.0	0	0.0	0		1	33.3
Derrius Guice	WAS	2	1	45	1	-4	-4.0	49	49.0	0		1	50.0
Hale Hentges	WAS	3	1	0		0	0.0	0	0.0	0		1	33.3
Wendell Smallwood	WAS	3	1	11	1	5	5.0	6	6.0	0		1	33.3
Michael Burton	WAS	1	0	0		0		0		0		1	100.0"
advanced_defense
"Blessuan Austin	NYJ	0	9	6	66.7%	51	8.5	5.7	0	81.2	6.3	35	16	0	0	0	0.0	0	3	1	25.0%
James Burgess	NYJ	0	10	4	40.0%	20	5.0	2.0	0	47.9	5.0	13	7	2	0	0	0.0	0	8	2	20.0%
Brian Poole	NYJ	0	3	3	100.0%	14	4.7	4.7	0	86.1	1.3	4	10	6	2	0	0.0	2	2	0	0.0%
Neville Hewitt	NYJ	1	8	2	25.0%	16	8.0	2.0	1	39.6	6.5	16	0	0	0	0	0.0	0	5	2	28.6%
Marcus Maye	NYJ	0	2	2	100.0%	49	24.5	24.5	0	118.7	24.0	48	1	0	0	0	0.0	0	4	1	20.0%
Jamal Adams	NYJ	0	2	1	50.0%	20	20.0	10.0	0	85.4	16.5	20	0	13	1	1	3.0	5	4	0	0.0%
Henry Anderson	NYJ	0	1	1	100.0%	5	5.0	5.0	0	87.5	4.0	4	1	0	0	1	1.0	2	5	0	0.0%
Steve McLendon	NYJ	0	1	1	100.0%	45	45.0	45.0	1	158.3	-4.0	-4	49	0	1	0	0.0	1	1	0	0.0%
Jordan Jenkins	NYJ	0	1	1	100.0%	12	12.0	12.0	0	116.7	7.0	7	5	1	0	0	0.0	0	2	0	0.0%
Maurice Canady	NYJ	0	2	1	50.0%	41	41.0	20.5	0	95.8	21.5	40	1	0	0	0	0.0	0	0	0	
Frankie Luvu	NYJ	0	0	0										0	1	0	1.0	2	2	1	33.3%
Nathan Shepherd	NYJ	0	0	0										0	0	0	1.0	1	3	0	0.0%
Quinnen Williams	NYJ	0	0	0										0	0	1	0.0	1	1	0	0.0%
Arthur Maulet	NYJ	0	2	0	0.0%					39.6	5.0			0	0	0	0.0	0	2	0	0.0%
Kyle Phillips	NYJ	0	0	0										0	0	0	0.0	0	3	1	25.0%
Player	Tm	Int	Tgt	Cmp	Cmp%	Yds	Yds/Cmp	Yds/Tgt	TD	Rat	DADOT	Air	YAC	Bltz	Hrry	QBKD	Sk	Prss	Comb	MTkl	MTkl%
Landon Collins	WAS	0	4	3	75.0%	38	12.7	9.5	1	143.7	12.5	37	1	6	1	0	0.0	1	5	1	16.7%
Cole Holcomb	WAS	0	4	3	75.0%	45	15.0	11.3	0	111.5	2.5	16	29	3	0	0	0.0	0	6	1	14.3%
Montae Nicholson	WAS	0	4	3	75.0%	35	11.7	8.8	1	140.6	13.5	21	14	0	0	0	0.0	0	5	1	16.7%
Fabian Moreau	WAS	0	3	3	100.0%	82	27.3	27.3	1	158.3	17.7	53	29	0	0	0	0.0	0	3	0	0.0%
Jimmy Moreland	WAS	0	4	2	50.0%	22	11.0	5.5	0	66.7	11.5	22	0	0	0	0	0.0	0	2	0	0.0%
Aaron Colvin	WAS	0	2	2	100.0%	14	7.0	7.0	0	95.8	5.5	11	3	0	0	0	0.0	0	2	0	0.0%
Josh Norman	WAS	0	4	2	50.0%	26	13.0	6.5	2	110.4	18.0	26	0	0	0	0	0.0	0	2	0	0.0%
Ryan Kerrigan	WAS	0	1	1	100.0%	6	6.0	6.0	0	91.7	5.0	5	1	0	1	0	2.0	3	4	0	0.0%
Shaun Dion Hamilton	WAS	0	3	1	33.3%	16	16.0	5.3	1	91.7	6.3	12	4	2	1	1	0.0	2	2	0	0.0%
Jonathan Bostic	WAS	1	1	1	100.0%	21	21.0	21.0	0	79.2	18.0	18	3	4	0	0	0.0	0	7	1	12.5%
Simeon Thomas	WAS	0	1	1	100.0%	17	17.0	17.0	0	118.7	15.0	15	2	0	0	0	0.0	0	1	0	0.0%
Jonathan Allen	WAS	0	0	0										0	3	0	0.0	3	3	1	25.0%
Montez Sweat	WAS	0	0	0										0	1	1	0.0	2	1	0	0.0%
Da'Ron Payne	WAS	0	0	0										0	1	0	0.0	1	5	0	0.0%
Ryan Anderson	WAS	0	0	0										0	1	0	0.0	1	2	0	0.0%
Treyvon Hester	WAS	0	0	0										0	1	0	0.0	1	2	1	33.3%"
