advanced_rushing = document.querySelectorAll("#rushing_advanced > tbody")[0].innerText;
advanced_receiving = document.querySelectorAll("#receiving_advanced > tbody")[0].innerText;
advanced_defense = document.querySelectorAll("#defense_advanced > tbody")[0].innerText;
advanced_passing = document.querySelectorAll("#passing_advanced > tbody")[0].innerText;
"Mitchell Trubisky	CHI	16	27	120	7	25.9	212	7.9	49	3.1	1.8	71	4.4	2	7.4%	4	14.8%	0	11	10	1	0	
Player	Tm	Cmp	Att	Yds	1D	1D%	IAY	IAY/PA	CAY	CAY/Cmp	CAY/PA	YAC	YAC/Cmp	Drops	Drop%	BadTh	Bad%	Sk	Bltz	Hrry	Hits	Scrm	Yds/Scr
Joe Flacco	DEN	35	50	292	19	36.5	251	5.0	160	4.6	3.2	132	3.8	1	2.0%	9	18.4%	2	11	20	4	0	"
advanced_rushing
"David Montgomery	CHI	18	62	4	41	2.3	21	1.2	2	9.0
Tarik Cohen	CHI	4	18	1	13	3.3	5	1.3	0	
Mike Davis	CHI	3	1		-1	-0.3	2	0.7	0	
Cordarrelle Patterson	CHI	2	50	1	50	25.0	0	0.0	0	
Taylor Gabriel	CHI	1	14	1	14	14.0	0	0.0	0	
Mitchell Trubisky	CHI	1	8	0	8	8.0	0	0.0	0	
Player	Tm	Att	Yds	1D	YBC	YBC/Att	YAC	YAC/Att	BrkTkl	Att/Br
Phillip Lindsay	DEN	13	36	3	23	1.8	13	1.0	3	4.3
Royce Freeman	DEN	11	54	2	43	3.9	11	1.0	0	"
advanced_receiving
"Allen Robinson	CHI	7	4	41	2	34	8.5	7	1.8	0		0	0.0
Adam Shaheen	CHI	3	3	24	1	7	2.3	17	5.7	1	3.0	0	0.0
Ben Braunecker	CHI	3	2	24	2	8	4.0	16	8.0	0		0	0.0
Trey Burton	CHI	3	2	5		3	1.5	2	1.0	0		1	33.3
Tarik Cohen	CHI	5	2	7	1	-5	-2.5	12	6.0	0		1	20.0
Taylor Gabriel	CHI	2	1	11	1	7	7.0	4	4.0	0		0	0.0
Anthony Miller	CHI	1	1	2		-4	-4.0	6	6.0	0		0	0.0
David Montgomery	CHI	3	1	6	0	-1	-1.0	7	7.0	0		0	0.0
Player	Tm	Tgt	Rec	Yds	1D	YBC	YBC/R	YAC	YAC/R	BrkTkl	Rec/Br	Drop	Drop%
Emmanuel Sanders	DEN	13	11	98	5	70	6.4	28	2.5	0		0	0.0
Royce Freeman	DEN	7	5	48	3	6	1.2	42	8.4	2	2.5	0	0.0
Noah Fant	DEN	4	4	33	3	29	7.3	4	1.0	0		0	0.0
Jeff Heuerman	DEN	5	4	21		8	2.0	13	3.3	0		0	0.0
Phillip Lindsay	DEN	7	4	30	3	-6	-1.5	36	9.0	0		1	14.3
Courtland Sutton	DEN	7	4	40	4	39	9.8	1	0.3	0		0	0.0
DaeSean Hamilton	DEN	6	2	15	1	9	4.5	6	3.0	0		0	0.0
Troy Fumagalli	DEN	1	1	7		5	5.0	2	2.0	0		0	0.0"
advanced_defense
"Eddie Jackson	CHI	0	9	6	66.7%	39	6.5	4.3	0	75.7	6.7	36	3	1	1	0	0.0	1	10	3	23.1%
Kyle Fuller	CHI	1	9	6	66.7%	56	9.3	6.2	1	81.0	7.3	51	5	0	0	0	0.0	0	6	1	14.3%
Roquan Smith	CHI	0	8	5	62.5%	26	5.2	3.3	0	67.7	1.9	13	13	5	1	0	0.0	1	13	1	7.1%
Danny Trevathan	CHI	0	6	5	83.3%	53	10.6	8.8	0	103.5	4.7	19	34	2	0	1	0.0	1	12	0	0.0%
Prince Amukamara	CHI	0	4	4	100.0%	50	12.5	12.5	0	118.7	8.8	35	15	0	0	0	0.0	0	7	0	0.0%
Leonard Floyd	CHI	0	4	3	75.0%	4	1.3	1.0	0	77.1	0.0	-5	9	1	3	1	0.0	4	2	0	0.0%
Buster Skrine	CHI	0	5	3	60.0%	25	8.3	5.0	0	72.9	5.2	10	15	4	1	1	0.0	2	4	1	20.0%
Ha Ha Clinton-Dix	CHI	0	3	2	66.7%	17	8.5	5.7	0	81.2	11.0	10	7	2	0	0	0.0	0	3	1	25.0%
Khalil Mack	CHI	0	1	0	0.0%					39.6	1.0			0	9	0	1.0	10	1	1	50.0%
Akiem Hicks	CHI	0	0	0										0	3	0	0.0	3	2	1	33.3%
Eddie Goldman	CHI	0	0	0										0	1	1	0.0	2	3	0	0.0%
Nick Williams	CHI	0	0	0										0	0	0	1.0	1	2	0	0.0%
Roy Robertson-Harris	CHI	0	0	0										0	1	0	0.0	1	1	0	0.0%
Isaiah Irving	CHI	0	0	0										2	0	0	0.0	0	1	1	50.0%
Deon Bush	CHI	0	1	0	0.0%					39.6	5.0			0	0	0	0.0	0	0	0	
Player	Tm	Int	Tgt	Cmp	Cmp%	Yds	Yds/Cmp	Yds/Tgt	TD	Rat	DADOT	Air	YAC	Bltz	Hrry	QBKD	Sk	Prss	Comb	MTkl	MTkl%
Josey Jewell	DEN	0	6	4	66.7%	37	9.3	6.2	0	83.3	6.7	3	34	4	0	0	0.0	0	6	3	33.3%
Kareem Jackson	DEN	0	4	3	75.0%	16	5.3	4.0	0	81.2	9.5	24	-8	1	0	0	0.0	0	5	1	16.7%
Chris Harris	DEN	0	5	3	60.0%	31	10.3	6.2	0	77.9	13.2	17	14	0	0	0	0.0	0	3	0	0.0%
Isaac Yiadom	DEN	0	3	3	100.0%	25	8.3	8.3	0	101.4	4.0	12	13	0	0	0	0.0	0	3	1	25.0%
Justin Simmons	DEN	0	6	2	33.3%	5	2.5	0.8	0	42.4	10.8	-6	11	1	1	0	0.0	1	9	1	10.0%
Bradley Chubb	DEN	0	1	1	100.0%	6	6.0	6.0	0	91.7	-1.0	-1	7	2	3	1	0.0	4	6	3	33.3%
Von Miller	DEN	0	0	0										2	1	0	0.0	1	2	0	0.0%
Shelby Harris	DEN	0	0	0										0	1	0	0.0	1	5	0	0.0%
Malik Reed	DEN	0	0	0										0	1	0	0.0	1	0	0	
Adam Gotsis	DEN	0	0	0										0	1	0	0.0	1	2	1	33.3%
DeMarcus Walker	DEN	0	1	0	0.0%					39.6	-2.0			0	1	0	0.0	1	1	0	0.0%
Derek Wolfe	DEN	0	0	0										0	0	0	0.0	0	5	1	16.7%"
