advanced_rushing = document.querySelectorAll("#rushing_advanced > tbody")[0].innerText;
advanced_receiving = document.querySelectorAll("#receiving_advanced > tbody")[0].innerText;
advanced_defense = document.querySelectorAll("#defense_advanced > tbody")[0].innerText;
advanced_passing = document.querySelectorAll("#passing_advanced > tbody")[0].innerText;
"Philip Rivers	LAC	21	36	293	13	35.1	378	10.5	199	9.5	5.5	94	4.5	4	11.4%	4	11.4%	1	5	4	2	1	12.0
Player	Tm	Cmp	Att	Yds	1D	1D%	IAY	IAY/PA	CAY	CAY/Cmp	CAY/PA	YAC	YAC/Cmp	Drops	Drop%	BadTh	Bad%	Sk	Bltz	Hrry	Hits	Scrm	Yds/Scr
Matthew Stafford	DET	22	30	245	12	40.0	310	10.3	165	7.5	5.5	80	3.6	1	3.6%	5	17.9%	0	7	2	1	2	4.5"
advanced_rushing
"Austin Ekeler	LAC	17	66	3	13	0.8	53	3.1	2	8.5
Justin Jackson	LAC	7	59	2	11	1.6	48	6.9	0	
Philip Rivers	LAC	1	12	1	12	12.0	0	0.0	0	
Player	Tm	Att	Yds	1D	YBC	YBC/Att	YAC	YAC/Att	BrkTkl	Att/Br
Kerryon Johnson	DET	12	41	3	13	1.1	28	2.3	0	
C.J. Anderson	DET	5	8		0	0.0	8	1.6	1	5.0
Ty Johnson	DET	5	30	2	11	2.2	19	3.8	1	5.0
Matthew Stafford	DET	4	13	1	11	2.8	2	0.5	0	
J.D. McKissic	DET	2	2		-2	-1.0	4	2.0	0	"
advanced_receiving
"Keenan Allen	LAC	15	8	98	7	86	10.8	12	1.5	0		1	6.7
Austin Ekeler	LAC	6	6	67	2	13	2.2	54	9.0	1	6.0	0	0.0
Mike Williams	LAC	5	3	83	3	77	25.7	6	2.0	0		1	20.0
Virgil Green	LAC	2	1	9		3	3.0	6	6.0	0		0	0.0
Dontrelle Inman	LAC	2	1	28	1	18	18.0	10	10.0	0		0	0.0
Justin Jackson	LAC	1	1	5	0	-1	-1.0	6	6.0	0		0	0.0
Derek Watt	LAC	2	1	3		3	3.0	0	0.0	0		1	50.0
Travis Benjamin	LAC	2	0	0		0		0		0		1	50.0
Player	Tm	Tgt	Rec	Yds	1D	YBC	YBC/R	YAC	YAC/R	BrkTkl	Rec/Br	Drop	Drop%
Kenny Golladay	DET	10	8	117	7	106	13.3	11	1.4	0		0	0.0
Marvin Jones	DET	6	5	43	2	40	8.0	3	0.6	0		0	0.0
Jesse James	DET	4	3	18	1	2	0.7	16	5.3	0		0	0.0
Kerryon Johnson	DET	3	2	47	2	0	0.0	47	23.5	2	1.0	1	33.3
Ty Johnson	DET	2	2	6	0	5	2.5	1	0.5	0		0	0.0
T.J. Hockenson	DET	3	1	7		7	7.0	0	0.0	0		0	0.0
Logan Thomas	DET	1	1	7		5	5.0	2	2.0	0		0	0.0
Danny Amendola	DET	1	0	0		0		0		0		0	0.0"
advanced_defense
"Brandon Facyson	LAC	0	7	5	71.4%	65	13.0	9.3	0	100.3	11.0	61	4	0	0	0	0.0	0	8	0	0.0%
Thomas Davis	LAC	0	6	4	66.7%	23	5.8	3.8	0	73.6	4.8	14	9	3	0	0	0.0	0	12	1	7.7%
Adrian Phillips	LAC	0	4	3	75.0%	24	8.0	6.0	0	89.6	4.5	15	9	3	0	0	0.0	0	7	3	30.0%
Kyzir White	LAC	0	3	3	100.0%	23	7.7	7.7	0	98.6	4.7	14	9	3	0	0	0.0	0	7	0	0.0%
Casey Hayward	LAC	1	4	2	50.0%	37	18.5	9.3	1	82.3	30.5	35	2	0	0	0	0.0	0	3	0	0.0%
Desmond King	LAC	0	1	1	100.0%	36	36.0	36.0	1	158.3	-2.0	-2	38	2	1	1	0.0	2	0	0	
Jaylen Watkins	LAC	0	1	1	100.0%	24	24.0	24.0	0	118.7	22.0	22	2	1	1	0	0.0	1	1	0	0.0%
Rayshawn Jenkins	LAC	1	2	1	50.0%	4	4.0	2.0	0	16.7	27.5	4	0	1	0	0	0.0	0	1	1	50.0%
Uchenna Nwosu	LAC	0	2	1	50.0%	3	3.0	1.5	0	56.2	14.0	4	-1	2	0	0	0.0	0	5	2	28.6%
Joey Bosa	LAC	0	0	0										0	1	0	0.0	1	6	1	14.3%
Melvin Ingram	LAC	0	0	0										1	1	0	0.0	1	7	0	0.0%
Brandon Mebane	LAC	0	0	0										0	0	0	0.0	0	3	1	25.0%
Isaac Rochell	LAC	0	0	0										0	0	0	0.0	0	0	1	100.0%
Player	Tm	Int	Tgt	Cmp	Cmp%	Yds	Yds/Cmp	Yds/Tgt	TD	Rat	DADOT	Air	YAC	Bltz	Hrry	QBKD	Sk	Prss	Comb	MTkl	MTkl%
Darius Slay	DET	1	12	7	58.3%	92	13.1	7.7	0	47.9	14.5	78	14	0	0	0	0.0	0	6	0	0.0%
Rashaan Melvin	DET	0	8	5	62.5%	114	22.8	14.3	0	106.2	14.9	98	16	0	0	0	0.0	0	4	0	0.0%
Devon Kennard	DET	0	4	3	75.0%	7	2.3	1.8	0	77.1	-0.5	-6	13	5	0	0	0.0	0	5	4	44.4%
Jalen Reeves-Maybin	DET	0	2	2	100.0%	16	8.0	8.0	0	100.0	4.5	9	7	3	0	1	0.0	1	0	1	100.0%
Tracy Walker	DET	0	3	2	66.7%	60	30.0	20.0	0	109.7	17.3	24	36	1	0	0	0.0	0	10	1	9.1%
Christian Jones	DET	0	3	1	33.3%	0	0.0	0.0	0	42.4	2.7	-4	4	5	2	0	0.0	2	3	1	25.0%
Jahlani Tavai	DET	0	1	1	100.0%	9	9.0	9.0	0	104.2	3.0	3	6	1	1	0	0.0	1	8	2	20.0%
Quandre Diggs	DET	0	1	1	100.0%	47	47.0	47.0	0	118.7	41.0	41	6	0	0	0	0.0	0	6	1	14.3%
Trey Flowers	DET	0	0	0										0	1	1	0.0	2	1	0	0.0%
Romeo Okwara	DET	0	0	0										5	0	0	0.5	1	2	0	0.0%
A'Shawn Robinson	DET	0	0	0										0	0	0	0.5	1	4	0	0.0%
Damon Harrison	DET	0	0	0										0	0	0	0.0	0	1	2	66.7%
Will Harris	DET	0	0	0										2	0	0	0.0	0	0	0	"
