advanced_rushing = document.querySelectorAll("#rushing_advanced > tbody")[0].innerText;
advanced_receiving = document.querySelectorAll("#receiving_advanced > tbody")[0].innerText;
advanced_defense = document.querySelectorAll("#defense_advanced > tbody")[0].innerText;
advanced_passing = document.querySelectorAll("#passing_advanced > tbody")[0].innerText;
"Tom Brady	NWE	20	28	264	13	43.3	264	9.4	173	8.7	6.2	91	4.6	0	0.0%	5	17.9%	2	8	0	1	0	
Player	Tm	Cmp	Att	Yds	1D	1D%	IAY	IAY/PA	CAY	CAY/Cmp	CAY/PA	YAC	YAC/Cmp	Drops	Drop%	BadTh	Bad%	Sk	Bltz	Hrry	Hits	Scrm	Yds/Scr
Ryan Fitzpatrick	MIA	11	21	89	3	12.0	176	8.4	60	5.5	2.9	29	2.6	2	9.5%	1	4.8%	4	9	1	1	1	6.0
Josh Rosen	MIA	7	18	97	4	19.0	302	16.8	65	9.3	3.6	32	4.6	3	16.7%	6	33.3%	3	4	1	3	0	"
advanced_rushing
"Sony Michel	NWE	21	83	7	61	2.9	22	1.0	0	
Rex Burkhead	NWE	5	21	1	14	2.8	7	1.4	1	5.0
James White	NWE	3	10	0	10	3.3	0	0.0	0	
Tom Brady	NWE	2	1	1	1	0.5	0	0.0	0	
James Develin	NWE	2	3	1	3	1.5	0	0.0	0	
Antonio Brown	NWE	1	5	1	5	5.0	0	0.0	0	
Julian Edelman	NWE	1	1	0	1	1.0	0	0.0	0	
Player	Tm	Att	Yds	1D	YBC	YBC/Att	YAC	YAC/Att	BrkTkl	Att/Br
Kenyan Drake	MIA	6	19	0	16	2.7	3	0.5	0	
Kalen Ballage	MIA	4	6	1	6	1.5	0	0.0	1	4.0
Mark Walton	MIA	3	15	1	11	3.7	4	1.3	0	
Ryan Fitzpatrick	MIA	1	6	1	6	6.0	0	0.0	0	
Jakeem Grant	MIA	1	-4	0	-4	-4.0	0	0.0	0	"
advanced_receiving
"Antonio Brown	NWE	8	4	56	3	49	12.3	7	1.8	1	4.0	0	0.0
Julian Edelman	NWE	4	4	51	1	31	7.8	20	5.0	1	4.0	0	0.0
Phillip Dorsett	NWE	3	3	39	2	37	12.3	2	0.7	0		0	0.0
James White	NWE	4	3	19	2	0	0.0	19	6.3	0		0	0.0
Rex Burkhead	NWE	2	2	47	2	25	12.5	22	11.0	0		0	0.0
Josh Gordon	NWE	5	2	19	1	9	4.5	10	5.0	1	2.0	0	0.0
Matt LaCosse	NWE	2	2	33	2	22	11.0	11	5.5	0		0	0.0
Player	Tm	Tgt	Rec	Yds	1D	YBC	YBC/R	YAC	YAC/R	BrkTkl	Rec/Br	Drop	Drop%
Kenyan Drake	MIA	6	5	29	1	16	3.2	13	2.6	0		0	0.0
Preston Williams	MIA	6	4	63	3	51	12.8	12	3.0	0		1	16.7
Jakeem Grant	MIA	7	3	22	1	2	0.7	20	6.7	0		1	14.3
Allen Hurns	MIA	2	1	13		11	11.0	2	2.0	0		0	0.0
Nick O'Leary	MIA	1	1	6		3	3.0	3	3.0	0		0	0.0
Durham Smythe	MIA	1	1	24	1	24	24.0	0	0.0	0		0	0.0
Mark Walton	MIA	2	1	12	1	5	5.0	7	7.0	0		0	0.0
Mike Gesicki	MIA	2	1	11		8	8.0	3	3.0	0		0	0.0
Kalen Ballage	MIA	5	1	6	0	5	5.0	1	1.0	0		2	40.0
DeVante Parker	MIA	7	0	0		0		0		0		1	14.3"
advanced_defense
"Jonathan Jones	NWE	0	7	5	71.4%	50	10.0	7.1	0	91.4	8.3	27	23	0	0	0	0.0	0	4	0	0.0%
Stephon Gilmore	NWE	1	8	3	37.5%	32	10.7	4.0	0	10.4	12.6	20	12	0	0	0	0.0	0	2	0	0.0%
Duron Harmon	NWE	0	2	2	100.0%	34	17.0	17.0	0	118.7	14.5	29	5	2	0	1	0.0	1	2	0	0.0%
Ja'Whaun Bentley	NWE	0	3	2	66.7%	8	4.0	2.7	0	70.1	2.7	4	4	3	1	0	0.0	1	2	0	0.0%
Jason McCourty	NWE	0	4	2	50.0%	19	9.5	4.8	0	63.5	19.0	12	7	0	0	0	0.0	0	4	0	0.0%
Jamie Collins	NWE	2	2	1	50.0%	6	6.0	3.0	0	16.7	6.0	5	1	5	0	0	0.5	1	6	0	0.0%
Dont'a Hightower	NWE	0	2	1	50.0%	6	6.0	3.0	0	56.2	2.5	3	3	5	0	0	0.0	0	3	0	0.0%
Elandon Roberts	NWE	0	1	1	100.0%	6	6.0	6.0	0	91.7	3.0	3	3	4	0	0	0.0	0	5	0	0.0%
Patrick Chung	NWE	0	2	1	50.0%	11	11.0	5.5	0	66.7	7.0	8	3	2	0	0	0.0	0	2	0	0.0%
J.C. Jackson	NWE	0	6	1	16.7%	14	14.0	2.3	0	39.6	22.2	14	0	0	0	0	0.0	0	2	0	0.0%
Danny Shelton	NWE	0	0	0										0	1	1	1.0	3	1	0	0.0%
Adam Butler	NWE	0	0	0										0	0	0	2.0	2	4	0	0.0%
Chase Winovich	NWE	0	0	0										0	0	0	1.5	2	2	0	0.0%
Michael Bennett	NWE	0	0	0										0	0	1	1.0	2	1	0	0.0%
Shilique Calhoun	NWE	0	0	0										3	0	1	0.0	1	2	0	0.0%
John Simon	NWE	0	0	0										1	0	0	1.0	1	1	0	0.0%
Kyle Van Noy	NWE	0	0	0										5	0	0	0.0	0	0	1	100.0%
Terrence Brooks	NWE	0	0	0										1	0	0	0.0	0	1	0	0.0%
Devin McCourty	NWE	1	2	0	0.0%					0.0	19.5			0	0	0	0.0	0	2	0	0.0%
Player	Tm	Int	Tgt	Cmp	Cmp%	Yds	Yds/Cmp	Yds/Tgt	TD	Rat	DADOT	Air	YAC	Bltz	Hrry	QBKD	Sk	Prss	Comb	MTkl	MTkl%
Jerome Baker	MIA	0	4	4	100.0%	70	17.5	17.5	0	118.7	10.3	37	33	3	0	0	0.0	0	11	1	8.3%
Jomal Wiltz	MIA	0	5	4	80.0%	58	14.5	11.6	1	154.6	13.8	50	8	1	0	0	0.0	0	4	1	20.0%
Eric Rowe	MIA	0	6	4	66.7%	54	13.5	9.0	0	95.1	9.7	44	10	0	0	0	0.0	0	5	0	0.0%
Bobby McCain	MIA	0	2	2	100.0%	16	8.0	8.0	0	100.0	7.5	15	1	1	0	0	0.0	0	7	0	0.0%
Xavien Howard	MIA	0	6	2	33.3%	19	9.5	3.2	0	43.1	10.5	9	10	0	0	0	0.0	0	4	1	20.0%
Chris Lammons	MIA	0	2	2	100.0%	11	5.5	5.5	0	89.6	0.0	0	11	0	0	0	0.0	0	1	1	50.0%
Steven Parker	MIA	0	1	1	100.0%	10	10.0	10.0	1	147.9	-2.0	-2	12	0	0	0	0.0	0	1	0	0.0%
Ken Webster	MIA	0	1	1	100.0%	8	8.0	8.0	0	100.0	8.0	8	0	0	0	0	0.0	0	1	0	0.0%
Minkah Fitzpatrick	MIA	0	1	1	100.0%	18	18.0	18.0	0	118.7	12.0	12	6	0	0	0	0.0	0	6	1	14.3%
Vince Biegel	MIA	0	0	0										2	0	1	1.0	2	1	0	0.0%
John Jenkins	MIA	0	0	0										0	0	0	1.0	1	2	0	0.0%
Raekwon McMillan	MIA	0	0	0										3	0	0	0.0	0	4	0	0.0%
Samuel Eguavoen	MIA	0	0	0										4	0	0	0.0	0	4	0	0.0%
Avery Moss	MIA	0	0	0										2	0	0	0.0	0	2	0	0.0%"
