advanced_rushing = document.querySelectorAll("#rushing_advanced > tbody")[0].innerText;
advanced_receiving = document.querySelectorAll("#receiving_advanced > tbody")[0].innerText;
advanced_defense = document.querySelectorAll("#defense_advanced > tbody")[0].innerText;
advanced_passing = document.querySelectorAll("#passing_advanced > tbody")[0].innerText;
"Josh Allen	BUF	19	30	253	13	39.4	269	9.0	164	8.6	5.5	89	4.7	3	11.5%	3	11.5%	3	14	4	1	3	6.3
Player	Tm	Cmp	Att	Yds	1D	1D%	IAY	IAY/PA	CAY	CAY/Cmp	CAY/PA	YAC	YAC/Cmp	Drops	Drop%	BadTh	Bad%	Sk	Bltz	Hrry	Hits	Scrm	Yds/Scr
Eli Manning	NYG	26	45	250	14	30.4	359	8.0	161	6.2	3.6	89	3.4	2	4.8%	8	19.0%	1	15	5	2	0	"
advanced_rushing
"Frank Gore	BUF	19	68	5	31	1.6	37	1.9	0	
Josh Allen	BUF	7	21	1	15	2.1	6	0.9	0	
Devin Singletary	BUF	6	57	2	30	5.0	27	4.5	2	3.0
Patrick DiMarco	BUF	1	1		-1	-1.0	2	2.0	0	
Isaiah McKenzie	BUF	1	4	0	2	2.0	2	2.0	0	
Player	Tm	Att	Yds	1D	YBC	YBC/Att	YAC	YAC/Att	BrkTkl	Att/Br
Saquon Barkley	NYG	18	107	5	56	3.1	51	2.8	0	
Bennie Fowler	NYG	1	20	1	17	17.0	3	3.0	0	
Eli Manning	NYG	1	2	1	0	0.0	2	2.0	0	"
advanced_receiving
"John Brown	BUF	8	7	72	5	59	8.4	13	1.9	0		0	0.0
Cole Beasley	BUF	4	4	83	3	51	12.8	32	8.0	1	4.0	0	0.0
Isaiah McKenzie	BUF	2	2	40	2	17	8.5	23	11.5	0		0	0.0
Frank Gore	BUF	2	2	15	0	1	0.5	14	7.0	0		0	0.0
Lee Smith	BUF	1	1	8	1	6	6.0	2	2.0	0		0	0.0
Patrick DiMarco	BUF	1	1	3		2	2.0	1	1.0	0		0	0.0
Dawson Knox	BUF	4	1	18	1	16	16.0	2	2.0	0		2	50.0
Zay Jones	BUF	3	1	14	1	12	12.0	2	2.0	0		1	33.3
Tommy Sweeney	BUF	1	0	0		0		0		0		0	0.0
Robert Foster	BUF	2	0	0		0		0		0		0	0.0
Player	Tm	Tgt	Rec	Yds	1D	YBC	YBC/R	YAC	YAC/R	BrkTkl	Rec/Br	Drop	Drop%
Evan Engram	NYG	8	6	48	2	39	6.5	9	1.5	0		1	12.5
Bennie Fowler	NYG	10	5	51	3	48	9.6	3	0.6	0		1	10.0
T.J. Jones	NYG	4	3	38	2	15	5.0	23	7.7	0		0	0.0
Cody Latimer	NYG	5	3	30	3	26	8.7	4	1.3	0		0	0.0
Cody Core	NYG	5	3	28	2	25	8.3	3	1.0	0		0	0.0
Saquon Barkley	NYG	7	3	28	1	-3	-1.0	31	10.3	1	3.0	0	0.0
Russell Shepard	NYG	3	2	19	1	6	3.0	13	6.5	0		0	0.0
Rhett Ellison	NYG	1	1	8		5	5.0	3	3.0	1	1.0	0	0.0
Wayne Gallman	NYG	1	0	0		0		0		0		0	0.0"
advanced_defense
"Levi Wallace	BUF	0	12	8	66.7%	68	8.5	5.7	1	109.0	7.1	53	15	0	0	0	0.0	0	8	0	0.0%
Tre'Davious White	BUF	0	7	6	85.7%	55	9.2	7.9	0	99.4	7.9	52	3	1	0	0	0.0	0	8	2	20.0%
Matt Milano	BUF	0	4	3	75.0%	14	4.7	3.5	0	79.2	3.5	10	4	3	0	0	0.0	0	6	2	25.0%
Kevin Johnson	BUF	0	5	3	60.0%	61	20.3	12.2	0	102.9	11.0	38	23	0	0	0	0.0	0	3	0	0.0%
Dean Marlowe	BUF	0	3	2	66.7%	14	7.0	4.7	0	77.1	5.3	6	8	2	0	0	0.0	0	2	0	0.0%
Siran Neal	BUF	0	2	2	100.0%	5	2.5	2.5	0	79.2	-2.5	-5	10	2	0	0	0.0	0	5	0	0.0%
Jordan Poyer	BUF	1	4	1	25.0%	19	19.0	4.8	0	7.3	19.5	-6	25	5	0	0	0.0	0	2	0	0.0%
Micah Hyde	BUF	0	3	1	33.3%	14	14.0	4.7	0	49.3	15.7	13	1	0	0	0	0.0	0	3	1	25.0%
Shaq Lawson	BUF	0	0	0										0	2	1	0.0	3	1	0	0.0%
Darryl Johnson	BUF	0	0	0										0	1	1	0.0	2	2	0	0.0%
Lorenzo Alexander	BUF	0	0	0										3	0	0	0.5	1	2	0	0.0%
Harrison Phillips	BUF	0	0	0										0	0	0	0.5	1	3	0	0.0%
Trent Murphy	BUF	1	0	0										0	1	0	0.0	1	1	1	50.0%
Ed Oliver	BUF	0	0	0										0	1	0	0.0	1	2	0	0.0%
Tremaine Edmunds	BUF	0	4	0	0.0%					39.6	3.5			5	0	0	0.0	0	7	0	0.0%
Player	Tm	Int	Tgt	Cmp	Cmp%	Yds	Yds/Cmp	Yds/Tgt	TD	Rat	DADOT	Air	YAC	Bltz	Hrry	QBKD	Sk	Prss	Comb	MTkl	MTkl%
Janoris Jenkins	NYG	0	7	7	100.0%	75	10.7	10.7	0	111.3	8.6	60	15	0	0	0	0.0	0	7	1	12.5%
Deandre Baker	NYG	0	7	5	71.4%	100	20.0	14.3	0	113.7	12.0	68	32	0	0	0	0.0	0	3	1	25.0%
Jabrill Peppers	NYG	0	5	3	60.0%	43	14.3	8.6	0	87.9	7.8	26	17	2	0	0	0.0	0	6	2	25.0%
Alec Ogletree	NYG	0	2	2	100.0%	10	5.0	5.0	0	87.5	2.5	5	5	8	0	0	0.0	0	5	1	16.7%
Oshane Ximines	NYG	0	1	1	100.0%	14	14.0	14.0	1	158.3	-3.0	-3	17	1	0	0	0.5	1	2	0	0.0%
Michael Thomas	NYG	0	1	1	100.0%	11	11.0	11.0	0	112.5	8.0	8	3	0	0	0	0.0	0	3	0	0.0%
Lorenzo Carter	NYG	0	0	0										2	1	1	0.5	3	5	0	0.0%
Markus Golden	NYG	0	1	0	0.0%					39.6	-4.0			1	0	0	1.0	2	6	0	0.0%
Dexter Lawrence	NYG	0	0	0										0	1	0	0.0	1	4	1	20.0%
B.J. Hill	NYG	0	0	0										0	1	0	0.0	1	3	1	25.0%
Ryan Connelly	NYG	0	1	0	0.0%					39.6	1.0			0	1	0	0.0	1	6	0	0.0%
Olsen Pierre	NYG	0	0	0										0	0	0	1.0	1	1	0	0.0%
Grant Haley	NYG	0	2	0	0.0%					39.6	39.0			2	0	0	0.0	0	1	1	50.0%
Antoine Bethea	NYG	0	1	0	0.0%					39.6	5.0			1	0	0	0.0	0	10	0	0.0%"
