advanced_rushing = document.querySelectorAll("#rushing_advanced > tbody")[0].innerText;
advanced_receiving = document.querySelectorAll("#receiving_advanced > tbody")[0].innerText;
advanced_defense = document.querySelectorAll("#defense_advanced > tbody")[0].innerText;
advanced_passing = document.querySelectorAll("#passing_advanced > tbody")[0].innerText;
"Teddy Bridgewater	NOR	17	30	165	9	28.1	196	6.5	66	3.9	2.2	99	5.8	2	7.4%	3	11.1%	2	3	5	1	2	2.5
Drew Brees	NOR	3	5	38	2	40.0	55	11.0	31	10.3	6.2	7	2.3	0	0.0%	1	20.0%	0	0	1	0	0	
Player	Tm	Cmp	Att	Yds	1D	1D%	IAY	IAY/PA	CAY	CAY/Cmp	CAY/PA	YAC	YAC/Cmp	Drops	Drop%	BadTh	Bad%	Sk	Bltz	Hrry	Hits	Scrm	Yds/Scr
Jared Goff	LAR	19	28	283	11	35.5	200	7.1	137	7.2	4.9	146	7.7	2	7.1%	6	21.4%	3	5	4	1	0	"
advanced_rushing
"Alvin Kamara	NOR	13	45	2	18	1.4	27	2.1	1	13.0
Latavius Murray	NOR	5	7	0	1	0.2	6	1.2	0	
Teddy Bridgewater	NOR	2	5	0	4	2.0	1	0.5	0	
Player	Tm	Att	Yds	1D	YBC	YBC/Att	YAC	YAC/Att	BrkTkl	Att/Br
Todd Gurley	LAR	16	63	5	42	2.6	21	1.3	0	
Malcolm Brown	LAR	6	37	1	19	3.2	18	3.0	2	3.0
Jared Goff	LAR	4	-2	1	-2	-0.5	0	0.0	0	
Brandin Cooks	LAR	1	2	0	2	2.0	0	0.0	0	
Gerald Everett	LAR	1	0	0	0	0.0	0	0.0	0	
Cooper Kupp	LAR	1	6	0	6	6.0	0	0.0	0	
Robert Woods	LAR	1	9	0	4	4.0	5	5.0	0	"
advanced_receiving
"Michael Thomas	NOR	13	10	89	4	60	6.0	29	2.9	2	5.0	0	0.0
Tre'Quan Smith	NOR	3	3	49	3	11	3.7	38	12.7	2	1.5	0	0.0
Jared Cook	NOR	7	2	25	2	17	8.5	8	4.0	1	2.0	2	28.6
Taysom Hill	NOR	3	2	16	1	12	6.0	4	2.0	0		0	0.0
Deonte Harris	NOR	1	1	-7		-4	-4.0	-3	-3.0	1	1.0	0	0.0
Alvin Kamara	NOR	3	1	15	0	6	6.0	9	9.0	0		0	0.0
Latavius Murray	NOR	1	1	16	1	-5	-5.0	21	21.0	1	1.0	0	0.0
Zach Line	NOR	1	0	0		0		0		0		0	0.0
Player	Tm	Tgt	Rec	Yds	1D	YBC	YBC/R	YAC	YAC/R	BrkTkl	Rec/Br	Drop	Drop%
Cooper Kupp	LAR	9	5	120	4	42	8.4	78	15.6	4	1.3	0	0.0
Brandin Cooks	LAR	4	3	74	3	69	23.0	5	1.7	0		1	25.0
Gerald Everett	LAR	4	3	21	2	7	2.3	14	4.7	2	1.5	0	0.0
Todd Gurley	LAR	4	3	4	0	-9	-3.0	13	4.3	0		1	25.0
Tyler Higbee	LAR	3	2	21	1	12	6.0	9	4.5	0		0	0.0
Robert Woods	LAR	2	2	33	1	10	5.0	23	11.5	0		0	0.0
Malcolm Brown	LAR	1	1	10	0	6	6.0	4	4.0	0		0	0.0
Josh Reynolds	LAR	1	0	0		0		0		0		0	0.0"
advanced_defense
"P.J. Williams	NOR	0	6	4	66.7%	34	8.5	5.7	0	81.2	1.0	3	31	1	0	0	0.0	0	2	2	50.0%
Marshon Lattimore	NOR	0	5	4	80.0%	139	34.8	27.8	1	158.3	16.2	75	64	0	0	0	0.0	0	5	1	16.7%
Vonn Bell	NOR	0	5	3	60.0%	56	18.7	11.2	0	98.7	14.2	41	15	0	0	0	0.0	0	5	1	16.7%
Demario Davis	NOR	0	3	3	100.0%	3	1.0	1.0	0	79.2	-2.3	-7	10	3	0	0	0.0	0	5	0	0.0%
Eli Apple	NOR	0	4	3	75.0%	48	16.0	12.0	0	114.6	15.8	44	4	0	0	0	0.0	0	7	1	12.5%
Marcus Williams	NOR	0	3	2	66.7%	66	33.0	22.0	0	109.7	9.0	8	58	0	0	0	0.0	0	4	2	33.3%
David Onyemata	NOR	0	1	1	100.0%	11	11.0	11.0	0	112.5	1.0	1	10	0	1	0	0.0	1	4	1	20.0%
Kiko Alonso	NOR	0	1	1	100.0%	2	2.0	2.0	1	118.7	2.0	2	0	0	0	0	0.0	0	1	0	0.0%
A.J. Klein	NOR	0	4	1	25.0%	12	12.0	3.0	0	39.6	4.8	5	7	0	0	0	0.0	0	5	3	37.5%
Alex Anzalone	NOR	0	2	1	50.0%	9	9.0	4.5	0	62.5	3.0	2	7	0	0	0	0.0	0	2	0	0.0%
Marcus Davenport	NOR	0	0	0										0	1	1	1.0	3	3	1	25.0%
Cameron Jordan	NOR	0	0	0										0	1	0	1.0	2	5	1	16.7%
Trey Hendrickson	NOR	0	0	0										0	1	0	1.0	2	2	1	33.3%
Malcom Brown	NOR	0	0	0										0	0	0	0.0	0	3	1	25.0%
Player	Tm	Int	Tgt	Cmp	Cmp%	Yds	Yds/Cmp	Yds/Tgt	TD	Rat	DADOT	Air	YAC	Bltz	Hrry	QBKD	Sk	Prss	Comb	MTkl	MTkl%
Cory Littleton	LAR	0	13	10	76.9%	116	11.6	8.9	0	103.4	5.7	48	68	1	1	0	0.0	1	8	2	20.0%
Nickell Robey-Coleman	LAR	0	6	5	83.3%	40	8.0	6.7	0	94.4	7.3	31	9	0	0	0	0.0	0	6	3	33.3%
Taylor Rapp	LAR	0	9	5	55.6%	55	11.0	6.1	0	73.8	7.0	31	24	0	0	0	0.0	0	6	1	14.3%
Aqib Talib	LAR	0	4	4	100.0%	49	12.3	12.3	0	117.7	9.5	38	11	0	0	0	0.0	0	2	0	0.0%
Eric Weddle	LAR	0	5	3	60.0%	28	9.3	5.6	0	75.4	7.2	4	24	0	0	0	0.0	0	7	1	12.5%
John Johnson	LAR	1	5	2	40.0%	17	8.5	3.4	0	10.0	13.2	10	7	0	0	0	0.0	0	6	0	0.0%
Dante Fowler	LAR	0	1	0	0.0%					39.6	-3.0			0	3	0	0.0	3	6	0	0.0%
Aaron Donald	LAR	0	0	0										0	0	1	0.0	1	1	1	50.0%
Samson Ebukam	LAR	0	0	0										0	1	0	0.0	1	1	1	50.0%
Clay Matthews	LAR	0	0	0										1	0	0	1.0	1	3	0	0.0%
Michael Brockers	LAR	0	0	0										0	0	0	1.0	1	3	0	0.0%
Marcus Peters	LAR	0	2	0	0.0%					39.6	14.0			0	0	0	0.0	0	0	0	"
