advanced_rushing = document.querySelectorAll("#rushing_advanced > tbody")[0].innerText;
advanced_receiving = document.querySelectorAll("#receiving_advanced > tbody")[0].innerText;
advanced_defense = document.querySelectorAll("#defense_advanced > tbody")[0].innerText;
advanced_passing = document.querySelectorAll("#passing_advanced > tbody")[0].innerText;
"Dak Prescott	DAL	26	30	269	12	38.7	257	8.6	174	6.7	5.8	95	3.7	1	3.3%	1	3.3%	1	5	2	1	1	15.0
Player	Tm	Cmp	Att	Yds	1D	1D%	IAY	IAY/PA	CAY	CAY/Cmp	CAY/PA	YAC	YAC/Cmp	Drops	Drop%	BadTh	Bad%	Sk	Bltz	Hrry	Hits	Scrm	Yds/Scr
Case Keenum	WAS	26	37	221	12	31.6	224	6.1	119	4.6	3.2	102	3.9	1	2.7%	7	18.9%	1	4	5	2	0	"
advanced_rushing
"Ezekiel Elliott	DAL	23	111	6	56	2.4	55	2.4	1	23.0
Dak Prescott	DAL	5	69	3	59	11.8	10	2.0	0	
Tony Pollard	DAL	4	22	2	10	2.5	12	3.0	0	
Randall Cobb	DAL	2	11	0	6	3.0	5	2.5	0	
Player	Tm	Att	Yds	1D	YBC	YBC/Att	YAC	YAC/Att	BrkTkl	Att/Br
Adrian Peterson	WAS	10	25	3	1	0.1	24	2.4	0	
Steven Sims	WAS	3	16		15	5.0	1	0.3	0	
Chris Thompson	WAS	2	3	1	0	0.0	3	1.5	0	
Case Keenum	WAS	1	-1	0	-1	-1.0	0	0.0	0	
Wendell Smallwood	WAS	1	4	0	0	0.0	4	4.0	0	"
advanced_receiving
"Michael Gallup	DAL	8	6	68	4	53	8.8	15	2.5	0		0	0.0
Randall Cobb	DAL	6	5	24	1	2	0.4	22	4.4	0		1	16.7
Amari Cooper	DAL	5	4	44	2	34	8.5	10	2.5	0		0	0.0
Jason Witten	DAL	4	4	25	2	15	3.8	10	2.5	0		0	0.0
Devin Smith	DAL	3	3	74	2	56	18.7	18	6.0	0		0	0.0
Ezekiel Elliott	DAL	2	2	9	0	-4	-2.0	13	6.5	1	2.0	0	0.0
Blake Jarwin	DAL	1	1	22	1	16	16.0	6	6.0	0		0	0.0
Tony Pollard	DAL	1	1	3	0	2	2.0	1	1.0	0		0	0.0
Player	Tm	Tgt	Rec	Yds	1D	YBC	YBC/R	YAC	YAC/R	BrkTkl	Rec/Br	Drop	Drop%
Terry McLaurin	WAS	9	5	62	4	49	9.8	13	2.6	1	5.0	1	11.1
Chris Thompson	WAS	8	5	48	1	1	0.2	47	9.4	0		0	0.0
Trey Quinn	WAS	7	4	36	2	22	5.5	14	3.5	0		0	0.0
Paul Richardson	WAS	3	3	16	1	11	3.7	5	1.7	0		0	0.0
Vernon Davis	WAS	4	3	29	1	28	9.3	1	0.3	0		0	0.0
Adrian Peterson	WAS	2	2	7	1	1	0.5	6	3.0	0		0	0.0
Wendell Smallwood	WAS	2	2	9	1	4	2.0	5	2.5	0		0	0.0
Steven Sims	WAS	1	1	3		-3	-3.0	6	6.0	0		0	0.0
Jeremy Sprinkle	WAS	1	1	11	1	6	6.0	5	5.0	0		0	0.0"
advanced_defense
"Byron Jones	DAL	0	13	8	61.5%	78	9.8	6.0	1	104.0	11.5	57	21	0	0	0	0.0	0	8	1	11.1%
Jaylon Smith	DAL	0	6	5	83.3%	39	7.8	6.5	1	133.3	4.0	20	19	3	0	0	0.0	0	11	0	0.0%
Anthony Brown	DAL	0	7	5	71.4%	42	8.4	6.0	0	86.6	2.9	17	25	2	0	0	0.0	0	2	3	60.0%
Xavier Woods	DAL	0	6	4	66.7%	9	2.3	1.5	0	70.1	2.0	1	8	0	0	0	0.0	0	6	1	14.3%
Leighton Vander Esch	DAL	0	3	3	100.0%	41	13.7	13.7	0	118.7	4.3	13	28	0	0	0	0.0	0	5	0	0.0%
Jeff Heath	DAL	0	6	3	50.0%	22	7.3	3.7	0	59.0	3.3	12	10	0	0	0	0.0	0	4	0	0.0%
Joe Jackson	DAL	0	1	1	100.0%	9	9.0	9.0	0	104.2	5.0	5	4	0	0	0	0.0	0	1	0	0.0%
Chidobe Awuzie	DAL	0	1	1	100.0%	7	7.0	7.0	0	95.8	7.0	7	0	0	0	0	0.0	0	1	0	0.0%
DeMarcus Lawrence	DAL	0	0	0										0	1	1	0.0	2	0	0	
Maliek Collins	DAL	0	0	0										0	2	0	0.0	2	1	0	0.0%
Dorance Armstrong	DAL	0	0	0										0	0	1	0.0	1	2	0	0.0%
Kerry Hyder	DAL	0	0	0										0	1	0	0.0	1	1	0	0.0%
Tyrone Crawford	DAL	0	0	0										0	0	0	1.0	1	1	1	50.0%
Player	Tm	Int	Tgt	Cmp	Cmp%	Yds	Yds/Cmp	Yds/Tgt	TD	Rat	DADOT	Air	YAC	Bltz	Hrry	QBKD	Sk	Prss	Comb	MTkl	MTkl%
Dominique Rodgers-Cromartie	WAS	0	6	6	100.0%	66	11.0	11.0	0	112.5	7.5	45	21	0	0	0	0.0	0	4	2	33.3%
Cole Holcomb	WAS	0	6	5	83.3%	48	9.6	8.0	1	139.6	8.0	30	18	1	0	0	0.0	0	6	1	14.3%
Landon Collins	WAS	0	4	4	100.0%	32	8.0	8.0	1	139.6	5.0	20	12	0	0	0	0.0	0	12	2	14.3%
Jimmy Moreland	WAS	0	5	4	80.0%	35	8.8	7.0	0	95.8	6.8	23	12	0	0	0	0.0	0	6	2	25.0%
Jonathan Bostic	WAS	0	3	3	100.0%	11	3.7	3.7	0	81.9	0.0	0	11	0	0	0	0.0	0	7	0	0.0%
Josh Norman	WAS	0	5	3	60.0%	78	26.0	15.6	1	143.7	23.8	65	13	0	0	0	0.0	0	4	0	0.0%
Deshazor Everett	WAS	0	2	2	100.0%	26	13.0	13.0	1	158.3	8.5	17	9	0	0	0	0.0	0	0	1	100.0%
Montae Nicholson	WAS	1	2	2	100.0%	18	9.0	9.0	0	64.6	7.0	14	4	0	0	0	0.0	0	9	0	0.0%
Shaun Dion Hamilton	WAS	0	1	1	100.0%	3	3.0	3.0	0	79.2	2.0	2	1	1	0	0	0.0	0	5	0	0.0%
Da'Ron Payne	WAS	0	0	0										0	2	0	0.0	2	4	2	33.3%
Ryan Kerrigan	WAS	0	0	0										2	0	1	1.0	2	2	2	50.0%
Ryan Anderson	WAS	0	0	0										2	0	0	0.0	0	3	1	25.0%
Montez Sweat	WAS	0	0	0										1	0	0	0.0	0	4	0	0.0%"
