advanced_rushing = document.querySelectorAll("#rushing_advanced > tbody")[0].innerText;
advanced_receiving = document.querySelectorAll("#receiving_advanced > tbody")[0].innerText;
advanced_defense = document.querySelectorAll("#defense_advanced > tbody")[0].innerText;
advanced_passing = document.querySelectorAll("#passing_advanced > tbody")[0].innerText;
"Jeff Driskel	DET	27	46	269	11	22.9	307	6.7	144	5.3	3.1	125	4.6	3	7.0%	9	20.9%	2	8	7	4	4	7.8
Player	Tm	Cmp	Att	Yds	1D	1D%	IAY	IAY/PA	CAY	CAY/Cmp	CAY/PA	YAC	YAC/Cmp	Drops	Drop%	BadTh	Bad%	Sk	Bltz	Hrry	Hits	Scrm	Yds/Scr
Mitchell Trubisky	CHI	16	23	173	7	25.0	221	9.6	111	6.9	4.8	62	3.9	1	4.3%	2	8.7%	5	5	2	2	1	3.0"
advanced_rushing
"J.D. McKissic	DET	10	36		19	1.9	17	1.7	1	10.0
Paul Perkins	DET	7	9	2	8	1.1	1	0.1	0	
Jeff Driskel	DET	5	37	3	25	5.0	12	2.4	1	5.0
Ty Johnson	DET	5	16	1	10	2.0	6	1.2	1	5.0
Player	Tm	Att	Yds	1D	YBC	YBC/Att	YAC	YAC/Att	BrkTkl	Att/Br
David Montgomery	CHI	17	60	2	33	1.9	27	1.6	3	5.7
Tarik Cohen	CHI	3	14	1	10	3.3	4	1.3	0	
Mitchell Trubisky	CHI	3	8	1	3	1.0	5	1.7	1	3.0
Taylor Gabriel	CHI	1	-1	0	-1	-1.0	0	0.0	0	"
advanced_receiving
"J.D. McKissic	DET	7	6	19		-8	-1.3	27	4.5	0		0	0.0
Marvin Jones	DET	5	5	77	5	69	13.8	8	1.6	0		0	0.0
Danny Amendola	DET	9	4	29	1	14	3.5	15	3.8	0		0	0.0
T.J. Hockenson	DET	6	3	47	3	12	4.0	35	11.7	2	1.5	0	0.0
Kenny Golladay	DET	9	3	57	1	54	18.0	3	1.0	0		2	22.2
Logan Thomas	DET	2	2	19	1	8	4.0	11	5.5	0		0	0.0
Jeff Driskel	DET	1	1	6	0	-3	-3.0	9	9.0	0		0	0.0
Ty Johnson	DET	1	1	3	0	1	1.0	2	2.0	0		0	0.0
Paul Perkins	DET	1	1	9	0	-1	-1.0	10	10.0	0		0	0.0
Nick Bawden	DET	1	1	3		-2	-2.0	5	5.0	0		0	0.0
Jesse James	DET	1	0	0		0		0		0		1	100.0
Player	Tm	Tgt	Rec	Yds	1D	YBC	YBC/R	YAC	YAC/R	BrkTkl	Rec/Br	Drop	Drop%
Allen Robinson	CHI	9	6	86	4	56	9.3	30	5.0	0		0	0.0
Taylor Gabriel	CHI	6	4	39	1	37	9.3	2	0.5	0		1	16.7
Tarik Cohen	CHI	4	4	23	1	-5	-1.3	28	7.0	0		0	0.0
Ben Braunecker	CHI	1	1	18	1	18	18.0	0	0.0	0		0	0.0
Anthony Miller	CHI	2	1	7		5	5.0	2	2.0	0		0	0.0
Trey Burton	CHI	1	0	0		0		0		0		0	0.0"
advanced_defense
"Tavon Wilson	DET	0	5	3	60.0%	27	9.0	5.4	0	74.6	8.6	25	2	3	0	0	1.0	1	7	0	0.0%
Darius Slay	DET	0	5	3	60.0%	46	15.3	9.2	0	90.4	10.0	21	25	0	0	0	0.0	0	4	0	0.0%
Jarrad Davis	DET	0	3	3	100.0%	38	12.7	12.7	0	118.7	10.7	32	6	1	0	0	0.0	0	8	0	0.0%
Mike Ford	DET	0	3	3	100.0%	32	10.7	10.7	1	150.7	9.0	27	5	0	0	0	0.0	0	1	1	50.0%
Justin Coleman	DET	0	4	3	75.0%	22	7.3	5.5	0	87.5	2.8	8	14	2	0	0	0.0	0	2	0	0.0%
Rashaan Melvin	DET	0	4	2	50.0%	12	6.0	3.0	1	95.8	10.5	-8	20	0	0	0	0.0	0	1	0	0.0%
Will Harris	DET	0	2	1	50.0%	18	18.0	9.0	1	120.8	15.5	18	0	0	0	0	0.0	0	2	0	0.0%
Trey Flowers	DET	0	0	0										0	1	1	1.0	3	7	1	12.5%
Devon Kennard	DET	0	0	0										0	1	1	1.0	3	2	1	33.3%
Jahlani Tavai	DET	0	0	0										1	0	0	1.0	1	3	1	25.0%
Mike Daniels	DET	0	0	0										0	0	0	1.0	1	1	0	0.0%
Damon Harrison	DET	0	0	0										0	0	0	0.0	0	4	1	20.0%
Christian Jones	DET	0	0	0										0	0	0	0.0	0	1	1	50.0%
A'Shawn Robinson	DET	0	0	0										0	0	0	0.0	0	2	1	33.3%
Player	Tm	Int	Tgt	Cmp	Cmp%	Yds	Yds/Cmp	Yds/Tgt	TD	Rat	DADOT	Air	YAC	Bltz	Hrry	QBKD	Sk	Prss	Comb	MTkl	MTkl%
Prince Amukamara	CHI	0	11	8	72.7%	98	12.3	8.9	0	99.8	10.5	63	35	0	0	0	0.0	0	5	1	16.7%
Roquan Smith	CHI	0	9	6	66.7%	37	6.2	4.1	0	74.8	2.2	6	31	3	0	0	0.0	0	11	0	0.0%
Nick Kwiatkoski	CHI	1	7	4	57.1%	16	4.0	2.3	0	22.6	1.7	5	11	4	1	0	1.0	2	9	3	25.0%
Buster Skrine	CHI	0	6	4	66.7%	31	7.8	5.2	0	79.2	4.5	9	22	2	0	0	0.0	0	5	0	0.0%
Kyle Fuller	CHI	0	7	4	57.1%	71	17.8	10.1	1	131.5	12.1	67	4	0	0	0	0.0	0	6	0	0.0%
Ha Ha Clinton-Dix	CHI	0	6	3	50.0%	36	12.0	6.0	0	68.7	7.3	22	14	0	0	0	0.0	0	6	0	0.0%
Leonard Floyd	CHI	0	2	2	100.0%	6	3.0	3.0	0	79.2	-0.5	-1	7	0	1	1	0.0	2	2	1	33.3%
Eddie Jackson	CHI	0	4	2	50.0%	31	15.5	7.8	0	76.0	12.8	25	6	0	0	0	0.0	0	2	0	0.0%
Roy Robertson-Harris	CHI	0	1	1	100.0%					79.2				0	2	1	0.0	3	0	2	100.0%
Khalil Mack	CHI	0	1	1	100.0%	9	9.0	9.0	0	104.2	-1.0	-1	10	0	2	0	0.0	2	3	2	40.0%
Nick Williams	CHI	0	1	1	100.0%	3	3.0	3.0	0	79.2	-2.0	-2	5	0	0	1	1.0	2	3	0	0.0%
Sherrick McManis	CHI	0	1	1	100.0%	3	3.0	3.0	0	79.2	2.0	2	1	0	0	0	0.0	0	0	0	
Brent Urban	CHI	0	1	1	100.0%	6	6.0	6.0	0	91.7	-3.0	-3	9	0	0	0	0.0	0	4	0	0.0%
Danny Trevathan	CHI	0	0	0										0	0	1	0.0	1	3	0	0.0%
Aaron Lynch	CHI	0	0	0										0	1	0	0.0	1	1	0	0.0%"
