advanced_rushing = document.querySelectorAll("#rushing_advanced > tbody")[0].innerText;
advanced_receiving = document.querySelectorAll("#receiving_advanced > tbody")[0].innerText;
advanced_defense = document.querySelectorAll("#defense_advanced > tbody")[0].innerText;
advanced_passing = document.querySelectorAll("#passing_advanced > tbody")[0].innerText;
"Josh Allen	BUF	22	41	266	12	28.6	403	9.8	178	8.1	4.3	88	4.0	2	5.0%	11	27.5%	1	18	5	4	1	3.0
Player	Tm	Cmp	Att	Yds	1D	1D%	IAY	IAY/PA	CAY	CAY/Cmp	CAY/PA	YAC	YAC/Cmp	Drops	Drop%	BadTh	Bad%	Sk	Bltz	Hrry	Hits	Scrm	Yds/Scr
Baker Mayfield	CLE	26	38	238	15	37.5	261	6.9	116	4.5	3.1	122	4.7	2	5.3%	4	10.5%	2	19	2	2	1	2.0"
advanced_rushing
"Devin Singletary	BUF	8	42	1	12	1.5	30	3.8	1	8.0
Josh Allen	BUF	6	28	4	14	2.3	14	2.3	0	
Frank Gore	BUF	5	12	1	5	1.0	7	1.4	0	
Patrick DiMarco	BUF	1	2		1	1.0	1	1.0	0	
Player	Tm	Att	Yds	1D	YBC	YBC/Att	YAC	YAC/Att	BrkTkl	Att/Br
Nick Chubb	CLE	20	116	5	22	1.1	94	4.7	3	6.7
Kareem Hunt	CLE	4	30	1	8	2.0	22	5.5	0	
Baker Mayfield	CLE	2	1	1	-2	-1.0	3	1.5	0	"
advanced_receiving
"John Brown	BUF	11	5	77	5	65	13.0	12	2.4	0		0	0.0
Cole Beasley	BUF	6	4	74	3	38	9.5	36	9.0	0		0	0.0
Dawson Knox	BUF	6	4	55	2	29	7.3	26	6.5	0		1	16.7
Devin Singletary	BUF	6	3	8	0	0	0.0	8	2.7	0		0	0.0
Isaiah McKenzie	BUF	4	2	19	1	16	8.0	3	1.5	0		0	0.0
Patrick DiMarco	BUF	1	1	2		1	1.0	1	1.0	0		0	0.0
Robert Foster	BUF	1	1	20	1	19	19.0	1	1.0	0		0	0.0
Frank Gore	BUF	1	1	4	0	4	4.0	0	0.0	0		0	0.0
Andre Roberts	BUF	3	1	7		6	6.0	1	1.0	0		1	33.3
Player	Tm	Tgt	Rec	Yds	1D	YBC	YBC/R	YAC	YAC/R	BrkTkl	Rec/Br	Drop	Drop%
Jarvis Landry	CLE	10	9	97	6	56	6.2	41	4.6	0		0	0.0
Kareem Hunt	CLE	9	7	44	2	-4	-0.6	48	6.9	0		1	11.1
Odell Beckham	CLE	12	5	57	4	45	9.0	12	2.4	0		0	0.0
Nick Chubb	CLE	4	2	5	0	-1	-0.5	6	3.0	1	2.0	1	25.0
Demetrius Harris	CLE	2	2	28	2	13	6.5	15	7.5	0		0	0.0
Rashard Higgins	CLE	1	1	7	1	7	7.0	0	0.0	0		0	0.0"
advanced_defense
"Levi Wallace	BUF	0	9	9	100.0%	100	11.1	11.1	2	152.5	7.0	63	37	1	0	0	0.0	0	8	1	11.1%
Tre'Davious White	BUF	0	11	5	45.5%	53	10.6	4.8	0	60.0	12.2	43	10	1	0	0	0.0	0	6	0	0.0%
Tremaine Edmunds	BUF	0	4	4	100.0%	36	9.0	9.0	0	104.2	2.8	11	25	5	0	0	1.0	1	4	2	33.3%
Matt Milano	BUF	0	4	3	75.0%	5	1.7	1.3	0	77.1	-2.0	-8	13	10	0	0	1.0	1	7	2	22.2%
Taron Johnson	BUF	0	2	2	100.0%	21	10.5	10.5	0	110.4	-2.5	-5	26	2	0	0	0.0	0	4	1	20.0%
Jordan Poyer	BUF	0	4	2	50.0%	21	10.5	5.3	0	65.6	8.0	18	3	4	0	0	0.0	0	8	0	0.0%
Kevin Johnson	BUF	0	3	2	66.7%	19	9.5	6.3	0	84.0	5.7	17	2	1	0	0	0.0	0	2	0	0.0%
Trent Murphy	BUF	0	1	1	100.0%	3	3.0	3.0	0	79.2	3.0	3	0	1	2	0	0.0	2	7	0	0.0%
Micah Hyde	BUF	0	2	1	50.0%	7	7.0	3.5	0	58.3	0.0	0	7	1	0	0	0.0	0	4	3	42.9%
Jerry Hughes	BUF	0	0	0										0	2	0	0.0	2	1	0	0.0%
Jordan Phillips	BUF	0	0	0										0	0	1	0.0	1	1	0	0.0%
Shaq Lawson	BUF	0	0	0										0	0	1	0.0	1	2	1	33.3%
Lorenzo Alexander	BUF	0	1	0	0.0%					39.6	16.0			3	0	0	0.0	0	3	0	0.0%
Player	Tm	Int	Tgt	Cmp	Cmp%	Yds	Yds/Cmp	Yds/Tgt	TD	Rat	DADOT	Air	YAC	Bltz	Hrry	QBKD	Sk	Prss	Comb	MTkl	MTkl%
Morgan Burnett	CLE	0	9	6	66.7%	102	17.0	11.3	0	104.9	16.6	72	30	4	1	0	0.0	1	8	1	11.1%
Joe Schobert	CLE	0	7	5	71.4%	62	12.4	8.9	0	98.5	7.4	52	10	6	0	0	0.0	0	5	2	28.6%
Denzel Ward	CLE	0	12	5	41.7%	52	10.4	4.3	0	54.9	12.1	39	13	0	0	0	0.0	0	4	1	20.0%
Greedy Williams	CLE	0	6	4	66.7%	50	12.5	8.3	0	92.4	13.2	42	8	0	0	0	0.0	0	3	0	0.0%
Damarious Randall	CLE	0	7	3	42.9%	24	8.0	3.4	0	52.1	15.9	16	8	1	0	0	0.0	0	7	0	0.0%
T.J. Carrie	CLE	0	2	2	100.0%	32	16.0	16.0	0	118.7	2.5	5	27	6	1	0	0.0	1	4	0	0.0%
Mack Wilson	CLE	0	1	1	100.0%	2	2.0	2.0	0	79.2	1.0	1	1	12	0	1	0.0	1	4	1	20.0%
Myles Garrett	CLE	0	0	0										1	2	2	0.0	4	1	0	0.0%
Larry Ogunjobi	CLE	0	0	0										0	1	1	0.0	2	2	0	0.0%
Sheldon Richardson	CLE	0	0	0										0	1	0	0.0	1	3	1	25.0%
Chad Thomas	CLE	0	0	0										3	0	0	1.0	1	2	1	33.3%"
