advanced_rushing = document.querySelectorAll("#rushing_advanced > tbody")[0].innerText;
advanced_receiving = document.querySelectorAll("#receiving_advanced > tbody")[0].innerText;
advanced_defense = document.querySelectorAll("#defense_advanced > tbody")[0].innerText;
advanced_passing = document.querySelectorAll("#passing_advanced > tbody")[0].innerText;
"Daniel Jones	NYG	26	40	308	11	23.9	240	6.0	129	5.0	3.2	179	6.9	0	0.0%	7	18.4%	6	13	2	3	2	10.0
Player	Tm	Cmp	Att	Yds	1D	1D%	IAY	IAY/PA	CAY	CAY/Cmp	CAY/PA	YAC	YAC/Cmp	Drops	Drop%	BadTh	Bad%	Sk	Bltz	Hrry	Hits	Scrm	Yds/Scr
Sam Darnold	NYJ	19	30	230	10	31.3	255	8.5	105	5.5	3.5	125	6.6	0	0.0%	4	14.8%	2	14	2	6	1	24.0"
advanced_rushing
"Saquon Barkley	NYG	13	1	0	-17	-1.3	18	1.4	0	
Daniel Jones	NYG	3	20	1	14	4.7	6	2.0	1	3.0
Wayne Gallman	NYG	1	2		0	0.0	2	2.0	0	
Player	Tm	Att	Yds	1D	YBC	YBC/Att	YAC	YAC/Att	BrkTkl	Att/Br
Le'Veon Bell	NYJ	18	34	1	4	0.2	30	1.7	0	
Bilal Powell	NYJ	7	15	1	7	1.0	8	1.1	0	
Sam Darnold	NYJ	3	25	2	25	8.3	0	0.0	0	
Trevon Wesco	NYJ	1	2	1	-1	-1.0	3	3.0	0	"
advanced_receiving
"Darius Slayton	NYG	15	10	121	5	83	8.3	38	3.8	1	10.0	0	0.0
Saquon Barkley	NYG	5	5	30	1	4	0.8	26	5.2	2	2.5	0	0.0
Golden Tate	NYG	8	4	95	3	12	3.0	83	20.8	1	4.0	0	0.0
Rhett Ellison	NYG	3	3	42	1	11	3.7	31	10.3	0		0	0.0
Bennie Fowler	NYG	3	2	16	1	15	7.5	1	0.5	0		0	0.0
Wayne Gallman	NYG	2	1	3		3	3.0	0	0.0	0		0	0.0
Kaden Smith	NYG	1	1	1		1	1.0	0	0.0	0		0	0.0
Cody Latimer	NYG	1	0	0		0		0		0		0	0.0
Player	Tm	Tgt	Rec	Yds	1D	YBC	YBC/R	YAC	YAC/R	BrkTkl	Rec/Br	Drop	Drop%
Demaryius Thomas	NYJ	9	6	84	3	33	5.5	51	8.5	0		0	0.0
Jamison Crowder	NYJ	6	5	81	4	51	10.2	30	6.0	0		0	0.0
Le'Veon Bell	NYJ	4	4	34	1	5	1.3	29	7.3	0		0	0.0
Robby Anderson	NYJ	3	1	11	1	9	9.0	2	2.0	0		0	0.0
Ryan Griffin	NYJ	1	1	-2		-3	-3.0	1	1.0	0		0	0.0
Chris Herndon	NYJ	2	1	7		2	2.0	5	5.0	0		0	0.0
Trevon Wesco	NYJ	1	1	15	1	8	8.0	7	7.0	0		0	0.0
Vyncint Smith	NYJ	1	0	0		0		0		0		0	0.0"
advanced_defense
"Deandre Baker	NYG	0	7	5	71.4%	75	15.0	10.7	0	106.2	11.9	27	48	0	0	0	0.0	0	1	1	50.0%
Alec Ogletree	NYG	0	5	4	80.0%	47	11.8	9.4	1	145.4	6.8	23	24	7	0	0	0.0	0	7	1	12.5%
Corey Ballentine	NYG	0	4	3	75.0%	39	13.0	9.8	0	105.2	8.0	23	16	2	0	0	0.0	0	2	0	0.0%
Antoine Bethea	NYG	0	3	2	66.7%	23	11.5	7.7	0	89.6	7.7	4	19	1	0	0	0.0	0	5	1	16.7%
Janoris Jenkins	NYG	0	4	2	50.0%	19	9.5	4.8	0	63.5	5.0	14	5	0	0	0	0.0	0	4	0	0.0%
Jabrill Peppers	NYG	0	2	1	50.0%	-2	-2.0	-1.0	0	56.2	3.5	-3	1	6	1	1	0.0	2	6	0	0.0%
David Mayo	NYG	0	1	1	100.0%	11	11.0	11.0	0	112.5	2.0	2	9	1	0	0	0.0	0	4	0	0.0%
Grant Haley	NYG	0	1	1	100.0%	18	18.0	18.0	0	118.7	15.0	15	3	0	0	0	0.0	0	2	0	0.0%
Leonard Williams	NYG	0	0	0										0	1	4	0.0	5	3	0	0.0%
Markus Golden	NYG	0	0	0										7	0	1	1.0	2	4	0	0.0%
Dalvin Tomlinson	NYG	0	0	0										0	0	0	1.0	1	9	0	0.0%
Lorenzo Carter	NYG	0	0	0										6	0	0	0.0	0	3	0	0.0%
Deone Bucannon	NYG	0	0	0										3	0	0	0.0	0	1	0	0.0%
Oshane Ximines	NYG	0	0	0										1	0	0	0.0	0	3	0	0.0%
Player	Tm	Int	Tgt	Cmp	Cmp%	Yds	Yds/Cmp	Yds/Tgt	TD	Rat	DADOT	Air	YAC	Bltz	Hrry	QBKD	Sk	Prss	Comb	MTkl	MTkl%
Brandon Copeland	NYJ	0	9	8	88.9%	63	7.9	7.0	1	132.9	7.8	34	29	3	0	0	0.0	0	7	4	36.4%
James Burgess	NYJ	0	6	5	83.3%	21	4.2	3.5	0	81.2	3.2	14	7	3	0	0	0.5	1	7	1	12.5%
Nate Hairston	NYJ	0	6	5	83.3%	87	17.4	14.5	1	158.3	4.8	27	60	0	0	0	0.0	0	3	1	25.0%
Brian Poole	NYJ	0	4	3	75.0%	82	27.3	20.5	2	156.2	3.3	9	73	4	0	1	0.0	1	1	0	0.0%
Arthur Maulet	NYJ	0	6	3	50.0%	20	6.7	3.3	0	57.6	9.2	20	0	1	0	0	0.0	0	5	0	0.0%
Jamal Adams	NYJ	0	2	1	50.0%	15	15.0	7.5	0	75.0	9.0	15	0	5	1	0	2.0	3	9	0	0.0%
Blessuan Austin	NYJ	0	4	1	25.0%	14	14.0	3.5	0	41.7	10.3	10	4	0	0	0	0.0	0	3	1	25.0%
Jordan Jenkins	NYJ	0	0	0										4	0	0	2.0	2	2	0	0.0%
Quinnen Williams	NYJ	0	0	0										0	1	1	0.0	2	0	0	
Nathan Shepherd	NYJ	0	0	0										0	0	0	1.0	1	3	0	0.0%
Tarell Basham	NYJ	0	0	0										1	0	1	0.0	1	1	0	0.0%
Steve McLendon	NYJ	0	0	0										0	0	0	0.5	1	3	0	0.0%
Marcus Maye	NYJ	0	1	0	0.0%					39.6	0.0			1	0	0	0.0	0	1	0	0.0%"
