advanced_rushing = document.querySelectorAll("#rushing_advanced > tbody")[0].innerText;
advanced_receiving = document.querySelectorAll("#receiving_advanced > tbody")[0].innerText;
advanced_defense = document.querySelectorAll("#defense_advanced > tbody")[0].innerText;
advanced_passing = document.querySelectorAll("#passing_advanced > tbody")[0].innerText;
"Philip Rivers	LAC	17	31	207	11	30.6	397	12.8	142	8.4	4.6	65	3.8	0	0.0%	9	29.0%	5	4	0	2	0	
Player	Tm	Cmp	Att	Yds	1D	1D%	IAY	IAY/PA	CAY	CAY/Cmp	CAY/PA	YAC	YAC/Cmp	Drops	Drop%	BadTh	Bad%	Sk	Bltz	Hrry	Hits	Scrm	Yds/Scr
Derek Carr	OAK	21	31	218	12	35.3	183	5.9	101	4.8	3.3	117	5.6	0	0.0%	7	23.3%	3	5	6	2	1	4.0"
advanced_rushing
"Melvin Gordon	LAC	22	108	7	42	1.9	66	3.0	3	7.3
Austin Ekeler	LAC	6	19	1	1	0.2	18	3.0	1	6.0
Keenan Allen	LAC	1	18	1	15	15.0	3	3.0	0	
Derek Watt	LAC	1	1	1	0	0.0	1	1.0	0	
Player	Tm	Att	Yds	1D	YBC	YBC/Att	YAC	YAC/Att	BrkTkl	Att/Br
Josh Jacobs	OAK	16	71	2	26	1.6	45	2.8	1	16.0
Jalen Richard	OAK	2	0	0	-1	-0.5	1	0.5	0	
Derek Carr	OAK	1	4	0	4	4.0	0	0.0	0	
Alec Ingold	OAK	1	3	1	2	2.0	1	1.0	0	
DeAndre Washington	OAK	1	0		0	0.0	0	0.0	0	"
advanced_receiving
"Keenan Allen	LAC	11	8	68	3	45	5.6	23	2.9	0		0	0.0
Hunter Henry	LAC	7	4	30	3	24	6.0	6	1.5	0		0	0.0
Austin Ekeler	LAC	2	2	29	2	22	11.0	7	3.5	0		0	0.0
Mike Williams	LAC	3	2	55	2	47	23.5	8	4.0	0		0	0.0
Melvin Gordon	LAC	1	1	25	1	4	4.0	21	21.0	1	1.0	0	0.0
Jason Moore	LAC	1	0	0		0		0		0		0	0.0
Derek Watt	LAC	1	0	0	0	0		0		0		0	0.0
Andre Patton	LAC	4	0	0		0		0		0		0	0.0
Lance Kendricks	LAC	1	0	0		0		0		0		0	0.0
Player	Tm	Tgt	Rec	Yds	1D	YBC	YBC/R	YAC	YAC/R	BrkTkl	Rec/Br	Drop	Drop%
Hunter Renfrow	OAK	5	4	42	3	28	7.0	14	3.5	0		0	0.0
Jalen Richard	OAK	4	4	43	3	20	5.0	23	5.8	0		0	0.0
Darren Waller	OAK	5	3	40	1	36	12.0	4	1.3	0		0	0.0
Josh Jacobs	OAK	5	3	30	2	-13	-4.3	43	14.3	1	3.0	0	0.0
Tyrell Williams	OAK	5	3	25	2	22	7.3	3	1.0	0		0	0.0
DeAndre Washington	OAK	2	2	19		-1	-0.5	20	10.0	0		0	0.0
Zay Jones	OAK	3	1	10		5	5.0	5	5.0	0		0	0.0
Alec Ingold	OAK	1	1	9	1	4	4.0	5	5.0	0		0	0.0"
advanced_defense
"Thomas Davis	LAC	0	8	5	62.5%	38	7.6	4.8	0	74.0	5.5	19	19	1	0	0	0.0	0	11	1	8.3%
Michael Davis	LAC	0	5	4	80.0%	59	14.8	11.8	0	115.8	10.6	47	12	1	0	0	0.0	0	4	1	20.0%
Drue Tranquill	LAC	0	3	3	100.0%	32	10.7	10.7	0	111.1	4.3	13	19	2	0	0	0.0	0	14	0	0.0%
Desmond King	LAC	0	3	2	66.7%	9	4.5	3.0	0	70.1	1.0	-1	10	2	0	0	0.0	0	4	0	0.0%
Jaylen Watkins	LAC	0	3	2	66.7%	21	10.5	7.0	0	86.8	2.3	12	9	0	0	0	0.0	0	4	0	0.0%
Kyzir White	LAC	0	2	2	100.0%	23	11.5	11.5	1	154.2	-1.5	-3	26	0	0	0	0.0	0	1	1	50.0%
Melvin Ingram	LAC	0	1	1	100.0%	17	17.0	17.0	0	118.7	-4.0	-4	21	1	1	0	2.0	3	7	0	0.0%
Casey Hayward	LAC	0	4	1	25.0%	6	6.0	1.5	0	39.6	15.0	5	1	0	0	0	0.0	0	2	0	0.0%
Rayshawn Jenkins	LAC	0	1	1	100.0%	13	13.0	13.0	0	118.7	13.0	13	0	0	0	0	0.0	0	4	1	20.0%
Joey Bosa	LAC	0	0	0										0	2	2	0.0	4	2	0	0.0%
Uchenna Nwosu	LAC	0	0	0										5	3	0	1.0	4	1	0	0.0%
Nick Dzubnar	LAC	0	0	0										0	0	0	0.0	0	0	1	100.0%
Brandon Mebane	LAC	0	0	0										0	0	0	0.0	0	1	1	50.0%
Damion Square	LAC	0	0	0										0	0	0	0.0	0	3	2	40.0%
Player	Tm	Int	Tgt	Cmp	Cmp%	Yds	Yds/Cmp	Yds/Tgt	TD	Rat	DADOT	Air	YAC	Bltz	Hrry	QBKD	Sk	Prss	Comb	MTkl	MTkl%
Tahir Whitehead	OAK	0	6	6	100.0%	58	9.7	9.7	1	146.5	7.0	42	16	0	0	0	0.0	0	14	2	12.5%
Trayvon Mullen	OAK	0	6	3	50.0%	59	19.7	9.8	0	84.7	20.8	49	10	0	0	0	0.0	0	5	0	0.0%
Lamarcus Joyner	OAK	0	4	2	50.0%	13	6.5	3.3	0	57.3	11.5	11	2	1	0	0	0.0	0	7	1	12.5%
Nicholas Morrow	OAK	0	3	2	66.7%	29	14.5	9.7	0	97.9	4.0	7	22	1	0	0	0.0	0	8	2	20.0%
Daryl Worley	OAK	0	4	2	50.0%	33	16.5	8.3	0	78.1	9.8	19	14	0	0	0	0.0	0	3	1	25.0%
Karl Joseph	OAK	1	1	1	100.0%	13	13.0	13.0	0	79.2	12.0	12	1	1	0	0	0.0	0	6	1	14.3%
Erik Harris	OAK	2	6	1	16.7%	2	2.0	0.3	1	39.6	19.8	2	0	0	0	0	0.0	0	1	2	66.7%
Clelin Ferrell	OAK	0	0	0										0	0	0	2.5	3	8	1	11.1%
Maxx Crosby	OAK	0	0	0										0	0	2	0.5	3	3	1	25.0%
Benson Mayowa	OAK	0	0	0										0	0	0	1.5	2	3	0	0.0%
Maurice Hurst	OAK	0	0	0										0	0	0	0.5	1	2	0	0.0%
William Compton	OAK	0	0	0										1	0	0	0.0	0	1	0	0.0%
Kyle Wilber	OAK	0	1	0	0.0%					39.6	2.0			0	0	0	0.0	0	0	0	"
