advanced_rushing = document.querySelectorAll("#rushing_advanced > tbody")[0].innerText;
advanced_receiving = document.querySelectorAll("#receiving_advanced > tbody")[0].innerText;
advanced_defense = document.querySelectorAll("#defense_advanced > tbody")[0].innerText;
advanced_passing = document.querySelectorAll("#passing_advanced > tbody")[0].innerText;
"Kyler Murray	ARI	27	44	324	13	28.3	534	12.1	187	6.9	4.3	137	5.1	2	4.8%	8	19.0%	2	11	0	3	0	
Andy Lee	ARI	1	1	26	1	100.0	26	26.0	26	26.0	26.0	0	0.0	0	0.0%	0	0.0%	0	0	0	0	0	
Player	Tm	Cmp	Att	Yds	1D	1D%	IAY	IAY/PA	CAY	CAY/Cmp	CAY/PA	YAC	YAC/Cmp	Drops	Drop%	BadTh	Bad%	Sk	Bltz	Hrry	Hits	Scrm	Yds/Scr
Jameis Winston	TAM	30	48	358	15	28.8	440	9.2	166	5.5	3.5	192	6.4	0	0.0%	10	22.2%	4	19	0	5	3	13.3"
advanced_rushing
"Kenyan Drake	ARI	10	35	2	19	1.9	16	1.6	1	10.0
David Johnson	ARI	5	2		-7	-1.4	9	1.8	1	5.0
Kyler Murray	ARI	3	38	2	34	11.3	4	1.3	0	
Player	Tm	Att	Yds	1D	YBC	YBC/Att	YAC	YAC/Att	BrkTkl	Att/Br
Peyton Barber	TAM	11	43	3	4	0.4	39	3.5	3	3.7
Ronald Jones	TAM	11	29	2	6	0.5	23	2.1	5	2.2
Jameis Winston	TAM	3	40	2	39	13.0	1	0.3	0	
T.J. Logan	TAM	1	6		4	4.0	2	2.0	0	"
advanced_receiving
"Larry Fitzgerald	ARI	8	8	71	5	54	6.8	17	2.1	0		0	0.0
Kenyan Drake	ARI	7	6	6	2	-16	-2.7	22	3.7	1	6.0	0	0.0
Christian Kirk	ARI	10	6	138	3	103	17.2	35	5.8	0		0	0.0
Andy Isabella	ARI	3	3	78	2	33	11.0	45	15.0	2	1.5	0	0.0
Pharoh Cooper	ARI	5	2	29	1	28	14.0	1	0.5	0		0	0.0
David Johnson	ARI	1	1	8		7	7.0	1	1.0	0		0	0.0
Maxx Williams	ARI	2	1	15	1	0	0.0	15	15.0	1	1.0	1	50.0
Charles Clay	ARI	1	1	5		4	4.0	1	1.0	1	1.0	0	0.0
KeeSean Johnson	ARI	4	0	0		0		0		0		1	25.0
Trent Sherfield	ARI	2	0	0		0		0		0		0	0.0
Player	Tm	Tgt	Rec	Yds	1D	YBC	YBC/R	YAC	YAC/R	BrkTkl	Rec/Br	Drop	Drop%
Ronald Jones	TAM	8	8	77	3	-4	-0.5	81	10.1	1	8.0	0	0.0
Chris Godwin	TAM	12	6	74	2	33	5.5	41	6.8	2	3.0	0	0.0
O.J. Howard	TAM	7	4	47	3	38	9.5	9	2.3	1	4.0	0	0.0
Mike Evans	TAM	6	4	82	4	59	14.8	23	5.8	1	4.0	0	0.0
Dare Ogunbowale	TAM	3	3	24	2	13	4.3	11	3.7	0		0	0.0
Scott Miller	TAM	3	2	33	1	27	13.5	6	3.0	0		0	0.0
Breshad Perriman	TAM	4	2	17		0	0.0	17	8.5	0		0	0.0
Peyton Barber	TAM	1	1	4	0	0	0.0	4	4.0	0		0	0.0
T.J. Logan	TAM	1	0	0		0		0		0		0	0.0"
advanced_defense
"Haason Reddick	ARI	0	10	8	80.0%	80	10.0	8.0	0	100.0	5.7	30	50	7	0	0	0.0	0	8	1	11.1%
Byron Murphy	ARI	1	12	5	41.7%	34	6.8	2.8	1	42.4	13.5	13	21	0	0	0	0.0	0	5	1	16.7%
Patrick Peterson	ARI	0	7	5	71.4%	80	16.0	11.4	0	109.2	13.3	52	28	1	0	0	0.0	0	3	1	25.0%
Jordan Hicks	ARI	1	4	4	100.0%	38	9.5	9.5	0	66.7	6.5	26	12	6	0	0	0.0	0	9	1	10.0%
Kevin Peterson	ARI	0	5	3	60.0%	82	27.3	16.4	0	104.2	14.2	48	34	2	0	0	0.0	0	4	1	20.0%
Terrell Suggs	ARI	0	1	1	100.0%	6	6.0	6.0	0	91.7	0.0	0	6	8	0	0	0.5	1	7	1	12.5%
Joe Walker	ARI	0	1	1	100.0%	14	14.0	14.0	0	118.7	0.0	0	14	1	0	1	0.0	1	0	0	
Jalen Thompson	ARI	0	1	1	100.0%	5	5.0	5.0	0	87.5	3.0	3	2	1	0	0	0.0	0	6	1	14.3%
Chandler Jones	ARI	0	0	0										12	0	0	2.0	2	5	0	0.0%
Rodney Gunter	ARI	0	0	0										0	0	0	1.5	2	2	1	33.3%
Zach Kerr	ARI	0	0	0										0	0	1	0.0	1	1	0	0.0%
Budda Baker	ARI	0	2	0	0.0%					39.6	16.0			3	0	1	0.0	1	9	1	10.0%
Corey Peters	ARI	0	0	0										0	0	1	0.0	1	3	1	25.0%
Jonathan Bullard	ARI	0	0	0										0	0	1	0.0	1	2	2	50.0%
Michael Dogbe	ARI	0	0	0										0	0	0	0.0	0	1	1	50.0%
Cassius Marsh	ARI	0	0	0										3	0	0	0.0	0	1	0	0.0%
Chris Banjo	ARI	0	0	0										1	0	0	0.0	0	0	0	
Player	Tm	Int	Tgt	Cmp	Cmp%	Yds	Yds/Cmp	Yds/Tgt	TD	Rat	DADOT	Air	YAC	Bltz	Hrry	QBKD	Sk	Prss	Comb	MTkl	MTkl%
M.J. Stewart	TAM	0	7	7	100.0%	53	7.6	7.6	0	98.2	4.3	30	23	0	0	0	0.0	0	8	0	0.0%
Jordan Whitehead	TAM	0	6	4	66.7%	82	20.5	13.7	0	109.7	18.7	34	48	5	0	0	0.0	0	6	1	14.3%
Lavonte David	TAM	0	4	4	100.0%	16	4.0	4.0	0	83.3	3.3	13	3	3	0	0	0.0	0	8	0	0.0%
Devin White	TAM	0	6	3	50.0%	20	6.7	3.3	1	97.2	9.2	11	9	2	0	0	0.0	0	6	2	25.0%
Sean Murphy-Bunting	TAM	0	5	2	40.0%	41	20.5	8.2	1	109.2	21.8	37	4	0	0	0	0.0	0	3	0	0.0%
Andrew Adams	TAM	0	3	2	66.7%	43	21.5	14.3	0	109.7	18.3	43	0	0	0	0	0.0	0	3	0	0.0%
Ryan Smith	TAM	0	2	2	100.0%	75	37.5	37.5	1	158.3	22.0	44	31	0	0	0	0.0	0	1	0	0.0%
Shaquil Barrett	TAM	0	1	1	100.0%	-2	-2.0	-2.0	0	79.2	-6.0	-6	4	10	0	1	1.0	2	3	2	40.0%
Vernon Hargreaves	TAM	0	3	1	33.3%	9	9.0	3.0	0	42.4	11.7	9	0	0	0	0	0.0	0	2	0	0.0%
William Gholston	TAM	0	1	1	100.0%	15	15.0	15.0	0	118.7	0.0	0	15	0	0	0	0.0	0	1	1	50.0%
Jamel Dean	TAM	1	5	1	20.0%	-2	-2.0	-0.4	0	0.0	17.8	-2	0	0	0	0	0.0	0	2	0	0.0%
Ndamukong Suh	TAM	0	0	0										0	0	1	1.0	2	2	0	0.0%
Jason Pierre-Paul	TAM	0	0	0										0	0	1	0.0	1	3	3	50.0%"
