advanced_rushing = document.querySelectorAll("#rushing_advanced > tbody")[0].innerText;
advanced_receiving = document.querySelectorAll("#receiving_advanced > tbody")[0].innerText;
advanced_defense = document.querySelectorAll("#defense_advanced > tbody")[0].innerText;
advanced_passing = document.querySelectorAll("#passing_advanced > tbody")[0].innerText;
"Ryan Tannehill	TEN	21	31	209	12	35.3	260	8.4	117	5.6	3.8	92	4.4	0	0.0%	4	13.3%	3	12	2	0	2	6.0
Brett Kern	TEN	1	1	28	1	100.0	9	9.0	9	9.0	9.0	19	19.0	0	0.0%	0	0.0%	0	0	0	0	0	
Player	Tm	Cmp	Att	Yds	1D	1D%	IAY	IAY/PA	CAY	CAY/Cmp	CAY/PA	YAC	YAC/Cmp	Drops	Drop%	BadTh	Bad%	Sk	Bltz	Hrry	Hits	Scrm	Yds/Scr
Patrick Mahomes	KAN	23	35	294	14	37.8	299	8.5	183	8.0	5.2	111	4.8	5	15.6%	4	12.5%	2	7	10	4	6	9.3"
advanced_rushing
"Derrick Henry	TEN	19	69	4	40	2.1	29	1.5	0	
Ryan Tannehill	TEN	3	11	0	5	1.7	6	2.0	0	
Marcus Mariota	TEN	1	5		0	0.0	5	5.0	1	1.0
Player	Tm	Att	Yds	1D	YBC	YBC/Att	YAC	YAC/Att	BrkTkl	Att/Br
Damien Williams	KAN	17	45	5	17	1.0	28	1.6	0	
Patrick Mahomes	KAN	8	53	4	26	3.3	27	3.4	4	2.0
Tyreek Hill	KAN	1	7	0	7	7.0	0	0.0	0	
Darwin Thompson	KAN	1	7	1	5	5.0	2	2.0	0	"
advanced_receiving
"Corey Davis	TEN	8	5	65	4	39	7.8	26	5.2	1	5.0	0	0.0
Adam Humphries	TEN	5	4	25	3	20	5.0	5	1.3	0		0	0.0
Jonnu Smith	TEN	4	3	38	1	22	7.3	16	5.3	0		0	0.0
A.J. Brown	TEN	6	3	51	2	25	8.3	26	8.7	7	0.4	0	0.0
Derrick Henry	TEN	2	2	-8	0	-8	-4.0	0	0.0	0		0	0.0
Dennis Kelly	TEN	1	1	1	1	1	1.0	0	0.0	0		0	0.0
MyCole Pruitt	TEN	1	1	9		-1	-1.0	10	10.0	0		0	0.0
Dion Lewis	TEN	1	1	6		-3	-3.0	9	9.0	0		0	0.0
Amani Hooker	TEN	1	1	28	1	9	9.0	19	19.0	0		0	0.0
Anthony Firkser	TEN	2	1	22	1	22	22.0	0	0.0	0		0	0.0
Tajae Sharpe	TEN	1	0	0		0		0		0		0	0.0
Player	Tm	Tgt	Rec	Yds	1D	YBC	YBC/R	YAC	YAC/R	BrkTkl	Rec/Br	Drop	Drop%
Sammy Watkins	KAN	10	7	114	6	86	12.3	28	4.0	0		1	10.0
Tyreek Hill	KAN	7	5	67	4	48	9.6	19	3.8	0		1	14.3
Damien Williams	KAN	6	5	44	1	18	3.6	26	5.2	0		0	0.0
Travis Kelce	KAN	4	3	30	2	23	7.7	7	2.3	0		1	25.0
Demarcus Robinson	KAN	2	2	31	1	12	6.0	19	9.5	0		0	0.0
Mecole Hardman	KAN	1	1	8		-4	-4.0	12	12.0	0		0	0.0
Anthony Sherman	KAN	1	0	0		0		0		0		1	100.0
Darwin Thompson	KAN	1	0	0	0	0		0		0		1	100.0"
advanced_defense
"Logan Ryan	TEN	0	5	4	80.0%	112	28.0	22.4	2	158.3	15.4	74	38	4	2	0	0.0	2	6	0	0.0%
Tramaine Brock	TEN	0	8	4	50.0%	36	9.0	4.5	0	62.5	7.1	27	9	0	0	0	0.0	0	2	1	33.3%
Kevin Byard	TEN	0	3	3	100.0%	30	10.0	10.0	0	108.3	5.3	16	14	0	0	0	0.0	0	4	1	20.0%
Adoree' Jackson	TEN	0	3	3	100.0%	18	6.0	6.0	0	91.7	4.3	13	5	0	0	0	0.0	0	4	0	0.0%
Jayon Brown	TEN	0	5	3	60.0%	34	11.3	6.8	0	80.4	5.2	19	15	0	0	0	0.0	0	5	0	0.0%
Kenny Vaccaro	TEN	0	2	2	100.0%	30	15.0	15.0	0	118.7	15.0	30	0	3	0	0	0.0	0	5	0	0.0%
Wesley Woodyard	TEN	0	2	2	100.0%	18	9.0	9.0	0	104.2	6.0	12	6	0	0	0	0.0	0	3	0	0.0%
Derick Roberson	TEN	0	0	0										0	2	2	0.0	4	0	1	100.0%
Harold Landry	TEN	0	0	0										0	2	2	0.0	4	2	0	0.0%
Kamalei Correa	TEN	0	0	0										1	2	0	1.0	3	10	0	0.0%
DaQuan Jones	TEN	0	0	0										0	0	0	0.5	1	4	0	0.0%
Jurrell Casey	TEN	0	0	0										0	0	0	0.5	1	2	0	0.0%
David Long	TEN	0	1	0	0.0%					39.6	0.0			1	0	0	0.0	0	3	0	0.0%
Rashaan Evans	TEN	0	0	0										0	0	0	0.0	0	1	2	66.7%
Amani Hooker	TEN	0	1	0	0.0%					39.6	19.0			0	0	0	0.0	0	0	0	
Player	Tm	Int	Tgt	Cmp	Cmp%	Yds	Yds/Cmp	Yds/Tgt	TD	Rat	DADOT	Air	YAC	Bltz	Hrry	QBKD	Sk	Prss	Comb	MTkl	MTkl%
Tyrann Mathieu	KAN	0	9	7	77.8%	56	8.0	6.2	1	129.6	7.6	46	10	1	0	0	0.0	0	9	0	0.0%
Bashaud Breeland	KAN	0	8	5	62.5%	107	21.4	13.4	0	106.2	13.1	57	50	0	0	0	0.0	0	4	1	20.0%
Damien Wilson	KAN	0	3	3	100.0%	11	3.7	3.7	1	121.5	1.0	3	8	2	0	0	0.0	0	7	0	0.0%
Rashad Fenton	KAN	0	1	1	100.0%	6	6.0	6.0	0	91.7	-3.0	-3	9	0	0	0	0.0	0	1	0	0.0%
Reggie Ragland	KAN	0	1	1	100.0%	9	9.0	9.0	0	104.2	-1.0	-1	10	2	0	0	0.0	0	2	1	33.3%
Daniel Sorensen	KAN	0	1	1	100.0%	-6	-6.0	-6.0	0	79.2	-6.0	-6	0	2	0	0	0.0	0	8	1	11.1%
Anthony Hitchens	KAN	0	2	1	50.0%	3	3.0	1.5	0	56.2	10.5	1	2	1	0	0	0.0	0	4	1	20.0%
Charvarius Ward	KAN	0	4	1	25.0%	15	15.0	3.8	0	42.7	12.8	12	3	0	0	0	0.0	0	1	0	0.0%
Ben Niemann	KAN	0	1	1	100.0%	8	8.0	8.0	0	100.0	8.0	8	0	4	0	0	0.0	0	1	0	0.0%
Frank Clark	KAN	0	0	0										3	1	0	1.0	2	4	1	20.0%
Tanoh Kpassagnon	KAN	0	1	0	0.0%					39.6	14.0			2	0	0	2.0	2	2	1	33.3%
Chris Jones	KAN	0	0	0										0	1	0	0.0	1	2	1	33.3%
Terrell Suggs	KAN	0	0	0										0	0	0	0.0	0	1	1	50.0%"
