advanced_rushing = document.querySelectorAll("#rushing_advanced > tbody")[0].innerText;
advanced_receiving = document.querySelectorAll("#receiving_advanced > tbody")[0].innerText;
advanced_defense = document.querySelectorAll("#defense_advanced > tbody")[0].innerText;
advanced_passing = document.querySelectorAll("#passing_advanced > tbody")[0].innerText;
"Aaron Rodgers	GNB	31	39	326	16	38.1	332	8.5	146	4.7	3.7	180	5.8	0	0.0%	5	13.2%	3	3	3	0	0	
Player	Tm	Cmp	Att	Yds	1D	1D%	IAY	IAY/PA	CAY	CAY/Cmp	CAY/PA	YAC	YAC/Cmp	Drops	Drop%	BadTh	Bad%	Sk	Bltz	Hrry	Hits	Scrm	Yds/Scr
Jimmy Garoppolo	SFO	6	8	77	3	33.3	27	3.4	15	2.5	1.9	62	10.3	0	0.0%	0	0.0%	1	3	1	0	0	"
advanced_rushing
"Aaron Jones	GNB	12	56	4	27	2.3	29	2.4	1	12.0
Jamaal Williams	GNB	3	6		1	0.3	5	1.7	0	
Aaron Rodgers	GNB	1	0	0	0	0.0	0	0.0	0	
Player	Tm	Att	Yds	1D	YBC	YBC/Att	YAC	YAC/Att	BrkTkl	Att/Br
Raheem Mostert	SFO	29	220	10	93	3.2	127	4.4	4	7.3
Tevin Coleman	SFO	6	21		9	1.5	12	2.0	0	
Jimmy Garoppolo	SFO	4	-1	1	-3	-0.8	2	0.5	0	
Deebo Samuel	SFO	2	43	2	28	14.0	15	7.5	1	2.0
Matt Breida	SFO	1	2		2	2.0	0	0.0	0	"
advanced_receiving
"Davante Adams	GNB	11	9	138	5	85	9.4	53	5.9	2	4.5	0	0.0
Aaron Jones	GNB	5	5	27	3	-13	-2.6	40	8.0	0		0	0.0
Jimmy Graham	GNB	5	4	59	1	26	6.5	33	8.3	0		0	0.0
Allen Lazard	GNB	4	3	36	3	26	8.7	10	3.3	0		0	0.0
Geronimo Allison	GNB	3	2	8		7	3.5	1	0.5	0		0	0.0
Marcedes Lewis	GNB	2	2	14	1	-2	-1.0	16	8.0	0		0	0.0
Jace Sternberger	GNB	2	2	13	2	10	5.0	3	1.5	0		0	0.0
Jamaal Williams	GNB	3	2	1		-4	-2.0	5	2.5	0		0	0.0
Tyler Ervin	GNB	1	1	7		-5	-5.0	12	12.0	0		0	0.0
Jake Kumerow	GNB	1	1	23	1	16	16.0	7	7.0	0		0	0.0
Player	Tm	Tgt	Rec	Yds	1D	YBC	YBC/R	YAC	YAC/R	BrkTkl	Rec/Br	Drop	Drop%
Raheem Mostert	SFO	2	2	6	0	-8	-4.0	14	7.0	0		0	0.0
Deebo Samuel	SFO	3	2	46	2	14	7.0	32	16.0	2	1.0	0	0.0
Kendrick Bourne	SFO	1	1	6		6	6.0	0	0.0	0		0	0.0
George Kittle	SFO	1	1	19	1	3	3.0	16	16.0	0		0	0.0
Emmanuel Sanders	SFO	1	0	0		0		0		0		0	0.0"
advanced_defense
"Will Redmond	GNB	0	1	1	100.0%	19	19.0	19.0	0	118.7	3.0	3	16	0	0	0	0.0	0	1	1	50.0%
Darnell Savage	GNB	0	1	1	100.0%	-4	-4.0	-4.0	0	79.2	-4.0	-4	0	0	0	0	0.0	0	8	2	20.0%
Tramon Williams	GNB	0	1	1	100.0%	6	6.0	6.0	0	91.7	6.0	6	0	0	0	0	0.0	0	2	0	0.0%
Kevin King	GNB	0	3	1	33.3%	16	16.0	5.3	0	52.1	3.3	-2	18	0	0	0	0.0	0	1	2	66.7%
Adrian Amos	GNB	0	1	1	100.0%	30	30.0	30.0	0	118.7	16.0	16	14	0	0	0	0.0	0	4	2	33.3%
Kyler Fackrell	GNB	0	0	0										0	1	0	1.0	2	2	0	0.0%
Jaire Alexander	GNB	0	0	0										0	0	0	0.0	0	3	1	25.0%
Preston Smith	GNB	0	0	0										3	0	0	0.0	0	2	1	33.3%
Blake Martinez	GNB	0	0	0										0	0	0	0.0	0	9	2	18.2%
Za'Darius Smith	GNB	0	0	0										3	0	0	0.0	0	5	0	0.0%
B.J. Goodson	GNB	0	0	0										0	0	0	0.0	0	5	1	16.7%
Dean Lowry	GNB	0	0	0										0	0	0	0.0	0	1	1	50.0%
Player	Tm	Int	Tgt	Cmp	Cmp%	Yds	Yds/Cmp	Yds/Tgt	TD	Rat	DADOT	Air	YAC	Bltz	Hrry	QBKD	Sk	Prss	Comb	MTkl	MTkl%
Emmanuel Moseley	SFO	1	10	8	80.0%	81	10.1	8.1	0	60.8	7.9	43	38	0	0	0	0.0	0	4	1	20.0%
K'Waun Williams	SFO	0	7	7	100.0%	35	5.0	5.0	0	87.5	3.7	26	9	1	0	0	1.0	1	7	1	12.5%
Dre Greenlaw	SFO	0	4	3	75.0%	9	3.0	2.3	0	77.1	0.5	0	9	2	0	0	0.0	0	6	2	25.0%
Kwon Alexander	SFO	0	3	3	100.0%	50	16.7	16.7	0	118.7	9.0	27	23	0	0	0	0.0	0	2	0	0.0%
Fred Warner	SFO	0	4	3	75.0%	29	9.7	7.3	1	134.4	12.8	23	6	1	0	0	0.0	0	6	0	0.0%
Richard Sherman	SFO	1	2	1	50.0%	65	65.0	32.5	0	56.2	50.5	43	22	0	0	0	0.0	0	3	1	25.0%
Nick Bosa	SFO	0	0	0										0	1	0	1.0	2	4	0	0.0%
DeForest Buckner	SFO	0	0	0										0	1	0	0.0	1	4	0	0.0%
Arik Armstead	SFO	0	0	0										0	0	0	1.0	1	3	0	0.0%
Solomon Thomas	SFO	0	0	0										0	1	0	0.0	1	1	0	0.0%
Anthony Zettel	SFO	0	0	0										0	0	0	0.0	0	1	1	50.0%
Jaquiski Tartt	SFO	0	1	0	0.0%					39.6	50.0			1	0	0	0.0	0	8	0	0.0%"
