advanced_rushing = document.querySelectorAll("#rushing_advanced > tbody")[0].innerText;
advanced_receiving = document.querySelectorAll("#receiving_advanced > tbody")[0].innerText;
advanced_defense = document.querySelectorAll("#defense_advanced > tbody")[0].innerText;
advanced_passing = document.querySelectorAll("#passing_advanced > tbody")[0].innerText;
"Russell Wilson	SEA	23	33	295	17	47.2	280	8.5	152	6.6	4.6	143	6.2	2	6.3%	7	21.9%	3	21	4	2	5	8.0
Player	Tm	Cmp	Att	Yds	1D	1D%	IAY	IAY/PA	CAY	CAY/Cmp	CAY/PA	YAC	YAC/Cmp	Drops	Drop%	BadTh	Bad%	Sk	Bltz	Hrry	Hits	Scrm	Yds/Scr
Baker Mayfield	CLE	22	37	249	12	32.4	353	9.5	157	7.1	4.2	92	4.2	5	13.5%	5	13.5%	0	12	2	1	3	11.0"
advanced_rushing
"Chris Carson	SEA	24	124	6	39	1.6	85	3.5	3	8.0
Russell Wilson	SEA	9	31	2	30	3.3	1	0.1	0	
C.J. Prosise	SEA	3	8	0	1	0.3	7	2.3	0	
Tyler Lockett	SEA	1	3	0	3	3.0	0	0.0	0	
D.K. Metcalf	SEA	1	4	0	1	1.0	3	3.0	1	1.0
Player	Tm	Att	Yds	1D	YBC	YBC/Att	YAC	YAC/Att	BrkTkl	Att/Br
Nick Chubb	CLE	20	122	4	32	1.6	90	4.5	3	6.7
Baker Mayfield	CLE	4	35	3	32	8.0	3	0.8	0	"
advanced_receiving
"Tyler Lockett	SEA	5	5	75	4	64	12.8	11	2.2	0		0	0.0
Chris Carson	SEA	4	4	35	1	1	0.3	34	8.5	0		0	0.0
D.K. Metcalf	SEA	5	4	69	4	29	7.3	40	10.0	1	4.0	1	20.0
Jaron Brown	SEA	5	3	29	2	22	7.3	7	2.3	0		0	0.0
David Moore	SEA	4	3	36	3	26	8.7	10	3.3	1	3.0	0	0.0
Luke Willson	SEA	3	2	16	1	10	5.0	6	3.0	0		0	0.0
Nick Bellore	SEA	1	1	20	1	0	0.0	20	20.0	0		0	0.0
C.J. Prosise	SEA	3	1	15	1	0	0.0	15	15.0	0		0	0.0
Will Dissly	SEA	1	0	0		0		0		0		0	0.0
Malik Turner	SEA	1	0	0		0		0		0		1	100.0
Player	Tm	Tgt	Rec	Yds	1D	YBC	YBC/R	YAC	YAC/R	BrkTkl	Rec/Br	Drop	Drop%
Odell Beckham	CLE	11	6	101	4	78	13.0	23	3.8	0		2	18.2
Nick Chubb	CLE	6	5	17	0	-12	-2.4	29	5.8	1	5.0	0	0.0
Jarvis Landry	CLE	5	3	36	1	29	9.7	7	2.3	0		0	0.0
Ricky Seals-Jones	CLE	6	3	47	2	35	11.7	12	4.0	0		1	16.7
Dontrell Hilliard	CLE	3	2	17	2	3	1.5	14	7.0	0		1	33.3
Antonio Callaway	CLE	4	2	22	2	18	9.0	4	2.0	0		1	25.0
Pharaoh Brown	CLE	1	1	9	1	6	6.0	3	3.0	1	1.0	0	0.0"
advanced_defense
"K.J. Wright	SEA	1	8	6	75.0%	52	8.7	6.5	0	52.1	4.1	13	39	2	0	0	0.0	0	8	1	11.1%
Mychal Kendricks	SEA	0	8	5	62.5%	47	9.4	5.9	1	118.2	6.4	19	28	7	0	0	0.0	0	3	3	50.0%
Tedric Thompson	SEA	1	4	4	100.0%	81	20.3	20.3	0	79.2	20.0	80	1	0	0	0	0.0	0	7	0	0.0%
Bobby Wagner	SEA	0	2	2	100.0%	11	5.5	5.5	0	89.6	4.0	8	3	5	0	1	0.0	1	6	0	0.0%
Tre Flowers	SEA	1	6	2	33.3%	30	15.0	5.0	0	11.1	11.7	26	4	0	0	0	0.0	0	5	0	0.0%
Shaquill Griffin	SEA	0	4	2	50.0%	14	7.0	3.5	0	58.3	8.5	8	6	0	0	0	0.0	0	5	0	0.0%
Bradley McDougald	SEA	0	2	1	50.0%	14	14.0	7.0	0	72.9	6.5	3	11	1	0	0	0.0	0	1	1	50.0%
Jamar Taylor	SEA	0	2	1	50.0%	10	10.0	5.0	0	64.6	11.0	10	0	2	0	0	0.0	0	2	0	0.0%
Ezekiel Ansah	SEA	0	0	0										0	1	0	0.0	1	2	2	50.0%
Al Woods	SEA	0	0	0										0	1	0	0.0	1	2	0	0.0%
Jadeveon Clowney	SEA	0	0	0										0	1	0	0.0	1	3	0	0.0%
Quinton Jefferson	SEA	0	0	0										0	1	0	0.0	1	4	0	0.0%
Poona Ford	SEA	0	0	0										0	0	0	0.0	0	2	1	33.3%
Delano Hill	SEA	0	0	0										0	0	0	0.0	0	1	1	50.0%
Player	Tm	Int	Tgt	Cmp	Cmp%	Yds	Yds/Cmp	Yds/Tgt	TD	Rat	DADOT	Air	YAC	Bltz	Hrry	QBKD	Sk	Prss	Comb	MTkl	MTkl%
T.J. Carrie	CLE	0	12	8	66.7%	112	14.0	9.3	0	96.5	7.3	51	61	0	0	0	0.0	0	10	2	16.7%
Jermaine Whitehead	CLE	0	6	5	83.3%	84	16.8	14.0	1	158.3	9.7	58	26	7	0	0	0.0	0	9	0	0.0%
Mack Wilson	CLE	0	5	3	60.0%	28	9.3	5.6	0	75.4	8.0	-1	29	3	1	0	0.0	1	4	1	20.0%
Terrance Mitchell	CLE	0	5	3	60.0%	36	12.0	7.2	0	82.1	11.6	28	8	0	0	0	0.0	0	6	0	0.0%
Joe Schobert	CLE	0	2	1	50.0%	6	6.0	3.0	1	95.8	3.0	0	6	7	0	1	0.0	1	8	0	0.0%
Eric Murray	CLE	0	1	1	100.0%	22	22.0	22.0	0	118.7	14.0	14	8	1	0	0	0.0	0	2	1	33.3%
Morgan Burnett	CLE	0	1	1	100.0%	7	7.0	7.0	0	95.8	2.0	2	5	0	0	0	0.0	0	3	1	25.0%
Myles Garrett	CLE	0	0	0										1	2	1	2.0	5	5	0	0.0%
Sheldon Richardson	CLE	0	0	0										0	1	0	0.0	1	3	1	25.0%
Olivier Vernon	CLE	0	0	0										9	1	0	0.0	1	4	0	0.0%
Damarious Randall	CLE	0	2	0	0.0%					39.6	13.0			3	0	0	1.0	1	5	0	0.0%
Larry Ogunjobi	CLE	0	0	0										0	0	0	0.0	0	1	1	50.0%"
