advanced_rushing = document.querySelectorAll("#rushing_advanced > tbody")[0].innerText;
advanced_receiving = document.querySelectorAll("#receiving_advanced > tbody")[0].innerText;
advanced_defense = document.querySelectorAll("#defense_advanced > tbody")[0].innerText;
advanced_passing = document.querySelectorAll("#passing_advanced > tbody")[0].innerText;
"Marcus Mariota	TEN	7	18	63	3	14.3	170	9.4	39	5.6	2.2	24	3.4	1	6.3%	7	43.8%	3	4	3	1	1	5.0
Ryan Tannehill	TEN	13	16	144	6	30.0	150	9.4	110	8.5	6.9	34	2.6	0	0.0%	1	6.3%	4	6	3	1	1	6.0
Player	Tm	Cmp	Att	Yds	1D	1D%	IAY	IAY/PA	CAY	CAY/Cmp	CAY/PA	YAC	YAC/Cmp	Drops	Drop%	BadTh	Bad%	Sk	Bltz	Hrry	Hits	Scrm	Yds/Scr
Joe Flacco	DEN	18	28	177	7	24.1	216	7.7	98	5.4	3.5	79	4.4	2	7.7%	4	15.4%	1	11	4	1	1	1.0"
advanced_rushing
"Derrick Henry	TEN	15	28		6	0.4	22	1.5	1	15.0
Dalyn Dawkins	TEN	2	2		1	0.5	1	0.5	0	
Marcus Mariota	TEN	2	4	0	0	0.0	4	2.0	0	
Dion Lewis	TEN	1	-1	0	-2	-2.0	1	1.0	0	
Ryan Tannehill	TEN	1	6	0	6	6.0	0	0.0	0	
Player	Tm	Att	Yds	1D	YBC	YBC/Att	YAC	YAC/Att	BrkTkl	Att/Br
Phillip Lindsay	DEN	15	70	3	16	1.1	54	3.6	3	5.0
Royce Freeman	DEN	11	34	1	9	0.8	25	2.3	1	11.0
Joe Flacco	DEN	4	-1	0	-2	-0.5	1	0.3	0	"
advanced_receiving
"Adam Humphries	TEN	6	6	47	2	39	6.5	8	1.3	0		0	0.0
Delanie Walker	TEN	6	3	43	1	34	11.3	9	3.0	0		0	0.0
Corey Davis	TEN	5	3	36	2	29	9.7	7	2.3	0		0	0.0
Dion Lewis	TEN	3	3	20	1	4	1.3	16	5.3	0		0	0.0
A.J. Brown	TEN	4	2	23	2	18	9.0	5	2.5	0		0	0.0
Anthony Firkser	TEN	1	1	25	1	18	18.0	7	7.0	0		0	0.0
Derrick Henry	TEN	3	1	5		3	3.0	2	2.0	0		1	33.3
Jonnu Smith	TEN	1	1	8		4	4.0	4	4.0	1	1.0	0	0.0
Darius Jennings	TEN	1	0	0		0		0		0		0	0.0
Tajae Sharpe	TEN	2	0	0		0		0		0		0	0.0
Player	Tm	Tgt	Rec	Yds	1D	YBC	YBC/R	YAC	YAC/R	BrkTkl	Rec/Br	Drop	Drop%
Royce Freeman	DEN	5	5	42	1	9	1.8	33	6.6	1	5.0	0	0.0
Courtland Sutton	DEN	8	4	76	3	68	17.0	8	2.0	0		0	0.0
Noah Fant	DEN	3	2	16	1	13	6.5	3	1.5	0		1	33.3
DaeSean Hamilton	DEN	2	2	25	2	8	4.0	17	8.5	0		0	0.0
Phillip Lindsay	DEN	3	2	5	0	-6	-3.0	11	5.5	0		1	33.3
Andy Janovich	DEN	1	1	8		4	4.0	4	4.0	0		0	0.0
Emmanuel Sanders	DEN	3	1	0		-3	-3.0	3	3.0	0		0	0.0
Fred Brown	DEN	1	1	5		5	5.0	0	0.0	0		0	0.0"
advanced_defense
"Kenny Vaccaro	TEN	0	4	4	100.0%	38	9.5	9.5	0	106.2	6.3	25	13	4	0	0	0.0	0	7	0	0.0%
Rashaan Evans	TEN	0	5	4	80.0%	49	12.3	9.8	0	107.5	1.8	9	40	1	0	0	0.0	0	10	2	16.7%
Wesley Woodyard	TEN	0	3	2	66.7%	17	8.5	5.7	0	81.2	8.0	10	7	4	1	1	1.0	3	6	0	0.0%
Logan Ryan	TEN	0	2	2	100.0%	46	23.0	23.0	0	118.7	22.0	44	2	2	1	0	0.0	1	5	1	16.7%
Malcolm Butler	TEN	0	5	2	40.0%	9	4.5	1.8	0	47.9	6.2	2	7	0	0	0	0.0	0	1	2	66.7%
Kevin Byard	TEN	1	3	2	66.7%	8	4.0	2.7	0	30.6	14.3	8	0	0	0	0	0.0	0	5	0	0.0%
Harold Landry	TEN	0	1	1	100.0%	8	8.0	8.0	0	100.0	4.0	4	4	7	1	0	0.0	1	7	0	0.0%
Adoree' Jackson	TEN	0	2	1	50.0%	2	2.0	1.0	0	56.2	13.5	-4	6	1	0	0	0.0	0	2	0	0.0%
Austin Johnson	TEN	0	0	0										0	0	0	0.0	0	2	2	50.0%
Kamalei Correa	TEN	0	1	0	0.0%					39.6	2.0			1	0	0	0.0	0	1	0	0.0%
Player	Tm	Int	Tgt	Cmp	Cmp%	Yds	Yds/Cmp	Yds/Tgt	TD	Rat	DADOT	Air	YAC	Bltz	Hrry	QBKD	Sk	Prss	Comb	MTkl	MTkl%
Will Parks	DEN	0	8	7	87.5%	86	12.3	10.8	0	111.5	7.3	58	28	0	0	0	0.0	0	4	0	0.0%
Davontae Harris	DEN	0	8	4	50.0%	35	8.8	4.4	0	62.0	12.8	32	3	0	0	0	0.0	0	2	0	0.0%
Todd Davis	DEN	0	4	3	75.0%	30	10.0	7.5	0	95.8	5.0	24	6	4	1	0	0.0	1	7	1	12.5%
Chris Harris	DEN	1	5	3	60.0%	36	12.0	7.2	0	42.5	9.4	23	13	0	0	0	0.0	0	4	0	0.0%
Alexander Johnson	DEN	0	2	2	100.0%	15	7.5	7.5	0	97.9	4.5	9	6	7	0	0	1.5	2	9	0	0.0%
Von Miller	DEN	0	1	1	100.0%	5	5.0	5.0	0	87.5	3.0	3	2	5	2	2	0.5	5	2	0	0.0%
Derek Wolfe	DEN	0	0	0										0	1	0	2.0	3	3	0	0.0%
DeMarcus Walker	DEN	0	0	0										0	0	0	2.0	2	4	0	0.0%
Shelby Harris	DEN	0	1	0	0.0%					39.6	0.0			0	0	0	1.0	1	3	0	0.0%
Malik Reed	DEN	0	0	0										6	0	0	0.0	0	2	0	0.0%
Kareem Jackson	DEN	1	0	0										0	0	0	0.0	0	1	1	50.0%
Mike Purcell	DEN	0	0	0										0	0	0	0.0	0	5	1	16.7%
Isaac Yiadom	DEN	0	1	0	0.0%					39.6	10.0			0	0	0	0.0	0	0	0	
Justin Simmons	DEN	1	2	0	0.0%					0.0	20.0			0	0	0	0.0	0	4	1	20.0%"
