advanced_rushing = document.querySelectorAll("#rushing_advanced > tbody")[0].innerText;
advanced_receiving = document.querySelectorAll("#receiving_advanced > tbody")[0].innerText;
advanced_defense = document.querySelectorAll("#defense_advanced > tbody")[0].innerText;
advanced_passing = document.querySelectorAll("#passing_advanced > tbody")[0].innerText;
"Matthew Stafford	DET	18	32	265	10	28.6	328	10.3	153	8.5	4.8	112	6.2	3	9.4%	6	18.8%	3	15	2	0	1	10.0
Player	Tm	Cmp	Att	Yds	1D	1D%	IAY	IAY/PA	CAY	CAY/Cmp	CAY/PA	YAC	YAC/Cmp	Drops	Drop%	BadTh	Bad%	Sk	Bltz	Hrry	Hits	Scrm	Yds/Scr
Aaron Rodgers	GNB	24	39	283	13	32.5	376	9.6	194	8.1	5.0	89	3.7	3	7.9%	8	21.1%	1	4	3	2	1	12.0"
advanced_rushing
"Kerryon Johnson	DET	13	34	1	19	1.5	15	1.2	0	
J.D. McKissic	DET	3	4		1	0.3	3	1.0	0	
Matthew Stafford	DET	3	9	1	9	3.0	0	0.0	0	
Jamal Agnew	DET	1	9	1	6	6.0	3	3.0	0	
Player	Tm	Att	Yds	1D	YBC	YBC/Att	YAC	YAC/Att	BrkTkl	Att/Br
Jamaal Williams	GNB	14	104	3	90	6.4	14	1.0	0	
Aaron Jones	GNB	11	47	0	39	3.5	8	0.7	0	
Aaron Rodgers	GNB	3	10	1	10	3.3	0	0.0	0	
Marquez Valdes-Scantling	GNB	1	9	0	6	6.0	3	3.0	0	"
advanced_receiving
"Kenny Golladay	DET	9	5	121	5	71	14.2	50	10.0	0		1	11.1
T.J. Hockenson	DET	6	4	21	1	18	4.5	3	0.8	0		1	16.7
Kerryon Johnson	DET	4	2	27	2	-3	-1.5	30	15.0	0		1	25.0
J.D. McKissic	DET	3	2	7		-2	-1.0	9	4.5	0		0	0.0
Marvin Jones	DET	5	2	17	1	12	6.0	5	2.5	1	2.0	0	0.0
Danny Amendola	DET	1	1	6		4	4.0	2	2.0	0		0	0.0
Marvin Hall	DET	1	1	58	1	45	45.0	13	13.0	0		0	0.0
Jesse James	DET	1	1	8		8	8.0	0	0.0	0		0	0.0
Nick Bawden	DET	1	0	0		0		0		0		0	0.0
Logan Thomas	DET	1	0	0		0		0		0		0	0.0
Player	Tm	Tgt	Rec	Yds	1D	YBC	YBC/R	YAC	YAC/R	BrkTkl	Rec/Br	Drop	Drop%
Jamaal Williams	GNB	5	4	32	2	-1	-0.3	33	8.3	1	4.0	0	0.0
Allen Lazard	GNB	5	4	65	3	55	13.8	10	2.5	0		0	0.0
Aaron Jones	GNB	7	4	13	1	2	0.5	11	2.8	1	4.0	1	14.3
Geronimo Allison	GNB	7	3	40	2	33	11.0	7	2.3	0		1	14.3
Jake Kumerow	GNB	3	2	17	1	10	5.0	7	3.5	0		0	0.0
Marcedes Lewis	GNB	2	2	50	2	45	22.5	5	2.5	0		0	0.0
Jimmy Graham	GNB	5	2	17	1	10	5.0	7	3.5	0		1	20.0
Marquez Valdes-Scantling	GNB	2	2	48	1	42	21.0	6	3.0	0		0	0.0
Darrius Shepherd	GNB	2	1	1		-2	-2.0	3	3.0	0		0	0.0"
advanced_defense
"Justin Coleman	DET	1	10	6	60.0%	89	14.8	8.9	1	82.9	11.8	66	23	0	0	0	0.0	0	5	0	0.0%
Darius Slay	DET	0	6	5	83.3%	39	7.8	6.5	0	93.7	8.3	29	10	0	0	0	0.0	0	6	0	0.0%
Jarrad Davis	DET	0	3	3	100.0%	25	8.3	8.3	1	141.0	-1.3	-4	29	2	0	1	0.0	1	8	1	11.1%
Rashaan Melvin	DET	0	4	3	75.0%	63	21.0	15.8	0	116.7	16.0	56	7	0	0	0	0.0	0	3	0	0.0%
Will Harris	DET	0	3	3	100.0%	36	12.0	12.0	0	116.7	9.7	29	7	0	0	0	0.0	0	6	0	0.0%
Tavon Wilson	DET	0	3	2	66.7%	-2	-1.0	-0.7	0	70.1	2.3	-4	2	0	0	0	0.0	0	5	1	16.7%
Jahlani Tavai	DET	0	2	1	50.0%	25	25.0	12.5	0	95.8	10.0	20	5	0	0	0	0.0	0	3	0	0.0%
Tracy Walker	DET	0	4	1	25.0%	8	8.0	2.0	0	39.6	10.8	2	6	0	0	0	0.0	0	7	0	0.0%
Romeo Okwara	DET	0	1	0	0.0%					39.6	11.0			0	1	1	0.0	2	2	0	0.0%
Damon Harrison	DET	0	0	0										0	0	0	1.0	1	3	0	0.0%
Devon Kennard	DET	0	0	0										1	1	0	0.0	1	2	0	0.0%
Trey Flowers	DET	0	0	0										0	1	0	0.0	1	3	0	0.0%
Christian Jones	DET	0	2	0	0.0%					39.6	16.5			0	0	0	0.0	0	1	0	0.0%
Player	Tm	Int	Tgt	Cmp	Cmp%	Yds	Yds/Cmp	Yds/Tgt	TD	Rat	DADOT	Air	YAC	Bltz	Hrry	QBKD	Sk	Prss	Comb	MTkl	MTkl%
Kevin King	GNB	0	9	6	66.7%	163	27.2	18.1	0	109.7	18.4	119	44	0	0	0	0.0	0	4	0	0.0%
Jaire Alexander	GNB	0	5	3	60.0%	27	9.0	5.4	0	74.6	7.6	6	21	0	0	0	0.0	0	2	0	0.0%
Blake Martinez	GNB	0	3	3	100.0%	21	7.0	7.0	0	95.8	1.7	5	16	3	0	0	0.0	0	5	2	28.6%
Adrian Amos	GNB	0	6	3	50.0%	32	10.7	5.3	0	66.0	4.3	8	24	2	0	0	0.0	0	3	0	0.0%
Chandon Sullivan	GNB	0	2	1	50.0%	8	8.0	4.0	0	60.4	14.0	8	0	0	0	0	0.0	0	4	0	0.0%
B.J. Goodson	GNB	0	1	1	100.0%	7	7.0	7.0	0	95.8	0.0	0	7	2	0	0	0.0	0	5	0	0.0%
Tramon Williams	GNB	0	3	1	33.3%	7	7.0	2.3	0	42.4	5.7	7	0	2	0	0	0.0	0	2	0	0.0%
Preston Smith	GNB	0	2	0	0.0%					39.6	3.5			1	1	0	1.5	3	4	0	0.0%
Kenny Clark	GNB	0	0	0										0	1	0	0.0	1	1	0	0.0%
Kyler Fackrell	GNB	0	0	0										1	0	0	0.5	1	3	0	0.0%
Za'Darius Smith	GNB	0	0	0										4	0	0	1.0	1	5	0	0.0%
Will Redmond	GNB	0	1	0	0.0%					39.6	41.0			2	0	0	0.0	0	1	0	0.0%
Oren Burks	GNB	0	0	0										1	0	0	0.0	0	2	0	0.0%"
