advanced_rushing = document.querySelectorAll("#rushing_advanced > tbody")[0].innerText;
advanced_receiving = document.querySelectorAll("#receiving_advanced > tbody")[0].innerText;
advanced_defense = document.querySelectorAll("#defense_advanced > tbody")[0].innerText;
advanced_passing = document.querySelectorAll("#passing_advanced > tbody")[0].innerText;
"Teddy Bridgewater	NOR	24	36	240	12	30.8	213	5.9	87	3.6	2.4	153	6.4	5	14.7%	5	14.7%	3	5	5	1	0	
Player	Tm	Cmp	Att	Yds	1D	1D%	IAY	IAY/PA	CAY	CAY/Cmp	CAY/PA	YAC	YAC/Cmp	Drops	Drop%	BadTh	Bad%	Sk	Bltz	Hrry	Hits	Scrm	Yds/Scr
Gardner Minshew	JAX	14	29	163	9	29.0	220	7.6	67	4.8	2.3	96	6.9	0	0.0%	7	25.9%	2	13	7	1	1	2.0"
advanced_rushing
"Alvin Kamara	NOR	11	31	0	11	1.0	20	1.8	1	11.0
Latavius Murray	NOR	8	44	3	16	2.0	28	3.5	2	4.0
Teddy Bridgewater	NOR	3	0	1	-1	-0.3	1	0.3	0	
Taysom Hill	NOR	3	17	1	11	3.7	6	2.0	0	
Ted Ginn	NOR	1	12	1	12	12.0	0	0.0	0	
Player	Tm	Att	Yds	1D	YBC	YBC/Att	YAC	YAC/Att	BrkTkl	Att/Br
Leonard Fournette	JAX	20	72	1	29	1.5	43	2.2	1	20.0
Gardner Minshew	JAX	2	1	0	1	0.5	0	0.0	0	
Ryquell Armstead	JAX	1	1		1	1.0	0	0.0	0	
Marqise Lee	JAX	1	1		1	1.0	0	0.0	0	"
advanced_receiving
"Michael Thomas	NOR	12	8	89	4	46	5.8	43	5.4	0		2	16.7
Alvin Kamara	NOR	8	7	35	1	-4	-0.6	39	5.6	0		1	12.5
Jared Cook	NOR	3	3	37	3	21	7.0	16	5.3	0		0	0.0
Latavius Murray	NOR	3	3	35	1	-13	-4.3	48	16.0	0		0	0.0
Ted Ginn	NOR	6	2	36	2	29	14.5	7	3.5	0		2	33.3
Josh Hill	NOR	2	1	8	1	8	8.0	0	0.0	0		0	0.0
Player	Tm	Tgt	Rec	Yds	1D	YBC	YBC/R	YAC	YAC/R	BrkTkl	Rec/Br	Drop	Drop%
Leonard Fournette	JAX	6	6	46	4	3	0.5	43	7.2	0		0	0.0
DJ Chark	JAX	7	3	43	2	20	6.7	23	7.7	0		0	0.0
Dede Westbrook	JAX	8	3	53	3	26	8.7	27	9.0	1	3.0	0	0.0
Seth Devalve	JAX	1	1	16		15	15.0	1	1.0	0		0	0.0
Geoff Swaim	JAX	2	1	5		3	3.0	2	2.0	0		0	0.0
Chris Conley	JAX	3	0	0		0		0		0		0	0.0"
advanced_defense
"Demario Davis	NOR	0	6	5	83.3%	40	8.0	6.7	0	94.4	0.5	3	37	8	0	0	0.0	0	6	1	14.3%
A.J. Klein	NOR	0	4	3	75.0%	48	16.0	12.0	0	114.6	11.0	40	8	5	0	0	0.0	0	6	0	0.0%
Chauncey Gardner-Johnson	NOR	0	2	2	100.0%	11	5.5	5.5	0	89.6	1.5	3	8	0	0	0	0.0	0	2	0	0.0%
Marshon Lattimore	NOR	1	7	2	28.6%	35	17.5	5.0	0	8.3	10.7	4	31	0	0	0	0.0	0	3	1	25.0%
Vonn Bell	NOR	0	2	1	50.0%	9	9.0	4.5	0	62.5	3.0	2	7	5	2	0	0.0	2	3	1	25.0%
Eli Apple	NOR	0	3	1	33.3%	20	20.0	6.7	0	57.6	8.7	15	5	0	0	0	0.0	0	2	0	0.0%
Cameron Jordan	NOR	0	0	0										0	1	0	2.0	3	5	0	0.0%
Marcus Davenport	NOR	0	0	0										0	2	1	0.0	3	5	0	0.0%
Kiko Alonso	NOR	0	0	0										2	1	0	0.0	1	3	0	0.0%
Marcus Williams	NOR	0	3	0	0.0%					39.6	15.3			1	0	0	0.0	0	5	1	16.7%
P.J. Williams	NOR	0	0	0										3	0	0	0.0	0	2	0	0.0%
Player	Tm	Int	Tgt	Cmp	Cmp%	Yds	Yds/Cmp	Yds/Tgt	TD	Rat	DADOT	Air	YAC	Bltz	Hrry	QBKD	Sk	Prss	Comb	MTkl	MTkl%
Myles Jack	JAX	0	6	5	83.3%	60	12.0	10.0	0	108.3	2.7	12	48	1	0	0	0.0	0	8	2	20.0%
Tre Herndon	JAX	0	9	5	55.6%	77	15.4	8.6	0	84.0	13.8	58	19	0	0	0	0.0	0	9	0	0.0%
Najee Goode	JAX	0	4	3	75.0%	13	4.3	3.3	0	78.1	3.0	9	4	3	1	0	1.0	2	6	1	14.3%
D.J. Hayden	JAX	0	3	3	100.0%	18	6.0	6.0	0	91.7	-1.3	-4	22	1	0	0	0.0	0	6	0	0.0%
A.J. Bouye	JAX	0	4	3	75.0%	21	7.0	5.3	0	86.5	3.5	11	10	0	0	0	0.0	0	5	0	0.0%
Leon Jacobs	JAX	0	3	2	66.7%	25	12.5	8.3	0	92.4	-0.3	-1	26	1	0	0	0.0	0	3	1	25.0%
Lerentee McCray	JAX	0	1	1	100.0%	14	14.0	14.0	0	118.7	-6.0	-6	20	0	0	0	0.0	0	1	0	0.0%
Ronnie Harrison	JAX	0	2	1	50.0%	8	8.0	4.0	0	60.4	17.0	8	0	1	0	0	0.0	0	4	0	0.0%
Calais Campbell	JAX	0	0	0										0	2	0	0.0	2	5	2	28.6%
Josh Allen	JAX	0	0	0										1	0	1	1.0	2	2	0	0.0%
Yannick Ngakoue	JAX	0	0	0										0	2	0	0.0	2	1	1	50.0%
Dawuane Smoot	JAX	0	0	0										0	0	0	1.0	1	2	0	0.0%
Abry Jones	JAX	0	0	0										0	0	0	0.0	0	3	1	25.0%"
