advanced_rushing = document.querySelectorAll("#rushing_advanced > tbody")[0].innerText;
advanced_receiving = document.querySelectorAll("#receiving_advanced > tbody")[0].innerText;
advanced_defense = document.querySelectorAll("#defense_advanced > tbody")[0].innerText;
advanced_passing = document.querySelectorAll("#passing_advanced > tbody")[0].innerText;
"Deshaun Watson	HOU	30	42	280	20	47.6	369	8.8	104	3.5	2.5	176	5.9	4	9.5%	7	16.7%	0	14	2	2	4	6.0
Player	Tm	Cmp	Att	Yds	1D	1D%	IAY	IAY/PA	CAY	CAY/Cmp	CAY/PA	YAC	YAC/Cmp	Drops	Drop%	BadTh	Bad%	Sk	Bltz	Hrry	Hits	Scrm	Yds/Scr
Patrick Mahomes	KAN	19	35	273	11	30.6	350	10.0	108	5.7	3.1	165	8.7	4	11.4%	8	22.9%	1	10	5	1	0	"
advanced_rushing
"Carlos Hyde	HOU	26	116	7	66	2.5	50	1.9	2	13.0
Deshaun Watson	HOU	10	42	3	35	3.5	7	0.7	0	
Duke Johnson	HOU	5	34	2	21	4.2	13	2.6	0	
Player	Tm	Att	Yds	1D	YBC	YBC/Att	YAC	YAC/Att	BrkTkl	Att/Br
LeSean McCoy	KAN	8	44	3	35	4.4	9	1.1	1	8.0
Patrick Mahomes	KAN	1	-1	0	-1	-1.0	0	0.0	0	
De'Anthony Thomas	KAN	1	4	1	2	2.0	2	2.0	0	
Damien Williams	KAN	1	6	1	1	1.0	5	5.0	0	"
advanced_receiving
"DeAndre Hopkins	HOU	12	9	55	7	24	2.7	31	3.4	1	9.0	1	8.3
Darren Fells	HOU	7	6	69	4	28	4.7	41	6.8	0		0	0.0
Will Fuller	HOU	9	5	44	2	7	1.4	37	7.4	0		3	33.3
Keke Coutee	HOU	6	4	39	2	9	2.3	30	7.5	0		0	0.0
Jordan Akins	HOU	3	3	39	2	29	9.7	10	3.3	1	3.0	0	0.0
Duke Johnson	HOU	4	2	20	2	8	4.0	12	6.0	0		0	0.0
Carlos Hyde	HOU	1	1	14	1	-1	-1.0	15	15.0	0		0	0.0
Player	Tm	Tgt	Rec	Yds	1D	YBC	YBC/R	YAC	YAC/R	BrkTkl	Rec/Br	Drop	Drop%
Tyreek Hill	KAN	10	5	80	3	71	14.2	9	1.8	2	2.5	0	0.0
Mecole Hardman	KAN	4	4	45	2	6	1.5	39	9.8	0		0	0.0
Travis Kelce	KAN	6	4	58	3	27	6.8	31	7.8	2	2.0	2	33.3
LeSean McCoy	KAN	2	2	0	0	-9	-4.5	9	4.5	0		0	0.0
Byron Pringle	KAN	4	2	24	1	11	5.5	13	6.5	0		1	25.0
Darrel Williams	KAN	2	1	52	1	6	6.0	46	46.0	0		0	0.0
Damien Williams	KAN	1	1	14	1	-4	-4.0	18	18.0	0		0	0.0
De'Anthony Thomas	KAN	1	0	0	0	0		0		0		1	100.0
Demarcus Robinson	KAN	4	0	0		0		0		0		0	0.0
Blake Bell	KAN	1	0	0		0		0		0		0	0.0"
advanced_defense
"Phillip Gaines	HOU	0	6	4	66.7%	70	17.5	11.7	2	145.8	15.7	62	8	1	1	0	0.0	1	3	1	25.0%
Justin Reid	HOU	0	4	3	75.0%	71	23.7	17.8	1	156.2	15.8	61	10	1	0	0	0.0	0	2	1	33.3%
Keion Crossen	HOU	0	2	2	100.0%	15	7.5	7.5	0	97.9	4.5	9	6	0	0	0	0.0	0	2	1	33.3%
Bradley Roby	HOU	0	7	2	28.6%	27	13.5	3.9	0	43.2	11.4	14	13	0	0	0	0.0	0	1	1	50.0%
Lonnie Johnson	HOU	0	5	1	20.0%	9	9.0	1.8	0	39.6	19.0	6	3	0	0	0	0.0	0	2	1	33.3%
Tashaun Gipson	HOU	1	2	1	50.0%	17	17.0	8.5	0	39.6	5.0	8	9	0	0	0	0.0	0	5	2	28.6%
Charles Omenihu	HOU	0	0	0										0	0	0	1.0	1	1	0	0.0%
J.J. Watt	HOU	0	0	0										0	0	1	0.0	1	2	0	0.0%
Benardrick McKinney	HOU	0	0	0										7	1	0	0.0	1	4	0	0.0%
Zach Cunningham	HOU	0	1	0	0.0%					39.6	23.0			1	0	0	0.0	0	5	0	0.0%
Player	Tm	Int	Tgt	Cmp	Cmp%	Yds	Yds/Cmp	Yds/Tgt	TD	Rat	DADOT	Air	YAC	Bltz	Hrry	QBKD	Sk	Prss	Comb	MTkl	MTkl%
Bashaud Breeland	KAN	0	7	4	57.1%	47	11.8	6.7	0	77.7	19.0	20	27	0	0	0	0.0	0	6	0	0.0%
Darron Lee	KAN	0	3	3	100.0%	25	8.3	8.3	0	101.4	1.3	4	21	5	1	0	0.0	1	8	2	20.0%
Tyrann Mathieu	KAN	0	7	3	42.9%	12	4.0	1.7	0	50.3	12.6	1	11	1	0	0	0.0	0	10	1	9.1%
Kendall Fuller	KAN	0	3	2	66.7%	8	4.0	2.7	0	70.1	5.3	8	0	2	0	0	0.0	0	1	0	0.0%
Ben Niemann	KAN	0	3	2	66.7%	23	11.5	7.7	0	89.6	7.0	16	7	7	0	0	0.0	0	6	0	0.0%
Charvarius Ward	KAN	1	3	2	66.7%	30	15.0	10.0	0	59.7	12.3	25	5	0	0	0	0.0	0	8	0	0.0%
Daniel Sorensen	KAN	0	2	2	100.0%	4	2.0	2.0	0	79.2	2.0	4	0	1	0	0	0.0	0	3	0	0.0%
Damien Wilson	KAN	0	1	1	100.0%	11	11.0	11.0	1	152.1	5.0	5	6	3	0	0	0.0	0	6	1	14.3%
Frank Clark	KAN	0	0	0										0	1	1	0.0	2	1	0	0.0%
Emmanuel Ogbah	KAN	0	0	0										0	1	0	0.0	1	5	1	16.7%
Alex Okafor	KAN	0	0	0										0	0	1	0.0	1	4	0	0.0%
Terrell McClain	KAN	0	0	0										0	0	0	0.0	0	2	1	33.3%
Morris Claiborne	KAN	0	1	0	0.0%					39.6	37.0			0	0	0	0.0	0	3	0	0.0%
Juan Thornhill	KAN	1	1	0	0.0%					0.0	40.0			0	0	0	0.0	0	4	0	0.0%"
