advanced_rushing = document.querySelectorAll("#rushing_advanced > tbody")[0].innerText;
advanced_receiving = document.querySelectorAll("#receiving_advanced > tbody")[0].innerText;
advanced_defense = document.querySelectorAll("#defense_advanced > tbody")[0].innerText;
advanced_passing = document.querySelectorAll("#passing_advanced > tbody")[0].innerText;
"Carson Wentz	PHI	26	40	306	15	35.7	369	9.2	159	6.1	4.0	147	5.7	1	2.5%	8	20.0%	2	12	4	1	1	7.0
Jake Elliott	PHI	0	1	0			6	6.0	0		0.0	0		0	0.0%	0	0.0%	0	0	0	0	0	
Player	Tm	Cmp	Att	Yds	1D	1D%	IAY	IAY/PA	CAY	CAY/Cmp	CAY/PA	YAC	YAC/Cmp	Drops	Drop%	BadTh	Bad%	Sk	Bltz	Hrry	Hits	Scrm	Yds/Scr
Kirk Cousins	MIN	22	29	333	14	46.7	374	12.9	209	9.5	7.2	124	5.6	2	7.1%	3	10.7%	1	11	0	0	1	1.0"
advanced_rushing
"Jordan Howard	PHI	13	49	1	22	1.7	27	2.1	0	
Boston Scott	PHI	4	30	1	20	5.0	10	2.5	0	
Miles Sanders	PHI	3	6	0	3	1.0	3	1.0	0	
Carson Wentz	PHI	2	23	1	23	11.5	0	0.0	0	
Player	Tm	Att	Yds	1D	YBC	YBC/Att	YAC	YAC/Att	BrkTkl	Att/Br
Dalvin Cook	MIN	16	41	5	23	1.4	18	1.1	0	
Alexander Mattison	MIN	14	63	2	43	3.1	20	1.4	1	14.0
Kirk Cousins	MIN	2	0	0	0	0.0	0	0.0	0	
Stefon Diggs	MIN	2	18	1	18	9.0	0	0.0	0	
Adam Thielen	MIN	1	0	0	0	0.0	0	0.0	0	"
advanced_receiving
"Alshon Jeffery	PHI	12	10	76	7	44	4.4	32	3.2	0		0	0.0
Dallas Goedert	PHI	8	5	48	2	12	2.4	36	7.2	0		0	0.0
Nelson Agholor	PHI	7	4	42	2	12	3.0	30	7.5	0		0	0.0
Zach Ertz	PHI	9	4	54	2	51	12.8	3	0.8	0		1	11.1
Miles Sanders	PHI	3	3	86	2	40	13.3	46	15.3	0		0	0.0
Mack Hollins	PHI	2	0	0		0		0		0		0	0.0
Player	Tm	Tgt	Rec	Yds	1D	YBC	YBC/R	YAC	YAC/R	BrkTkl	Rec/Br	Drop	Drop%
Stefon Diggs	MIN	11	7	167	5	127	18.1	40	5.7	0		2	18.2
Adam Thielen	MIN	8	6	57	3	33	5.5	24	4.0	0		0	0.0
Kyle Rudolph	MIN	3	3	36	2	3	1.0	33	11.0	0		0	0.0
Dalvin Cook	MIN	2	2	13	1	-4	-2.0	17	8.5	0		0	0.0
Irv Smith	MIN	2	2	29	1	19	9.5	10	5.0	0		0	0.0
Olabisi Johnson	MIN	1	1	16	1	16	16.0	0	0.0	0		0	0.0
Laquon Treadwell	MIN	1	1	15	1	15	15.0	0	0.0	0		0	0.0"
advanced_defense
"Rasul Douglas	PHI	0	13	11	84.6%	227	20.6	17.5	2	158.3	21.9	171	56	0	0	0	0.0	0	6	0	0.0%
Sidney Jones	PHI	0	5	4	80.0%	33	8.3	6.6	1	133.7	3.2	9	24	1	0	0	0.0	0	2	1	33.3%
Brandon Graham	PHI	0	2	2	100.0%	2	1.0	1.0	0	79.2	-1.5	-3	5	0	0	0	1.0	1	4	1	20.0%
Craig James	PHI	0	2	2	100.0%	19	9.5	9.5	1	145.8	5.5	11	8	0	0	0	0.0	0	2	0	0.0%
Nigel Bradham	PHI	0	2	2	100.0%	12	6.0	6.0	0	91.7	1.5	3	9	2	0	0	0.0	0	2	0	0.0%
Nathan Gerry	PHI	0	1	1	100.0%	11	11.0	11.0	0	112.5	-3.0	-3	14	3	0	0	0.0	0	6	0	0.0%
Kamu Grugier-Hill	PHI	0	1	1	100.0%	29	29.0	29.0	0	118.7	21.0	21	8	5	0	0	0.0	0	1	0	0.0%
Rodney McLeod	PHI	0	0	0										1	0	0	0.0	0	6	1	14.3%
Fletcher Cox	PHI	0	0	0										0	0	0	0.0	0	5	1	16.7%
Andrew Sendejo	PHI	1	0	0										1	0	0	0.0	0	3	0	0.0%
Malcolm Jenkins	PHI	0	1	0	0.0%					39.6	21.0			2	0	0	0.0	0	8	1	11.1%
Hassan Ridgeway	PHI	0	0	0										0	0	0	0.0	0	2	1	33.3%
Player	Tm	Int	Tgt	Cmp	Cmp%	Yds	Yds/Cmp	Yds/Tgt	TD	Rat	DADOT	Air	YAC	Bltz	Hrry	QBKD	Sk	Prss	Comb	MTkl	MTkl%
Trae Waynes	MIN	0	14	9	64.3%	92	10.2	6.6	1	106.8	15.5	78	14	0	0	0	0.0	0	2	0	0.0%
Xavier Rhodes	MIN	0	9	8	88.9%	61	7.6	6.8	0	94.9	2.4	21	40	0	0	0	0.0	0	4	0	0.0%
Anthony Barr	MIN	0	6	5	83.3%	86	17.2	14.3	0	118.7	5.8	28	58	9	0	0	0.0	0	10	1	9.1%
Eric Kendricks	MIN	0	6	3	50.0%	47	15.7	7.8	1	116.0	7.7	17	30	5	1	0	0.5	2	10	0	0.0%
Mackensie Alexander	MIN	1	2	1	50.0%	2	2.0	1.0	0	16.7	11.5	0	2	0	0	0	0.5	1	3	0	0.0%
Anthony Harris	MIN	0	2	1	50.0%	7	7.0	3.5	0	58.3	5.0	4	3	0	0	0	0.0	0	6	0	0.0%
Harrison Smith	MIN	0	1	1	100.0%	11	11.0	11.0	0	112.5	11.0	11	0	3	0	0	0.0	0	4	1	20.0%
Everson Griffen	MIN	1	0	0										0	3	1	0.0	4	0	1	100.0%
Danielle Hunter	MIN	0	0	0										0	1	0	1.0	2	3	0	0.0%
Jayron Kearse	MIN	0	0	0										2	0	0	0.0	0	3	0	0.0%
Eric Wilson	MIN	0	0	0										1	0	0	0.0	0	1	0	0.0%"
