advanced_rushing = document.querySelectorAll("#rushing_advanced > tbody")[0].innerText;
advanced_receiving = document.querySelectorAll("#receiving_advanced > tbody")[0].innerText;
advanced_defense = document.querySelectorAll("#defense_advanced > tbody")[0].innerText;
advanced_passing = document.querySelectorAll("#passing_advanced > tbody")[0].innerText;
"Jimmy Garoppolo	SFO	24	33	243	14	40.0	145	4.4	66	2.8	2.0	177	7.4	2	6.3%	4	12.5%	2	11	4	1	0	
Player	Tm	Cmp	Att	Yds	1D	1D%	IAY	IAY/PA	CAY	CAY/Cmp	CAY/PA	YAC	YAC/Cmp	Drops	Drop%	BadTh	Bad%	Sk	Bltz	Hrry	Hits	Scrm	Yds/Scr
Jared Goff	LAR	13	24	78	1	3.6	155	6.5	29	2.2	1.2	49	3.8	1	4.2%	8	33.3%	4	7	6	0	0	"
advanced_rushing
"Tevin Coleman	SFO	18	45	3	17	0.9	28	1.6	2	9.0
Matt Breida	SFO	13	36	2	10	0.8	26	2.0	2	6.5
Jimmy Garoppolo	SFO	5	4	2	2	0.4	2	0.4	0	
Raheem Mostert	SFO	4	13	1	4	1.0	9	2.3	1	4.0
Deebo Samuel	SFO	1	1	0	1	1.0	0	0.0	0	
Player	Tm	Att	Yds	1D	YBC	YBC/Att	YAC	YAC/Att	BrkTkl	Att/Br
Malcolm Brown	LAR	11	40	4	18	1.6	22	2.0	2	5.5
Darrell Henderson	LAR	6	39	3	19	3.2	20	3.3	2	3.0
Brandin Cooks	LAR	2	14	1	11	5.5	3	1.5	0	
Robert Woods	LAR	2	16	1	6	3.0	10	5.0	1	2.0
Jared Goff	LAR	1	0	0	0	0.0	0	0.0	0	"
advanced_receiving
"George Kittle	SFO	8	8	103	4	38	4.8	65	8.1	3	2.7	0	0.0
Matt Breida	SFO	4	4	27	2	-3	-0.8	30	7.5	1	4.0	0	0.0
Dante Pettis	SFO	6	3	45	3	28	9.3	17	5.7	1	3.0	0	0.0
Deebo Samuel	SFO	5	3	18	1	6	2.0	12	4.0	0		0	0.0
Tevin Coleman	SFO	3	2	16	1	-9	-4.5	25	12.5	0		1	33.3
Marquise Goodwin	SFO	3	2	15	2	9	4.5	6	3.0	0		1	33.3
Kendrick Bourne	SFO	1	1	11	1	1	1.0	10	10.0	0		0	0.0
Levine Toilolo	SFO	1	1	8		-4	-4.0	12	12.0	1	1.0	0	0.0
Player	Tm	Tgt	Rec	Yds	1D	YBC	YBC/R	YAC	YAC/R	BrkTkl	Rec/Br	Drop	Drop%
Cooper Kupp	LAR	6	4	17		9	2.3	8	2.0	0		0	0.0
Brandin Cooks	LAR	3	3	18	0	6	2.0	12	4.0	0		0	0.0
Tyler Higbee	LAR	3	3	25		13	4.3	12	4.0	1	3.0	0	0.0
Gerald Everett	LAR	5	2	9	1	0	0.0	9	4.5	0		0	0.0
Darrell Henderson	LAR	2	1	9	0	1	1.0	8	8.0	0		0	0.0
Josh Reynolds	LAR	1	0	0		0		0		0		1	100.0
Robert Woods	LAR	4	0	0	0	0		0		0		0	0.0"
advanced_defense
"Fred Warner	SFO	0	6	4	66.7%	30	7.5	5.0	0	78.5	2.2	11	19	0	1	0	0.0	1	6	1	14.3%
Kwon Alexander	SFO	0	5	3	60.0%	22	7.3	4.4	0	70.4	5.4	6	16	3	2	0	0.0	2	7	3	30.0%
Richard Sherman	SFO	0	5	3	60.0%	25	8.3	5.0	0	72.9	10.4	13	12	0	0	0	0.0	0	4	1	20.0%
Emmanuel Moseley	SFO	0	3	2	66.7%	13	6.5	4.3	0	75.7	12.0	5	8	0	0	0	0.0	0	1	0	0.0%
Jaquiski Tartt	SFO	0	2	2	100.0%	6	3.0	3.0	0	79.2	-0.5	-1	7	1	0	0	0.0	0	2	0	0.0%
D.J. Reed	SFO	0	1	1	100.0%	6	6.0	6.0	0	91.7	6.0	6	0	1	1	0	0.0	1	1	0	0.0%
K'Waun Williams	SFO	0	2	1	50.0%	1	1.0	0.5	0	56.2	6.5	-2	3	1	1	0	0.0	1	1	1	50.0%
Dee Ford	SFO	0	0	0										0	0	0	1.5	2	4	0	0.0%
Solomon Thomas	SFO	0	0	0										0	0	0	1.0	1	2	0	0.0%
Nick Bosa	SFO	0	0	0										0	1	0	0.0	1	1	0	0.0%
Arik Armstead	SFO	0	0	0										0	0	0	0.5	1	6	1	14.3%
Ronald Blair	SFO	0	0	0										0	0	0	1.0	1	2	0	0.0%
Jimmie Ward	SFO	0	4	0	0.0%					39.6	5.5			0	0	0	0.0	0	5	1	16.7%
Player	Tm	Int	Tgt	Cmp	Cmp%	Yds	Yds/Cmp	Yds/Tgt	TD	Rat	DADOT	Air	YAC	Bltz	Hrry	QBKD	Sk	Prss	Comb	MTkl	MTkl%
Cory Littleton	LAR	0	7	5	71.4%	36	7.2	5.1	0	83.0	2.3	9	27	3	0	0	0.0	0	14	0	0.0%
Eric Weddle	LAR	0	4	4	100.0%	57	14.3	14.3	0	118.7	9.0	36	21	0	0	0	0.0	0	10	0	0.0%
Marcus Peters	LAR	1	7	4	57.1%	52	13.0	7.4	0	41.1	4.1	9	43	0	0	0	0.0	0	4	2	33.3%
John Johnson	LAR	0	4	4	100.0%	57	14.3	14.3	0	118.7	3.8	15	42	1	0	0	0.0	0	9	3	25.0%
Nickell Robey-Coleman	LAR	0	5	4	80.0%	7	1.8	1.4	0	79.2	1.4	2	5	0	0	0	0.0	0	4	0	0.0%
Samson Ebukam	LAR	0	3	2	66.7%	12	6.0	4.0	0	74.3	-1.0	-7	19	2	1	0	0.0	1	6	1	14.3%
Troy Hill	LAR	0	3	2	66.7%	16	8.0	5.3	0	79.9	3.3	8	8	0	0	0	0.0	0	5	0	0.0%
Troy Reeder	LAR	0	2	2	100.0%	62	31.0	31.0	0	118.7	10.5	21	41	3	0	0	0.0	0	10	2	16.7%
Taylor Rapp	LAR	0	2	2	100.0%	14	7.0	7.0	0	95.8	4.5	9	5	2	0	0	0.0	0	6	0	0.0%
Sebastian Joseph	LAR	0	1	1	100.0%	4	4.0	4.0	0	83.3	-6.0	-6	10	0	2	0	0.0	2	6	0	0.0%
Dante Fowler	LAR	0	3	1	33.3%	2	2.0	0.7	0	42.4	12.7	-5	7	1	0	0	0.0	0	1	1	50.0%
Aaron Donald	LAR	0	0	0										0	1	1	2.0	4	7	1	12.5%
Morgan Fox	LAR	0	0	0										0	0	0	0.0	0	1	1	50.0%"
