advanced_rushing = document.querySelectorAll("#rushing_advanced > tbody")[0].innerText;
advanced_receiving = document.querySelectorAll("#receiving_advanced > tbody")[0].innerText;
advanced_defense = document.querySelectorAll("#defense_advanced > tbody")[0].innerText;
advanced_passing = document.querySelectorAll("#passing_advanced > tbody")[0].innerText;
"Devlin Hodges	PIT	15	20	132	7	35.0	91	4.6	6	0.4	0.3	126	8.4	0	0.0%	5	25.0%	0	4	2	0	1	2.0
Player	Tm	Cmp	Att	Yds	1D	1D%	IAY	IAY/PA	CAY	CAY/Cmp	CAY/PA	YAC	YAC/Cmp	Drops	Drop%	BadTh	Bad%	Sk	Bltz	Hrry	Hits	Scrm	Yds/Scr
Philip Rivers	LAC	26	44	320	18	40.0	481	10.9	217	8.3	4.9	103	4.0	2	4.8%	6	14.3%	1	3	8	4	0	"
advanced_rushing
"Benny Snell	PIT	17	75	6	30	1.8	45	2.6	2	8.5
James Conner	PIT	16	41	3	16	1.0	25	1.6	1	16.0
Devlin Hodges	PIT	3	8	0	7	2.3	1	0.3	0	
Player	Tm	Att	Yds	1D	YBC	YBC/Att	YAC	YAC/Att	BrkTkl	Att/Br
Melvin Gordon	LAC	8	18	0	10	1.3	8	1.0	0	
Austin Ekeler	LAC	5	14	2	0	0.0	14	2.8	1	5.0
Philip Rivers	LAC	1	0	0	0	0.0	0	0.0	0	"
advanced_receiving
"James Conner	PIT	7	7	78	5	-11	-1.6	89	12.7	4	1.8	0	0.0
Diontae Johnson	PIT	2	2	14	1	3	1.5	11	5.5	1	2.0	0	0.0
Nick Vannett	PIT	1	1	5		5	5.0	0	0.0	0		0	0.0
Ryan Switzer	PIT	1	1	-2		-2	-2.0	0	0.0	0		0	0.0
Benny Snell	PIT	1	1	14	0	-2	-2.0	16	16.0	0		0	0.0
JuJu Smith-Schuster	PIT	3	1	7		0	0.0	7	7.0	0		0	0.0
Donte Moncrief	PIT	2	1	11	1	11	11.0	0	0.0	0		0	0.0
Vance McDonald	PIT	1	1	5		2	2.0	3	3.0	0		0	0.0
Johnny Holton	PIT	1	0	0		0		0		0		0	0.0
Player	Tm	Tgt	Rec	Yds	1D	YBC	YBC/R	YAC	YAC/R	BrkTkl	Rec/Br	Drop	Drop%
Hunter Henry	LAC	9	8	100	6	83	10.4	17	2.1	0		0	0.0
Mike Williams	LAC	10	5	72	5	54	10.8	18	3.6	2	2.5	1	10.0
Melvin Gordon	LAC	4	3	30	1	7	2.3	23	7.7	2	1.5	0	0.0
Austin Ekeler	LAC	4	3	14	0	-7	-2.3	21	7.0	2	1.5	0	0.0
Jason Moore	LAC	2	2	43	2	37	18.5	6	3.0	0		0	0.0
Keenan Allen	LAC	6	2	33	2	33	16.5	0	0.0	0		0	0.0
Virgil Green	LAC	2	1	15	1	3	3.0	12	12.0	1	1.0	0	0.0
Geremy Davis	LAC	1	1	13	1	13	13.0	0	0.0	0		0	0.0
Travis Benjamin	LAC	4	1	0		-6	-6.0	6	6.0	0		1	25.0"
advanced_defense
"Kameron Kelly	PIT	0	5	5	100.0%	41	8.2	8.2	1	140.4	5.0	25	16	0	0	0	0.0	0	2	2	50.0%
Devin Bush	PIT	1	9	5	55.6%	74	14.8	8.2	0	43.1	3.2	28	46	1	0	0	0.0	0	7	3	30.0%
Artie Burns	PIT	0	4	4	100.0%	52	13.0	13.0	1	158.3	11.3	45	7	0	0	0	0.0	0	6	0	0.0%
Minkah Fitzpatrick	PIT	0	6	4	66.7%	66	16.5	11.0	0	103.5	18.2	52	14	0	0	0	0.0	0	5	0	0.0%
Mike Hilton	PIT	0	5	3	60.0%	20	6.7	4.0	0	68.7	14.2	7	13	0	0	0	0.0	0	3	2	40.0%
Cameron Sutton	PIT	1	6	2	33.3%	32	16.0	5.3	0	12.5	15.8	24	8	0	0	0	0.0	0	1	0	0.0%
Terrell Edmunds	PIT	0	3	2	66.7%	27	13.5	9.0	0	95.1	13.3	25	2	1	0	0	0.0	0	5	0	0.0%
Joe Haden	PIT	0	3	1	33.3%	18	18.0	6.0	0	54.9	24.7	18	0	0	0	0	0.0	0	2	1	33.3%
Vince Williams	PIT	0	1	1	100.0%	6	6.0	6.0	0	91.7	6.0	6	0	1	0	0	0.0	0	4	0	0.0%
T.J. Watt	PIT	0	0	0										1	1	3	0.5	5	3	0	0.0%
Bud Dupree	PIT	0	0	0										2	3	0	0.0	3	2	0	0.0%
Cameron Heyward	PIT	0	0	0										0	2	0	0.0	2	3	0	0.0%
Daniel McCullers	PIT	0	0	0										0	1	0	0.0	1	0	0	
Stephon Tuitt	PIT	0	0	0										0	0	1	0.0	1	0	0	
Javon Hargrave	PIT	0	0	0										0	1	0	0.0	1	2	0	0.0%
Anthony Chickillo	PIT	0	1	0	0.0%					39.6	0.0			1	0	0	0.5	1	1	0	0.0%
Player	Tm	Int	Tgt	Cmp	Cmp%	Yds	Yds/Cmp	Yds/Tgt	TD	Rat	DADOT	Air	YAC	Bltz	Hrry	QBKD	Sk	Prss	Comb	MTkl	MTkl%
Roderic Teamer	LAC	0	3	3	100.0%	18	6.0	6.0	0	91.7	-3.3	-10	28	1	0	0	0.0	0	5	1	16.7%
Michael Davis	LAC	0	3	2	66.7%	15	7.5	5.0	0	78.5	10.0	11	4	1	0	0	0.0	0	5	0	0.0%
Uchenna Nwosu	LAC	0	1	1	100.0%	5	5.0	5.0	0	87.5	5.0	5	0	0	2	0	0.0	2	3	1	25.0%
Justin Jones	LAC	0	1	1	100.0%	14	14.0	14.0	0	118.7	-2.0	-2	16	0	0	0	0.0	0	8	1	11.1%
Thomas Davis	LAC	0	1	1	100.0%	-2	-2.0	-2.0	0	79.2	-2.0	-2	0	0	0	0	0.0	0	7	1	12.5%
Desmond King	LAC	0	1	1	100.0%	5	5.0	5.0	0	87.5	2.0	2	3	0	0	0	0.0	0	6	0	0.0%
Denzel Perryman	LAC	0	1	1	100.0%	15	15.0	15.0	0	118.7	-4.0	-4	19	0	0	0	0.0	0	5	0	0.0%
Drue Tranquill	LAC	0	0	0										0	0	0	0.0	0	4	3	42.9%
Kyzir White	LAC	0	0	0										1	0	0	0.0	0	2	0	0.0%
Rayshawn Jenkins	LAC	1	1	0	0.0%					0.0	28.0			0	0	0	0.0	0	5	0	0.0%"
