advanced_rushing = document.querySelectorAll("#rushing_advanced > tbody")[0].innerText;
advanced_receiving = document.querySelectorAll("#receiving_advanced > tbody")[0].innerText;
advanced_defense = document.querySelectorAll("#defense_advanced > tbody")[0].innerText;
advanced_passing = document.querySelectorAll("#passing_advanced > tbody")[0].innerText;
"Kyle Allen	CAR	20	32	227	12	35.3	303	9.5	132	6.6	4.1	95	4.8	3	9.7%	6	19.4%	2	15	2	1	0	
Player	Tm	Cmp	Att	Yds	1D	1D%	IAY	IAY/PA	CAY	CAY/Cmp	CAY/PA	YAC	YAC/Cmp	Drops	Drop%	BadTh	Bad%	Sk	Bltz	Hrry	Hits	Scrm	Yds/Scr
Jameis Winston	TAM	30	54	400	19	31.1	596	11.0	251	8.4	4.6	149	5.0	6	11.5%	10	19.2%	7	21	12	3	1	1.0"
advanced_rushing
"Christian McCaffrey	CAR	22	31	1	0	0.0	31	1.4	0	
Kyle Allen	CAR	3	3	0	3	1.0	0	0.0	0	
Alex Armah	CAR	2	4		2	1.0	2	1.0	0	
D.J. Moore	CAR	1	13	1	10	10.0	3	3.0	0	
Curtis Samuel	CAR	1	8	1	0	0.0	8	8.0	0	
Player	Tm	Att	Yds	1D	YBC	YBC/Att	YAC	YAC/Att	BrkTkl	Att/Br
Peyton Barber	TAM	8	28	1	4	0.5	24	3.0	0	
Ronald Jones	TAM	4	10	1	0	0.0	10	2.5	0	
Dare Ogunbowale	TAM	1	3	1	-1	-1.0	4	4.0	0	
Jameis Winston	TAM	1	1	0	-2	-2.0	3	3.0	0	"
advanced_receiving
"D.J. Moore	CAR	10	7	73	5	54	7.7	19	2.7	0		1	10.0
Christian McCaffrey	CAR	5	4	26	1	-11	-2.8	37	9.3	1	4.0	0	0.0
Greg Olsen	CAR	7	4	52	3	31	7.8	21	5.3	0		0	0.0
Curtis Samuel	CAR	6	4	70	3	54	13.5	16	4.0	0		0	0.0
Jarius Wright	CAR	3	1	6		4	4.0	2	2.0	0		2	66.7
Player	Tm	Tgt	Rec	Yds	1D	YBC	YBC/R	YAC	YAC/R	BrkTkl	Rec/Br	Drop	Drop%
Chris Godwin	TAM	12	10	151	8	99	9.9	52	5.2	0		0	0.0
Mike Evans	TAM	17	9	96	5	76	8.4	20	2.2	0		2	11.8
Scott Miller	TAM	7	3	39	1	38	12.7	1	0.3	0		0	0.0
Dare Ogunbowale	TAM	5	3	22	1	4	1.3	18	6.0	0		1	20.0
Cameron Brate	TAM	4	2	47	2	23	11.5	24	12.0	1	2.0	0	0.0
O.J. Howard	TAM	4	2	35	1	1	0.5	34	17.0	1	2.0	2	50.0
Bobo Wilson	TAM	3	1	10	1	10	10.0	0	0.0	0		1	33.3"
advanced_defense
"James Bradberry	CAR	2	15	8	53.3%	91	11.4	6.1	0	32.2	11.5	65	26	0	0	0	0.0	0	11	0	0.0%
Javien Elliott	CAR	1	7	6	85.7%	73	12.2	10.4	0	70.5	8.1	57	16	3	0	0	0.0	0	6	0	0.0%
Eric Reid	CAR	0	4	4	100.0%	92	23.0	23.0	0	118.7	13.8	55	37	8	2	1	0.0	3	6	1	14.3%
Ross Cockrell	CAR	1	12	4	33.3%	55	13.8	4.6	0	14.2	17.7	37	18	0	0	0	0.0	0	3	0	0.0%
Luke Kuechly	CAR	1	7	4	57.1%	24	6.0	3.4	1	64.0	6.7	21	3	3	0	0	0.0	0	6	1	14.3%
Shaq Thompson	CAR	0	6	3	50.0%	35	11.7	5.8	0	68.1	7.8	20	15	8	1	0	0.0	1	5	1	16.7%
Bruce Irvin	CAR	0	1	1	100.0%	30	30.0	30.0	0	118.7	-4.0	-4	34	2	3	0	0.5	4	3	2	40.0%
Gerald McCoy	CAR	0	0	0										0	1	1	2.5	5	3	0	0.0%
Vernon Butler	CAR	0	0	0										0	0	0	2.0	2	2	0	0.0%
Brian Burns	CAR	0	0	0										2	1	0	1.0	2	1	0	0.0%
Marquis Haynes	CAR	0	0	0										0	2	0	0.0	2	0	0	
Kyle Love	CAR	0	0	0										0	1	1	0.0	2	1	0	0.0%
Mario Addison	CAR	0	0	0										0	1	0	0.0	1	1	1	50.0%
Dontari Poe	CAR	0	1	0	0.0%					39.6	-2.0			0	0	0	1.0	1	3	0	0.0%
Player	Tm	Int	Tgt	Cmp	Cmp%	Yds	Yds/Cmp	Yds/Tgt	TD	Rat	DADOT	Air	YAC	Bltz	Hrry	QBKD	Sk	Prss	Comb	MTkl	MTkl%
Vernon Hargreaves	TAM	0	9	6	66.7%	81	13.5	9.0	1	132.2	13.3	39	42	1	0	0	0.0	0	5	1	16.7%
Carlton Davis	TAM	0	5	3	60.0%	50	16.7	10.0	1	133.3	11.2	37	13	0	0	0	0.0	0	2	0	0.0%
Lavonte David	TAM	0	3	2	66.7%	-1	-0.5	-0.3	0	70.1	-1.0	-6	5	3	0	0	0.0	0	6	1	14.3%
Jordan Whitehead	TAM	0	4	2	50.0%	29	14.5	7.3	0	74.0	12.5	28	1	4	0	0	0.0	0	4	1	20.0%
Devin White	TAM	0	4	2	50.0%	20	10.0	5.0	0	64.6	1.0	1	19	3	0	0	0.0	0	9	1	10.0%
Andrew Adams	TAM	0	1	1	100.0%	9	9.0	9.0	0	104.2	8.0	8	1	2	0	0	0.0	0	5	1	16.7%
Shaquil Barrett	TAM	0	1	1	100.0%	6	6.0	6.0	0	91.7	0.0	0	6	10	0	0	0.0	0	1	0	0.0%
Carl Nassib	TAM	0	0	0										7	0	1	1.0	2	6	1	14.3%
Vita Vea	TAM	0	0	0										0	0	0	0.5	1	4	0	0.0%
Ndamukong Suh	TAM	0	0	0										0	0	0	0.5	1	3	0	0.0%
William Gholston	TAM	0	0	0										0	1	0	0.0	1	2	0	0.0%"
