advanced_rushing = document.querySelectorAll("#rushing_advanced > tbody")[0].innerText;
advanced_receiving = document.querySelectorAll("#receiving_advanced > tbody")[0].innerText;
advanced_defense = document.querySelectorAll("#defense_advanced > tbody")[0].innerText;
advanced_passing = document.querySelectorAll("#passing_advanced > tbody")[0].innerText;
"Drew Brees	NOR	18	30	184	10	33.3	167	5.6	75	4.2	2.5	109	6.1	3	10.7%	3	10.7%	0	14	1	0	0	
Taysom Hill	NOR	0	1	0	0	0.0	6	6.0	0		0.0	0		0	0.0%	1	100.0%	0	0	1	0	0	
Player	Tm	Cmp	Att	Yds	1D	1D%	IAY	IAY/PA	CAY	CAY/Cmp	CAY/PA	YAC	YAC/Cmp	Drops	Drop%	BadTh	Bad%	Sk	Bltz	Hrry	Hits	Scrm	Yds/Scr
Matt Ryan	ATL	35	50	312	18	30.5	345	6.9	223	6.4	4.5	89	2.5	0	0.0%	9	19.1%	9	30	4	4	3	7.0"
advanced_rushing
"Alvin Kamara	NOR	11	61	3	25	2.3	36	3.3	1	11.0
Latavius Murray	NOR	4	2		-2	-0.5	4	1.0	0	
Taysom Hill	NOR	2	33	1	30	15.0	3	1.5	0	
Drew Brees	NOR	1	-1	0	-1	-1.0	0	0.0	0	
Player	Tm	Att	Yds	1D	YBC	YBC/Att	YAC	YAC/Att	BrkTkl	Att/Br
Devonta Freeman	ATL	17	51		26	1.5	25	1.5	3	5.7
Brian Hill	ATL	4	13	1	7	1.8	6	1.5	0	
Matt Ryan	ATL	3	21	1	15	5.0	6	2.0	0	
Keith Smith	ATL	2	4	2	1	0.5	3	1.5	0	"
advanced_receiving
"Michael Thomas	NOR	8	6	48	3	33	5.5	15	2.5	0		0	0.0
Alvin Kamara	NOR	8	4	23	1	0	0.0	23	5.8	0		1	12.5
Jared Cook	NOR	6	3	85	3	32	10.7	53	17.7	1	3.0	1	16.7
Tre'Quan Smith	NOR	2	2	14	1	11	5.5	3	1.5	0		0	0.0
Taysom Hill	NOR	2	2	12	2	-3	-1.5	15	7.5	0		0	0.0
Josh Hill	NOR	2	1	2		2	2.0	0	0.0	0		0	0.0
Ted Ginn	NOR	1	0	0		0		0		0		1	100.0
Player	Tm	Tgt	Rec	Yds	1D	YBC	YBC/R	YAC	YAC/R	BrkTkl	Rec/Br	Drop	Drop%
Calvin Ridley	ATL	10	8	91	6	87	10.9	4	0.5	0		0	0.0
Christian Blake	ATL	9	6	57	4	45	7.5	12	2.0	0		0	0.0
Russell Gage	ATL	9	5	52	2	26	5.2	26	5.2	0		0	0.0
Devonta Freeman	ATL	5	4	13		8	2.0	5	1.3	0		0	0.0
Jaeden Graham	ATL	4	4	41	2	34	8.5	7	1.8	0		0	0.0
Brian Hill	ATL	3	3	24	2	4	1.3	20	6.7	0		0	0.0
Justin Hardy	ATL	3	3	28	1	26	8.7	2	0.7	0		0	0.0
Kenjon Barner	ATL	2	2	6	1	-7	-3.5	13	6.5	0		0	0.0
Keith Smith	ATL	1	0	0	0	0		0		0		0	0.0
Olamide Zaccheaus	ATL	1	0	0		0		0		0		0	0.0"
advanced_defense
"Marshon Lattimore	NOR	0	10	6	60.0%	71	11.8	7.1	0	81.7	11.8	63	8	0	0	0	0.0	0	9	0	0.0%
Eli Apple	NOR	0	8	6	75.0%	58	9.7	7.3	0	94.8	5.6	41	17	0	0	0	0.0	0	9	1	10.0%
P.J. Williams	NOR	0	7	5	71.4%	37	7.4	5.3	1	123.2	7.1	31	6	7	1	0	0.0	1	3	2	40.0%
Demario Davis	NOR	0	7	5	71.4%	46	9.2	6.6	0	89.0	8.0	21	25	16	0	1	0.0	1	8	1	11.1%
Vonn Bell	NOR	0	4	4	100.0%	21	5.3	5.3	0	88.5	5.0	20	1	1	0	0	0.0	0	4	1	20.0%
Chauncey Gardner-Johnson	NOR	1	3	3	100.0%	31	10.3	10.3	0	70.1	5.0	15	16	3	0	1	0.0	1	1	0	0.0%
Craig Robertson	NOR	0	3	3	100.0%	13	4.3	4.3	0	84.7	2.7	8	5	2	0	0	1.0	1	7	1	12.5%
Marcus Williams	NOR	0	5	3	60.0%	36	12.0	7.2	1	121.7	8.8	36	0	1	0	0	0.0	0	7	0	0.0%
Sheldon Rankins	NOR	0	1	1	100.0%	12	12.0	12.0	0	116.7	-1.0	-1	13	0	0	1	1.0	2	3	0	0.0%
Cameron Jordan	NOR	0	0	0										0	1	0	4.0	5	6	0	0.0%
Marcus Davenport	NOR	0	0	0										0	1	0	2.0	3	4	0	0.0%
Trey Hendrickson	NOR	0	0	0										0	0	1	1.0	2	4	0	0.0%
Kiko Alonso	NOR	0	0	0										2	1	0	0.0	1	3	0	0.0%
Stephone Anthony	NOR	0	1	0	0.0%					39.6	-2.0			1	0	0	0.0	0	1	0	0.0%
Player	Tm	Int	Tgt	Cmp	Cmp%	Yds	Yds/Cmp	Yds/Tgt	TD	Rat	DADOT	Air	YAC	Bltz	Hrry	QBKD	Sk	Prss	Comb	MTkl	MTkl%
Kendall Sheffield	ATL	0	5	4	80.0%	26	6.5	5.2	1	127.9	2.2	-3	29	0	1	0	0.0	1	3	0	0.0%
Ricardo Allen	ATL	0	6	4	66.7%	55	13.8	9.2	0	95.8	11.8	17	38	1	0	0	0.0	0	5	1	16.7%
Desmond Trufant	ATL	0	4	3	75.0%	25	8.3	6.3	0	90.6	6.8	21	4	0	0	0	0.0	0	2	0	0.0%
Deion Jones	ATL	0	7	2	28.6%	9	4.5	1.3	0	39.6	2.0	5	4	5	1	0	0.0	1	9	0	0.0%
De'Vondre Campbell	ATL	0	2	2	100.0%	25	12.5	12.5	0	118.7	7.5	15	10	5	0	0	0.0	0	3	0	0.0%
Isaiah Oliver	ATL	0	3	2	66.7%	18	9.0	6.0	0	82.6	4.0	2	16	0	0	0	0.0	0	1	0	0.0%
Foyesade Oluokun	ATL	0	2	2	100.0%	31	15.5	15.5	0	118.7	10.0	20	11	3	0	0	0.0	0	3	0	0.0%
Damontae Kazee	ATL	0	0	0										0	0	0	0.0	0	4	1	20.0%"
