advanced_rushing = document.querySelectorAll("#rushing_advanced > tbody")[0].innerText;
advanced_receiving = document.querySelectorAll("#receiving_advanced > tbody")[0].innerText;
advanced_defense = document.querySelectorAll("#defense_advanced > tbody")[0].innerText;
advanced_passing = document.querySelectorAll("#passing_advanced > tbody")[0].innerText;
"Ryan Tannehill	TEN	17	22	182	7	25.0	167	7.6	108	6.4	4.9	74	4.4	2	9.5%	1	4.8%	6	8	4	0	1	8.0
Player	Tm	Cmp	Att	Yds	1D	1D%	IAY	IAY/PA	CAY	CAY/Cmp	CAY/PA	YAC	YAC/Cmp	Drops	Drop%	BadTh	Bad%	Sk	Bltz	Hrry	Hits	Scrm	Yds/Scr
Jacoby Brissett	IND	25	40	319	15	34.9	322	8.1	168	6.7	4.2	151	6.0	3	7.9%	9	23.7%	3	10	10	6	0	"
advanced_rushing
"Derrick Henry	TEN	26	149	6	53	2.0	96	3.7	4	6.5
Ryan Tannehill	TEN	4	5	1	5	1.3	0	0.0	0	
Player	Tm	Att	Yds	1D	YBC	YBC/Att	YAC	YAC/Att	BrkTkl	Att/Br
Jordan Wilkins	IND	11	47	2	34	3.1	13	1.2	1	11.0
Jonathan Williams	IND	8	14	2	5	0.6	9	1.1	1	8.0
Nyheim Hines	IND	4	22	2	5	1.3	17	4.3	2	2.0
Jacoby Brissett	IND	1	-1	0	-1	-1.0	0	0.0	0	"
advanced_receiving
"A.J. Brown	TEN	4	3	45	2	28	9.3	17	5.7	0		0	0.0
Anthony Firkser	TEN	4	3	22	2	13	4.3	9	3.0	0		1	25.0
Derrick Henry	TEN	3	3	17	0	0	0.0	17	5.7	0		0	0.0
Jonnu Smith	TEN	2	2	0		-2	-1.0	2	1.0	0		0	0.0
Cody Hollister	TEN	2	2	13		10	5.0	3	1.5	0		0	0.0
Corey Davis	TEN	2	1	23	1	15	15.0	8	8.0	1	1.0	1	50.0
Kalif Raymond	TEN	1	1	40	1	40	40.0	0	0.0	0		0	0.0
Dion Lewis	TEN	1	1	9		-4	-4.0	13	13.0	0		0	0.0
Adam Humphries	TEN	2	1	13	1	8	8.0	5	5.0	0		0	0.0
Player	Tm	Tgt	Rec	Yds	1D	YBC	YBC/R	YAC	YAC/R	BrkTkl	Rec/Br	Drop	Drop%
Zach Pascal	IND	10	7	109	7	61	8.7	48	6.9	1	7.0	1	10.0
Jack Doyle	IND	11	6	73	3	56	9.3	17	2.8	0		1	9.1
Marcus Johnson	IND	6	4	55	3	37	9.3	18	4.5	0		0	0.0
Nyheim Hines	IND	2	2	18	1	-2	-1.0	20	10.0	0		0	0.0
Ross Travis	IND	3	2	31		15	7.5	16	8.0	0		0	0.0
Jordan Wilkins	IND	3	2	9	0	-1	-0.5	10	5.0	0		1	33.3
Ashton Dulin	IND	1	1	13		-3	-3.0	16	16.0	0		0	0.0
Jonathan Williams	IND	1	1	11	1	5	5.0	6	6.0	0		0	0.0"
advanced_defense
"Jayon Brown	TEN	0	6	5	83.3%	72	14.4	12.0	0	116.7	4.7	22	50	1	0	0	0.0	0	9	0	0.0%
Tye Smith	TEN	0	6	4	66.7%	50	12.5	8.3	0	92.4	5.2	28	22	0	0	0	0.0	0	7	0	0.0%
Logan Ryan	TEN	1	5	3	60.0%	28	9.3	5.6	0	35.8	14.0	20	8	3	1	1	0.0	2	7	2	22.2%
Rashaan Evans	TEN	0	4	3	75.0%	47	15.7	11.8	1	153.1	9.3	32	15	3	0	1	0.0	1	2	1	33.3%
Kareem Orr	TEN	0	5	3	60.0%	26	8.7	5.2	0	73.7	8.0	10	16	0	0	0	0.0	0	8	0	0.0%
DaQuan Jones	TEN	0	2	2	100.0%	16	8.0	8.0	0	100.0	6.0	12	4	0	1	0	0.0	1	3	2	40.0%
Kevin Byard	TEN	1	3	2	66.7%	37	18.5	12.3	0	69.4	10.0	20	17	1	0	0	0.0	0	2	1	33.3%
Kamalei Correa	TEN	0	1	1	100.0%	11	11.0	11.0	0	112.5	5.0	5	6	1	1	0	1.0	2	5	1	16.7%
Kenny Vaccaro	TEN	0	2	1	50.0%	7	7.0	3.5	0	58.3	8.5	1	6	1	1	0	0.0	1	4	0	0.0%
Adoree' Jackson	TEN	0	1	1	100.0%	20	20.0	20.0	0	118.7	14.0	14	6	0	0	0	0.0	0	2	1	33.3%
Amani Hooker	TEN	0	4	1	25.0%	12	12.0	3.0	0	39.6	8.3	11	1	0	0	0	0.0	0	1	0	0.0%
Harold Landry	TEN	0	0	0										2	3	1	1.0	5	5	1	16.7%
Jurrell Casey	TEN	0	0	0										0	1	2	1.0	4	4	0	0.0%
Jeffery Simmons	TEN	0	0	0										0	2	0	0.0	2	4	0	0.0%
Austin Johnson	TEN	0	0	0										0	0	1	0.0	1	2	0	0.0%
Wesley Woodyard	TEN	0	0	0										1	0	0	0.0	0	1	0	0.0%
Player	Tm	Int	Tgt	Cmp	Cmp%	Yds	Yds/Cmp	Yds/Tgt	TD	Rat	DADOT	Air	YAC	Bltz	Hrry	QBKD	Sk	Prss	Comb	MTkl	MTkl%
Darius Leonard	IND	0	3	3	100.0%	40	13.3	13.3	0	118.7	6.3	19	21	6	2	0	2.0	5	12	1	7.7%
Kenny Moore	IND	0	3	3	100.0%	33	11.0	11.0	1	152.1	4.3	13	20	2	0	0	0.5	1	4	1	20.0%
Pierre Desir	IND	0	5	3	60.0%	40	13.3	8.0	0	85.4	10.8	38	2	0	0	0	0.0	0	6	0	0.0%
Khari Willis	IND	0	3	3	100.0%	24	8.0	8.0	0	100.0	0.7	2	22	0	0	0	0.0	0	3	2	40.0%
Bobby Okereke	IND	0	2	2	100.0%	-2	-1.0	-1.0	0	79.2	-4.0	-8	6	1	0	0	1.0	1	4	0	0.0%
Anthony Walker	IND	0	3	2	66.7%	9	4.5	3.0	0	70.1	4.7	9	0	1	0	0	0.5	1	11	1	8.3%
Rolan Milligan	IND	0	2	1	50.0%	40	40.0	20.0	1	135.4	35.5	40	0	0	0	0	0.0	0	0	0	
Rock Ya-Sin	IND	0	1	1	100.0%	2	2.0	2.0	0	79.2	-1.0	-1	3	0	0	0	0.0	0	1	1	50.0%
Denico Autry	IND	0	0	0										1	1	0	1.0	3	6	1	14.3%
Jabaal Sheard	IND	0	0	0										0	0	0	1.0	1	1	0	0.0%
Malik Hooker	IND	0	0	0										0	0	0	0.0	0	4	3	42.9%"
