advanced_rushing = document.querySelectorAll("#rushing_advanced > tbody")[0].innerText;
advanced_receiving = document.querySelectorAll("#receiving_advanced > tbody")[0].innerText;
advanced_defense = document.querySelectorAll("#defense_advanced > tbody")[0].innerText;
advanced_passing = document.querySelectorAll("#passing_advanced > tbody")[0].innerText;
"Philip Rivers	LAC	20	29	265	11	34.4	200	6.9	156	7.8	5.4	109	5.5	0	0.0%	5	18.5%	3	7	1	2	0	
Player	Tm	Cmp	Att	Yds	1D	1D%	IAY	IAY/PA	CAY	CAY/Cmp	CAY/PA	YAC	YAC/Cmp	Drops	Drop%	BadTh	Bad%	Sk	Bltz	Hrry	Hits	Scrm	Yds/Scr
Drew Lock	DEN	18	28	134	8	28.6	184	6.6	80	4.4	2.9	54	3.0	1	3.8%	5	19.2%	0	7	4	0	3	5.0"
advanced_rushing
"Melvin Gordon	LAC	20	99	5	43	2.2	56	2.8	0	
Austin Ekeler	LAC	9	16	0	3	0.3	13	1.4	0	
Player	Tm	Att	Yds	1D	YBC	YBC/Att	YAC	YAC/Att	BrkTkl	Att/Br
Phillip Lindsay	DEN	17	58	2	19	1.1	39	2.3	2	8.5
Royce Freeman	DEN	5	11		5	1.0	6	1.2	0	
Drew Lock	DEN	3	15	1	15	5.0	0	0.0	0	"
advanced_receiving
"Keenan Allen	LAC	6	6	68	3	47	7.8	21	3.5	0		0	0.0
Mike Williams	LAC	7	5	117	4	97	19.4	20	4.0	0		0	0.0
Austin Ekeler	LAC	5	4	51	3	7	1.8	44	11.0	0		0	0.0
Melvin Gordon	LAC	3	2	11	0	-8	-4.0	19	9.5	0		0	0.0
Hunter Henry	LAC	3	2	10		8	4.0	2	1.0	0		0	0.0
Andre Patton	LAC	2	1	8	1	5	5.0	3	3.0	0		0	0.0
Virgil Green	LAC	1	0	0		0		0		0		0	0.0
Player	Tm	Tgt	Rec	Yds	1D	YBC	YBC/R	YAC	YAC/R	BrkTkl	Rec/Br	Drop	Drop%
Royce Freeman	DEN	4	4	13		-8	-2.0	21	5.3	0		0	0.0
Courtland Sutton	DEN	5	4	74	3	72	18.0	2	0.5	0		0	0.0
Jeff Heuerman	DEN	5	3	15	3	13	4.3	2	0.7	0		0	0.0
Phillip Lindsay	DEN	3	3	4	0	-12	-4.0	16	5.3	0		0	0.0
DaeSean Hamilton	DEN	3	2	12	1	11	5.5	1	0.5	0		1	33.3
Andrew Beck	DEN	1	1	11	1	-1	-1.0	12	12.0	0		0	0.0
Noah Fant	DEN	3	1	5		5	5.0	0	0.0	0		0	0.0
Tim Patrick	DEN	2	0	0		0		0		0		0	0.0"
advanced_defense
"Adrian Phillips	LAC	0	4	4	100.0%	23	5.8	5.8	0	90.6	2.8	11	12	1	0	0	0.0	0	4	0	0.0%
Casey Hayward	LAC	0	3	3	100.0%	41	13.7	13.7	2	158.3	13.3	40	1	0	0	0	0.0	0	1	0	0.0%
Thomas Davis	LAC	0	5	3	60.0%	14	4.7	2.8	0	64.6	7.8	-1	15	0	0	0	0.0	0	6	0	0.0%
Drue Tranquill	LAC	0	3	2	66.7%	-3	-1.5	-1.0	0	70.1	5.0	-4	1	0	0	0	0.0	0	7	1	12.5%
Desmond King	LAC	0	4	2	50.0%	34	17.0	8.5	0	79.2	15.0	27	7	0	0	0	0.0	0	4	0	0.0%
Brandon Facyson	LAC	0	3	2	66.7%	10	5.0	3.3	0	71.5	3.7	8	2	0	0	0	0.0	0	9	0	0.0%
Melvin Ingram	LAC	0	1	1	100.0%	4	4.0	4.0	0	83.3	1.0	1	3	0	1	0	0.0	1	3	0	0.0%
Denzel Perryman	LAC	1	2	1	50.0%	7	7.0	3.5	0	18.7	9.5	7	0	0	0	0	0.0	0	4	0	0.0%
Derwin James	LAC	0	1	1	100.0%	9	9.0	9.0	0	104.2	-4.0	-4	13	6	0	0	0.0	0	4	0	0.0%
Joey Bosa	LAC	0	0	0										0	4	0	0.0	4	1	1	50.0%
Brandon Mebane	LAC	0	0	0										0	2	0	0.0	2	1	0	0.0%
Justin Jones	LAC	0	0	0										0	1	0	0.0	1	1	0	0.0%
Rayshawn Jenkins	LAC	0	1	0	0.0%					39.6	21.0			0	0	0	0.0	0	1	0	0.0%
Kyzir White	LAC	0	2	0	0.0%					39.6	2.5			0	0	0	0.0	0	3	0	0.0%
Player	Tm	Int	Tgt	Cmp	Cmp%	Yds	Yds/Cmp	Yds/Tgt	TD	Rat	DADOT	Air	YAC	Bltz	Hrry	QBKD	Sk	Prss	Comb	MTkl	MTkl%
Isaac Yiadom	DEN	0	7	5	71.4%	114	22.8	16.3	0	113.7	21.0	93	21	0	0	0	0.0	0	7	2	22.2%
Chris Harris	DEN	0	5	4	80.0%	32	8.0	6.4	0	93.3	6.2	29	3	0	0	0	0.0	0	7	0	0.0%
Todd Davis	DEN	0	7	4	57.1%	55	13.8	7.9	1	122.0	3.6	25	30	0	0	0	0.0	0	10	0	0.0%
Justin Simmons	DEN	0	4	3	75.0%	64	21.3	16.0	0	116.7	10.8	43	21	0	0	0	0.0	0	5	0	0.0%
Kareem Jackson	DEN	0	2	2	100.0%	11	5.5	5.5	0	89.6	-4.0	-8	19	0	0	0	0.0	0	6	0	0.0%
Jeremiah Attaochu	DEN	0	1	1	100.0%	11	11.0	11.0	0	112.5	-5.0	-5	16	0	0	1	0.0	1	3	1	25.0%
Will Parks	DEN	0	1	1	100.0%	4	4.0	4.0	0	83.3	-2.0	-2	6	3	0	0	1.0	1	4	0	0.0%
Alexander Johnson	DEN	0	1	1	100.0%	-5	-5.0	-5.0	0	79.2	-5.0	-5	0	4	0	0	0.0	0	9	0	0.0%
Derek Wolfe	DEN	0	0	0										0	0	1	2.0	3	5	0	0.0%
Malik Reed	DEN	0	0	0										0	2	0	0.0	2	2	0	0.0%
Justin Hollins	DEN	0	1	0	0.0%					39.6	-5.0			0	1	0	0.0	1	3	0	0.0%"
