advanced_rushing = document.querySelectorAll("#rushing_advanced > tbody")[0].innerText;
advanced_receiving = document.querySelectorAll("#receiving_advanced > tbody")[0].innerText;
advanced_defense = document.querySelectorAll("#defense_advanced > tbody")[0].innerText;
advanced_passing = document.querySelectorAll("#passing_advanced > tbody")[0].innerText;
"Tom Brady	NWE	24	47	326	16	32.0	498	10.6	198	8.3	4.2	128	5.3	2	4.8%	8	19.0%	3	12	5	0	1	13.0
Player	Tm	Cmp	Att	Yds	1D	1D%	IAY	IAY/PA	CAY	CAY/Cmp	CAY/PA	YAC	YAC/Cmp	Drops	Drop%	BadTh	Bad%	Sk	Bltz	Hrry	Hits	Scrm	Yds/Scr
Deshaun Watson	HOU	18	25	234	11	39.3	195	7.8	123	6.8	4.9	111	6.2	0	0.0%	3	13.0%	3	17	3	0	1	2.0
DeAndre Hopkins	HOU	1	1	6	1	100.0	0	0.0	0	0.0	0.0	6	6.0	0	0.0%	0	0.0%	0	1	0	0	0	"
advanced_rushing
"James White	NWE	14	79	5	49	3.5	30	2.1	0	
Sony Michel	NWE	10	45	2	26	2.6	19	1.9	0	
Rex Burkhead	NWE	3	15	1	10	3.3	5	1.7	0	
Tom Brady	NWE	1	13	1	13	13.0	0	0.0	0	
Julian Edelman	NWE	1	-7	0	-7	-7.0	0	0.0	0	
Player	Tm	Att	Yds	1D	YBC	YBC/Att	YAC	YAC/Att	BrkTkl	Att/Br
Carlos Hyde	HOU	10	17	1	8	0.8	9	0.9	1	10.0
Duke Johnson	HOU	9	36	1	10	1.1	26	2.9	0	
Deshaun Watson	HOU	4	-1	0	-1	-0.3	0	0.0	0	"
advanced_receiving
"James White	NWE	11	8	98	4	29	3.6	69	8.6	0		0	0.0
Julian Edelman	NWE	11	6	106	6	76	12.7	30	5.0	0		0	0.0
Mohamed Sanu	NWE	5	3	14	1	13	4.3	1	0.3	0		1	20.0
Jakobi Meyers	NWE	7	3	46	2	42	14.0	4	1.3	0		0	0.0
Phillip Dorsett	NWE	6	2	15	1	15	7.5	0	0.0	0		0	0.0
Ben Watson	NWE	1	1	23	1	7	7.0	16	16.0	1	1.0	0	0.0
Matt LaCosse	NWE	2	1	24	1	16	16.0	8	8.0	0		1	50.0
Rex Burkhead	NWE	1	0	0	0	0		0		0		0	0.0
N'Keal Harry	NWE	1	0	0		0		0		0		0	0.0
Player	Tm	Tgt	Rec	Yds	1D	YBC	YBC/R	YAC	YAC/R	BrkTkl	Rec/Br	Drop	Drop%
Duke Johnson	HOU	6	5	54	2	10	2.0	44	8.8	0		0	0.0
DeAndre Hopkins	HOU	8	5	64	4	41	8.2	23	4.6	0		0	0.0
Kenny Stills	HOU	4	3	61	2	56	18.7	5	1.7	0		0	0.0
Darren Fells	HOU	3	2	23	2	9	4.5	14	7.0	0		0	0.0
Carlos Hyde	HOU	1	1	5	0	0	0.0	5	5.0	0		0	0.0
Will Fuller	HOU	2	1	8		6	6.0	2	2.0	1	1.0	0	0.0
Deshaun Watson	HOU	1	1	6	1	0	0.0	6	6.0	0		0	0.0
Jordan Akins	HOU	1	1	19	1	1	1.0	18	18.0	1	1.0	0	0.0"
advanced_defense
"Patrick Chung	NWE	0	6	5	83.3%	61	12.2	10.2	0	109.0	6.5	32	29	6	0	0	0.0	0	5	2	28.6%
Stephon Gilmore	NWE	0	5	4	80.0%	47	11.8	9.4	0	105.8	6.6	24	23	0	0	0	0.0	0	3	0	0.0%
Jonathan Jones	NWE	0	5	3	60.0%	61	20.3	12.2	1	142.5	20.0	56	5	0	0	0	0.0	0	3	0	0.0%
Dont'a Hightower	NWE	0	3	2	66.7%	21	10.5	7.0	1	126.4	0.0	3	18	13	2	0	1.0	3	6	0	0.0%
Kyle Van Noy	NWE	0	2	2	100.0%	19	9.5	9.5	1	145.8	2.5	5	14	13	1	0	1.0	2	3	0	0.0%
Ja'Whaun Bentley	NWE	0	1	1	100.0%	10	10.0	10.0	0	108.3	6.0	6	4	3	0	0	0.0	0	3	0	0.0%
Devin McCourty	NWE	0	2	1	50.0%	15	15.0	7.5	0	75.0	3.0	-3	18	0	0	0	0.0	0	2	0	0.0%
Chase Winovich	NWE	0	0	0										0	0	0	1.0	1	1	1	50.0%
John Simon	NWE	0	0	0										0	1	0	0.0	1	5	0	0.0%
Elandon Roberts	NWE	0	0	0										1	0	0	0.0	0	1	0	0.0%
Duron Harmon	NWE	0	0	0										2	0	0	0.0	0	1	0	0.0%
Jamie Collins	NWE	0	0	0										7	0	0	0.0	0	3	0	0.0%
Shilique Calhoun	NWE	0	0	0										7	0	0	0.0	0	1	1	50.0%
J.C. Jackson	NWE	0	1	0	0.0%					39.6	6.0			1	0	0	0.0	0	1	1	50.0%
Player	Tm	Int	Tgt	Cmp	Cmp%	Yds	Yds/Cmp	Yds/Tgt	TD	Rat	DADOT	Air	YAC	Bltz	Hrry	QBKD	Sk	Prss	Comb	MTkl	MTkl%
Vernon Hargreaves	HOU	0	10	7	70.0%	86	12.3	8.6	1	129.6	12.3	62	24	0	0	0	0.0	0	6	1	14.3%
Johnathan Joseph	HOU	0	7	5	71.4%	37	7.4	5.3	0	83.6	8.1	34	3	0	0	0	0.0	0	4	2	33.3%
Lonnie Johnson	HOU	0	7	4	57.1%	30	7.5	4.3	0	67.6	17.9	30	0	0	0	0	0.0	0	6	0	0.0%
Bradley Roby	HOU	1	7	3	42.9%	36	12.0	5.1	0	19.6	7.1	19	17	2	0	0	1.0	1	4	2	33.3%
Benardrick McKinney	HOU	0	3	2	66.7%	35	17.5	11.7	1	145.8	12.7	26	9	7	0	0	0.0	0	7	0	0.0%
Charles Omenihu	HOU	0	1	1	100.0%	4	4.0	4.0	0	83.3	4.0	4	0	0	2	0	0.0	2	3	0	0.0%
Whitney Mercilus	HOU	0	1	1	100.0%	44	44.0	44.0	0	118.7	17.0	17	27	12	1	0	0.0	1	1	0	0.0%
Zach Cunningham	HOU	0	3	1	33.3%	6	6.0	2.0	0	42.4	4.0	5	1	6	0	0	0.5	1	7	0	0.0%
Justin Reid	HOU	0	2	1	50.0%	12	12.0	6.0	1	108.3	6.5	1	11	1	0	0	0.0	0	6	0	0.0%
Jacob Martin	HOU	0	0	0										6	1	0	1.5	3	3	0	0.0%
Barkevious Mingo	HOU	0	1	0	0.0%					39.6	3.0			4	2	0	0.0	2	0	0	
Tashaun Gipson	HOU	0	2	0	0.0%					39.6	20.5			1	0	0	0.0	0	6	0	0.0%"
