advanced_rushing = document.querySelectorAll("#rushing_advanced > tbody")[0].innerText;
advanced_receiving = document.querySelectorAll("#receiving_advanced > tbody")[0].innerText;
advanced_defense = document.querySelectorAll("#defense_advanced > tbody")[0].innerText;
advanced_passing = document.querySelectorAll("#passing_advanced > tbody")[0].innerText;
"Jameis Winston	TAM	21	33	268	12	32.4	337	10.2	158	7.5	4.8	110	5.2	1	3.0%	8	24.2%	4	18	3	4	1	2.0
Player	Tm	Cmp	Att	Yds	1D	1D%	IAY	IAY/PA	CAY	CAY/Cmp	CAY/PA	YAC	YAC/Cmp	Drops	Drop%	BadTh	Bad%	Sk	Bltz	Hrry	Hits	Scrm	Yds/Scr
Gardner Minshew	JAX	16	27	147	7	24.1	106	3.9	69	4.3	2.6	78	4.9	0	0.0%	7	26.9%	2	9	0	4	1	4.0
Nick Foles	JAX	7	14	93	3	17.6	108	7.7	41	5.9	2.9	52	7.4	1	8.3%	1	8.3%	3	7	1	1	0	"
advanced_rushing
"Peyton Barber	TAM	17	44	3	27	1.6	17	1.0	0	
Ronald Jones	TAM	6	8		3	0.5	5	0.8	0	
Jameis Winston	TAM	6	20	2	13	2.2	7	1.2	0	
T.J. Logan	TAM	1	2		1	1.0	1	1.0	0	
Dare Ogunbowale	TAM	1	0		0	0.0	0	0.0	0	
Player	Tm	Att	Yds	1D	YBC	YBC/Att	YAC	YAC/Att	BrkTkl	Att/Br
Leonard Fournette	JAX	14	38	1	10	0.7	28	2.0	2	7.0
Gardner Minshew	JAX	2	8	0	8	4.0	0	0.0	0	
Nick Foles	JAX	1	3	1	0	0.0	3	3.0	0	"
advanced_receiving
"O.J. Howard	TAM	6	5	61	2	54	10.8	7	1.4	0		0	0.0
Breshad Perriman	TAM	6	5	87	4	70	14.0	17	3.4	0		0	0.0
Mike Evans	TAM	11	4	53	3	31	7.8	22	5.5	0		1	9.1
Chris Godwin	TAM	6	4	50	2	1	0.3	49	12.3	1	4.0	0	0.0
Dare Ogunbowale	TAM	2	2	12		-3	-1.5	15	7.5	0		0	0.0
Cameron Brate	TAM	1	1	5	1	5	5.0	0	0.0	0		0	0.0
Justin Watson	TAM	1	0	0		0		0		0		0	0.0
Player	Tm	Tgt	Rec	Yds	1D	YBC	YBC/R	YAC	YAC/R	BrkTkl	Rec/Br	Drop	Drop%
Leonard Fournette	JAX	11	9	53	1	0	0.0	53	5.9	3	3.0	1	9.1
Dede Westbrook	JAX	8	5	60	3	35	7.0	25	5.0	0		0	0.0
Chris Conley	JAX	5	4	57	3	29	7.3	28	7.0	1	4.0	0	0.0
DJ Chark	JAX	5	2	47	2	34	17.0	13	6.5	1	2.0	0	0.0
Keelan Cole	JAX	2	1	11	1	8	8.0	3	3.0	0		0	0.0
Nick O'Leary	JAX	4	1	6		2	2.0	4	4.0	0		0	0.0
Michael Walker	JAX	2	1	6		2	2.0	4	4.0	0		0	0.0
Ryquell Armstead	JAX	1	0	0		0		0		0		0	0.0"
advanced_defense
"Ryan Smith	TAM	0	8	6	75.0%	77	12.8	9.6	0	104.7	7.6	33	44	0	0	0	0.0	0	3	3	50.0%
Devin White	TAM	1	5	3	60.0%	13	4.3	2.6	0	25.0	2.4	4	9	9	0	1	0.0	1	7	1	12.5%
Carlton Davis	TAM	0	5	3	60.0%	86	28.7	17.2	0	104.2	15.2	71	15	1	0	0	0.0	0	3	1	25.0%
Lavonte David	TAM	0	7	3	42.9%	20	6.7	2.9	0	50.3	2.0	1	19	3	0	0	0.0	0	7	2	22.2%
Mazzi Wilkins	TAM	0	2	2	100.0%	13	6.5	6.5	0	93.7	3.5	7	6	0	0	0	0.0	0	2	0	0.0%
Mike Edwards	TAM	0	2	2	100.0%	9	4.5	4.5	1	125.0	1.5	3	6	1	0	0	0.0	0	3	2	40.0%
Shaquil Barrett	TAM	0	1	1	100.0%	2	2.0	2.0	0	79.2	-1.0	-1	3	1	0	2	2.0	4	3	0	0.0%
Jason Pierre-Paul	TAM	0	0	0										0	0	2	1.0	3	3	0	0.0%
Sam Acho	TAM	0	0	0										0	0	0	1.0	1	1	0	0.0%
Jordan Whitehead	TAM	0	0	0										6	1	0	0.0	1	4	2	33.3%
Carl Nassib	TAM	0	0	0										0	0	0	1.0	1	3	0	0.0%
Sean Murphy-Bunting	TAM	1	3	0	0.0%					0.0	14.0			2	0	0	0.0	0	0	1	100.0%
Andrew Adams	TAM	0	1	0	0.0%					39.6	-1.0			1	0	0	0.0	0	1	0	0.0%
Player	Tm	Int	Tgt	Cmp	Cmp%	Yds	Yds/Cmp	Yds/Tgt	TD	Rat	DADOT	Air	YAC	Bltz	Hrry	QBKD	Sk	Prss	Comb	MTkl	MTkl%
Tre Herndon	JAX	0	7	4	57.1%	82	20.5	11.7	0	98.5	18.3	72	10	1	0	0	0.0	0	6	0	0.0%
A.J. Bouye	JAX	0	10	4	40.0%	74	18.5	7.4	0	66.2	13.8	30	44	0	0	0	0.0	0	3	0	0.0%
Jarrod Wilson	JAX	0	3	3	100.0%	42	14.0	14.0	0	118.7	8.3	25	17	2	0	0	0.0	0	6	0	0.0%
Donald Payne	JAX	0	3	2	66.7%	28	14.0	9.3	0	96.5	8.0	17	11	7	0	0	1.0	1	13	0	0.0%
Andrew Wingard	JAX	0	2	2	100.0%	20	10.0	10.0	0	108.3	10.0	20	0	4	0	0	1.0	1	6	0	0.0%
Josh Allen	JAX	0	1	1	100.0%	6	6.0	6.0	0	91.7	-1.0	-1	7	0	1	1	1.0	3	6	0	0.0%
D.J. Hayden	JAX	0	2	1	50.0%	7	7.0	3.5	0	58.3	7.5	5	2	5	1	0	0.0	1	2	1	33.3%
Yannick Ngakoue	JAX	0	1	1	100.0%	4	4.0	4.0	0	83.3	-4.0	-4	8	0	0	0	0.0	0	2	1	33.3%
Quincy Williams	JAX	0	2	1	50.0%	6	6.0	3.0	0	56.2	-2.0	-2	8	4	0	0	0.0	0	3	0	0.0%
Marcus Gilchrist	JAX	0	1	1	100.0%	5	5.0	5.0	0	87.5	5.0	5	0	1	0	0	0.0	0	1	0	0.0%
Taven Bryan	JAX	0	0	0										0	1	1	0.0	2	3	1	25.0%
Leon Jacobs	JAX	0	0	0										4	0	0	1.0	1	3	0	0.0%
Akeem Spence	JAX	0	0	0										0	0	1	0.0	1	1	0	0.0%
Calais Campbell	JAX	0	0	0										0	0	1	0.0	1	6	0	0.0%"
