advanced_rushing = document.querySelectorAll("#rushing_advanced > tbody")[0].innerText;
advanced_receiving = document.querySelectorAll("#receiving_advanced > tbody")[0].innerText;
advanced_defense = document.querySelectorAll("#defense_advanced > tbody")[0].innerText;
advanced_passing = document.querySelectorAll("#passing_advanced > tbody")[0].innerText;
"Derek Carr	OAK	20	30	222	11	34.4	170	5.7	93	4.7	3.1	129	6.5	0	0.0%	3	11.1%	2	8	11	0	2	3.5
Player	Tm	Cmp	Att	Yds	1D	1D%	IAY	IAY/PA	CAY	CAY/Cmp	CAY/PA	YAC	YAC/Cmp	Drops	Drop%	BadTh	Bad%	Sk	Bltz	Hrry	Hits	Scrm	Yds/Scr
Patrick Mahomes	KAN	15	29	175	10	33.3	259	8.9	75	5.0	2.6	100	6.7	3	11.1%	8	29.6%	1	5	12	1	2	10.5"
advanced_rushing
"Josh Jacobs	OAK	17	104	5	56	3.3	48	2.8	2	8.5
Derek Carr	OAK	3	7	1	7	2.3	0	0.0	0	
DeAndre Washington	OAK	2	5	0	4	2.0	1	0.5	0	
Trevor Davis	OAK	1	0		0	0.0	0	0.0	0	
Alec Ingold	OAK	1	4	1	4	4.0	0	0.0	0	
Jalen Richard	OAK	1	2	1	2	2.0	0	0.0	0	
Player	Tm	Att	Yds	1D	YBC	YBC/Att	YAC	YAC/Att	BrkTkl	Att/Br
Darwin Thompson	KAN	11	44	3	13	1.2	31	2.8	0	
Darrel Williams	KAN	6	13	2	7	1.2	6	1.0	0	
LeSean McCoy	KAN	5	10	2	2	0.4	8	1.6	0	
Patrick Mahomes	KAN	3	25	1	25	8.3	0	0.0	0	
Mecole Hardman	KAN	1	9		9	9.0	0	0.0	0	
Tyreek Hill	KAN	1	-4	0	-4	-4.0	0	0.0	0	
Matt Moore	KAN	1	-1		-1	-1.0	0	0.0	0	
Anthony Sherman	KAN	1	0	0	0	0.0	0	0.0	0	"
advanced_receiving
"Darren Waller	OAK	9	7	100	4	66	9.4	34	4.9	2	3.5	0	0.0
DeAndre Washington	OAK	3	3	44	1	7	2.3	37	12.3	0		0	0.0
Derek Carrier	OAK	2	2	10	2	4	2.0	6	3.0	0		0	0.0
Alec Ingold	OAK	2	2	13	1	1	0.5	12	6.0	0		0	0.0
Zay Jones	OAK	3	2	14		9	4.5	5	2.5	0		0	0.0
Keelan Doss	OAK	1	1	11	1	0	0.0	11	11.0	0		0	0.0
Foster Moreau	OAK	1	1	15	1	0	0.0	15	15.0	1	1.0	0	0.0
Jalen Richard	OAK	2	1	6	1	4	4.0	2	2.0	0		0	0.0
Tyrell Williams	OAK	4	1	9		2	2.0	7	7.0	0		0	0.0
Player	Tm	Tgt	Rec	Yds	1D	YBC	YBC/R	YAC	YAC/R	BrkTkl	Rec/Br	Drop	Drop%
Tyreek Hill	KAN	8	5	55	4	18	3.6	37	7.4	0		1	12.5
Travis Kelce	KAN	9	5	90	4	62	12.4	28	5.6	0		2	22.2
LeSean McCoy	KAN	3	3	20	0	-3	-1.0	23	7.7	0		0	0.0
Anthony Sherman	KAN	1	1	7	1	3	3.0	4	4.0	0		0	0.0
Darrel Williams	KAN	2	1	3	1	-5	-5.0	8	8.0	0		0	0.0
Blake Bell	KAN	1	0	0		0		0		0		0	0.0
Sammy Watkins	KAN	3	0	0		0		0		0		0	0.0"
advanced_defense
"Nicholas Morrow	OAK	0	6	5	83.3%	44	8.8	7.3	0	97.2	3.3	20	24	2	0	1	0.0	1	5	0	0.0%
Trayvon Mullen	OAK	0	6	2	33.3%	19	9.5	3.2	0	43.1	5.2	-4	23	1	0	0	0.0	0	3	0	0.0%
Tahir Whitehead	OAK	0	3	2	66.7%	50	25.0	16.7	1	149.3	18.3	19	31	1	0	0	0.0	0	1	0	0.0%
Erik Harris	OAK	0	3	2	66.7%	18	9.0	6.0	0	82.6	8.0	15	3	1	0	0	0.0	0	6	1	14.3%
Lamarcus Joyner	OAK	0	3	2	66.7%	14	7.0	4.7	0	77.1	6.3	4	10	0	0	0	0.0	0	1	0	0.0%
Daryl Worley	OAK	0	3	1	33.3%	13	13.0	4.3	0	47.9	6.7	5	8	1	1	0	0.0	1	2	0	0.0%
D.J. Swearinger	OAK	0	1	1	100.0%	14	14.0	14.0	0	118.7	12.0	12	2	1	1	0	0.0	1	3	1	25.0%
Nevin Lawson	OAK	0	2	1	50.0%	17	17.0	8.5	0	79.2	20.5	16	1	0	0	0	0.0	0	1	0	0.0%
Maurice Hurst	OAK	0	0	0										0	2	0	1.0	3	1	0	0.0%
Maxx Crosby	OAK	0	0	0										0	3	0	0.0	3	5	0	0.0%
P.J. Hall	OAK	0	0	0										0	2	0	0.0	2	2	1	33.3%
Clelin Ferrell	OAK	0	0	0										0	1	0	0.0	1	3	0	0.0%
Player	Tm	Int	Tgt	Cmp	Cmp%	Yds	Yds/Cmp	Yds/Tgt	TD	Rat	DADOT	Air	YAC	Bltz	Hrry	QBKD	Sk	Prss	Comb	MTkl	MTkl%
Daniel Sorensen	KAN	0	4	3	75.0%	41	13.7	10.3	0	107.3	5.8	8	33	0	0	0	0.0	0	4	1	20.0%
Kendall Fuller	KAN	0	3	3	100.0%	29	9.7	9.7	0	106.9	1.0	3	26	0	0	0	0.0	0	3	1	25.0%
Reggie Ragland	KAN	0	3	3	100.0%	27	9.0	9.0	0	104.2	1.3	4	23	5	0	0	0.0	0	5	1	16.7%
Juan Thornhill	KAN	1	2	2	100.0%	23	11.5	11.5	1	114.6	6.0	12	11	2	1	0	0.0	1	3	3	50.0%
Anthony Hitchens	KAN	0	3	2	66.7%	13	6.5	4.3	0	75.7	0.3	1	12	2	1	0	0.0	1	5	1	16.7%
Darron Lee	KAN	0	1	1	100.0%	12	12.0	12.0	0	116.7	6.0	6	6	2	0	0	0.0	0	1	0	0.0%
Bashaud Breeland	KAN	0	3	1	33.3%	6	6.0	2.0	0	42.4	5.0	5	1	0	0	0	0.0	0	2	0	0.0%
Tyrann Mathieu	KAN	1	2	1	50.0%	7	7.0	3.5	0	18.7	12.5	7	0	0	0	0	0.0	0	1	0	0.0%
Morris Claiborne	KAN	0	1	1	100.0%	19	19.0	19.0	0	118.7	12.0	12	7	0	0	0	0.0	0	3	0	0.0%
Ben Niemann	KAN	0	1	1	100.0%	9	9.0	9.0	0	104.2	2.0	2	7	1	0	0	0.0	0	3	0	0.0%
Charvarius Ward	KAN	0	2	1	50.0%	24	24.0	12.0	0	93.7	23.0	20	4	0	0	0	0.0	0	2	0	0.0%
Armani Watts	KAN	0	1	1	100.0%	13	13.0	13.0	0	118.7	12.0	12	1	1	0	0	0.0	0	1	0	0.0%
Tanoh Kpassagnon	KAN	0	0	0										1	1	0	1.0	2	5	0	0.0%
Khalen Saunders	KAN	0	0	0										0	1	0	0.0	1	3	0	0.0%
Mike Pennel	KAN	0	0	0										0	1	0	0.0	1	3	0	0.0%
Chris Jones	KAN	0	0	0										0	0	0	1.0	1	5	0	0.0%
Damien Wilson	KAN	0	1	0	0.0%					39.6	-2.0			4	1	0	0.0	1	2	0	0.0%
Derrick Nnadi	KAN	0	0	0										0	1	0	0.0	1	3	1	25.0%"
