advanced_rushing = document.querySelectorAll("#rushing_advanced > tbody")[0].innerText;
advanced_receiving = document.querySelectorAll("#receiving_advanced > tbody")[0].innerText;
advanced_defense = document.querySelectorAll("#defense_advanced > tbody")[0].innerText;
advanced_passing = document.querySelectorAll("#passing_advanced > tbody")[0].innerText;
"Aaron Rodgers	GNB	21	33	243	13	39.4	272	8.2	158	7.5	4.8	85	4.0	2	6.1%	9	27.3%	0	14	2	2	3	8.0
Player	Tm	Cmp	Att	Yds	1D	1D%	IAY	IAY/PA	CAY	CAY/Cmp	CAY/PA	YAC	YAC/Cmp	Drops	Drop%	BadTh	Bad%	Sk	Bltz	Hrry	Hits	Scrm	Yds/Scr
Daniel Jones	NYG	20	37	240	12	32.4	273	7.4	136	6.8	3.7	104	5.2	1	2.9%	10	28.6%	0	7	1	6	1	6.0"
advanced_rushing
"Aaron Jones	GNB	11	18		5	0.5	13	1.2	1	11.0
Jamaal Williams	GNB	10	41	1	14	1.4	27	2.7	1	10.0
Aaron Rodgers	GNB	3	24	1	19	6.3	5	1.7	0	
Tim Boyle	GNB	2	-4		-4	-2.0	0	0.0	0	
Player	Tm	Att	Yds	1D	YBC	YBC/Att	YAC	YAC/Att	BrkTkl	Att/Br
Saquon Barkley	NYG	19	83	3	28	1.5	55	2.9	2	9.5
Daniel Jones	NYG	5	6	3	3	0.6	3	0.6	0	
Elijhaa Penny	NYG	2	2	1	1	0.5	1	0.5	0	
Javorius Allen	NYG	1	4		2	2.0	2	2.0	0	"
advanced_receiving
"Davante Adams	GNB	10	6	64	5	45	7.5	19	3.2	1	6.0	1	10.0
Jamaal Williams	GNB	4	4	26	1	-5	-1.3	31	7.8	2	2.0	0	0.0
Aaron Jones	GNB	6	4	13		-12	-3.0	25	6.3	0		1	16.7
Allen Lazard	GNB	3	3	103	3	95	31.7	8	2.7	0		0	0.0
Geronimo Allison	GNB	3	2	20	2	20	10.0	0	0.0	0		0	0.0
Jimmy Graham	GNB	1	1	16	1	14	14.0	2	2.0	0		0	0.0
Marcedes Lewis	GNB	2	1	1	1	1	1.0	0	0.0	0		0	0.0
Robert Tonyan	GNB	1	0	0		0		0		0		0	0.0
Marquez Valdes-Scantling	GNB	2	0	0		0		0		0		0	0.0
Danny Vitale	GNB	1	0	0		0		0		0		0	0.0
Player	Tm	Tgt	Rec	Yds	1D	YBC	YBC/R	YAC	YAC/R	BrkTkl	Rec/Br	Drop	Drop%
Darius Slayton	NYG	9	6	44	3	30	5.0	14	2.3	1	6.0	0	0.0
Kaden Smith	NYG	8	6	70	3	43	7.2	27	4.5	1	6.0	0	0.0
Sterling Shepard	NYG	6	3	40	3	30	10.0	10	3.3	0		0	0.0
Saquon Barkley	NYG	7	3	32	1	-12	-4.0	44	14.7	0		0	0.0
Cody Latimer	NYG	3	1	43	1	34	34.0	9	9.0	0		0	0.0
Da'Mari Scott	NYG	2	1	11	1	11	11.0	0	0.0	0		1	50.0
Elijhaa Penny	NYG	1	0	0	0	0		0		0		0	0.0"
advanced_defense
"Jaire Alexander	GNB	0	6	3	50.0%	24	8.0	4.0	0	60.4	6.8	18	6	0	0	0	0.0	0	3	1	25.0%
Tramon Williams	GNB	1	4	3	75.0%	61	20.3	15.3	0	77.1	18.8	48	13	0	0	0	0.0	0	4	2	33.3%
Ibraheim Campbell	GNB	0	4	3	75.0%	22	7.3	5.5	0	87.5	1.8	4	18	0	0	0	0.0	0	1	2	66.7%
Kevin King	GNB	1	5	3	60.0%	35	11.7	7.0	1	81.2	10.4	31	4	0	0	0	0.0	0	3	0	0.0%
B.J. Goodson	GNB	0	2	2	100.0%	12	6.0	6.0	0	91.7	-2.0	-4	16	0	0	0	0.0	0	2	0	0.0%
Adrian Amos	GNB	0	5	2	40.0%	39	19.5	7.8	0	67.9	11.0	36	3	1	0	0	0.0	0	7	0	0.0%
Josh Jackson	GNB	0	1	1	100.0%	6	6.0	6.0	0	91.7	6.0	6	0	0	0	0	0.0	0	1	0	0.0%
Blake Martinez	GNB	0	1	1	100.0%	12	12.0	12.0	0	116.7	2.0	2	10	1	0	0	0.0	0	10	0	0.0%
Oren Burks	GNB	0	3	1	33.3%	27	27.0	9.0	0	67.4	2.7	-6	33	0	0	0	0.0	0	1	0	0.0%
Chandon Sullivan	GNB	0	3	1	33.3%	2	2.0	0.7	0	42.4	9.0	1	1	2	0	0	0.0	0	2	0	0.0%
Za'Darius Smith	GNB	0	0	0										6	0	5	0.0	5	4	0	0.0%
Kyler Fackrell	GNB	0	0	0										0	0	1	0.0	1	1	0	0.0%
Preston Smith	GNB	0	1	0	0.0%					39.6	6.0			5	1	0	0.0	1	1	0	0.0%
Tyler Lancaster	GNB	0	0	0										0	0	0	0.0	0	1	1	50.0%
Darnell Savage	GNB	1	1	0	0.0%					0.0	0.0			0	0	0	0.0	0	4	0	0.0%
Player	Tm	Int	Tgt	Cmp	Cmp%	Yds	Yds/Cmp	Yds/Tgt	TD	Rat	DADOT	Air	YAC	Bltz	Hrry	QBKD	Sk	Prss	Comb	MTkl	MTkl%
Antoine Bethea	NYG	0	4	4	100.0%	68	17.0	17.0	3	158.3	15.3	61	7	2	0	0	0.0	0	5	1	16.7%
Grant Haley	NYG	0	5	4	80.0%	31	7.8	6.2	0	92.5	6.8	13	18	0	0	0	0.0	0	4	0	0.0%
Sam Beal	NYG	0	2	2	100.0%	15	7.5	7.5	1	137.5	6.0	12	3	0	0	0	0.0	0	1	0	0.0%
David Mayo	NYG	0	4	2	50.0%	26	13.0	6.5	0	70.8	2.8	10	16	3	0	0	0.0	0	5	1	16.7%
Deandre Baker	NYG	0	7	2	28.6%	68	34.0	9.7	0	67.6	14.0	61	7	0	0	0	0.0	0	4	0	0.0%
Julian Love	NYG	0	2	2	100.0%	23	11.5	11.5	0	114.6	8.0	16	7	1	0	0	0.0	0	7	0	0.0%
Alec Ogletree	NYG	0	2	1	50.0%	7	7.0	3.5	0	58.3	3.0	5	2	7	0	0	0.0	0	9	1	10.0%
Corey Ballentine	NYG	0	1	1	100.0%	10	10.0	10.0	0	108.3	4.0	4	6	0	0	0	0.0	0	2	0	0.0%
Janoris Jenkins	NYG	0	4	1	25.0%	4	4.0	1.0	0	39.6	12.8	-3	7	0	0	0	0.0	0	1	1	50.0%
Dexter Lawrence	NYG	0	1	1	100.0%	-3	-3.0	-3.0	0	79.2	-5.0	-5	2	0	0	0	0.0	0	3	0	0.0%
Lorenzo Carter	NYG	0	0	0										7	1	0	0.0	1	1	0	0.0%
Leonard Williams	NYG	0	0	0										0	0	1	0.0	1	3	0	0.0%
Markus Golden	NYG	0	0	0										11	0	1	0.0	1	8	1	11.1%
Dalvin Tomlinson	NYG	0	0	0										0	1	0	0.0	1	3	1	25.0%"
