advanced_rushing = document.querySelectorAll("#rushing_advanced > tbody")[0].innerText;
advanced_receiving = document.querySelectorAll("#receiving_advanced > tbody")[0].innerText;
advanced_defense = document.querySelectorAll("#defense_advanced > tbody")[0].innerText;
advanced_passing = document.querySelectorAll("#passing_advanced > tbody")[0].innerText;
"Baker Mayfield	CLE	18	32	196	9	24.3	356	11.1	113	6.3	3.5	83	4.6	1	3.1%	9	28.1%	5	15	7	2	0	
Garrett Gilbert	CLE	0	2	0			43	21.5	0		0.0	0		1	100.0%	0	0.0%	0	1	0	0	0	
Player	Tm	Cmp	Att	Yds	1D	1D%	IAY	IAY/PA	CAY	CAY/Cmp	CAY/PA	YAC	YAC/Cmp	Drops	Drop%	BadTh	Bad%	Sk	Bltz	Hrry	Hits	Scrm	Yds/Scr
Devlin Hodges	PIT	14	21	212	10	45.5	253	12.0	124	8.9	5.9	88	6.3	1	5.6%	2	11.1%	1	8	2	3	1	9.0"
advanced_rushing
"Nick Chubb	CLE	16	58	6	24	1.5	34	2.1	0	
Kareem Hunt	CLE	7	46	2	14	2.0	32	4.6	3	2.3
Baker Mayfield	CLE	1	2	1	1	1.0	1	1.0	0	
Player	Tm	Att	Yds	1D	YBC	YBC/Att	YAC	YAC/Att	BrkTkl	Att/Br
Benny Snell	PIT	16	63	3	15	0.9	48	3.0	1	16.0
Jaylen Samuels	PIT	7	32	2	14	2.0	18	2.6	1	7.0
Devlin Hodges	PIT	5	2	1	1	0.2	1	0.2	0	
Kerrith Whyte	PIT	3	10		6	2.0	4	1.3	0	
Diontae Johnson	PIT	1	17	1	0	0.0	17	17.0	1	1.0"
advanced_receiving
"Jarvis Landry	CLE	11	6	76	4	57	9.5	19	3.2	0		0	0.0
Kareem Hunt	CLE	5	5	19	1	-3	-0.6	22	4.4	1	5.0	0	0.0
Odell Beckham	CLE	6	3	29	1	29	9.7	0	0.0	0		0	0.0
Stephen Carlson	CLE	2	2	28	1	15	7.5	13	6.5	1	2.0	0	0.0
Nick Chubb	CLE	2	1	21	1	-2	-2.0	23	23.0	0		0	0.0
Demetrius Harris	CLE	4	1	23	1	17	17.0	6	6.0	0		1	25.0
Rashard Higgins	CLE	3	0	0		0		0		0		1	33.3
Player	Tm	Tgt	Rec	Yds	1D	YBC	YBC/R	YAC	YAC/R	BrkTkl	Rec/Br	Drop	Drop%
James Washington	PIT	4	4	111	3	100	25.0	11	2.8	0		0	0.0
Vance McDonald	PIT	3	3	21	1	6	2.0	15	5.0	0		0	0.0
Jaylen Samuels	PIT	2	2	22	2	-11	-5.5	33	16.5	0		0	0.0
Deon Cain	PIT	1	1	5	1	1	1.0	4	4.0	0		0	0.0
Diontae Johnson	PIT	5	1	14	1	2	2.0	12	12.0	0		1	20.0
Tevin Jones	PIT	1	1	28	1	27	27.0	1	1.0	0		0	0.0
Benny Snell	PIT	1	1	4	0	-2	-2.0	6	6.0	0		0	0.0
Nick Vannett	PIT	1	1	7	1	1	1.0	6	6.0	0		0	0.0"
advanced_defense
"Mack Wilson	CLE	0	4	4	100.0%	18	4.5	4.5	0	85.4	-1.8	-7	25	7	0	0	0.0	0	8	1	11.1%
T.J. Carrie	CLE	0	3	2	66.7%	35	17.5	11.7	1	145.8	10.0	31	4	3	1	0	0.0	1	5	1	16.7%
Greedy Williams	CLE	0	4	2	50.0%	59	29.5	14.8	0	95.8	29.3	56	3	0	0	0	0.0	0	3	1	25.0%
Denzel Ward	CLE	0	2	2	100.0%	52	26.0	26.0	0	118.7	22.0	44	8	0	0	0	0.0	0	3	1	25.0%
Sheldrick Redwine	CLE	0	4	2	50.0%	42	21.0	10.5	1	127.1	23.5	33	9	0	0	0	0.0	0	7	0	0.0%
Sione Takitaki	CLE	0	1	1	100.0%	7	7.0	7.0	0	95.8	1.0	1	6	0	0	0	0.0	0	3	0	0.0%
Olivier Vernon	CLE	0	0	0										0	0	1	0.0	1	1	0	0.0%
Sheldon Richardson	CLE	0	0	0										0	0	1	0.0	1	5	2	28.6%
Juston Burris	CLE	0	0	0										3	1	0	0.0	1	4	0	0.0%
Bryan Cox	CLE	0	0	0										0	0	1	0.0	1	0	0	
Chad Thomas	CLE	0	0	0										1	0	0	1.0	1	1	1	50.0%
Terrance Mitchell	CLE	1	1	0	0.0%					0.0	33.0			0	0	0	0.0	0	0	0	
Porter Gustin	CLE	0	0	0										1	0	0	0.0	0	2	0	0.0%
Joe Schobert	CLE	0	0	0										5	0	0	0.0	0	7	1	12.5%
Player	Tm	Int	Tgt	Cmp	Cmp%	Yds	Yds/Cmp	Yds/Tgt	TD	Rat	DADOT	Air	YAC	Bltz	Hrry	QBKD	Sk	Prss	Comb	MTkl	MTkl%
Mike Hilton	PIT	0	10	5	50.0%	66	13.2	6.6	1	104.6	12.9	37	29	1	0	0	0.0	0	5	0	0.0%
Mark Barron	PIT	0	3	3	100.0%	30	10.0	10.0	0	108.3	1.0	3	27	4	0	0	0.0	0	5	0	0.0%
Terrell Edmunds	PIT	0	5	3	60.0%	18	6.0	3.6	0	67.1	12.2	16	2	3	0	0	0.0	0	6	3	33.3%
Steven Nelson	PIT	0	5	3	60.0%	36	12.0	7.2	0	82.1	8.8	18	18	0	0	0	0.0	0	5	1	16.7%
Vince Williams	PIT	0	2	2	100.0%	4	2.0	2.0	0	79.2	1.5	3	1	2	2	0	0.0	2	2	1	33.3%
Joe Haden	PIT	1	4	1	25.0%	19	19.0	4.8	0	7.3	29.8	19	0	1	0	0	0.0	0	2	2	50.0%
Minkah Fitzpatrick	PIT	0	4	1	25.0%	23	23.0	5.8	0	51.0	16.3	17	6	0	0	0	0.0	0	3	1	25.0%
T.J. Watt	PIT	0	1	0	0.0%					39.6	14.0			7	2	2	1.0	5	2	1	33.3%
Bud Dupree	PIT	0	0	0										12	1	0	1.5	3	6	1	14.3%
Cameron Heyward	PIT	0	0	0										0	1	0	0.5	2	6	0	0.0%
Javon Hargrave	PIT	0	0	0										0	1	0	1.0	2	6	1	14.3%
Cameron Sutton	PIT	0	1	0	0.0%					39.6	59.0			3	0	0	1.0	1	1	1	50.0%
Devin Bush	PIT	0	3	0	0.0%					39.6	3.7			1	0	0	0.0	0	7	2	22.2%"
