advanced_rushing = document.querySelectorAll("#rushing_advanced > tbody")[0].innerText;
advanced_receiving = document.querySelectorAll("#receiving_advanced > tbody")[0].innerText;
advanced_defense = document.querySelectorAll("#defense_advanced > tbody")[0].innerText;
advanced_passing = document.querySelectorAll("#passing_advanced > tbody")[0].innerText;
"Jimmy Garoppolo	SFO	15	21	165	7	30.4	158	7.5	107	7.1	5.1	58	3.9	1	4.8%	3	14.3%	2	20	4	1	2	2.0
Player	Tm	Cmp	Att	Yds	1D	1D%	IAY	IAY/PA	CAY	CAY/Cmp	CAY/PA	YAC	YAC/Cmp	Drops	Drop%	BadTh	Bad%	Sk	Bltz	Hrry	Hits	Scrm	Yds/Scr
Lamar Jackson	BAL	14	23	105	5	20.8	197	8.6	79	5.6	3.4	26	1.9	0	0.0%	6	26.1%	1	4	2	1	0	"
advanced_rushing
"Raheem Mostert	SFO	19	146	5	95	5.0	51	2.7	1	19.0
Tevin Coleman	SFO	5	6	0	6	1.2	0	0.0	0	
Jimmy Garoppolo	SFO	3	5	1	5	1.7	0	0.0	0	
George Kittle	SFO	1	-3	0	-3	-3.0	0	0.0	0	
Deebo Samuel	SFO	1	20	1	14	14.0	6	6.0	0	
Player	Tm	Att	Yds	1D	YBC	YBC/Att	YAC	YAC/Att	BrkTkl	Att/Br
Lamar Jackson	BAL	16	101	10	99	6.2	2	0.1	1	16.0
Mark Ingram	BAL	15	59	2	48	3.2	11	0.7	2	7.5
Gus Edwards	BAL	6	15	2	14	2.3	1	0.2	0	
Justice Hill	BAL	1	3		2	2.0	1	1.0	0	"
advanced_receiving
"Emmanuel Sanders	SFO	6	4	41	3	41	10.3	0	0.0	0		0	0.0
Kendrick Bourne	SFO	3	3	42	1	10	3.3	32	10.7	2	1.5	0	0.0
George Kittle	SFO	4	2	17	1	17	8.5	0	0.0	0		0	0.0
Raheem Mostert	SFO	2	2	8	0	3	1.5	5	2.5	0		0	0.0
Deebo Samuel	SFO	4	2	41	1	28	14.0	13	6.5	0		1	25.0
Tevin Coleman	SFO	1	1	9	1	2	2.0	7	7.0	0		0	0.0
Jeff Wilson	SFO	1	1	7		6	6.0	1	1.0	0		0	0.0
Player	Tm	Tgt	Rec	Yds	1D	YBC	YBC/R	YAC	YAC/R	BrkTkl	Rec/Br	Drop	Drop%
Mark Andrews	BAL	6	3	50	3	46	15.3	4	1.3	0		0	0.0
Hayden Hurst	BAL	4	3	21	1	12	4.0	9	3.0	0		0	0.0
Mark Ingram	BAL	2	2	3	0	3	1.5	0	0.0	1	2.0	0	0.0
Nick Boyle	BAL	2	1	4		4	4.0	0	0.0	0		0	0.0
Marquise Brown	BAL	2	1	1		-4	-4.0	5	5.0	0		0	0.0
Gus Edwards	BAL	1	1	7	0	2	2.0	5	5.0	0		0	0.0
Patrick Ricard	BAL	2	1	2		-1	-1.0	3	3.0	0		0	0.0
Seth Roberts	BAL	2	1	5		5	5.0	0	0.0	0		0	0.0
Willie Snead	BAL	2	1	12	1	12	12.0	0	0.0	0		0	0.0"
advanced_defense
"Fred Warner	SFO	0	7	3	42.9%	45	15.0	6.4	1	104.2	9.1	36	9	2	0	0	0.0	0	11	1	8.3%
Azeez Al-Shaair	SFO	0	2	2	100.0%	4	2.0	2.0	0	79.2	0.5	1	3	1	0	0	0.0	0	3	3	50.0%
Dre Greenlaw	SFO	0	2	2	100.0%	10	5.0	5.0	0	87.5	4.5	9	1	1	0	0	0.0	0	8	0	0.0%
Richard Sherman	SFO	0	3	2	66.7%	14	7.0	4.7	0	77.1	16.3	12	2	0	0	0	0.0	0	7	0	0.0%
Ahkello Witherspoon	SFO	0	1	1	100.0%	5	5.0	5.0	0	87.5	5.0	5	0	0	0	0	0.0	0	3	0	0.0%
Jimmie Ward	SFO	0	2	1	50.0%	12	12.0	6.0	0	68.7	19.0	12	0	0	0	0	0.0	0	6	0	0.0%
Arik Armstead	SFO	0	0	0										0	2	0	0.0	2	4	0	0.0%
Sheldon Day	SFO	0	0	0										0	0	1	0.0	1	1	0	0.0%
DeForest Buckner	SFO	0	0	0										0	0	0	1.0	1	6	0	0.0%
Jaquiski Tartt	SFO	0	3	0	0.0%					39.6	9.0			0	0	0	0.0	0	3	0	0.0%
Marcell Harris	SFO	0	1	0	0.0%					39.6	26.0			0	0	0	0.0	0	4	0	0.0%
Nick Bosa	SFO	0	0	0										1	0	0	0.0	0	1	0	0.0%
K'Waun Williams	SFO	0	0	0										1	0	0	0.0	0	1	1	50.0%
Player	Tm	Int	Tgt	Cmp	Cmp%	Yds	Yds/Cmp	Yds/Tgt	TD	Rat	DADOT	Air	YAC	Bltz	Hrry	QBKD	Sk	Prss	Comb	MTkl	MTkl%
Marlon Humphrey	BAL	0	6	6	100.0%	49	8.2	8.2	0	100.7	7.3	44	5	2	0	0	0.0	0	7	1	12.5%
Marcus Peters	BAL	0	5	4	80.0%	46	11.5	9.2	0	105.0	5.2	12	34	0	0	0	0.0	0	3	2	40.0%
Chuck Clark	BAL	0	1	1	100.0%	7	7.0	7.0	0	95.8	6.0	6	1	6	0	0	1.0	1	7	0	0.0%
L.J. Fort	BAL	0	1	1	100.0%	3	3.0	3.0	0	79.2	-1.0	-1	4	3	1	0	0.0	1	3	0	0.0%
Tyus Bowser	BAL	0	2	1	50.0%	8	8.0	4.0	0	60.4	0.5	-1	9	5	0	0	0.0	0	0	1	100.0%
Brandon Carr	BAL	0	1	1	100.0%	33	33.0	33.0	1	158.3	29.0	29	4	1	0	0	0.0	0	3	0	0.0%
Jimmy Smith	BAL	0	3	1	33.3%	18	18.0	6.0	0	54.9	13.3	18	0	0	0	0	0.0	0	4	0	0.0%
Patrick Onwuasor	BAL	0	1	1	100.0%	5	5.0	5.0	0	87.5	4.0	4	1	2	0	0	0.0	0	3	0	0.0%
Chris Wormley	BAL	0	0	0										0	1	0	0.5	2	4	0	0.0%
Matt Judon	BAL	0	0	0										11	0	1	0.0	1	3	2	40.0%
Earl Thomas	BAL	0	2	0	0.0%					39.6	6.5			2	0	0	0.5	1	4	3	42.9%
Jaylon Ferguson	BAL	0	0	0										6	1	0	0.0	1	2	0	0.0%
Michael Pierce	BAL	0	0	0										0	1	0	0.0	1	1	0	0.0%
Josh Bynes	BAL	0	0	0										2	0	0	0.0	0	5	1	16.7%
Domata Peko	BAL	0	0	0										0	0	0	0.0	0	1	1	50.0%
Jihad Ward	BAL	0	0	0										5	0	0	0.0	0	1	0	0.0%"
