advanced_rushing = document.querySelectorAll("#rushing_advanced > tbody")[0].innerText;
advanced_receiving = document.querySelectorAll("#receiving_advanced > tbody")[0].innerText;
advanced_defense = document.querySelectorAll("#defense_advanced > tbody")[0].innerText;
advanced_passing = document.querySelectorAll("#passing_advanced > tbody")[0].innerText;
"Kirk Cousins	MIN	22	38	276	12	31.6	266	7.0	103	4.7	2.7	173	7.9	3	8.3%	7	19.4%	0	8	5	6	0	
Player	Tm	Cmp	Att	Yds	1D	1D%	IAY	IAY/PA	CAY	CAY/Cmp	CAY/PA	YAC	YAC/Cmp	Drops	Drop%	BadTh	Bad%	Sk	Bltz	Hrry	Hits	Scrm	Yds/Scr
Russell Wilson	SEA	21	31	240	7	21.2	247	8.0	91	4.3	2.9	149	7.1	0	0.0%	7	22.6%	2	8	3	2	3	4.7"
advanced_rushing
"Dalvin Cook	MIN	9	29	2	26	2.9	3	0.3	1	9.0
Alexander Mattison	MIN	4	22	1	17	4.3	5	1.3	0	
Stefon Diggs	MIN	1	27	1	7	7.0	20	20.0	0	
Player	Tm	Att	Yds	1D	YBC	YBC/Att	YAC	YAC/Att	BrkTkl	Att/Br
Chris Carson	SEA	23	102	8	54	2.3	48	2.1	1	23.0
Rashaad Penny	SEA	15	74	7	61	4.1	13	0.9	0	
Russell Wilson	SEA	4	13	0	13	3.3	0	0.0	0	
Travis Homer	SEA	1	29	1	29	29.0	0	0.0	0	"
advanced_receiving
"Stefon Diggs	MIN	9	4	25	1	19	4.8	6	1.5	0		2	22.2
Kyle Rudolph	MIN	6	4	50	4	38	9.5	12	3.0	0		0	0.0
Alexander Mattison	MIN	5	4	51	2	5	1.3	46	11.5	0		0	0.0
Dalvin Cook	MIN	4	3	35	2	4	1.3	31	10.3	0		1	25.0
Tyler Conklin	MIN	2	2	8		7	3.5	1	0.5	0		0	0.0
C.J. Ham	MIN	2	2	42	2	-1	-0.5	43	21.5	1	2.0	0	0.0
Olabisi Johnson	MIN	3	1	1		-2	-2.0	3	3.0	0		0	0.0
Laquon Treadwell	MIN	2	1	58	1	32	32.0	26	26.0	0		0	0.0
Irv Smith	MIN	3	1	6		1	1.0	5	5.0	0		0	0.0
Player	Tm	Tgt	Rec	Yds	1D	YBC	YBC/R	YAC	YAC/R	BrkTkl	Rec/Br	Drop	Drop%
D.K. Metcalf	SEA	7	6	75	3	34	5.7	41	6.8	0		0	0.0
Jacob Hollister	SEA	8	6	44	1	32	5.3	12	2.0	0		0	0.0
Rashaad Penny	SEA	5	4	33	1	-17	-4.3	50	12.5	0		0	0.0
David Moore	SEA	4	2	65	1	31	15.5	34	17.0	0		0	0.0
Jaron Brown	SEA	1	1	6		6	6.0	0	0.0	0		0	0.0
Josh Gordon	SEA	1	1	10	1	8	8.0	2	2.0	0		0	0.0
Chris Carson	SEA	2	1	7	0	-3	-3.0	10	10.0	0		0	0.0
Tyler Lockett	SEA	3	0	0		0		0		0		0	0.0"
advanced_defense
"Xavier Rhodes	MIN	0	6	6	100.0%	120	20.0	20.0	1	158.3	11.7	70	50	0	0	0	0.0	0	8	1	11.1%
Anthony Barr	MIN	0	6	5	83.3%	52	10.4	8.7	1	142.4	2.8	12	40	6	1	2	0.0	3	11	0	0.0%
Trae Waynes	MIN	0	5	4	80.0%	21	5.3	4.2	0	84.2	4.8	13	8	0	0	0	0.0	0	4	1	20.0%
Eric Kendricks	MIN	0	5	2	40.0%	15	7.5	3.0	0	47.9	11.6	-3	18	1	0	0	0.0	0	10	1	9.1%
Mackensie Alexander	MIN	0	2	1	50.0%	3	3.0	1.5	0	56.2	6.5	2	1	0	0	0	0.0	0	2	0	0.0%
Mike Hughes	MIN	0	3	1	33.3%	19	19.0	6.3	0	56.2	22.0	7	12	0	0	0	0.0	0	2	0	0.0%
Harrison Smith	MIN	0	2	1	50.0%	5	5.0	2.5	0	56.2	2.5	-6	11	2	0	0	0.0	0	10	3	23.1%
Danielle Hunter	MIN	0	0	0										0	3	0	1.0	4	5	0	0.0%
Stephen Weatherly	MIN	0	0	0										0	1	0	0.0	1	3	0	0.0%
Ifeadi Odenigbo	MIN	0	0	0										0	0	0	1.0	1	2	0	0.0%
Anthony Harris	MIN	1	1	0	0.0%					0.0	-2.0			0	0	0	0.0	0	7	1	12.5%
Armon Watts	MIN	0	0	0										0	0	0	0.0	0	3	1	25.0%
Player	Tm	Int	Tgt	Cmp	Cmp%	Yds	Yds/Cmp	Yds/Tgt	TD	Rat	DADOT	Air	YAC	Bltz	Hrry	QBKD	Sk	Prss	Comb	MTkl	MTkl%
K.J. Wright	SEA	0	11	9	81.8%	93	10.3	8.5	1	132.2	6.5	29	64	3	0	0	0.0	0	9	1	10.0%
Bobby Wagner	SEA	0	10	7	70.0%	89	12.7	8.9	0	97.5	2.0	11	78	2	0	0	0.0	0	10	0	0.0%
Shaquill Griffin	SEA	0	7	3	42.9%	71	23.7	10.1	1	119.6	15.9	43	28	0	0	0	0.0	0	3	0	0.0%
Bradley McDougald	SEA	0	3	2	66.7%	18	9.0	6.0	0	82.6	4.3	15	3	1	0	1	0.0	1	6	0	0.0%
Tre Flowers	SEA	1	3	1	33.3%	5	5.0	1.7	0	2.8	6.0	5	0	1	0	0	0.0	0	3	1	25.0%
Jarran Reed	SEA	0	0	0										0	2	2	0.0	4	0	1	100.0%
Jadeveon Clowney	SEA	0	0	0										0	1	1	0.0	2	3	0	0.0%
Ezekiel Ansah	SEA	0	0	0										0	0	2	0.0	2	1	0	0.0%
Poona Ford	SEA	0	0	0										0	1	0	0.0	1	1	0	0.0%
Rasheem Green	SEA	0	0	0										0	1	0	0.0	1	3	0	0.0%
Akeem King	SEA	0	1	0	0.0%					39.6	3.0			3	0	0	0.0	0	1	0	0.0%
Quandre Diggs	SEA	0	0	0										0	0	0	0.0	0	4	1	20.0%"
