advanced_rushing = document.querySelectorAll("#rushing_advanced > tbody")[0].innerText;
advanced_receiving = document.querySelectorAll("#receiving_advanced > tbody")[0].innerText;
advanced_defense = document.querySelectorAll("#defense_advanced > tbody")[0].innerText;
advanced_passing = document.querySelectorAll("#passing_advanced > tbody")[0].innerText;
"Jared Goff	LAR	24	38	268	16	40.0	390	10.3	198	8.3	5.2	70	2.9	2	5.4%	7	18.9%	2	8	3	1	1	7.0
Player	Tm	Cmp	Att	Yds	1D	1D%	IAY	IAY/PA	CAY	CAY/Cmp	CAY/PA	YAC	YAC/Cmp	Drops	Drop%	BadTh	Bad%	Sk	Bltz	Hrry	Hits	Scrm	Yds/Scr
Baker Mayfield	CLE	18	36	195	11	28.2	253	7.0	112	6.2	3.1	83	4.6	0	0.0%	8	24.2%	3	7	10	0	0	"
advanced_rushing
"Todd Gurley	LAR	14	43	1	15	1.1	28	2.0	1	14.0
Jared Goff	LAR	4	14	0	10	2.5	4	1.0	0	
Malcolm Brown	LAR	3	7		2	0.7	5	1.7	0	
Robert Woods	LAR	2	18	1	11	5.5	7	3.5	1	2.0
Brandin Cooks	LAR	1	8	1	6	6.0	2	2.0	0	
Player	Tm	Att	Yds	1D	YBC	YBC/Att	YAC	YAC/Att	BrkTkl	Att/Br
Nick Chubb	CLE	23	96	4	52	2.3	44	1.9	0	
Baker Mayfield	CLE	1	-1	0	-1	-1.0	0	0.0	0	"
advanced_receiving
"Cooper Kupp	LAR	12	11	101	6	64	5.8	37	3.4	0		0	0.0
Brandin Cooks	LAR	12	8	112	7	86	10.8	26	3.3	0		1	8.3
Robert Woods	LAR	8	3	40	2	37	12.3	3	1.0	0		0	0.0
Gerald Everett	LAR	2	2	15	1	11	5.5	4	2.0	2	1.0	0	0.0
Malcolm Brown	LAR	1	0	0		0		0		0		1	100.0
Todd Gurley	LAR	1	0	0	0	0		0		0		0	0.0
Josh Reynolds	LAR	2	0	0		0		0		0		0	0.0
Player	Tm	Tgt	Rec	Yds	1D	YBC	YBC/R	YAC	YAC/R	BrkTkl	Rec/Br	Drop	Drop%
Odell Beckham	CLE	9	6	56	3	41	6.8	15	2.5	1	6.0	0	0.0
Nick Chubb	CLE	7	4	35	1	-2	-0.5	37	9.3	0		0	0.0
Jarvis Landry	CLE	9	3	62	3	35	11.7	27	9.0	0		0	0.0
Damion Ratley	CLE	5	3	26	3	24	8.0	2	0.7	0		0	0.0
Demetrius Harris	CLE	2	1	2	1	2	2.0	0	0.0	0		0	0.0
Ricky Seals-Jones	CLE	2	1	14		12	12.0	2	2.0	0		0	0.0"
advanced_defense
"Aqib Talib	LAR	0	10	5	50.0%	56	11.2	5.6	0	67.1	12.0	52	4	0	0	0	0.0	0	5	0	0.0%
Marcus Peters	LAR	0	3	3	100.0%	29	9.7	9.7	0	106.9	7.7	23	6	0	0	0	0.0	0	3	0	0.0%
Cory Littleton	LAR	0	6	3	50.0%	19	6.3	3.2	0	56.9	2.2	13	6	3	0	0	0.0	0	4	0	0.0%
Nickell Robey-Coleman	LAR	0	8	3	37.5%	54	18.0	6.8	0	61.5	16.0	30	24	0	0	0	0.0	0	1	1	50.0%
Dante Fowler	LAR	0	2	1	50.0%	5	5.0	2.5	0	56.2	-5.0	-5	10	0	1	0	0.0	1	4	1	20.0%
Taylor Rapp	LAR	0	2	1	50.0%	0	0.0	0.0	0	56.2	1.5	-1	1	0	0	0	0.0	0	3	0	0.0%
John Johnson	LAR	1	2	1	50.0%	2	2.0	1.0	1	56.2	3.0	2	0	0	0	0	0.0	0	9	0	0.0%
Aaron Donald	LAR	0	0	0										0	6	0	1.0	7	4	1	20.0%
Michael Brockers	LAR	0	0	0										0	4	0	0.0	4	6	1	14.3%
Clay Matthews	LAR	0	0	0										1	1	0	2.0	3	3	0	0.0%
Eric Weddle	LAR	0	2	0	0.0%					39.6	2.5			1	1	0	0.0	1	6	1	14.3%
Samson Ebukam	LAR	0	0	0										1	0	0	0.0	0	3	0	0.0%
Player	Tm	Int	Tgt	Cmp	Cmp%	Yds	Yds/Cmp	Yds/Tgt	TD	Rat	DADOT	Air	YAC	Bltz	Hrry	QBKD	Sk	Prss	Comb	MTkl	MTkl%
Jermaine Whitehead	CLE	0	8	5	62.5%	50	10.0	6.3	1	119.8	13.6	42	8	0	0	0	0.0	0	4	1	20.0%
T.J. Carrie	CLE	1	9	5	55.6%	77	15.4	8.6	1	81.5	14.2	72	5	0	0	0	0.0	0	7	1	12.5%
Terrance Mitchell	CLE	0	7	5	71.4%	61	12.2	8.7	0	97.9	10.0	42	19	0	0	0	0.0	0	4	0	0.0%
Eric Murray	CLE	0	7	4	57.1%	25	6.3	3.6	0	64.6	10.9	19	6	2	0	0	0.0	0	5	1	16.7%
Juston Burris	CLE	1	4	3	75.0%	39	13.0	9.8	0	65.6	11.3	34	5	4	1	0	0.0	1	4	0	0.0%
Mack Wilson	CLE	0	4	3	75.0%	17	5.7	4.3	0	82.3	1.3	2	15	2	0	0	0.0	0	5	0	0.0%
Joe Schobert	CLE	0	1	1	100.0%	23	23.0	23.0	0	118.7	10.0	10	13	2	0	0	0.0	0	6	1	14.3%
Myles Garrett	CLE	0	0	0										0	1	1	1.0	3	2	0	0.0%
Larry Ogunjobi	CLE	0	0	0										0	0	0	1.0	1	3	0	0.0%
Olivier Vernon	CLE	0	1	0	0.0%					39.6	0.0			0	1	0	0.0	1	4	0	0.0%"
