advanced_rushing = document.querySelectorAll("#rushing_advanced > tbody")[0].innerText;
advanced_receiving = document.querySelectorAll("#receiving_advanced > tbody")[0].innerText;
advanced_defense = document.querySelectorAll("#defense_advanced > tbody")[0].innerText;
advanced_passing = document.querySelectorAll("#passing_advanced > tbody")[0].innerText;
"Matt Ryan	ATL	29	34	304	17	50.0	292	8.6	212	7.3	6.2	92	3.2	1	3.0%	2	6.1%	0	5	1	4	0	
Player	Tm	Cmp	Att	Yds	1D	1D%	IAY	IAY/PA	CAY	CAY/Cmp	CAY/PA	YAC	YAC/Cmp	Drops	Drop%	BadTh	Bad%	Sk	Bltz	Hrry	Hits	Scrm	Yds/Scr
Jacoby Brissett	IND	28	37	310	15	39.5	206	5.6	143	5.1	3.9	167	6.0	1	2.8%	4	11.1%	1	13	5	3	1	6.0"
advanced_rushing
"Devonta Freeman	ATL	16	88	5	51	3.2	37	2.3	4	4.0
Matt Ryan	ATL	2	3	0	3	1.5	0	0.0	0	
Mohamed Sanu	ATL	1	2	1	0	0.0	2	2.0	0	
Ito Smith	ATL	1	0		0	0.0	0	0.0	0	
Player	Tm	Att	Yds	1D	YBC	YBC/Att	YAC	YAC/Att	BrkTkl	Att/Br
Marlon Mack	IND	16	74	6	33	2.1	41	2.6	1	16.0
Jacoby Brissett	IND	3	4	1	-2	-0.7	6	2.0	0	
Jordan Wilkins	IND	3	-2		-3	-1.0	1	0.3	0	
Nyheim Hines	IND	2	3	0	1	0.5	2	1.0	0	"
advanced_receiving
"Julio Jones	ATL	9	8	128	7	101	12.6	27	3.4	0		0	0.0
Mohamed Sanu	ATL	6	6	75	5	61	10.2	14	2.3	0		0	0.0
Austin Hooper	ATL	7	6	66	4	32	5.3	34	5.7	1	6.0	0	0.0
Luke Stocker	ATL	4	3	12		7	2.3	5	1.7	0		0	0.0
Devonta Freeman	ATL	4	3	7	0	-4	-1.3	11	3.7	0		1	25.0
Kenjon Barner	ATL	1	1	4		4	4.0	0	0.0	0		0	0.0
Calvin Ridley	ATL	1	1	6	1	6	6.0	0	0.0	0		0	0.0
Justin Hardy	ATL	1	1	6		5	5.0	1	1.0	0		0	0.0
Player	Tm	Tgt	Rec	Yds	1D	YBC	YBC/R	YAC	YAC/R	BrkTkl	Rec/Br	Drop	Drop%
T.Y. Hilton	IND	10	8	65	3	45	5.6	20	2.5	0		1	10.0
Jack Doyle	IND	4	4	46	3	14	3.5	32	8.0	0		0	0.0
Nyheim Hines	IND	4	3	26	2	5	1.7	21	7.0	0		0	0.0
Eric Ebron	IND	4	3	47	2	28	9.3	19	6.3	0		0	0.0
Parris Campbell	IND	3	3	24	1	6	2.0	18	6.0	2	1.5	0	0.0
Marlon Mack	IND	3	2	14	0	3	1.5	11	5.5	0		0	0.0
Zach Pascal	IND	3	2	53	2	32	16.0	21	10.5	0		0	0.0
Mo Alie-Cox	IND	2	2	25	1	4	2.0	21	10.5	0		0	0.0
Deon Cain	IND	3	1	10	1	6	6.0	4	4.0	0		0	0.0"
advanced_defense
"Isaiah Oliver	ATL	0	13	8	61.5%	94	11.8	7.2	1	109.1	8.3	51	43	0	0	0	0.0	0	7	0	0.0%
Deion Jones	ATL	0	7	6	85.7%	57	9.5	8.1	1	140.2	4.0	26	31	2	0	0	0.0	0	9	2	18.2%
Ricardo Allen	ATL	0	4	4	100.0%	57	14.3	14.3	1	158.3	10.0	40	17	2	1	0	0.0	1	7	1	12.5%
Damontae Kazee	ATL	0	4	4	100.0%	40	10.0	10.0	0	108.3	1.8	7	33	1	0	0	0.0	0	6	3	33.3%
Kemal Ishmael	ATL	0	3	3	100.0%	44	14.7	14.7	0	118.7	8.7	26	18	1	0	0	0.0	0	6	0	0.0%
De'Vondre Campbell	ATL	0	4	3	75.0%	35	11.7	8.8	0	101.0	3.0	14	21	5	0	0	0.0	0	5	2	28.6%
Vic Beasley	ATL	0	1	1	100.0%	9	9.0	9.0	0	104.2	3.0	3	6	0	1	1	0.5	3	3	0	0.0%
Takkarist McKinley	ATL	0	1	1	100.0%	12	12.0	12.0	0	116.7	2.0	2	10	0	1	0	0.5	2	1	1	50.0%
Foyesade Oluokun	ATL	0	1	1	100.0%	17	17.0	17.0	0	118.7	6.0	6	11	1	0	0	0.0	0	1	1	50.0%
Desmond Trufant	ATL	0	2	1	50.0%	12	12.0	6.0	0	68.7	7.0	11	1	0	0	0	0.0	0	1	1	50.0%
Keanu Neal	ATL	0	1	1	100.0%	6	6.0	6.0	0	91.7	5.0	5	1	0	0	0	0.0	0	4	0	0.0%
Jack Crawford	ATL	0	0	0										0	2	0	0.0	2	1	0	0.0%
Allen Bailey	ATL	0	0	0										0	1	1	0.0	2	2	0	0.0%
Adrian Clayborn	ATL	0	0	0										0	0	1	0.0	1	1	0	0.0%
Grady Jarrett	ATL	0	0	0										0	0	0	0.0	0	2	1	33.3%
Player	Tm	Int	Tgt	Cmp	Cmp%	Yds	Yds/Cmp	Yds/Tgt	TD	Rat	DADOT	Air	YAC	Bltz	Hrry	QBKD	Sk	Prss	Comb	MTkl	MTkl%
Anthony Walker	IND	0	12	12	100.0%	98	8.2	8.2	1	128.5	5.2	62	36	0	0	0	0.0	0	15	1	6.3%
Bobby Okereke	IND	0	9	7	77.8%	76	10.9	8.4	1	138.9	9.3	59	17	1	0	0	0.0	0	8	0	0.0%
Kenny Moore	IND	0	5	5	100.0%	28	5.6	5.6	0	90.0	3.8	19	9	4	0	0	0.0	0	7	0	0.0%
Clayton Geathers	IND	1	5	4	80.0%	58	14.5	11.6	1	115.0	15.6	53	5	0	0	0	0.0	0	3	0	0.0%
Pierre Desir	IND	0	4	4	100.0%	67	16.8	16.8	0	118.7	12.0	48	19	0	0	0	0.0	0	4	1	20.0%
Rock Ya-Sin	IND	0	5	3	60.0%	48	16.0	9.6	0	92.1	17.8	39	9	0	0	0	0.0	0	2	0	0.0%
Quincy Wilson	IND	0	2	2	100.0%	22	11.0	11.0	1	152.1	11.0	22	0	2	0	0	0.0	0	1	0	0.0%
Malik Hooker	IND	0	1	1	100.0%	10	10.0	10.0	0	108.3	2.0	2	8	0	0	0	0.0	0	2	0	0.0%
Kemoko Turay	IND	0	0	0										0	0	1	0.0	1	0	0	
Grover Stewart	IND	0	0	0										0	0	1	0.0	1	0	1	100.0%
Al-Quadin Muhammad	IND	0	0	0										0	0	1	0.0	1	1	1	50.0%
Justin Houston	IND	0	0	0										0	0	1	0.0	1	2	0	0.0%
Matthew Adams	IND	0	0	0										1	0	0	0.0	0	1	0	0.0%
Khari Willis	IND	0	0	0										0	0	0	0.0	0	3	1	25.0%"
