advanced_rushing = document.querySelectorAll("#rushing_advanced > tbody")[0].innerText;
advanced_receiving = document.querySelectorAll("#receiving_advanced > tbody")[0].innerText;
advanced_defense = document.querySelectorAll("#defense_advanced > tbody")[0].innerText;
advanced_passing = document.querySelectorAll("#passing_advanced > tbody")[0].innerText;
"Kyle Allen	CAR	19	26	261	14	50.0	215	8.3	152	8.0	5.8	109	5.7	1	4.0%	3	12.0%	2	11	3	0	1	1.0
Player	Tm	Cmp	Att	Yds	1D	1D%	IAY	IAY/PA	CAY	CAY/Cmp	CAY/PA	YAC	YAC/Cmp	Drops	Drop%	BadTh	Bad%	Sk	Bltz	Hrry	Hits	Scrm	Yds/Scr
Kyler Murray	ARI	30	43	173	9	17.6	242	5.6	60	2.0	1.4	113	3.8	3	7.1%	7	16.7%	8	12	6	0	3	9.3"
advanced_rushing
"Christian McCaffrey	CAR	24	153	3	78	3.3	75	3.1	0	
Kyle Allen	CAR	3	-1	0	-1	-0.3	0	0.0	0	
Reggie Bonnafon	CAR	2	5		0	0.0	5	2.5	0	
Alex Armah	CAR	1	4		2	2.0	2	2.0	0	
D.J. Moore	CAR	1	12	1	8	8.0	4	4.0	0	
Player	Tm	Att	Yds	1D	YBC	YBC/Att	YAC	YAC/Att	BrkTkl	Att/Br
David Johnson	ARI	11	37	5	16	1.5	21	1.9	1	11.0
Kyler Murray	ARI	8	69	5	68	8.5	1	0.1	0	
Chase Edmonds	ARI	3	15	0	6	2.0	9	3.0	0	"
advanced_receiving
"Greg Olsen	CAR	7	6	75	6	60	10.0	15	2.5	0		0	0.0
Curtis Samuel	CAR	7	5	53	4	52	10.4	1	0.2	0		1	14.3
Christian McCaffrey	CAR	4	3	35	2	5	1.7	30	10.0	0		0	0.0
Jarius Wright	CAR	2	2	38	1	21	10.5	17	8.5	1	2.0	0	0.0
Alex Armah	CAR	1	1	2		-4	-4.0	6	6.0	0		0	0.0
Chris Hogan	CAR	2	1	6		1	1.0	5	5.0	0		0	0.0
D.J. Moore	CAR	2	1	52	1	17	17.0	35	35.0	0		0	0.0
Player	Tm	Tgt	Rec	Yds	1D	YBC	YBC/R	YAC	YAC/R	BrkTkl	Rec/Br	Drop	Drop%
Christian Kirk	ARI	12	10	59	2	15	1.5	44	4.4	1	10.0	1	8.3
David Johnson	ARI	9	6	28	2	-8	-1.3	36	6.0	0		0	0.0
Larry Fitzgerald	ARI	7	5	36	3	25	5.0	11	2.2	0		0	0.0
KeeSean Johnson	ARI	4	3	13		12	4.0	1	0.3	0		0	0.0
Damiere Byrd	ARI	4	2	9		3	1.5	6	3.0	0		0	0.0
Michael Crabtree	ARI	2	2	9		6	3.0	3	1.5	0		0	0.0
Charles Clay	ARI	1	1	9	1	4	4.0	5	5.0	0		0	0.0
Chase Edmonds	ARI	2	1	10	1	3	3.0	7	7.0	0		1	50.0
Trent Sherfield	ARI	1	0	0		0		0		0		1	100.0"
advanced_defense
"Shaq Thompson	CAR	0	11	7	63.6%	37	5.3	3.4	0	69.1	3.4	20	17	8	0	0	1.0	1	11	1	8.3%
Luke Kuechly	CAR	0	7	6	85.7%	54	9.0	7.7	0	98.8	9.6	22	32	2	0	0	0.0	0	10	2	16.7%
Ross Cockrell	CAR	0	7	6	85.7%	26	4.3	3.7	0	82.1	1.4	5	21	0	0	0	0.0	0	6	1	14.3%
Donte Jackson	CAR	2	8	5	62.5%	21	4.2	2.6	1	66.7	7.6	-4	25	0	0	0	0.0	0	5	3	37.5%
Eric Reid	CAR	0	4	2	50.0%	-1	-0.5	-0.3	1	95.8	2.5	-7	6	3	0	0	1.0	1	6	0	0.0%
James Bradberry	CAR	0	3	2	66.7%	9	4.5	3.0	0	70.1	3.0	6	3	1	0	0	0.0	0	2	1	33.3%
Tre Boston	CAR	0	3	2	66.7%	27	13.5	9.0	0	95.1	14.3	18	9	0	0	0	0.0	0	5	1	16.7%
Brian Burns	CAR	0	0	0										0	3	0	1.0	4	4	0	0.0%
Mario Addison	CAR	0	0	0										0	0	0	3.0	3	3	0	0.0%
Gerald McCoy	CAR	0	0	0										0	2	0	0.0	2	2	0	0.0%
Christian Miller	CAR	0	0	0										4	0	0	2.0	2	2	0	0.0%
Kyle Love	CAR	0	0	0										0	1	0	0.0	1	0	0	
Marquis Haynes	CAR	0	0	0										1	1	0	0.0	1	2	1	33.3%
Player	Tm	Int	Tgt	Cmp	Cmp%	Yds	Yds/Cmp	Yds/Tgt	TD	Rat	DADOT	Air	YAC	Bltz	Hrry	QBKD	Sk	Prss	Comb	MTkl	MTkl%
Jordan Hicks	ARI	0	4	4	100.0%	49	12.3	12.3	0	117.7	8.0	32	17	6	0	0	0.0	0	11	0	0.0%
D.J. Swearinger	ARI	0	4	4	100.0%	45	11.3	11.3	2	153.1	8.3	33	12	2	0	0	0.0	0	5	0	0.0%
Byron Murphy	ARI	0	4	3	75.0%	31	10.3	7.8	1	136.5	7.3	30	1	0	0	0	0.0	0	2	1	33.3%
Chandler Jones	ARI	0	2	2	100.0%	8	4.0	4.0	0	83.3	-1.5	-3	11	0	2	0	2.0	4	4	0	0.0%
Haason Reddick	ARI	0	2	2	100.0%	3	1.5	1.5	0	79.2	4.0	2	1	8	1	0	0.0	1	10	2	16.7%
Tramaine Brock	ARI	0	3	2	66.7%	22	11.0	7.3	0	88.2	8.3	22	0	1	0	0	0.0	0	4	1	20.0%
Budda Baker	ARI	0	2	1	50.0%	33	33.0	16.5	0	95.8	17.5	18	15	1	0	0	0.0	0	5	0	0.0%
Terrell Suggs	ARI	0	0	0										5	1	0	0.0	1	1	0	0.0%"
