advanced_rushing = document.querySelectorAll("#rushing_advanced > tbody")[0].innerText;
advanced_receiving = document.querySelectorAll("#receiving_advanced > tbody")[0].innerText;
advanced_defense = document.querySelectorAll("#defense_advanced > tbody")[0].innerText;
advanced_passing = document.querySelectorAll("#passing_advanced > tbody")[0].innerText;
"Derek Carr	OAK	27	34	242	14	36.8	211	6.2	137	5.1	4.0	105	3.9	2	6.1%	4	12.1%	4	5	2	0	0	
Player	Tm	Cmp	Att	Yds	1D	1D%	IAY	IAY/PA	CAY	CAY/Cmp	CAY/PA	YAC	YAC/Cmp	Drops	Drop%	BadTh	Bad%	Sk	Bltz	Hrry	Hits	Scrm	Yds/Scr
Kirk Cousins	MIN	15	21	174	8	38.1	100	4.8	71	4.7	3.4	103	6.9	2	10.0%	1	5.0%	0	9	1	2	2	8.0"
advanced_rushing
"Josh Jacobs	OAK	10	44	1	21	2.1	23	2.3	1	10.0
DeAndre Washington	OAK	6	22	1	8	1.3	14	2.3	2	3.0
Jalen Richard	OAK	2	15	1	11	5.5	4	2.0	0	
Derek Carr	OAK	1	0	0	0	0.0	0	0.0	0	
Darren Waller	OAK	1	7	0	4	4.0	3	3.0	0	
Player	Tm	Att	Yds	1D	YBC	YBC/Att	YAC	YAC/Att	BrkTkl	Att/Br
Dalvin Cook	MIN	16	110	4	79	4.9	31	1.9	2	8.0
Alexander Mattison	MIN	12	58	3	39	3.3	19	1.6	0	
Kirk Cousins	MIN	4	16	1	16	4.0	0	0.0	0	
Mike Boone	MIN	3	28	1	22	7.3	6	2.0	0	
Sean Mannion	MIN	2	-2		-2	-1.0	0	0.0	0	
Adam Thielen	MIN	1	1	1	0	0.0	1	1.0	1	1.0"
advanced_receiving
"Darren Waller	OAK	14	13	134	7	68	5.2	66	5.1	0		1	7.1
JJ Nelson	OAK	5	4	36	1	21	5.3	15	3.8	0		0	0.0
Hunter Renfrow	OAK	4	3	28	3	25	8.3	3	1.0	0		0	0.0
Jalen Richard	OAK	3	3	14	1	4	1.3	10	3.3	0		0	0.0
Tyrell Williams	OAK	3	3	29	2	20	6.7	9	3.0	0		0	0.0
Foster Moreau	OAK	2	1	1		-1	-1.0	2	2.0	0		0	0.0
Josh Jacobs	OAK	2	0	0	0	0		0		0		1	50.0
Player	Tm	Tgt	Rec	Yds	1D	YBC	YBC/R	YAC	YAC/R	BrkTkl	Rec/Br	Drop	Drop%
Dalvin Cook	MIN	5	4	33	2	-7	-1.8	40	10.0	0		1	20.0
Stefon Diggs	MIN	3	3	15	1	13	4.3	2	0.7	0		0	0.0
Irv Smith	MIN	3	3	60	2	32	10.7	28	9.3	0		0	0.0
Adam Thielen	MIN	5	3	55	2	36	12.0	19	6.3	0		0	0.0
C.J. Ham	MIN	2	1	0		0	0.0	0	0.0	0		1	50.0
Kyle Rudolph	MIN	1	1	11	1	-3	-3.0	14	14.0	0		0	0.0
Ameer Abdullah	MIN	1	0	0		0		0		0		0	0.0"
advanced_defense
"Nicholas Morrow	OAK	0	4	3	75.0%	32	10.7	8.0	0	97.9	-3.0	-9	41	1	1	0	0.0	1	5	0	0.0%
Daryl Worley	OAK	0	5	3	60.0%	31	10.3	6.2	0	77.9	8.2	9	22	0	0	0	0.0	0	4	0	0.0%
Vontaze Burfict	OAK	0	3	3	100.0%	15	5.0	5.0	0	87.5	0.0	0	15	2	0	0	0.0	0	7	2	22.2%
Gareon Conley	OAK	0	4	3	75.0%	15	5.0	3.8	0	80.2	3.3	13	2	0	0	0	0.0	0	3	0	0.0%
Curtis Riley	OAK	0	2	2	100.0%	55	27.5	27.5	1	158.3	18.0	36	19	0	0	0	0.0	0	3	2	40.0%
Tahir Whitehead	OAK	0	2	1	50.0%	26	26.0	13.0	0	95.8	9.0	22	4	2	0	0	0.0	0	3	0	0.0%
P.J. Hall	OAK	0	0	0										0	1	0	0.0	1	1	0	0.0%
Johnathan Hankins	OAK	0	0	0										0	0	1	0.0	1	8	0	0.0%
Arden Key	OAK	0	0	0										0	0	1	0.0	1	0	0	
Maxx Crosby	OAK	0	0	0										0	0	0	0.0	0	0	1	100.0%
Karl Joseph	OAK	0	0	0										2	0	0	0.0	0	8	1	11.1%
Kyle Wilber	OAK	0	0	0										4	0	0	0.0	0	1	0	0.0%
Lamarcus Joyner	OAK	0	0	0										0	0	0	0.0	0	1	1	50.0%
Player	Tm	Int	Tgt	Cmp	Cmp%	Yds	Yds/Cmp	Yds/Tgt	TD	Rat	DADOT	Air	YAC	Bltz	Hrry	QBKD	Sk	Prss	Comb	MTkl	MTkl%
Trae Waynes	MIN	0	6	6	100.0%	31	5.2	5.2	0	88.2	2.3	14	17	0	0	0	0.0	0	8	1	11.1%
Eric Wilson	MIN	0	7	5	71.4%	41	8.2	5.9	1	125.6	7.3	32	9	3	0	0	2.0	2	11	0	0.0%
Kentrell Brothers	MIN	0	3	3	100.0%	35	11.7	11.7	0	115.3	10.7	32	3	0	0	0	0.0	0	2	0	0.0%
Harrison Smith	MIN	1	3	3	100.0%	32	10.7	10.7	0	71.5	9.0	27	5	1	0	0	0.0	0	5	1	16.7%
Mike Hughes	MIN	0	5	3	60.0%	23	7.7	4.6	0	71.2	9.0	15	8	0	0	0	0.0	0	3	2	40.0%
Nate Meadors	MIN	0	2	2	100.0%	19	9.5	9.5	1	145.8	5.0	10	9	0	0	0	0.0	0	2	0	0.0%
Xavier Rhodes	MIN	0	2	2	100.0%	10	5.0	5.0	0	87.5	0.5	1	9	0	0	0	0.0	0	2	0	0.0%
Danielle Hunter	MIN	0	1	1	100.0%	30	30.0	30.0	0	118.7	-3.0	-3	33	0	0	0	1.0	1	2	1	33.3%
Eric Kendricks	MIN	0	2	1	50.0%	17	17.0	8.5	0	79.2	14.0	14	3	1	0	0	0.0	0	7	1	12.5%
Everson Griffen	MIN	0	0	0										0	2	0	1.0	3	6	0	0.0%"
