advanced_rushing = document.querySelectorAll("#rushing_advanced > tbody")[0].innerText;
advanced_receiving = document.querySelectorAll("#receiving_advanced > tbody")[0].innerText;
advanced_defense = document.querySelectorAll("#defense_advanced > tbody")[0].innerText;
advanced_passing = document.querySelectorAll("#passing_advanced > tbody")[0].innerText;
"Matthew Stafford	DET	18	32	201	11	34.4	294	9.2	151	8.4	4.7	50	2.8	2	6.5%	6	19.4%	0	10	4	4	1	3.0
Player	Tm	Cmp	Att	Yds	1D	1D%	IAY	IAY/PA	CAY	CAY/Cmp	CAY/PA	YAC	YAC/Cmp	Drops	Drop%	BadTh	Bad%	Sk	Bltz	Hrry	Hits	Scrm	Yds/Scr
Carson Wentz	PHI	19	36	259	11	28.2	405	11.3	182	9.6	5.1	77	4.1	4	11.1%	5	13.9%	3	5	5	3	3	9.3"
advanced_rushing
"Kerryon Johnson	DET	20	36	4	3	0.2	33	1.7	4	5.0
Ty Johnson	DET	4	5		-2	-0.5	7	1.8	1	4.0
Matthew Stafford	DET	3	1	0	1	0.3	0	0.0	0	
J.D. McKissic	DET	1	44	1	30	30.0	14	14.0	1	1.0
Player	Tm	Att	Yds	1D	YBC	YBC/Att	YAC	YAC/Att	BrkTkl	Att/Br
Miles Sanders	PHI	13	53	2	9	0.7	44	3.4	3	4.3
Jordan Howard	PHI	11	37	3	10	0.9	27	2.5	1	11.0
Carson Wentz	PHI	4	33	1	19	4.8	14	3.5	2	2.0
Darren Sproles	PHI	2	4		0	0.0	4	2.0	0	"
advanced_receiving
"Marvin Jones	DET	9	6	101	5	92	15.3	9	1.5	0		0	0.0
Danny Amendola	DET	5	4	37	2	14	3.5	23	5.8	1	4.0	0	0.0
Kenny Golladay	DET	8	2	17	1	14	7.0	3	1.5	0		1	12.5
Logan Thomas	DET	1	1	15	1	14	14.0	1	1.0	0		0	0.0
Ty Johnson	DET	2	1	0		-3	-3.0	3	3.0	0		0	0.0
Kerryon Johnson	DET	1	1	7	0	7	7.0	0	0.0	0		0	0.0
Jesse James	DET	1	1	13	1	13	13.0	0	0.0	0		0	0.0
T.J. Hockenson	DET	4	1	1		0	0.0	1	1.0	0		1	25.0
Nick Bawden	DET	1	1	10	1	0	0.0	10	10.0	0		0	0.0
Player	Tm	Tgt	Rec	Yds	1D	YBC	YBC/R	YAC	YAC/R	BrkTkl	Rec/Br	Drop	Drop%
Nelson Agholor	PHI	12	8	50	2	20	2.5	30	3.8	2	4.0	0	0.0
Mack Hollins	PHI	7	4	62	4	49	12.3	13	3.3	0		1	14.3
Zach Ertz	PHI	7	4	64	3	42	10.5	22	5.5	0		0	0.0
Miles Sanders	PHI	4	2	73	2	66	33.0	7	3.5	0		0	0.0
JJ Arcega-Whiteside	PHI	3	1	10		5	5.0	5	5.0	0		1	33.3
Jordan Howard	PHI	1	0	0	0	0		0		0		1	100.0
Dallas Goedert	PHI	1	0	0		0		0		0		1	100.0
Darren Sproles	PHI	1	0	0		0		0		0		0	0.0"
advanced_defense
"Justin Coleman	DET	0	8	5	62.5%	40	8.0	5.0	1	114.6	7.5	20	20	0	0	0	0.0	0	3	1	25.0%
Christian Jones	DET	0	3	2	66.7%	37	18.5	12.3	0	109.0	18.0	28	9	0	0	0	1.0	1	6	0	0.0%
Rashaan Melvin	DET	0	5	2	40.0%	34	17.0	6.8	0	63.7	17.2	26	8	0	0	0	0.0	0	5	0	0.0%
Mike Ford	DET	0	4	2	50.0%	22	11.0	5.5	1	106.2	14.0	15	7	0	0	0	0.0	0	1	1	50.0%
Tracy Walker	DET	0	4	2	50.0%	22	11.0	5.5	0	66.7	7.5	17	5	1	0	0	0.0	0	5	1	16.7%
Devon Kennard	DET	0	1	1	100.0%	5	5.0	5.0	0	87.5	0.0	0	5	2	1	2	0.0	3	4	0	0.0%
Trey Flowers	DET	0	1	1	100.0%	5	5.0	5.0	0	87.5	5.0	5	0	0	1	0	1.0	2	8	4	33.3%
Jarrad Davis	DET	0	2	1	50.0%	12	12.0	6.0	0	68.7	9.0	12	0	3	0	0	0.0	0	6	1	14.3%
Darius Slay	DET	0	3	1	33.3%	19	19.0	6.3	0	56.2	10.0	14	5	0	0	0	0.0	0	1	0	0.0%
Tavon Wilson	DET	0	1	1	100.0%					79.2	12.0			0	0	0	0.0	0	0	0	
Jahlani Tavai	DET	0	2	1	50.0%	23	23.0	11.5	0	91.7	6.0	7	16	1	0	0	0.0	0	2	1	33.3%
Romeo Okwara	DET	0	0	0										1	2	1	0.0	3	5	0	0.0%
A'Shawn Robinson	DET	0	0	0										0	1	0	0.0	1	3	1	25.0%
Damon Harrison	DET	0	0	0										0	0	0	1.0	1	6	2	25.0%
Quandre Diggs	DET	0	0	0										0	0	0	0.0	0	5	2	28.6%
Player	Tm	Int	Tgt	Cmp	Cmp%	Yds	Yds/Cmp	Yds/Tgt	TD	Rat	DADOT	Air	YAC	Bltz	Hrry	QBKD	Sk	Prss	Comb	MTkl	MTkl%
Ronald Darby	PHI	0	6	6	100.0%	57	9.5	9.5	0	106.2	8.2	49	8	0	0	0	0.0	0	6	0	0.0%
Malcolm Jenkins	PHI	0	5	2	40.0%	32	16.0	6.4	0	62.1	14.0	32	0	5	1	0	0.0	1	4	1	20.0%
Avonte Maddox	PHI	0	3	2	66.7%	29	14.5	9.7	0	97.9	8.0	17	12	0	0	0	0.0	0	1	1	50.0%
Rasul Douglas	PHI	0	7	2	28.6%	13	6.5	1.9	0	39.6	6.0	12	1	0	0	0	0.0	0	2	0	0.0%
Sidney Jones	PHI	0	5	2	40.0%	30	15.0	6.0	1	100.0	13.6	30	0	0	0	0	0.0	0	3	0	0.0%
Andrew Sendejo	PHI	0	3	1	33.3%	1	1.0	0.3	0	42.4	-3.3	0	1	2	0	1	0.0	1	3	0	0.0%
Nigel Bradham	PHI	0	2	1	50.0%	7	7.0	3.5	0	58.3	18.0	7	0	2	0	0	0.0	0	4	1	20.0%
Zach Brown	PHI	0	1	1	100.0%	22	22.0	22.0	0	118.7	4.0	4	18	3	0	0	0.0	0	8	0	0.0%
Rodney McLeod	PHI	0	1	1	100.0%	10	10.0	10.0	0	108.3	0.0	0	10	3	0	0	0.0	0	3	1	25.0%
Brandon Graham	PHI	0	0	0										0	2	1	0.0	3	3	3	50.0%
Vinny Curry	PHI	0	0	0										0	0	2	0.0	2	0	0	
Hassan Ridgeway	PHI	0	0	0										0	0	0	0.0	0	1	1	50.0%
Nathan Gerry	PHI	0	0	0										1	0	0	0.0	0	2	0	0.0%"
