advanced_rushing = document.querySelectorAll("#rushing_advanced > tbody")[0].innerText;
advanced_receiving = document.querySelectorAll("#receiving_advanced > tbody")[0].innerText;
advanced_defense = document.querySelectorAll("#defense_advanced > tbody")[0].innerText;
advanced_passing = document.querySelectorAll("#passing_advanced > tbody")[0].innerText;
"Teddy Bridgewater	NOR	19	27	177	9	33.3	95	3.5	42	2.2	1.6	135	7.1	1	3.7%	5	18.5%	0	4	3	2	2	6.0
Player	Tm	Cmp	Att	Yds	1D	1D%	IAY	IAY/PA	CAY	CAY/Cmp	CAY/PA	YAC	YAC/Cmp	Drops	Drop%	BadTh	Bad%	Sk	Bltz	Hrry	Hits	Scrm	Yds/Scr
Russell Wilson	SEA	32	50	406	18	36.0	552	11.0	294	9.2	5.9	112	3.5	0	0.0%	12	26.1%	0	7	11	3	4	11.0"
advanced_rushing
"Alvin Kamara	NOR	16	69	4	19	1.2	50	3.1	4	4.0
Teddy Bridgewater	NOR	3	12	0	6	2.0	6	2.0	0	
Latavius Murray	NOR	2	2		-2	-1.0	4	2.0	1	2.0
Taysom Hill	NOR	1	5	0	2	2.0	3	3.0	0	
Zach Line	NOR	1	0		0	0.0	0	0.0	0	
Player	Tm	Att	Yds	1D	YBC	YBC/Att	YAC	YAC/Att	BrkTkl	Att/Br
Chris Carson	SEA	15	52	1	28	1.9	24	1.6	0	
Russell Wilson	SEA	7	51	4	39	5.6	12	1.7	1	7.0
C.J. Prosise	SEA	4	5	0	3	0.8	2	0.5	0	"
advanced_receiving
"Alvin Kamara	NOR	10	9	92	4	-12	-1.3	104	11.6	4	2.3	0	0.0
Michael Thomas	NOR	7	5	54	4	33	6.6	21	4.2	0		0	0.0
Ted Ginn	NOR	5	2	15		15	7.5	0	0.0	0		0	0.0
Jared Cook	NOR	2	1	7		7	7.0	0	0.0	0		1	50.0
Josh Hill	NOR	2	1	4		0	0.0	4	4.0	0		0	0.0
Taysom Hill	NOR	1	1	5	1	-1	-1.0	6	6.0	0		0	0.0
Player	Tm	Tgt	Rec	Yds	1D	YBC	YBC/R	YAC	YAC/R	BrkTkl	Rec/Br	Drop	Drop%
Tyler Lockett	SEA	14	11	154	8	113	10.3	41	3.7	0		0	0.0
Will Dissly	SEA	7	6	62	3	44	7.3	18	3.0	0		0	0.0
C.J. Prosise	SEA	5	5	38	1	10	2.0	28	5.6	0		0	0.0
Jaron Brown	SEA	6	3	30	2	23	7.7	7	2.3	0		0	0.0
D.K. Metcalf	SEA	6	2	67	2	58	29.0	9	4.5	0		0	0.0
Malik Turner	SEA	3	2	19	1	15	7.5	4	2.0	0		0	0.0
Chris Carson	SEA	1	1	-2	0	-6	-6.0	4	4.0	0		0	0.0
David Moore	SEA	2	1	29	1	28	28.0	1	1.0	0		0	0.0
Nick Vannett	SEA	2	1	9		9	9.0	0	0.0	0		0	0.0"
advanced_defense
"Marshon Lattimore	NOR	0	14	10	71.4%	140	14.0	10.0	0	103.3	10.8	111	29	0	0	0	0.0	0	12	1	7.7%
A.J. Klein	NOR	0	6	6	100.0%	51	8.5	8.5	2	141.7	5.0	30	21	4	0	0	0.0	0	5	0	0.0%
Demario Davis	NOR	0	5	5	100.0%	42	8.4	8.4	0	101.7	4.6	23	19	4	1	1	0.0	2	9	0	0.0%
Vonn Bell	NOR	0	6	3	50.0%	75	25.0	12.5	0	95.8	21.8	59	16	1	0	0	0.0	0	9	0	0.0%
P.J. Williams	NOR	0	4	2	50.0%	18	9.0	4.5	0	62.5	16.5	16	2	4	0	0	0.0	0	3	0	0.0%
David Onyemata	NOR	0	1	1	100.0%	10	10.0	10.0	0	108.3	6.0	6	4	0	2	0	0.0	2	4	1	20.0%
Marcus Williams	NOR	0	2	1	50.0%	3	3.0	1.5	0	56.2	-1.0	-2	5	0	0	0	0.0	0	5	0	0.0%
Kiko Alonso	NOR	0	1	1	100.0%	25	25.0	25.0	0	118.7	22.0	22	3	0	0	0	0.0	0	2	0	0.0%
Eli Apple	NOR	0	3	1	33.3%	32	32.0	10.7	0	74.3	25.3	31	1	0	0	0	0.0	0	3	0	0.0%
Cameron Jordan	NOR	0	0	0										0	5	0	0.0	5	3	0	0.0%
Trey Hendrickson	NOR	0	0	0										0	3	1	0.0	4	3	0	0.0%
Marcus Davenport	NOR	0	1	0	0.0%					39.6	6.0			0	2	1	0.0	3	7	0	0.0%
Player	Tm	Int	Tgt	Cmp	Cmp%	Yds	Yds/Cmp	Yds/Tgt	TD	Rat	DADOT	Air	YAC	Bltz	Hrry	QBKD	Sk	Prss	Comb	MTkl	MTkl%
Tre Flowers	SEA	0	6	5	83.3%	45	9.0	7.5	1	137.5	5.0	22	23	0	0	0	0.0	0	5	2	28.6%
K.J. Wright	SEA	0	5	3	60.0%	11	3.7	2.2	0	64.6	4.8	7	4	0	0	0	0.0	0	12	0	0.0%
Jamar Taylor	SEA	0	4	2	50.0%	15	7.5	3.8	0	59.4	5.5	10	5	0	0	0	0.0	0	2	0	0.0%
Mychal Kendricks	SEA	0	2	2	100.0%	18	9.0	9.0	0	104.2	-2.0	-4	22	0	0	0	0.0	0	3	4	57.1%
Bobby Wagner	SEA	0	2	2	100.0%	10	5.0	5.0	0	87.5	3.0	6	4	2	0	0	0.0	0	19	1	5.0%
Delano Hill	SEA	0	2	1	50.0%	18	18.0	9.0	0	81.2	11.0	14	4	0	0	0	0.0	0	1	1	50.0%
Shaquill Griffin	SEA	0	2	1	50.0%	7	7.0	3.5	0	58.3	6.0	7	0	0	0	0	0.0	0	2	2	50.0%
Quinton Jefferson	SEA	0	0	0										0	1	2	0.0	3	2	1	33.3%
Rasheem Green	SEA	0	0	0										0	2	0	0.0	2	2	0	0.0%
Jadeveon Clowney	SEA	0	0	0										0	1	0	0.0	1	1	2	66.7%
Bradley McDougald	SEA	0	0	0										0	0	0	0.0	0	5	1	16.7%
Poona Ford	SEA	0	1	0	0.0%					39.6	-5.0			0	0	0	0.0	0	2	0	0.0%
Al Woods	SEA	0	0	0										0	0	0	0.0	0	4	2	33.3%"
