advanced_rushing = document.querySelectorAll("#rushing_advanced > tbody")[0].innerText;
advanced_receiving = document.querySelectorAll("#receiving_advanced > tbody")[0].innerText;
advanced_defense = document.querySelectorAll("#defense_advanced > tbody")[0].innerText;
advanced_passing = document.querySelectorAll("#passing_advanced > tbody")[0].innerText;
"Mason Rudolph	PIT	14	27	174	5	17.2	156	5.8	34	2.4	1.3	140	10.0	2	7.7%	8	30.8%	2	7	6	3	4	3.8
Player	Tm	Cmp	Att	Yds	1D	1D%	IAY	IAY/PA	CAY	CAY/Cmp	CAY/PA	YAC	YAC/Cmp	Drops	Drop%	BadTh	Bad%	Sk	Bltz	Hrry	Hits	Scrm	Yds/Scr
Jimmy Garoppolo	SFO	23	32	277	14	42.4	266	8.3	186	8.1	5.8	91	4.0	4	12.5%	2	6.3%	1	23	2	7	0	"
advanced_rushing
"James Conner	PIT	13	43	3	9	0.7	34	2.6	1	13.0
Mason Rudolph	PIT	4	15	1	9	2.3	6	1.5	1	4.0
Benny Snell	PIT	3	6		1	0.3	5	1.7	0	
Johnny Holton	PIT	1	9	1	7	7.0	2	2.0	0	
Diontae Johnson	PIT	1	6	0	3	3.0	3	3.0	0	
Player	Tm	Att	Yds	1D	YBC	YBC/Att	YAC	YAC/Att	BrkTkl	Att/Br
Matt Breida	SFO	14	68	3	33	2.4	35	2.5	1	14.0
Raheem Mostert	SFO	12	79	1	50	4.2	29	2.4	0	
Jeff Wilson	SFO	8	18	3	9	1.1	9	1.1	0	
Jimmy Garoppolo	SFO	6	3	2	3	0.5	0	0.0	0	"
advanced_receiving
"James Conner	PIT	4	4	14	1	-6	-1.5	20	5.0	1	4.0	0	0.0
Diontae Johnson	PIT	6	3	52	2	37	12.3	15	5.0	1	3.0	0	0.0
JuJu Smith-Schuster	PIT	7	3	81	1	8	2.7	73	24.3	0		0	0.0
James Washington	PIT	5	2	14		-1	-0.5	15	7.5	0		1	20.0
Xavier Grimble	PIT	2	1	3		1	1.0	2	2.0	0		1	50.0
Vance McDonald	PIT	2	1	10	1	-5	-5.0	15	15.0	0		0	0.0
Player	Tm	Tgt	Rec	Yds	1D	YBC	YBC/R	YAC	YAC/R	BrkTkl	Rec/Br	Drop	Drop%
George Kittle	SFO	8	6	57	3	31	5.2	26	4.3	0		0	0.0
Dante Pettis	SFO	5	4	20	2	14	3.5	6	1.5	0		0	0.0
Kyle Juszczyk	SFO	3	3	51	2	36	12.0	15	5.0	1	3.0	0	0.0
Deebo Samuel	SFO	4	3	44	2	31	10.3	13	4.3	0		1	25.0
Matt Breida	SFO	3	2	20	1	4	2.0	16	8.0	0		1	33.3
Marquise Goodwin	SFO	2	2	41	2	36	18.0	5	2.5	0		0	0.0
Richie James	SFO	2	2	22	1	22	11.0	0	0.0	0		0	0.0
Kendrick Bourne	SFO	2	1	22	1	12	12.0	10	10.0	0		1	50.0
Raheem Mostert	SFO	1	0	0	0	0		0		0		0	0.0
Jeff Wilson	SFO	1	0	0	0	0		0		0		1	100.0"
advanced_defense
"Terrell Edmunds	PIT	0	4	4	100.0%	71	17.8	17.8	0	118.7	13.0	52	19	4	0	2	0.0	2	10	0	0.0%
Joe Haden	PIT	0	5	4	80.0%	48	12.0	9.6	0	106.7	7.2	25	23	0	0	0	0.0	0	8	1	11.1%
Mark Barron	PIT	0	5	4	80.0%	41	10.3	8.2	1	140.4	5.6	32	9	0	0	0	0.0	0	1	1	50.0%
Mike Hilton	PIT	0	3	3	100.0%	30	10.0	10.0	0	108.3	5.0	15	15	3	0	0	0.0	0	4	1	20.0%
Steven Nelson	PIT	0	6	3	50.0%	47	15.7	7.8	0	76.4	17.8	40	7	0	0	0	0.0	0	4	0	0.0%
Minkah Fitzpatrick	PIT	1	2	2	100.0%	14	7.0	7.0	0	56.2	6.5	13	1	7	0	1	0.0	1	5	2	28.6%
Devin Bush	PIT	0	3	2	66.7%	16	8.0	5.3	0	79.9	4.7	13	3	1	0	0	0.0	0	10	2	16.7%
Cameron Heyward	PIT	0	1	1	100.0%	8	8.0	8.0	0	100.0	-4.0	-4	12	0	1	0	0.0	1	5	1	16.7%
T.J. Watt	PIT	1	1	0	0.0%					0.0	-2.0			5	0	2	0.0	2	2	1	33.3%
Bud Dupree	PIT	0	0	0										4	1	1	0.0	2	3	0	0.0%
Javon Hargrave	PIT	0	0	0										0	0	1	0.0	1	6	0	0.0%
Stephon Tuitt	PIT	0	0	0										0	0	0	1.0	1	7	0	0.0%
Player	Tm	Int	Tgt	Cmp	Cmp%	Yds	Yds/Cmp	Yds/Tgt	TD	Rat	DADOT	Air	YAC	Bltz	Hrry	QBKD	Sk	Prss	Comb	MTkl	MTkl%
Richard Sherman	SFO	0	7	3	42.9%	21	7.0	3.0	0	50.3	3.1	-2	23	0	0	0	0.0	0	2	1	33.3%
Fred Warner	SFO	0	3	3	100.0%	8	2.7	2.7	0	79.2	-1.3	-4	12	3	0	0	0.0	0	3	0	0.0%
Ahkello Witherspoon	SFO	0	7	3	42.9%	80	26.7	11.4	1	125.0	11.1	10	70	0	0	0	0.0	0	2	2	50.0%
Kwon Alexander	SFO	0	1	1	100.0%	5	5.0	5.0	0	87.5	1.0	1	4	3	0	0	0.0	0	7	1	12.5%
D.J. Jones	SFO	0	1	1	100.0%	4	4.0	4.0	0	83.3	-2.0	-2	6	0	0	0	0.0	0	3	1	25.0%
Dre Greenlaw	SFO	0	1	1	100.0%	10	10.0	10.0	0	108.3	-5.0	-5	15	2	0	0	0.0	0	1	0	0.0%
Tarvarius Moore	SFO	0	1	1	100.0%	7	7.0	7.0	0	95.8	-1.0	-1	8	0	0	0	0.0	0	2	2	50.0%
Nick Bosa	SFO	0	0	0										0	3	1	0.0	4	1	0	0.0%
Dee Ford	SFO	0	0	0										0	2	0	1.0	3	1	0	0.0%
DeForest Buckner	SFO	0	0	0										0	0	1	1.0	2	10	0	0.0%
Ronald Blair	SFO	0	0	0										0	2	0	0.0	2	3	1	25.0%
Arik Armstead	SFO	0	0	0										0	1	1	0.0	2	1	2	66.7%
Solomon Thomas	SFO	0	0	0										0	1	0	0.0	1	3	0	0.0%
Jaquiski Tartt	SFO	0	2	0	0.0%					39.6	7.0			1	1	0	0.0	1	3	0	0.0%
K'Waun Williams	SFO	1	2	0	0.0%					0.0	8.0			0	0	0	0.0	0	2	0	0.0%"
