advanced_rushing = document.querySelectorAll("#rushing_advanced > tbody")[0].innerText;
advanced_receiving = document.querySelectorAll("#receiving_advanced > tbody")[0].innerText;
advanced_defense = document.querySelectorAll("#defense_advanced > tbody")[0].innerText;
advanced_passing = document.querySelectorAll("#passing_advanced > tbody")[0].innerText;
"Mitchell Trubisky	CHI	25	31	231	15	44.1	162	5.2	111	4.4	3.6	120	4.8	3	9.7%	3	9.7%	3	13	3	1	0	
Player	Tm	Cmp	Att	Yds	1D	1D%	IAY	IAY/PA	CAY	CAY/Cmp	CAY/PA	YAC	YAC/Cmp	Drops	Drop%	BadTh	Bad%	Sk	Bltz	Hrry	Hits	Scrm	Yds/Scr
Case Keenum	WAS	30	43	332	20	42.6	251	5.8	149	5.0	3.5	183	6.1	2	4.8%	8	19.0%	4	15	7	5	1	5.0"
advanced_rushing
"David Montgomery	CHI	13	67	2	45	3.5	22	1.7	3	4.3
Tarik Cohen	CHI	4	-2	0	-6	-1.5	4	1.0	1	4.0
Cordarrelle Patterson	CHI	4	14		14	3.5	0	0.0	0	
Mike Davis	CHI	1	2		0	0.0	2	2.0	0	
Taylor Gabriel	CHI	1	7	0	7	7.0	0	0.0	0	
Mitchell Trubisky	CHI	1	2	0	2	2.0	0	0.0	0	
Player	Tm	Att	Yds	1D	YBC	YBC/Att	YAC	YAC/Att	BrkTkl	Att/Br
Adrian Peterson	WAS	12	37		33	2.8	4	0.3	0	
Chris Thompson	WAS	7	29	1	29	4.1	0	0.0	0	
Case Keenum	WAS	2	3	1	3	1.5	0	0.0	0	"
advanced_receiving
"Taylor Gabriel	CHI	7	6	75	5	60	10.0	15	2.5	0		1	14.3
Allen Robinson	CHI	7	6	60	4	44	7.3	16	2.7	0		0	0.0
Trey Burton	CHI	4	4	20	2	6	1.5	14	3.5	0		0	0.0
David Montgomery	CHI	3	3	14	1	-9	-3.0	23	7.7	1	3.0	0	0.0
Tarik Cohen	CHI	4	2	26	1	-4	-2.0	30	15.0	0		1	25.0
Javon Wims	CHI	1	1	8	1	4	4.0	4	4.0	0		0	0.0
Adam Shaheen	CHI	1	1	7		6	6.0	1	1.0	0		0	0.0
Cordarrelle Patterson	CHI	1	1	6		4	4.0	2	2.0	0		0	0.0
Anthony Miller	CHI	3	1	15	1	0	0.0	15	15.0	0		1	33.3
Player	Tm	Tgt	Rec	Yds	1D	YBC	YBC/R	YAC	YAC/R	BrkTkl	Rec/Br	Drop	Drop%
Paul Richardson	WAS	9	8	83	5	67	8.4	16	2.0	0		0	0.0
Terry McLaurin	WAS	8	6	70	5	65	10.8	5	0.8	0		0	0.0
Trey Quinn	WAS	7	5	30	2	14	2.8	16	3.2	0		0	0.0
Chris Thompson	WAS	5	4	79	3	-5	-1.3	84	21.0	0		0	0.0
Steven Sims	WAS	2	2	24	2	-2	-1.0	26	13.0	1	2.0	0	0.0
Jeremy Sprinkle	WAS	4	2	19	1	13	6.5	6	3.0	0		2	50.0
Vernon Davis	WAS	4	2	30	2	6	3.0	24	12.0	0		0	0.0
Adrian Peterson	WAS	3	1	-3		-9	-9.0	6	6.0	0		0	0.0"
advanced_defense
"Kyle Fuller	CHI	1	8	7	87.5%	65	9.3	8.1	0	60.9	7.6	49	16	0	0	0	0.0	0	7	0	0.0%
Prince Amukamara	CHI	0	7	5	71.4%	54	10.8	7.7	1	133.3	10.9	41	13	0	0	0	0.0	0	3	1	25.0%
Buster Skrine	CHI	0	7	5	71.4%	44	8.8	6.3	1	127.4	4.1	22	22	2	0	0	0.0	0	7	0	0.0%
Danny Trevathan	CHI	0	4	3	75.0%	37	12.3	9.3	0	103.1	-1.0	-10	47	6	0	1	1.0	2	8	0	0.0%
Ha Ha Clinton-Dix	CHI	2	3	3	100.0%	31	10.3	10.3	0	70.1	8.3	25	6	1	1	0	0.0	1	9	0	0.0%
Roquan Smith	CHI	0	7	3	42.9%	50	16.7	7.1	0	67.6	7.3	3	47	1	0	0	0.0	0	6	0	0.0%
Eddie Jackson	CHI	0	3	2	66.7%	18	9.0	6.0	0	82.6	1.3	2	16	1	0	0	0.0	0	3	1	25.0%
Leonard Floyd	CHI	0	1	1	100.0%	22	22.0	22.0	0	118.7	17.0	17	5	7	3	0	0.0	3	4	0	0.0%
Deon Bush	CHI	0	1	1	100.0%	11	11.0	11.0	0	112.5	0.0	0	11	0	0	0	0.0	0	1	0	0.0%
Khalil Mack	CHI	0	0	0										4	1	1	2.0	4	4	0	0.0%
Nick Williams	CHI	0	0	0										0	0	1	1.0	2	3	0	0.0%
Roy Robertson-Harris	CHI	0	0	0										0	0	1	0.0	1	2	0	0.0%
Eddie Goldman	CHI	0	0	0										0	1	0	0.0	1	2	0	0.0%
Akiem Hicks	CHI	0	0	0										0	0	1	0.0	1	0	0	
Isaiah Irving	CHI	0	0	0										1	0	0	0.0	0	2	0	0.0%
Aaron Lynch	CHI	0	1	0	0.0%					39.6	-7.0			0	0	0	0.0	0	1	0	0.0%
Nick Kwiatkoski	CHI	0	0	0										0	0	0	0.0	0	1	1	50.0%
Player	Tm	Int	Tgt	Cmp	Cmp%	Yds	Yds/Cmp	Yds/Tgt	TD	Rat	DADOT	Air	YAC	Bltz	Hrry	QBKD	Sk	Prss	Comb	MTkl	MTkl%
Jimmy Moreland	WAS	0	7	5	71.4%	42	8.4	6.0	0	86.6	1.3	15	27	0	0	0	0.0	0	7	1	12.5%
Jonathan Bostic	WAS	0	4	4	100.0%	40	10.0	10.0	0	108.3	6.3	25	15	3	1	0	0.0	1	9	0	0.0%
Cole Holcomb	WAS	0	4	4	100.0%	36	9.0	9.0	0	104.2	1.3	5	31	3	0	0	0.0	0	9	0	0.0%
Josh Norman	WAS	1	6	3	50.0%	54	18.0	9.0	1	81.2	14.8	50	4	1	0	0	1.0	1	4	1	20.0%
Landon Collins	WAS	0	3	3	100.0%	25	8.3	8.3	0	101.4	-1.3	-4	29	0	0	0	0.0	0	8	1	11.1%
Montae Nicholson	WAS	0	4	3	75.0%	16	5.3	4.0	1	120.8	6.3	7	9	0	0	0	0.0	0	4	1	20.0%
Fabian Moreau	WAS	0	2	2	100.0%	15	7.5	7.5	0	97.9	5.0	10	5	0	0	0	0.0	0	1	1	50.0%
Ryan Anderson	WAS	0	1	1	100.0%	3	3.0	3.0	1	118.7	3.0	3	0	6	0	0	0.0	0	2	0	0.0%
Matthew Ioannidis	WAS	0	0	0										0	1	1	1.0	3	4	0	0.0%
Montez Sweat	WAS	0	0	0										0	0	0	1.0	1	7	0	0.0%
Jonathan Allen	WAS	0	0	0										0	0	0	0.0	0	3	1	25.0%"
