advanced_rushing = document.querySelectorAll("#rushing_advanced > tbody")[0].innerText;
advanced_receiving = document.querySelectorAll("#receiving_advanced > tbody")[0].innerText;
advanced_defense = document.querySelectorAll("#defense_advanced > tbody")[0].innerText;
advanced_passing = document.querySelectorAll("#passing_advanced > tbody")[0].innerText;
"Gardner Minshew	JAX	26	44	374	18	39.1	404	9.2	193	7.4	4.4	181	7.0	0	0.0%	6	14.6%	2	5	4	1	5	8.6
Player	Tm	Cmp	Att	Yds	1D	1D%	IAY	IAY/PA	CAY	CAY/Cmp	CAY/PA	YAC	YAC/Cmp	Drops	Drop%	BadTh	Bad%	Sk	Bltz	Hrry	Hits	Scrm	Yds/Scr
Kyle Allen	CAR	17	30	181	10	30.3	176	5.9	69	4.1	2.3	112	6.6	2	7.1%	5	17.9%	3	14	1	2	1	4.0
Christian McCaffrey	CAR	0	1	0	0	0.0	0	0.0	0		0.0	0		0	0.0%	0	0.0%	0	1	1	0	0	"
advanced_rushing
"Leonard Fournette	JAX	23	108	6	36	1.6	72	3.1	0	
Gardner Minshew	JAX	7	42	2	42	6.0	0	0.0	0	
Ryquell Armstead	JAX	1	-1		-1	-1.0	0	0.0	0	
Player	Tm	Att	Yds	1D	YBC	YBC/Att	YAC	YAC/Att	BrkTkl	Att/Br
Christian McCaffrey	CAR	19	176	6	134	7.1	42	2.2	1	19.0
Reggie Bonnafon	CAR	5	80	2	74	14.8	6	1.2	0	
Curtis Samuel	CAR	2	25	1	25	12.5	0	0.0	0	
Kyle Allen	CAR	1	4	0	0	0.0	4	4.0	0	"
advanced_receiving
"DJ Chark	JAX	11	8	164	8	108	13.5	56	7.0	0		0	0.0
Dede Westbrook	JAX	11	7	82	4	31	4.4	51	7.3	0		0	0.0
Leonard Fournette	JAX	7	4	29	2	-6	-1.5	35	8.8	0		0	0.0
James O'Shaughnessy	JAX	4	3	57	2	31	10.3	26	8.7	0		0	0.0
Ryquell Armstead	JAX	1	1	7		7	7.0	0	0.0	0		0	0.0
Chris Conley	JAX	3	1	26	1	17	17.0	9	9.0	1	1.0	0	0.0
Marqise Lee	JAX	2	1	5	1	4	4.0	1	1.0	0		0	0.0
Geoff Swaim	JAX	1	1	4		1	1.0	3	3.0	0		0	0.0
Player	Tm	Tgt	Rec	Yds	1D	YBC	YBC/R	YAC	YAC/R	BrkTkl	Rec/Br	Drop	Drop%
Christian McCaffrey	CAR	8	6	61	4	-7	-1.2	68	11.3	0		0	0.0
D.J. Moore	CAR	8	6	91	4	73	12.2	18	3.0	0		1	12.5
Curtis Samuel	CAR	6	3	19	1	2	0.7	17	5.7	0		0	0.0
Alex Armah	CAR	1	1	4		3	3.0	1	1.0	0		0	0.0
Jarius Wright	CAR	3	1	6	1	-2	-2.0	8	8.0	0		0	0.0
Greg Olsen	CAR	2	0	0		0		0		0		1	50.0"
advanced_defense
"A.J. Bouye	JAX	0	5	4	80.0%	71	17.8	14.2	0	118.7	10.4	46	25	0	0	0	0.0	0	5	0	0.0%
Quincy Williams	JAX	0	4	3	75.0%	26	8.7	6.5	0	91.7	3.0	-5	31	2	0	0	0.0	0	3	5	62.5%
D.J. Hayden	JAX	0	4	2	50.0%	14	7.0	3.5	0	58.3	1.0	1	13	6	0	1	0.0	1	2	0	0.0%
Tre Herndon	JAX	0	6	2	33.3%	15	7.5	2.5	0	42.4	13.2	14	1	0	0	0	0.0	0	5	1	16.7%
Najee Goode	JAX	0	2	2	100.0%	16	8.0	8.0	0	100.0	2.5	5	11	0	0	0	0.0	0	2	1	33.3%
Jarrod Wilson	JAX	0	3	1	33.3%	17	17.0	5.7	0	53.5	3.7	1	16	2	0	0	0.0	0	4	1	20.0%
Ronnie Harrison	JAX	0	1	1	100.0%	4	4.0	4.0	0	83.3	3.0	3	1	3	0	0	0.0	0	6	1	14.3%
Myles Jack	JAX	0	4	1	25.0%	18	18.0	4.5	1	85.4	8.8	4	14	3	0	0	0.0	0	9	3	25.0%
Josh Allen	JAX	0	0	0										2	0	1	1.0	2	5	1	16.7%
Yannick Ngakoue	JAX	0	0	0										1	0	0	2.0	2	4	1	20.0%
Calais Campbell	JAX	0	0	0										0	1	0	0.0	1	6	2	25.0%
Andrew Wingard	JAX	0	0	0										3	1	0	0.0	1	1	0	0.0%
Marcell Dareus	JAX	0	0	0										0	0	0	0.0	0	4	1	20.0%
Player	Tm	Int	Tgt	Cmp	Cmp%	Yds	Yds/Cmp	Yds/Tgt	TD	Rat	DADOT	Air	YAC	Bltz	Hrry	QBKD	Sk	Prss	Comb	MTkl	MTkl%
Javien Elliott	CAR	0	6	6	100.0%	60	10.0	10.0	0	108.3	0.0	0	60	3	0	1	0.0	1	6	1	14.3%
Shaq Thompson	CAR	0	5	4	80.0%	21	5.3	4.2	0	84.2	2.0	10	11	3	0	0	0.0	0	9	0	0.0%
James Bradberry	CAR	0	8	4	50.0%	60	15.0	7.5	0	75.0	14.4	57	3	0	0	0	0.0	0	5	1	16.7%
Ross Cockrell	CAR	0	8	4	50.0%	99	24.8	12.4	1	134.9	14.8	62	37	0	0	0	0.0	0	8	1	11.1%
Eric Reid	CAR	0	6	2	33.3%	50	25.0	8.3	0	64.6	12.0	18	32	0	0	0	0.0	0	10	0	0.0%
Luke Kuechly	CAR	0	2	2	100.0%	24	12.0	12.0	0	116.7	10.5	21	3	0	0	0	0.0	0	12	0	0.0%
Tre Boston	CAR	0	3	2	66.7%	41	20.5	13.7	1	149.3	15.3	33	8	0	0	0	0.0	0	3	2	40.0%
Brian Burns	CAR	0	1	1	100.0%	4	4.0	4.0	0	83.3	-6.0	-6	10	0	0	0	1.0	1	3	0	0.0%
Mario Addison	CAR	0	0	0										0	1	0	1.0	2	2	0	0.0%
Efe Obada	CAR	0	0	0										0	1	0	0.0	1	1	0	0.0%
Gerald McCoy	CAR	0	0	0										0	1	0	0.0	1	4	0	0.0%
Dontari Poe	CAR	0	0	0										0	1	0	0.0	1	2	1	33.3%
Bruce Irvin	CAR	0	0	0										2	0	0	0.0	0	2	0	0.0%"
