advanced_rushing = document.querySelectorAll("#rushing_advanced > tbody")[0].innerText;
advanced_receiving = document.querySelectorAll("#receiving_advanced > tbody")[0].innerText;
advanced_defense = document.querySelectorAll("#defense_advanced > tbody")[0].innerText;
advanced_passing = document.querySelectorAll("#passing_advanced > tbody")[0].innerText;
"Kyler Murray	ARI	20	32	253	13	39.4	247	7.7	179	9.0	5.6	74	3.7	1	3.2%	6	19.4%	1	14	0	2	3	14.7
Player	Tm	Cmp	Att	Yds	1D	1D%	IAY	IAY/PA	CAY	CAY/Cmp	CAY/PA	YAC	YAC/Cmp	Drops	Drop%	BadTh	Bad%	Sk	Bltz	Hrry	Hits	Scrm	Yds/Scr
Andy Dalton	CIN	27	38	262	12	30.8	174	4.6	120	4.4	3.2	142	5.3	2	5.4%	5	13.5%	1	21	3	2	1	5.0"
advanced_rushing
"David Johnson	ARI	17	91	5	62	3.6	29	1.7	0	
Kyler Murray	ARI	10	93	4	77	7.7	16	1.6	1	10.0
Chase Edmonds	ARI	8	68	2	30	3.8	38	4.8	0	
Andy Isabella	ARI	2	11		9	4.5	2	1.0	0	
KeeSean Johnson	ARI	1	3	0	3	3.0	0	0.0	0	
Player	Tm	Att	Yds	1D	YBC	YBC/Att	YAC	YAC/Att	BrkTkl	Att/Br
Joe Mixon	CIN	19	93	4	45	2.4	48	2.5	1	19.0
Giovani Bernard	CIN	2	10	1	0	0.0	10	5.0	1	2.0
Andy Dalton	CIN	2	5	1	5	2.5	0	0.0	0	"
advanced_receiving
"Larry Fitzgerald	ARI	8	6	58	3	35	5.8	23	3.8	0		0	0.0
KeeSean Johnson	ARI	7	3	22	3	9	3.0	13	4.3	0		1	14.3
Chase Edmonds	ARI	4	3	18	1	5	1.7	13	4.3	0		0	0.0
David Johnson	ARI	5	3	65	3	59	19.7	6	2.0	0		0	0.0
Pharoh Cooper	ARI	2	2	33	1	30	15.0	3	1.5	0		0	0.0
Maxx Williams	ARI	1	1	7		5	5.0	2	2.0	0		0	0.0
Trent Sherfield	ARI	3	1	23	1	16	16.0	7	7.0	0		0	0.0
Charles Clay	ARI	1	1	27	1	20	20.0	7	7.0	0		0	0.0
Player	Tm	Tgt	Rec	Yds	1D	YBC	YBC/R	YAC	YAC/R	BrkTkl	Rec/Br	Drop	Drop%
Tyler Boyd	CIN	14	10	123	5	55	5.5	68	6.8	0		0	0.0
Damion Willis	CIN	4	4	38	1	21	5.3	17	4.3	1	4.0	0	0.0
Auden Tate	CIN	6	3	26	2	26	8.7	0	0.0	0		2	33.3
Giovani Bernard	CIN	3	3	16	2	1	0.3	15	5.0	0		0	0.0
Tyler Eifert	CIN	4	2	14		5	2.5	9	4.5	0		0	0.0
C.J. Uzomah	CIN	2	2	16		12	6.0	4	2.0	0		0	0.0
Alex Erickson	CIN	1	1	7	1	4	4.0	3	3.0	0		0	0.0
Joe Mixon	CIN	1	1	16	1	-4	-4.0	20	20.0	0		0	0.0
Stanley Morgan	CIN	2	1	6		0	0.0	6	6.0	0		0	0.0"
advanced_defense
"Byron Murphy	ARI	0	11	9	81.8%	71	7.9	6.5	1	123.9	4.8	48	23	0	0	0	0.0	0	9	1	10.0%
Tramaine Brock	ARI	0	8	5	62.5%	23	4.6	2.9	0	66.7	1.5	4	19	0	0	0	0.0	0	4	0	0.0%
Haason Reddick	ARI	0	5	4	80.0%	31	7.8	6.2	0	92.5	1.6	3	28	10	0	0	0.0	0	6	1	14.3%
Jalen Thompson	ARI	0	4	3	75.0%	27	9.0	6.8	0	92.7	6.0	24	3	0	0	0	0.0	0	8	1	11.1%
Budda Baker	ARI	0	3	2	66.7%	46	23.0	15.3	1	149.3	11.3	34	12	1	0	0	0.0	0	4	0	0.0%
Kevin Peterson	ARI	0	4	2	50.0%	19	9.5	4.8	0	63.5	5.0	4	15	0	0	0	0.0	0	3	0	0.0%
Jordan Hicks	ARI	0	2	1	50.0%	29	29.0	14.5	0	95.8	3.5	7	22	9	0	1	0.0	1	6	0	0.0%
Chandler Jones	ARI	0	0	0										16	1	0	1.0	2	4	0	0.0%
Deionte Thompson	ARI	0	0	0										3	0	1	0.0	1	3	0	0.0%
Corey Peters	ARI	0	0	0										0	1	0	0.0	1	2	0	0.0%
Rodney Gunter	ARI	0	0	0										0	0	0	0.0	0	1	1	50.0%
Cassius Marsh	ARI	0	0	0										2	0	0	0.0	0	2	0	0.0%
Brooks Reed	ARI	0	0	0										1	0	0	0.0	0	1	1	50.0%
Player	Tm	Int	Tgt	Cmp	Cmp%	Yds	Yds/Cmp	Yds/Tgt	TD	Rat	DADOT	Air	YAC	Bltz	Hrry	QBKD	Sk	Prss	Comb	MTkl	MTkl%
Shawn Williams	CIN	0	6	5	83.3%	90	18.0	15.0	0	118.7	11.7	70	20	0	0	0	0.0	0	13	0	0.0%
Dre Kirkpatrick	CIN	0	8	4	50.0%	22	5.5	2.8	0	56.2	3.0	9	13	0	0	0	0.0	0	8	0	0.0%
Nick Vigil	CIN	0	4	4	100.0%	49	12.3	12.3	0	117.7	9.8	39	10	4	0	0	0.0	0	13	0	0.0%
B.W. Webb	CIN	0	5	2	40.0%	21	10.5	4.2	0	52.9	12.2	13	8	3	0	0	0.0	0	2	0	0.0%
William Jackson	CIN	0	3	1	33.3%	23	23.0	7.7	0	61.8	7.0	16	7	1	0	0	0.0	0	2	1	33.3%
Preston Brown	CIN	0	1	1	100.0%	17	17.0	17.0	0	118.7	13.0	13	4	5	0	0	0.0	0	6	0	0.0%
Jessie Bates	CIN	0	1	1	100.0%	17	17.0	17.0	0	118.7	14.0	14	3	0	0	0	0.0	0	6	1	14.3%
Germaine Pratt	CIN	0	1	1	100.0%	5	5.0	5.0	0	87.5	5.0	5	0	0	0	0	0.0	0	1	0	0.0%
Geno Atkins	CIN	0	0	0										0	0	2	0.0	2	4	0	0.0%
Sam Hubbard	CIN	0	0	0										0	0	0	1.0	1	5	0	0.0%
Carlos Dunlap	CIN	0	0	0										0	0	0	0.0	0	4	1	20.0%
Clayton Fejedelem	CIN	0	0	0										1	0	0	0.0	0	1	0	0.0%
Ryan Glasgow	CIN	0	1	0	0.0%					39.6	0.0			0	0	0	0.0	0	4	0	0.0%
Brandon Wilson	CIN	0	0	0										1	0	0	0.0	0	0	0	"
