advanced_rushing = document.querySelectorAll("#rushing_advanced > tbody")[0].innerText;
advanced_receiving = document.querySelectorAll("#receiving_advanced > tbody")[0].innerText;
advanced_defense = document.querySelectorAll("#defense_advanced > tbody")[0].innerText;
advanced_passing = document.querySelectorAll("#passing_advanced > tbody")[0].innerText;
"Matt Ryan	ATL	32	46	330	14	29.2	366	8.0	195	6.1	4.2	135	4.2	1	2.3%	7	16.3%	2	20	5	0	1	7.0
Player	Tm	Cmp	Att	Yds	1D	1D%	IAY	IAY/PA	CAY	CAY/Cmp	CAY/PA	YAC	YAC/Cmp	Drops	Drop%	BadTh	Bad%	Sk	Bltz	Hrry	Hits	Scrm	Yds/Scr
Deshaun Watson	HOU	28	33	426	18	54.5	286	8.7	222	7.9	6.7	204	7.3	2	6.3%	1	3.1%	0	9	1	1	2	19.5"
advanced_rushing
"Devonta Freeman	ATL	11	30	2	18	1.6	12	1.1	0	
Ito Smith	ATL	5	19	2	14	2.8	5	1.0	0	
Matt Ryan	ATL	3	7	1	6	2.0	1	0.3	0	
Mohamed Sanu	ATL	1	1	0	0	0.0	1	1.0	0	
Player	Tm	Att	Yds	1D	YBC	YBC/Att	YAC	YAC/Att	BrkTkl	Att/Br
Carlos Hyde	HOU	21	60	6	23	1.1	37	1.8	0	
Duke Johnson	HOU	9	59	2	37	4.1	22	2.4	1	9.0
Deshaun Watson	HOU	4	47	3	45	11.3	2	0.5	0	"
advanced_receiving
"Austin Hooper	ATL	9	6	56	3	31	5.2	25	4.2	0		0	0.0
Ito Smith	ATL	6	6	45	0	10	1.7	35	5.8	1	6.0	0	0.0
Devonta Freeman	ATL	5	5	40	1	1	0.2	39	7.8	0		0	0.0
Calvin Ridley	ATL	9	5	88	4	80	16.0	8	1.6	0		1	11.1
Mohamed Sanu	ATL	5	5	42	3	21	4.2	21	4.2	1	5.0	0	0.0
Julio Jones	ATL	7	3	42	2	35	11.7	7	2.3	0		0	0.0
Russell Gage	ATL	2	1	12	1	12	12.0	0	0.0	0		0	0.0
Justin Hardy	ATL	1	1	5		5	5.0	0	0.0	0		0	0.0
Player	Tm	Tgt	Rec	Yds	1D	YBC	YBC/R	YAC	YAC/R	BrkTkl	Rec/Br	Drop	Drop%
Will Fuller	HOU	16	14	217	7	108	7.7	109	7.8	0		1	6.3
DeAndre Hopkins	HOU	8	7	88	5	54	7.7	34	4.9	3	2.3	0	0.0
Keke Coutee	HOU	4	3	72	3	44	14.7	28	9.3	0		1	25.0
Darren Fells	HOU	2	2	20	2	20	10.0	0	0.0	0		0	0.0
Jordan Akins	HOU	1	1	21	1	-1	-1.0	22	22.0	0		0	0.0
Duke Johnson	HOU	1	1	8	0	-3	-3.0	11	11.0	0		0	0.0
Carlos Hyde	HOU	1	0	0	0	0		0		0		0	0.0"
advanced_defense
"Isaiah Oliver	ATL	0	9	9	100.0%	118	13.1	13.1	0	118.7	3.1	28	90	0	0	0	0.0	0	6	1	14.3%
Desmond Trufant	ATL	0	8	6	75.0%	135	22.5	16.9	2	156.2	17.3	100	35	0	0	0	0.0	0	3	0	0.0%
Kemal Ishmael	ATL	0	4	4	100.0%	48	12.0	12.0	1	156.2	7.3	29	19	1	0	0	0.0	0	6	1	14.3%
De'Vondre Campbell	ATL	0	3	3	100.0%	17	5.7	5.7	1	129.9	5.7	17	0	6	0	0	0.0	0	10	1	9.1%
Damontae Kazee	ATL	0	3	2	66.7%	59	29.5	19.7	0	109.7	11.7	28	31	1	0	0	0.0	0	2	0	0.0%
Johnathan Cyprien	ATL	0	1	1	100.0%	14	14.0	14.0	0	118.7	11.0	11	3	0	0	0	0.0	0	2	1	33.3%
Ricardo Allen	ATL	0	1	1	100.0%	6	6.0	6.0	1	131.2	6.0	6	0	0	0	0	0.0	0	8	1	11.1%
Kendall Sheffield	ATL	0	2	1	50.0%	8	8.0	4.0	0	60.4	5.5	4	4	0	0	0	0.0	0	4	0	0.0%
Grady Jarrett	ATL	0	0	0										0	1	0	0.0	1	7	0	0.0%
Takkarist McKinley	ATL	0	0	0										0	0	1	0.0	1	2	1	33.3%
Deion Jones	ATL	0	1	0	0.0%					39.6	12.0			2	0	0	0.0	0	11	1	8.3%
Jack Crawford	ATL	0	0	0										0	0	0	0.0	0	1	1	50.0%
Allen Bailey	ATL	0	0	0										0	0	0	0.0	0	4	1	20.0%
Player	Tm	Int	Tgt	Cmp	Cmp%	Yds	Yds/Cmp	Yds/Tgt	TD	Rat	DADOT	Air	YAC	Bltz	Hrry	QBKD	Sk	Prss	Comb	MTkl	MTkl%
Jahleel Addae	HOU	0	8	7	87.5%	64	9.1	8.0	0	100.0	5.3	24	40	2	1	0	0.0	1	10	2	16.7%
Johnathan Joseph	HOU	0	8	6	75.0%	93	15.5	11.6	1	152.6	14.3	88	5	0	0	0	0.0	0	6	1	14.3%
Bradley Roby	HOU	0	7	5	71.4%	62	12.4	8.9	0	98.5	8.1	40	22	1	0	0	0.0	0	7	0	0.0%
Lonnie Johnson	HOU	0	6	5	83.3%	43	8.6	7.2	1	136.1	5.3	23	20	1	0	0	0.0	0	4	1	20.0%
Benardrick McKinney	HOU	0	4	4	100.0%	26	6.5	6.5	1	133.3	3.0	8	18	5	0	0	0.0	0	9	0	0.0%
Tashaun Gipson	HOU	1	6	3	50.0%	28	9.3	4.7	0	23.6	7.5	11	17	1	0	0	0.0	0	3	1	25.0%
Justin Reid	HOU	0	4	2	50.0%	15	7.5	3.8	0	59.4	18.5	5	10	1	0	0	0.0	0	8	0	0.0%
Zach Cunningham	HOU	0	1	1	100.0%	-1	-1.0	-1.0	0	79.2	-4.0	-4	3	4	1	0	0.0	1	6	0	0.0%
J.J. Watt	HOU	0	0	0										0	2	0	1.0	3	3	2	40.0%
D.J. Reader	HOU	0	0	0										0	0	0	1.0	1	4	0	0.0%
Charles Omenihu	HOU	0	0	0										0	1	0	0.0	1	1	0	0.0%
Whitney Mercilus	HOU	0	0	0										16	0	0	0.0	0	4	0	0.0%
Brennan Scarlett	HOU	0	0	0										7	0	0	0.0	0	1	0	0.0%"
