advanced_rushing = document.querySelectorAll("#rushing_advanced > tbody")[0].innerText;
advanced_receiving = document.querySelectorAll("#receiving_advanced > tbody")[0].innerText;
advanced_defense = document.querySelectorAll("#defense_advanced > tbody")[0].innerText;
advanced_passing = document.querySelectorAll("#passing_advanced > tbody")[0].innerText;
"Lamar Jackson	BAL	19	28	161	8	24.2	216	7.7	97	5.1	3.5	64	3.4	1	3.6%	3	10.7%	5	9	1	1	5	5.2
Player	Tm	Cmp	Att	Yds	1D	1D%	IAY	IAY/PA	CAY	CAY/Cmp	CAY/PA	YAC	YAC/Cmp	Drops	Drop%	BadTh	Bad%	Sk	Bltz	Hrry	Hits	Scrm	Yds/Scr
Mason Rudolph	PIT	13	20	131	5	23.8	221	11.1	74	5.7	3.7	57	4.4	0	0.0%	5	26.3%	1	8	2	1	0	
Devlin Hodges	PIT	7	9	68	4	44.4	47	5.2	51	7.3	5.7	17	2.4	1	11.1%	1	11.1%	0	5	0	0	1	21.0
Jaylen Samuels	PIT	1	2	4	0	0.0	0	0.0	-4	-4.0	-2.0	8	8.0	0	0.0%	1	50.0%	0	1	0	1	0	"
advanced_rushing
"Mark Ingram	BAL	19	44	4	13	0.7	31	1.6	0	
Lamar Jackson	BAL	14	70	4	60	4.3	10	0.7	0	
Gus Edwards	BAL	5	17	3	7	1.4	10	2.0	0	
Justice Hill	BAL	2	7		1	0.5	6	3.0	0	
Player	Tm	Att	Yds	1D	YBC	YBC/Att	YAC	YAC/Att	BrkTkl	Att/Br
James Conner	PIT	14	55	2	18	1.3	37	2.6	0	
Jaylen Samuels	PIT	3	2	0	-2	-0.7	4	1.3	0	
Devlin Hodges	PIT	2	20	1	20	10.0	0	0.0	0	"
advanced_receiving
"Mark Andrews	BAL	7	5	45	2	23	4.6	22	4.4	0		1	14.3
Hayden Hurst	BAL	4	4	32	2	19	4.8	13	3.3	0		0	0.0
Willie Snead	BAL	5	4	51	3	37	9.3	14	3.5	0		0	0.0
Marquise Brown	BAL	5	3	22	1	17	5.7	5	1.7	0		0	0.0
Mark Ingram	BAL	2	2	5	0	-4	-2.0	9	4.5	0		0	0.0
Gus Edwards	BAL	1	1	6	0	5	5.0	1	1.0	0		0	0.0
Nick Boyle	BAL	2	0	0		0		0		0		0	0.0
Seth Roberts	BAL	2	0	0		0		0		0		0	0.0
Player	Tm	Tgt	Rec	Yds	1D	YBC	YBC/R	YAC	YAC/R	BrkTkl	Rec/Br	Drop	Drop%
JuJu Smith-Schuster	PIT	7	7	75	3	54	7.7	21	3.0	0		0	0.0
Diontae Johnson	PIT	8	5	27	1	21	4.2	6	1.2	0		0	0.0
Vance McDonald	PIT	3	3	34	1	13	4.3	21	7.0	0		0	0.0
Jaylen Samuels	PIT	4	3	11	1	-2	-0.7	13	4.3	0		1	25.0
James Washington	PIT	6	3	52	3	35	11.7	17	5.7	0		0	0.0
Johnny Holton	PIT	1	0	4		0		4		0		0	0.0
Nick Vannett	PIT	1	0	0		0		0		0		0	0.0"
advanced_defense
"Maurice Canady	BAL	0	9	6	66.7%	66	11.0	7.3	0	88.2	16.8	62	4	0	0	0	0.0	0	7	0	0.0%
Marlon Humphrey	BAL	0	5	4	80.0%	45	11.3	9.0	1	143.7	7.4	24	21	1	0	0	0.0	0	3	2	40.0%
Patrick Onwuasor	BAL	0	4	3	75.0%	27	9.0	6.8	0	92.7	0.0	2	25	8	2	0	0.0	2	7	0	0.0%
Earl Thomas	BAL	0	2	2	100.0%	11	5.5	5.5	0	89.6	2.0	4	7	2	0	1	0.0	1	2	1	33.3%
Anthony Levine	BAL	0	2	2	100.0%	24	12.0	12.0	0	116.7	6.0	12	12	5	0	0	0.0	0	1	1	50.0%
Matt Judon	BAL	0	1	1	100.0%	5	5.0	5.0	0	87.5	1.0	1	4	9	0	1	0.0	1	3	0	0.0%
Chuck Clark	BAL	0	1	1	100.0%	10	10.0	10.0	0	108.3	10.0	10	0	1	0	0	0.0	0	2	0	0.0%
Brandon Carr	BAL	0	3	1	33.3%	2	2.0	0.7	0	42.4	7.3	2	0	3	0	0	0.0	0	1	0	0.0%
Josh Bynes	BAL	1	2	1	50.0%	9	9.0	4.5	0	22.9	4.0	4	5	3	0	0	0.0	0	5	0	0.0%
Pernell McPhee	BAL	0	0	0										9	0	0	1.0	1	6	0	0.0%
Jaylon Ferguson	BAL	0	0	0										3	0	0	0.0	0	1	0	0.0%
Tony Jefferson	BAL	0	1	0	0.0%					39.6	12.0			2	0	0	0.0	0	1	0	0.0%
Player	Tm	Int	Tgt	Cmp	Cmp%	Yds	Yds/Cmp	Yds/Tgt	TD	Rat	DADOT	Air	YAC	Bltz	Hrry	QBKD	Sk	Prss	Comb	MTkl	MTkl%
Mark Barron	PIT	0	4	4	100.0%	41	10.3	10.3	0	109.4	2.8	11	30	0	0	0	0.0	0	4	0	0.0%
Devin Bush	PIT	1	5	4	80.0%	27	6.8	5.4	0	49.6	10.2	21	6	0	0	0	0.0	0	8	0	0.0%
Joe Haden	PIT	0	4	4	100.0%	31	7.8	7.8	1	138.5	5.0	20	11	0	0	0	0.0	0	6	0	0.0%
Mike Hilton	PIT	1	2	2	100.0%	28	14.0	14.0	0	79.2	8.5	17	11	3	0	0	0.0	0	4	0	0.0%
Minkah Fitzpatrick	PIT	0	5	2	40.0%	20	10.0	4.0	0	52.1	13.6	16	4	0	0	0	0.0	0	7	2	22.2%
Kameron Kelly	PIT	1	2	2	100.0%	11	5.5	5.5	0	50.0	4.0	8	3	0	0	0	0.0	0	2	0	0.0%
Vince Williams	PIT	0	2	1	50.0%	3	3.0	1.5	0	56.2	4.0	4	-1	2	0	0	1.0	1	9	1	10.0%
Cameron Heyward	PIT	0	0	0										0	1	1	1.0	3	4	0	0.0%
T.J. Watt	PIT	0	0	0										7	1	0	1.0	2	5	0	0.0%
Stephon Tuitt	PIT	0	0	0										0	1	0	0.0	1	8	1	11.1%
Javon Hargrave	PIT	0	0	0										0	0	0	1.0	1	2	0	0.0%
Bud Dupree	PIT	0	1	0	0.0%					39.6	6.0			9	0	0	1.0	1	5	0	0.0%
Cameron Sutton	PIT	0	1	0	0.0%					39.6	9.0			0	0	0	0.0	0	0	0	
Steven Nelson	PIT	0	3	0	0.0%					39.6	16.0			0	0	0	0.0	0	4	0	0.0%
Terrell Edmunds	PIT	0	0	0										2	0	0	0.0	0	5	1	16.7%"
