advanced_rushing = document.querySelectorAll("#rushing_advanced > tbody")[0].innerText;
advanced_receiving = document.querySelectorAll("#receiving_advanced > tbody")[0].innerText;
advanced_defense = document.querySelectorAll("#defense_advanced > tbody")[0].innerText;
advanced_passing = document.querySelectorAll("#passing_advanced > tbody")[0].innerText;
"Chase Daniel	CHI	22	30	231	12	35.3	210	7.0	135	6.1	4.5	96	4.4	2	6.7%	4	13.3%	4	5	3	2	1	2.0
Player	Tm	Cmp	Att	Yds	1D	1D%	IAY	IAY/PA	CAY	CAY/Cmp	CAY/PA	YAC	YAC/Cmp	Drops	Drop%	BadTh	Bad%	Sk	Bltz	Hrry	Hits	Scrm	Yds/Scr
Derek Carr	OAK	25	32	229	10	31.3	99	3.1	78	3.1	2.4	151	6.0	2	6.7%	2	6.7%	0	8	6	1	1	9.0"
advanced_rushing
"David Montgomery	CHI	11	25	1	14	1.3	11	1.0	2	5.5
Tarik Cohen	CHI	4	10	0	8	2.0	2	0.5	0	
Chase Daniel	CHI	1	2	0	2	2.0	0	0.0	0	
Cordarrelle Patterson	CHI	1	5		5	5.0	0	0.0	0	
Player	Tm	Att	Yds	1D	YBC	YBC/Att	YAC	YAC/Att	BrkTkl	Att/Br
Josh Jacobs	OAK	26	123	7	61	2.3	62	2.4	5	5.2
DeAndre Washington	OAK	6	17	3	8	1.3	9	1.5	0	
Derek Carr	OAK	3	8	0	8	2.7	0	0.0	0	
Jalen Richard	OAK	2	14	1	13	6.5	1	0.5	0	
Erik Harris	OAK	1	4	1	4	4.0	0	0.0	0	
Alec Ingold	OAK	1	3	1	2	2.0	1	1.0	0	"
advanced_receiving
"Allen Robinson	CHI	9	7	97	6	94	13.4	3	0.4	0		0	0.0
Tarik Cohen	CHI	7	6	39	1	-6	-1.0	45	7.5	1	6.0	0	0.0
Anthony Miller	CHI	7	4	52	2	35	8.8	17	4.3	0		1	14.3
Trey Burton	CHI	3	3	16	1	6	2.0	10	3.3	0		0	0.0
J.P. Holtz	CHI	2	1	16	1	-1	-1.0	17	17.0	0		1	50.0
David Montgomery	CHI	1	1	11	1	7	7.0	4	4.0	0		0	0.0
Javon Wims	CHI	1	0	0		0		0		0		0	0.0
Player	Tm	Tgt	Rec	Yds	1D	YBC	YBC/R	YAC	YAC/R	BrkTkl	Rec/Br	Drop	Drop%
Trevor Davis	OAK	4	4	42	2	11	2.8	31	7.8	0		0	0.0
Foster Moreau	OAK	4	4	46	3	20	5.0	26	6.5	0		0	0.0
Darren Waller	OAK	5	4	39	1	19	4.8	20	5.0	0		1	20.0
Josh Jacobs	OAK	3	3	20	1	-3	-1.0	23	7.7	1	3.0	0	0.0
DeAndre Washington	OAK	3	3	19	1	8	2.7	11	3.7	0		0	0.0
Derek Carrier	OAK	2	2	22	1	7	3.5	15	7.5	0		0	0.0
Keelan Doss	OAK	2	2	11		7	3.5	4	2.0	0		0	0.0
Jalen Richard	OAK	2	2	18	0	9	4.5	9	4.5	1	2.0	0	0.0
Hunter Renfrow	OAK	5	1	12	1	0	0.0	12	12.0	1	1.0	1	20.0"
advanced_defense
"Danny Trevathan	CHI	0	7	7	100.0%	47	6.7	6.7	0	94.6	2.0	14	33	3	0	0	0.0	0	12	1	7.7%
Roquan Smith	CHI	0	5	5	100.0%	53	10.6	10.6	0	110.8	4.6	23	30	1	1	0	0.0	1	9	0	0.0%
Kyle Fuller	CHI	0	5	5	100.0%	54	10.8	10.8	0	111.7	5.6	28	26	0	0	0	0.0	0	2	2	50.0%
Prince Amukamara	CHI	0	2	2	100.0%	18	9.0	9.0	0	104.2	6.5	13	5	0	0	0	0.0	0	4	0	0.0%
Nick Williams	CHI	0	1	1	100.0%	5	5.0	5.0	0	87.5	1.0	1	4	0	1	0	0.0	1	4	0	0.0%
Leonard Floyd	CHI	0	1	1	100.0%	6	6.0	6.0	0	91.7	-7.0	-7	13	3	0	0	0.0	0	1	1	50.0%
Sherrick McManis	CHI	0	1	1	100.0%	2	2.0	2.0	0	79.2	-3.0	-3	5	0	0	0	0.0	0	2	1	33.3%
Deon Bush	CHI	0	1	1	100.0%	8	8.0	8.0	0	100.0	4.0	4	4	0	0	0	0.0	0	1	0	0.0%
Ha Ha Clinton-Dix	CHI	0	2	1	50.0%	13	13.0	6.5	0	70.8	4.5	2	11	1	0	0	0.0	0	6	1	14.3%
Eddie Jackson	CHI	0	2	1	50.0%	23	23.0	11.5	0	91.7	3.5	3	20	2	0	0	0.0	0	4	0	0.0%
Khalil Mack	CHI	0	0	0										12	2	1	0.0	3	3	0	0.0%
Roy Robertson-Harris	CHI	0	0	0										0	1	0	0.0	1	4	1	20.0%
Buster Skrine	CHI	0	3	0	0.0%					39.6	4.7			0	0	0	0.0	0	0	0	
Player	Tm	Int	Tgt	Cmp	Cmp%	Yds	Yds/Cmp	Yds/Tgt	TD	Rat	DADOT	Air	YAC	Bltz	Hrry	QBKD	Sk	Prss	Comb	MTkl	MTkl%
Daryl Worley	OAK	0	8	6	75.0%	41	6.8	5.1	0	85.9	4.3	19	22	0	0	0	0.0	0	4	1	20.0%
Gareon Conley	OAK	1	5	4	80.0%	36	9.0	7.2	2	96.7	8.2	27	9	0	0	0	0.0	0	2	0	0.0%
Lamarcus Joyner	OAK	0	6	4	66.7%	65	16.3	10.8	0	102.8	10.3	32	33	2	0	0	0.0	0	3	0	0.0%
Karl Joseph	OAK	0	2	2	100.0%	51	25.5	25.5	0	118.7	25.0	50	1	2	0	1	0.0	1	4	1	20.0%
Tahir Whitehead	OAK	0	3	2	66.7%	10	5.0	3.3	0	71.5	-1.0	0	10	2	0	1	0.0	1	6	0	0.0%
Nicholas Morrow	OAK	1	2	2	100.0%	23	11.5	11.5	0	75.0	4.0	8	15	1	0	0	0.0	0	4	0	0.0%
Erik Harris	OAK	0	2	1	50.0%	4	4.0	2.0	0	56.2	9.0	3	1	1	0	0	0.0	0	6	0	0.0%
Josh Mauro	OAK	0	2	1	50.0%	1	1.0	0.5	0	56.2	0.0	-4	5	0	0	0	0.0	0	2	0	0.0%
Maurice Hurst	OAK	0	0	0										0	1	0	2.0	3	2	0	0.0%
Benson Mayowa	OAK	0	0	0										0	1	0	1.0	2	1	0	0.0%
Maxx Crosby	OAK	0	0	0										0	0	0	1.0	1	1	0	0.0%
P.J. Hall	OAK	0	0	0										0	0	0	0.0	0	2	1	33.3%"
