advanced_rushing = document.querySelectorAll("#rushing_advanced > tbody")[0].innerText;
advanced_receiving = document.querySelectorAll("#receiving_advanced > tbody")[0].innerText;
advanced_defense = document.querySelectorAll("#defense_advanced > tbody")[0].innerText;
advanced_passing = document.querySelectorAll("#passing_advanced > tbody")[0].innerText;
"Jared Goff	LAR	29	49	395	18	36.7	411	8.4	198	6.8	4.0	197	6.8	2	4.1%	11	22.4%	0	23	2	5	1	1.0
Player	Tm	Cmp	Att	Yds	1D	1D%	IAY	IAY/PA	CAY	CAY/Cmp	CAY/PA	YAC	YAC/Cmp	Drops	Drop%	BadTh	Bad%	Sk	Bltz	Hrry	Hits	Scrm	Yds/Scr
Russell Wilson	SEA	17	23	268	12	50.0	253	11.0	190	11.2	8.3	78	4.6	0	0.0%	4	18.2%	1	6	8	3	5	5.6"
advanced_rushing
"Todd Gurley	LAR	15	51	4	35	2.3	16	1.1	1	15.0
Malcolm Brown	LAR	1	3		2	2.0	1	1.0	0	
Brandin Cooks	LAR	1	27	1	27	27.0	0	0.0	0	
Jared Goff	LAR	1	1	0	1	1.0	0	0.0	0	
Player	Tm	Att	Yds	1D	YBC	YBC/Att	YAC	YAC/Att	BrkTkl	Att/Br
Chris Carson	SEA	27	118	8	36	1.3	82	3.0	3	9.0
Russell Wilson	SEA	8	32	2	29	3.6	3	0.4	0	
Rashaad Penny	SEA	6	18	0	15	2.5	3	0.5	0	
Will Dissly	SEA	1	7	0	5	5.0	2	2.0	0	
Tyler Lockett	SEA	1	-8	0	-8	-8.0	0	0.0	0	"
advanced_receiving
"Cooper Kupp	LAR	17	9	117	6	67	7.4	50	5.6	0		1	5.9
Gerald Everett	LAR	11	7	136	5	65	9.3	71	10.1	4	1.8	0	0.0
Robert Woods	LAR	9	5	48	2	26	5.2	22	4.4	0		0	0.0
Todd Gurley	LAR	5	3	6	0	0	0.0	6	2.0	0		1	20.0
Tyler Higbee	LAR	3	3	47	3	-1	-0.3	48	16.0	0		0	0.0
Brandin Cooks	LAR	3	1	29	1	29	29.0	0	0.0	0		0	0.0
Josh Reynolds	LAR	1	1	12	1	12	12.0	0	0.0	0		0	0.0
Player	Tm	Tgt	Rec	Yds	1D	YBC	YBC/R	YAC	YAC/R	BrkTkl	Rec/Br	Drop	Drop%
Will Dissly	SEA	4	4	81	3	55	13.8	26	6.5	0		0	0.0
Tyler Lockett	SEA	4	4	51	3	41	10.3	10	2.5	0		0	0.0
Jaron Brown	SEA	4	2	36	1	22	11.0	14	7.0	0		0	0.0
D.K. Metcalf	SEA	3	2	44	1	44	22.0	0	0.0	0		0	0.0
Rashaad Penny	SEA	2	2	31	1	20	10.0	11	5.5	0		0	0.0
Chris Carson	SEA	2	1	5	1	5	5.0	0	0.0	0		0	0.0
David Moore	SEA	2	1	10	1	-2	-2.0	12	12.0	1	1.0	0	0.0
Luke Willson	SEA	1	1	10	1	5	5.0	5	5.0	0		0	0.0"
advanced_defense
"Aqib Talib	LAR	0	7	4	57.1%	60	15.0	8.6	1	125.0	11.7	48	12	0	0	0	0.0	0	3	1	25.0%
Clay Matthews	LAR	0	2	2	100.0%	26	13.0	13.0	0	118.7	9.5	19	7	4	1	1	1.0	3	5	2	28.6%
Eric Weddle	LAR	0	3	2	66.7%	23	11.5	7.7	1	129.2	5.0	18	5	0	0	0	0.0	0	7	0	0.0%
Nickell Robey-Coleman	LAR	0	2	2	100.0%	22	11.0	11.0	0	112.5	3.5	7	15	0	0	0	0.0	0	2	0	0.0%
Troy Reeder	LAR	0	2	2	100.0%	36	18.0	18.0	0	118.7	11.0	22	14	0	0	0	0.0	0	13	1	7.1%
Samson Ebukam	LAR	0	1	1	100.0%	1	1.0	1.0	0	79.2	-5.0	-5	6	4	0	1	0.0	1	1	1	50.0%
Cory Littleton	LAR	0	1	1	100.0%	12	12.0	12.0	0	116.7	9.0	9	3	1	0	0	0.0	0	7	0	0.0%
Marcus Peters	LAR	0	4	1	25.0%	50	50.0	12.5	2	118.7	17.5	38	12	0	0	0	0.0	0	2	1	33.3%
Marqui Christian	LAR	0	1	1	100.0%	38	38.0	38.0	0	118.7	34.0	34	4	0	0	0	0.0	0	3	0	0.0%
Aaron Donald	LAR	0	0	0										0	3	1	0.0	4	3	0	0.0%
Dante Fowler	LAR	0	0	0										3	4	0	0.0	4	4	2	33.3%
Michael Brockers	LAR	0	0	0										0	1	0	0.0	1	6	1	14.3%
John Johnson	LAR	0	0	0										1	0	0	0.0	0	5	1	16.7%
Sebastian Joseph	LAR	0	0	0										0	0	0	0.0	0	6	1	14.3%
Player	Tm	Int	Tgt	Cmp	Cmp%	Yds	Yds/Cmp	Yds/Tgt	TD	Rat	DADOT	Air	YAC	Bltz	Hrry	QBKD	Sk	Prss	Comb	MTkl	MTkl%
K.J. Wright	SEA	0	14	11	78.6%	118	10.7	8.4	0	101.8	4.4	37	81	6	0	0	0.0	0	10	1	9.1%
Jamar Taylor	SEA	0	9	4	44.4%	61	15.3	6.8	0	67.4	8.7	31	30	5	0	0	0.0	0	1	0	0.0%
Tre Flowers	SEA	0	6	4	66.7%	61	15.3	10.2	0	100.0	17.0	30	31	0	0	0	0.0	0	5	3	37.5%
Bobby Wagner	SEA	0	4	3	75.0%	66	22.0	16.5	1	156.2	10.3	32	34	10	0	1	0.0	1	5	0	0.0%
Mychal Kendricks	SEA	0	2	2	100.0%	4	2.0	2.0	0	79.2	0.5	1	3	6	0	0	0.0	0	7	1	12.5%
Tedric Thompson	SEA	1	3	2	66.7%	30	15.0	10.0	0	59.7	9.0	20	10	0	0	0	0.0	0	3	1	25.0%
Shaquill Griffin	SEA	0	3	2	66.7%	44	22.0	14.7	0	109.7	12.3	37	7	0	0	0	0.0	0	4	0	0.0%
Bradley McDougald	SEA	0	6	1	16.7%	11	11.0	1.8	0	39.6	9.8	10	1	4	0	0	0.0	0	6	0	0.0%
Jadeveon Clowney	SEA	0	0	0										0	1	2	0.0	3	3	0	0.0%
Quinton Jefferson	SEA	0	0	0										0	0	2	0.0	2	1	0	0.0%
Rasheem Green	SEA	0	0	0										0	1	0	0.0	1	1	0	0.0%
Ezekiel Ansah	SEA	0	1	0	0.0%					39.6	3.0			0	0	0	0.0	0	1	0	0.0%
Al Woods	SEA	0	1	0	0.0%					39.6	1.0			0	0	0	0.0	0	2	0	0.0%"
