advanced_rushing = document.querySelectorAll("#rushing_advanced > tbody")[0].innerText;
advanced_receiving = document.querySelectorAll("#receiving_advanced > tbody")[0].innerText;
advanced_defense = document.querySelectorAll("#defense_advanced > tbody")[0].innerText;
advanced_passing = document.querySelectorAll("#passing_advanced > tbody")[0].innerText;
"Baker Mayfield	CLE	8	22	100	5	19.2	228	10.4	56	7.0	2.5	44	5.5	3	15.0%	4	20.0%	4	5	4	3	0	
Odell Beckham	CLE	1	1	20	1	100.0	15	15.0	15	15.0	15.0	5	5.0	0	0.0%	0	0.0%	0	0	0	0	0	
Garrett Gilbert	CLE	0	1	0			4	4.0	0		0.0	0		0	0.0%	0	0.0%	0	0	0	0	0	
Player	Tm	Cmp	Att	Yds	1D	1D%	IAY	IAY/PA	CAY	CAY/Cmp	CAY/PA	YAC	YAC/Cmp	Drops	Drop%	BadTh	Bad%	Sk	Bltz	Hrry	Hits	Scrm	Yds/Scr
Jimmy Garoppolo	SFO	20	29	181	11	35.5	181	6.2	110	5.5	3.8	71	3.6	1	3.6%	3	10.7%	2	13	0	2	0	"
advanced_rushing
"Nick Chubb	CLE	16	87	2	65	4.1	22	1.4	2	8.0
Odell Beckham	CLE	2	15	1	9	4.5	6	3.0	1	2.0
Player	Tm	Att	Yds	1D	YBC	YBC/Att	YAC	YAC/Att	BrkTkl	Att/Br
Tevin Coleman	SFO	16	97	5	70	4.4	27	1.7	1	16.0
Matt Breida	SFO	11	114	2	100	9.1	14	1.3	0	
Raheem Mostert	SFO	7	34	1	15	2.1	19	2.7	1	7.0
Jimmy Garoppolo	SFO	4	-3	0	-3	-0.8	0	0.0	0	
Marquise Goodwin	SFO	1	15	1	15	15.0	0	0.0	0	
George Kittle	SFO	1	18	1	18	18.0	0	0.0	0	"
advanced_receiving
"Jarvis Landry	CLE	6	4	75	4	64	16.0	11	2.8	0		1	16.7
Odell Beckham	CLE	6	2	27	1	18	9.0	9	4.5	0		1	16.7
Nick Chubb	CLE	1	1	12	1	-3	-3.0	15	15.0	0		0	0.0
Demetrius Harris	CLE	2	1	0		-5	-5.0	5	5.0	0		0	0.0
D'Ernest Johnson	CLE	1	1	6		-3	-3.0	9	9.0	0		0	0.0
Antonio Callaway	CLE	3	0	0		0		0		0		1	33.3
Damion Ratley	CLE	2	0	0		0		0		0		0	0.0
Ricky Seals-Jones	CLE	1	0	0		0		0		0		0	0.0
Player	Tm	Tgt	Rec	Yds	1D	YBC	YBC/R	YAC	YAC/R	BrkTkl	Rec/Br	Drop	Drop%
George Kittle	SFO	8	6	70	4	40	6.7	30	5.0	1	6.0	0	0.0
Matt Breida	SFO	3	3	15	1	9	3.0	6	2.0	0		0	0.0
Marquise Goodwin	SFO	4	3	41	2	37	12.3	4	1.3	0		0	0.0
Kendrick Bourne	SFO	2	2	24	2	21	10.5	3	1.5	0		0	0.0
Ross Dwelley	SFO	2	2	-3		-4	-2.0	1	0.5	0		0	0.0
Kyle Juszczyk	SFO	3	2	20	1	1	0.5	19	9.5	0		0	0.0
Dante Pettis	SFO	3	1	11	1	11	11.0	0	0.0	0		1	33.3
Deebo Samuel	SFO	3	1	3		-5	-5.0	8	8.0	0		0	0.0"
advanced_defense
"Joe Schobert	CLE	0	4	4	100.0%	24	6.0	6.0	0	91.7	1.0	4	20	1	0	0	0.0	0	11	1	8.3%
Terrance Mitchell	CLE	0	6	3	50.0%	19	6.3	3.2	0	56.9	6.7	17	2	0	0	0	0.0	0	3	0	0.0%
Mack Wilson	CLE	0	3	3	100.0%	15	5.0	5.0	1	127.1	0.7	2	13	7	0	0	0.0	0	6	1	14.3%
Damarious Randall	CLE	0	5	3	60.0%	42	14.0	8.4	1	126.7	11.4	39	3	0	0	0	0.0	0	8	0	0.0%
Jermaine Whitehead	CLE	0	3	2	66.7%	25	12.5	8.3	0	92.4	10.0	15	10	4	0	1	0.0	1	8	1	11.1%
T.J. Carrie	CLE	0	3	2	66.7%	33	16.5	11.0	0	103.5	15.3	31	2	0	0	0	0.0	0	2	1	33.3%
Eric Murray	CLE	0	3	2	66.7%	11	5.5	3.7	0	72.9	1.7	5	6	1	0	0	0.0	0	4	1	20.0%
Morgan Burnett	CLE	0	1	1	100.0%	12	12.0	12.0	0	116.7	-3.0	-3	15	1	0	0	0.0	0	1	0	0.0%
Chad Thomas	CLE	0	0	0										0	0	0	1.0	1	3	0	0.0%
Larry Ogunjobi	CLE	0	0	0										0	0	1	0.0	1	3	1	25.0%
Myles Garrett	CLE	0	0	0										0	0	0	1.0	1	2	0	0.0%
Olivier Vernon	CLE	0	0	0										0	0	0	0.0	0	2	1	33.3%
Player	Tm	Int	Tgt	Cmp	Cmp%	Yds	Yds/Cmp	Yds/Tgt	TD	Rat	DADOT	Air	YAC	Bltz	Hrry	QBKD	Sk	Prss	Comb	MTkl	MTkl%
Richard Sherman	SFO	1	9	4	44.4%	75	18.8	8.3	0	34.3	16.4	68	7	0	0	0	0.0	0	4	0	0.0%
Kwon Alexander	SFO	0	2	2	100.0%	18	9.0	9.0	0	104.2	-3.0	-6	24	3	0	0	0.5	1	2	1	33.3%
Emmanuel Moseley	SFO	0	3	1	33.3%	7	7.0	2.3	0	42.4	15.3	-1	8	0	0	0	0.0	0	0	0	
Jaquiski Tartt	SFO	0	3	1	33.3%	0	0.0	0.0	0	42.4	3.7	-5	5	0	0	0	0.0	0	5	0	0.0%
Jimmie Ward	SFO	0	1	1	100.0%	20	20.0	20.0	0	118.7	15.0	15	5	0	0	0	0.0	0	3	0	0.0%
Nick Bosa	SFO	0	0	0										0	2	3	2.0	7	4	0	0.0%
K'Waun Williams	SFO	1	3	0	0.0%					0.0	9.7			2	0	0	0.5	1	2	0	0.0%
DeForest Buckner	SFO	0	0	0										0	0	0	1.0	1	4	1	20.0%
Ronald Blair	SFO	0	0	0										0	1	0	0.0	1	1	0	0.0%
Fred Warner	SFO	0	1	0	0.0%					39.6	4.0			1	0	0	0.0	0	6	1	14.3%
Dre Greenlaw	SFO	0	0	0										1	0	0	0.0	0	0	0	"
