advanced_rushing = document.querySelectorAll("#rushing_advanced > tbody")[0].innerText;
advanced_receiving = document.querySelectorAll("#receiving_advanced > tbody")[0].innerText;
advanced_defense = document.querySelectorAll("#defense_advanced > tbody")[0].innerText;
advanced_passing = document.querySelectorAll("#passing_advanced > tbody")[0].innerText;
"Jeff Driskel	CIN	13	19	133	7	31.8	86	4.5	52	4.0	2.7	81	6.2	1	5.3%	4	21.1%	3	13	3	2	3	6.3
Player	Tm	Cmp	Att	Yds	1D	1D%	IAY	IAY/PA	CAY	CAY/Cmp	CAY/PA	YAC	YAC/Cmp	Drops	Drop%	BadTh	Bad%	Sk	Bltz	Hrry	Hits	Scrm	Yds/Scr
Baker Mayfield	CLE	27	37	284	13	35.1	255	6.9	116	4.3	3.1	168	6.2	2	5.4%	6	16.2%	0	9	3	0	3	6.3
Jarvis Landry	CLE	1	1	63	1	100.0	46	46.0	46	46.0	46.0	17	17.0	0	0.0%	0	0.0%	0	0	0	0	0	"
advanced_rushing
"Joe Mixon	CIN	17	68	5	36	2.1	32	1.9	1	17.0
Jeff Driskel	CIN	5	21	1	7	1.4	14	2.8	0	
Clayton Fejedelem	CIN	1	6	1	6	6.0	0	0.0	0	
John Ross	CIN	1	7	0	3	3.0	4	4.0	0	
Player	Tm	Att	Yds	1D	YBC	YBC/Att	YAC	YAC/Att	BrkTkl	Att/Br
Nick Chubb	CLE	19	112	5	40	2.1	72	3.8	1	19.0
Baker Mayfield	CLE	6	16	2	12	2.0	4	0.7	0	
Duke Johnson	CLE	2	12	1	3	1.5	9	4.5	0	
Jarvis Landry	CLE	1	6	0	5	5.0	1	1.0	0	"
advanced_receiving
"C.J. Uzomah	CIN	5	4	49	3	19	4.8	30	7.5	3	1.3	0	0.0
Giovani Bernard	CIN	2	2	0		-1	-0.5	1	0.5	0		0	0.0
Cody Core	CIN	3	2	36	1	28	14.0	8	4.0	0		0	0.0
Alex Erickson	CIN	2	2	35	1	4	2.0	31	15.5	0		0	0.0
Joe Mixon	CIN	2	2	10	1	-1	-0.5	11	5.5	0		0	0.0
John Ross	CIN	5	1	3	1	3	3.0	0	0.0	0		1	20.0
Player	Tm	Tgt	Rec	Yds	1D	YBC	YBC/R	YAC	YAC/R	BrkTkl	Rec/Br	Drop	Drop%
Rashard Higgins	CLE	7	6	60	3	33	5.5	27	4.5	1	6.0	0	0.0
Duke Johnson	CLE	6	6	54	2	19	3.2	35	5.8	1	6.0	0	0.0
Jarvis Landry	CLE	8	4	47	2	44	11.0	3	0.8	0		2	25.0
Darren Fells	CLE	3	3	18	2	0	0.0	18	6.0	0		0	0.0
David Njoku	CLE	4	3	73	2	11	3.7	62	20.7	1	3.0	0	0.0
Nick Chubb	CLE	3	2	3	0	-3	-1.5	6	3.0	0		0	0.0
Breshad Perriman	CLE	4	2	76	2	57	28.5	19	9.5	0		0	0.0
Seth Devalve	CLE	1	1	1		1	1.0	0	0.0	0		0	0.0
Dontrell Hilliard	CLE	1	1	15	1	0	0.0	15	15.0	0		0	0.0
Antonio Callaway	CLE	1	0	0		0		0		0		0	0.0"
advanced_defense
"Jessie Bates	CIN	0	8	7	87.5%	153	21.9	19.1	0	118.7	9.4	55	98	0	0	0	0.0	0	9	0	0.0%
Hardy Nickerson	CIN	0	5	5	100.0%	25	5.0	5.0	1	127.1	-0.6	-3	28	1	0	0	0.0	0	5	0	0.0%
Darqueze Dennard	CIN	0	7	4	57.1%	35	8.8	5.0	0	70.5	7.7	31	4	2	0	0	0.0	0	7	1	12.5%
Darius Phillips	CIN	0	5	3	60.0%	32	10.7	6.4	0	78.7	14.0	14	18	0	0	0	0.0	0	5	1	16.7%
Nick Vigil	CIN	0	4	3	75.0%	30	10.0	7.5	0	95.8	1.3	7	23	6	0	0	0.0	0	6	0	0.0%
William Jackson	CIN	0	4	3	75.0%	48	16.0	12.0	1	154.2	14.5	36	12	0	0	0	0.0	0	2	1	33.3%
Vontaze Burfict	CIN	0	1	1	100.0%	4	4.0	4.0	0	83.3	4.0	4	0	1	0	0	0.0	0	2	0	0.0%
Shawn Williams	CIN	0	3	1	33.3%	3	3.0	1.0	1	81.9	7.7	3	0	0	0	0	0.0	0	7	0	0.0%
Geno Atkins	CIN	0	0	0										0	1	0	0.0	1	2	0	0.0%
Andrew Billings	CIN	0	0	0										0	1	0	0.0	1	1	1	50.0%
Michael Johnson	CIN	0	0	0										0	1	0	0.0	1	2	0	0.0%
Dre Kirkpatrick	CIN	0	1	0	0.0%					39.6	20.0			0	0	0	0.0	0	1	0	0.0%
Player	Tm	Int	Tgt	Cmp	Cmp%	Yds	Yds/Cmp	Yds/Tgt	TD	Rat	DADOT	Air	YAC	Bltz	Hrry	QBKD	Sk	Prss	Comb	MTkl	MTkl%
Denzel Ward	CLE	0	7	3	42.9%	35	11.7	5.0	0	58.6	4.0	27	8	0	0	0	0.0	0	5	0	0.0%
Damarious Randall	CLE	0	2	2	100.0%	26	13.0	13.0	0	118.7	-0.5	-1	27	1	1	0	0.0	1	3	1	25.0%
Jamie Collins	CLE	0	2	2	100.0%	20	10.0	10.0	0	108.3	3.0	6	14	3	1	0	0.0	1	3	0	0.0%
Terrance Mitchell	CLE	0	3	2	66.7%	7	3.5	2.3	1	109.7	8.3	6	1	0	0	0	0.0	0	1	0	0.0%
Jabrill Peppers	CLE	0	3	2	66.7%	10	5.0	3.3	1	111.1	8.0	10	0	2	0	0	0.0	0	4	1	20.0%
T.J. Carrie	CLE	0	1	1	100.0%	28	28.0	28.0	0	118.7	0.0	0	28	0	0	0	0.0	0	2	0	0.0%
Briean Boddy-Calhoun	CLE	0	1	1	100.0%	7	7.0	7.0	0	95.8	4.0	4	3	0	0	0	0.0	0	1	0	0.0%
Joe Schobert	CLE	0	0	0										8	2	0	1.0	3	3	1	25.0%
Myles Garrett	CLE	0	0	0										0	2	1	0.0	3	5	1	16.7%
Emmanuel Ogbah	CLE	0	0	0										0	0	1	0.0	1	3	0	0.0%
Genard Avery	CLE	0	0	0										4	0	0	1.0	1	4	0	0.0%
Larry Ogunjobi	CLE	0	0	0										0	0	0	1.0	1	4	1	20.0%
Derrick Kindred	CLE	0	0	0										2	0	0	0.0	0	3	0	0.0%"
