advanced_rushing = document.querySelectorAll("#rushing_advanced > tbody")[0].innerText;
advanced_receiving = document.querySelectorAll("#receiving_advanced > tbody")[0].innerText;
advanced_defense = document.querySelectorAll("#defense_advanced > tbody")[0].innerText;
advanced_passing = document.querySelectorAll("#passing_advanced > tbody")[0].innerText;
"Eli Manning	NYG	25	33	309	17	51.5	224	6.8	148	5.9	4.5	161	6.4	0	0.0%	4	12.9%	0	11	4	3	0	
Player	Tm	Cmp	Att	Yds	1D	1D%	IAY	IAY/PA	CAY	CAY/Cmp	CAY/PA	YAC	YAC/Cmp	Drops	Drop%	BadTh	Bad%	Sk	Bltz	Hrry	Hits	Scrm	Yds/Scr
Andrew Luck	IND	31	47	357	19	39.6	414	8.8	235	7.6	5.0	122	3.9	3	6.7%	8	17.8%	1	13	4	4	1	14.0"
advanced_rushing
"Saquon Barkley	NYG	21	43	1	35	1.7	8	0.4	1	21.0
Evan Engram	NYG	2	26	2	24	12.0	2	1.0	0	
Wayne Gallman	NYG	2	12		8	4.0	4	2.0	0	
Eli Manning	NYG	2	0	1	-1	-0.5	1	0.5	0	
Corey Coleman	NYG	1	5		5	5.0	0	0.0	0	
Sterling Shepard	NYG	1	-3	0	-3	-3.0	0	0.0	0	
Player	Tm	Att	Yds	1D	YBC	YBC/Att	YAC	YAC/Att	BrkTkl	Att/Br
Marlon Mack	IND	12	34	3	28	2.3	6	0.5	0	
Nyheim Hines	IND	2	2	1	1	0.5	1	0.5	0	
Andrew Luck	IND	2	13	1	8	4.0	5	2.5	1	2.0"
advanced_receiving
"Sterling Shepard	NYG	7	6	113	5	89	14.8	24	4.0	0		0	0.0
Evan Engram	NYG	6	6	87	5	53	8.8	34	5.7	0		0	0.0
Saquon Barkley	NYG	7	5	34	2	-15	-3.0	49	9.8	2	2.5	0	0.0
Scott Simonson	NYG	3	3	16	2	5	1.7	11	3.7	0		0	0.0
Rhett Ellison	NYG	2	2	18	1	2	1.0	16	8.0	0		0	0.0
Bennie Fowler	NYG	3	1	26	1	3	3.0	23	23.0	1	1.0	0	0.0
Cody Latimer	NYG	1	1	10	1	10	10.0	0	0.0	0		0	0.0
Elijhaa Penny	NYG	1	1	5		1	1.0	4	4.0	0		0	0.0
Corey Coleman	NYG	1	0	0		0		0		0		0	0.0
Player	Tm	Tgt	Rec	Yds	1D	YBC	YBC/R	YAC	YAC/R	BrkTkl	Rec/Br	Drop	Drop%
T.Y. Hilton	IND	8	7	138	5	90	12.9	48	6.9	0		0	0.0
Chester Rogers	IND	7	7	54	5	16	2.3	38	5.4	1	7.0	0	0.0
Nyheim Hines	IND	5	4	41	2	34	8.5	7	1.8	0		0	0.0
Dontrelle Inman	IND	5	4	46	3	38	9.5	8	2.0	1	4.0	1	20.0
Zach Pascal	IND	7	4	41	2	27	6.8	14	3.5	0		1	14.3
Eric Ebron	IND	5	3	28	2	23	7.7	5	1.7	0		0	0.0
Ryan Grant	IND	3	1	5		5	5.0	0	0.0	0		1	33.3
Marlon Mack	IND	3	1	4	0	2	2.0	2	2.0	0		0	0.0
Mo Alie-Cox	IND	1	0	0		0		0		0		0	0.0"
advanced_defense
"Tae Davis	NYG	0	7	5	71.4%	60	12.0	8.6	1	136.9	6.7	47	13	4	1	0	1.0	2	8	1	11.1%
Grant Haley	NYG	0	5	5	100.0%	24	4.8	4.8	1	126.2	1.0	5	19	3	0	0	0.0	0	4	0	0.0%
B.W. Webb	NYG	0	8	5	62.5%	88	17.6	11.0	0	100.0	16.1	54	34	2	0	0	0.0	0	5	0	0.0%
B.J. Goodson	NYG	0	4	4	100.0%	17	4.3	4.3	0	84.4	2.3	9	8	5	1	0	0.0	1	6	1	14.3%
Curtis Riley	NYG	1	5	3	60.0%	30	10.0	6.0	0	37.5	14.6	22	8	2	0	0	0.0	0	6	1	14.3%
Michael Thomas	NYG	0	7	3	42.9%	46	15.3	6.6	0	65.2	10.4	34	12	1	0	0	0.0	0	7	1	12.5%
Janoris Jenkins	NYG	0	5	3	60.0%	36	12.0	7.2	0	82.1	8.0	25	11	0	0	0	0.0	0	2	1	33.3%
Sean Chandler	NYG	0	3	2	66.7%	44	22.0	14.7	0	109.7	23.3	41	3	1	0	1	0.0	1	2	0	0.0%
Kareem Martin	NYG	0	2	2	100.0%	15	7.5	7.5	0	97.9	1.0	2	13	1	0	0	0.0	0	1	1	50.0%
Ukeme Eligwe	NYG	0	1	1	100.0%	8	8.0	8.0	0	100.0	6.0	6	2	0	0	0	0.0	0	1	0	0.0%
Olivier Vernon	NYG	0	0	0										3	0	2	0.0	2	2	0	0.0%
Lorenzo Carter	NYG	0	0	0										0	1	1	0.0	2	1	0	0.0%
Player	Tm	Int	Tgt	Cmp	Cmp%	Yds	Yds/Cmp	Yds/Tgt	TD	Rat	DADOT	Air	YAC	Bltz	Hrry	QBKD	Sk	Prss	Comb	MTkl	MTkl%
Darius Leonard	IND	0	6	6	100.0%	58	9.7	9.7	1	146.5	5.5	33	25	3	0	0	0.0	0	9	0	0.0%
Pierre Desir	IND	0	6	4	66.7%	79	19.8	13.2	0	109.7	13.5	49	30	0	0	0	0.0	0	4	1	20.0%
Matthew Adams	IND	0	4	3	75.0%	52	17.3	13.0	0	116.7	-0.3	1	51	3	1	0	0.0	1	5	4	44.4%
Kenny Moore	IND	0	4	3	75.0%	29	9.7	7.3	0	94.8	3.3	1	28	4	0	0	0.0	0	5	1	16.7%
Mike Mitchell	IND	0	2	2	100.0%	18	9.0	9.0	0	104.2	7.5	15	3	0	0	0	0.0	0	4	1	20.0%
Quincy Wilson	IND	0	2	2	100.0%	37	18.5	18.5	0	118.7	16.0	32	5	0	0	0	0.0	0	3	1	25.0%
Zaire Franklin	IND	0	2	2	100.0%	21	10.5	10.5	0	110.4	3.0	6	15	4	0	0	0.0	0	6	0	0.0%
George Odum	IND	0	2	2	100.0%	22	11.0	11.0	0	112.5	7.0	14	8	0	0	0	0.0	0	9	0	0.0%
Nate Hairston	IND	0	1	1	100.0%	8	8.0	8.0	0	100.0	7.0	7	1	0	0	0	0.0	0	1	0	0.0%
Jabaal Sheard	IND	0	1	1	100.0%	8	8.0	8.0	0	100.0	3.0	3	5	0	0	0	0.0	0	3	0	0.0%
J.J. Wilcox	IND	0	2	1	50.0%	5	5.0	2.5	0	56.2	2.0	5	0	2	0	0	0.0	0	2	0	0.0%
Margus Hunt	IND	0	0	0										0	2	1	0.0	3	1	0	0.0%
Ahmad Thomas	IND	0	0	0										0	1	0	0.0	1	1	0	0.0%
Tyquan Lewis	IND	0	0	0										0	0	1	0.0	1	2	0	0.0%
Kemoko Turay	IND	0	0	0										0	0	1	0.0	1	0	0	
Malik Hooker	IND	1	1	0	0.0%					0.0	29.0			0	0	0	0.0	0	6	0	0.0%"
