advanced_rushing = document.querySelectorAll("#rushing_advanced > tbody")[0].innerText;
advanced_receiving = document.querySelectorAll("#receiving_advanced > tbody")[0].innerText;
advanced_defense = document.querySelectorAll("#defense_advanced > tbody")[0].innerText;
advanced_passing = document.querySelectorAll("#passing_advanced > tbody")[0].innerText;
"Jared Goff	LAR	19	24	216	11	42.3	185	7.7	135	7.1	5.6	81	4.3	0	0.0%	1	4.3%	2	16	1	2	0	
Player	Tm	Cmp	Att	Yds	1D	1D%	IAY	IAY/PA	CAY	CAY/Cmp	CAY/PA	YAC	YAC/Cmp	Drops	Drop%	BadTh	Bad%	Sk	Bltz	Hrry	Hits	Scrm	Yds/Scr
Josh Rosen	ARI	12	23	87	2	7.4	207	9.0	42	3.5	1.8	45	3.8	1	4.3%	5	21.7%	4	3	1	4	4	12.3
Mike Glennon	ARI	5	7	63	3	42.9	54	7.7	44	8.8	6.3	19	3.8	0	0.0%	1	14.3%	0	1	0	0	0	
Larry Fitzgerald	ARI	1	1	32	1	100.0	28	28.0	28	28.0	28.0	4	4.0	0	0.0%	0	0.0%	0	0	0	0	0	"
advanced_rushing
"C.J. Anderson	LAR	20	167	9	52	2.6	115	5.8	1	20.0
John Kelly	LAR	10	40	3	18	1.8	22	2.2	1	10.0
Brandin Cooks	LAR	3	27	2	25	8.3	2	0.7	0	
Gerald Everett	LAR	2	16	1	12	6.0	4	2.0	1	2.0
Jared Goff	LAR	2	6	1	4	2.0	2	1.0	0	
Sean Mannion	LAR	2	-2		-2	-1.0	0	0.0	0	
Robert Woods	LAR	2	15	2	14	7.0	1	0.5	0	
Player	Tm	Att	Yds	1D	YBC	YBC/Att	YAC	YAC/Att	BrkTkl	Att/Br
David Johnson	ARI	10	35	1	20	2.0	15	1.5	1	10.0
Chase Edmonds	ARI	4	20	2	20	5.0	0	0.0	0	
Josh Rosen	ARI	4	49	3	38	9.5	11	2.8	0	"
advanced_receiving
"Robert Woods	LAR	7	6	89	4	50	8.3	39	6.5	0		0	0.0
Gerald Everett	LAR	6	5	28	2	26	5.2	2	0.4	0		0	0.0
Brandin Cooks	LAR	3	3	35	2	35	11.7	0	0.0	0		0	0.0
Josh Reynolds	LAR	2	2	44	2	23	11.5	21	10.5	0		0	0.0
C.J. Anderson	LAR	3	1	-5	0	-7	-7.0	2	2.0	1	1.0	0	0.0
Tyler Higbee	LAR	1	1	16	1	4	4.0	12	12.0	1	1.0	0	0.0
John Kelly	LAR	1	1	9	0	4	4.0	5	5.0	0		0	0.0
Player	Tm	Tgt	Rec	Yds	1D	YBC	YBC/R	YAC	YAC/R	BrkTkl	Rec/Br	Drop	Drop%
Larry Fitzgerald	ARI	9	6	53	1	19	3.2	34	5.7	0		0	0.0
Trent Sherfield	ARI	6	6	62	3	38	6.3	24	4.0	0		0	0.0
Chase Edmonds	ARI	2	1	1	0	-1	-1.0	2	2.0	0		0	0.0
David Johnson	ARI	5	1	32	1	28	28.0	4	4.0	0		0	0.0
John Phillips	ARI	1	1	9		5	5.0	4	4.0	0		0	0.0
Ricky Seals-Jones	ARI	1	1	3		3	3.0	0	0.0	0		0	0.0
Jalen Tolliver	ARI	3	1	15	1	15	15.0	0	0.0	0		0	0.0
Chad Williams	ARI	4	1	7		7	7.0	0	0.0	0		1	25.0"
advanced_defense
"Cory Littleton	LAR	0	4	3	75.0%	15	5.0	3.8	0	80.2	6.3	10	5	2	0	0	0.0	0	9	0	0.0%
Aqib Talib	LAR	0	5	3	60.0%	25	8.3	5.0	0	72.9	18.0	16	9	0	0	0	0.0	0	2	0	0.0%
Ramik Wilson	LAR	0	3	2	66.7%	24	12.0	8.0	0	91.0	6.7	20	4	0	0	0	0.0	0	3	0	0.0%
John Johnson	LAR	0	2	2	100.0%	9	4.5	4.5	0	85.4	1.5	3	6	0	0	0	0.0	0	5	0	0.0%
Mark Barron	LAR	0	4	2	50.0%	10	5.0	2.5	0	56.2	5.0	10	0	0	0	0	0.0	0	3	0	0.0%
Marcus Peters	LAR	0	3	2	66.7%	17	8.5	5.7	0	81.2	2.3	6	11	0	0	0	0.0	0	1	1	50.0%
Troy Hill	LAR	0	4	2	50.0%	24	12.0	6.0	0	68.7	16.0	18	6	0	0	0	0.0	0	3	0	0.0%
Blake Countess	LAR	0	2	1	50.0%	15	15.0	7.5	0	75.0	3.5	6	9	0	0	0	0.0	0	1	1	50.0%
Aaron Donald	LAR	0	0	0										0	2	1	3.0	6	7	0	0.0%
Ndamukong Suh	LAR	0	0	0										0	0	1	1.0	2	5	0	0.0%
Dante Fowler	LAR	0	0	0										2	0	2	0.0	2	0	0	
Lamarcus Joyner	LAR	0	3	0	0.0%					39.6	11.7			1	1	0	0.0	1	3	0	0.0%
Bryce Hager	LAR	0	0	0										1	0	0	0.0	0	1	0	0.0%
Nickell Robey-Coleman	LAR	0	1	0	0.0%					39.6	15.0			0	0	0	0.0	0	1	0	0.0%
Player	Tm	Int	Tgt	Cmp	Cmp%	Yds	Yds/Cmp	Yds/Tgt	TD	Rat	DADOT	Air	YAC	Bltz	Hrry	QBKD	Sk	Prss	Comb	MTkl	MTkl%
Antoine Bethea	ARI	0	6	4	66.7%	32	8.0	5.3	0	79.9	12.7	26	6	2	1	0	0.0	1	7	4	36.4%
Budda Baker	ARI	0	5	4	80.0%	28	7.0	5.6	0	90.0	1.6	10	18	4	0	0	0.0	0	3	2	40.0%
Deone Bucannon	ARI	0	4	4	100.0%	33	8.3	8.3	0	101.0	4.8	19	14	5	0	0	0.0	0	7	0	0.0%
Tre Boston	ARI	0	4	3	75.0%	68	22.7	17.0	1	156.2	19.8	42	26	0	0	0	0.0	0	8	1	11.1%
Haason Reddick	ARI	0	3	2	66.7%	11	5.5	3.7	0	72.9	3.0	11	0	10	0	0	1.0	1	9	1	10.0%
Brandon Williams	ARI	0	2	2	100.0%	65	32.5	32.5	1	158.3	17.0	34	31	0	0	0	0.0	0	2	1	33.3%
Zach Moore	ARI	0	1	1	100.0%	11	11.0	11.0	0	112.5	3.0	3	8	0	0	0	0.0	0	1	0	0.0%
Patrick Peterson	ARI	0	1	1	100.0%	18	18.0	18.0	0	118.7	18.0	18	0	0	0	0	0.0	0	3	0	0.0%
Benson Mayowa	ARI	0	0	0										0	0	1	1.0	2	3	1	25.0%
Vontarrius Dora	ARI	0	0	0										0	0	1	0.0	1	2	1	33.3%
Corey Peters	ARI	0	0	0										0	0	0	0.0	0	2	1	33.3%"
