advanced_rushing = document.querySelectorAll("#rushing_advanced > tbody")[0].innerText;
advanced_receiving = document.querySelectorAll("#receiving_advanced > tbody")[0].innerText;
advanced_defense = document.querySelectorAll("#defense_advanced > tbody")[0].innerText;
advanced_passing = document.querySelectorAll("#passing_advanced > tbody")[0].innerText;
"Kirk Cousins	MIN	21	28	253	11	36.7	308	11.0	164	7.8	5.9	89	4.2	1	3.6%	6	21.4%	2	11	1	0	0	
Player	Tm	Cmp	Att	Yds	1D	1D%	IAY	IAY/PA	CAY	CAY/Cmp	CAY/PA	YAC	YAC/Cmp	Drops	Drop%	BadTh	Bad%	Sk	Bltz	Hrry	Hits	Scrm	Yds/Scr
Matthew Stafford	DET	18	32	116	8	23.5	231	7.2	48	2.7	1.5	68	3.8	3	9.4%	9	28.1%	2	12	0	0	0	
Matt Cassel	DET	5	11	45	2	16.7	75	6.8	20	4.0	1.8	25	5.0	1	10.0%	3	30.0%	1	1	0	0	1	14.0"
advanced_rushing
"Dalvin Cook	MIN	16	73	3	37	2.3	36	2.3	1	16.0
Latavius Murray	MIN	9	22	1	14	1.6	8	0.9	0	
Kirk Cousins	MIN	1	1	0	1	1.0	0	0.0	0	
C.J. Ham	MIN	1	1		0	0.0	1	1.0	0	
Adam Thielen	MIN	1	3	0	0	0.0	3	3.0	0	
Player	Tm	Att	Yds	1D	YBC	YBC/Att	YAC	YAC/Att	BrkTkl	Att/Br
LeGarrette Blount	DET	11	29	1	11	1.0	18	1.6	0	
Zach Zenner	DET	8	45	1	11	1.4	34	4.3	0	
Theo Riddick	DET	3	-2	0	-2	-0.7	0	0.0	0	
Matt Cassel	DET	1	14	1	-5	-5.0	19	19.0	0	"
advanced_receiving
"Kyle Rudolph	MIN	9	9	122	4	86	9.6	36	4.0	0		0	0.0
Adam Thielen	MIN	6	5	80	3	74	14.8	6	1.2	0		0	0.0
Dalvin Cook	MIN	3	3	35	2	-7	-2.3	42	14.0	0		0	0.0
Stefon Diggs	MIN	6	2	10	1	7	3.5	3	1.5	0		1	16.7
Latavius Murray	MIN	2	2	6	1	4	2.0	2	1.0	0		0	0.0
Aldrick Robinson	MIN	2	0	0		0		0		0		0	0.0
Player	Tm	Tgt	Rec	Yds	1D	YBC	YBC/R	YAC	YAC/R	BrkTkl	Rec/Br	Drop	Drop%
Kenny Golladay	DET	15	6	58	4	36	6.0	22	3.7	0		1	6.7
T.J. Jones	DET	6	6	42	1	29	4.8	13	2.2	0		0	0.0
Theo Riddick	DET	5	4	7	1	-14	-3.5	21	5.3	0		0	0.0
LeGarrette Blount	DET	4	2	-5	0	-7	-3.5	2	1.0	0		2	50.0
Zach Zenner	DET	3	2	22	2	6	3.0	16	8.0	0		1	33.3
Andy Jones	DET	5	1	12	1	10	10.0	2	2.0	0		0	0.0
Brandon Powell	DET	2	1	9		5	5.0	4	4.0	0		0	0.0
Levine Toilolo	DET	1	1	16	1	3	3.0	13	13.0	0		0	0.0
Jerome Cunningham	DET	1	0	0		0		0		0		0	0.0"
advanced_defense
"Xavier Rhodes	MIN	0	11	6	54.5%	71	11.8	6.5	0	74.4	14.2	48	23	0	0	0	0.0	0	6	0	0.0%
Eric Wilson	MIN	0	6	4	66.7%	24	6.0	4.0	0	74.3	-0.2	-2	26	4	0	0	1.0	1	9	1	10.0%
Trae Waynes	MIN	0	5	4	80.0%	20	5.0	4.0	0	83.3	5.4	11	9	0	0	0	0.0	0	3	0	0.0%
Mackensie Alexander	MIN	0	6	3	50.0%	22	7.3	3.7	0	59.0	6.0	10	12	1	0	0	0.0	0	4	0	0.0%
Ben Gedeon	MIN	0	4	2	50.0%	16	8.0	4.0	0	60.4	2.5	8	8	1	0	0	0.0	0	8	0	0.0%
Anthony Barr	MIN	0	3	2	66.7%	11	5.5	3.7	0	72.9	0.7	-2	13	6	0	0	0.0	0	5	0	0.0%
Anthony Harris	MIN	0	1	1	100.0%	0	0.0	0.0	0	79.2	-2.0	-2	2	0	0	0	0.0	0	5	0	0.0%
Everson Griffen	MIN	0	0	0										0	0	0	1.0	1	2	2	50.0%
Kentrell Brothers	MIN	0	1	0	0.0%					39.6	8.0			1	0	0	1.0	1	2	0	0.0%
Harrison Smith	MIN	0	0	0										3	0	0	0.0	0	7	0	0.0%
Player	Tm	Int	Tgt	Cmp	Cmp%	Yds	Yds/Cmp	Yds/Tgt	TD	Rat	DADOT	Air	YAC	Bltz	Hrry	QBKD	Sk	Prss	Comb	MTkl	MTkl%
Nevin Lawson	DET	0	4	3	75.0%	27	9.0	6.8	0	92.7	11.3	25	2	1	0	0	1.0	1	5	0	0.0%
Jarrad Davis	DET	0	3	3	100.0%	17	5.7	5.7	0	90.3	-1.0	-3	20	4	0	0	0.0	0	4	1	20.0%
Quandre Diggs	DET	0	3	3	100.0%	29	9.7	9.7	0	106.9	8.7	26	3	0	0	0	0.0	0	7	2	22.2%
DeShawn Shead	DET	0	3	3	100.0%	101	33.7	33.7	1	158.3	31.0	93	8	1	0	0	0.0	0	1	1	50.0%
Tavon Wilson	DET	0	2	2	100.0%	5	2.5	2.5	0	79.2	1.0	2	3	1	0	0	0.0	0	4	0	0.0%
Darius Slay	DET	0	6	2	33.3%	15	7.5	2.5	0	42.4	14.2	12	3	0	0	0	0.0	0	4	0	0.0%
Christian Jones	DET	0	2	2	100.0%	32	16.0	16.0	0	118.7	-0.5	-1	33	2	0	0	0.0	0	5	2	28.6%
Glover Quin	DET	0	1	1	100.0%	4	4.0	4.0	1	122.9	-1.0	-1	5	1	0	0	0.0	0	4	0	0.0%
Romeo Okwara	DET	0	0	0										8	1	0	1.0	2	1	0	0.0%
Mike Ford	DET	0	2	0	0.0%					39.6	25.5			0	0	0	0.0	0	1	0	0.0%
Devon Kennard	DET	0	0	0										10	0	0	0.0	0	2	0	0.0%
Tracy Walker	DET	0	0	0										0	0	0	0.0	0	4	1	20.0%"
