advanced_rushing = document.querySelectorAll("#rushing_advanced > tbody")[0].innerText;
advanced_receiving = document.querySelectorAll("#receiving_advanced > tbody")[0].innerText;
advanced_defense = document.querySelectorAll("#defense_advanced > tbody")[0].innerText;
advanced_passing = document.querySelectorAll("#passing_advanced > tbody")[0].innerText;
"Cody Kessler	JAX	12	17	106	6	27.3	108	6.4	52	4.3	3.1	54	4.5	2	12.5%	2	12.5%	5	7	3	4	0	
Blake Bortles	JAX	5	6	39	2	28.6	33	5.5	25	5.0	4.2	14	2.8	0	0.0%	0	0.0%	1	3	0	0	0	
Dede Westbrook	JAX	0	1	0	0	0.0	12	12.0	0		0.0	0		0	0.0%	1	100.0%	0	1	0	1	0	
Player	Tm	Cmp	Att	Yds	1D	1D%	IAY	IAY/PA	CAY	CAY/Cmp	CAY/PA	YAC	YAC/Cmp	Drops	Drop%	BadTh	Bad%	Sk	Bltz	Hrry	Hits	Scrm	Yds/Scr
Ryan Tannehill	MIA	15	22	146	8	32.0	102	4.6	57	3.8	2.6	89	5.9	1	4.8%	3	14.3%	3	6	2	4	2	11.0"
advanced_rushing
"Leonard Fournette	JAX	18	43	3	19	1.1	24	1.3	3	6.0
Carlos Hyde	JAX	8	47	2	24	3.0	23	2.9	0	
Blake Bortles	JAX	4	25	2	20	5.0	5	1.3	0	
Cody Kessler	JAX	1	2	1	1	1.0	1	1.0	0	
Dede Westbrook	JAX	1	9	0	4	4.0	5	5.0	0	
Player	Tm	Att	Yds	1D	YBC	YBC/Att	YAC	YAC/Att	BrkTkl	Att/Br
Kenyan Drake	MIA	6	23	0	13	2.2	10	1.7	0	
Kalen Ballage	MIA	4	10	1	6	1.5	4	1.0	0	
Brandon Bolden	MIA	4	9	0	7	1.8	2	0.5	0	
Ryan Tannehill	MIA	3	22	1	22	7.3	0	0.0	0	
Danny Amendola	MIA	1	-2	0	-2	-2.0	0	0.0	0	"
advanced_receiving
"Dede Westbrook	JAX	8	7	45	2	15	2.1	30	4.3	0		0	0.0
Donte Moncrief	JAX	4	4	43	3	42	10.5	1	0.3	0		0	0.0
Leonard Fournette	JAX	5	3	28	1	4	1.3	24	8.0	0		2	40.0
Rashad Greene	JAX	2	2	22	2	16	8.0	6	3.0	0		0	0.0
Tommy Bohanon	JAX	1	1	7		0	0.0	7	7.0	1	1.0	0	0.0
Blake Bell	JAX	1	0	0		0		0		0		0	0.0
Keelan Cole	JAX	2	0	0		0		0		0		0	0.0
Player	Tm	Tgt	Rec	Yds	1D	YBC	YBC/R	YAC	YAC/R	BrkTkl	Rec/Br	Drop	Drop%
Kenyan Drake	MIA	5	4	31	3	16	4.0	15	3.8	0		0	0.0
Danny Amendola	MIA	3	3	40	2	32	10.7	8	2.7	0		0	0.0
Kalen Ballage	MIA	4	2	39	1	-10	-5.0	49	24.5	0		1	25.0
DeVante Parker	MIA	3	2	13		6	3.0	7	3.5	0		0	0.0
Brandon Bolden	MIA	1	1	4	1	-2	-2.0	6	6.0	0		0	0.0
Mike Gesicki	MIA	1	1	5		3	3.0	2	2.0	0		0	0.0
Durham Smythe	MIA	2	1	9	1	8	8.0	1	1.0	0		0	0.0
Kenny Stills	MIA	2	1	5		4	4.0	1	1.0	0		0	0.0"
advanced_defense
"Jalen Ramsey	JAX	0	5	5	100.0%	50	10.0	10.0	0	108.3	7.4	37	13	0	0	0	0.0	0	3	0	0.0%
Myles Jack	JAX	0	3	3	100.0%	41	13.7	13.7	0	118.7	0.0	0	41	2	0	0	0.0	0	8	1	11.1%
A.J. Bouye	JAX	0	3	3	100.0%	21	7.0	7.0	0	95.8	5.3	16	5	0	0	0	0.0	0	3	0	0.0%
Telvin Smith	JAX	1	4	2	50.0%	22	11.0	5.5	0	27.1	2.5	2	20	1	0	0	0.0	0	6	1	14.3%
D.J. Hayden	JAX	0	4	2	50.0%	12	6.0	3.0	1	95.8	5.8	2	10	1	0	0	0.0	0	1	1	50.0%
Calais Campbell	JAX	0	0	0										0	0	2	1.0	3	3	0	0.0%
Yannick Ngakoue	JAX	0	1	0	0.0%					39.6	2.0			0	0	1	1.0	2	2	0	0.0%
Jarrod Wilson	JAX	0	1	0	0.0%					39.6	5.0			3	1	0	0.0	1	3	0	0.0%
Malik Jackson	JAX	0	0	0										0	0	0	1.0	1	1	0	0.0%
Tashaun Gipson	JAX	0	0	0										2	1	0	0.0	1	3	0	0.0%
Lerentee McCray	JAX	0	0	0										0	0	1	0.0	1	2	0	0.0%
Player	Tm	Int	Tgt	Cmp	Cmp%	Yds	Yds/Cmp	Yds/Tgt	TD	Rat	DADOT	Air	YAC	Bltz	Hrry	QBKD	Sk	Prss	Comb	MTkl	MTkl%
Bobby McCain	MIA	0	5	4	80.0%	21	5.3	4.2	0	84.2	7.0	11	10	0	0	0	0.0	0	7	0	0.0%
Minkah Fitzpatrick	MIA	0	3	3	100.0%	40	13.3	13.3	0	118.7	8.0	24	16	0	0	0	0.0	0	5	1	16.7%
Torry McTyer	MIA	0	3	3	100.0%	24	8.0	8.0	0	100.0	6.7	20	4	1	0	0	0.0	0	5	0	0.0%
Mike Hull	MIA	0	1	1	100.0%	5	5.0	5.0	0	87.5	4.0	4	1	3	2	0	0.0	2	2	1	33.3%
Jalen Davis	MIA	0	3	1	33.3%	12	12.0	4.0	0	46.5	7.0	7	5	1	0	0	1.0	1	2	0	0.0%
Cornell Armstrong	MIA	0	1	1	100.0%	10	10.0	10.0	0	108.3	10.0	10	0	0	0	0	0.0	0	1	0	0.0%
Raekwon McMillan	MIA	0	1	1	100.0%	11	11.0	11.0	0	112.5	6.0	6	5	5	0	0	0.0	0	10	2	16.7%
Akeem Spence	MIA	0	1	1	100.0%	11	11.0	11.0	0	112.5	-3.0	-3	14	0	0	0	0.0	0	3	0	0.0%
Jerome Baker	MIA	0	2	1	50.0%	7	7.0	3.5	0	58.3	6.0	0	7	5	0	0	0.0	0	4	1	20.0%
Cameron Wake	MIA	0	0	0										0	1	1	1.5	4	2	0	0.0%
Charles Harris	MIA	0	0	0										0	1	1	1.0	3	1	0	0.0%
Robert Quinn	MIA	0	0	0										0	0	2	1.0	3	3	1	25.0%
Reshad Jones	MIA	0	2	0	0.0%					39.6	11.5			0	0	1	0.0	1	7	0	0.0%
Andre Branch	MIA	0	1	0	0.0%					39.6	12.0			0	0	0	0.5	1	2	1	33.3%
Jonathan Woodard	MIA	0	0	0										0	0	0	0.0	0	1	1	50.0%"
