advanced_rushing = document.querySelectorAll("#rushing_advanced > tbody")[0].innerText;
advanced_receiving = document.querySelectorAll("#receiving_advanced > tbody")[0].innerText;
advanced_defense = document.querySelectorAll("#defense_advanced > tbody")[0].innerText;
advanced_passing = document.querySelectorAll("#passing_advanced > tbody")[0].innerText;
"Ben Roethlisberger	PIT	33	50	380	21	39.6	461	9.2	210	6.4	4.2	170	5.2	0	0.0%	14	29.2%	3	17	1	3	1	5.0
Player	Tm	Cmp	Att	Yds	1D	1D%	IAY	IAY/PA	CAY	CAY/Cmp	CAY/PA	YAC	YAC/Cmp	Drops	Drop%	BadTh	Bad%	Sk	Bltz	Hrry	Hits	Scrm	Yds/Scr
Drew Brees	NOR	27	39	326	16	39.0	324	8.3	165	6.1	4.2	161	6.0	2	5.3%	2	5.3%	2	15	1	3	0	
Taysom Hill	NOR	0	1	0			46	46.0	0		0.0	0		0	0.0%	0	0.0%	0	1	0	0	0	"
advanced_rushing
"Jaylen Samuels	PIT	12	53	2	31	2.6	22	1.8	1	12.0
Stevan Ridley	PIT	3	4		0	0.0	4	1.3	1	3.0
Ben Roethlisberger	PIT	2	4	0	-7	-3.5	11	5.5	0	
Roosevelt Nix	PIT	1	4		4	4.0	0	0.0	0	
Player	Tm	Att	Yds	1D	YBC	YBC/Att	YAC	YAC/Att	BrkTkl	Att/Br
Mark Ingram	NOR	11	35	2	13	1.2	22	2.0	0	
Alvin Kamara	NOR	7	23	3	6	0.9	17	2.4	1	7.0
Drew Brees	NOR	1	-1	0	-1	-1.0	0	0.0	0	"
advanced_receiving
"Antonio Brown	PIT	19	14	185	11	135	9.6	50	3.6	0		0	0.0
JuJu Smith-Schuster	PIT	15	11	115	6	57	5.2	58	5.3	1	11.0	0	0.0
Ryan Switzer	PIT	3	3	18	1	-10	-3.3	28	9.3	0		0	0.0
Jaylen Samuels	PIT	3	3	11	1	-2	-0.7	13	4.3	0		0	0.0
Vance McDonald	PIT	4	1	49	1	28	28.0	21	21.0	0		0	0.0
Eli Rogers	PIT	1	1	2	1	2	2.0	0	0.0	0		0	0.0
Xavier Grimble	PIT	1	0	0		0		0		0		0	0.0
James Washington	PIT	2	0	0		0		0		0		0	0.0
Roosevelt Nix	PIT	1	0	0		0		0		0		0	0.0
Player	Tm	Tgt	Rec	Yds	1D	YBC	YBC/R	YAC	YAC/R	BrkTkl	Rec/Br	Drop	Drop%
Michael Thomas	NOR	13	11	109	6	59	5.4	50	4.5	0		0	0.0
Ted Ginn	NOR	8	5	74	4	70	14.0	4	0.8	0		0	0.0
Alvin Kamara	NOR	6	4	82	3	10	2.5	72	18.0	0		0	0.0
Keith Kirkwood	NOR	4	2	35	2	20	10.0	15	7.5	0		1	25.0
Josh Hill	NOR	3	2	1		-3	-1.5	4	2.0	0		0	0.0
Tre'Quan Smith	NOR	1	1	11	1	3	3.0	8	8.0	0		0	0.0
Mark Ingram	NOR	2	1	8	0	1	1.0	7	7.0	1	1.0	0	0.0
Ben Watson	NOR	2	1	6		5	5.0	1	1.0	0		1	50.0"
advanced_defense
"Mike Hilton	PIT	0	9	7	77.8%	60	8.6	6.7	0	94.4	8.1	40	20	7	0	0	0.0	0	6	0	0.0%
Vince Williams	PIT	0	4	3	75.0%	50	16.7	12.5	0	116.7	5.0	18	32	1	0	0	0.0	0	5	1	16.7%
Coty Sensabaugh	PIT	0	7	3	42.9%	40	13.3	5.7	0	61.6	20.1	35	5	0	0	0	0.0	0	3	0	0.0%
Sean Davis	PIT	1	6	3	50.0%	115	38.3	19.2	0	56.2	18.2	41	74	0	0	0	0.0	0	5	2	28.6%
Bud Dupree	PIT	0	2	2	100.0%	12	6.0	6.0	0	91.7	2.5	5	7	0	0	1	0.0	1	2	1	33.3%
Joe Haden	PIT	0	5	2	40.0%	25	12.5	5.0	1	95.8	7.6	16	9	0	0	0	0.0	0	5	1	16.7%
Terrell Edmunds	PIT	0	2	2	100.0%	14	7.0	7.0	0	95.8	3.0	6	8	0	0	0	0.0	0	4	0	0.0%
Morgan Burnett	PIT	0	3	1	33.3%	5	5.0	1.7	0	42.4	10.0	4	1	7	0	1	0.0	1	1	0	0.0%
T.J. Watt	PIT	0	2	1	50.0%	5	5.0	2.5	0	56.2	1.0	0	5	1	0	0	1.0	1	3	1	25.0%
Stephon Tuitt	PIT	0	0	0										0	1	1	1.0	3	2	0	0.0%
L.J. Fort	PIT	0	0	0										2	0	0	0.0	0	1	0	0.0%
Jonathan Bostic	PIT	0	1	0	0.0%					39.6	0.0			1	0	0	0.0	0	5	1	16.7%
Player	Tm	Int	Tgt	Cmp	Cmp%	Yds	Yds/Cmp	Yds/Tgt	TD	Rat	DADOT	Air	YAC	Bltz	Hrry	QBKD	Sk	Prss	Comb	MTkl	MTkl%
Marshon Lattimore	NOR	0	13	7	53.8%	121	17.3	9.3	1	111.4	15.7	108	13	1	0	0	0.0	0	6	0	0.0%
Vonn Bell	NOR	0	9	6	66.7%	67	11.2	7.4	0	88.7	6.0	38	29	2	0	0	0.0	0	10	1	9.1%
Eli Apple	NOR	0	9	4	44.4%	82	20.5	9.1	0	77.1	16.3	53	29	0	0	0	0.0	0	9	2	18.2%
Alex Anzalone	NOR	0	4	3	75.0%	18	6.0	4.5	0	83.3	-0.5	-2	20	6	0	0	1.0	1	4	0	0.0%
P.J. Williams	NOR	0	6	3	50.0%	29	9.7	4.8	1	103.5	7.5	5	24	0	0	0	0.0	0	5	0	0.0%
Tyeler Davison	NOR	0	1	1	100.0%	12	12.0	12.0	0	116.7	7.0	7	5	0	0	0	1.0	1	2	0	0.0%
Demario Davis	NOR	0	1	1	100.0%	10	10.0	10.0	0	108.3	-2.0	-2	12	7	0	0	1.0	1	3	0	0.0%
Marcus Williams	NOR	0	1	1	100.0%	49	49.0	49.0	0	118.7	28.0	28	21	0	0	0	0.0	0	2	0	0.0%
Chris Banjo	NOR	0	2	1	50.0%	17	17.0	8.5	0	79.2	0.5	-2	19	1	0	0	0.0	0	2	1	33.3%
Sheldon Rankins	NOR	0	1	1	100.0%	8	8.0	8.0	0	100.0	6.0	6	2	0	0	0	0.0	0	3	0	0.0%
Cameron Jordan	NOR	0	0	0										0	1	2	0.0	3	2	0	0.0%
Alex Okafor	NOR	0	0	0										0	1	1	0.0	2	2	0	0.0%
A.J. Klein	NOR	0	1	0	0.0%					39.6	2.0			2	0	0	0.0	0	2	0	0.0%"
