advanced_rushing = document.querySelectorAll("#rushing_advanced > tbody")[0].innerText;
advanced_receiving = document.querySelectorAll("#receiving_advanced > tbody")[0].innerText;
advanced_defense = document.querySelectorAll("#defense_advanced > tbody")[0].innerText;
advanced_passing = document.querySelectorAll("#passing_advanced > tbody")[0].innerText;
"Josh Johnson	WAS	13	23	153	9	36.0	271	11.8	91	7.0	4.0	62	4.8	1	4.5%	4	18.2%	2	11	7	1	1	2.0
Player	Tm	Cmp	Att	Yds	1D	1D%	IAY	IAY/PA	CAY	CAY/Cmp	CAY/PA	YAC	YAC/Cmp	Drops	Drop%	BadTh	Bad%	Sk	Bltz	Hrry	Hits	Scrm	Yds/Scr
Marcus Mariota	TEN	10	13	110	6	40.0	58	4.5	56	5.6	4.3	54	5.4	0	0.0%	0	0.0%	2	5	2	1	1	7.0
Blaine Gabbert	TEN	7	11	101	5	41.7	108	9.8	68	9.7	6.2	33	4.7	0	0.0%	3	30.0%	1	1	3	0	0	
Derrick Henry	TEN	0	1	0	0	0.0	19	19.0	0		0.0	0		0	0.0%	1	100.0%	0	0	1	0	0	"
advanced_rushing
"Adrian Peterson	WAS	26	119	4	77	3.0	42	1.6	1	26.0
Josh Johnson	WAS	4	22	2	20	5.0	2	0.5	0	
Chris Thompson	WAS	4	20	1	18	4.5	2	0.5	0	
Player	Tm	Att	Yds	1D	YBC	YBC/Att	YAC	YAC/Att	BrkTkl	Att/Br
Derrick Henry	TEN	21	84	6	60	2.9	24	1.1	0	
Dion Lewis	TEN	3	5	1	5	1.7	0	0.0	0	
Corey Davis	TEN	1	1	0	-3	-3.0	4	4.0	1	1.0
Darius Jennings	TEN	1	2	0	-1	-1.0	3	3.0	0	
Marcus Mariota	TEN	1	7	1	7	7.0	0	0.0	0	"
advanced_receiving
"Jamison Crowder	WAS	7	5	78	3	45	9.0	33	6.6	0		0	0.0
Josh Doctson	WAS	6	3	30	2	24	8.0	6	2.0	0		0	0.0
Jeremy Sprinkle	WAS	3	2	22	1	16	8.0	6	3.0	0		0	0.0
Michael Floyd	WAS	3	1	7	1	2	2.0	5	5.0	0		1	33.3
Adrian Peterson	WAS	2	1	8	1	2	2.0	6	6.0	0		0	0.0
Chris Thompson	WAS	1	1	8	1	2	2.0	6	6.0	0		0	0.0
Byron Marshall	WAS	1	0	0		0		0		0		0	0.0
Player	Tm	Tgt	Rec	Yds	1D	YBC	YBC/R	YAC	YAC/R	BrkTkl	Rec/Br	Drop	Drop%
Corey Davis	TEN	5	3	45	3	35	11.7	10	3.3	0		0	0.0
Darius Jennings	TEN	3	3	29	1	22	7.3	7	2.3	0		0	0.0
Dion Lewis	TEN	4	3	20	1	-11	-3.7	31	10.3	1	3.0	0	0.0
Taywan Taylor	TEN	3	3	64	3	48	16.0	16	5.3	0		0	0.0
Anthony Firkser	TEN	3	2	16	1	7	3.5	9	4.5	0		0	0.0
MyCole Pruitt	TEN	3	2	29	2	26	13.0	3	1.5	0		0	0.0
Derrick Henry	TEN	1	1	8	0	-3	-3.0	11	11.0	0		0	0.0
Luke Stocker	TEN	1	0	0		0		0		0		0	0.0"
advanced_defense
"Greg Stroman	WAS	0	5	4	80.0%	25	6.3	5.0	0	87.5	0.2	1	24	0	1	0	0.0	1	5	0	0.0%
Ha Ha Clinton-Dix	WAS	0	4	4	100.0%	69	17.3	17.3	0	118.7	15.5	62	7	1	0	0	0.0	0	9	0	0.0%
Josh Norman	WAS	0	4	3	75.0%	33	11.0	8.3	1	138.5	5.3	24	9	0	0	0	0.0	0	5	1	16.7%
Mason Foster	WAS	0	4	2	50.0%	39	19.5	9.8	0	84.4	11.3	28	11	2	0	0	1.0	1	9	1	10.0%
D.J. Swearinger	WAS	0	3	2	66.7%	22	11.0	7.3	0	88.2	10.0	0	22	3	1	0	0.0	1	2	1	33.3%
Fabian Moreau	WAS	0	2	2	100.0%	50	25.0	25.0	0	118.7	17.5	35	15	0	0	0	0.0	0	1	0	0.0%
Preston Smith	WAS	0	1	1	100.0%	-2	-2.0	-2.0	0	79.2	-3.0	-3	1	2	0	0	0.0	0	4	3	42.9%
Zach Brown	WAS	0	2	1	50.0%	6	6.0	3.0	0	56.2	11.5	4	2	2	0	0	0.0	0	2	1	33.3%
Ryan Kerrigan	WAS	0	0	0										1	3	0	1.0	4	1	1	50.0%
Jonathan Allen	WAS	0	0	0										0	1	0	1.0	2	4	0	0.0%
Pernell McPhee	WAS	0	0	0										0	0	1	0.0	1	1	0	0.0%
Tim Settle	WAS	0	0	0										0	0	0	0.0	0	1	1	50.0%
Ryan Anderson	WAS	0	1	0	0.0%					39.6	5.0			0	0	0	0.0	0	1	0	0.0%
Player	Tm	Int	Tgt	Cmp	Cmp%	Yds	Yds/Cmp	Yds/Tgt	TD	Rat	DADOT	Air	YAC	Bltz	Hrry	QBKD	Sk	Prss	Comb	MTkl	MTkl%
Malcolm Butler	TEN	1	6	3	50.0%	12	4.0	2.0	0	16.7	13.0	5	7	2	0	0	0.0	0	5	0	0.0%
LeShaun Sims	TEN	0	3	2	66.7%	30	15.0	10.0	0	99.3	14.0	17	13	2	0	1	0.0	1	4	1	20.0%
Adoree' Jackson	TEN	0	5	2	40.0%	37	18.5	7.4	1	105.8	12.6	24	13	0	0	0	0.0	0	5	0	0.0%
Harold Landry	TEN	0	1	1	100.0%	7	7.0	7.0	0	95.8	6.0	6	1	2	3	0	1.0	4	3	1	25.0%
Kevin Byard	TEN	1	5	1	20.0%	9	9.0	1.8	0	0.0	10.4	9	0	2	0	0	0.0	0	9	0	0.0%
Rashaan Evans	TEN	0	1	1	100.0%	8	8.0	8.0	0	100.0	2.0	2	6	1	0	0	0.0	0	6	0	0.0%
Jayon Brown	TEN	0	1	1	100.0%	15	15.0	15.0	0	118.7	10.0	10	5	2	0	0	0.0	0	9	0	0.0%
Derrick Morgan	TEN	0	0	0										0	2	0	0.0	2	3	0	0.0%
Kenny Vaccaro	TEN	0	1	0	0.0%					39.6	43.0			2	1	0	0.0	1	2	1	33.3%
Austin Johnson	TEN	0	0	0										0	1	0	0.0	1	2	0	0.0%
Wesley Woodyard	TEN	0	1	0	0.0%					39.6	5.0			3	0	0	1.0	1	10	2	16.7%
Jurrell Casey	TEN	0	0	0										0	0	0	0.0	0	4	1	20.0%
DaQuan Jones	TEN	0	0	0										0	0	0	0.0	0	3	1	25.0%"
