advanced_rushing = document.querySelectorAll("#rushing_advanced > tbody")[0].innerText;
advanced_receiving = document.querySelectorAll("#receiving_advanced > tbody")[0].innerText;
advanced_defense = document.querySelectorAll("#defense_advanced > tbody")[0].innerText;
advanced_passing = document.querySelectorAll("#passing_advanced > tbody")[0].innerText;
"Deshaun Watson	HOU	29	40	339	17	38.6	418	10.5	271	9.3	6.8	68	2.3	0	0.0%	6	16.2%	4	5	5	4	6	6.8
Player	Tm	Cmp	Att	Yds	1D	1D%	IAY	IAY/PA	CAY	CAY/Cmp	CAY/PA	YAC	YAC/Cmp	Drops	Drop%	BadTh	Bad%	Sk	Bltz	Hrry	Hits	Scrm	Yds/Scr
Nick Foles	PHI	35	49	471	18	36.0	341	7.0	256	7.3	5.2	215	6.1	1	2.1%	6	12.5%	1	7	6	3	0	
Nate Sudfeld	PHI	0	1	0			10	10.0	0		0.0	0		0	0.0%	1	100.0%	0	0	0	0	0	"
advanced_rushing
"Deshaun Watson	HOU	8	49	4	49	6.1	0	0.0	0	
D'Onta Foreman	HOU	7	-1	0	-1	-0.1	0	0.0	0	
Alfred Blue	HOU	4	14		14	3.5	0	0.0	0	
Player	Tm	Att	Yds	1D	YBC	YBC/Att	YAC	YAC/Att	BrkTkl	Att/Br
Josh Adams	PHI	11	21	2	13	1.2	8	0.7	0	
Darren Sproles	PHI	9	32	1	32	3.6	0	0.0	0	
Nick Foles	PHI	1	1	1	0	0.0	1	1.0	0	
Wendell Smallwood	PHI	1	3		3	3.0	0	0.0	0	"
advanced_receiving
"DeAndre Hopkins	HOU	12	9	104	7	98	10.9	6	0.7	0		0	0.0
DeAndre Carter	HOU	7	6	61	3	41	6.8	20	3.3	0		0	0.0
Alfred Blue	HOU	5	4	26		14	3.5	12	3.0	1	4.0	0	0.0
Demaryius Thomas	HOU	5	3	37	2	32	10.7	5	1.7	0		0	0.0
Jordan Akins	HOU	3	2	33	2	24	12.0	9	4.5	0		0	0.0
D'Onta Foreman	HOU	2	2	28	1	18	9.0	10	5.0	0		0	0.0
Ryan Griffin	HOU	4	2	15	1	9	4.5	6	3.0	0		0	0.0
Vyncint Smith	HOU	1	1	35	1	35	35.0	0	0.0	0		0	0.0
Jordan Thomas	HOU	1	0	0		0		0		0		0	0.0
Player	Tm	Tgt	Rec	Yds	1D	YBC	YBC/R	YAC	YAC/R	BrkTkl	Rec/Br	Drop	Drop%
Zach Ertz	PHI	16	12	110	8	70	5.8	40	3.3	1	12.0	0	0.0
Nelson Agholor	PHI	7	5	116	2	77	15.4	39	7.8	0		0	0.0
Wendell Smallwood	PHI	4	4	24		-1	-0.3	25	6.3	0		0	0.0
Dallas Goedert	PHI	3	3	30	2	16	5.3	14	4.7	0		0	0.0
Alshon Jeffery	PHI	5	3	82	2	47	15.7	35	11.7	1	3.0	0	0.0
Darren Sproles	PHI	6	3	76	2	29	9.7	47	15.7	1	3.0	1	16.7
Jordan Matthews	PHI	3	2	13	1	9	4.5	4	2.0	1	2.0	0	0.0
Golden Tate	PHI	3	2	13		11	5.5	2	1.0	0		0	0.0
Richard Rodgers	PHI	1	1	7	1	-2	-2.0	9	9.0	0		0	0.0
Josh Adams	PHI	1	0	0	0	0		0		0		0	0.0"
advanced_defense
"Zach Cunningham	HOU	0	8	7	87.5%	79	11.3	9.9	0	107.8	4.9	36	43	3	0	0	0.0	0	12	0	0.0%
Deante Burton	HOU	0	6	6	100.0%	64	10.7	10.7	0	111.1	8.0	48	16	0	0	0	0.0	0	4	0	0.0%
Justin Reid	HOU	0	6	5	83.3%	77	15.4	12.8	1	158.3	7.8	41	36	0	0	0	0.0	0	8	2	20.0%
Tyrann Mathieu	HOU	0	6	4	66.7%	111	27.8	18.5	1	149.3	17.0	79	32	2	0	1	0.0	1	5	0	0.0%
Johnathan Joseph	HOU	0	6	4	66.7%	35	8.8	5.8	0	81.9	14.3	31	4	0	0	0	0.0	0	2	1	33.3%
Dylan Cole	HOU	0	2	2	100.0%	37	18.5	18.5	1	158.3	2.5	2	35	0	0	0	0.0	0	0	2	100.0%
Kareem Jackson	HOU	0	2	2	100.0%	17	8.5	8.5	0	102.1	8.0	16	1	0	0	0	0.0	0	2	0	0.0%
Aaron Colvin	HOU	0	4	2	50.0%	10	5.0	2.5	0	56.2	-0.5	4	6	0	0	0	0.0	0	4	0	0.0%
Benardrick McKinney	HOU	1	6	2	33.3%	9	4.5	1.5	0	2.8	0.7	-5	14	2	0	0	0.0	0	4	1	20.0%
Whitney Mercilus	HOU	0	1	1	100.0%	7	7.0	7.0	0	95.8	-2.0	-2	9	1	1	0	0.0	1	1	0	0.0%
Andre Hal	HOU	0	1	1	100.0%	11	11.0	11.0	0	112.5	10.0	10	1	0	0	0	0.0	0	3	0	0.0%
Jadeveon Clowney	HOU	0	1	0	0.0%					39.6	2.0			0	3	2	1.0	6	9	0	0.0%
Angelo Blackson	HOU	0	0	0										0	1	0	0.0	1	2	0	0.0%
J.J. Watt	HOU	0	0	0										0	1	0	0.0	1	3	0	0.0%
D.J. Reader	HOU	0	0	0										0	0	0	0.0	0	2	1	33.3%
Player	Tm	Int	Tgt	Cmp	Cmp%	Yds	Yds/Cmp	Yds/Tgt	TD	Rat	DADOT	Air	YAC	Bltz	Hrry	QBKD	Sk	Prss	Comb	MTkl	MTkl%
Rasul Douglas	PHI	0	13	10	76.9%	137	13.7	10.5	1	135.7	12.6	127	10	0	0	0	0.0	0	9	0	0.0%
Nigel Bradham	PHI	0	6	6	100.0%	56	9.3	9.3	1	145.1	5.7	34	22	3	0	1	0.0	1	6	1	14.3%
Cre'von LeBlanc	PHI	0	6	5	83.3%	60	12.0	10.0	0	108.3	6.7	37	23	0	0	0	0.0	0	3	0	0.0%
Avonte Maddox	PHI	0	9	4	44.4%	51	12.8	5.7	0	62.7	15.9	50	1	0	0	0	0.5	1	4	0	0.0%
Corey Graham	PHI	0	2	2	100.0%	14	7.0	7.0	0	95.8	6.5	13	1	0	0	0	0.0	0	4	0	0.0%
Jordan Hicks	PHI	0	3	2	66.7%	22	11.0	7.3	0	88.2	6.3	19	3	3	0	0	0.0	0	5	0	0.0%
Tre Sullivan	PHI	0	2	1	50.0%	10	10.0	5.0	0	64.6	13.5	7	3	0	0	0	0.0	0	3	1	25.0%
Malcolm Jenkins	PHI	0	3	1	33.3%	11	11.0	3.7	0	45.1	6.7	3	8	1	0	0	0.0	0	5	0	0.0%
Michael Bennett	PHI	0	0	0										0	3	0	0.0	3	1	0	0.0%
Chris Long	PHI	0	0	0										1	0	1	2.0	3	2	0	0.0%
Fletcher Cox	PHI	0	0	0										0	0	2	0.0	2	1	0	0.0%
Brandon Graham	PHI	0	0	0										1	2	0	0.0	2	1	0	0.0%
Treyvon Hester	PHI	0	0	0										0	0	0	1.0	1	2	0	0.0%
Daeshon Hall	PHI	0	0	0										0	0	0	0.5	1	3	0	0.0%"
