advanced_rushing = document.querySelectorAll("#rushing_advanced > tbody")[0].innerText;
advanced_receiving = document.querySelectorAll("#receiving_advanced > tbody")[0].innerText;
advanced_defense = document.querySelectorAll("#defense_advanced > tbody")[0].innerText;
advanced_passing = document.querySelectorAll("#passing_advanced > tbody")[0].innerText;
"Lamar Jackson	BAL	12	22	204	8	32.0	188	8.5	85	7.1	3.9	119	9.9	0	0.0%	5	22.7%	3	5	2	1	3	2.0
Player	Tm	Cmp	Att	Yds	1D	1D%	IAY	IAY/PA	CAY	CAY/Cmp	CAY/PA	YAC	YAC/Cmp	Drops	Drop%	BadTh	Bad%	Sk	Bltz	Hrry	Hits	Scrm	Yds/Scr
Philip Rivers	LAC	23	37	181	10	24.4	222	6.0	65	2.8	1.8	116	5.0	1	2.9%	6	17.6%	4	18	2	3	1	1.0"
advanced_rushing
"Gus Edwards	BAL	14	92	2	56	4.0	36	2.6	1	14.0
Lamar Jackson	BAL	13	39	3	4	0.3	35	2.7	0	
Kenneth Dixon	BAL	8	28	1	16	2.0	12	1.5	0	
Player	Tm	Att	Yds	1D	YBC	YBC/Att	YAC	YAC/Att	BrkTkl	Att/Br
Melvin Gordon	LAC	12	41	2	18	1.5	23	1.9	0	
Travis Benjamin	LAC	1	6	0	2	2.0	4	4.0	0	
Justin Jackson	LAC	1	-1	0	-3	-3.0	2	2.0	1	1.0
Philip Rivers	LAC	1	1	0	0	0.0	1	1.0	0	
Mike Williams	LAC	1	4	0	4	4.0	0	0.0	0	"
advanced_receiving
"Mark Andrews	BAL	2	2	83	2	39	19.5	44	22.0	1	2.0	0	0.0
Nick Boyle	BAL	2	2	15		4	2.0	11	5.5	0		0	0.0
John Brown	BAL	6	2	27	2	17	8.5	10	5.0	0		0	0.0
Kenneth Dixon	BAL	3	2	20	1	-2	-1.0	22	11.0	1	2.0	0	0.0
Chris Moore	BAL	1	1	8		2	2.0	6	6.0	0		0	0.0
Michael Crabtree	BAL	4	1	20	1	18	18.0	2	2.0	0		0	0.0
Gus Edwards	BAL	1	1	13	1	0	0.0	13	13.0	0		0	0.0
Hayden Hurst	BAL	2	1	18	1	7	7.0	11	11.0	0		0	0.0
Ty Montgomery	BAL	1	0	0		0		0		0		0	0.0
Player	Tm	Tgt	Rec	Yds	1D	YBC	YBC/R	YAC	YAC/R	BrkTkl	Rec/Br	Drop	Drop%
Justin Jackson	LAC	10	7	47	1	-2	-0.3	49	7.0	1	7.0	1	10.0
Keenan Allen	LAC	8	5	58	3	50	10.0	8	1.6	0		0	0.0
Antonio Gates	LAC	5	3	21	1	15	5.0	6	2.0	0		0	0.0
Melvin Gordon	LAC	3	3	13	1	-4	-1.3	17	5.7	1	3.0	0	0.0
Virgil Green	LAC	2	2	12	1	7	3.5	5	2.5	0		0	0.0
Travis Benjamin	LAC	3	1	11	1	-4	-4.0	15	15.0	0		0	0.0
Mike Williams	LAC	3	1	7	1	3	3.0	4	4.0	0		0	0.0
Tyrell Williams	LAC	2	1	12	1	0	0.0	12	12.0	0		0	0.0"
advanced_defense
"Brandon Carr	BAL	1	7	5	71.4%	41	8.2	5.9	0	46.4	8.1	4	37	0	0	0	0.0	0	2	2	50.0%
Patrick Onwuasor	BAL	0	4	4	100.0%	26	6.5	6.5	0	93.7	4.5	18	8	6	0	0	2.0	2	9	3	25.0%
Marlon Humphrey	BAL	1	8	3	37.5%	20	6.7	2.5	0	6.2	14.4	11	9	0	0	0	0.0	0	3	1	25.0%
Za'Darius Smith	BAL	0	2	2	100.0%	20	10.0	10.0	0	108.3	0.0	0	20	7	0	2	1.5	4	5	0	0.0%
Tony Jefferson	BAL	0	4	2	50.0%	14	7.0	3.5	0	58.3	1.3	6	8	1	0	0	0.0	0	6	0	0.0%
Tavon Young	BAL	0	3	2	66.7%	6	3.0	2.0	0	70.1	-3.7	-10	16	4	0	0	0.0	0	1	2	66.7%
C.J. Mosley	BAL	0	3	2	66.7%	27	13.5	9.0	0	95.1	6.3	19	8	9	0	0	0.0	0	8	0	0.0%
Eric Weddle	BAL	0	2	2	100.0%	10	5.0	5.0	0	87.5	1.0	2	8	1	0	0	0.0	0	2	0	0.0%
Jimmy Smith	BAL	0	2	1	50.0%	17	17.0	8.5	0	79.2	13.0	15	2	0	0	0	0.0	0	3	0	0.0%
Terrell Suggs	BAL	0	2	0	0.0%					39.6	-4.5			7	2	1	0.0	3	2	1	33.3%
Brent Urban	BAL	0	0	0										0	0	0	0.5	1	1	1	50.0%
Matt Judon	BAL	0	0	0										9	0	0	0.0	0	1	0	0.0%
Tyus Bowser	BAL	0	0	0										6	0	0	0.0	0	2	0	0.0%
Kenny Young	BAL	0	0	0										2	0	0	0.0	0	1	0	0.0%
Player	Tm	Int	Tgt	Cmp	Cmp%	Yds	Yds/Cmp	Yds/Tgt	TD	Rat	DADOT	Air	YAC	Bltz	Hrry	QBKD	Sk	Prss	Comb	MTkl	MTkl%
Casey Hayward	LAC	0	7	3	42.9%	38	12.7	5.4	0	60.4	9.6	27	11	0	0	0	0.0	0	5	0	0.0%
Derwin James	LAC	0	4	3	75.0%	39	13.0	9.8	0	105.2	3.5	9	30	3	0	0	0.0	0	6	1	14.3%
Desmond King	LAC	0	3	2	66.7%	15	7.5	5.0	0	78.5	0.3	4	11	3	1	0	0.0	1	4	0	0.0%
Jatavis Brown	LAC	0	2	2	100.0%	37	18.5	18.5	0	118.7	14.0	28	9	0	0	0	0.0	0	8	2	20.0%
Hayes Pullard	LAC	0	1	1	100.0%	9	9.0	9.0	0	104.2	0.0	0	9	0	0	0	0.0	0	2	0	0.0%
Kyle Emanuel	LAC	0	1	1	100.0%	18	18.0	18.0	0	118.7	7.0	7	11	0	0	0	0.0	0	3	0	0.0%
Adrian Phillips	LAC	0	1	1	100.0%	68	68.0	68.0	1	158.3	28.0	28	40	0	0	0	0.0	0	9	0	0.0%
Darius Philon	LAC	0	0	0										0	0	1	1.5	3	5	0	0.0%
Joey Bosa	LAC	0	0	0										0	1	0	0.5	2	2	0	0.0%
Melvin Ingram	LAC	0	0	0										0	2	0	0.0	2	3	0	0.0%
Uchenna Nwosu	LAC	0	0	0										4	0	0	1.0	1	2	0	0.0%
Michael Davis	LAC	0	3	0	0.0%					39.6	20.0			0	0	0	0.0	0	3	0	0.0%
Jahleel Addae	LAC	0	1	0	0.0%					39.6	35.0			0	0	0	0.0	0	1	4	80.0%
Damion Square	LAC	0	1	0	0.0%					39.6	1.0			0	0	0	0.0	0	1	0	0.0%"
