advanced_rushing = document.querySelectorAll("#rushing_advanced > tbody")[0].innerText;
advanced_receiving = document.querySelectorAll("#receiving_advanced > tbody")[0].innerText;
advanced_defense = document.querySelectorAll("#defense_advanced > tbody")[0].innerText;
advanced_passing = document.querySelectorAll("#passing_advanced > tbody")[0].innerText;
"Patrick Mahomes	KAN	23	40	273	16	39.0	395	9.9	137	6.0	3.4	136	5.9	1	2.6%	10	26.3%	1	6	8	9	3	11.0
Player	Tm	Cmp	Att	Yds	1D	1D%	IAY	IAY/PA	CAY	CAY/Cmp	CAY/PA	YAC	YAC/Cmp	Drops	Drop%	BadTh	Bad%	Sk	Bltz	Hrry	Hits	Scrm	Yds/Scr
Russell Wilson	SEA	18	29	271	15	46.9	349	12.0	222	12.3	7.7	49	2.7	1	3.7%	7	25.9%	3	14	9	5	4	15.3"
advanced_rushing
"Damien Williams	KAN	13	103	4	36	2.8	67	5.2	0	
Patrick Mahomes	KAN	3	33	1	6	2.0	27	9.0	0	
Tyreek Hill	KAN	2	17	0	13	6.5	4	2.0	0	
Charcandrick West	KAN	1	1	1	1	1.0	0	0.0	0	
Player	Tm	Att	Yds	1D	YBC	YBC/Att	YAC	YAC/Att	BrkTkl	Att/Br
Chris Carson	SEA	27	116	8	49	1.8	67	2.5	3	9.0
Russell Wilson	SEA	8	57	2	19	2.4	38	4.8	1	8.0
Mike Davis	SEA	7	31	1	23	3.3	8	1.1	0	
J.D. McKissic	SEA	1	6		4	4.0	2	2.0	0	"
advanced_receiving
"Damien Williams	KAN	7	7	37	3	-26	-3.7	63	9.0	0		0	0.0
Travis Kelce	KAN	9	5	54	3	36	7.2	18	3.6	0		0	0.0
Tyreek Hill	KAN	9	4	74	4	53	13.3	21	5.3	0		0	0.0
Chris Conley	KAN	5	3	54	2	46	15.3	8	2.7	0		0	0.0
Demarcus Robinson	KAN	3	2	17	2	16	8.0	1	0.5	0		0	0.0
Charcandrick West	KAN	3	2	37	2	12	6.0	25	12.5	0		0	0.0
Kelvin Benjamin	KAN	2	0	0		0		0		0		0	0.0
Demetrius Harris	KAN	1	0	0		0		0		0		1	100.0
Player	Tm	Tgt	Rec	Yds	1D	YBC	YBC/R	YAC	YAC/R	BrkTkl	Rec/Br	Drop	Drop%
Doug Baldwin	SEA	12	7	126	6	118	16.9	8	1.1	0		1	8.3
Tyler Lockett	SEA	5	4	99	3	89	22.3	10	2.5	0		0	0.0
Ed Dickson	SEA	3	3	19	2	1	0.3	18	6.0	1	3.0	0	0.0
Nick Vannett	SEA	2	2	11	2	3	1.5	8	4.0	0		0	0.0
Jaron Brown	SEA	1	1	9	1	5	5.0	4	4.0	0		0	0.0
David Moore	SEA	3	1	7	1	6	6.0	1	1.0	0		0	0.0
Mike Davis	SEA	1	0	0	0	0		0		0		0	0.0"
advanced_defense
"Charvarius Ward	KAN	0	9	7	77.8%	121	17.3	13.4	1	155.8	13.7	105	16	0	0	0	0.0	0	8	0	0.0%
Steven Nelson	KAN	0	8	5	62.5%	78	15.6	9.8	1	134.4	13.6	73	5	0	0	0	0.0	0	6	1	14.3%
Tremon Smith	KAN	0	6	3	50.0%	62	20.7	10.3	0	86.8	15.3	43	19	0	0	0	0.0	0	0	2	100.0%
Justin Houston	KAN	0	1	1	100.0%	9	9.0	9.0	0	104.2	5.0	5	4	6	1	1	1.0	3	3	0	0.0%
Anthony Hitchens	KAN	0	1	1	100.0%	2	2.0	2.0	1	118.7	2.0	2	0	2	0	0	0.0	0	12	0	0.0%
Chris Jones	KAN	0	0	0										0	4	1	1.5	7	3	2	40.0%
Dee Ford	KAN	0	0	0										2	3	1	0.5	5	7	0	0.0%
Allen Bailey	KAN	0	0	0										0	2	0	0.0	2	1	3	75.0%
Reggie Ragland	KAN	0	0	0										1	1	0	0.0	1	10	1	9.1%
Daniel Sorensen	KAN	0	0	0										7	0	1	0.0	1	8	1	11.1%
Derrick Nnadi	KAN	0	0	0										0	1	0	0.0	1	4	0	0.0%
Dorian O'Daniel	KAN	0	0	0										2	0	1	0.0	1	2	1	33.3%
Eric Berry	KAN	0	0	0										0	0	0	0.0	0	5	1	16.7%
Jordan Lucas	KAN	0	0	0										1	0	0	0.0	0	1	0	0.0%
Player	Tm	Int	Tgt	Cmp	Cmp%	Yds	Yds/Cmp	Yds/Tgt	TD	Rat	DADOT	Air	YAC	Bltz	Hrry	QBKD	Sk	Prss	Comb	MTkl	MTkl%
Bobby Wagner	SEA	0	8	7	87.5%	77	11.0	9.6	0	106.8	2.4	18	59	3	0	0	0.0	0	12	0	0.0%
Shaquill Griffin	SEA	0	11	6	54.5%	51	8.5	4.6	1	97.2	13.5	32	19	0	0	0	0.0	0	4	0	0.0%
Justin Coleman	SEA	0	6	4	66.7%	80	20.0	13.3	0	109.7	12.0	51	29	0	0	0	0.0	0	5	1	16.7%
Tre Flowers	SEA	0	5	3	60.0%	26	8.7	5.2	0	73.7	14.4	20	6	0	0	0	0.0	0	3	1	25.0%
K.J. Wright	SEA	0	2	2	100.0%	30	15.0	15.0	1	158.3	5.5	11	19	1	0	0	0.0	0	2	0	0.0%
Akeem King	SEA	0	3	2	66.7%	7	3.5	2.3	0	70.1	7.7	4	3	0	0	0	0.0	0	4	0	0.0%
Bradley McDougald	SEA	0	2	1	50.0%	2	2.0	1.0	1	95.8	10.5	1	1	0	0	0	0.0	0	7	0	0.0%
Frank Clark	SEA	0	0	0										0	4	2	0.0	6	4	0	0.0%
Dion Jordan	SEA	0	0	0										0	2	1	1.0	4	5	0	0.0%
Jarran Reed	SEA	0	0	0										0	2	1	0.0	3	3	1	25.0%
Jacob Martin	SEA	0	0	0										0	1	1	0.0	2	0	1	100.0%
Quinton Jefferson	SEA	0	0	0										0	0	2	0.0	2	0	1	100.0%
Poona Ford	SEA	0	0	0										0	1	1	0.0	2	1	0	0.0%
Delano Hill	SEA	0	2	0	0.0%					39.6	6.5			3	0	1	0.0	1	2	1	33.3%"
