advanced_rushing = document.querySelectorAll("#rushing_advanced > tbody")[0].innerText;
advanced_receiving = document.querySelectorAll("#receiving_advanced > tbody")[0].innerText;
advanced_defense = document.querySelectorAll("#defense_advanced > tbody")[0].innerText;
advanced_passing = document.querySelectorAll("#passing_advanced > tbody")[0].innerText;
"Drew Brees	NOR	39	49	396	19	38.0	273	5.6	173	4.4	3.5	223	5.7	2	4.3%	5	10.6%	1	8	7	1	1	7.0
Player	Tm	Cmp	Att	Yds	1D	1D%	IAY	IAY/PA	CAY	CAY/Cmp	CAY/PA	YAC	YAC/Cmp	Drops	Drop%	BadTh	Bad%	Sk	Bltz	Hrry	Hits	Scrm	Yds/Scr
Matt Ryan	ATL	26	35	374	19	50.0	308	8.8	222	8.5	6.3	152	5.8	0	0.0%	5	15.2%	3	10	7	3	3	4.3"
advanced_rushing
"Alvin Kamara	NOR	16	66	5	38	2.4	28	1.8	0	
Drew Brees	NOR	3	7	2	2	0.7	5	1.7	1	3.0
Mike Gillislee	NOR	3	10	1	3	1.0	7	2.3	1	3.0
Taysom Hill	NOR	3	39	2	-2	-0.7	41	13.7	3	1.0
Ted Ginn	NOR	1	20	1	20	20.0	0	0.0	0	
Jonathan Williams	NOR	1	1		1	1.0	0	0.0	0	
Player	Tm	Att	Yds	1D	YBC	YBC/Att	YAC	YAC/Att	BrkTkl	Att/Br
Tevin Coleman	ATL	15	33	1	24	1.6	9	0.6	0	
Matt Ryan	ATL	4	12	0	7	1.8	5	1.3	0	
Ito Smith	ATL	2	-6	0	-8	-4.0	2	1.0	0	
Calvin Ridley	ATL	1	9	0	7	7.0	2	2.0	0	"
advanced_receiving
"Alvin Kamara	NOR	20	15	124	5	22	1.5	102	6.8	0		0	0.0
Michael Thomas	NOR	10	10	129	6	65	6.5	64	6.4	1	10.0	0	0.0
Ben Watson	NOR	6	5	71	2	57	11.4	14	2.8	0		0	0.0
Ted Ginn	NOR	6	3	12	2	-2	-0.7	14	4.7	1	3.0	2	33.3
Zach Line	NOR	2	2	6	1	3	1.5	3	1.5	0		0	0.0
Jonathan Williams	NOR	1	1	1		1	1.0	0	0.0	0		0	0.0
Austin Carr	NOR	2	1	25	1	20	20.0	5	5.0	0		0	0.0
Cameron Meredith	NOR	1	1	11	1	7	7.0	4	4.0	0		0	0.0
Josh Hill	NOR	1	1	17	1	0	0.0	17	17.0	1	1.0	0	0.0
Player	Tm	Tgt	Rec	Yds	1D	YBC	YBC/R	YAC	YAC/R	BrkTkl	Rec/Br	Drop	Drop%
Calvin Ridley	ATL	8	7	146	7	102	14.6	44	6.3	0		0	0.0
Julio Jones	ATL	6	5	96	4	75	15.0	21	4.2	0		0	0.0
Mohamed Sanu	ATL	7	4	36	3	26	6.5	10	2.5	0		0	0.0
Austin Hooper	ATL	4	3	23		12	4.0	11	3.7	1	3.0	0	0.0
Ito Smith	ATL	4	3	41	3	6	2.0	35	11.7	1	3.0	0	0.0
Tevin Coleman	ATL	3	2	14	1	-2	-1.0	16	8.0	0		0	0.0
Logan Paulsen	ATL	1	1	11	1	4	4.0	7	7.0	0		0	0.0
Marvin Hall	ATL	1	1	7		-1	-1.0	8	8.0	0		0	0.0"
advanced_defense
"Demario Davis	NOR	0	8	7	87.5%	71	10.1	8.9	1	143.2	2.0	13	58	3	1	1	0.0	2	9	0	0.0%
P.J. Williams	NOR	0	9	7	77.8%	136	19.4	15.1	3	158.3	16.7	96	40	1	0	0	0.0	0	5	1	16.7%
Ken Crawley	NOR	0	5	4	80.0%	87	21.8	17.4	0	118.7	11.4	61	26	1	0	0	0.0	0	3	0	0.0%
Marshon Lattimore	NOR	0	3	3	100.0%	38	12.7	12.7	0	118.7	7.3	22	16	0	0	0	0.0	0	2	0	0.0%
Vonn Bell	NOR	0	3	2	66.7%	14	7.0	4.7	0	77.1	6.0	12	2	0	0	0	0.0	0	5	0	0.0%
A.J. Klein	NOR	0	3	1	33.3%	7	7.0	2.3	0	42.4	5.3	7	0	8	0	1	0.0	1	3	0	0.0%
Marcus Williams	NOR	0	3	1	33.3%	9	9.0	3.0	1	81.9	22.3	9	0	0	0	0	0.0	0	5	0	0.0%
Cameron Jordan	NOR	0	0	0										0	1	0	2.0	3	5	1	16.7%
David Onyemata	NOR	0	0	0										0	3	0	0.0	3	2	0	0.0%
Marcus Davenport	NOR	0	0	0										0	0	1	1.0	2	1	0	0.0%
Sheldon Rankins	NOR	0	0	0										0	2	0	0.0	2	3	0	0.0%
Kurt Coleman	NOR	0	0	0										1	1	0	0.0	1	2	1	33.3%
Player	Tm	Int	Tgt	Cmp	Cmp%	Yds	Yds/Cmp	Yds/Tgt	TD	Rat	DADOT	Air	YAC	Bltz	Hrry	QBKD	Sk	Prss	Comb	MTkl	MTkl%
De'Vondre Campbell	ATL	0	10	8	80.0%	70	8.8	7.0	0	95.8	5.7	13	57	6	1	0	0.0	1	6	0	0.0%
Desmond Trufant	ATL	0	8	7	87.5%	54	7.7	6.8	1	134.4	4.4	19	35	1	1	0	0.0	1	4	1	20.0%
Brian Poole	ATL	0	7	5	71.4%	59	11.8	8.4	1	136.3	7.7	32	27	2	0	1	0.0	1	10	3	23.1%
Duke Riley	ATL	0	6	5	83.3%	35	7.0	5.8	0	91.0	2.2	14	21	0	0	0	0.0	0	13	0	0.0%
Damontae Kazee	ATL	0	6	5	83.3%	43	8.6	7.2	0	96.5	3.2	19	24	0	0	0	0.0	0	10	3	23.1%
Foyesade Oluokun	ATL	0	4	4	100.0%	64	16.0	16.0	1	158.3	11.3	45	19	0	0	0	0.0	0	4	0	0.0%
Jordan Richards	ATL	0	3	3	100.0%	34	11.3	11.3	0	113.9	2.3	7	27	0	0	0	0.0	0	2	0	0.0%
Robert Alford	ATL	0	3	2	66.7%	29	14.5	9.7	1	137.5	9.3	17	12	0	0	0	0.0	0	1	3	75.0%
Ricardo Allen	ATL	0	5	2	40.0%	30	15.0	6.0	0	60.4	12.4	11	19	0	0	0	0.0	0	7	1	12.5%
Isaiah Oliver	ATL	0	1	1	100.0%	19	19.0	19.0	0	118.7	16.0	16	3	1	0	0	0.0	0	4	0	0.0%
Grady Jarrett	ATL	0	1	1	100.0%	5	5.0	5.0	0	87.5	3.0	3	2	0	0	0	0.0	0	3	0	0.0%
Jack Crawford	ATL	0	0	0										0	2	0	0.0	2	1	0	0.0%
Vic Beasley	ATL	0	0	0										0	1	0	1.0	2	2	2	50.0%
Deadrin Senat	ATL	0	0	0										0	1	0	0.0	1	2	1	33.3%"
