advanced_rushing = document.querySelectorAll("#rushing_advanced > tbody")[0].innerText;
advanced_receiving = document.querySelectorAll("#receiving_advanced > tbody")[0].innerText;
advanced_defense = document.querySelectorAll("#defense_advanced > tbody")[0].innerText;
advanced_passing = document.querySelectorAll("#passing_advanced > tbody")[0].innerText;
"Andy Dalton	CIN	29	46	352	18	37.5	444	9.7	249	8.6	5.4	103	3.6	0	0.0%	4	9.5%	2	13	7	2	0	
Player	Tm	Cmp	Att	Yds	1D	1D%	IAY	IAY/PA	CAY	CAY/Cmp	CAY/PA	YAC	YAC/Cmp	Drops	Drop%	BadTh	Bad%	Sk	Bltz	Hrry	Hits	Scrm	Yds/Scr
Cam Newton	CAR	15	24	150	10	40.0	218	9.1	87	5.8	3.6	63	4.2	2	8.7%	4	17.4%	1	5	1	1	2	7.0"
advanced_rushing
"Giovani Bernard	CIN	12	61	6	30	2.5	31	2.6	1	12.0
Tyler Boyd	CIN	1	5	0	4	4.0	1	1.0	0	
Player	Tm	Att	Yds	1D	YBC	YBC/Att	YAC	YAC/Att	BrkTkl	Att/Br
Christian McCaffrey	CAR	28	184	7	139	5.0	45	1.6	2	14.0
Cam Newton	CAR	10	36	4	30	3.0	6	0.6	0	
C.J. Anderson	CAR	2	9	0	6	3.0	3	1.5	0	
Alex Armah	CAR	1	1		1	1.0	0	0.0	0	"
advanced_receiving
"Tyler Boyd	CIN	7	6	132	4	93	15.5	39	6.5	0		0	0.0
Tyler Eifert	CIN	8	6	74	6	59	9.8	15	2.5	1	6.0	0	0.0
Giovani Bernard	CIN	9	5	25	0	7	1.4	18	3.6	0		0	0.0
A.J. Green	CIN	8	5	58	3	48	9.6	10	2.0	0		0	0.0
John Ross	CIN	7	3	16	1	5	1.7	11	3.7	0		0	0.0
C.J. Uzomah	CIN	2	2	19	2	14	7.0	5	2.5	0		0	0.0
Tyler Kroft	CIN	1	1	16	1	11	11.0	5	5.0	0		0	0.0
Josh Malone	CIN	3	1	12	1	12	12.0	0	0.0	0		0	0.0
Player	Tm	Tgt	Rec	Yds	1D	YBC	YBC/R	YAC	YAC/R	BrkTkl	Rec/Br	Drop	Drop%
Devin Funchess	CAR	7	4	67	4	54	13.5	13	3.3	0		1	14.3
Torrey Smith	CAR	6	3	19	2	19	6.3	0	0.0	0		1	16.7
Ian Thomas	CAR	5	3	20	1	16	5.3	4	1.3	0		0	0.0
Christian McCaffrey	CAR	2	2	10	1	1	0.5	9	4.5	1	2.0	0	0.0
C.J. Anderson	CAR	1	1	24	1	-4	-4.0	28	28.0	0		0	0.0
D.J. Moore	CAR	2	1	3		-5	-5.0	8	8.0	0		0	0.0
Jarius Wright	CAR	1	1	7	1	6	6.0	1	1.0	0		0	0.0"
advanced_defense
"Dre Kirkpatrick	CIN	0	9	5	55.6%	58	11.6	6.4	0	75.2	14.4	56	2	0	0	0	0.0	0	7	0	0.0%
Nick Vigil	CIN	0	4	4	100.0%	12	3.0	3.0	0	79.2	0.0	0	12	2	0	0	0.0	0	12	1	7.7%
William Jackson	CIN	0	4	3	75.0%	30	10.0	7.5	1	135.4	8.5	17	13	0	0	0	0.0	0	1	0	0.0%
Darqueze Dennard	CIN	0	4	2	50.0%	7	3.5	1.8	0	56.2	7.5	-1	8	0	0	0	0.0	0	5	0	0.0%
Hardy Nickerson	CIN	0	1	1	100.0%	18	18.0	18.0	0	118.7	17.0	17	1	1	0	0	0.0	0	7	2	22.2%
Carlos Dunlap	CIN	0	0	0										0	0	1	1.0	2	6	0	0.0%
Ryan Glasgow	CIN	0	0	0										0	1	0	0.0	1	4	0	0.0%
Carl Lawson	CIN	0	0	0										0	1	0	0.0	1	1	0	0.0%
Geno Atkins	CIN	0	0	0										0	1	0	0.0	1	5	0	0.0%
Jordan Willis	CIN	0	0	0										0	0	0	0.0	0	1	1	50.0%
Jordan Evans	CIN	0	0	0										2	0	0	0.0	0	3	0	0.0%
Shawn Williams	CIN	0	2	0	0.0%					39.6	4.5			1	0	0	0.0	0	5	1	16.7%
Player	Tm	Int	Tgt	Cmp	Cmp%	Yds	Yds/Cmp	Yds/Tgt	TD	Rat	DADOT	Air	YAC	Bltz	Hrry	QBKD	Sk	Prss	Comb	MTkl	MTkl%
Shaq Thompson	CAR	0	10	8	80.0%	59	7.4	5.9	0	91.2	2.8	34	25	5	1	0	0.0	1	8	0	0.0%
Donte Jackson	CAR	2	8	5	62.5%	59	11.8	7.4	0	45.3	18.0	40	19	0	0	0	0.0	0	7	2	22.2%
James Bradberry	CAR	0	9	4	44.4%	43	10.8	4.8	0	59.0	8.1	27	16	0	0	0	0.0	0	4	0	0.0%
Colin Jones	CAR	0	4	4	100.0%	61	15.3	15.3	2	158.3	13.5	54	7	0	0	0	0.0	0	8	0	0.0%
Luke Kuechly	CAR	1	5	2	40.0%	11	5.5	2.2	0	8.3	8.8	4	7	5	0	0	0.0	0	5	0	0.0%
Mike Adams	CAR	0	2	2	100.0%	47	23.5	23.5	0	118.7	20.5	41	6	0	0	0	0.0	0	5	0	0.0%
Bryan Cox	CAR	0	3	1	33.3%	11	11.0	3.7	0	45.1	6.0	10	1	0	0	0	0.0	0	1	0	0.0%
David Mayo	CAR	0	1	1	100.0%	49	49.0	49.0	0	118.7	32.0	32	17	2	0	0	0.0	0	2	0	0.0%
Efe Obada	CAR	1	0	0										0	1	1	1.0	3	1	0	0.0%
Kawann Short	CAR	0	0	0										0	2	0	0.0	2	3	0	0.0%
Mario Addison	CAR	0	0	0										0	1	0	1.0	2	1	0	0.0%
Julius Peppers	CAR	0	0	0										0	0	1	0.0	1	0	0	"
