advanced_rushing = document.querySelectorAll("#rushing_advanced > tbody")[0].innerText;
advanced_receiving = document.querySelectorAll("#receiving_advanced > tbody")[0].innerText;
advanced_defense = document.querySelectorAll("#defense_advanced > tbody")[0].innerText;
advanced_passing = document.querySelectorAll("#passing_advanced > tbody")[0].innerText;
"Tom Brady	NWE	14	26	133	4	14.3	333	12.8	85	6.1	3.3	48	3.4	2	7.7%	9	34.6%	2	0	1	4	0	
Player	Tm	Cmp	Att	Yds	1D	1D%	IAY	IAY/PA	CAY	CAY/Cmp	CAY/PA	YAC	YAC/Cmp	Drops	Drop%	BadTh	Bad%	Sk	Bltz	Hrry	Hits	Scrm	Yds/Scr
Matthew Stafford	DET	27	36	262	16	43.2	194	5.4	117	4.3	3.3	145	5.4	0	0.0%	7	20.0%	1	10	3	0	1	10.0"
advanced_rushing
"Sony Michel	NWE	14	50	4	14	1.0	36	2.6	1	14.0
James White	NWE	4	37	2	32	8.0	5	1.3	0	
Tom Brady	NWE	1	2	1	2	2.0	0	0.0	0	
Player	Tm	Att	Yds	1D	YBC	YBC/Att	YAC	YAC/Att	BrkTkl	Att/Br
LeGarrette Blount	DET	16	48	2	21	1.3	27	1.7	0	
Kerryon Johnson	DET	16	101	6	56	3.5	45	2.8	1	16.0
Matthew Stafford	DET	1	10	0	10	10.0	0	0.0	0	"
advanced_receiving
"Rob Gronkowski	NWE	5	4	51	1	43	10.8	8	2.0	0		0	0.0
Chris Hogan	NWE	4	3	31	1	25	8.3	6	2.0	0		0	0.0
James White	NWE	3	3	14	1	14	4.7	0	0.0	0		0	0.0
Rex Burkhead	NWE	3	2	26	1	-4	-2.0	30	15.0	0		0	0.0
Sony Michel	NWE	3	1	-1	0	-5	-5.0	4	4.0	0		1	33.3
Cordarrelle Patterson	NWE	1	1	12		12	12.0	0	0.0	0		0	0.0
Phillip Dorsett	NWE	5	0	0		0		0		0		1	20.0
Player	Tm	Tgt	Rec	Yds	1D	YBC	YBC/R	YAC	YAC/R	BrkTkl	Rec/Br	Drop	Drop%
Kenny Golladay	DET	7	6	53	3	40	6.7	13	2.2	0		0	0.0
Golden Tate	DET	8	6	69	3	24	4.0	45	7.5	2	3.0	0	0.0
Marvin Jones	DET	6	4	69	3	56	14.0	13	3.3	0		0	0.0
Theo Riddick	DET	3	3	36	1	-4	-1.3	40	13.3	0		0	0.0
LeGarrette Blount	DET	2	2	17	1	6	3.0	11	5.5	0		0	0.0
Kerryon Johnson	DET	3	2	9	2	-4	-2.0	13	6.5	0		0	0.0
Luke Willson	DET	3	2	10	1	1	0.5	9	4.5	0		0	0.0
Nick Bellore	DET	1	1	-5		-6	-6.0	1	1.0	0		0	0.0
T.J. Jones	DET	2	1	4	1	4	4.0	0	0.0	0		0	0.0"
advanced_defense
"Jonathan Jones	NWE	0	7	5	71.4%	69	13.8	9.9	0	102.7	7.6	34	35	0	0	0	0.0	0	4	2	33.3%
Stephon Gilmore	NWE	0	6	4	66.7%	54	13.5	9.0	2	134.7	11.3	44	10	0	0	0	0.0	0	4	0	0.0%
Ja'Whaun Bentley	NWE	1	5	4	80.0%	40	10.0	8.0	0	60.4	4.8	3	37	4	0	0	0.0	0	5	1	16.7%
Elandon Roberts	NWE	0	4	4	100.0%	13	3.3	3.3	0	80.2	-2.5	-10	23	2	0	0	0.0	0	7	0	0.0%
Jason McCourty	NWE	0	5	3	60.0%	15	5.0	3.0	0	64.6	4.6	9	6	0	0	0	0.0	0	6	0	0.0%
Duron Harmon	NWE	0	3	3	100.0%	16	5.3	5.3	0	88.9	4.7	14	2	1	0	0	0.0	0	8	1	11.1%
Dont'a Hightower	NWE	0	3	2	66.7%	17	8.5	5.7	0	81.2	1.7	6	11	8	0	0	0.0	0	5	0	0.0%
Kyle Van Noy	NWE	0	1	1	100.0%	11	11.0	11.0	0	112.5	5.0	5	6	9	1	0	0.0	1	7	2	22.2%
Keion Crossen	NWE	0	1	1	100.0%	16	16.0	16.0	0	118.7	14.0	14	2	0	0	0	0.0	0	1	0	0.0%
Deatrich Wise	NWE	0	0	0										0	1	0	1.0	2	4	1	20.0%
Adrian Clayborn	NWE	0	0	0										0	0	0	0.0	0	1	2	66.7%
Player	Tm	Int	Tgt	Cmp	Cmp%	Yds	Yds/Cmp	Yds/Tgt	TD	Rat	DADOT	Air	YAC	Bltz	Hrry	QBKD	Sk	Prss	Comb	MTkl	MTkl%
Jarrad Davis	DET	0	5	4	80.0%	29	7.3	5.8	0	90.8	3.4	15	14	0	1	0	0.0	1	5	2	28.6%
Quandre Diggs	DET	0	3	3	100.0%	44	14.7	14.7	1	158.3	12.3	37	7	0	0	0	0.0	0	3	1	25.0%
Christian Jones	DET	0	2	2	100.0%	5	2.5	2.5	0	79.2	-0.5	-1	6	0	0	1	0.0	1	4	0	0.0%
Nevin Lawson	DET	0	3	2	66.7%	12	6.0	4.0	0	74.3	11.7	12	0	0	0	0	0.0	0	2	0	0.0%
Jamal Agnew	DET	0	2	2	100.0%	28	14.0	14.0	0	118.7	14.0	28	0	0	0	0	0.0	0	1	0	0.0%
Glover Quin	DET	0	4	2	50.0%	27	13.5	6.8	0	71.9	17.8	20	7	0	0	0	0.0	0	4	0	0.0%
Tavon Wilson	DET	0	1	1	100.0%	19	19.0	19.0	0	118.7	-1.0	-1	20	0	0	0	0.0	0	3	0	0.0%
Jalen Reeves-Maybin	DET	0	2	1	50.0%	0	0.0	0.0	0	56.2	6.0	0	0	0	0	0	0.0	0	2	0	0.0%
Eli Harold	DET	0	0	0										0	0	0	2.0	2	3	0	0.0%
Devon Kennard	DET	0	0	0										0	0	2	0.0	2	1	0	0.0%
Romeo Okwara	DET	0	1	0	0.0%					39.6	4.0			0	0	1	0.0	1	2	0	0.0%
DeShawn Shead	DET	0	1	0	0.0%					39.6	33.0			0	0	0	0.0	0	1	0	0.0%
Darius Slay	DET	1	3	0	0.0%					0.0	34.7			0	0	0	0.0	0	0	0	"
