advanced_rushing = document.querySelectorAll("#rushing_advanced > tbody")[0].innerText;
advanced_receiving = document.querySelectorAll("#receiving_advanced > tbody")[0].innerText;
advanced_defense = document.querySelectorAll("#defense_advanced > tbody")[0].innerText;
advanced_passing = document.querySelectorAll("#passing_advanced > tbody")[0].innerText;
"Marcus Mariota	TEN	12	18	100	5	26.3	66	3.7	33	2.8	1.8	67	5.6	2	11.8%	2	11.8%	1	8	3	1	5	6.0
Blaine Gabbert	TEN	1	3	8	1	20.0	23	7.7	8	8.0	2.7	0	0.0	0	0.0%	2	66.7%	2	2	0	0	0	
Player	Tm	Cmp	Att	Yds	1D	1D%	IAY	IAY/PA	CAY	CAY/Cmp	CAY/PA	YAC	YAC/Cmp	Drops	Drop%	BadTh	Bad%	Sk	Bltz	Hrry	Hits	Scrm	Yds/Scr
Blake Bortles	JAX	21	34	155	6	16.2	144	4.2	48	2.3	1.4	107	5.1	3	9.1%	5	15.2%	3	8	7	2	4	6.0"
advanced_rushing
"Derrick Henry	TEN	18	57	1	21	1.2	36	2.0	5	3.6
Dion Lewis	TEN	9	26	1	6	0.7	20	2.2	1	9.0
Marcus Mariota	TEN	7	51	4	20	2.9	31	4.4	3	2.3
Tajae Sharpe	TEN	1	16	1	-1	-1.0	17	17.0	0	
Player	Tm	Att	Yds	1D	YBC	YBC/Att	YAC	YAC/Att	BrkTkl	Att/Br
T.J. Yeldon	JAX	7	44	4	15	2.1	29	4.1	2	3.5
Corey Grant	JAX	6	11		9	1.5	2	0.3	0	
Blake Bortles	JAX	5	27	2	12	2.4	15	3.0	1	5.0
Brandon Wilds	JAX	1	5		4	4.0	1	1.0	0	"
advanced_receiving
"Taywan Taylor	TEN	5	4	30	2	19	4.8	11	2.8	0		0	0.0
Dion Lewis	TEN	3	3	14	0	-9	-3.0	23	7.7	1	3.0	0	0.0
Corey Davis	TEN	4	2	34	2	9	4.5	25	12.5	2	1.0	1	25.0
Darius Jennings	TEN	1	1	7		7	7.0	0	0.0	0		0	0.0
Rishard Matthews	TEN	2	1	3		3	3.0	0	0.0	0		0	0.0
Luke Stocker	TEN	2	1	11	1	3	3.0	8	8.0	0		0	0.0
Jonnu Smith	TEN	2	1	9	1	9	9.0	0	0.0	0		0	0.0
Derrick Henry	TEN	1	0	0	0	0		0		0		0	0.0
Tajae Sharpe	TEN	1	0	0	0	0		0		0		1	100.0
Player	Tm	Tgt	Rec	Yds	1D	YBC	YBC/R	YAC	YAC/R	BrkTkl	Rec/Br	Drop	Drop%
T.J. Yeldon	JAX	7	6	46	0	2	0.3	44	7.3	1	6.0	0	0.0
Keelan Cole	JAX	9	5	40	1	21	4.2	19	3.8	0		2	22.2
Dede Westbrook	JAX	4	3	31	3	4	1.3	27	9.0	1	3.0	0	0.0
Austin Seferian-Jenkins	JAX	5	3	18	1	10	3.3	8	2.7	0		0	0.0
Donte Moncrief	JAX	3	2	16	1	10	5.0	6	3.0	0		0	0.0
Tommy Bohanon	JAX	2	1	5		2	2.0	3	3.0	0		0	0.0
Corey Grant	JAX	2	1	-1		-1	-1.0	0	0.0	0		0	0.0
James O'Shaughnessy	JAX	1	0	0		0		0		0		0	0.0
DJ Chark	JAX	1	0	0		0		0		0		1	100.0"
advanced_defense
"Wesley Woodyard	TEN	0	6	6	100.0%	26	4.3	4.3	0	84.7	2.7	16	10	4	1	0	1.0	2	12	1	7.7%
Jayon Brown	TEN	0	6	4	66.7%	23	5.8	3.8	0	73.6	0.0	6	17	3	0	0	0.0	0	7	0	0.0%
Logan Ryan	TEN	0	3	3	100.0%	27	9.0	9.0	0	104.2	-0.3	-1	28	3	1	0	0.0	1	5	2	28.6%
Malcolm Butler	TEN	0	3	2	66.7%	20	10.0	6.7	0	85.4	3.3	12	8	1	1	0	0.0	1	3	2	40.0%
Harold Landry	TEN	0	1	1	100.0%	5	5.0	5.0	0	87.5	2.0	2	3	1	2	0	0.0	2	2	1	33.3%
Brian Orakpo	TEN	0	1	1	100.0%	15	15.0	15.0	0	118.7	5.0	5	10	4	1	0	0.0	1	2	0	0.0%
Kenny Vaccaro	TEN	0	2	1	50.0%	13	13.0	6.5	0	70.8	0.5	1	12	1	0	0	1.0	1	4	2	33.3%
LeShaun Sims	TEN	0	3	1	33.3%	9	9.0	3.0	0	42.4	7.7	5	4	0	0	0	0.0	0	2	0	0.0%
Kevin Byard	TEN	0	2	1	50.0%	8	8.0	4.0	0	60.4	11.5	0	8	0	0	0	0.0	0	1	0	0.0%
Derrick Morgan	TEN	0	0	0										3	2	2	0.0	4	1	1	50.0%
Jurrell Casey	TEN	0	0	0										0	0	0	1.0	1	3	0	0.0%
Dane Cruikshank	TEN	0	0	0										0	0	0	0.0	0	1	1	50.0%
Adoree' Jackson	TEN	0	6	0	0.0%					39.6	10.5			0	0	0	0.0	0	0	0	
Rashaan Evans	TEN	0	0	0										1	0	0	0.0	0	1	0	0.0%
Player	Tm	Int	Tgt	Cmp	Cmp%	Yds	Yds/Cmp	Yds/Tgt	TD	Rat	DADOT	Air	YAC	Bltz	Hrry	QBKD	Sk	Prss	Comb	MTkl	MTkl%
A.J. Bouye	JAX	0	7	5	71.4%	58	11.6	8.3	0	96.1	7.7	33	25	0	0	0	0.0	0	3	4	57.1%
Telvin Smith	JAX	0	2	2	100.0%	13	6.5	6.5	0	93.7	2.5	5	8	4	1	0	1.0	2	8	4	33.3%
Tashaun Gipson	JAX	0	5	2	40.0%	12	6.0	2.4	0	47.9	5.8	12	0	1	0	0	0.0	0	6	0	0.0%
Jalen Ramsey	JAX	0	3	2	66.7%	13	6.5	4.3	0	75.7	4.0	2	11	0	0	0	0.0	0	4	1	20.0%
Tre Herndon	JAX	0	1	1	100.0%	7	7.0	7.0	0	95.8	-3.0	-3	10	0	0	0	0.0	0	3	0	0.0%
Barry Church	JAX	0	2	1	50.0%	5	5.0	2.5	0	56.2	-5.0	-8	13	0	0	0	0.0	0	5	1	16.7%
Calais Campbell	JAX	0	0	0										0	1	0	2.0	3	5	1	16.7%
Tyler Patmon	JAX	0	0	0										5	2	0	0.0	2	1	0	0.0%
Dante Fowler	JAX	0	0	0										0	1	0	0.0	1	1	0	0.0%
Marcell Dareus	JAX	0	0	0										0	1	0	0.0	1	6	0	0.0%
Yannick Ngakoue	JAX	0	0	0										0	0	1	0.0	1	2	1	33.3%
Malik Jackson	JAX	0	0	0										0	1	0	0.0	1	3	1	25.0%
Taven Bryan	JAX	0	0	0										0	1	0	0.0	1	1	0	0.0%
Myles Jack	JAX	0	0	0										2	0	0	0.0	0	3	0	0.0%
Leon Jacobs	JAX	0	0	0										1	0	0	0.0	0	2	0	0.0%"
