advanced_rushing = document.querySelectorAll("#rushing_advanced > tbody")[0].innerText;
advanced_receiving = document.querySelectorAll("#receiving_advanced > tbody")[0].innerText;
advanced_defense = document.querySelectorAll("#defense_advanced > tbody")[0].innerText;
advanced_passing = document.querySelectorAll("#passing_advanced > tbody")[0].innerText;
"Jimmy Garoppolo	SFO	20	30	251	12	35.3	272	9.1	121	6.1	4.0	130	6.5	2	6.7%	6	20.0%	4	5	7	1	2	11.0
Player	Tm	Cmp	Att	Yds	1D	1D%	IAY	IAY/PA	CAY	CAY/Cmp	CAY/PA	YAC	YAC/Cmp	Drops	Drop%	BadTh	Bad%	Sk	Bltz	Hrry	Hits	Scrm	Yds/Scr
Patrick Mahomes	KAN	24	38	314	15	37.5	389	10.2	139	5.8	3.7	175	7.3	1	2.6%	9	23.7%	2	7	10	6	1	7.0"
advanced_rushing
"Alfred Morris	SFO	14	67	6	41	2.9	26	1.9	1	14.0
Matt Breida	SFO	10	90	4	42	4.2	48	4.8	0	
Jimmy Garoppolo	SFO	3	23	1	-14	-4.7	37	12.3	0	
Marquise Goodwin	SFO	1	-2	0	-2	-2.0	0	0.0	0	
Raheem Mostert	SFO	1	0		0	0.0	0	0.0	0	
Player	Tm	Att	Yds	1D	YBC	YBC/Att	YAC	YAC/Att	BrkTkl	Att/Br
Kareem Hunt	KAN	18	44	6	13	0.7	31	1.7	2	9.0
Patrick Mahomes	KAN	5	7	1	6	1.2	1	0.2	0	
Tyreek Hill	KAN	2	5	1	4	2.0	1	0.5	0	
Sammy Watkins	KAN	2	20	1	4	2.0	16	8.0	1	2.0
Spencer Ware	KAN	1	1	0	0	0.0	1	1.0	0	"
advanced_receiving
"George Kittle	SFO	7	5	79	4	26	5.2	53	10.6	2	2.5	0	0.0
Matt Breida	SFO	3	3	27	1	13	4.3	14	4.7	0		0	0.0
Trent Taylor	SFO	4	3	24		13	4.3	11	3.7	0		0	0.0
Marquise Goodwin	SFO	4	3	30	3	25	8.3	5	1.7	0		0	0.0
Kyle Juszczyk	SFO	4	2	38	1	25	12.5	13	6.5	0		1	25.0
Garrett Celek	SFO	1	1	7	1	6	6.0	1	1.0	0		0	0.0
Pierre Garcon	SFO	4	1	11	1	6	6.0	5	5.0	0		1	25.0
Raheem Mostert	SFO	1	1	8		-3	-3.0	11	11.0	0		0	0.0
Kendrick Bourne	SFO	2	1	27	1	10	10.0	17	17.0	0		0	0.0
Player	Tm	Tgt	Rec	Yds	1D	YBC	YBC/R	YAC	YAC/R	BrkTkl	Rec/Br	Drop	Drop%
Travis Kelce	KAN	10	8	114	5	57	7.1	57	7.1	0		0	0.0
Sammy Watkins	KAN	8	5	55	3	25	5.0	30	6.0	1	5.0	0	0.0
Tyreek Hill	KAN	5	2	51	2	37	18.5	14	7.0	1	2.0	0	0.0
Chris Conley	KAN	3	2	13	1	12	6.0	1	0.5	0		0	0.0
Spencer Ware	KAN	3	2	29	1	-4	-2.0	33	16.5	0		0	0.0
Damien Williams	KAN	2	2	16	1	4	2.0	12	6.0	0		0	0.0
Marcus Kemp	KAN	1	1	7		-1	-1.0	8	8.0	0		0	0.0
Demetrius Harris	KAN	3	1	13	1	13	13.0	0	0.0	0		1	33.3
Anthony Sherman	KAN	1	1	16	1	-4	-4.0	20	20.0	1	1.0	0	0.0
Kareem Hunt	KAN	1	0	0	0	0		0		0		0	0.0
Demarcus Robinson	KAN	1	0	0		0		0		0		0	0.0"
advanced_defense
"Reuben Foster	SFO	0	8	5	62.5%	53	10.6	6.6	0	81.8	7.9	14	39	2	0	0	0.0	0	7	4	36.4%
Jimmie Ward	SFO	0	7	5	71.4%	97	19.4	13.9	2	153.3	14.3	85	12	0	0	0	0.0	0	2	0	0.0%
Ahkello Witherspoon	SFO	0	5	3	60.0%	31	10.3	6.2	0	77.9	7.0	9	22	0	0	0	0.0	0	5	0	0.0%
Fred Warner	SFO	0	6	3	50.0%	26	8.7	4.3	1	101.4	2.3	3	23	3	0	0	0.0	0	11	2	15.4%
Adrian Colbert	SFO	0	3	3	100.0%	76	25.3	25.3	0	118.7	21.7	65	11	0	0	0	0.0	0	3	0	0.0%
D.J. Reed	SFO	0	3	1	33.3%	10	10.0	3.3	0	43.7	31.0	6	4	1	1	0	0.0	1	3	2	40.0%
Antone Exum	SFO	0	1	1	100.0%	8	8.0	8.0	0	100.0	3.0	3	5	2	0	0	1.0	1	9	1	10.0%
Malcolm Smith	SFO	0	1	1	100.0%	9	9.0	9.0	0	104.2	2.0	2	7	1	0	1	0.0	1	1	0	0.0%
DeForest Buckner	SFO	0	0	0										0	3	1	0.0	4	3	0	0.0%
Cassius Marsh	SFO	0	0	0										0	3	0	0.0	3	2	0	0.0%
Solomon Thomas	SFO	0	0	0										0	2	1	0.0	3	0	1	100.0%
Ronald Blair	SFO	0	0	0										0	0	2	0.0	2	2	0	0.0%
Sheldon Day	SFO	0	0	0										0	1	0	0.0	1	0	1	100.0%
Earl Mitchell	SFO	0	0	0										0	0	1	0.0	1	1	0	0.0%
Arik Armstead	SFO	0	0	0										0	0	0	1.0	1	2	1	33.3%
Richard Sherman	SFO	0	2	0	0.0%					39.6	31.0			0	0	0	0.0	0	2	0	0.0%
Player	Tm	Int	Tgt	Cmp	Cmp%	Yds	Yds/Cmp	Yds/Tgt	TD	Rat	DADOT	Air	YAC	Bltz	Hrry	QBKD	Sk	Prss	Comb	MTkl	MTkl%
Anthony Hitchens	KAN	0	4	4	100.0%	53	13.3	13.3	0	118.7	2.8	11	42	2	0	1	0.0	1	6	1	14.3%
Ron Parker	KAN	0	5	4	80.0%	76	19.0	15.2	1	158.3	18.8	58	18	0	0	0	0.0	0	7	0	0.0%
Orlando Scandrick	KAN	0	5	3	60.0%	25	8.3	5.0	0	72.9	4.6	10	15	0	0	0	0.0	0	2	1	33.3%
Eric Murray	KAN	0	5	2	40.0%	21	10.5	4.2	0	52.9	15.0	10	11	1	0	0	0.0	0	5	1	16.7%
Kendall Fuller	KAN	0	2	2	100.0%	13	6.5	6.5	0	93.7	2.5	5	8	2	0	0	0.0	0	5	0	0.0%
Steven Nelson	KAN	0	3	2	66.7%	33	16.5	11.0	0	103.5	10.0	16	17	0	0	0	0.0	0	3	1	25.0%
Reggie Ragland	KAN	0	4	2	50.0%	20	10.0	5.0	0	64.6	7.5	12	8	1	0	0	0.0	0	8	0	0.0%
Armani Watts	KAN	0	1	1	100.0%	7	7.0	7.0	0	95.8	-5.0	-5	12	0	0	0	0.0	0	2	1	33.3%
Justin Houston	KAN	0	1	0	0.0%					39.6	5.0			2	3	0	2.0	5	4	1	20.0%
Dee Ford	KAN	0	0	0										2	4	0	1.0	5	1	0	0.0%
Derrick Nnadi	KAN	0	0	0										0	1	0	0.0	1	3	0	0.0%
Allen Bailey	KAN	0	0	0										0	0	0	1.0	1	4	1	20.0%"
