advanced_rushing = document.querySelectorAll("#rushing_advanced > tbody")[0].innerText;
advanced_receiving = document.querySelectorAll("#receiving_advanced > tbody")[0].innerText;
advanced_defense = document.querySelectorAll("#defense_advanced > tbody")[0].innerText;
advanced_passing = document.querySelectorAll("#passing_advanced > tbody")[0].innerText;
"Josh Allen	BUF	15	22	196	6	24.0	190	8.6	58	3.9	2.6	138	9.2	3	13.6%	1	4.5%	3	8	3	2	4	7.5
Player	Tm	Cmp	Att	Yds	1D	1D%	IAY	IAY/PA	CAY	CAY/Cmp	CAY/PA	YAC	YAC/Cmp	Drops	Drop%	BadTh	Bad%	Sk	Bltz	Hrry	Hits	Scrm	Yds/Scr
Kirk Cousins	MIN	40	55	296	17	28.8	335	6.1	127	3.2	2.3	169	4.2	2	3.6%	6	10.9%	4	9	8	2	1	2.0"
advanced_rushing
"Chris Ivory	BUF	20	56	2	3	0.2	53	2.7	2	10.0
Josh Allen	BUF	10	39	5	26	2.6	13	1.3	0	
Marcus Murphy	BUF	8	33		9	1.1	24	3.0	0	
Player	Tm	Att	Yds	1D	YBC	YBC/Att	YAC	YAC/Att	BrkTkl	Att/Br
Mike Boone	MIN	2	11	1	-3	-1.5	14	7.0	0	
Kirk Cousins	MIN	2	2	0	2	1.0	0	0.0	0	
Latavius Murray	MIN	2	1	0	-1	-0.5	2	1.0	0	"
advanced_receiving
"Kelvin Benjamin	BUF	5	3	29	1	26	8.7	3	1.0	0		1	20.0
Andre Holmes	BUF	4	3	29	1	10	3.3	19	6.3	0		0	0.0
Chris Ivory	BUF	4	3	70	2	3	1.0	67	22.3	0		1	25.0
Charles Clay	BUF	3	2	18	1	-5	-2.5	23	11.5	0		0	0.0
Jason Croom	BUF	1	1	26	1	19	19.0	7	7.0	0		0	0.0
Zay Jones	BUF	1	1	17		11	11.0	6	6.0	0		0	0.0
Ray-Ray McCloud	BUF	1	1	6		-3	-3.0	9	9.0	0		0	0.0
Marcus Murphy	BUF	1	1	1		-3	-3.0	4	4.0	0		0	0.0
Robert Foster	BUF	2	0	0		0		0		0		1	50.0
Player	Tm	Tgt	Rec	Yds	1D	YBC	YBC/R	YAC	YAC/R	BrkTkl	Rec/Br	Drop	Drop%
Adam Thielen	MIN	19	14	105	5	60	4.3	45	3.2	0		0	0.0
Kyle Rudolph	MIN	6	5	48	4	37	7.4	11	2.2	0		0	0.0
C.J. Ham	MIN	6	5	47	3	-4	-0.8	51	10.2	2	2.5	0	0.0
Latavius Murray	MIN	7	5	30	2	1	0.2	29	5.8	1	5.0	1	14.3
Laquon Treadwell	MIN	4	4	33	3	20	5.0	13	3.3	0		0	0.0
Stefon Diggs	MIN	10	4	17		12	3.0	5	1.3	0		1	10.0
Aldrick Robinson	MIN	1	1	9		3	3.0	6	6.0	0		0	0.0
Tyler Conklin	MIN	1	1	7		3	3.0	4	4.0	0		0	0.0
Mike Boone	MIN	1	1	0	0	-5	-5.0	5	5.0	0		0	0.0"
advanced_defense
"Taron Johnson	BUF	0	12	8	66.7%	56	7.0	4.7	0	77.1	7.0	25	31	0	0	0	0.0	0	7	1	12.5%
Rafael Bush	BUF	0	6	6	100.0%	38	6.3	6.3	0	93.1	2.8	17	21	1	0	0	0.0	0	7	0	0.0%
Matt Milano	BUF	1	7	5	71.4%	35	7.0	5.0	0	42.9	3.3	9	26	7	0	0	1.0	1	8	1	11.1%
Tremaine Edmunds	BUF	0	6	5	83.3%	33	6.6	5.5	0	89.6	4.2	17	16	4	0	0	0.0	0	10	0	0.0%
Micah Hyde	BUF	0	7	4	57.1%	20	5.0	2.9	1	101.8	6.1	8	12	0	0	0	0.0	0	8	1	11.1%
Tre'Davious White	BUF	0	8	4	50.0%	26	6.5	3.3	0	57.3	16.4	26	0	1	0	0	0.0	0	4	0	0.0%
Ramon Humber	BUF	0	4	3	75.0%	24	8.0	6.0	0	89.6	-1.5	1	23	3	0	0	0.0	0	1	1	50.0%
Ryan Lewis	BUF	0	4	3	75.0%	24	8.0	6.0	0	89.6	9.0	17	7	0	0	0	0.0	0	2	1	33.3%
Lorenzo Alexander	BUF	0	1	1	100.0%	12	12.0	12.0	0	116.7	2.0	2	10	2	2	0	0.0	2	1	0	0.0%
Jordan Poyer	BUF	0	3	1	33.3%	6	6.0	2.0	0	42.4	22.3	-1	7	1	0	0	0.0	0	3	0	0.0%
Jerry Hughes	BUF	0	0	0										0	4	1	1.0	6	1	0	0.0%
Trent Murphy	BUF	0	1	0	0.0%					39.6	3.0			0	1	0	1.0	2	2	0	0.0%
Kyle Williams	BUF	0	0	0										0	0	1	1.0	2	1	0	0.0%
Eddie Yarbrough	BUF	0	0	0										0	1	0	0.0	1	1	0	0.0%
Player	Tm	Int	Tgt	Cmp	Cmp%	Yds	Yds/Cmp	Yds/Tgt	TD	Rat	DADOT	Air	YAC	Bltz	Hrry	QBKD	Sk	Prss	Comb	MTkl	MTkl%
Xavier Rhodes	MIN	0	6	4	66.7%	38	9.5	6.3	0	84.0	7.8	23	15	0	0	0	0.0	0	2	1	33.3%
Eric Kendricks	MIN	0	3	3	100.0%	82	27.3	27.3	1	158.3	8.7	26	56	2	0	0	0.0	0	9	0	0.0%
Harrison Smith	MIN	0	2	2	100.0%	16	8.0	8.0	0	100.0	0.0	0	16	2	0	0	1.0	1	5	0	0.0%
Anthony Barr	MIN	0	3	2	66.7%	11	5.5	3.7	0	72.9	-3.0	-6	17	7	1	0	0.0	1	7	0	0.0%
Mike Hughes	MIN	0	4	2	50.0%	26	13.0	6.5	0	70.8	17.3	7	19	0	0	0	0.0	0	4	1	20.0%
Mackensie Alexander	MIN	0	2	2	100.0%	20	10.0	10.0	0	108.3	7.0	14	6	0	0	0	0.0	0	3	0	0.0%
Andrew Sendejo	MIN	0	2	1	50.0%	26	26.0	13.0	1	135.4	11.5	19	7	1	0	0	0.0	0	5	0	0.0%
Trae Waynes	MIN	0	2	1	50.0%	6	6.0	3.0	0	56.2	21.0	-3	9	0	0	0	0.0	0	2	0	0.0%
Stephen Weatherly	MIN	0	0	0										0	1	1	1.0	3	7	0	0.0%
Danielle Hunter	MIN	0	0	0										0	1	0	1.0	2	5	1	16.7%
Linval Joseph	MIN	0	0	0										0	1	0	0.0	1	5	1	16.7%
Tashawn Bower	MIN	0	0	0										0	1	0	0.0	1	6	1	14.3%
Sheldon Richardson	MIN	0	0	0										0	0	1	0.0	1	3	0	0.0%
Ben Gedeon	MIN	0	0	0										1	0	0	0.0	0	2	0	0.0%"
