advanced_rushing = document.querySelectorAll("#rushing_advanced > tbody")[0].innerText;
advanced_receiving = document.querySelectorAll("#receiving_advanced > tbody")[0].innerText;
advanced_defense = document.querySelectorAll("#defense_advanced > tbody")[0].innerText;
advanced_passing = document.querySelectorAll("#passing_advanced > tbody")[0].innerText;
"Andrew Luck	IND	25	40	164	9	21.4	219	5.5	86	3.4	2.2	78	3.1	1	2.5%	7	17.5%	2	4	7	3	1	33.0
Jacoby Brissett	IND	0	1	0			54	54.0	0		0.0	0		0	0.0%	0	0.0%	0	0	0	1	0	
Player	Tm	Cmp	Att	Yds	1D	1D%	IAY	IAY/PA	CAY	CAY/Cmp	CAY/PA	YAC	YAC/Cmp	Drops	Drop%	BadTh	Bad%	Sk	Bltz	Hrry	Hits	Scrm	Yds/Scr
Carson Wentz	PHI	25	37	255	12	28.6	288	7.8	163	6.5	4.4	92	3.7	2	5.4%	4	10.8%	5	9	6	1	2	5.0"
advanced_rushing
"Jordan Wilkins	IND	6	19	1	8	1.3	11	1.8	0	
Nyheim Hines	IND	5	18	1	12	2.4	6	1.2	0	
Marcus Johnson	IND	1	-2		-4	-4.0	2	2.0	1	1.0
Andrew Luck	IND	1	33	1	15	15.0	18	18.0	0	
Player	Tm	Att	Yds	1D	YBC	YBC/Att	YAC	YAC/Att	BrkTkl	Att/Br
Corey Clement	PHI	16	56	4	14	0.9	42	2.6	2	8.0
Wendell Smallwood	PHI	10	56	4	28	2.8	28	2.8	0	
Josh Adams	PHI	6	30	1	27	4.5	3	0.5	0	
Carson Wentz	PHI	3	10	1	-4	-1.3	14	4.7	1	3.0"
advanced_receiving
"Eric Ebron	IND	11	5	33	1	12	2.4	21	4.2	0		1	9.1
T.Y. Hilton	IND	10	5	50	1	43	8.6	7	1.4	0		0	0.0
Nyheim Hines	IND	5	5	25	3	-6	-1.2	31	6.2	0		0	0.0
Ryan Grant	IND	5	3	35	3	28	9.3	7	2.3	0		0	0.0
Chester Rogers	IND	4	2	14	1	11	5.5	3	1.5	0		0	0.0
Jordan Wilkins	IND	2	2	1	0	-4	-2.0	5	2.5	0		0	0.0
Ryan Kelly	IND	1	1	-4		-3	-3.0	-1	-1.0	0		0	0.0
Zach Pascal	IND	2	1	3		-2	-2.0	5	5.0	0		0	0.0
Erik Swoope	IND	1	1	7		7	7.0	0	0.0	0		0	0.0
Player	Tm	Tgt	Rec	Yds	1D	YBC	YBC/R	YAC	YAC/R	BrkTkl	Rec/Br	Drop	Drop%
Dallas Goedert	PHI	7	7	73	3	57	8.1	16	2.3	0		0	0.0
Zach Ertz	PHI	10	5	73	4	50	10.0	23	4.6	0		1	10.0
Nelson Agholor	PHI	5	4	24	3	8	2.0	16	4.0	0		0	0.0
Corey Clement	PHI	4	3	19	0	5	1.7	14	4.7	0		0	0.0
Wendell Smallwood	PHI	5	3	35	1	21	7.0	14	4.7	0		0	0.0
Jordan Matthews	PHI	2	2	21		17	8.5	4	2.0	0		0	0.0
Joshua Perkins	PHI	4	1	10	1	5	5.0	5	5.0	0		1	25.0"
advanced_defense
"Darius Leonard	IND	0	6	6	100.0%	59	9.8	9.8	0	107.6	7.2	39	20	5	0	0	2.0	2	13	1	7.1%
Clayton Geathers	IND	0	5	4	80.0%	38	9.5	7.6	0	98.3	5.0	19	19	1	1	0	0.0	1	13	1	7.1%
Nate Hairston	IND	0	8	4	50.0%	48	12.0	6.0	0	68.7	10.6	36	12	2	0	0	0.0	0	7	0	0.0%
Malik Hooker	IND	0	4	3	75.0%	57	19.0	14.3	1	156.2	20.0	44	13	0	0	0	0.0	0	6	0	0.0%
Kenny Moore	IND	0	3	2	66.7%	10	5.0	3.3	0	71.5	6.3	2	8	2	0	0	0.0	0	3	0	0.0%
Zaire Franklin	IND	0	2	2	100.0%	15	7.5	7.5	0	97.9	5.0	10	5	1	0	0	0.0	0	3	0	0.0%
Anthony Walker	IND	1	4	2	50.0%	10	5.0	2.5	0	16.7	4.5	9	1	1	0	0	0.0	0	9	2	18.2%
Margus Hunt	IND	0	1	1	100.0%	-8	-8.0	-8.0	0	79.2	-8.0	-8	0	0	1	0	1.0	2	4	0	0.0%
Pierre Desir	IND	0	2	1	50.0%	12	12.0	6.0	0	68.7	5.5	7	5	0	0	0	0.0	0	4	0	0.0%
Najee Goode	IND	0	1	1	100.0%	13	13.0	13.0	0	118.7	6.0	6	7	0	0	0	0.0	0	1	0	0.0%
Kemoko Turay	IND	0	0	0										1	2	0	1.5	4	2	0	0.0%
Jabaal Sheard	IND	0	0	0										0	2	0	0.5	3	4	1	20.0%
Al Woods	IND	0	0	0										0	3	0	0.0	3	1	0	0.0%
Al-Quadin Muhammad	IND	0	0	0										0	0	1	0.0	1	2	0	0.0%
Player	Tm	Int	Tgt	Cmp	Cmp%	Yds	Yds/Cmp	Yds/Tgt	TD	Rat	DADOT	Air	YAC	Bltz	Hrry	QBKD	Sk	Prss	Comb	MTkl	MTkl%
Ronald Darby	PHI	0	10	7	70.0%	87	12.4	8.7	1	130.0	9.2	69	18	0	0	0	0.0	0	2	1	33.3%
Jordan Hicks	PHI	0	6	5	83.3%	36	7.2	6.0	0	91.7	4.0	19	17	1	0	0	0.0	0	8	0	0.0%
Sidney Jones	PHI	0	6	3	50.0%	12	4.0	2.0	0	56.2	4.2	3	9	0	0	0	0.0	0	2	0	0.0%
Jalen Mills	PHI	0	7	3	42.9%	8	2.7	1.1	0	50.3	4.1	0	8	0	0	0	0.0	0	5	0	0.0%
Malcolm Jenkins	PHI	0	4	2	50.0%	12	6.0	3.0	0	56.2	22.5	4	8	2	1	0	0.0	1	4	0	0.0%
Nigel Bradham	PHI	0	2	1	50.0%	0	0.0	0.0	0	56.2	5.5	0	0	2	0	0	0.0	0	2	0	0.0%
Chris Long	PHI	0	0	0										0	2	3	0.0	5	1	0	0.0%
Derek Barnett	PHI	0	0	0										0	1	0	1.5	3	5	1	16.7%
Michael Bennett	PHI	0	0	0										0	2	1	0.0	3	1	0	0.0%
Fletcher Cox	PHI	0	0	0										0	0	0	0.5	1	4	0	0.0%
Brandon Graham	PHI	0	0	0										0	1	0	0.0	1	2	0	0.0%
Rodney McLeod	PHI	0	1	0	0.0%					39.6	16.0			1	0	0	0.0	0	1	0	0.0%
Corey Graham	PHI	0	1	0	0.0%					39.6	-5.0			3	0	0	0.0	0	2	0	0.0%"
