advanced_rushing = document.querySelectorAll("#rushing_advanced > tbody")[0].innerText;
advanced_receiving = document.querySelectorAll("#receiving_advanced > tbody")[0].innerText;
advanced_defense = document.querySelectorAll("#defense_advanced > tbody")[0].innerText;
advanced_passing = document.querySelectorAll("#passing_advanced > tbody")[0].innerText;
"Philip Rivers	LAC	18	30	226	7	22.6	276	9.2	137	7.6	4.6	89	4.9	2	6.9%	6	20.7%	1	8	8	3	0	
Player	Tm	Cmp	Att	Yds	1D	1D%	IAY	IAY/PA	CAY	CAY/Cmp	CAY/PA	YAC	YAC/Cmp	Drops	Drop%	BadTh	Bad%	Sk	Bltz	Hrry	Hits	Scrm	Yds/Scr
Jared Goff	LAR	29	36	354	18	48.6	212	5.9	165	5.7	4.6	189	6.5	1	2.9%	3	8.6%	1	4	0	2	1	16.0"
advanced_rushing
"Melvin Gordon	LAC	15	80	5	29	1.9	51	3.4	2	7.5
Austin Ekeler	LAC	4	47	1	21	5.3	26	6.5	0	
Tyrell Williams	LAC	1	14	1	14	14.0	0	0.0	0	
Player	Tm	Att	Yds	1D	YBC	YBC/Att	YAC	YAC/Att	BrkTkl	Att/Br
Todd Gurley	LAR	23	105	7	57	2.5	48	2.1	0	
Malcolm Brown	LAR	5	42	3	35	7.0	7	1.4	0	
Jared Goff	LAR	3	14	1	14	4.7	0	0.0	0	
Robert Woods	LAR	3	13	1	11	3.7	2	0.7	0	
Cooper Kupp	LAR	1	-3	0	-3	-3.0	0	0.0	0	"
advanced_receiving
"Mike Williams	LAC	7	4	81	3	74	18.5	7	1.8	1	4.0	0	0.0
Keenan Allen	LAC	7	3	44	1	37	12.3	7	2.3	0		1	14.3
Austin Ekeler	LAC	3	3	24	1	-2	-0.7	26	8.7	0		0	0.0
Antonio Gates	LAC	5	3	45	3	21	7.0	24	8.0	1	3.0	0	0.0
Melvin Gordon	LAC	4	2	4	0	0	0.0	4	2.0	0		1	25.0
Tyrell Williams	LAC	3	2	22	1	3	1.5	19	9.5	0		0	0.0
Virgil Green	LAC	1	1	6		4	4.0	2	2.0	0		0	0.0
Player	Tm	Tgt	Rec	Yds	1D	YBC	YBC/R	YAC	YAC/R	BrkTkl	Rec/Br	Drop	Drop%
Robert Woods	LAR	11	10	104	7	78	7.8	26	2.6	0		0	0.0
Brandin Cooks	LAR	8	7	90	5	46	6.6	44	6.3	0		0	0.0
Todd Gurley	LAR	6	5	51	2	-7	-1.4	58	11.6	2	2.5	1	16.7
Cooper Kupp	LAR	5	4	71	2	29	7.3	42	10.5	1	4.0	0	0.0
Tyler Higbee	LAR	2	2	35	2	19	9.5	16	8.0	0		0	0.0
Gerald Everett	LAR	2	1	3		0	0.0	3	3.0	0		0	0.0
Malcolm Brown	LAR	1	0	0	0	0		0		0		0	0.0"
advanced_defense
"Jahleel Addae	LAC	0	5	5	100.0%	61	12.2	12.2	0	117.5	6.6	33	28	0	0	0	0.0	0	6	3	33.3%
Desmond King	LAC	0	6	5	83.3%	42	8.4	7.0	0	95.8	-0.5	-3	45	0	0	0	0.0	0	5	0	0.0%
Trevor Williams	LAC	0	4	4	100.0%	92	23.0	23.0	1	158.3	9.5	38	54	0	0	0	0.0	0	2	1	33.3%
Kyzir White	LAC	0	6	4	66.7%	31	7.8	5.2	1	118.7	6.8	20	11	0	0	0	0.0	0	7	1	12.5%
Derwin James	LAC	1	4	3	75.0%	54	18.0	13.5	0	77.1	15.0	50	4	2	0	0	0.0	0	9	0	0.0%
Casey Hayward	LAC	0	3	3	100.0%	24	8.0	8.0	1	139.6	7.7	23	1	0	0	0	0.0	0	5	0	0.0%
Denzel Perryman	LAC	0	4	2	50.0%	19	9.5	4.8	0	63.5	2.5	4	15	0	0	0	0.0	0	10	1	9.1%
Jatavis Brown	LAC	0	2	2	100.0%	20	10.0	10.0	0	108.3	9.5	19	1	1	0	0	0.0	0	4	1	20.0%
Melvin Ingram	LAC	0	0	0										1	0	1	0.0	1	1	1	50.0%
Brandon Mebane	LAC	0	0	0										0	0	0	1.0	1	6	0	0.0%
Uchenna Nwosu	LAC	0	0	0										2	0	1	0.0	1	2	1	33.3%
Adrian Phillips	LAC	0	0	0										1	0	0	0.0	0	2	0	0.0%
Player	Tm	Int	Tgt	Cmp	Cmp%	Yds	Yds/Cmp	Yds/Tgt	TD	Rat	DADOT	Air	YAC	Bltz	Hrry	QBKD	Sk	Prss	Comb	MTkl	MTkl%
Ramik Wilson	LAR	0	7	4	57.1%	22	5.5	3.1	0	62.8	-0.9	-6	28	0	0	0	0.0	0	9	1	10.0%
John Johnson	LAR	0	4	3	75.0%	42	14.0	10.5	0	108.3	11.5	22	20	1	0	0	0.0	0	4	1	20.0%
Aqib Talib	LAR	0	2	2	100.0%	23	11.5	11.5	0	114.6	4.5	9	14	0	0	0	0.0	0	2	0	0.0%
Marqui Christian	LAR	0	3	2	66.7%	14	7.0	4.7	0	77.1	5.0	5	9	1	0	0	0.0	0	3	0	0.0%
Lamarcus Joyner	LAR	0	5	2	40.0%	45	22.5	9.0	1	112.5	16.0	42	3	1	0	0	0.0	0	4	3	42.9%
Sam Shields	LAR	0	3	2	66.7%	38	19.0	12.7	0	109.7	17.0	29	9	0	0	0	0.0	0	4	1	20.0%
Nickell Robey-Coleman	LAR	0	5	2	40.0%	19	9.5	3.8	0	51.2	11.8	15	4	0	0	0	0.0	0	3	3	50.0%
Samson Ebukam	LAR	0	1	1	100.0%	1	1.0	1.0	0	79.2	-2.0	-2	3	3	0	1	0.0	1	1	3	75.0%
Cory Littleton	LAR	0	2	1	50.0%	6	6.0	3.0	0	56.2	14.0	4	2	3	0	0	0.0	0	10	1	9.1%
Aaron Donald	LAR	0	0	0										0	5	0	0.0	5	2	0	0.0%
Ndamukong Suh	LAR	0	0	0										0	1	1	1.0	3	3	0	0.0%
John Franklin-Myers	LAR	0	0	0										0	1	1	0.0	2	0	0	
Ethan Westbrooks	LAR	0	0	0										0	0	0	1.0	1	1	0	0.0%
Michael Brockers	LAR	0	0	0										0	1	0	0.0	1	1	0	0.0%"
