advanced_rushing = document.querySelectorAll("#rushing_advanced > tbody")[0].innerText;
advanced_receiving = document.querySelectorAll("#receiving_advanced > tbody")[0].innerText;
advanced_defense = document.querySelectorAll("#defense_advanced > tbody")[0].innerText;
advanced_passing = document.querySelectorAll("#passing_advanced > tbody")[0].innerText;
"Brandon Allen	DEN	10	25	82	4	13.8	147	5.9	30	3.0	1.2	52	5.2	1	4.2%	6	25.0%	4	10	1	2	2	4.0
Player	Tm	Cmp	Att	Yds	1D	1D%	IAY	IAY/PA	CAY	CAY/Cmp	CAY/PA	YAC	YAC/Cmp	Drops	Drop%	BadTh	Bad%	Sk	Bltz	Hrry	Hits	Scrm	Yds/Scr
Josh Allen	BUF	15	25	185	8	30.8	187	7.5	112	7.5	4.5	73	4.9	2	9.1%	3	13.6%	1	11	1	2	3	15.3"
advanced_rushing
"Phillip Lindsay	DEN	13	57	1	34	2.6	23	1.8	1	13.0
Brandon Allen	DEN	2	8	1	7	3.5	1	0.5	0	
Royce Freeman	DEN	2	20	1	5	2.5	15	7.5	1	2.0
Player	Tm	Att	Yds	1D	YBC	YBC/Att	YAC	YAC/Att	BrkTkl	Att/Br
Devin Singletary	BUF	21	106	5	34	1.6	72	3.4	2	10.5
Frank Gore	BUF	15	65	3	44	2.9	21	1.4	0	
Josh Allen	BUF	9	56	4	14	1.6	42	4.7	0	
Robert Foster	BUF	1	22	1	20	20.0	2	2.0	0	
Isaiah McKenzie	BUF	1	-5	0	-5	-5.0	0	0.0	0	"
advanced_receiving
"Noah Fant	DEN	5	3	14	1	4	1.3	10	3.3	0		0	0.0
Royce Freeman	DEN	2	2	9	0	3	1.5	6	3.0	0		0	0.0
Andrew Beck	DEN	1	1	18	1	-1	-1.0	19	19.0	0		0	0.0
Phillip Lindsay	DEN	3	1	11	0	3	3.0	8	8.0	0		1	33.3
Tim Patrick	DEN	3	1	3	1	3	3.0	0	0.0	0		0	0.0
Diontae Spencer	DEN	1	1	0		-3	-3.0	3	3.0	0		0	0.0
Courtland Sutton	DEN	8	1	27	1	21	21.0	6	6.0	0		0	0.0
DaeSean Hamilton	DEN	1	0	0		0		0		0		0	0.0
Player	Tm	Tgt	Rec	Yds	1D	YBC	YBC/R	YAC	YAC/R	BrkTkl	Rec/Br	Drop	Drop%
Cole Beasley	BUF	9	6	76	3	44	7.3	32	5.3	0		1	11.1
John Brown	BUF	4	2	39	2	38	19.0	1	0.5	0		1	25.0
Dawson Knox	BUF	2	2	11		9	4.5	2	1.0	0		0	0.0
Isaiah McKenzie	BUF	3	2	13	1	10	5.0	3	1.5	0		0	0.0
Robert Foster	BUF	1	1	24	1	2	2.0	22	22.0	0		0	0.0
Tyler Kroft	BUF	1	1	14	1	9	9.0	5	5.0	0		0	0.0
Devin Singletary	BUF	2	1	8	0	0	0.0	8	8.0	0		0	0.0"
advanced_defense
"Todd Davis	DEN	0	7	5	71.4%	45	9.0	6.4	0	88.4	4.1	21	24	2	0	0	0.0	0	13	2	13.3%
Davontae Harris	DEN	0	4	3	75.0%	31	10.3	7.8	1	136.5	8.5	21	10	0	0	0	0.0	0	4	1	20.0%
Chris Harris	DEN	0	3	2	66.7%	39	19.5	13.0	1	149.3	20.0	38	1	0	0	0	0.0	0	6	0	0.0%
Kareem Jackson	DEN	0	3	2	66.7%	20	10.0	6.7	0	85.4	9.3	14	6	0	0	0	0.0	0	7	2	22.2%
Alexander Johnson	DEN	0	1	1	100.0%	30	30.0	30.0	0	118.7	6.0	6	24	1	0	1	0.0	1	15	0	0.0%
Justin Simmons	DEN	1	2	1	50.0%	12	12.0	6.0	0	29.2	8.5	12	0	0	0	0	0.0	0	8	0	0.0%
Von Miller	DEN	0	0	0										10	1	0	1.0	2	3	0	0.0%
Derek Wolfe	DEN	0	0	0										0	0	1	0.0	1	2	1	33.3%
Adam Gotsis	DEN	0	0	0										0	0	0	0.0	0	5	1	16.7%
Malik Reed	DEN	0	0	0										6	0	0	0.0	0	2	1	33.3%
Duke Dawson	DEN	0	0	0										1	0	0	0.0	0	1	0	0.0%
Jeremiah Attaochu	DEN	0	0	0										4	0	0	0.0	0	4	1	20.0%
Mike Purcell	DEN	0	0	0										0	0	0	0.0	0	3	2	40.0%
Will Parks	DEN	0	1	0	0.0%					39.6	5.0			0	0	0	0.0	0	0	0	
Player	Tm	Int	Tgt	Cmp	Cmp%	Yds	Yds/Cmp	Yds/Tgt	TD	Rat	DADOT	Air	YAC	Bltz	Hrry	QBKD	Sk	Prss	Comb	MTkl	MTkl%
Matt Milano	BUF	0	5	2	40.0%	5	2.5	1.0	0	47.9	2.2	-5	10	4	0	1	0.0	1	6	1	14.3%
Jordan Poyer	BUF	0	2	2	100.0%	34	17.0	17.0	0	118.7	6.0	12	22	0	0	0	0.0	0	3	0	0.0%
Levi Wallace	BUF	0	3	2	66.7%	-2	-1.0	-0.7	0	70.1	-1.3	-3	1	2	0	0	0.0	0	4	0	0.0%
Trent Murphy	BUF	0	2	1	50.0%	11	11.0	5.5	0	66.7	-1.0	3	8	0	0	0	0.0	0	1	1	50.0%
Tre'Davious White	BUF	1	7	1	14.3%	27	27.0	3.9	0	3.6	14.9	21	6	0	0	0	0.0	0	3	0	0.0%
Tremaine Edmunds	BUF	0	1	1	100.0%	7	7.0	7.0	0	95.8	5.0	5	2	3	0	0	0.0	0	6	0	0.0%
Shaq Lawson	BUF	0	0	0										0	1	1	2.0	4	2	0	0.0%
Star Lotulelei	BUF	0	0	0										0	0	0	1.0	1	1	0	0.0%
Ed Oliver	BUF	0	0	0										0	0	0	1.0	1	1	1	50.0%
Lorenzo Alexander	BUF	0	0	0										2	0	0	0.0	0	1	0	0.0%
Micah Hyde	BUF	0	2	0	0.0%					39.6	8.0			1	0	0	0.0	0	2	1	33.3%
Taron Johnson	BUF	0	1	0	0.0%					39.6	8.0			1	0	0	0.0	0	4	0	0.0%"
