advanced_rushing = document.querySelectorAll("#rushing_advanced > tbody")[0].innerText;
advanced_receiving = document.querySelectorAll("#receiving_advanced > tbody")[0].innerText;
advanced_defense = document.querySelectorAll("#defense_advanced > tbody")[0].innerText;
advanced_passing = document.querySelectorAll("#passing_advanced > tbody")[0].innerText;
"Ryan Fitzpatrick	MIA	21	39	214	14	32.6	336	8.6	134	6.4	3.4	80	3.8	1	2.6%	9	23.7%	4	21	3	2	5	9.0
Player	Tm	Cmp	Att	Yds	1D	1D%	IAY	IAY/PA	CAY	CAY/Cmp	CAY/PA	YAC	YAC/Cmp	Drops	Drop%	BadTh	Bad%	Sk	Bltz	Hrry	Hits	Scrm	Yds/Scr
Baker Mayfield	CLE	24	34	327	15	42.9	299	8.8	197	8.2	5.8	130	5.4	1	3.0%	6	18.2%	1	14	4	1	0	"
advanced_rushing
"Kalen Ballage	MIA	7	13	1	4	0.6	9	1.3	0	
Ryan Fitzpatrick	MIA	5	45	3	36	7.2	9	1.8	0	
Myles Gaskin	MIA	4	10	0	3	0.8	7	1.8	0	
Patrick Laird	MIA	3	20	1	12	4.0	8	2.7	0	
Albert Wilson	MIA	1	4	0	3	3.0	1	1.0	0	
Player	Tm	Att	Yds	1D	YBC	YBC/Att	YAC	YAC/Att	BrkTkl	Att/Br
Nick Chubb	CLE	21	106	6	33	1.6	73	3.5	3	7.0
Kareem Hunt	CLE	8	37	2	14	1.8	23	2.9	0	
Baker Mayfield	CLE	2	5	1	1	0.5	4	2.0	0	
Garrett Gilbert	CLE	1	-1		-1	-1.0	0	0.0	0	"
advanced_receiving
"Albert Wilson	MIA	7	6	33	2	22	3.7	11	1.8	1	6.0	1	14.3
DeVante Parker	MIA	11	6	91	6	56	9.3	35	5.8	1	6.0	0	0.0
Allen Hurns	MIA	7	4	42	2	26	6.5	16	4.0	0		0	0.0
Mike Gesicki	MIA	7	3	28	2	17	5.7	11	3.7	0		0	0.0
Kalen Ballage	MIA	1	1	13	1	7	7.0	6	6.0	0		0	0.0
Myles Gaskin	MIA	1	1	7	1	6	6.0	1	1.0	0		0	0.0
Durham Smythe	MIA	2	0	0		0		0		0		0	0.0
Jakeem Grant	MIA	1	0	0		0		0		0		0	0.0
Patrick Laird	MIA	1	0	0	0	0		0		0		0	0.0
Player	Tm	Tgt	Rec	Yds	1D	YBC	YBC/R	YAC	YAC/R	BrkTkl	Rec/Br	Drop	Drop%
Jarvis Landry	CLE	13	10	148	9	120	12.0	28	2.8	0		0	0.0
Odell Beckham	CLE	8	6	84	3	64	10.7	20	3.3	0		0	0.0
Nick Chubb	CLE	3	3	58	2	4	1.3	54	18.0	1	3.0	0	0.0
Kareem Hunt	CLE	3	2	9	0	-5	-2.5	14	7.0	0		1	33.3
Demetrius Harris	CLE	2	2	20	1	13	6.5	7	3.5	0		0	0.0
Stephen Carlson	CLE	1	1	8		1	1.0	7	7.0	0		0	0.0
KhaDarel Hodge	CLE	1	0	0		0		0		0		0	0.0
Rashard Higgins	CLE	1	0	0		0		0		0		0	0.0
Ricky Seals-Jones	CLE	1	0	0		0		0		0		0	0.0"
advanced_defense
"Jerome Baker	MIA	0	6	6	100.0%	87	14.5	14.5	0	118.7	4.7	28	59	6	0	0	0.0	0	7	1	12.5%
Nik Needham	MIA	0	7	6	85.7%	86	14.3	12.3	2	157.4	9.6	67	19	0	0	0	0.0	0	4	1	20.0%
Ryan Lewis	MIA	1	10	5	50.0%	96	19.2	9.6	0	44.2	13.2	88	8	0	0	0	0.0	0	4	0	0.0%
Ken Crawley	MIA	0	3	3	100.0%	28	9.3	9.3	0	105.6	1.3	4	24	0	0	0	0.0	0	2	1	33.3%
Steven Parker	MIA	0	4	3	75.0%	29	9.7	7.3	1	134.4	12.3	29	0	0	0	0	0.0	0	7	0	0.0%
Jomal Wiltz	MIA	0	4	2	50.0%	21	10.5	5.3	0	65.6	9.5	10	11	1	0	0	0.0	0	3	0	0.0%
Raekwon McMillan	MIA	0	1	1	100.0%	6	6.0	6.0	0	91.7	-1.0	-1	7	2	0	0	0.0	0	1	2	66.7%
Davon Godchaux	MIA	0	0	0										0	1	1	0.5	3	9	1	10.0%
Charles Harris	MIA	0	0	0										0	0	0	0.5	1	3	1	25.0%
Vince Biegel	MIA	0	0	0										9	1	0	0.0	1	5	1	16.7%
Christian Wilkins	MIA	0	0	0										0	1	0	0.0	1	6	0	0.0%
Avery Moss	MIA	0	0	0										1	0	0	0.0	0	2	0	0.0%
Eric Rowe	MIA	0	1	0	0.0%					39.6	18.0			0	0	0	0.0	0	1	1	50.0%
John Jenkins	MIA	0	0	0										0	0	0	0.0	0	6	1	14.3%
Andrew Van Ginkel	MIA	0	0	0										1	0	0	0.0	0	1	0	0.0%
Player	Tm	Int	Tgt	Cmp	Cmp%	Yds	Yds/Cmp	Yds/Tgt	TD	Rat	DADOT	Air	YAC	Bltz	Hrry	QBKD	Sk	Prss	Comb	MTkl	MTkl%
Mack Wilson	CLE	0	6	4	66.7%	31	7.8	5.2	0	79.2	7.7	20	11	12	1	0	0.0	1	3	0	0.0%
Juston Burris	CLE	0	6	4	66.7%	48	12.0	8.0	2	130.6	10.7	46	2	7	0	0	0.0	0	3	2	40.0%
Damarious Randall	CLE	0	6	3	50.0%	31	10.3	5.2	1	104.9	14.5	26	5	3	0	0	0.0	0	7	0	0.0%
Denzel Ward	CLE	0	5	3	60.0%	18	6.0	3.6	0	67.1	6.2	8	10	1	0	0	0.0	0	3	0	0.0%
Greedy Williams	CLE	0	7	3	42.9%	32	10.7	4.6	0	56.8	12.7	18	14	0	0	0	0.0	0	2	2	50.0%
Chad Thomas	CLE	0	2	2	100.0%	11	5.5	5.5	0	89.6	1.0	2	9	1	2	0	0.0	2	5	0	0.0%
Terrance Mitchell	CLE	0	2	2	100.0%	23	11.5	11.5	0	114.6	7.5	15	8	0	0	0	0.0	0	2	0	0.0%
Joe Schobert	CLE	2	6	2	33.3%	16	8.0	2.7	0	2.8	10.7	9	7	10	0	0	0.0	0	4	2	33.3%
Sheldrick Redwine	CLE	0	1	1	100.0%	21	21.0	21.0	0	118.7	14.0	14	7	0	0	0	0.0	0	3	0	0.0%
Bryan Cox	CLE	0	0	0										0	2	1	0.0	3	3	0	0.0%
T.J. Carrie	CLE	0	1	0	0.0%					39.6	6.0			7	0	1	1.0	2	4	2	33.3%
Sheldon Richardson	CLE	0	0	0										1	0	0	2.0	2	5	1	16.7%
Sione Takitaki	CLE	0	0	0										2	1	0	0.0	1	2	0	0.0%
Porter Gustin	CLE	0	0	0										1	0	0	1.0	1	1	0	0.0%"
