advanced_rushing = document.querySelectorAll("#rushing_advanced > tbody")[0].innerText;
advanced_receiving = document.querySelectorAll("#receiving_advanced > tbody")[0].innerText;
advanced_defense = document.querySelectorAll("#defense_advanced > tbody")[0].innerText;
advanced_passing = document.querySelectorAll("#passing_advanced > tbody")[0].innerText;
"Jacoby Brissett	IND	16	25	129	9	34.6	178	7.1	41	2.6	1.6	88	5.5	1	4.2%	4	16.7%	1	5	0	3	3	5.0
Player	Tm	Cmp	Att	Yds	1D	1D%	IAY	IAY/PA	CAY	CAY/Cmp	CAY/PA	YAC	YAC/Cmp	Drops	Drop%	BadTh	Bad%	Sk	Bltz	Hrry	Hits	Scrm	Yds/Scr
Deshaun Watson	HOU	19	30	298	11	35.5	423	14.1	235	12.4	7.8	63	3.3	0	0.0%	7	25.0%	1	8	4	3	0	"
advanced_rushing
"Jonathan Williams	IND	26	104	6	48	1.8	56	2.2	2	13.0
Nyheim Hines	IND	9	51	3	39	4.3	12	1.3	0	
Jacoby Brissett	IND	4	20	1	17	4.3	3	0.8	0	
Player	Tm	Att	Yds	1D	YBC	YBC/Att	YAC	YAC/Att	BrkTkl	Att/Br
Carlos Hyde	HOU	16	67	3	29	1.8	38	2.4	0	
Duke Johnson	HOU	5	22	2	20	4.0	2	0.4	0	
Deshaun Watson	HOU	3	10	0	8	2.7	2	0.7	0	"
advanced_receiving
"Eric Ebron	IND	5	4	44	3	22	5.5	22	5.5	0		0	0.0
Jack Doyle	IND	4	3	28	3	16	5.3	12	4.0	0		0	0.0
T.Y. Hilton	IND	6	3	18	2	8	2.7	10	3.3	0		0	0.0
Jonathan Williams	IND	3	3	17	1	-7	-2.3	24	8.0	0		0	0.0
Nyheim Hines	IND	3	2	10	0	6	3.0	4	2.0	0		1	33.3
Chester Rogers	IND	1	1	12		-4	-4.0	16	16.0	0		0	0.0
Marcus Johnson	IND	1	0	0		0		0		0		0	0.0
Zach Pascal	IND	1	0	0		0		0		0		0	0.0
Player	Tm	Tgt	Rec	Yds	1D	YBC	YBC/R	YAC	YAC/R	BrkTkl	Rec/Br	Drop	Drop%
Will Fuller	HOU	11	7	140	4	120	17.1	20	2.9	0		0	0.0
DeAndre Hopkins	HOU	8	6	94	5	79	13.2	15	2.5	0		0	0.0
Jordan Akins	HOU	4	3	26	1	16	5.3	10	3.3	0		0	0.0
Darren Fells	HOU	2	1	24	1	21	21.0	3	3.0	0		0	0.0
Duke Johnson	HOU	1	1	8	0	3	3.0	5	5.0	1	1.0	0	0.0
Kenny Stills	HOU	2	1	6		-4	-4.0	10	10.0	0		0	0.0"
advanced_defense
"Marvell Tell	IND	0	10	4	40.0%	80	20.0	8.0	0	68.7	15.0	72	8	1	0	0	0.0	0	4	0	0.0%
Pierre Desir	IND	0	4	3	75.0%	51	17.0	12.8	1	156.2	15.5	42	9	0	0	0	0.0	0	1	0	0.0%
Clayton Geathers	IND	0	3	3	100.0%	53	17.7	17.7	1	158.3	12.0	36	17	0	0	0	0.0	0	1	0	0.0%
Kenny Moore	IND	1	2	2	100.0%	62	31.0	31.0	0	79.2	29.0	58	4	3	0	1	0.0	1	8	0	0.0%
Anthony Walker	IND	0	2	2	100.0%	24	12.0	12.0	0	116.7	7.0	14	10	2	0	0	0.0	0	8	1	11.1%
Bobby Okereke	IND	0	3	2	66.7%	7	3.5	2.3	0	70.1	5.3	1	6	0	0	0	0.0	0	3	1	25.0%
Darius Leonard	IND	0	1	1	100.0%	5	5.0	5.0	0	87.5	5.0	5	0	5	2	0	0.0	2	6	0	0.0%
George Odum	IND	0	2	1	50.0%	8	8.0	4.0	0	60.4	10.5	4	4	0	0	0	0.0	0	1	0	0.0%
Jabaal Sheard	IND	0	0	0										0	0	2	0.0	2	1	2	66.7%
Denico Autry	IND	0	0	0										0	2	0	0.0	2	3	0	0.0%
Ben Banogu	IND	0	0	0										0	0	0	1.0	1	1	0	0.0%
Player	Tm	Int	Tgt	Cmp	Cmp%	Yds	Yds/Cmp	Yds/Tgt	TD	Rat	DADOT	Air	YAC	Bltz	Hrry	QBKD	Sk	Prss	Comb	MTkl	MTkl%
Vernon Hargreaves	HOU	0	6	5	83.3%	36	7.2	6.0	0	91.7	2.3	0	36	1	0	0	0.0	0	5	2	28.6%
Johnathan Joseph	HOU	0	6	3	50.0%	31	10.3	5.2	0	65.3	13.2	11	20	0	0	0	0.0	0	3	1	25.0%
Zach Cunningham	HOU	0	3	3	100.0%	23	7.7	7.7	0	98.6	2.0	6	17	0	0	0	0.0	0	16	2	11.1%
Jahleel Addae	HOU	0	3	2	66.7%	19	9.5	6.3	0	84.0	5.7	18	1	0	0	0	0.0	0	8	0	0.0%
Whitney Mercilus	HOU	0	1	1	100.0%	4	4.0	4.0	0	83.3	-6.0	-6	10	1	0	1	0.0	1	4	1	20.0%
Gareon Conley	HOU	0	1	1	100.0%	9	9.0	9.0	0	104.2	7.0	7	2	0	0	0	0.0	0	2	0	0.0%
Benardrick McKinney	HOU	0	2	1	50.0%	7	7.0	3.5	0	58.3	4.0	5	2	0	0	0	0.0	0	11	0	0.0%
Jacob Martin	HOU	0	0	0										4	0	0	1.0	1	1	0	0.0%
D.J. Reader	HOU	0	0	0										0	0	1	0.0	1	3	0	0.0%
Brennan Scarlett	HOU	0	0	0										2	0	1	0.0	1	6	1	14.3%
Tashaun Gipson	HOU	0	2	0	0.0%					39.6	26.5			0	0	0	0.0	0	3	0	0.0%"
