advanced_rushing = document.querySelectorAll("#rushing_advanced > tbody")[0].innerText;
advanced_receiving = document.querySelectorAll("#receiving_advanced > tbody")[0].innerText;
advanced_defense = document.querySelectorAll("#defense_advanced > tbody")[0].innerText;
advanced_passing = document.querySelectorAll("#passing_advanced > tbody")[0].innerText;
"Kyle Allen	CAR	23	36	256	15	37.5	244	6.8	112	4.9	3.1	144	6.3	3	9.4%	4	12.5%	4	17	8	0	1	9.0
Player	Tm	Cmp	Att	Yds	1D	1D%	IAY	IAY/PA	CAY	CAY/Cmp	CAY/PA	YAC	YAC/Cmp	Drops	Drop%	BadTh	Bad%	Sk	Bltz	Hrry	Hits	Scrm	Yds/Scr
Drew Brees	NOR	30	39	311	17	41.5	374	9.6	187	6.2	4.8	124	4.1	0	0.0%	3	7.9%	2	10	0	2	0	"
advanced_rushing
"Christian McCaffrey	CAR	22	64	3	33	1.5	31	1.4	0	
Curtis Samuel	CAR	4	40	2	33	8.3	7	1.8	0	
Kyle Allen	CAR	1	9	1	9	9.0	0	0.0	0	
Alex Armah	CAR	1	0		0	0.0	0	0.0	0	
D.J. Moore	CAR	1	8	0	6	6.0	2	2.0	0	
Player	Tm	Att	Yds	1D	YBC	YBC/Att	YAC	YAC/Att	BrkTkl	Att/Br
Alvin Kamara	NOR	11	54	1	24	2.2	30	2.7	2	5.5
Latavius Murray	NOR	7	64	4	44	6.3	20	2.9	1	7.0"
advanced_receiving
"Christian McCaffrey	CAR	9	9	69	7	-2	-0.2	71	7.9	1	9.0	0	0.0
D.J. Moore	CAR	9	6	126	5	79	13.2	47	7.8	1	6.0	1	11.1
Greg Olsen	CAR	7	5	44	3	26	5.2	18	3.6	1	5.0	0	0.0
Curtis Samuel	CAR	4	1	9	0	2	2.0	7	7.0	0		2	50.0
Ian Thomas	CAR	2	1	4		3	3.0	1	1.0	0		0	0.0
Jarius Wright	CAR	1	1	4		4	4.0	0	0.0	0		0	0.0
Player	Tm	Tgt	Rec	Yds	1D	YBC	YBC/R	YAC	YAC/R	BrkTkl	Rec/Br	Drop	Drop%
Michael Thomas	NOR	11	10	101	5	76	7.6	25	2.5	1	10.0	0	0.0
Alvin Kamara	NOR	9	9	48	5	-3	-0.3	51	5.7	1	9.0	0	0.0
Jared Cook	NOR	8	6	99	4	75	12.5	24	4.0	0		0	0.0
Ted Ginn	NOR	5	2	38	1	35	17.5	3	1.5	0		0	0.0
Josh Hill	NOR	1	1	12	1	-5	-5.0	17	17.0	0		0	0.0
Taysom Hill	NOR	1	1	0		-4	-4.0	4	4.0	1	1.0	0	0.0
Tre'Quan Smith	NOR	3	1	13	1	13	13.0	0	0.0	0		0	0.0"
advanced_defense
"Eric Reid	CAR	0	13	11	84.6%	166	15.1	12.8	2	158.3	13.7	125	41	2	0	0	0.0	0	15	0	0.0%
James Bradberry	CAR	0	12	10	83.3%	80	8.0	6.7	1	122.2	7.4	44	36	0	0	0	0.0	0	7	2	22.2%
Shaq Thompson	CAR	0	7	6	85.7%	52	8.7	7.4	0	97.6	2.1	11	41	1	0	0	0.0	0	7	1	12.5%
Javien Elliott	CAR	0	4	4	100.0%	16	4.0	4.0	0	83.3	-0.5	-2	18	1	0	0	0.0	0	2	0	0.0%
Donte Jackson	CAR	0	2	1	50.0%	11	11.0	5.5	0	66.7	24.5	5	6	0	0	0	0.0	0	3	1	25.0%
Luke Kuechly	CAR	0	3	1	33.3%	11	11.0	3.7	0	45.1	9.7	5	6	1	0	0	0.0	0	6	1	14.3%
Tre Boston	CAR	1	2	1	50.0%	14	14.0	7.0	0	33.3	17.0	13	1	0	0	0	0.0	0	5	0	0.0%
Gerald McCoy	CAR	0	0	0										0	0	2	0.0	2	1	0	0.0%
Brian Burns	CAR	0	0	0										0	0	0	1.0	1	1	0	0.0%
Bruce Irvin	CAR	0	0	0										1	0	0	1.0	1	3	0	0.0%
Vernon Butler	CAR	0	0	0										0	0	0	0.0	0	1	1	50.0%
Player	Tm	Int	Tgt	Cmp	Cmp%	Yds	Yds/Cmp	Yds/Tgt	TD	Rat	DADOT	Air	YAC	Bltz	Hrry	QBKD	Sk	Prss	Comb	MTkl	MTkl%
Demario Davis	NOR	0	7	5	71.4%	27	5.4	3.9	0	77.7	2.3	2	25	4	1	0	1.0	2	11	0	0.0%
Chauncey Gardner-Johnson	NOR	0	5	5	100.0%	40	8.0	8.0	0	100.0	4.0	20	20	2	1	0	0.0	1	6	1	14.3%
P.J. Williams	NOR	0	6	4	66.7%	110	27.5	18.3	2	149.3	13.3	69	41	0	0	0	0.0	0	3	0	0.0%
Vonn Bell	NOR	0	3	3	100.0%	28	9.3	9.3	0	105.6	8.0	24	4	3	0	0	0.0	0	9	1	10.0%
Marcus Williams	NOR	0	4	3	75.0%	126	42.0	31.5	1	156.2	23.5	62	64	0	0	0	0.0	0	4	2	33.3%
Patrick Robinson	NOR	0	2	2	100.0%	9	4.5	4.5	0	85.4	3.0	6	3	2	0	0	0.0	0	2	0	0.0%
A.J. Klein	NOR	0	3	2	66.7%	14	7.0	4.7	0	77.1	4.3	4	10	2	0	0	0.0	0	2	1	33.3%
Cameron Jordan	NOR	0	1	1	100.0%	11	11.0	11.0	0	112.5	-1.0	-1	12	0	2	0	0.0	2	5	0	0.0%
Eli Apple	NOR	0	5	1	20.0%	9	9.0	1.8	0	39.6	14.8	2	7	0	0	0	0.0	0	1	0	0.0%
Malcom Brown	NOR	0	1	1	100.0%	8	8.0	8.0	0	100.0	5.0	5	3	0	0	0	0.0	0	5	0	0.0%
David Onyemata	NOR	0	0	0										0	2	0	1.0	3	2	0	0.0%
Marcus Davenport	NOR	0	0	0										0	1	0	1.0	2	3	0	0.0%
Shy Tuttle	NOR	0	0	0										0	1	0	0.0	1	3	0	0.0%
Mario Edwards	NOR	0	0	0										0	0	0	1.0	1	1	0	0.0%"
