advanced_rushing = document.querySelectorAll("#rushing_advanced > tbody")[0].innerText;
advanced_receiving = document.querySelectorAll("#receiving_advanced > tbody")[0].innerText;
advanced_defense = document.querySelectorAll("#defense_advanced > tbody")[0].innerText;
advanced_passing = document.querySelectorAll("#passing_advanced > tbody")[0].innerText;
"Derek Carr	OAK	15	27	127	7	25.0	136	5.0	37	2.5	1.4	90	6.0	3	11.5%	3	11.5%	1	8	5	1	1	11.0
Mike Glennon	OAK	4	7	20	1	14.3	64	9.1	10	2.5	1.4	10	2.5	0	0.0%	2	28.6%	0	4	0	2	0	
Player	Tm	Cmp	Att	Yds	1D	1D%	IAY	IAY/PA	CAY	CAY/Cmp	CAY/PA	YAC	YAC/Cmp	Drops	Drop%	BadTh	Bad%	Sk	Bltz	Hrry	Hits	Scrm	Yds/Scr
Sam Darnold	NYJ	20	29	315	15	50.0	215	7.4	120	6.0	4.1	195	9.8	1	3.7%	4	14.8%	1	8	6	0	2	6.5"
advanced_rushing
"Josh Jacobs	OAK	10	34		16	1.6	18	1.8	2	5.0
DeAndre Washington	OAK	6	19	1	8	1.3	11	1.8	0	
Mike Glennon	OAK	2	0	0	0	0.0	0	0.0	0	
Jalen Richard	OAK	2	4	0	1	0.5	3	1.5	0	
Derek Carr	OAK	1	11	1	10	10.0	1	1.0	0	
Alec Ingold	OAK	1	0		0	0.0	0	0.0	0	
Player	Tm	Att	Yds	1D	YBC	YBC/Att	YAC	YAC/Att	BrkTkl	Att/Br
Le'Veon Bell	NYJ	12	49	2	22	1.8	27	2.3	1	12.0
Ty Montgomery	NYJ	5	2	0	-3	-0.6	5	1.0	0	
Bilal Powell	NYJ	5	15	1	7	1.4	8	1.6	0	
Josh Adams	NYJ	4	6	1	5	1.3	1	0.3	0	
Sam Darnold	NYJ	4	16	1	15	3.8	1	0.3	0	"
advanced_receiving
"Jalen Richard	OAK	7	6	47	2	-2	-0.3	49	8.2	0		1	14.3
Darren Waller	OAK	6	3	41	2	16	5.3	25	8.3	1	3.0	0	0.0
Hunter Renfrow	OAK	5	3	31	2	13	4.3	18	6.0	0		1	20.0
Tyrell Williams	OAK	6	2	18	2	18	9.0	0	0.0	0		1	16.7
Zay Jones	OAK	2	2	5		2	1.0	3	1.5	0		0	0.0
DeAndre Washington	OAK	1	1	0	0	0	0.0	0	0.0	0		0	0.0
Foster Moreau	OAK	1	1	3		0	0.0	3	3.0	0		0	0.0
Josh Jacobs	OAK	1	1	2		0	0.0	2	2.0	0		0	0.0
Marcell Ateman	OAK	1	0	0		0		0		0		0	0.0
Trevor Davis	OAK	2	0	0		0		0		0		0	0.0
Derek Carrier	OAK	1	0	0		0		0		0		0	0.0
Player	Tm	Tgt	Rec	Yds	1D	YBC	YBC/R	YAC	YAC/R	BrkTkl	Rec/Br	Drop	Drop%
Le'Veon Bell	NYJ	5	5	59	3	28	5.6	31	6.2	1	5.0	0	0.0
Robby Anderson	NYJ	5	4	86	4	59	14.8	27	6.8	0		0	0.0
Ryan Griffin	NYJ	3	3	13	2	-5	-1.7	18	6.0	0		0	0.0
Jamison Crowder	NYJ	4	2	18	1	6	3.0	12	6.0	0		0	0.0
Demaryius Thomas	NYJ	3	2	22	2	17	8.5	5	2.5	0		0	0.0
Ty Montgomery	NYJ	2	1	21	1	-5	-5.0	26	26.0	0		0	0.0
Bilal Powell	NYJ	2	1	5	0	-3	-3.0	8	8.0	0		1	50.0
Vyncint Smith	NYJ	1	1	22	1	13	13.0	9	9.0	0		0	0.0
Braxton Berrios	NYJ	1	1	69	1	10	10.0	59	59.0	0		0	0.0"
advanced_defense
"Nevin Lawson	OAK	0	6	4	66.7%	49	12.3	8.2	1	131.2	8.5	34	15	2	0	0	0.0	0	3	0	0.0%
Nicholas Morrow	OAK	0	4	4	100.0%	34	8.5	8.5	0	102.1	1.3	5	29	4	0	0	0.0	0	10	0	0.0%
Erik Harris	OAK	0	3	3	100.0%	84	28.0	28.0	0	118.7	4.0	12	72	1	0	0	0.0	0	6	2	25.0%
Tahir Whitehead	OAK	0	4	3	75.0%	83	27.7	20.8	0	116.7	6.5	21	62	3	0	0	0.0	0	5	0	0.0%
Trayvon Mullen	OAK	0	4	3	75.0%	58	19.3	14.5	0	116.7	16.5	31	27	0	0	0	0.0	0	3	2	40.0%
D.J. Swearinger	OAK	0	2	1	50.0%	23	23.0	11.5	0	91.7	18.0	20	3	1	0	0	0.0	0	4	0	0.0%
Daryl Worley	OAK	0	3	1	33.3%	31	31.0	10.3	0	72.9	14.0	18	13	0	0	0	0.0	0	2	0	0.0%
Maxx Crosby	OAK	0	0	0										0	1	0	1.0	2	4	1	20.0%
Clelin Ferrell	OAK	0	0	0										0	2	0	0.0	2	3	1	25.0%
Johnathan Hankins	OAK	0	0	0										0	1	0	0.0	1	5	0	0.0%
William Compton	OAK	0	0	0										1	0	0	0.0	0	4	0	0.0%
Curtis Riley	OAK	0	0	0										1	0	0	0.0	0	6	0	0.0%
Player	Tm	Int	Tgt	Cmp	Cmp%	Yds	Yds/Cmp	Yds/Tgt	TD	Rat	DADOT	Air	YAC	Bltz	Hrry	QBKD	Sk	Prss	Comb	MTkl	MTkl%
Arthur Maulet	NYJ	0	7	5	71.4%	33	6.6	4.7	0	81.2	5.7	4	29	0	0	0	0.0	0	7	2	22.2%
James Burgess	NYJ	0	7	4	57.1%	39	9.8	5.6	0	72.9	3.6	16	23	2	0	0	0.0	0	9	1	10.0%
Neville Hewitt	NYJ	0	7	3	42.9%	25	8.3	3.6	0	52.7	10.4	17	8	2	0	1	0.0	1	7	3	30.0%
Blessuan Austin	NYJ	0	6	3	50.0%	24	8.0	4.0	0	60.4	4.7	15	9	0	0	0	0.0	0	5	0	0.0%
Jordan Jenkins	NYJ	0	2	2	100.0%	15	7.5	7.5	0	97.9	5.5	11	4	2	0	0	0.0	0	4	0	0.0%
Jamal Adams	NYJ	0	1	1	100.0%	0	0.0	0.0	0	79.2	0.0	0	0	5	0	2	0.5	3	7	0	0.0%
Marcus Maye	NYJ	0	3	1	33.3%	18	18.0	6.0	0	54.9	14.7	-6	24	3	0	0	0.0	0	3	1	25.0%
Tarell Basham	NYJ	0	0	0										0	3	0	0.0	3	1	0	0.0%
Brian Poole	NYJ	1	0	0										1	1	0	0.0	1	1	1	50.0%
Henry Anderson	NYJ	0	0	0										0	1	0	0.0	1	3	1	25.0%
Brandon Copeland	NYJ	0	0	0										2	0	0	0.5	1	3	1	25.0%
B.J. Bello	NYJ	0	0	0										0	0	0	0.0	0	0	1	100.0%"
