advanced_rushing = document.querySelectorAll("#rushing_advanced > tbody")[0].innerText;
advanced_receiving = document.querySelectorAll("#receiving_advanced > tbody")[0].innerText;
advanced_defense = document.querySelectorAll("#defense_advanced > tbody")[0].innerText;
advanced_passing = document.querySelectorAll("#passing_advanced > tbody")[0].innerText;
"Lamar Jackson	BAL	15	20	169	12	54.5	136	6.8	103	6.9	5.2	66	4.4	1	5.3%	1	5.3%	2	10	1	3	3	14.7
Robert Griffin	BAL	1	3	39	1	25.0	55	18.3	39	39.0	13.0	0	0.0	0	0.0%	0	0.0%	1	2	0	1	0	
Player	Tm	Cmp	Att	Yds	1D	1D%	IAY	IAY/PA	CAY	CAY/Cmp	CAY/PA	YAC	YAC/Cmp	Drops	Drop%	BadTh	Bad%	Sk	Bltz	Hrry	Hits	Scrm	Yds/Scr
Jared Goff	LAR	26	37	212	8	20.5	312	8.4	112	4.3	3.0	100	3.8	1	2.8%	8	22.2%	2	23	1	5	0	"
advanced_rushing
"Mark Ingram	BAL	15	111	7	54	3.6	57	3.8	3	5.0
Gus Edwards	BAL	14	55	4	26	1.9	29	2.1	1	14.0
Justice Hill	BAL	8	27	1	18	2.3	9	1.1	0	
Lamar Jackson	BAL	8	95	5	53	6.6	42	5.3	0	
Robert Griffin	BAL	3	-3	0	-3	-1.0	0	0.0	0	
Player	Tm	Att	Yds	1D	YBC	YBC/Att	YAC	YAC/Att	BrkTkl	Att/Br
Todd Gurley	LAR	6	22	2	11	1.8	11	1.8	0	
Malcolm Brown	LAR	1	0		0	0.0	0	0.0	0	
Brandin Cooks	LAR	1	1	0	-1	-1.0	2	2.0	0	
Jared Goff	LAR	1	-1	0	-1	-1.0	0	0.0	0	"
advanced_receiving
"Marquise Brown	BAL	7	5	42	3	39	7.8	3	0.6	0		1	14.3
Seth Roberts	BAL	4	3	39	3	14	4.7	25	8.3	0		0	0.0
Mark Andrews	BAL	3	2	45	2	19	9.5	26	13.0	0		0	0.0
Miles Boykin	BAL	2	2	54	2	52	26.0	2	1.0	0		0	0.0
Willie Snead	BAL	3	2	14	2	9	4.5	5	2.5	0		0	0.0
Nick Boyle	BAL	1	1	7		7	7.0	0	0.0	0		0	0.0
Mark Ingram	BAL	1	1	7	1	2	2.0	5	5.0	0		0	0.0
Hayden Hurst	BAL	1	0	0		0		0		0		0	0.0
Player	Tm	Tgt	Rec	Yds	1D	YBC	YBC/R	YAC	YAC/R	BrkTkl	Rec/Br	Drop	Drop%
Cooper Kupp	LAR	10	6	35		16	2.7	19	3.2	0		1	10.0
Robert Woods	LAR	9	6	97	3	51	8.5	46	7.7	0		0	0.0
Tyler Higbee	LAR	6	5	20	1	7	1.4	13	2.6	0		0	0.0
Todd Gurley	LAR	3	3	-3	0	-18	-6.0	15	5.0	0		0	0.0
Brandin Cooks	LAR	4	2	32	2	31	15.5	1	0.5	0		0	0.0
Gerald Everett	LAR	2	2	23	1	22	11.0	1	0.5	0		0	0.0
Josh Reynolds	LAR	2	2	8	1	3	1.5	5	2.5	0		0	0.0"
advanced_defense
"Marlon Humphrey	BAL	0	11	8	72.7%	42	5.3	3.8	0	78.6	8.3	17	25	3	0	0	0.0	0	5	0	0.0%
Brandon Carr	BAL	0	6	4	66.7%	47	11.8	7.8	0	90.3	14.8	46	1	4	0	1	0.0	1	4	0	0.0%
Marcus Peters	BAL	1	5	4	80.0%	35	8.8	7.0	0	56.2	15.2	31	4	1	0	0	0.0	0	8	0	0.0%
Chuck Clark	BAL	0	2	2	100.0%	9	4.5	4.5	0	85.4	1.0	2	7	14	1	0	0.0	1	4	0	0.0%
Jimmy Smith	BAL	1	6	2	33.3%	31	15.5	5.2	0	11.8	11.3	30	1	1	0	0	1.0	1	3	0	0.0%
Matt Judon	BAL	0	1	1	100.0%	7	7.0	7.0	0	95.8	0.0	0	7	7	0	1	1.0	2	2	0	0.0%
Jihad Ward	BAL	0	1	1	100.0%	38	38.0	38.0	0	118.7	7.0	7	31	0	0	1	0.0	1	0	0	
Jaylon Ferguson	BAL	0	1	1	100.0%	0	0.0	0.0	0	79.2	-3.0	-3	3	3	0	0	0.0	0	5	0	0.0%
Josh Bynes	BAL	0	1	1	100.0%	-7	-7.0	-7.0	0	79.2	-7.0	-7	0	1	0	0	0.0	0	3	0	0.0%
Tyus Bowser	BAL	0	0	0										3	0	2	0.0	2	1	0	0.0%
Anthony Levine	BAL	0	0	0										1	0	0	0.0	0	0	0	
Earl Thomas	BAL	0	0	0										7	0	0	0.0	0	1	0	0.0%
Patrick Onwuasor	BAL	0	0	0										1	0	0	0.0	0	2	1	33.3%
Player	Tm	Int	Tgt	Cmp	Cmp%	Yds	Yds/Cmp	Yds/Tgt	TD	Rat	DADOT	Air	YAC	Bltz	Hrry	QBKD	Sk	Prss	Comb	MTkl	MTkl%
Cory Littleton	LAR	0	3	3	100.0%	28	9.3	9.3	1	145.1	2.7	8	20	3	0	0	0.0	0	12	0	0.0%
Troy Hill	LAR	0	4	3	75.0%	55	18.3	13.8	1	156.2	15.3	54	1	0	0	0	0.0	0	7	0	0.0%
Marqui Christian	LAR	0	5	3	60.0%	21	7.0	4.2	2	109.2	4.6	14	7	2	0	0	0.0	0	1	3	75.0%
Jalen Ramsey	LAR	0	4	3	75.0%	27	9.0	6.8	0	92.7	8.3	25	2	0	0	0	0.0	0	6	0	0.0%
Samson Ebukam	LAR	0	1	1	100.0%	8	8.0	8.0	0	100.0	6.0	6	2	7	0	1	1.5	3	7	0	0.0%
Taylor Rapp	LAR	0	2	1	50.0%	18	18.0	9.0	1	120.8	13.0	18	0	4	0	1	0.0	1	10	0	0.0%
Michael Brockers	LAR	0	0	0										0	0	1	1.0	2	9	1	10.0%
Greg Gaines	LAR	0	0	0										0	1	0	0.5	2	4	0	0.0%
Sebastian Joseph	LAR	0	0	0										0	0	1	0.0	1	3	0	0.0%
Aaron Donald	LAR	0	0	0										0	1	0	0.0	1	1	0	0.0%
Dante Fowler	LAR	0	0	0										0	1	0	0.0	1	4	1	20.0%
Clay Matthews	LAR	0	0	0										4	0	0	0.0	0	2	0	0.0%
Eric Weddle	LAR	0	1	0	0.0%					39.6	16.0			0	0	0	0.0	0	9	1	10.0%"
