advanced_rushing = document.querySelectorAll("#rushing_advanced > tbody")[0].innerText;
advanced_receiving = document.querySelectorAll("#receiving_advanced > tbody")[0].innerText;
advanced_defense = document.querySelectorAll("#defense_advanced > tbody")[0].innerText;
advanced_passing = document.querySelectorAll("#passing_advanced > tbody")[0].innerText;
"Aaron Rodgers	GNB	20	33	104	7	18.4	230	7.0	-5	-0.3	-0.2	109	5.5	3	9.4%	7	21.9%	5	13	1	2	3	4.3
Tim Boyle	GNB	3	4	15	1	25.0	10	2.5	1	0.3	0.3	14	4.7	0	0.0%	1	25.0%	0	0	0	1	0	
Player	Tm	Cmp	Att	Yds	1D	1D%	IAY	IAY/PA	CAY	CAY/Cmp	CAY/PA	YAC	YAC/Cmp	Drops	Drop%	BadTh	Bad%	Sk	Bltz	Hrry	Hits	Scrm	Yds/Scr
Jimmy Garoppolo	SFO	14	20	253	9	39.1	121	6.1	113	8.1	5.7	140	10.0	1	5.3%	3	15.8%	3	6	0	2	1	1.0"
advanced_rushing
"Aaron Jones	GNB	13	38	2	35	2.7	3	0.2	0	
Jamaal Williams	GNB	11	45	2	30	2.7	15	1.4	1	11.0
Aaron Rodgers	GNB	3	13	0	13	4.3	0	0.0	0	
Allen Lazard	GNB	1	21	1	15	15.0	6	6.0	1	1.0
Player	Tm	Att	Yds	1D	YBC	YBC/Att	YAC	YAC/Att	BrkTkl	Att/Br
Tevin Coleman	SFO	11	39	3	33	3.0	6	0.5	0	
Raheem Mostert	SFO	6	45	2	33	5.5	12	2.0	2	3.0
Jimmy Garoppolo	SFO	2	1	0	1	0.5	0	0.0	0	
Jeff Wilson	SFO	2	27	1	19	9.5	8	4.0	0	
Richie James	SFO	1	0		-2	-2.0	2	2.0	1	1.0"
advanced_receiving
"Jamaal Williams	GNB	8	7	35	2	-11	-1.6	46	6.6	2	3.5	1	12.5
Davante Adams	GNB	12	7	43	4	-1	-0.1	44	6.3	0		1	8.3
Geronimo Allison	GNB	4	3	9	1	2	0.7	7	2.3	0		1	25.0
Robert Tonyan	GNB	2	2	8		3	1.5	5	2.5	0		0	0.0
Allen Lazard	GNB	2	1	7	1	-2	-2.0	9	9.0	0		0	0.0
Danny Vitale	GNB	1	1	3		3	3.0	0	0.0	0		0	0.0
Marquez Valdes-Scantling	GNB	3	1	7		5	5.0	2	2.0	0		0	0.0
Jimmy Graham	GNB	2	1	7		-3	-3.0	10	10.0	0		0	0.0
Jake Kumerow	GNB	1	0	0		0		0		0		0	0.0
Aaron Jones	GNB	1	0	0	0	0		0		0		0	0.0
Player	Tm	Tgt	Rec	Yds	1D	YBC	YBC/R	YAC	YAC/R	BrkTkl	Rec/Br	Drop	Drop%
George Kittle	SFO	6	6	129	4	66	11.0	63	10.5	0		0	0.0
Deebo Samuel	SFO	2	2	50	1	18	9.0	32	16.0	0		0	0.0
Tevin Coleman	SFO	4	2	10	0	-4	-2.0	14	7.0	0		0	0.0
Kendrick Bourne	SFO	2	2	27	2	18	9.0	9	4.5	0		0	0.0
Raheem Mostert	SFO	3	1	22	1	3	3.0	19	19.0	1	1.0	1	33.3
Emmanuel Sanders	SFO	1	1	15	1	12	12.0	3	3.0	0		0	0.0
Jeff Wilson	SFO	1	0	0	0	0		0		0		0	0.0"
advanced_defense
"Kevin King	GNB	0	5	5	100.0%	120	24.0	24.0	1	158.3	15.6	78	42	0	0	0	0.0	0	5	0	0.0%
Blake Martinez	GNB	0	4	4	100.0%	56	14.0	14.0	0	118.7	5.0	20	36	1	0	0	1.0	1	6	2	25.0%
Za'Darius Smith	GNB	0	1	1	100.0%	2	2.0	2.0	0	79.2	-5.0	-5	7	3	0	1	1.5	3	6	0	0.0%
Chandon Sullivan	GNB	0	3	1	33.3%	13	13.0	4.3	0	47.9	2.7	8	5	0	0	0	0.0	0	3	0	0.0%
Tramon Williams	GNB	0	2	1	50.0%	42	42.0	21.0	1	135.4	8.0	13	29	0	0	0	0.0	0	1	0	0.0%
Adrian Amos	GNB	0	1	1	100.0%	18	18.0	18.0	0	118.7	3.0	3	15	1	0	0	0.0	0	4	1	20.0%
Preston Smith	GNB	0	0	0										0	0	0	0.5	1	3	0	0.0%
Kyler Fackrell	GNB	0	0	0										2	0	1	0.0	1	1	0	0.0%
Jaire Alexander	GNB	0	1	0	0.0%					39.6	7.0			0	0	0	0.0	0	1	0	0.0%
Ibraheim Campbell	GNB	0	0	0										1	0	0	0.0	0	1	0	0.0%
Darnell Savage	GNB	0	0	0										0	0	0	0.0	0	4	1	20.0%
Player	Tm	Int	Tgt	Cmp	Cmp%	Yds	Yds/Cmp	Yds/Tgt	TD	Rat	DADOT	Air	YAC	Bltz	Hrry	QBKD	Sk	Prss	Comb	MTkl	MTkl%
Dre Greenlaw	SFO	0	6	5	83.3%	32	6.4	5.3	0	88.9	3.8	7	25	5	0	0	0.0	0	8	0	0.0%
K'Waun Williams	SFO	0	6	4	66.7%	11	2.8	1.8	0	70.1	0.5	-4	15	2	0	0	0.0	0	2	0	0.0%
Jimmie Ward	SFO	0	4	3	75.0%	10	3.3	2.5	0	77.1	7.3	9	1	0	0	0	0.0	0	6	0	0.0%
Fred Warner	SFO	0	2	2	100.0%	2	1.0	1.0	0	79.2	-4.0	-8	10	3	0	0	1.0	1	11	1	8.3%
Azeez Al-Shaair	SFO	0	3	2	66.7%	19	9.5	6.3	0	84.0	1.3	1	18	1	0	0	0.0	0	1	1	50.0%
Richard Sherman	SFO	0	3	1	33.3%	7	7.0	2.3	0	42.4	9.3	1	6	0	0	0	0.0	0	1	0	0.0%
Emmanuel Moseley	SFO	0	2	1	50.0%	3	3.0	1.5	0	56.2	4.5	0	3	0	0	0	0.0	0	5	0	0.0%
Arik Armstead	SFO	0	0	0										0	0	1	2.0	4	5	0	0.0%
DeForest Buckner	SFO	0	0	0										0	0	1	0.5	2	5	0	0.0%
Nick Bosa	SFO	0	0	0										0	1	0	1.0	2	3	0	0.0%
Damontre Moore	SFO	0	0	0										0	0	1	0.0	1	3	0	0.0%
Jaquiski Tartt	SFO	0	1	0	0.0%					39.6	36.0			2	0	0	0.5	1	4	0	0.0%
Tarvarius Moore	SFO	0	0	0										1	0	0	0.0	0	1	0	0.0%
Jullian Taylor	SFO	0	0	0										1	0	0	0.0	0	2	0	0.0%
Marcell Harris	SFO	0	0	0										0	0	0	0.0	0	2	1	33.3%"
