advanced_rushing = document.querySelectorAll("#rushing_advanced > tbody")[0].innerText;
advanced_receiving = document.querySelectorAll("#receiving_advanced > tbody")[0].innerText;
advanced_defense = document.querySelectorAll("#defense_advanced > tbody")[0].innerText;
advanced_passing = document.querySelectorAll("#passing_advanced > tbody")[0].innerText;
"Jeff Driskel	DET	20	33	207	11	28.2	297	9.0	120	6.0	3.6	87	4.4	0	0.0%	9	29.0%	6	10	3	7	4	8.5
Player	Tm	Cmp	Att	Yds	1D	1D%	IAY	IAY/PA	CAY	CAY/Cmp	CAY/PA	YAC	YAC/Cmp	Drops	Drop%	BadTh	Bad%	Sk	Bltz	Hrry	Hits	Scrm	Yds/Scr
Dwayne Haskins	WAS	13	29	156	7	21.9	386	13.3	109	8.4	3.8	47	3.6	1	3.4%	9	31.0%	3	12	0	3	2	14.5
Steven Sims	WAS	0	1	0			5	5.0	0		0.0	0		0	0.0%	0	0.0%	0	0	0	0	0	"
advanced_rushing
"Bo Scarbrough	DET	18	98	4	67	3.7	31	1.7	1	18.0
Jeff Driskel	DET	9	63	4	61	6.8	2	0.2	0	
Ty Johnson	DET	4	11		8	2.0	3	0.8	0	
J.D. McKissic	DET	1	3	0	3	3.0	0	0.0	0	
Player	Tm	Att	Yds	1D	YBC	YBC/Att	YAC	YAC/Att	BrkTkl	Att/Br
Derrius Guice	WAS	10	32	1	17	1.7	15	1.5	0	
Adrian Peterson	WAS	10	27	2	19	1.9	8	0.8	0	
Dwayne Haskins	WAS	3	28	2	11	3.7	17	5.7	0	
Case Keenum	WAS	1	-1		-1	-1.0	0	0.0	0	"
advanced_receiving
"Marvin Jones	DET	11	5	46	2	42	8.4	4	0.8	0		0	0.0
Kenny Golladay	DET	4	4	61	2	26	6.5	35	8.8	0		0	0.0
Danny Amendola	DET	3	3	21	2	17	5.7	4	1.3	0		0	0.0
Logan Thomas	DET	2	2	24	2	19	9.5	5	2.5	0		0	0.0
J.D. McKissic	DET	2	2	17	1	-11	-5.5	28	14.0	0		0	0.0
Ty Johnson	DET	2	2	10		3	1.5	7	3.5	0		0	0.0
Jesse James	DET	1	1	7	1	3	3.0	4	4.0	0		0	0.0
Marvin Hall	DET	2	1	21	1	21	21.0	0	0.0	0		0	0.0
T.J. Hockenson	DET	2	0	0		0		0		0		0	0.0
Bo Scarbrough	DET	1	0	0	0	0		0		0		0	0.0
Player	Tm	Tgt	Rec	Yds	1D	YBC	YBC/R	YAC	YAC/R	BrkTkl	Rec/Br	Drop	Drop%
Terry McLaurin	WAS	12	5	72	4	66	13.2	6	1.2	0		0	0.0
Kelvin Harmon	WAS	6	3	43	2	36	12.0	7	2.3	0		1	16.7
Adrian Peterson	WAS	1	1	22	1	5	5.0	17	17.0	0		0	0.0
Paul Richardson	WAS	2	1	6		6	6.0	0	0.0	0		0	0.0
Wendell Smallwood	WAS	1	1	3		-5	-5.0	8	8.0	0		0	0.0
Jeremy Sprinkle	WAS	2	1	4		1	1.0	3	3.0	0		0	0.0
Derrius Guice	WAS	2	1	6	0	0	0.0	6	6.0	0		0	0.0
Trey Quinn	WAS	1	0	0		0		0		0		0	0.0
Steven Sims	WAS	2	0	0		0		0		0		0	0.0"
advanced_defense
"Darius Slay	DET	0	11	4	36.4%	68	17.0	6.2	0	58.1	18.9	64	4	0	0	0	0.0	0	3	0	0.0%
Amani Oruwariye	DET	1	5	3	60.0%	21	7.0	4.2	0	30.0	9.2	17	4	0	0	0	0.0	0	5	1	16.7%
Jarrad Davis	DET	0	2	2	100.0%	25	12.5	12.5	0	118.7	0.0	0	25	4	0	1	1.0	2	8	0	0.0%
Justin Coleman	DET	0	3	1	33.3%	26	26.0	8.7	0	66.0	12.3	21	5	4	0	1	0.0	1	1	0	0.0%
Jahlani Tavai	DET	0	1	1	100.0%	6	6.0	6.0	0	91.7	6.0	6	0	2	0	0	0.0	0	2	0	0.0%
Tavon Wilson	DET	0	2	1	50.0%	6	6.0	3.0	0	56.2	1.5	0	6	2	0	0	0.0	0	8	0	0.0%
Romeo Okwara	DET	0	1	1	100.0%	4	4.0	4.0	0	83.3	1.0	1	3	0	0	0	0.0	0	5	1	16.7%
Devon Kennard	DET	0	0	0										2	0	0	1.0	1	2	0	0.0%
A'Shawn Robinson	DET	0	0	0										0	0	0	1.0	1	4	0	0.0%
Austin Bryant	DET	0	0	0										0	0	1	0.0	1	0	0	
Will Harris	DET	0	2	0	0.0%					39.6	39.5			0	0	0	0.0	0	4	0	0.0%
Christian Jones	DET	0	0	0										3	0	0	0.0	0	2	0	0.0%
Player	Tm	Int	Tgt	Cmp	Cmp%	Yds	Yds/Cmp	Yds/Tgt	TD	Rat	DADOT	Air	YAC	Bltz	Hrry	QBKD	Sk	Prss	Comb	MTkl	MTkl%
Fabian Moreau	WAS	2	8	5	62.5%	47	9.4	5.9	0	39.1	15.8	35	12	0	0	0	0.0	0	6	0	0.0%
Jimmy Moreland	WAS	0	5	4	80.0%	30	7.5	6.0	0	91.7	1.6	-2	32	1	0	0	0.0	0	6	0	0.0%
Jonathan Bostic	WAS	0	3	2	66.7%	20	10.0	6.7	1	125.0	8.0	20	0	4	0	2	0.0	2	4	0	0.0%
Shaun Dion Hamilton	WAS	0	2	2	100.0%	15	7.5	7.5	0	97.9	4.5	9	6	3	0	0	1.0	1	6	0	0.0%
Quinton Dunbar	WAS	1	4	2	50.0%	51	25.5	12.8	0	56.2	20.0	20	31	0	0	0	0.0	0	4	0	0.0%
Ryan Anderson	WAS	0	1	1	100.0%	5	5.0	5.0	0	87.5	5.0	5	0	4	1	0	1.0	2	6	0	0.0%
Landon Collins	WAS	0	1	1	100.0%	21	21.0	21.0	0	118.7	21.0	21	0	2	0	0	0.0	0	10	0	0.0%
Montae Nicholson	WAS	0	1	1	100.0%	1	1.0	1.0	0	79.2	0.0	0	1	1	0	0	0.0	0	4	0	0.0%
Ryan Kerrigan	WAS	0	0	0										1	1	2	0.5	4	4	0	0.0%
Matthew Ioannidis	WAS	0	0	0										0	0	1	1.0	2	2	1	33.3%
Montez Sweat	WAS	0	1	0	0.0%					39.6	-3.0			3	1	0	1.0	2	1	0	0.0%
Cole Holcomb	WAS	0	0	0										2	0	1	1.0	2	13	0	0.0%
Jonathan Allen	WAS	0	0	0										0	0	0	0.5	1	5	0	0.0%
Carroll Phillips	WAS	0	0	0										0	0	1	0.0	1	0	1	100.0%"
