advanced_rushing = document.querySelectorAll("#rushing_advanced > tbody")[0].innerText;
advanced_receiving = document.querySelectorAll("#receiving_advanced > tbody")[0].innerText;
advanced_defense = document.querySelectorAll("#defense_advanced > tbody")[0].innerText;
advanced_passing = document.querySelectorAll("#passing_advanced > tbody")[0].innerText;
"Marcus Mariota	TEN	14	26	129	8	28.6	180	6.9	63	4.5	2.4	66	4.7	1	4.0%	6	24.0%	2	12	4	3	2	5.0
Player	Tm	Cmp	Att	Yds	1D	1D%	IAY	IAY/PA	CAY	CAY/Cmp	CAY/PA	YAC	YAC/Cmp	Drops	Drop%	BadTh	Bad%	Sk	Bltz	Hrry	Hits	Scrm	Yds/Scr
Josh Allen	BUF	10	19	82	6	30.0	161	8.5	30	3.0	1.6	52	5.2	0	0.0%	6	33.3%	1	9	0	0	2	10.5
Corey Bojorquez	BUF	0	1	0			-8	-8.0	0		0.0	0		0	0.0%	0	0.0%	0	0	0	0	0	"
advanced_rushing
"Dion Lewis	TEN	12	34	2	17	1.4	17	1.4	0	
Derrick Henry	TEN	11	56	3	18	1.6	38	3.5	1	11.0
Marcus Mariota	TEN	2	10	1	9	4.5	1	0.5	0	
Player	Tm	Att	Yds	1D	YBC	YBC/Att	YAC	YAC/Att	BrkTkl	Att/Br
LeSean McCoy	BUF	24	85	3	49	2.0	36	1.5	0	
Chris Ivory	BUF	14	43	6	18	1.3	25	1.8	1	14.0
Josh Allen	BUF	4	19	1	16	4.0	3	0.8	0	
Ray-Ray McCloud	BUF	1	-3	0	-3	-3.0	0	0.0	0	"
advanced_receiving
"Corey Davis	TEN	6	4	49	3	25	6.3	24	6.0	0		0	0.0
Taywan Taylor	TEN	5	3	30	1	15	5.0	15	5.0	0		0	0.0
Tajae Sharpe	TEN	4	3	30	3	29	9.7	1	0.3	0		0	0.0
Dion Lewis	TEN	4	3	14	1	-6	-2.0	20	6.7	0		0	0.0
Darius Jennings	TEN	1	1	6		0	0.0	6	6.0	0		0	0.0
Nick Williams	TEN	2	0	0		0		0		0		1	50.0
Luke Stocker	TEN	1	0	0		0		0		0		0	0.0
Derrick Henry	TEN	1	0	0	0	0		0		0		0	0.0
Jonnu Smith	TEN	1	0	0		0		0		0		0	0.0
Player	Tm	Tgt	Rec	Yds	1D	YBC	YBC/R	YAC	YAC/R	BrkTkl	Rec/Br	Drop	Drop%
Zay Jones	BUF	4	3	20	2	16	5.3	4	1.3	0		0	0.0
LeSean McCoy	BUF	3	2	23	1	-2	-1.0	25	12.5	0		0	0.0
Jason Croom	BUF	2	2	9		0	0.0	9	4.5	0		0	0.0
Kelvin Benjamin	BUF	5	1	11	1	10	10.0	1	1.0	0		0	0.0
Ray-Ray McCloud	BUF	1	1	7	1	-4	-4.0	11	11.0	0		0	0.0
Charles Clay	BUF	1	1	12	1	10	10.0	2	2.0	0		0	0.0
Taiwan Jones	BUF	1	0	0		0		0		0		0	0.0
Andre Holmes	BUF	2	0	0		0		0		0		0	0.0
Stephen Hauschka	BUF	1	0	0		0		0		0		0	0.0"
advanced_defense
"Logan Ryan	TEN	0	4	2	50.0%	18	9.0	4.5	0	62.5	10.5	6	12	1	0	0	0.0	0	6	0	0.0%
Adoree' Jackson	TEN	1	4	2	50.0%	19	9.5	4.8	0	24.0	11.3	8	11	0	0	0	0.0	0	4	0	0.0%
Malcolm Butler	TEN	0	5	2	40.0%	8	4.0	1.6	0	47.9	10.0	4	4	0	0	0	0.0	0	2	1	33.3%
Derrick Morgan	TEN	0	1	1	100.0%	2	2.0	2.0	0	79.2	2.0	2	0	1	0	0	0.0	0	2	0	0.0%
Kevin Byard	TEN	0	2	1	50.0%	12	12.0	6.0	0	68.7	13.0	10	2	3	0	0	0.0	0	6	0	0.0%
Harold Landry	TEN	0	1	1	100.0%	10	10.0	10.0	0	108.3	-3.0	-3	13	1	0	0	0.0	0	2	0	0.0%
Rashaan Evans	TEN	0	1	1	100.0%	7	7.0	7.0	0	95.8	-2.0	-2	9	1	0	0	0.0	0	5	1	16.7%
Jayon Brown	TEN	0	0	0										2	0	0	1.0	1	10	1	9.1%
Jurrell Casey	TEN	0	0	0										1	0	0	0.0	0	5	0	0.0%
Kendrick Lewis	TEN	0	0	0										0	0	0	0.0	0	3	2	40.0%
Brian Orakpo	TEN	0	0	0										1	0	0	0.0	0	6	2	25.0%
Player	Tm	Int	Tgt	Cmp	Cmp%	Yds	Yds/Cmp	Yds/Tgt	TD	Rat	DADOT	Air	YAC	Bltz	Hrry	QBKD	Sk	Prss	Comb	MTkl	MTkl%
Tremaine Edmunds	BUF	0	6	6	100.0%	49	8.2	8.2	0	100.7	2.5	15	34	0	0	1	0.0	1	8	2	20.0%
Lorenzo Alexander	BUF	0	3	2	66.7%	14	7.0	4.7	0	77.1	1.0	0	14	4	1	0	0.0	1	4	2	33.3%
Ryan Lewis	BUF	0	3	2	66.7%	24	12.0	8.0	0	91.0	15.7	21	3	1	0	0	0.0	0	2	0	0.0%
Jerry Hughes	BUF	0	1	1	100.0%	13	13.0	13.0	0	118.7	12.0	12	1	0	2	0	1.0	3	4	1	20.0%
Taron Johnson	BUF	1	3	1	33.3%	6	6.0	2.0	0	2.8	8.3	-4	10	1	1	0	0.0	1	4	1	20.0%
Jordan Poyer	BUF	0	2	1	50.0%	6	6.0	3.0	0	56.2	1.0	-2	8	0	0	0	0.0	0	3	1	25.0%
Dean Marlowe	BUF	0	3	1	33.3%	4	4.0	1.3	0	42.4	13.3	4	0	2	0	0	0.0	0	4	0	0.0%
Phillip Gaines	BUF	0	2	1	50.0%	23	23.0	11.5	0	91.7	10.5	20	3	1	0	0	0.0	0	2	0	0.0%
Trent Murphy	BUF	0	0	0										0	0	1	1.0	2	1	0	0.0%
Harrison Phillips	BUF	0	0	0										0	0	1	0.0	1	1	0	0.0%
Jordan Phillips	BUF	0	0	0										0	1	0	0.0	1	2	0	0.0%
Matt Milano	BUF	0	0	0										2	0	0	0.0	0	10	1	9.1%
Tre'Davious White	BUF	0	3	0	0.0%					39.6	4.0			0	0	0	0.0	0	1	0	0.0%"
