advanced_rushing = document.querySelectorAll("#rushing_advanced > tbody")[0].innerText;
advanced_receiving = document.querySelectorAll("#receiving_advanced > tbody")[0].innerText;
advanced_defense = document.querySelectorAll("#defense_advanced > tbody")[0].innerText;
advanced_passing = document.querySelectorAll("#passing_advanced > tbody")[0].innerText;
"Eli Manning	NYG	22	36	326	14	37.8	376	10.4	226	10.3	6.3	100	4.5	2	5.6%	5	13.9%	1	9	6	2	0	
Odell Beckham	NYG	1	1	57	1	100.0	24	24.0	24	24.0	24.0	33	33.0	0	0.0%	0	0.0%	0	1	0	0	0	
Player	Tm	Cmp	Att	Yds	1D	1D%	IAY	IAY/PA	CAY	CAY/Cmp	CAY/PA	YAC	YAC/Cmp	Drops	Drop%	BadTh	Bad%	Sk	Bltz	Hrry	Hits	Scrm	Yds/Scr
Cam Newton	CAR	21	35	237	12	33.3	313	8.9	101	4.8	2.9	136	6.5	2	6.1%	6	18.2%	1	12	2	1	2	5.0"
advanced_rushing
"Saquon Barkley	NYG	15	48	2	22	1.5	26	1.7	0	
Eli Manning	NYG	1	2	1	2	2.0	0	0.0	0	
Player	Tm	Att	Yds	1D	YBC	YBC/Att	YAC	YAC/Att	BrkTkl	Att/Br
Christian McCaffrey	CAR	17	58	3	41	2.4	17	1.0	1	17.0
Cam Newton	CAR	8	29	2	13	1.6	16	2.0	0	
C.J. Anderson	CAR	4	9		6	1.5	3	0.8	0	
Alex Armah	CAR	1	4		0	0.0	4	4.0	0	
D.J. Moore	CAR	1	18	1	0	0.0	18	18.0	1	1.0"
advanced_receiving
"Odell Beckham	NYG	14	8	131	7	102	12.8	29	3.6	0		1	7.1
Saquon Barkley	NYG	4	4	81	2	31	7.8	50	12.5	0		0	0.0
Sterling Shepard	NYG	7	4	75	3	34	8.5	41	10.3	0		0	0.0
Russell Shepard	NYG	4	3	52	1	48	16.0	4	1.3	0		1	25.0
Jawill Davis	NYG	4	2	27	1	25	12.5	2	1.0	0		0	0.0
Rhett Ellison	NYG	3	2	17	1	10	5.0	7	3.5	0		0	0.0
Scott Simonson	NYG	1	0	0		0		0		0		0	0.0
Player	Tm	Tgt	Rec	Yds	1D	YBC	YBC/R	YAC	YAC/R	BrkTkl	Rec/Br	Drop	Drop%
Christian McCaffrey	CAR	6	5	35	2	-11	-2.2	46	9.2	0		0	0.0
Devin Funchess	CAR	7	4	53	4	47	11.8	6	1.5	0		0	0.0
D.J. Moore	CAR	4	4	49	2	17	4.3	32	8.0	1	4.0	0	0.0
Ian Thomas	CAR	6	3	38	1	28	9.3	10	3.3	0		0	0.0
Jarius Wright	CAR	6	3	25	1	7	2.3	18	6.0	0		1	16.7
Curtis Samuel	CAR	4	2	37	2	13	6.5	24	12.0	1	2.0	1	25.0
Torrey Smith	CAR	1	0	0		0		0		0		0	0.0"
advanced_defense
"Eli Apple	NYG	0	8	6	75.0%	70	11.7	8.8	0	101.0	10.1	58	12	0	0	0	0.0	0	5	0	0.0%
Landon Collins	NYG	0	5	4	80.0%	43	10.8	8.6	0	102.5	5.4	22	21	2	0	1	0.0	1	8	1	11.1%
Janoris Jenkins	NYG	1	8	4	50.0%	66	16.5	8.3	1	78.1	10.4	26	40	0	0	0	0.0	0	4	0	0.0%
Alec Ogletree	NYG	0	2	2	100.0%	6	3.0	3.0	0	79.2	-0.5	-1	7	8	0	0	0.0	0	6	1	14.3%
B.W. Webb	NYG	0	4	1	25.0%	-3	-3.0	-0.8	0	39.6	17.0	-4	1	1	1	0	0.0	1	4	1	20.0%
Curtis Riley	NYG	1	3	1	33.3%	27	27.0	9.0	0	27.8	12.7	13	14	0	0	0	0.0	0	3	0	0.0%
Connor Barwin	NYG	0	0	0										2	0	0	1.0	1	2	0	0.0%
Josh Mauro	NYG	0	0	0										0	1	0	0.0	1	1	0	0.0%
Ray-Ray Armstrong	NYG	0	0	0										0	0	0	0.0	0	4	1	20.0%
Michael Thomas	NYG	0	1	0	0.0%					39.6	30.0			0	0	0	0.0	0	0	0	
Lorenzo Carter	NYG	0	0	0										6	0	0	0.0	0	2	0	0.0%
Player	Tm	Int	Tgt	Cmp	Cmp%	Yds	Yds/Cmp	Yds/Tgt	TD	Rat	DADOT	Air	YAC	Bltz	Hrry	QBKD	Sk	Prss	Comb	MTkl	MTkl%
James Bradberry	CAR	0	12	7	58.3%	112	16.0	9.3	1	117.4	13.3	93	19	0	0	0	0.0	0	8	0	0.0%
Donte Jackson	CAR	0	9	5	55.6%	85	17.0	9.4	0	87.7	11.1	68	17	0	0	0	0.0	0	6	0	0.0%
Luke Kuechly	CAR	0	3	3	100.0%	17	5.7	5.7	0	90.3	3.3	10	7	3	1	0	1.0	2	3	0	0.0%
Mike Adams	CAR	2	5	2	40.0%	29	14.5	5.8	0	20.0	7.4	7	22	1	0	0	0.0	0	6	1	14.3%
Jermaine Carter	CAR	0	1	1	100.0%	57	57.0	57.0	1	158.3	24.0	24	33	1	0	1	0.0	1	1	0	0.0%
Efe Obada	CAR	0	1	1	100.0%	15	15.0	15.0	1	158.3	3.0	3	12	0	0	1	0.0	1	1	0	0.0%
Shaq Thompson	CAR	0	1	1	100.0%	9	9.0	9.0	0	104.2	4.0	4	5	4	0	0	0.0	0	3	0	0.0%
Captain Munnerlyn	CAR	0	3	1	33.3%	26	26.0	8.7	0	66.0	13.0	19	7	4	0	0	0.0	0	3	0	0.0%
Eric Reid	CAR	0	1	1	100.0%	22	22.0	22.0	0	118.7	20.0	20	2	1	0	0	0.0	0	3	0	0.0%
David Mayo	CAR	0	1	0	0.0%					39.6	1.0			0	1	0	0.0	1	1	0	0.0%
Mario Addison	CAR	0	0	0										0	1	0	0.0	1	2	0	0.0%
Dontari Poe	CAR	0	0	0										0	1	0	0.0	1	2	0	0.0%"
