advanced_rushing = document.querySelectorAll("#rushing_advanced > tbody")[0].innerText;
advanced_receiving = document.querySelectorAll("#receiving_advanced > tbody")[0].innerText;
advanced_defense = document.querySelectorAll("#defense_advanced > tbody")[0].innerText;
advanced_passing = document.querySelectorAll("#passing_advanced > tbody")[0].innerText;
"Dak Prescott	DAL	18	29	208	8	25.8	221	7.6	76	4.2	2.6	132	7.3	3	10.3%	4	13.8%	2	17	6	3	2	6.5
Player	Tm	Cmp	Att	Yds	1D	1D%	IAY	IAY/PA	CAY	CAY/Cmp	CAY/PA	YAC	YAC/Cmp	Drops	Drop%	BadTh	Bad%	Sk	Bltz	Hrry	Hits	Scrm	Yds/Scr
Deshaun Watson	HOU	33	44	375	18	40.0	290	6.6	192	5.8	4.4	183	5.5	1	2.3%	5	11.6%	1	16	2	9	6	6.8"
advanced_rushing
"Ezekiel Elliott	DAL	20	54	4	41	2.1	13	0.7	0	
Dak Prescott	DAL	6	34	1	30	5.0	4	0.7	0	
Rod Smith	DAL	3	10	1	4	1.3	6	2.0	0	
Player	Tm	Att	Yds	1D	YBC	YBC/Att	YAC	YAC/Att	BrkTkl	Att/Br
Alfred Blue	HOU	20	46	3	31	1.6	15	0.8	1	20.0
Deshaun Watson	HOU	10	40	1	40	4.0	0	0.0	0	
Keke Coutee	HOU	1	2	0	2	2.0	0	0.0	0	"
advanced_receiving
"Ezekiel Elliott	DAL	7	7	30	1	-14	-2.0	44	6.3	1	7.0	0	0.0
Geoff Swaim	DAL	3	3	55	2	-1	-0.3	56	18.7	1	3.0	0	0.0
Deonte Thompson	DAL	4	2	19	1	10	5.0	9	4.5	1	2.0	1	25.0
Tavon Austin	DAL	3	1	44	1	44	44.0	0	0.0	0		2	66.7
Cole Beasley	DAL	3	1	8		6	6.0	2	2.0	0		0	0.0
Michael Gallup	DAL	3	1	6		5	5.0	1	1.0	0		0	0.0
Rico Gathers	DAL	1	1	32	1	21	21.0	11	11.0	0		0	0.0
Allen Hurns	DAL	2	1	3	1	3	3.0	0	0.0	0		0	0.0
Blake Jarwin	DAL	2	1	11	1	2	2.0	9	9.0	1	1.0	0	0.0
Player	Tm	Tgt	Rec	Yds	1D	YBC	YBC/R	YAC	YAC/R	BrkTkl	Rec/Br	Drop	Drop%
DeAndre Hopkins	HOU	13	9	151	6	84	9.3	67	7.4	1	9.0	0	0.0
Alfred Blue	HOU	8	8	73	2	10	1.3	63	7.9	1	8.0	0	0.0
Keke Coutee	HOU	7	6	51	4	38	6.3	13	2.2	0		0	0.0
Ryan Griffin	HOU	9	6	65	4	48	8.0	17	2.8	0		1	11.1
Will Fuller	HOU	3	2	15	1	1	0.5	14	7.0	0		0	0.0
Jordan Akins	HOU	2	1	9		4	4.0	5	5.0	0		0	0.0
Jordan Thomas	HOU	1	1	11	1	7	7.0	4	4.0	1	1.0	0	0.0"
advanced_defense
"Leighton Vander Esch	DAL	0	11	10	90.9%	74	7.4	6.7	1	125.0	2.3	22	52	5	0	0	0.0	0	14	0	0.0%
Jeff Heath	DAL	0	7	6	85.7%	50	8.3	7.1	0	96.4	6.3	43	7	0	0	0	0.0	0	10	0	0.0%
Byron Jones	DAL	0	8	6	75.0%	78	13.0	9.8	0	105.2	6.3	43	35	0	0	0	0.0	0	10	1	9.1%
Jaylon Smith	DAL	0	3	3	100.0%	42	14.0	14.0	0	118.7	2.7	8	34	11	0	1	1.0	2	12	0	0.0%
Chidobe Awuzie	DAL	0	5	3	60.0%	34	11.3	6.8	0	80.4	11.8	25	9	0	0	0	0.0	0	3	1	25.0%
Anthony Brown	DAL	0	5	3	60.0%	60	20.0	12.0	0	102.1	10.4	26	34	2	0	0	0.0	0	4	0	0.0%
Xavier Woods	DAL	1	2	2	100.0%	27	13.5	13.5	0	79.2	11.5	23	4	0	0	0	0.0	0	5	1	16.7%
Jourdan Lewis	DAL	0	5	2	40.0%	20	10.0	4.0	0	52.1	7.4	9	11	3	0	0	0.0	0	1	0	0.0%
Damien Wilson	DAL	0	1	1	100.0%	10	10.0	10.0	0	108.3	-3.0	-3	13	1	0	0	0.0	0	1	1	50.0%
Daniel Ross	DAL	0	0	0										0	0	5	0.0	5	0	1	100.0%
Tyrone Crawford	DAL	0	0	0										0	1	2	0.0	3	5	0	0.0%
Randy Gregory	DAL	0	0	0										0	0	1	0.0	1	5	0	0.0%
Antwaun Woods	DAL	1	0	0										0	1	0	0.0	1	4	1	20.0%
Joe Thomas	DAL	0	0	0										1	0	0	0.0	0	2	0	0.0%
Player	Tm	Int	Tgt	Cmp	Cmp%	Yds	Yds/Cmp	Yds/Tgt	TD	Rat	DADOT	Air	YAC	Bltz	Hrry	QBKD	Sk	Prss	Comb	MTkl	MTkl%
Benardrick McKinney	HOU	0	5	5	100.0%	61	12.2	12.2	0	117.5	-4.6	-23	84	6	0	0	0.5	1	8	0	0.0%
Shareece Wright	HOU	0	4	4	100.0%	44	11.0	11.0	0	112.5	10.3	30	14	0	0	0	0.0	0	4	0	0.0%
Zach Cunningham	HOU	0	3	2	66.7%	16	8.0	5.3	0	79.9	0.7	11	5	1	1	1	0.0	2	10	3	23.1%
Justin Reid	HOU	1	2	2	100.0%	52	26.0	26.0	0	79.2	25.0	50	2	3	1	0	0.0	1	6	0	0.0%
Tyrann Mathieu	HOU	0	3	2	66.7%	12	6.0	4.0	0	74.3	7.3	6	6	0	0	0	0.0	0	8	0	0.0%
Johnathan Joseph	HOU	0	6	2	33.3%	11	5.5	1.8	1	81.9	5.2	2	9	0	0	0	0.0	0	2	1	33.3%
Kareem Jackson	HOU	1	4	2	50.0%	43	21.5	10.8	0	49.0	13.3	23	20	4	0	0	0.0	0	5	2	28.6%
J.J. Watt	HOU	0	1	1	100.0%	1	1.0	1.0	0	79.2	-2.0	-2	3	0	2	1	1.0	4	2	2	50.0%
Jadeveon Clowney	HOU	0	0	0										0	2	1	0.5	4	3	2	40.0%
Brandon Dunn	HOU	0	0	0										0	0	0	0.0	0	2	1	33.3%
Kayvon Webster	HOU	0	1	0	0.0%					39.6	15.0			0	0	0	0.0	0	1	0	0.0%
DeAndre Hopkins	HOU	0	1	0	0.0%					39.6	53.0			0	0	0	0.0	0	0	0	"
