advanced_rushing = document.querySelectorAll("#rushing_advanced > tbody")[0].innerText;
advanced_receiving = document.querySelectorAll("#receiving_advanced > tbody")[0].innerText;
advanced_defense = document.querySelectorAll("#defense_advanced > tbody")[0].innerText;
advanced_passing = document.querySelectorAll("#passing_advanced > tbody")[0].innerText;
"Blake Bortles	JAX	33	61	430	20	30.3	647	10.6	282	8.5	4.6	148	4.5	3	5.0%	17	28.3%	5	14	3	6	2	14.0
Player	Tm	Cmp	Att	Yds	1D	1D%	IAY	IAY/PA	CAY	CAY/Cmp	CAY/PA	YAC	YAC/Cmp	Drops	Drop%	BadTh	Bad%	Sk	Bltz	Hrry	Hits	Scrm	Yds/Scr
Patrick Mahomes	KAN	22	38	313	17	43.6	356	9.4	142	6.5	3.7	171	7.8	2	5.6%	9	25.0%	1	7	9	4	2	7.5"
advanced_rushing
"T.J. Yeldon	JAX	10	53	2	42	4.2	11	1.1	0	
Blake Bortles	JAX	4	34	3	28	7.0	6	1.5	0	
Brandon Wilds	JAX	2	6		6	3.0	0	0.0	0	
Corey Grant	JAX	1	8	1	4	4.0	4	4.0	0	
Player	Tm	Att	Yds	1D	YBC	YBC/Att	YAC	YAC/Att	BrkTkl	Att/Br
Kareem Hunt	KAN	22	87	4	46	2.1	41	1.9	2	11.0
Patrick Mahomes	KAN	4	13	1	13	3.3	0	0.0	0	
Tyreek Hill	KAN	2	26	1	24	12.0	2	1.0	0	
Spencer Ware	KAN	1	0	0	0	0.0	0	0.0	0	
Damien Williams	KAN	1	0		0	0.0	0	0.0	0	"
advanced_receiving
"T.J. Yeldon	JAX	11	8	69	4	28	3.5	41	5.1	0		1	9.1
Niles Paul	JAX	9	7	65	4	42	6.0	23	3.3	0		0	0.0
Donte Moncrief	JAX	14	6	76	3	60	10.0	16	2.7	0		1	7.1
Keelan Cole	JAX	10	4	70	3	55	13.8	15	3.8	0		0	0.0
James O'Shaughnessy	JAX	6	3	27	2	7	2.3	20	6.7	0		0	0.0
Dede Westbrook	JAX	5	3	55	2	31	10.3	24	8.0	0		1	20.0
DJ Chark	JAX	4	2	68	2	59	29.5	9	4.5	0		0	0.0
Tommy Bohanon	JAX	1	0	0		0		0		0		0	0.0
Austin Seferian-Jenkins	JAX	1	0	0		0		0		0		0	0.0
Player	Tm	Tgt	Rec	Yds	1D	YBC	YBC/R	YAC	YAC/R	BrkTkl	Rec/Br	Drop	Drop%
Sammy Watkins	KAN	8	6	78	4	22	3.7	56	9.3	0		0	0.0
Travis Kelce	KAN	8	5	100	4	47	9.4	53	10.6	0		1	12.5
Tyreek Hill	KAN	7	4	61	3	43	10.8	18	4.5	0		0	0.0
Chris Conley	KAN	5	2	21	2	9	4.5	12	6.0	0		0	0.0
Kareem Hunt	KAN	2	1	7	1	2	2.0	5	5.0	0		1	50.0
Demetrius Harris	KAN	2	1	5		1	1.0	4	4.0	0		0	0.0
Anthony Sherman	KAN	1	1	15	1	14	14.0	1	1.0	0		0	0.0
De'Anthony Thomas	KAN	1	1	13	1	4	4.0	9	9.0	0		0	0.0
Spencer Ware	KAN	1	1	13	1	0	0.0	13	13.0	0		0	0.0
Demarcus Robinson	KAN	1	0	0		0		0		0		0	0.0"
advanced_defense
"Telvin Smith	JAX	0	6	5	83.3%	55	11.0	9.2	0	104.9	5.0	33	22	2	0	0	0.0	0	13	1	7.1%
Jalen Ramsey	JAX	0	8	4	50.0%	68	17.0	8.5	0	79.2	15.8	37	31	0	0	0	0.0	0	4	0	0.0%
Myles Jack	JAX	0	5	3	60.0%	53	17.7	10.6	0	96.2	11.4	34	19	1	0	0	0.0	0	10	1	9.1%
A.J. Bouye	JAX	1	6	3	50.0%	19	6.3	3.2	0	17.4	6.7	14	5	0	0	0	0.0	0	5	0	0.0%
Tyler Patmon	JAX	0	2	2	100.0%	40	20.0	20.0	0	118.7	11.0	22	18	2	1	0	0.0	1	3	0	0.0%
Malik Jackson	JAX	0	1	1	100.0%	14	14.0	14.0	0	118.7	5.0	5	9	0	0	2	0.0	2	1	2	66.7%
Barry Church	JAX	0	3	1	33.3%	40	40.0	13.3	0	81.9	11.3	4	36	2	0	1	0.0	1	3	2	40.0%
Ronnie Harrison	JAX	0	1	1	100.0%	9	9.0	9.0	0	104.2	-5.0	-5	14	0	0	0	0.0	0	2	0	0.0%
Yannick Ngakoue	JAX	0	0	0										1	3	1	1.0	5	1	0	0.0%
Dante Fowler	JAX	0	0	0										0	2	0	0.0	2	1	1	50.0%
Calais Campbell	JAX	0	0	0										0	2	0	0.0	2	5	0	0.0%
Marcell Dareus	JAX	0	0	0										0	1	0	0.0	1	2	1	33.3%
Tashaun Gipson	JAX	1	3	0	0.0%					0.0	33.0			1	0	0	0.0	0	2	0	0.0%
Player	Tm	Int	Tgt	Cmp	Cmp%	Yds	Yds/Cmp	Yds/Tgt	TD	Rat	DADOT	Air	YAC	Bltz	Hrry	QBKD	Sk	Prss	Comb	MTkl	MTkl%
Kendall Fuller	KAN	0	10	10	100.0%	129	12.9	12.9	0	118.7	8.1	66	63	3	0	0	0.0	0	7	1	12.5%
Orlando Scandrick	KAN	1	13	6	46.2%	78	13.0	6.0	0	33.5	10.9	51	27	0	0	0	0.0	0	3	1	25.0%
Anthony Hitchens	KAN	0	6	6	100.0%	57	9.5	9.5	0	106.2	6.5	39	18	8	0	0	0.0	0	11	0	0.0%
Terrance Smith	KAN	0	9	5	55.6%	40	8.0	4.4	0	66.9	5.4	12	28	1	0	0	1.0	1	5	1	16.7%
Steven Nelson	KAN	1	15	4	26.7%	102	25.5	6.8	0	27.6	18.9	89	13	0	0	0	0.0	0	3	1	25.0%
Jordan Lucas	KAN	1	4	3	75.0%	47	15.7	11.8	0	74.0	11.3	40	7	0	0	0	0.0	0	7	0	0.0%
Ron Parker	KAN	0	5	3	60.0%	7	2.3	1.4	0	64.6	9.0	6	1	0	0	0	0.0	0	3	0	0.0%
Reggie Ragland	KAN	0	3	2	66.7%	20	10.0	6.7	1	125.0	4.3	12	8	0	0	0	0.0	0	2	1	33.3%
Dee Ford	KAN	0	2	1	50.0%	6	6.0	3.0	0	56.2	2.0	-2	8	5	0	4	1.0	5	5	0	0.0%
Breeland Speaks	KAN	0	0	0										2	3	0	0.0	3	1	0	0.0%
Allen Bailey	KAN	0	0	0										0	0	1	1.0	2	2	0	0.0%
Justin Houston	KAN	0	0	0										0	0	1	0.0	1	0	0	
Xavier Williams	KAN	0	0	0										0	0	0	1.0	1	3	0	0.0%
Chris Jones	KAN	1	0	0										0	0	0	1.0	1	1	0	0.0%
Armani Watts	KAN	0	1	0	0.0%					39.6	3.0			0	0	0	0.0	0	0	0	"
