advanced_rushing = document.querySelectorAll("#rushing_advanced > tbody")[0].innerText;
advanced_receiving = document.querySelectorAll("#receiving_advanced > tbody")[0].innerText;
advanced_defense = document.querySelectorAll("#defense_advanced > tbody")[0].innerText;
advanced_passing = document.querySelectorAll("#passing_advanced > tbody")[0].innerText;
"Alex Smith	WAS	23	39	275	12	28.6	355	9.1	156	6.8	4.0	119	5.2	2	5.3%	9	23.7%	3	9	11	1	0	
Player	Tm	Cmp	Att	Yds	1D	1D%	IAY	IAY/PA	CAY	CAY/Cmp	CAY/PA	YAC	YAC/Cmp	Drops	Drop%	BadTh	Bad%	Sk	Bltz	Hrry	Hits	Scrm	Yds/Scr
Drew Brees	NOR	26	29	363	15	48.4	160	5.5	158	6.1	5.4	205	7.9	0	0.0%	1	3.6%	2	8	2	1	1	2.0"
advanced_rushing
"Chris Thompson	WAS	8	17	2	12	1.5	5	0.6	0	
Kapri Bibbs	WAS	4	9	1	4	1.0	5	1.3	1	4.0
Adrian Peterson	WAS	4	6	1	-1	-0.3	7	1.8	0	
Alex Smith	WAS	2	7	2	7	3.5	0	0.0	0	
Player	Tm	Att	Yds	1D	YBC	YBC/Att	YAC	YAC/Att	BrkTkl	Att/Br
Mark Ingram	NOR	16	53	5	20	1.3	33	2.1	3	5.3
Alvin Kamara	NOR	6	24		19	3.2	5	0.8	0	
Taysom Hill	NOR	5	23	3	9	1.8	14	2.8	0	
Teddy Bridgewater	NOR	3	-3		-3	-1.0	0	0.0	0	
Drew Brees	NOR	2	1	0	1	0.5	0	0.0	0	"
advanced_receiving
"Chris Thompson	WAS	8	6	45	1	3	0.5	42	7.0	0		1	12.5
Jamison Crowder	WAS	8	4	55	3	34	8.5	21	5.3	0		0	0.0
Paul Richardson	WAS	5	4	50	2	40	10.0	10	2.5	0		0	0.0
Maurice Harris	WAS	8	3	47	1	36	12.0	11	3.7	0		0	0.0
Vernon Davis	WAS	3	2	15	2	9	4.5	6	3.0	0		0	0.0
Adrian Peterson	WAS	3	2	36	2	8	4.0	28	14.0	3	0.7	1	33.3
Jordan Reed	WAS	2	1	21	1	21	21.0	0	0.0	0		0	0.0
Brian Quick	WAS	1	1	6		5	5.0	1	1.0	0		0	0.0
Player	Tm	Tgt	Rec	Yds	1D	YBC	YBC/R	YAC	YAC/R	BrkTkl	Rec/Br	Drop	Drop%
Cameron Meredith	NOR	5	5	71	2	43	8.6	28	5.6	0		0	0.0
Ben Watson	NOR	4	4	30	2	7	1.8	23	5.8	0		0	0.0
Michael Thomas	NOR	5	4	74	4	37	9.3	37	9.3	1	4.0	0	0.0
Alvin Kamara	NOR	4	3	15		8	2.7	7	2.3	0		0	0.0
Tre'Quan Smith	NOR	3	3	111	3	66	22.0	45	15.0	0		0	0.0
Mark Ingram	NOR	3	2	20	1	-10	-5.0	30	15.0	0		0	0.0
Josh Hill	NOR	2	2	24	2	-3	-1.5	27	13.5	0		0	0.0
Austin Carr	NOR	2	2	17	1	12	6.0	5	2.5	0		0	0.0
Drew Brees	NOR	1	1	1	0	-2	-2.0	3	3.0	0		0	0.0"
advanced_defense
"Quinton Dunbar	WAS	0	7	5	71.4%	48	9.6	6.9	0	90.2	3.7	26	22	0	0	0	0.0	0	6	1	14.3%
Zach Brown	WAS	0	5	5	100.0%	69	13.8	13.8	0	118.7	3.4	17	52	0	0	0	0.0	0	6	0	0.0%
Fabian Moreau	WAS	0	5	5	100.0%	78	15.6	15.6	0	118.7	10.4	52	26	0	0	0	0.0	0	5	0	0.0%
Mason Foster	WAS	0	4	4	100.0%	32	8.0	8.0	0	100.0	1.8	7	25	3	0	0	0.0	0	10	1	9.1%
Greg Stroman	WAS	0	2	2	100.0%	43	21.5	21.5	1	158.3	18.0	36	7	0	0	0	0.0	0	1	0	0.0%
Preston Smith	WAS	0	1	1	100.0%	6	6.0	6.0	0	91.7	1.0	1	5	2	0	0	0.0	0	4	0	0.0%
Josh Norman	WAS	0	1	1	100.0%	1	1.0	1.0	1	118.7	1.0	1	0	0	0	0	0.0	0	3	0	0.0%
Da'Ron Payne	WAS	0	0	0										0	0	1	1.0	2	4	0	0.0%
Ryan Kerrigan	WAS	0	0	0										2	1	0	1.0	2	3	0	0.0%
Matthew Ioannidis	WAS	0	0	0										0	1	0	0.0	1	3	1	25.0%
Josh Harvey-Clemons	WAS	0	0	0										1	0	0	0.0	0	1	0	0.0%
Montae Nicholson	WAS	0	1	0	0.0%					39.6	2.0			4	0	0	0.0	0	3	0	0.0%
D.J. Swearinger	WAS	0	0	0										0	0	0	0.0	0	5	1	16.7%
Pernell McPhee	WAS	0	0	0										1	0	0	0.0	0	1	1	50.0%
Player	Tm	Int	Tgt	Cmp	Cmp%	Yds	Yds/Cmp	Yds/Tgt	TD	Rat	DADOT	Air	YAC	Bltz	Hrry	QBKD	Sk	Prss	Comb	MTkl	MTkl%
Vonn Bell	NOR	0	7	6	85.7%	74	12.3	10.6	0	110.7	7.7	54	20	1	0	0	0.0	0	8	1	11.1%
Justin Hardee	NOR	1	9	6	66.7%	86	14.3	9.6	0	57.9	8.6	38	48	0	0	0	0.0	0	4	2	33.3%
Demario Davis	NOR	0	6	5	83.3%	45	9.0	7.5	0	97.9	4.3	19	26	6	2	0	0.0	2	6	3	33.3%
Ken Crawley	NOR	0	4	2	50.0%	13	6.5	3.3	0	57.3	15.5	8	5	0	0	0	0.0	0	3	0	0.0%
P.J. Williams	NOR	0	6	1	16.7%	24	24.0	4.0	0	43.7	11.0	20	4	0	0	0	0.0	0	2	0	0.0%
Marshon Lattimore	NOR	0	1	1	100.0%	6	6.0	6.0	0	91.7	6.0	6	0	0	0	0	0.0	0	1	0	0.0%
Kurt Coleman	NOR	0	1	1	100.0%	17	17.0	17.0	0	118.7	5.0	5	12	1	0	0	0.0	0	3	1	25.0%
A.J. Klein	NOR	0	1	1	100.0%	5	5.0	5.0	0	87.5	4.0	4	1	4	0	0	0.0	0	6	0	0.0%
Cameron Jordan	NOR	0	0	0										0	4	0	1.0	5	2	0	0.0%
Marcus Davenport	NOR	0	0	0										0	2	1	1.0	4	3	0	0.0%
Sheldon Rankins	NOR	0	0	0										0	0	0	1.0	1	2	0	0.0%
Tyeler Davison	NOR	0	0	0										0	1	0	0.0	1	1	0	0.0%
Alex Anzalone	NOR	0	1	0	0.0%					39.6	7.0			1	0	0	0.0	0	1	1	50.0%
Taylor Stallworth	NOR	0	1	0	0.0%	13		13.0	0	79.2	6.0	6	7	0	0	0	0.0	0	1	0	0.0%
Marcus Williams	NOR	0	2	0	0.0%					39.6	23.0			0	0	0	0.0	0	1	0	0.0%
Craig Robertson	NOR	0	0	0										1	0	0	0.0	0	2	0	0.0%"
