advanced_rushing = document.querySelectorAll("#rushing_advanced > tbody")[0].innerText;
advanced_receiving = document.querySelectorAll("#receiving_advanced > tbody")[0].innerText;
advanced_defense = document.querySelectorAll("#defense_advanced > tbody")[0].innerText;
advanced_passing = document.querySelectorAll("#passing_advanced > tbody")[0].innerText;
"Matt Ryan	ATL	26	38	285	13	29.5	327	8.6	129	5.0	3.4	156	6.0	1	2.8%	9	25.0%	6	18	4	2	1	10.0
Matt Schaub	ATL	5	7	20	1	14.3	32	4.6	12	2.4	1.7	8	1.6	1	14.3%	1	14.3%	0	0	0	0	0	
Player	Tm	Cmp	Att	Yds	1D	1D%	IAY	IAY/PA	CAY	CAY/Cmp	CAY/PA	YAC	YAC/Cmp	Drops	Drop%	BadTh	Bad%	Sk	Bltz	Hrry	Hits	Scrm	Yds/Scr
Ben Roethlisberger	PIT	19	29	250	11	37.9	234	8.1	123	6.5	4.2	127	6.7	1	3.4%	5	17.2%	0	8	1	2	2	8.0"
advanced_rushing
"Devonta Freeman	ATL	8	32	1	28	3.5	4	0.5	0	
Tevin Coleman	ATL	7	15	1	10	1.4	5	0.7	0	
Ito Smith	ATL	3	5	1	3	1.0	2	0.7	0	
Matt Ryan	ATL	1	10	1	10	10.0	0	0.0	0	
Player	Tm	Att	Yds	1D	YBC	YBC/Att	YAC	YAC/Att	BrkTkl	Att/Br
James Conner	PIT	21	110	7	48	2.3	62	3.0	3	7.0
Stevan Ridley	PIT	5	8		7	1.4	1	0.2	0	
Ben Roethlisberger	PIT	2	16	2	16	8.0	0	0.0	0	
Joshua Dobbs	PIT	1	-3		-3	-3.0	0	0.0	0	"
advanced_receiving
"Austin Hooper	ATL	12	9	77	4	42	4.7	35	3.9	0		0	0.0
Julio Jones	ATL	9	5	62	3	46	9.2	16	3.2	0		1	11.1
Mohamed Sanu	ATL	7	4	73	3	14	3.5	59	14.8	0		0	0.0
Calvin Ridley	ATL	5	4	38	3	20	5.0	18	4.5	0		0	0.0
Tevin Coleman	ATL	2	2	15	0	1	0.5	14	7.0	0		0	0.0
Marvin Hall	ATL	3	2	25	1	12	6.0	13	6.5	0		0	0.0
Devonta Freeman	ATL	2	2	9	0	6	3.0	3	1.5	0		0	0.0
Eric Saubert	ATL	2	1	8		7	7.0	1	1.0	0		1	50.0
Matt Schaub	ATL	1	1	-7	0	-7	-7.0	0	0.0	0		0	0.0
Ito Smith	ATL	1	1	5	0	0	0.0	5	5.0	1	1.0	0	0.0
Ricky Ortiz	ATL	1	0	0		0		0		0		0	0.0
Player	Tm	Tgt	Rec	Yds	1D	YBC	YBC/R	YAC	YAC/R	BrkTkl	Rec/Br	Drop	Drop%
Antonio Brown	PIT	13	6	101	5	67	11.2	34	5.7	2	3.0	1	7.7
James Conner	PIT	4	4	75	3	-2	-0.5	77	19.3	1	4.0	0	0.0
JuJu Smith-Schuster	PIT	4	4	34	1	31	7.8	3	0.8	0		0	0.0
Jesse James	PIT	2	2	20	1	14	7.0	6	3.0	0		0	0.0
Ryan Switzer	PIT	1	1	5		2	2.0	3	3.0	0		0	0.0
Vance McDonald	PIT	2	1	6		5	5.0	1	1.0	0		0	0.0
Xavier Grimble	PIT	1	1	9	1	6	6.0	3	3.0	0		0	0.0
James Washington	PIT	2	0	0		0		0		0		0	0.0"
advanced_defense
"Foyesade Oluokun	ATL	0	3	3	100.0%	38	12.7	12.7	0	118.7	3.0	9	29	2	0	0	0.0	0	5	1	16.7%
Jordan Richards	ATL	0	5	3	60.0%	28	9.3	5.6	0	75.4	4.6	17	11	0	0	0	0.0	0	7	1	12.5%
Duke Riley	ATL	0	3	3	100.0%	17	5.7	5.7	0	90.3	3.7	11	6	0	0	0	0.0	0	4	2	33.3%
Robert Alford	ATL	0	4	2	50.0%	77	38.5	19.3	2	135.4	21.3	63	14	0	0	0	0.0	0	3	0	0.0%
Brian Poole	ATL	0	4	2	50.0%	28	14.0	7.0	0	72.9	1.5	9	19	0	0	0	0.0	0	2	1	33.3%
Isaiah Oliver	ATL	0	2	1	50.0%	9	9.0	4.5	1	102.1	11.5	9	0	0	0	0	0.0	0	1	0	0.0%
Vic Beasley	ATL	0	0	0										2	1	1	0.0	2	0	0	
Deadrin Senat	ATL	0	0	0										0	0	1	0.0	1	5	0	0.0%
Damontae Kazee	ATL	1	1	0	0.0%					0.0	7.0			0	0	0	0.0	0	6	1	14.3%
Desmond Trufant	ATL	0	4	0	0.0%					39.6	16.3			0	0	0	0.0	0	3	0	0.0%
De'Vondre Campbell	ATL	0	1	0	0.0%	10		10.0	0	68.7	-3.0	-3	13	2	0	0	0.0	0	3	1	25.0%
Brooks Reed	ATL	0	0	0										2	0	0	0.0	0	6	0	0.0%
Player	Tm	Int	Tgt	Cmp	Cmp%	Yds	Yds/Cmp	Yds/Tgt	TD	Rat	DADOT	Air	YAC	Bltz	Hrry	QBKD	Sk	Prss	Comb	MTkl	MTkl%
L.J. Fort	PIT	0	4	4	100.0%	49	12.3	12.3	0	117.7	7.3	29	20	4	0	1	1.0	2	6	0	0.0%
Terrell Edmunds	PIT	0	7	4	57.1%	21	5.3	3.0	0	62.2	1.0	-3	24	1	0	0	0.0	0	7	1	12.5%
Jonathan Bostic	PIT	0	4	3	75.0%	54	18.0	13.5	1	156.2	5.5	21	33	1	0	0	0.5	1	5	0	0.0%
Tyler Matakevich	PIT	0	3	3	100.0%	24	8.0	8.0	0	100.0	6.0	18	6	1	0	0	0.0	0	6	0	0.0%
Artie Burns	PIT	0	7	2	28.6%	41	20.5	5.9	0	51.5	16.1	20	21	0	0	0	0.0	0	3	0	0.0%
Sean Davis	PIT	0	3	2	66.7%	26	13.0	8.7	0	93.7	9.3	13	13	0	0	0	0.0	0	5	1	16.7%
Mike Hilton	PIT	0	5	1	20.0%	7	7.0	1.4	0	39.6	5.6	-10	17	7	0	1	0.0	1	2	0	0.0%
Coty Sensabaugh	PIT	0	1	1	100.0%	7	7.0	7.0	0	95.8	2.0	2	5	0	0	0	0.0	0	2	0	0.0%
Joe Haden	PIT	0	9	1	11.1%	69	69.0	7.7	0	59.0	11.3	43	26	0	0	0	0.0	0	5	0	0.0%
T.J. Watt	PIT	0	0	0										5	3	0	3.0	6	8	0	0.0%
Cameron Heyward	PIT	0	0	0										0	1	0	1.5	3	3	0	0.0%
Anthony Chickillo	PIT	0	1	0	0.0%	15		15.0	0	79.2	7.0	7	8	2	0	0	0.0	0	3	0	0.0%
Matthew Thomas	PIT	0	1	0	0.0%	8		8.0	0	60.4	7.0	7	1	0	0	0	0.0	0	1	0	0.0%
Bud Dupree	PIT	0	0	0										5	0	0	0.0	0	6	0	0.0%
Cameron Sutton	PIT	0	2	0	0.0%	5		2.5	0	39.6	10.5	4	1	1	0	0	0.0	0	5	0	0.0%"
