advanced_rushing = document.querySelectorAll("#rushing_advanced > tbody")[0].innerText;
advanced_receiving = document.querySelectorAll("#receiving_advanced > tbody")[0].innerText;
advanced_defense = document.querySelectorAll("#defense_advanced > tbody")[0].innerText;
advanced_passing = document.querySelectorAll("#passing_advanced > tbody")[0].innerText;
"Josh Rosen	ARI	10	25	170	5	19.2	277	11.1	96	9.6	3.8	74	7.4	3	13.6%	8	36.4%	1	7	4	3	0	
Player	Tm	Cmp	Att	Yds	1D	1D%	IAY	IAY/PA	CAY	CAY/Cmp	CAY/PA	YAC	YAC/Cmp	Drops	Drop%	BadTh	Bad%	Sk	Bltz	Hrry	Hits	Scrm	Yds/Scr
C.J. Beathard	SFO	34	54	349	22	37.9	260	4.8	104	3.1	1.9	245	7.2	4	7.8%	7	13.7%	4	22	0	4	1	6.0"
advanced_rushing
"David Johnson	ARI	18	55	3	28	1.6	27	1.5	0	
Josh Rosen	ARI	3	-3	0	-3	-1.0	0	0.0	0	
Chase Edmonds	ARI	1	-1		-1	-1.0	0	0.0	0	
Christian Kirk	ARI	1	5	1	5	5.0	0	0.0	0	
Player	Tm	Att	Yds	1D	YBC	YBC/Att	YAC	YAC/Att	BrkTkl	Att/Br
Alfred Morris	SFO	18	61	3	29	1.6	32	1.8	2	9.0
Matt Breida	SFO	8	56	2	32	4.0	24	3.0	3	2.7
Raheem Mostert	SFO	5	11	1	1	0.2	10	2.0	0	
C.J. Beathard	SFO	2	7	2	4	2.0	3	1.5	0	
Kyle Juszczyk	SFO	1	12	1	6	6.0	6	6.0	0	"
advanced_receiving
"Christian Kirk	ARI	4	3	85	1	60	20.0	25	8.3	0		1	25.0
Chad Williams	ARI	6	2	23	2	19	9.5	4	2.0	0		1	16.7
Larry Fitzgerald	ARI	3	2	35	1	23	11.5	12	6.0	0		0	0.0
David Johnson	ARI	3	2	16	0	-4	-2.0	20	10.0	2	1.0	0	0.0
Jermaine Gresham	ARI	1	1	11	1	-2	-2.0	13	13.0	0		0	0.0
Chase Edmonds	ARI	1	0	0		0		0		0		1	100.0
Ricky Seals-Jones	ARI	5	0	0		0		0		0		0	0.0
Player	Tm	Tgt	Rec	Yds	1D	YBC	YBC/R	YAC	YAC/R	BrkTkl	Rec/Br	Drop	Drop%
Trent Taylor	SFO	8	7	61	5	27	3.9	34	4.9	0		0	0.0
Kyle Juszczyk	SFO	7	6	75	5	13	2.2	62	10.3	0		0	0.0
George Kittle	SFO	7	5	83	3	15	3.0	68	13.6	1	5.0	0	0.0
Pierre Garcon	SFO	13	5	47	2	21	4.2	26	5.2	0		2	15.4
Kendrick Bourne	SFO	7	4	33	2	20	5.0	13	3.3	1	4.0	1	14.3
Alfred Morris	SFO	4	3	30	3	5	1.7	25	8.3	0		0	0.0
Victor Bolden	SFO	4	1	10	1	9	9.0	1	1.0	0		0	0.0
Richie James	SFO	1	1	7		0	0.0	7	7.0	0		0	0.0
Raheem Mostert	SFO	1	1	-2	0	-5	-5.0	3	3.0	0		0	0.0
Matt Breida	SFO	1	1	5	1	-1	-1.0	6	6.0	0		0	0.0
Cole Wick	SFO	1	0	0		0		0		0		1	100.0"
advanced_defense
"Budda Baker	ARI	0	10	9	90.0%	109	12.1	10.9	0	112.1	2.0	10	99	2	0	0	1.0	1	16	0	0.0%
Antoine Bethea	ARI	0	8	5	62.5%	33	6.6	4.1	2	110.9	1.1	6	27	5	0	1	0.0	1	13	3	18.8%
Josh Bynes	ARI	0	5	5	100.0%	72	14.4	14.4	0	118.7	2.4	12	60	7	0	0	1.0	1	11	0	0.0%
Haason Reddick	ARI	0	8	5	62.5%	41	8.2	5.1	0	75.5	3.1	14	27	8	0	0	1.0	1	8	2	20.0%
Patrick Peterson	ARI	0	8	5	62.5%	39	7.8	4.9	0	74.5	8.8	27	12	0	0	0	0.0	0	7	0	0.0%
Bene Benwikere	ARI	1	10	4	40.0%	38	9.5	3.8	0	11.7	9.3	20	18	0	0	0	0.0	0	6	0	0.0%
Tre Boston	ARI	1	6	2	33.3%	26	13.0	4.3	0	8.3	5.7	19	7	1	0	0	0.0	0	6	0	0.0%
Chandler Jones	ARI	0	1	1	100.0%	1	1.0	1.0	0	79.2	-3.0	-3	4	0	0	2	1.0	3	6	1	14.3%
Rodney Gunter	ARI	0	0	0										0	0	1	0.0	1	5	0	0.0%
Player	Tm	Int	Tgt	Cmp	Cmp%	Yds	Yds/Cmp	Yds/Tgt	TD	Rat	DADOT	Air	YAC	Bltz	Hrry	QBKD	Sk	Prss	Comb	MTkl	MTkl%
Ahkello Witherspoon	SFO	0	5	4	80.0%	106	26.5	21.2	1	158.3	17.4	80	26	0	0	0	0.0	0	3	0	0.0%
K'Waun Williams	SFO	0	3	2	66.7%	22	11.0	7.3	0	88.2	5.0	15	7	1	1	0	0.0	1	2	0	0.0%
Malcolm Smith	SFO	0	2	1	50.0%	5	5.0	2.5	0	56.2	-2.5	-8	13	0	0	0	0.0	0	4	1	20.0%
Fred Warner	SFO	0	2	1	50.0%	15	15.0	7.5	0	75.0	16.5	7	8	2	0	0	0.0	0	3	0	0.0%
DeForest Buckner	SFO	0	0	0										0	1	2	0.0	3	4	0	0.0%
Cassius Marsh	SFO	0	0	0										0	1	0	1.0	2	4	0	0.0%
Earl Mitchell	SFO	0	0	0										0	0	1	0.0	1	3	0	0.0%
Arik Armstead	SFO	0	0	0										0	0	0	0.0	0	3	1	25.0%
Reuben Foster	SFO	0	1	0	0.0%					39.6	1.0			3	0	0	0.0	0	3	0	0.0%
Greg Mabin	SFO	0	2	0	0.0%					39.6	12.0			0	0	0	0.0	0	2	0	0.0%
Jaquiski Tartt	SFO	0	3	0	0.0%					39.6	16.3			2	0	0	0.0	0	3	0	0.0%
Adrian Colbert	SFO	0	1	0	0.0%					39.6	25.0			0	0	0	0.0	0	2	0	0.0%"
