advanced_rushing = document.querySelectorAll("#rushing_advanced > tbody")[0].innerText;
advanced_receiving = document.querySelectorAll("#receiving_advanced > tbody")[0].innerText;
advanced_defense = document.querySelectorAll("#defense_advanced > tbody")[0].innerText;
advanced_passing = document.querySelectorAll("#passing_advanced > tbody")[0].innerText;
"Jared Goff	LAR	22	37	268	12	32.4	373	10.1	130	5.9	3.5	138	6.3	1	2.7%	11	29.7%	0	14	0	3	0	
Johnny Hekker	LAR	1	1	23	1	100.0	3	3.0	3	3.0	3.0	20	20.0	0	0.0%	0	0.0%	0	0	0	0	0	
Player	Tm	Cmp	Att	Yds	1D	1D%	IAY	IAY/PA	CAY	CAY/Cmp	CAY/PA	YAC	YAC/Cmp	Drops	Drop%	BadTh	Bad%	Sk	Bltz	Hrry	Hits	Scrm	Yds/Scr
Matt Ryan	ATL	16	27	159	8	25.0	215	8.0	122	7.6	4.5	37	2.3	2	7.4%	8	29.6%	5	11	5	5	1	2.0
Matt Schaub	ATL	6	6	65	4	66.7	57	9.5	57	9.5	9.5	8	1.3	0	0.0%	0	0.0%	0	0	0	1	0	"
advanced_rushing
"Todd Gurley	LAR	18	41	3	19	1.1	22	1.2	3	6.0
Darrell Henderson	LAR	11	31	4	15	1.4	16	1.5	2	5.5
Jared Goff	LAR	3	3	2	3	1.0	0	0.0	0	
John Kelly	LAR	3	9		5	1.7	4	1.3	0	
Robert Woods	LAR	1	6	0	6	6.0	0	0.0	0	
Player	Tm	Att	Yds	1D	YBC	YBC/Att	YAC	YAC/Att	BrkTkl	Att/Br
Devonta Freeman	ATL	7	19		10	1.4	9	1.3	0	
Brian Hill	ATL	5	11	1	5	1.0	6	1.2	0	
Matt Ryan	ATL	1	2	0	2	2.0	0	0.0	0	
Matt Schaub	ATL	1	-1	0	-1	-1.0	0	0.0	0	
Ito Smith	ATL	1	7		5	5.0	2	2.0	0	"
advanced_receiving
"Cooper Kupp	LAR	8	6	50	2	15	2.5	35	5.8	0		0	0.0
Robert Woods	LAR	7	5	80	4	30	6.0	50	10.0	1	5.0	1	14.3
Brandin Cooks	LAR	7	4	59	3	38	9.5	21	5.3	0		0	0.0
Gerald Everett	LAR	10	4	50	2	29	7.3	21	5.3	0		0	0.0
Todd Gurley	LAR	1	1	13	1	13	13.0	0	0.0	0		0	0.0
Darrell Henderson	LAR	1	1	8	0	0	0.0	8	8.0	0		0	0.0
Tyler Higbee	LAR	1	1	8		5	5.0	3	3.0	0		0	0.0
Nick Scott	LAR	1	1	23	1	3	3.0	20	20.0	0		0	0.0
Johnny Mundt	LAR	1	0	0		0		0		0		0	0.0
Josh Reynolds	LAR	1	0	0		0		0		0		0	0.0
Player	Tm	Tgt	Rec	Yds	1D	YBC	YBC/R	YAC	YAC/R	BrkTkl	Rec/Br	Drop	Drop%
Julio Jones	ATL	9	6	93	4	78	13.0	15	2.5	0		1	11.1
Austin Hooper	ATL	5	4	46	3	41	10.3	5	1.3	1	4.0	0	0.0
Calvin Ridley	ATL	6	4	30	2	28	7.0	2	0.5	0		0	0.0
Devonta Freeman	ATL	3	2	6		0	0.0	6	3.0	0		0	0.0
Justin Hardy	ATL	2	2	19	1	17	8.5	2	1.0	0		0	0.0
Brian Hill	ATL	2	2	14	1	3	1.5	11	5.5	0		0	0.0
Russell Gage	ATL	2	1	13	1	12	12.0	1	1.0	0		0	0.0
Mohamed Sanu	ATL	2	1	3		0	0.0	3	3.0	0		1	50.0
Keith Smith	ATL	1	0	0		0		0		0		0	0.0
Kenjon Barner	ATL	1	0	0		0		0		0		0	0.0"
advanced_defense
"Troy Hill	LAR	0	7	4	57.1%	39	9.8	5.6	0	72.9	10.9	36	3	1	0	1	0.0	1	4	0	0.0%
Jalen Ramsey	LAR	0	6	3	50.0%	69	23.0	11.5	0	91.7	20.3	61	8	0	0	0	0.0	0	4	0	0.0%
Nickell Robey-Coleman	LAR	0	3	3	100.0%	23	7.7	7.7	0	98.6	6.0	18	5	0	0	0	0.0	0	1	1	50.0%
Cory Littleton	LAR	1	3	2	66.7%	4	2.0	1.3	0	30.6	-2.0	-2	6	8	0	0	1.0	1	3	0	0.0%
Taylor Rapp	LAR	0	3	2	66.7%	17	8.5	5.7	0	81.2	4.0	16	1	5	0	0	0.0	0	6	0	0.0%
Troy Reeder	LAR	0	2	2	100.0%	15	7.5	7.5	1	137.5	7.0	14	1	0	0	0	0.0	0	5	0	0.0%
Ogbonnia Okoronkwo	LAR	0	1	1	100.0%	12	12.0	12.0	0	116.7	4.0	4	8	0	0	1	0.0	1	2	0	0.0%
Darious Williams	LAR	0	1	1	100.0%	15	15.0	15.0	0	118.7	13.0	13	2	0	0	0	0.0	0	0	0	
Marqui Christian	LAR	0	3	1	33.3%	3	3.0	1.0	0	42.4	0.0	0	3	3	0	0	0.0	0	5	0	0.0%
Travin Howard	LAR	0	1	1	100.0%	4	4.0	4.0	0	83.3	4.0	4	0	0	0	0	0.0	0	3	0	0.0%
Eric Weddle	LAR	0	1	1	100.0%	4	4.0	4.0	0	83.3	1.0	1	3	0	0	0	0.0	0	2	0	0.0%
David Long	LAR	0	1	1	100.0%	19	19.0	19.0	0	118.7	14.0	14	5	0	0	0	0.0	0	1	0	0.0%
Dante Fowler	LAR	0	0	0										1	3	1	3.0	7	7	1	12.5%
Aaron Donald	LAR	0	0	0										0	2	0	1.0	3	2	0	0.0%
Samson Ebukam	LAR	0	1	0	0.0%					39.6	0.0			5	0	1	0.0	1	2	0	0.0%
Michael Brockers	LAR	0	0	0										0	0	1	0.0	1	3	0	0.0%
Morgan Fox	LAR	0	0	0										0	0	1	0.0	1	0	0	
Natrez Patrick	LAR	0	0	0										1	0	0	0.0	0	1	0	0.0%
Player	Tm	Int	Tgt	Cmp	Cmp%	Yds	Yds/Cmp	Yds/Tgt	TD	Rat	DADOT	Air	YAC	Bltz	Hrry	QBKD	Sk	Prss	Comb	MTkl	MTkl%
Damontae Kazee	ATL	0	6	4	66.7%	30	7.5	5.0	0	78.5	3.3	1	29	3	0	0	0.0	0	8	1	11.1%
Isaiah Oliver	ATL	0	5	3	60.0%	41	13.7	8.2	1	125.8	16.4	24	17	0	0	0	0.0	0	4	0	0.0%
Jamal Carter	ATL	0	6	2	33.3%	42	21.0	7.0	0	59.0	13.5	23	19	1	0	0	0.0	0	3	0	0.0%
Ricardo Allen	ATL	0	4	2	50.0%	39	19.5	9.8	0	84.4	9.8	15	24	1	0	0	0.0	0	4	0	0.0%
Kendall Sheffield	ATL	0	3	2	66.7%	30	15.0	10.0	0	99.3	10.3	12	18	0	0	0	0.0	0	4	1	20.0%
Blidi Wreh-Wilson	ATL	0	3	2	66.7%	37	18.5	12.3	0	109.0	11.3	29	8	0	0	0	0.0	0	8	0	0.0%
De'Vondre Campbell	ATL	0	2	2	100.0%	13	6.5	6.5	0	93.7	3.0	6	7	9	0	0	0.0	0	6	0	0.0%
Deion Jones	ATL	0	4	2	50.0%	10	5.0	2.5	0	56.2	10.8	4	6	5	0	0	0.0	0	11	1	8.3%
Vic Beasley	ATL	0	2	2	100.0%	18	9.0	9.0	1	143.7	5.5	11	7	2	0	0	0.0	0	2	0	0.0%
Kemal Ishmael	ATL	0	2	1	50.0%	8	8.0	4.0	0	60.4	13.0	5	3	2	0	0	0.0	0	7	0	0.0%
Takkarist McKinley	ATL	0	0	0										0	0	2	0.0	2	1	1	50.0%
Grady Jarrett	ATL	0	0	0										0	0	1	0.0	1	4	1	20.0%
Allen Bailey	ATL	0	0	0										0	0	0	0.0	0	1	2	66.7%"
