advanced_rushing = document.querySelectorAll("#rushing_advanced > tbody")[0].innerText;
advanced_receiving = document.querySelectorAll("#receiving_advanced > tbody")[0].innerText;
advanced_defense = document.querySelectorAll("#defense_advanced > tbody")[0].innerText;
advanced_passing = document.querySelectorAll("#passing_advanced > tbody")[0].innerText;
"Ryan Fitzpatrick	MIA	23	35	282	13	37.1	335	9.6	186	8.1	5.3	96	4.2	2	5.9%	7	20.6%	0	11	2	5	3	8.7
Player	Tm	Cmp	Att	Yds	1D	1D%	IAY	IAY/PA	CAY	CAY/Cmp	CAY/PA	YAC	YAC/Cmp	Drops	Drop%	BadTh	Bad%	Sk	Bltz	Hrry	Hits	Scrm	Yds/Scr
Josh Allen	BUF	16	26	202	10	35.7	272	10.5	109	6.8	4.2	93	5.8	2	8.0%	6	24.0%	2	12	1	2	2	11.0"
advanced_rushing
"Mark Walton	MIA	14	66	2	15	1.1	51	3.6	1	14.0
Kenyan Drake	MIA	6	21	0	10	1.7	11	1.8	0	
Ryan Fitzpatrick	MIA	6	13	2	-1	-0.2	14	2.3	1	6.0
Kalen Ballage	MIA	3	7	3	1	0.3	6	2.0	0	
Matt Haack	MIA	1	2	1	2	2.0	0	0.0	0	
Player	Tm	Att	Yds	1D	YBC	YBC/Att	YAC	YAC/Att	BrkTkl	Att/Br
Frank Gore	BUF	11	55	3	26	2.4	29	2.6	0	
Devin Singletary	BUF	7	26		17	2.4	9	1.3	1	7.0
Josh Allen	BUF	4	32	2	13	3.3	19	4.8	1	4.0
Patrick DiMarco	BUF	1	4	0	1	1.0	3	3.0	0	"
advanced_receiving
"Preston Williams	MIA	8	6	82	3	68	11.3	14	2.3	0		0	0.0
DeVante Parker	MIA	10	5	55	4	33	6.6	22	4.4	0		1	10.0
Mike Gesicki	MIA	4	4	41	2	29	7.3	12	3.0	0		0	0.0
Kenyan Drake	MIA	4	3	37	1	4	1.3	33	11.0	0		1	25.0
Allen Hurns	MIA	3	3	53	2	43	14.3	10	3.3	0		0	0.0
Albert Wilson	MIA	2	1	22	1	17	17.0	5	5.0	0		0	0.0
Mark Walton	MIA	1	1	-8	0	-8	-8.0	0	0.0	0		0	0.0
Isaiah Ford	MIA	1	0	0		0		0		0		0	0.0
Durham Smythe	MIA	1	0	0		0		0		0		0	0.0
Player	Tm	Tgt	Rec	Yds	1D	YBC	YBC/R	YAC	YAC/R	BrkTkl	Rec/Br	Drop	Drop%
John Brown	BUF	6	5	83	3	73	14.6	10	2.0	0		0	0.0
Cole Beasley	BUF	6	3	16	2	9	3.0	7	2.3	0		0	0.0
Isaiah McKenzie	BUF	3	2	11	1	-5	-2.5	16	8.0	0		0	0.0
Dawson Knox	BUF	5	2	22	1	17	8.5	5	2.5	0		2	40.0
Lee Smith	BUF	1	1	9		2	2.0	7	7.0	0		0	0.0
Frank Gore	BUF	1	1	11	1	-4	-4.0	15	15.0	0		0	0.0
Duke Williams	BUF	1	1	23	1	18	18.0	5	5.0	0		0	0.0
Patrick DiMarco	BUF	1	1	27	1	-1	-1.0	28	28.0	0		0	0.0
Andre Roberts	BUF	1	0	0		0		0		0		0	0.0"
advanced_defense
"Ken Webster	MIA	0	5	3	60.0%	30	10.0	6.0	0	77.1	13.8	19	11	0	0	0	0.0	0	4	0	0.0%
Ryan Lewis	MIA	0	4	3	75.0%	53	17.7	13.3	1	156.2	19.3	45	8	0	0	0	0.0	0	2	0	0.0%
Nik Needham	MIA	0	2	2	100.0%	32	16.0	16.0	0	118.7	12.5	25	7	1	1	0	0.0	1	2	1	33.3%
Eric Rowe	MIA	0	4	2	50.0%	30	15.0	7.5	0	75.0	8.5	18	12	0	0	0	0.0	0	4	0	0.0%
Jerome Baker	MIA	0	2	1	50.0%	5	5.0	2.5	0	56.2	13.0	5	0	5	0	2	0.0	2	4	0	0.0%
Vince Biegel	MIA	0	1	1	100.0%	2	2.0	2.0	0	79.2	-3.0	-3	5	3	0	0	1.0	1	5	2	28.6%
Taco Charlton	MIA	0	1	1	100.0%	11	11.0	11.0	0	112.5	-4.0	-4	15	0	0	0	1.0	1	4	0	0.0%
Jomal Wiltz	MIA	0	3	1	33.3%	3	3.0	1.0	1	81.9	11.7	3	0	1	0	0	0.0	0	2	0	0.0%
Raekwon McMillan	MIA	0	1	1	100.0%	27	27.0	27.0	0	118.7	-1.0	-1	28	1	0	0	0.0	0	6	2	25.0%
Davon Godchaux	MIA	0	1	1	100.0%	9	9.0	9.0	0	104.2	2.0	2	7	0	0	0	0.0	0	3	1	25.0%
Charles Harris	MIA	0	0	0										0	0	0	0.0	0	2	1	33.3%
Bobby McCain	MIA	0	1	0	0.0%					39.6	6.0			4	0	0	0.0	0	1	1	50.0%
Samuel Eguavoen	MIA	0	0	0										1	0	0	0.0	0	2	0	0.0%
Trent Harris	MIA	0	0	0										4	0	0	0.0	0	3	1	25.0%
Player	Tm	Int	Tgt	Cmp	Cmp%	Yds	Yds/Cmp	Yds/Tgt	TD	Rat	DADOT	Air	YAC	Bltz	Hrry	QBKD	Sk	Prss	Comb	MTkl	MTkl%
Levi Wallace	BUF	0	9	7	77.8%	102	14.6	11.3	0	113.9	15.0	88	14	0	0	0	0.0	0	7	0	0.0%
Maurice Alexander	BUF	0	5	4	80.0%	49	12.3	9.8	0	107.5	4.0	20	29	1	0	0	0.0	0	7	0	0.0%
Lorenzo Alexander	BUF	0	3	3	100.0%	29	9.7	9.7	0	106.9	4.3	13	16	4	1	1	0.0	2	10	1	9.1%
Tremaine Edmunds	BUF	0	2	2	100.0%	1	0.5	0.5	0	79.2	-1.5	-3	4	2	0	1	0.0	1	8	2	20.0%
Taron Johnson	BUF	0	3	2	66.7%	35	17.5	11.7	0	106.2	10.7	25	10	2	0	0	0.0	0	2	1	33.3%
Micah Hyde	BUF	0	2	2	100.0%	39	19.5	19.5	0	118.7	16.0	32	7	1	0	0	0.0	0	5	1	16.7%
Jordan Poyer	BUF	0	2	1	50.0%	12	12.0	6.0	1	108.3	9.5	1	11	2	0	0	0.0	0	9	0	0.0%
Kevin Johnson	BUF	0	1	1	100.0%	10	10.0	10.0	0	108.3	5.0	5	5	0	0	0	0.0	0	2	0	0.0%
Tre'Davious White	BUF	1	7	1	14.3%	5	5.0	0.7	0	0.0	11.7	5	0	0	0	0	0.0	0	5	0	0.0%
Jerry Hughes	BUF	0	0	0										0	1	1	0.0	2	0	1	100.0%
Shaq Lawson	BUF	0	0	0										0	0	1	0.0	1	2	1	33.3%
Ed Oliver	BUF	0	0	0										0	0	0	1.0	1	2	1	33.3%
Trent Murphy	BUF	0	0	0										0	0	1	0.0	1	5	0	0.0%
Jordan Phillips	BUF	0	0	0										0	0	0	0.0	0	2	2	50.0%"
