advanced_rushing = document.querySelectorAll("#rushing_advanced > tbody")[0].innerText;
advanced_receiving = document.querySelectorAll("#receiving_advanced > tbody")[0].innerText;
advanced_defense = document.querySelectorAll("#defense_advanced > tbody")[0].innerText;
advanced_passing = document.querySelectorAll("#passing_advanced > tbody")[0].innerText;
"Kirk Cousins	MIN	24	34	338	19	55.9	379	11.1	224	9.3	6.6	114	4.8	2	6.1%	7	21.2%	0	8	1	3	0	
Player	Tm	Cmp	Att	Yds	1D	1D%	IAY	IAY/PA	CAY	CAY/Cmp	CAY/PA	YAC	YAC/Cmp	Drops	Drop%	BadTh	Bad%	Sk	Bltz	Hrry	Hits	Scrm	Yds/Scr
Matthew Stafford	DET	30	45	364	21	44.7	386	8.6	224	7.5	5.0	140	4.7	1	2.2%	8	17.8%	2	12	2	2	0	"
advanced_rushing
"Dalvin Cook	MIN	25	142	9	55	2.2	87	3.5	1	25.0
Alexander Mattison	MIN	7	18		9	1.3	9	1.3	0	
Kirk Cousins	MIN	4	-3	0	-3	-0.8	0	0.0	0	
C.J. Ham	MIN	1	9	1	2	2.0	7	7.0	0	
Player	Tm	Att	Yds	1D	YBC	YBC/Att	YAC	YAC/Att	BrkTkl	Att/Br
Ty Johnson	DET	10	29	0	7	0.7	22	2.2	0	
Kerryon Johnson	DET	5	23		12	2.4	11	2.2	0	
J.D. McKissic	DET	5	29	1	25	5.0	4	0.8	0	"
advanced_receiving
"Stefon Diggs	MIN	8	7	143	6	93	13.3	50	7.1	0		1	12.5
Kyle Rudolph	MIN	6	5	58	4	34	6.8	24	4.8	0		0	0.0
Irv Smith	MIN	6	5	60	3	40	8.0	20	4.0	0		0	0.0
Olabisi Johnson	MIN	8	4	40	3	34	8.5	6	1.5	0		0	0.0
Dalvin Cook	MIN	2	1	7	1	-5	-5.0	12	12.0	0		1	50.0
C.J. Ham	MIN	1	1	5	1	3	3.0	2	2.0	0		0	0.0
Adam Thielen	MIN	2	1	25	1	25	25.0	0	0.0	0		0	0.0
Player	Tm	Tgt	Rec	Yds	1D	YBC	YBC/R	YAC	YAC/R	BrkTkl	Rec/Br	Drop	Drop%
Marvin Jones	DET	13	10	93	7	59	5.9	34	3.4	0		1	7.7
Danny Amendola	DET	11	8	105	6	65	8.1	40	5.0	0		0	0.0
Ty Johnson	DET	4	4	28	2	17	4.3	11	2.8	0		0	0.0
T.J. Hockenson	DET	5	3	32	2	19	6.3	13	4.3	0		0	0.0
J.D. McKissic	DET	3	2	31	1	8	4.0	23	11.5	0		0	0.0
Kenny Golladay	DET	2	1	21	1	17	17.0	4	4.0	0		0	0.0
Marvin Hall	DET	2	1	47	1	44	44.0	3	3.0	0		0	0.0
Jesse James	DET	4	1	7	1	-5	-5.0	12	12.0	0		0	0.0
Kerryon Johnson	DET	1	0	0		0		0		0		0	0.0"
advanced_defense
"Mackensie Alexander	MIN	0	9	6	66.7%	62	10.3	6.9	0	86.3	10.3	50	12	2	0	1	0.0	1	4	0	0.0%
Trae Waynes	MIN	1	8	6	75.0%	64	10.7	8.0	1	97.9	9.3	28	36	0	0	0	0.0	0	4	1	20.0%
Eric Kendricks	MIN	0	7	4	57.1%	42	10.5	6.0	0	74.7	6.3	31	11	7	1	0	0.0	1	12	0	0.0%
Mike Hughes	MIN	0	3	3	100.0%	41	13.7	13.7	1	158.3	11.3	34	7	0	0	0	0.0	0	1	1	50.0%
Anthony Harris	MIN	0	3	3	100.0%	57	19.0	19.0	0	118.7	20.7	51	6	2	0	0	0.0	0	7	0	0.0%
Anthony Barr	MIN	0	5	3	60.0%	39	13.0	7.8	0	84.6	3.2	14	25	8	0	0	0.0	0	7	0	0.0%
Harrison Smith	MIN	0	3	3	100.0%	18	6.0	6.0	0	91.7	0.3	1	17	2	0	0	0.0	0	8	0	0.0%
Xavier Rhodes	MIN	0	3	2	66.7%	5	2.5	1.7	2	109.7	14.7	5	0	0	0	0	0.0	0	2	0	0.0%
Danielle Hunter	MIN	0	1	0	0.0%					39.6	3.0			0	1	1	1.0	3	3	0	0.0%
Everson Griffen	MIN	0	0	0										0	0	0	1.0	1	2	0	0.0%
Shamar Stephen	MIN	0	1	0	0.0%					39.6	-1.0			0	0	0	0.0	0	1	0	0.0%
Eric Wilson	MIN	0	1	0	0.0%					39.6	6.0			0	0	0	0.0	0	1	0	0.0%
Player	Tm	Int	Tgt	Cmp	Cmp%	Yds	Yds/Cmp	Yds/Tgt	TD	Rat	DADOT	Air	YAC	Bltz	Hrry	QBKD	Sk	Prss	Comb	MTkl	MTkl%
Justin Coleman	DET	0	8	6	75.0%	100	16.7	12.5	1	156.2	12.9	57	43	0	0	0	0.0	0	5	0	0.0%
Rashaan Melvin	DET	0	7	6	85.7%	89	14.8	12.7	0	118.7	11.4	59	30	0	0	0	0.0	0	7	0	0.0%
Tracy Walker	DET	0	4	4	100.0%	38	9.5	9.5	2	145.8	4.5	18	20	0	0	0	0.0	0	7	2	22.2%
Jarrad Davis	DET	0	3	3	100.0%	39	13.0	13.0	0	118.7	10.0	30	9	2	1	0	0.0	1	3	0	0.0%
Christian Jones	DET	0	2	2	100.0%	14	7.0	7.0	0	95.8	3.5	7	7	6	0	0	0.0	0	5	0	0.0%
Darius Slay	DET	0	4	2	50.0%	52	26.0	13.0	1	135.4	13.0	52	0	0	0	0	0.0	0	3	0	0.0%
Tavon Wilson	DET	0	1	1	100.0%	6	6.0	6.0	0	91.7	1.0	1	5	0	0	0	0.0	0	2	0	0.0%
Romeo Okwara	DET	0	0	0										0	0	2	0.0	2	1	0	0.0%
Devon Kennard	DET	0	0	0										7	0	1	0.0	1	4	1	20.0%
Quandre Diggs	DET	0	1	0	0.0%					39.6	30.0			1	0	0	0.0	0	4	0	0.0%
Will Harris	DET	0	2	0	0.0%					39.6	12.0			0	0	0	0.0	0	1	0	0.0%
John Atkins	DET	0	0	0										0	0	0	0.0	0	1	1	50.0%"
