advanced_rushing = document.querySelectorAll("#rushing_advanced > tbody")[0].innerText;
advanced_receiving = document.querySelectorAll("#receiving_advanced > tbody")[0].innerText;
advanced_defense = document.querySelectorAll("#defense_advanced > tbody")[0].innerText;
advanced_passing = document.querySelectorAll("#passing_advanced > tbody")[0].innerText;
"Derek Carr	OAK	22	28	293	14	50.0	270	9.6	176	8.0	6.3	117	5.3	0	0.0%	4	14.3%	0	8	2	0	1	1.0
Mike Glennon	OAK	2	3	36	2	66.7	48	16.0	28	14.0	9.3	8	4.0	0	0.0%	1	33.3%	0	0	0	0	0	
Player	Tm	Cmp	Att	Yds	1D	1D%	IAY	IAY/PA	CAY	CAY/Cmp	CAY/PA	YAC	YAC/Cmp	Drops	Drop%	BadTh	Bad%	Sk	Bltz	Hrry	Hits	Scrm	Yds/Scr
Aaron Rodgers	GNB	25	31	429	15	46.9	268	8.6	206	8.2	6.6	223	8.9	1	3.4%	3	10.3%	1	10	4	2	2	3.0"
advanced_rushing
"Josh Jacobs	OAK	21	124	5	37	1.8	87	4.1	2	10.5
DeAndre Washington	OAK	6	29	0	19	3.2	10	1.7	0	
Derek Carr	OAK	2	0	0	0	0.0	0	0.0	0	
Jalen Richard	OAK	2	2		0	0.0	2	1.0	0	
Player	Tm	Att	Yds	1D	YBC	YBC/Att	YAC	YAC/Att	BrkTkl	Att/Br
Aaron Jones	GNB	12	50	4	22	1.8	28	2.3	1	12.0
Tim Boyle	GNB	3	-3		-3	-1.0	0	0.0	0	
Dexter Williams	GNB	3	2		2	0.7	0	0.0	0	
Jamaal Williams	GNB	3	5	0	2	0.7	3	1.0	0	
Aaron Rodgers	GNB	2	6	1	6	3.0	0	0.0	0	"
advanced_receiving
"Darren Waller	OAK	8	7	126	7	78	11.1	48	6.9	0		0	0.0
Keelan Doss	OAK	5	3	54	2	40	13.3	14	4.7	0		0	0.0
Josh Jacobs	OAK	3	3	10	0	-7	-2.3	17	5.7	0		0	0.0
Derek Carrier	OAK	4	2	22		17	8.5	5	2.5	0		0	0.0
Trevor Davis	OAK	2	2	26	1	11	5.5	15	7.5	1	2.0	0	0.0
Foster Moreau	OAK	3	2	24	2	6	3.0	18	9.0	0		0	0.0
Hunter Renfrow	OAK	3	2	14	2	13	6.5	1	0.5	0		0	0.0
Marcell Ateman	OAK	1	1	36	1	36	36.0	0	0.0	0		0	0.0
DeAndre Washington	OAK	1	1	12	1	6	6.0	6	6.0	0		0	0.0
Jalen Richard	OAK	1	1	5		4	4.0	1	1.0	0		0	0.0
Player	Tm	Tgt	Rec	Yds	1D	YBC	YBC/R	YAC	YAC/R	BrkTkl	Rec/Br	Drop	Drop%
Jamaal Williams	GNB	5	4	26	1	-2	-0.5	28	7.0	1	4.0	0	0.0
Geronimo Allison	GNB	5	4	33	2	22	5.5	11	2.8	0		0	0.0
Aaron Jones	GNB	4	4	33	1	16	4.0	17	4.3	0		0	0.0
Jimmy Graham	GNB	4	4	65	4	29	7.3	36	9.0	0		0	0.0
Allen Lazard	GNB	4	3	42	1	40	13.3	2	0.7	0		1	25.0
Marquez Valdes-Scantling	GNB	3	2	133	2	45	22.5	88	44.0	0		0	0.0
Danny Vitale	GNB	2	2	43	2	12	6.0	31	15.5	0		0	0.0
Jake Kumerow	GNB	2	2	54	2	44	22.0	10	5.0	0		0	0.0"
advanced_defense
"Lamarcus Joyner	OAK	0	4	4	100.0%	51	12.8	12.8	0	118.7	2.8	11	40	2	0	0	0.0	0	2	1	33.3%
Daryl Worley	OAK	0	5	4	80.0%	58	14.5	11.6	1	154.6	13.2	45	13	0	0	0	0.0	0	7	0	0.0%
Erik Harris	OAK	0	5	4	80.0%	73	18.3	14.6	1	158.3	15.8	63	10	0	0	0	0.0	0	3	0	0.0%
Karl Joseph	OAK	0	4	3	75.0%	74	24.7	18.5	0	116.7	12.5	47	27	2	0	1	0.0	1	3	1	25.0%
Gareon Conley	OAK	0	4	3	75.0%	150	50.0	37.5	1	156.2	17.3	59	91	0	0	0	0.0	0	6	2	25.0%
Tahir Whitehead	OAK	0	3	3	100.0%	10	3.3	3.3	1	120.1	0.0	0	10	4	0	0	0.0	0	8	0	0.0%
Nicholas Morrow	OAK	0	2	2	100.0%	25	12.5	12.5	1	158.3	10.0	20	5	4	0	1	0.0	1	7	0	0.0%
Justin Phillips	OAK	0	2	2	100.0%	26	13.0	13.0	0	118.7	2.5	5	21	1	0	0	0.0	0	4	0	0.0%
Johnathan Hankins	OAK	0	0	0										0	3	0	0.0	3	4	1	20.0%
Maxx Crosby	OAK	0	0	0										0	1	0	1.0	2	1	0	0.0%
Josh Mauro	OAK	0	1	0	0.0%					39.6				0	0	0	0.0	0	1	0	0.0%
Player	Tm	Int	Tgt	Cmp	Cmp%	Yds	Yds/Cmp	Yds/Tgt	TD	Rat	DADOT	Air	YAC	Bltz	Hrry	QBKD	Sk	Prss	Comb	MTkl	MTkl%
Blake Martinez	GNB	0	8	8	100.0%	59	7.4	7.4	0	97.4	3.3	26	33	2	0	0	0.0	0	16	2	11.1%
Jaire Alexander	GNB	0	5	4	80.0%	67	16.8	13.4	1	158.3	12.2	40	27	0	0	0	0.0	0	2	0	0.0%
Adrian Amos	GNB	0	6	3	50.0%	70	23.3	11.7	0	92.4	13.5	32	38	2	0	0	0.0	0	8	0	0.0%
B.J. Goodson	GNB	0	2	2	100.0%	19	9.5	9.5	1	145.8	6.5	13	6	0	0	0	0.0	0	5	0	0.0%
Josh Jackson	GNB	0	2	2	100.0%	36	18.0	18.0	1	158.3	14.0	28	8	0	0	0	0.0	0	1	1	50.0%
Will Redmond	GNB	0	2	2	100.0%	33	16.5	16.5	0	118.7	14.5	29	4	2	0	0	0.0	0	7	1	12.5%
Kevin King	GNB	1	3	2	66.7%	41	20.5	13.7	0	70.1	18.3	40	1	0	0	0	0.0	0	4	1	20.0%
Kyler Fackrell	GNB	0	1	1	100.0%	4	4.0	4.0	0	83.3	-4.0	-4	8	4	0	0	0.0	0	2	0	0.0%
Kenny Clark	GNB	0	0	0										0	1	0	0.0	1	5	1	16.7%
Preston Smith	GNB	0	0	0										2	1	0	0.0	1	1	0	0.0%
Za'Darius Smith	GNB	0	0	0										2	0	0	0.0	0	2	0	0.0%
Chandon Sullivan	GNB	0	0	0										1	0	0	0.0	0	2	0	0.0%
Rashan Gary	GNB	0	0	0										0	0	0	0.0	0	2	1	33.3%
Oren Burks	GNB	0	1	0	0.0%					39.6	3.0			0	0	0	0.0	0	2	0	0.0%"
