advanced_rushing = document.querySelectorAll("#rushing_advanced > tbody")[0].innerText;
advanced_receiving = document.querySelectorAll("#receiving_advanced > tbody")[0].innerText;
advanced_defense = document.querySelectorAll("#defense_advanced > tbody")[0].innerText;
advanced_passing = document.querySelectorAll("#passing_advanced > tbody")[0].innerText;
"Tom Brady	NWE	31	45	249	12	26.7	223	5.0	126	4.1	2.8	123	4.0	3	7.1%	5	11.9%	0	23	5	3	0	
Player	Tm	Cmp	Att	Yds	1D	1D%	IAY	IAY/PA	CAY	CAY/Cmp	CAY/PA	YAC	YAC/Cmp	Drops	Drop%	BadTh	Bad%	Sk	Bltz	Hrry	Hits	Scrm	Yds/Scr
Sam Darnold	NYJ	11	32	86	4	12.1	398	12.4	67	6.1	2.1	19	1.7	2	6.5%	15	48.4%	1	16	7	1	0	"
advanced_rushing
"Sony Michel	NWE	19	42	7	28	1.5	14	0.7	0	
James White	NWE	5	0	0	0	0.0	0	0.0	0	
Damien Harris	NWE	4	12		8	2.0	4	1.0	0	
Julian Edelman	NWE	3	20	1	20	6.7	0	0.0	0	
Jarrett Stidham	NWE	2	-2		-2	-1.0	0	0.0	0	
Brandon Bolden	NWE	1	2	0	2	2.0	0	0.0	0	
Player	Tm	Att	Yds	1D	YBC	YBC/Att	YAC	YAC/Att	BrkTkl	Att/Br
Le'Veon Bell	NYJ	15	70	3	34	2.3	36	2.4	1	15.0
Sam Darnold	NYJ	2	-1	0	-1	-0.5	0	0.0	0	
Ty Montgomery	NYJ	2	9		3	1.5	6	3.0	0	
Bilal Powell	NYJ	1	3	1	0	0.0	3	3.0	0	"
advanced_receiving
"James White	NWE	8	7	59	2	6	0.9	53	7.6	0		0	0.0
Julian Edelman	NWE	12	7	47	2	22	3.1	25	3.6	0		1	8.3
Jakobi Meyers	NWE	5	5	47	2	34	6.8	13	2.6	0		0	0.0
Brandon Bolden	NWE	4	4	39	2	21	5.3	18	4.5	0		0	0.0
Phillip Dorsett	NWE	4	3	46	2	42	14.0	4	1.3	0		0	0.0
Ben Watson	NWE	5	3	18	2	9	3.0	9	3.0	0		1	20.0
Sony Michel	NWE	2	1	-8	0	-8	-8.0	0	0.0	0		1	50.0
Eric Tomlinson	NWE	1	1	1		0	0.0	1	1.0	0		0	0.0
Gunner Olszewski	NWE	1	0	0		0		0		0		0	0.0
Player	Tm	Tgt	Rec	Yds	1D	YBC	YBC/R	YAC	YAC/R	BrkTkl	Rec/Br	Drop	Drop%
Jamison Crowder	NYJ	5	4	26	1	19	4.8	7	1.8	0		0	0.0
Demaryius Thomas	NYJ	9	3	42	2	32	10.7	10	3.3	0		2	22.2
Braxton Berrios	NYJ	1	1	1		0	0.0	1	1.0	0		0	0.0
Ryan Griffin	NYJ	2	1	1		0	0.0	1	1.0	0		0	0.0
Robby Anderson	NYJ	8	1	10	1	12	12.0	-2	-2.0	0		0	0.0
Le'Veon Bell	NYJ	4	1	6	0	4	4.0	2	2.0	1	1.0	0	0.0
Ty Montgomery	NYJ	1	0	0		0		0		0		0	0.0
Vyncint Smith	NYJ	1	0	0		0		0		0		0	0.0"
advanced_defense
"Jason McCourty	NWE	0	6	4	66.7%	32	8.0	5.3	0	79.9	8.5	22	10	1	0	0	0.0	0	4	0	0.0%
Jonathan Jones	NWE	0	4	3	75.0%	17	5.7	4.3	0	82.3	7.8	12	5	0	0	0	0.0	0	5	0	0.0%
Devin McCourty	NWE	1	3	1	33.3%	1	1.0	0.3	0	2.8	8.3	0	1	3	1	0	0.0	1	3	0	0.0%
Joejuan Williams	NWE	0	2	1	50.0%	20	20.0	10.0	0	85.4	17.5	17	3	0	0	0	0.0	0	1	0	0.0%
Duron Harmon	NWE	1	2	1	50.0%	6	6.0	3.0	0	16.7	11.0	4	2	5	0	0	0.0	0	0	1	100.0%
Stephon Gilmore	NWE	1	5	1	20.0%	10	10.0	2.0	0	0.0	22.0	12	-2	0	0	0	0.0	0	0	0	
Deatrich Wise	NWE	0	0	0										0	2	0	0.0	2	2	0	0.0%
Jamie Collins	NWE	0	0	0										2	1	0	0.0	1	1	0	0.0%
Terrence Brooks	NWE	1	2	0	0.0%					0.0	2.0			6	0	1	0.0	1	1	0	0.0%
Chase Winovich	NWE	0	0	0										0	1	0	0.0	1	1	0	0.0%
John Simon	NWE	0	1	0	0.0%					39.6	22.0			0	0	0	1.0	1	3	0	0.0%
Kyle Van Noy	NWE	0	1	0	0.0%					39.6	19.0			4	1	0	0.0	1	5	0	0.0%
Ja'Whaun Bentley	NWE	0	0	0										2	1	0	0.0	1	1	0	0.0%
Elandon Roberts	NWE	0	0	0										2	0	0	0.0	0	1	0	0.0%
Lawrence Guy	NWE	0	0	0										0	0	0	0.0	0	4	1	20.0%
Dont'a Hightower	NWE	0	1	0	0.0%					39.6	0.0			4	0	0	0.0	0	1	0	0.0%
Player	Tm	Int	Tgt	Cmp	Cmp%	Yds	Yds/Cmp	Yds/Tgt	TD	Rat	DADOT	Air	YAC	Bltz	Hrry	QBKD	Sk	Prss	Comb	MTkl	MTkl%
Brian Poole	NYJ	0	12	7	58.3%	60	8.6	5.0	0	71.5	3.8	5	55	1	0	0	0.0	0	6	0	0.0%
Blake Cashman	NYJ	0	5	5	100.0%	40	8.0	8.0	0	100.0	5.0	25	15	9	1	1	0.0	2	8	0	0.0%
Darryl Roberts	NYJ	0	5	5	100.0%	61	12.2	12.2	0	117.5	10.8	54	7	1	1	0	0.0	1	8	0	0.0%
Trumaine Johnson	NYJ	1	7	4	57.1%	48	12.0	6.9	1	78.3	11.7	38	10	1	0	0	0.0	0	4	0	0.0%
Tarell Basham	NYJ	0	3	3	100.0%	20	6.7	6.7	0	94.4	0.7	2	18	0	0	0	0.0	0	3	0	0.0%
Jamal Adams	NYJ	0	3	2	66.7%	11	5.5	3.7	0	72.9	4.7	4	7	5	0	0	0.0	0	5	0	0.0%
C.J. Mosley	NYJ	0	3	2	66.7%	11	5.5	3.7	0	72.9	3.0	5	6	10	0	0	0.0	0	3	0	0.0%
Jordan Jenkins	NYJ	0	1	1	100.0%	-8	-8.0	-8.0	0	79.2	-8.0	-8	0	1	0	1	0.0	1	3	0	0.0%
Brandon Copeland	NYJ	0	1	1	100.0%	1	1.0	1.0	0	79.2	0.0	0	1	2	0	0	0.0	0	6	0	0.0%
Leonard Williams	NYJ	0	0	0										0	0	1	0.0	1	3	0	0.0%
Quinnen Williams	NYJ	0	0	0										0	1	0	0.0	1	2	0	0.0%
Harvey Langi	NYJ	0	0	0										1	0	0	0.0	0	1	0	0.0%
Marcus Maye	NYJ	0	1	0	0.0%					39.6	-1.0			0	0	0	0.0	0	3	0	0.0%"
