advanced_rushing = document.querySelectorAll("#rushing_advanced > tbody")[0].innerText;
advanced_receiving = document.querySelectorAll("#receiving_advanced > tbody")[0].innerText;
advanced_defense = document.querySelectorAll("#defense_advanced > tbody")[0].innerText;
advanced_passing = document.querySelectorAll("#passing_advanced > tbody")[0].innerText;
"Lamar Jackson	BAL	9	20	143	5	23.8	201	10.1	106	11.8	5.3	37	4.1	3	15.0%	3	15.0%	1	4	4	0	5	17.2
Player	Tm	Cmp	Att	Yds	1D	1D%	IAY	IAY/PA	CAY	CAY/Cmp	CAY/PA	YAC	YAC/Cmp	Drops	Drop%	BadTh	Bad%	Sk	Bltz	Hrry	Hits	Scrm	Yds/Scr
Russell Wilson	SEA	20	41	241	10	23.8	459	11.2	177	8.9	4.3	64	3.2	3	7.9%	13	34.2%	1	17	6	7	2	10.0"
advanced_rushing
"Lamar Jackson	BAL	14	116	6	93	6.6	23	1.6	0	
Mark Ingram	BAL	12	46	1	28	2.3	18	1.5	0	
Gus Edwards	BAL	8	35	2	21	2.6	14	1.8	0	
Willie Snead	BAL	1	2		2	2.0	0	0.0	0	
Player	Tm	Att	Yds	1D	YBC	YBC/Att	YAC	YAC/Att	BrkTkl	Att/Br
Chris Carson	SEA	21	65	5	33	1.6	32	1.5	1	21.0
Russell Wilson	SEA	3	27	2	27	9.0	0	0.0	0	
Tyler Lockett	SEA	1	-3	0	-3	-3.0	0	0.0	0	
C.J. Prosise	SEA	1	17	1	17	17.0	0	0.0	0	"
advanced_receiving
"Mark Andrews	BAL	8	2	39	1	36	18.0	3	1.5	0		3	37.5
Miles Boykin	BAL	2	2	55	1	55	27.5	0	0.0	0		0	0.0
Nick Boyle	BAL	1	1	20	1	-2	-2.0	22	22.0	0		0	0.0
Hayden Hurst	BAL	2	1	10	1	10	10.0	0	0.0	0		0	0.0
Mark Ingram	BAL	1	1	7	0	-1	-1.0	8	8.0	0		0	0.0
Chris Moore	BAL	1	1	3		-1	-1.0	4	4.0	0		0	0.0
Seth Roberts	BAL	4	1	9	1	9	9.0	0	0.0	0		0	0.0
Willie Snead	BAL	1	0	0		0		0		0		0	0.0
Player	Tm	Tgt	Rec	Yds	1D	YBC	YBC/R	YAC	YAC/R	BrkTkl	Rec/Br	Drop	Drop%
Tyler Lockett	SEA	7	5	61	3	53	10.6	8	1.6	0		0	0.0
D.K. Metcalf	SEA	9	4	53	2	45	11.3	8	2.0	0		1	11.1
Jaron Brown	SEA	6	3	60	3	54	18.0	6	2.0	0		1	16.7
Chris Carson	SEA	5	3	9	0	-4	-1.3	13	4.3	0		0	0.0
Jacob Hollister	SEA	6	3	20		13	4.3	7	2.3	0		0	0.0
David Moore	SEA	3	1	14	1	6	6.0	8	8.0	1	1.0	1	33.3
Malik Turner	SEA	1	1	24	1	10	10.0	14	14.0	0		0	0.0
Luke Willson	SEA	1	0	0		0		0		0		0	0.0"
advanced_defense
"Marlon Humphrey	BAL	0	7	5	71.4%	100	20.0	14.3	1	153.3	17.0	93	7	1	0	0	0.0	0	5	0	0.0%
Brandon Carr	BAL	0	9	4	44.4%	30	7.5	3.3	0	53.0	10.3	17	13	0	0	0	0.0	0	6	2	25.0%
L.J. Fort	BAL	0	5	3	60.0%	8	2.7	1.6	0	64.6	3.2	-3	11	8	1	0	1.0	2	6	1	14.3%
Josh Bynes	BAL	0	3	3	100.0%	43	14.3	14.3	0	118.7	5.3	16	27	6	1	0	0.0	1	8	1	11.1%
Chuck Clark	BAL	0	4	2	50.0%	11	5.5	2.8	0	56.2	15.8	12	-1	7	0	0	0.0	0	7	1	12.5%
Anthony Averett	BAL	0	4	2	50.0%	41	20.5	10.3	0	86.5	16.3	37	4	0	0	0	0.0	0	2	0	0.0%
Earl Thomas	BAL	0	3	1	33.3%	8	8.0	2.7	0	42.4	17.0	5	3	3	1	0	0.0	1	5	0	0.0%
Matt Judon	BAL	0	0	0										12	2	1	0.0	3	1	0	0.0%
Brandon Williams	BAL	0	0	0										0	0	2	0.0	2	4	0	0.0%
Pernell McPhee	BAL	0	0	0										0	0	1	0.0	1	1	0	0.0%
Chris Wormley	BAL	0	0	0										0	0	1	0.0	1	2	0	0.0%
Jaylon Ferguson	BAL	0	0	0										6	0	1	0.0	1	3	0	0.0%
Jihad Ward	BAL	0	0	0										3	0	1	0.0	1	1	0	0.0%
Tyus Bowser	BAL	0	1	0	0.0%					39.6	0.0			3	1	0	0.0	1	3	0	0.0%
Anthony Levine	BAL	0	0	0										1	0	0	0.0	0	0	0	
Michael Pierce	BAL	0	0	0										1	0	0	0.0	0	2	0	0.0%
Marcus Peters	BAL	1	3	0	0.0%					0.0	8.3			0	0	0	0.0	0	1	0	0.0%
Player	Tm	Int	Tgt	Cmp	Cmp%	Yds	Yds/Cmp	Yds/Tgt	TD	Rat	DADOT	Air	YAC	Bltz	Hrry	QBKD	Sk	Prss	Comb	MTkl	MTkl%
K.J. Wright	SEA	0	6	3	50.0%	59	19.7	9.8	0	84.7	12.0	34	25	1	0	0	0.0	0	8	0	0.0%
Tre Flowers	SEA	0	5	2	40.0%	14	7.0	2.8	0	47.9	8.8	14	0	0	0	0	0.0	0	5	0	0.0%
Tedric Thompson	SEA	0	2	1	50.0%	50	50.0	25.0	0	95.8	32.0	50	0	0	0	0	0.0	0	2	0	0.0%
Bobby Wagner	SEA	0	2	1	50.0%	7	7.0	3.5	0	58.3	4.0	-1	8	2	0	0	0.0	0	13	0	0.0%
Mychal Kendricks	SEA	0	1	1	100.0%	3	3.0	3.0	0	79.2	-1.0	-1	4	2	0	0	0.0	0	5	1	16.7%
Shaquill Griffin	SEA	0	1	1	100.0%	10	10.0	10.0	0	108.3	10.0	10	0	0	0	0	0.0	0	4	0	0.0%
Jadeveon Clowney	SEA	0	0	0										1	3	0	0.0	3	3	0	0.0%
Quinton Jefferson	SEA	0	0	0										0	1	0	0.0	1	1	0	0.0%
Branden Jackson	SEA	0	1	0	0.0%					39.6	0.0			0	0	0	1.0	1	1	0	0.0%
Marquise Blair	SEA	0	3	0	0.0%					39.6	6.0			0	0	0	0.0	0	6	0	0.0%"
