advanced_rushing = document.querySelectorAll("#rushing_advanced > tbody")[0].innerText;
advanced_receiving = document.querySelectorAll("#receiving_advanced > tbody")[0].innerText;
advanced_defense = document.querySelectorAll("#defense_advanced > tbody")[0].innerText;
advanced_passing = document.querySelectorAll("#passing_advanced > tbody")[0].innerText;
"Jimmy Garoppolo	SFO	12	21	151	8	34.8	187	8.9	84	7.0	4.0	67	5.6	0	0.0%	3	15.0%	2	7	1	0	2	9.0
Player	Tm	Cmp	Att	Yds	1D	1D%	IAY	IAY/PA	CAY	CAY/Cmp	CAY/PA	YAC	YAC/Cmp	Drops	Drop%	BadTh	Bad%	Sk	Bltz	Hrry	Hits	Scrm	Yds/Scr
Case Keenum	WAS	9	12	77	4	26.7	49	4.1	36	4.0	3.0	41	4.6	2	16.7%	1	8.3%	3	4	0	0	0	"
advanced_rushing
"Tevin Coleman	SFO	20	62	2	41	2.1	21	1.1	1	20.0
Matt Breida	SFO	8	35	2	21	2.6	14	1.8	0	
Jeff Wilson	SFO	5	20	1	10	2.0	10	2.0	0	
Jimmy Garoppolo	SFO	4	20	2	8	2.0	12	3.0	1	4.0
George Kittle	SFO	2	0	0	-1	-0.5	1	0.5	0	
Player	Tm	Att	Yds	1D	YBC	YBC/Att	YAC	YAC/Att	BrkTkl	Att/Br
Adrian Peterson	WAS	20	81	4	46	2.3	35	1.8	0	
Wendell Smallwood	WAS	5	23	1	18	3.6	5	1.0	0	
Steven Sims	WAS	1	0		0	0.0	0	0.0	0	"
advanced_receiving
"Kendrick Bourne	SFO	4	3	69	3	50	16.7	19	6.3	0		0	0.0
George Kittle	SFO	5	3	38	3	33	11.0	5	1.7	0		0	0.0
Tevin Coleman	SFO	2	2	-1	0	-8	-4.0	7	3.5	0		0	0.0
Matt Breida	SFO	1	1	1	0	-4	-4.0	5	5.0	0		0	0.0
Ross Dwelley	SFO	3	1	2	1	1	1.0	1	1.0	0		0	0.0
Richie James	SFO	1	1	40	1	11	11.0	29	29.0	0		0	0.0
Levine Toilolo	SFO	1	1	2		1	1.0	1	1.0	0		0	0.0
Marquise Goodwin	SFO	1	0	0		0		0		0		0	0.0
Dante Pettis	SFO	2	0	0		0		0		0		0	0.0
Player	Tm	Tgt	Rec	Yds	1D	YBC	YBC/R	YAC	YAC/R	BrkTkl	Rec/Br	Drop	Drop%
Steven Sims	WAS	3	3	5		-8	-2.7	13	4.3	0		0	0.0
Trey Quinn	WAS	3	2	30	1	28	14.0	2	1.0	0		0	0.0
Jeremy Sprinkle	WAS	2	2	13	1	11	5.5	2	1.0	0		0	0.0
Terry McLaurin	WAS	2	1	11	1	7	7.0	4	4.0	0		1	50.0
Wendell Smallwood	WAS	1	1	18	1	-2	-2.0	20	20.0	0		0	0.0
Paul Richardson	WAS	1	0	0		0		0		0		1	100.0"
advanced_defense
"K'Waun Williams	SFO	0	6	5	83.3%	16	3.2	2.7	0	79.2	1.5	-1	17	1	0	0	0.0	0	3	0	0.0%
Jimmie Ward	SFO	0	1	1	100.0%	11	11.0	11.0	0	112.5	7.0	7	4	0	0	0	0.0	0	4	0	0.0%
Fred Warner	SFO	0	1	1	100.0%	18	18.0	18.0	0	118.7	-2.0	-2	20	0	0	0	0.0	0	2	1	33.3%
Jaquiski Tartt	SFO	0	1	1	100.0%	13	13.0	13.0	0	118.7	13.0	13	0	1	0	0	0.0	0	4	1	20.0%
Arik Armstead	SFO	0	0	0										0	0	0	1.0	1	3	0	0.0%
Dee Ford	SFO	0	0	0										0	0	0	1.0	1	2	0	0.0%
Nick Bosa	SFO	0	0	0										0	0	0	1.0	1	7	0	0.0%
Kwon Alexander	SFO	0	0	0										3	0	0	0.0	0	5	1	16.7%
Emmanuel Moseley	SFO	0	1	0	0.0%					39.6	6.0			0	0	0	0.0	0	2	1	33.3%
Player	Tm	Int	Tgt	Cmp	Cmp%	Yds	Yds/Cmp	Yds/Tgt	TD	Rat	DADOT	Air	YAC	Bltz	Hrry	QBKD	Sk	Prss	Comb	MTkl	MTkl%
Jonathan Bostic	WAS	0	6	4	66.7%	42	10.5	7.0	0	86.8	5.5	1	41	1	0	0	0.0	0	7	2	22.2%
Quinton Dunbar	WAS	0	4	2	50.0%	22	11.0	5.5	0	66.7	11.0	19	3	0	0	0	0.0	0	1	0	0.0%
Landon Collins	WAS	0	3	2	66.7%	28	14.0	9.3	0	96.5	5.7	17	11	1	0	0	0.0	0	4	2	33.3%
Fabian Moreau	WAS	0	2	1	50.0%	26	26.0	13.0	0	95.8	19.5	23	3	0	0	0	0.0	0	2	0	0.0%
Jimmy Moreland	WAS	0	1	1	100.0%	16	16.0	16.0	0	118.7	14.0	14	2	0	0	0	0.0	0	3	1	25.0%
Shaun Dion Hamilton	WAS	0	1	1	100.0%	15	15.0	15.0	0	118.7	9.0	9	6	3	0	0	0.0	0	3	0	0.0%
Cole Holcomb	WAS	0	1	1	100.0%	2	2.0	2.0	0	79.2	1.0	1	1	0	0	0	0.0	0	3	1	25.0%
Matthew Ioannidis	WAS	0	0	0										0	2	0	0.0	2	9	1	10.0%
Montez Sweat	WAS	0	0	0										4	0	0	0.5	1	4	0	0.0%
Ryan Kerrigan	WAS	0	0	0										7	0	0	0.5	1	4	0	0.0%
Noah Spence	WAS	0	0	0										0	0	0	1.0	1	1	0	0.0%
Montae Nicholson	WAS	0	1	0	0.0%					39.6	8.0			0	0	0	0.0	0	1	0	0.0%
Ryan Anderson	WAS	0	1	0	0.0%					39.6	4.0			3	0	0	0.0	0	3	0	0.0%
Da'Ron Payne	WAS	0	0	0										0	0	0	0.0	0	7	1	12.5%
Troy Apke	WAS	1	0	0										0	0	0	0.0	0	6	1	14.3%"
