advanced_rushing = document.querySelectorAll("#rushing_advanced > tbody")[0].innerText;
advanced_receiving = document.querySelectorAll("#receiving_advanced > tbody")[0].innerText;
advanced_defense = document.querySelectorAll("#defense_advanced > tbody")[0].innerText;
advanced_passing = document.querySelectorAll("#passing_advanced > tbody")[0].innerText;
"Kirk Cousins	MIN	30	46	262	15	31.3	371	8.1	166	5.5	3.6	96	3.2	0	0.0%	10	22.2%	2	4	11	4	1	5.0
Player	Tm	Cmp	Att	Yds	1D	1D%	IAY	IAY/PA	CAY	CAY/Cmp	CAY/PA	YAC	YAC/Cmp	Drops	Drop%	BadTh	Bad%	Sk	Bltz	Hrry	Hits	Scrm	Yds/Scr
Mitchell Trubisky	CHI	20	31	165	12	37.5	244	7.9	101	5.1	3.3	64	3.2	1	3.3%	3	10.0%	1	11	8	1	5	6.4"
advanced_rushing
"Dalvin Cook	MIN	9	12	2	1	0.1	11	1.2	0	
Latavius Murray	MIN	4	5		3	0.8	2	0.5	0	
Kirk Cousins	MIN	1	5	0	5	5.0	0	0.0	0	
Player	Tm	Att	Yds	1D	YBC	YBC/Att	YAC	YAC/Att	BrkTkl	Att/Br
Jordan Howard	CHI	18	63	1	26	1.4	37	2.1	0	
Mitchell Trubisky	CHI	10	43	4	38	3.8	5	0.5	0	
Tarik Cohen	CHI	7	27	2	20	2.9	7	1.0	1	7.0
Taylor Gabriel	CHI	2	17	1	13	6.5	4	2.0	0	
Anthony Miller	CHI	1	-1	0	-1	-1.0	0	0.0	0	
Taquan Mizzell	CHI	1	-1		-1	-1.0	0	0.0	0	"
advanced_receiving
"Stefon Diggs	MIN	18	13	126	6	59	4.5	67	5.2	1	13.0	0	0.0
Adam Thielen	MIN	12	7	66	5	53	7.6	13	1.9	0		0	0.0
Dalvin Cook	MIN	3	3	-2	0	-5	-1.7	3	1.0	1	3.0	0	0.0
Aldrick Robinson	MIN	2	2	24	2	20	10.0	4	2.0	0		0	0.0
Kyle Rudolph	MIN	5	2	13	1	12	6.0	1	0.5	0		0	0.0
Ameer Abdullah	MIN	1	1	10		1	1.0	9	9.0	0		0	0.0
Chad Beebe	MIN	1	1	18	1	19	19.0	-1	-1.0	0		0	0.0
Laquon Treadwell	MIN	3	1	7		7	7.0	0	0.0	0		0	0.0
Player	Tm	Tgt	Rec	Yds	1D	YBC	YBC/R	YAC	YAC/R	BrkTkl	Rec/Br	Drop	Drop%
Taylor Gabriel	CHI	9	7	52	4	42	6.0	10	1.4	0		0	0.0
Tarik Cohen	CHI	5	3	23	2	1	0.3	22	7.3	2	1.5	0	0.0
Allen Robinson	CHI	7	3	39	3	29	9.7	10	3.3	0		0	0.0
Josh Bellamy	CHI	3	2	11	1	1	0.5	10	5.0	1	2.0	1	33.3
Anthony Miller	CHI	3	2	25	1	25	12.5	0	0.0	0		0	0.0
Ben Braunecker	CHI	1	1	4		2	2.0	2	2.0	0		0	0.0
Trey Burton	CHI	1	1	9	1	1	1.0	8	8.0	0		0	0.0
Jordan Howard	CHI	1	1	2	0	0	0.0	2	2.0	0		0	0.0"
advanced_defense
"Eric Kendricks	MIN	0	6	5	83.3%	41	8.2	6.8	0	95.1	10.5	31	10	1	1	0	0.0	1	12	0	0.0%
Eric Wilson	MIN	0	4	4	100.0%	22	5.5	5.5	0	89.6	0.8	3	19	3	1	1	1.0	3	7	2	22.2%
Harrison Smith	MIN	0	5	4	80.0%	35	8.8	7.0	0	95.8	2.0	10	25	2	0	0	0.0	0	8	2	20.0%
Trae Waynes	MIN	0	5	4	80.0%	38	9.5	7.6	0	98.3	12.6	36	2	0	0	0	0.0	0	5	0	0.0%
Xavier Rhodes	MIN	0	6	3	50.0%	37	12.3	6.2	0	69.4	9.8	30	7	0	0	0	0.0	0	4	0	0.0%
Mackensie Alexander	MIN	0	3	1	33.3%	9	9.0	3.0	0	42.4	2.3	1	8	0	0	0	0.0	0	2	0	0.0%
Holton Hill	MIN	0	2	1	50.0%	18	18.0	9.0	1	120.8	18.0	18	0	0	0	0	0.0	0	1	0	0.0%
Danielle Hunter	MIN	0	0	0										0	6	0	0.0	6	5	2	28.6%
Stephen Weatherly	MIN	0	0	0										0	3	0	0.0	3	3	2	40.0%
Jaleel Johnson	MIN	0	0	0										0	1	0	0.0	1	1	0	0.0%
Everson Griffen	MIN	0	0	0										0	1	0	0.0	1	2	0	0.0%
Anthony Harris	MIN	2	2	0	0.0%					0.0	28.5			0	0	0	0.0	0	4	1	20.0%
Ben Gedeon	MIN	0	0	0										1	0	0	0.0	0	3	0	0.0%
Player	Tm	Int	Tgt	Cmp	Cmp%	Yds	Yds/Cmp	Yds/Tgt	TD	Rat	DADOT	Air	YAC	Bltz	Hrry	QBKD	Sk	Prss	Comb	MTkl	MTkl%
Kyle Fuller	CHI	0	13	9	69.2%	75	8.3	5.8	0	83.8	10.2	60	15	0	0	0	0.0	0	7	0	0.0%
Prince Amukamara	CHI	0	12	9	75.0%	88	9.8	7.3	2	134.7	10.2	66	22	0	0	0	0.0	0	8	0	0.0%
Roquan Smith	CHI	0	9	5	55.6%	51	10.2	5.7	0	72.0	4.4	17	34	3	0	0	0.0	0	7	1	12.5%
Danny Trevathan	CHI	0	3	2	66.7%	-7	-3.5	-2.3	0	70.1	4.7	-10	3	1	1	1	0.0	2	2	1	33.3%
Adrian Amos	CHI	1	3	2	66.7%	29	14.5	9.7	0	58.3	12.7	28	1	0	1	0	0.0	1	3	0	0.0%
Bryce Callahan	CHI	0	3	2	66.7%	16	8.0	5.3	0	79.9	4.0	4	12	1	0	0	0.0	0	1	0	0.0%
Khalil Mack	CHI	0	0	0										1	3	2	1.0	6	2	0	0.0%
Akiem Hicks	CHI	0	0	0										0	2	1	1.0	4	6	0	0.0%
Leonard Floyd	CHI	0	0	0										0	3	0	0.0	3	5	0	0.0%
Eddie Jackson	CHI	1	2	0	0.0%					0.0	14.5			0	0	0	0.0	0	0	0	"
