advanced_rushing = document.querySelectorAll("#rushing_advanced > tbody")[0].innerText;
advanced_receiving = document.querySelectorAll("#receiving_advanced > tbody")[0].innerText;
advanced_defense = document.querySelectorAll("#defense_advanced > tbody")[0].innerText;
advanced_passing = document.querySelectorAll("#passing_advanced > tbody")[0].innerText;
"Blaine Gabbert	TEN	11	16	118	6	35.3	106	6.6	82	7.5	5.1	36	3.3	0	0.0%	5	31.3%	1	4	0	1	0	
Marcus Mariota	TEN	10	13	85	4	23.5	101	7.8	48	4.8	3.7	37	3.7	0	0.0%	1	7.7%	4	3	3	1	3	6.0
Player	Tm	Cmp	Att	Yds	1D	1D%	IAY	IAY/PA	CAY	CAY/Cmp	CAY/PA	YAC	YAC/Cmp	Drops	Drop%	BadTh	Bad%	Sk	Bltz	Hrry	Hits	Scrm	Yds/Scr
Andrew Luck	IND	23	29	297	15	51.7	227	7.8	173	7.5	6.0	124	5.4	1	3.4%	2	6.9%	0	5	4	0	0	
Jacoby Brissett	IND	1	2	-2			24	12.0	-3	-3.0	-1.5	1	1.0	0	0.0%	1	50.0%	0	1	1	0	0	
Eric Ebron	IND	0	1	0			4	4.0	0		0.0	0		0	0.0%	1	100.0%	0	0	0	0	0	"
advanced_rushing
"Dion Lewis	TEN	10	24	1	13	1.3	11	1.1	0	
Derrick Henry	TEN	9	46	1	4	0.4	42	4.7	4	2.3
Marcus Mariota	TEN	4	17	1	15	3.8	2	0.5	0	
Cameron Batson	TEN	1	1	1	-4	-4.0	5	5.0	0	
Corey Davis	TEN	1	-1	0	-1	-1.0	0	0.0	0	
Player	Tm	Att	Yds	1D	YBC	YBC/Att	YAC	YAC/Att	BrkTkl	Att/Br
Marlon Mack	IND	16	61	6	34	2.1	27	1.7	1	16.0
Nyheim Hines	IND	5	14	1	4	0.8	10	2.0	1	5.0
Jordan Wilkins	IND	4	30	1	20	5.0	10	2.5	1	4.0
Jacoby Brissett	IND	3	-3		-3	-1.0	0	0.0	0	"
advanced_receiving
"Jonnu Smith	TEN	8	6	44		22	3.7	22	3.7	0		0	0.0
Tajae Sharpe	TEN	7	5	37	3	27	5.4	10	2.0	0		0	0.0
Anthony Firkser	TEN	3	3	44	2	31	10.3	13	4.3	0		0	0.0
Luke Stocker	TEN	3	2	16	1	10	5.0	6	3.0	0		0	0.0
Corey Davis	TEN	4	2	30	2	21	10.5	9	4.5	0		0	0.0
Dion Lewis	TEN	2	1	8	1	2	2.0	6	6.0	0		0	0.0
MyCole Pruitt	TEN	1	1	19	1	19	19.0	0	0.0	0		0	0.0
Cameron Batson	TEN	1	1	5	0	-2	-2.0	7	7.0	0		0	0.0
Player	Tm	Tgt	Rec	Yds	1D	YBC	YBC/R	YAC	YAC/R	BrkTkl	Rec/Br	Drop	Drop%
T.Y. Hilton	IND	9	9	155	6	110	12.2	45	5.0	1	9.0	0	0.0
Dontrelle Inman	IND	6	4	34	3	24	6.0	10	2.5	0		0	0.0
Jack Doyle	IND	4	4	43	3	21	5.3	22	5.5	0		0	0.0
Chester Rogers	IND	2	2	9	1	-4	-2.0	13	6.5	0		0	0.0
Ryan Grant	IND	3	2	15		5	2.5	10	5.0	0		0	0.0
Nyheim Hines	IND	3	1	20	1	3	3.0	17	17.0	0		1	33.3
Marlon Mack	IND	2	1	8	0	1	1.0	7	7.0	0		0	0.0
Zach Pascal	IND	1	1	11	1	10	10.0	1	1.0	0		0	0.0
Mo Alie-Cox	IND	1	0	0		0		0		0		0	0.0
Andrew Luck	IND	1	0	0	0	0		0		0		0	0.0"
advanced_defense
"Adoree' Jackson	TEN	0	9	8	88.9%	140	17.5	15.6	2	158.3	12.4	108	32	0	0	0	0.0	0	9	0	0.0%
Logan Ryan	TEN	0	4	4	100.0%	30	7.5	7.5	1	137.5	3.3	13	17	1	0	0	0.0	0	3	0	0.0%
Kenny Vaccaro	TEN	0	5	4	80.0%	32	8.0	6.4	0	93.3	1.8	5	27	1	0	0	0.0	0	6	0	0.0%
Malcolm Butler	TEN	0	6	3	50.0%	30	10.0	5.0	0	64.6	13.7	23	7	0	0	0	0.0	0	3	1	25.0%
Wesley Woodyard	TEN	0	5	3	60.0%	32	10.7	6.4	0	78.7	-0.2	1	31	1	0	0	0.0	0	8	0	0.0%
Kamalei Correa	TEN	0	1	1	100.0%	7	7.0	7.0	0	95.8	7.0	7	0	0	0	0	0.0	0	1	0	0.0%
Jayon Brown	TEN	0	2	1	50.0%	12	12.0	6.0	0	68.7	15.5	11	1	6	0	0	0.0	0	5	1	16.7%
Harold Landry	TEN	0	0	0										0	2	0	0.0	2	3	0	0.0%
Jurrell Casey	TEN	0	0	0										0	1	0	0.0	1	2	0	0.0%
Rashaan Evans	TEN	0	0	0										2	1	0	0.0	1	1	0	0.0%
Kevin Byard	TEN	0	0	0										1	0	0	0.0	0	9	0	0.0%
Darius Kilgo	TEN	0	0	0										0	0	0	0.0	0	3	2	40.0%
Player	Tm	Int	Tgt	Cmp	Cmp%	Yds	Yds/Cmp	Yds/Tgt	TD	Rat	DADOT	Air	YAC	Bltz	Hrry	QBKD	Sk	Prss	Comb	MTkl	MTkl%
Kenny Moore	IND	0	11	11	100.0%	92	8.4	8.4	1	131.8	4.5	50	42	1	0	0	0.5	1	10	0	0.0%
Darius Leonard	IND	1	5	3	60.0%	28	9.3	5.6	0	35.8	3.4	17	11	1	0	0	1.0	1	7	2	22.2%
Anthony Walker	IND	0	2	2	100.0%	5	2.5	2.5	0	79.2	2.0	4	1	1	0	0	0.0	0	4	1	20.0%
George Odum	IND	0	3	2	66.7%	42	21.0	14.0	0	109.7	17.3	34	8	2	0	0	0.0	0	6	2	25.0%
Pierre Desir	IND	0	3	2	66.7%	33	16.5	11.0	0	103.5	14.3	26	7	0	0	0	0.0	0	7	0	0.0%
Corey Moore	IND	0	1	1	100.0%	19	19.0	19.0	0	118.7	19.0	19	0	0	0	0	0.0	0	1	0	0.0%
Mike Mitchell	IND	0	1	1	100.0%	7	7.0	7.0	0	95.8	4.0	4	3	1	0	0	0.0	0	2	0	0.0%
Jabaal Sheard	IND	0	0	0										0	1	0	1.5	3	4	0	0.0%
Kemoko Turay	IND	0	0	0										0	0	2	1.0	3	1	1	50.0%
Denico Autry	IND	0	0	0										0	1	0	1.0	2	2	0	0.0%
Clayton Geathers	IND	0	2	0	0.0%					39.6	8.0			4	1	0	0.0	1	4	2	33.3%
Tyquan Lewis	IND	0	0	0										0	1	0	0.0	1	3	0	0.0%
Margus Hunt	IND	0	0	0										0	1	0	0.0	1	2	0	0.0%
Quincy Wilson	IND	1	2	0	0.0%					0.0	13.0			0	0	0	0.0	0	3	0	0.0%
Skai Moore	IND	0	0	0										1	0	0	0.0	0	2	0	0.0%"
