advanced_rushing = document.querySelectorAll("#rushing_advanced > tbody")[0].innerText;
advanced_receiving = document.querySelectorAll("#receiving_advanced > tbody")[0].innerText;
advanced_defense = document.querySelectorAll("#defense_advanced > tbody")[0].innerText;
advanced_passing = document.querySelectorAll("#passing_advanced > tbody")[0].innerText;
"Cam Newton	CAR	25	37	357	16	40.0	339	9.2	174	7.0	4.7	183	7.3	4	11.1%	4	11.1%	3	6	1	1	1	2.0
Taylor Heinicke	CAR	0	1	0			10	10.0	0		0.0	0		0	0.0%	0	0.0%	0	0	1	0	0	
Player	Tm	Cmp	Att	Yds	1D	1D%	IAY	IAY/PA	CAY	CAY/Cmp	CAY/PA	YAC	YAC/Cmp	Drops	Drop%	BadTh	Bad%	Sk	Bltz	Hrry	Hits	Scrm	Yds/Scr
Matthew Stafford	DET	23	37	220	11	28.9	223	6.0	92	4.0	2.5	128	5.6	3	8.8%	7	20.6%	1	18	2	1	1	9.0"
advanced_rushing
"Christian McCaffrey	CAR	13	53	4	28	2.2	25	1.9	0	
Cam Newton	CAR	2	2	0	2	1.0	0	0.0	0	
Cameron Artis-Payne	CAR	1	1		0	0.0	1	1.0	0	
Player	Tm	Att	Yds	1D	YBC	YBC/Att	YAC	YAC/Att	BrkTkl	Att/Br
Kerryon Johnson	DET	15	87	9	29	1.9	58	3.9	3	5.0
LeGarrette Blount	DET	7	1		-6	-0.9	7	1.0	0	
Matthew Stafford	DET	3	6	0	6	2.0	0	0.0	0	
Theo Riddick	DET	1	0	0	0	0.0	0	0.0	0	"
advanced_receiving
"D.J. Moore	CAR	8	7	157	6	53	7.6	104	14.9	0		0	0.0
Christian McCaffrey	CAR	8	6	57	1	17	2.8	40	6.7	0		0	0.0
Curtis Samuel	CAR	7	5	55	4	47	9.4	8	1.6	1	5.0	0	0.0
Jarius Wright	CAR	3	3	40	2	14	4.7	26	8.7	0		0	0.0
Devin Funchess	CAR	8	2	39	2	34	17.0	5	2.5	0		4	50.0
Greg Olsen	CAR	3	2	9	1	9	4.5	0	0.0	0		0	0.0
Player	Tm	Tgt	Rec	Yds	1D	YBC	YBC/R	YAC	YAC/R	BrkTkl	Rec/Br	Drop	Drop%
Kenny Golladay	DET	15	8	113	5	81	10.1	32	4.0	2	4.0	0	0.0
Bruce Ellington	DET	9	6	52	3	22	3.7	30	5.0	0		1	11.1
Theo Riddick	DET	6	5	30	2	-8	-1.6	38	7.6	1	5.0	1	16.7
Kerryon Johnson	DET	2	2	10	0	-8	-4.0	18	9.0	1	2.0	0	0.0
T.J. Jones	DET	1	1	2		2	2.0	0	0.0	0		0	0.0
Levine Toilolo	DET	1	1	13	1	3	3.0	10	10.0	1	1.0	0	0.0
Luke Willson	DET	1	0	0		0		0		0		1	100.0"
advanced_defense
"James Bradberry	CAR	0	13	6	46.2%	93	15.5	7.2	1	96.0	14.1	78	15	0	0	0	0.0	0	4	0	0.0%
Shaq Thompson	CAR	0	4	4	100.0%	12	3.0	3.0	0	79.2	-1.5	-6	18	2	0	0	0.0	0	6	2	25.0%
Thomas Davis	CAR	0	3	3	100.0%	27	9.0	9.0	0	104.2	2.7	8	19	7	0	0	0.0	0	6	0	0.0%
Eric Reid	CAR	0	5	3	60.0%	36	12.0	7.2	0	82.1	2.4	8	28	2	0	0	0.0	0	5	3	37.5%
Luke Kuechly	CAR	0	6	3	50.0%	37	12.3	6.2	0	69.4	0.8	-3	40	6	0	0	0.0	0	11	1	8.3%
Donte Jackson	CAR	0	2	2	100.0%	11	5.5	5.5	0	89.6	3.5	7	4	0	0	0	0.0	0	1	1	50.0%
Mario Addison	CAR	0	1	1	100.0%	-4	-4.0	-4.0	0	79.2	-5.0	-5	1	0	0	0	0.0	0	3	0	0.0%
Captain Munnerlyn	CAR	0	1	1	100.0%	8	8.0	8.0	0	100.0	5.0	5	3	2	0	0	0.0	0	1	0	0.0%
Julius Peppers	CAR	0	0	0										0	1	0	1.0	2	2	0	0.0%
Kawann Short	CAR	0	0	0										0	1	1	0.0	2	2	1	33.3%
Player	Tm	Int	Tgt	Cmp	Cmp%	Yds	Yds/Cmp	Yds/Tgt	TD	Rat	DADOT	Air	YAC	Bltz	Hrry	QBKD	Sk	Prss	Comb	MTkl	MTkl%
Nevin Lawson	DET	0	9	7	77.8%	54	7.7	6.0	0	91.7	5.2	23	31	0	0	0	0.0	0	5	0	0.0%
Mike Ford	DET	0	6	6	100.0%	149	24.8	24.8	0	118.7	7.8	47	102	0	0	0	0.0	0	2	1	33.3%
Darius Slay	DET	0	9	4	44.4%	54	13.5	6.0	1	101.2	15.7	39	15	0	0	0	0.0	0	4	0	0.0%
Quandre Diggs	DET	0	4	2	50.0%	23	11.5	5.8	0	67.7	10.5	7	16	1	0	0	0.0	0	2	0	0.0%
Christian Jones	DET	0	4	2	50.0%	17	8.5	4.3	0	61.5	5.5	7	10	2	0	0	0.0	0	4	0	0.0%
Teez Tabor	DET	0	2	2	100.0%	25	12.5	12.5	1	158.3	12.0	24	1	0	0	0	0.0	0	1	0	0.0%
Devon Kennard	DET	0	1	1	100.0%	7	7.0	7.0	0	95.8	-3.0	-3	10	4	1	0	1.0	2	4	0	0.0%
Jarrad Davis	DET	0	1	1	100.0%	5	5.0	5.0	0	87.5	3.0	3	2	6	0	0	1.0	1	6	0	0.0%
Glover Quin	DET	0	1	1	100.0%	34	34.0	34.0	0	118.7	26.0	26	8	1	0	0	0.0	0	1	1	50.0%
Ezekiel Ansah	DET	0	0	0										0	1	1	1.0	3	2	1	33.3%
Tavon Wilson	DET	0	2	0	0.0%					39.6	5.5			0	0	0	0.0	0	4	0	0.0%
Tracy Walker	DET	1	1	0	0.0%					0.0	33.0			0	0	0	0.0	0	1	1	50.0%"
