advanced_rushing = document.querySelectorAll("#rushing_advanced > tbody")[0].innerText;
advanced_receiving = document.querySelectorAll("#receiving_advanced > tbody")[0].innerText;
advanced_defense = document.querySelectorAll("#defense_advanced > tbody")[0].innerText;
advanced_passing = document.querySelectorAll("#passing_advanced > tbody")[0].innerText;
"Ryan Fitzpatrick	TAM	13	21	167	8	36.4	162	7.7	89	6.8	4.2	78	6.0	0	0.0%	5	25.0%	1	5	5	3	3	4.7
Jameis Winston	TAM	12	16	199	10	62.5	217	13.6	143	11.9	8.9	56	4.7	0	0.0%	1	6.3%	0	1	1	1	4	3.3
Player	Tm	Cmp	Att	Yds	1D	1D%	IAY	IAY/PA	CAY	CAY/Cmp	CAY/PA	YAC	YAC/Cmp	Drops	Drop%	BadTh	Bad%	Sk	Bltz	Hrry	Hits	Scrm	Yds/Scr
Eli Manning	NYG	17	18	231	10	45.5	138	7.7	116	6.8	6.4	115	6.8	0	0.0%	1	5.6%	4	4	2	1	0	"
advanced_rushing
"Peyton Barber	TAM	18	106	5	59	3.3	47	2.6	1	18.0
Jameis Winston	TAM	5	16	2	13	2.6	3	0.6	0	
Ryan Fitzpatrick	TAM	4	14	2	14	3.5	0	0.0	0	
Jacquizz Rodgers	TAM	3	15	1	8	2.7	7	2.3	0	
Player	Tm	Att	Yds	1D	YBC	YBC/Att	YAC	YAC/Att	BrkTkl	Att/Br
Saquon Barkley	NYG	27	142	8	26	1.0	116	4.3	5	5.4
Wayne Gallman	NYG	2	11	0	5	2.5	6	3.0	0	
Odell Beckham	NYG	1	11	1	11	11.0	0	0.0	0	
Eli Manning	NYG	1	-1	0	-1	-1.0	0	0.0	0	"
advanced_receiving
"Mike Evans	TAM	7	6	120	4	89	14.8	31	5.2	0		0	0.0
O.J. Howard	TAM	6	5	78	4	49	9.8	29	5.8	0		0	0.0
DeSean Jackson	TAM	7	4	38	3	35	8.8	3	0.8	0		0	0.0
Adam Humphries	TAM	5	3	60	3	18	6.0	42	14.0	0		0	0.0
Chris Godwin	TAM	3	3	50	3	25	8.3	25	8.3	0		0	0.0
Peyton Barber	TAM	2	2	4	0	4	2.0	0	0.0	0		0	0.0
Cameron Brate	TAM	3	2	16		12	6.0	4	2.0	0		0	0.0
Jacquizz Rodgers	TAM	3	0	0	0	0		0		0		0	0.0
Player	Tm	Tgt	Rec	Yds	1D	YBC	YBC/R	YAC	YAC/R	BrkTkl	Rec/Br	Drop	Drop%
Odell Beckham	NYG	4	4	74	3	62	15.5	12	3.0	0		0	0.0
Saquon Barkley	NYG	3	2	10	1	5	2.5	5	2.5	0		0	0.0
Sterling Shepard	NYG	2	2	22	1	22	11.0	0	0.0	0		0	0.0
Elijhaa Penny	NYG	2	2	4		-1	-0.5	5	2.5	0		0	0.0
Wayne Gallman	NYG	2	2	24	1	-1	-0.5	25	12.5	0		0	0.0
Evan Engram	NYG	2	2	66	1	17	8.5	49	24.5	0		0	0.0
Bennie Fowler	NYG	1	1	10	1	1	1.0	9	9.0	0		0	0.0
Rhett Ellison	NYG	1	1	12	1	2	2.0	10	10.0	0		0	0.0
Corey Coleman	NYG	1	1	9	1	9	9.0	0	0.0	0		0	0.0"
advanced_defense
"Isaiah Johnson	TAM	0	4	4	100.0%	68	17.0	17.0	1	158.3	9.8	39	29	0	0	0	0.0	0	10	0	0.0%
Javien Elliott	TAM	0	4	4	100.0%	24	6.0	6.0	0	91.7	5.0	20	4	0	0	0	0.0	0	4	1	20.0%
Carlton Davis	TAM	0	3	3	100.0%	77	25.7	25.7	0	118.7	22.0	66	11	0	0	0	0.0	0	3	0	0.0%
Adarius Taylor	TAM	0	2	2	100.0%	6	3.0	3.0	0	79.2	1.5	3	3	1	0	0	0.0	0	6	1	14.3%
Devante Bond	TAM	0	2	2	100.0%	55	27.5	27.5	0	118.7	7.0	14	41	2	0	0	0.0	0	2	0	0.0%
Andrew Adams	TAM	0	2	1	50.0%	18	18.0	9.0	0	81.2	20.0	18	0	0	0	0	0.0	0	3	0	0.0%
Riley Bullough	TAM	0	1	1	100.0%	12	12.0	12.0	0	116.7	2.0	2	10	0	0	0	0.0	0	2	0	0.0%
Jordan Whitehead	TAM	0	1	1	100.0%					79.2				0	0	0	0.0	0	8	2	20.0%
Carl Nassib	TAM	0	0	0										0	1	1	0.5	3	6	2	25.0%
Gerald McCoy	TAM	0	0	0										0	0	0	2.0	2	4	0	0.0%
Jason Pierre-Paul	TAM	0	0	0										0	0	0	1.5	2	7	2	22.2%
Beau Allen	TAM	0	0	0										0	1	0	0.0	1	2	1	33.3%
William Gholston	TAM	0	0	0										1	0	0	0.0	0	1	0	0.0%
Player	Tm	Int	Tgt	Cmp	Cmp%	Yds	Yds/Cmp	Yds/Tgt	TD	Rat	DADOT	Air	YAC	Bltz	Hrry	QBKD	Sk	Prss	Comb	MTkl	MTkl%
Janoris Jenkins	NYG	0	9	6	66.7%	88	14.7	9.8	1	135.4	10.6	80	8	0	0	0	0.0	0	4	1	20.0%
B.W. Webb	NYG	1	7	5	71.4%	68	13.6	9.7	0	62.5	18.3	59	9	0	0	0	0.0	0	7	0	0.0%
Landon Collins	NYG	0	6	4	66.7%	105	26.3	17.5	1	149.3	21.0	94	11	2	1	0	0.0	1	11	2	15.4%
Tae Davis	NYG	0	4	4	100.0%	49	12.3	12.3	0	117.7	5.8	23	26	2	0	1	0.0	1	5	2	28.6%
Grant Haley	NYG	0	4	3	75.0%	60	20.0	15.0	1	156.2	5.3	18	42	1	0	0	0.0	0	1	0	0.0%
B.J. Goodson	NYG	0	3	3	100.0%	23	7.7	7.7	0	98.6	5.7	17	6	2	0	0	0.0	0	3	0	0.0%
Curtis Riley	NYG	1	5	3	60.0%	52	17.3	10.4	1	95.4	21.0	18	34	1	0	0	0.0	0	4	1	20.0%
Alec Ogletree	NYG	1	4	2	50.0%	14	7.0	3.5	0	18.7	3.5	13	1	4	1	0	0.0	1	9	2	18.2%
Mario Edwards	NYG	0	0	0										0	1	2	0.0	3	2	0	0.0%
B.J. Hill	NYG	0	0	0										0	2	1	0.0	3	3	0	0.0%
Lorenzo Carter	NYG	0	0	0										1	2	0	0.0	2	2	0	0.0%
Kareem Martin	NYG	0	0	0										0	0	0	1.0	1	7	1	12.5%
Dalvin Tomlinson	NYG	0	0	0										0	1	0	0.0	1	6	0	0.0%
Josh Mauro	NYG	0	0	0										0	1	0	0.0	1	4	0	0.0%
Michael Thomas	NYG	1	2	0	0.0%					0.0	9.5			0	0	0	0.0	0	5	0	0.0%"
