advanced_rushing = document.querySelectorAll("#rushing_advanced > tbody")[0].innerText;
advanced_receiving = document.querySelectorAll("#receiving_advanced > tbody")[0].innerText;
advanced_defense = document.querySelectorAll("#defense_advanced > tbody")[0].innerText;
advanced_passing = document.querySelectorAll("#passing_advanced > tbody")[0].innerText;
"Case Keenum	DEN	19	32	205	6	18.8	159	5.0	67	3.5	2.1	138	7.3	3	10.7%	3	10.7%	0	4	0	3	0	
Colby Wadman	DEN	1	1	12	1	100.0	-1	-1.0	-1	-1.0	-1.0	13	13.0	0	0.0%	0	0.0%	0	0	0	0	0	
Player	Tm	Cmp	Att	Yds	1D	1D%	IAY	IAY/PA	CAY	CAY/Cmp	CAY/PA	YAC	YAC/Cmp	Drops	Drop%	BadTh	Bad%	Sk	Bltz	Hrry	Hits	Scrm	Yds/Scr
Philip Rivers	LAC	28	43	401	18	39.1	333	7.7	179	6.4	4.2	222	7.9	2	4.8%	5	11.9%	3	18	1	3	0	"
advanced_rushing
"Phillip Lindsay	DEN	11	79	3	57	5.2	22	2.0	0	
Royce Freeman	DEN	7	23	3	11	1.6	12	1.7	0	
Emmanuel Sanders	DEN	1	6	0	6	6.0	0	0.0	0	
Player	Tm	Att	Yds	1D	YBC	YBC/Att	YAC	YAC/Att	BrkTkl	Att/Br
Melvin Gordon	LAC	18	69	4	23	1.3	46	2.6	0	
Austin Ekeler	LAC	6	29	1	19	3.2	10	1.7	0	
Keenan Allen	LAC	1	1	0	1	1.0	0	0.0	0	
Philip Rivers	LAC	1	-4	0	-4	-4.0	0	0.0	0	"
advanced_receiving
"Jeff Heuerman	DEN	5	4	20		13	3.3	7	1.8	0		1	20.0
Phillip Lindsay	DEN	5	4	27	2	-14	-3.5	41	10.3	0		0	0.0
Emmanuel Sanders	DEN	6	4	56	2	22	5.5	34	8.5	1	4.0	1	16.7
Courtland Sutton	DEN	6	3	78	2	35	11.7	43	14.3	0		1	16.7
Devontae Booker	DEN	1	1	4		3	3.0	1	1.0	0		0	0.0
Royce Freeman	DEN	1	1	7	0	-2	-2.0	9	9.0	0		0	0.0
DaeSean Hamilton	DEN	2	1	4		4	4.0	0	0.0	0		0	0.0
Andy Janovich	DEN	2	1	12	1	-1	-1.0	13	13.0	0		0	0.0
Matt LaCosse	DEN	2	1	9		6	6.0	3	3.0	0		0	0.0
Tim Patrick	DEN	1	0	0		0		0		0		0	0.0
Player	Tm	Tgt	Rec	Yds	1D	YBC	YBC/R	YAC	YAC/R	BrkTkl	Rec/Br	Drop	Drop%
Keenan Allen	LAC	12	9	89	5	59	6.6	30	3.3	0		1	8.3
Melvin Gordon	LAC	6	6	87	3	-6	-1.0	93	15.5	3	2.0	0	0.0
Antonio Gates	LAC	7	5	80	4	47	9.4	33	6.6	0		0	0.0
Tyrell Williams	LAC	6	2	22	1	21	10.5	1	0.5	0		0	0.0
Mike Williams	LAC	3	2	56	2	45	22.5	11	5.5	0		0	0.0
Virgil Green	LAC	4	2	27	1	18	9.0	9	4.5	0		1	25.0
Austin Ekeler	LAC	2	2	40	2	-5	-2.5	45	22.5	1	2.0	0	0.0
Travis Benjamin	LAC	3	0	0		0		0		0		0	0.0"
advanced_defense
"Chris Harris	DEN	1	8	7	87.5%	96	13.7	12.0	1	116.7	9.6	63	33	1	0	0	0.0	0	8	0	0.0%
Josey Jewell	DEN	0	7	5	71.4%	64	12.8	9.1	1	139.3	2.9	11	53	2	0	0	0.0	0	5	2	28.6%
Justin Simmons	DEN	0	6	5	83.3%	80	16.0	13.3	0	118.7	5.2	24	56	2	0	0	0.0	0	10	0	0.0%
Darian Stewart	DEN	0	6	4	66.7%	59	14.8	9.8	0	98.6	12.2	19	40	0	0	0	0.0	0	10	0	0.0%
Su'a Cravens	DEN	0	3	3	100.0%	44	14.7	14.7	0	118.7	8.0	24	20	1	0	0	0.0	0	4	0	0.0%
Todd Davis	DEN	0	3	1	33.3%	8	8.0	2.7	0	42.4	4.3	6	2	6	0	1	0.0	1	5	2	28.6%
Bradley Roby	DEN	0	5	1	20.0%	19	19.0	3.8	0	42.9	14.6	20	-1	0	0	0	0.0	0	3	1	25.0%
Tramaine Brock	DEN	0	4	1	25.0%	29	29.0	7.3	0	57.3	23.0	27	2	0	0	0	0.0	0	1	0	0.0%
Bradley Chubb	DEN	0	0	0										0	0	1	1.0	2	7	1	12.5%
Von Miller	DEN	1	1	0	0.0%					0.0	-5.0			5	1	0	1.0	2	1	0	0.0%
Will Parks	DEN	0	2	0	0.0%	7		3.5	0	41.7	4.5	5	2	4	0	1	0.0	1	4	0	0.0%
Adam Gotsis	DEN	0	0	0										0	0	0	1.0	1	4	0	0.0%
Shaquil Barrett	DEN	0	0	0										1	0	0	0.0	0	3	0	0.0%
Player	Tm	Int	Tgt	Cmp	Cmp%	Yds	Yds/Cmp	Yds/Tgt	TD	Rat	DADOT	Air	YAC	Bltz	Hrry	QBKD	Sk	Prss	Comb	MTkl	MTkl%
Derwin James	LAC	0	6	6	100.0%	36	6.0	6.0	0	91.7	0.0	0	36	3	0	0	0.0	0	7	1	12.5%
Adrian Phillips	LAC	0	5	4	80.0%	36	9.0	7.2	0	96.7	3.4	12	24	0	0	0	0.0	0	6	0	0.0%
Desmond King	LAC	0	3	3	100.0%	47	15.7	15.7	0	118.7	6.3	19	28	0	0	0	0.0	0	2	0	0.0%
Jatavis Brown	LAC	0	4	2	50.0%	11	5.5	2.8	0	56.2	3.8	6	5	0	0	0	0.0	0	8	3	27.3%
Casey Hayward	LAC	0	5	2	40.0%	69	34.5	13.8	0	87.5	13.0	29	40	0	0	0	0.0	0	1	1	50.0%
Michael Davis	LAC	0	4	2	50.0%	6	3.0	1.5	0	56.2	2.8	1	5	0	0	0	0.0	0	2	0	0.0%
Jahleel Addae	LAC	0	2	1	50.0%	30	30.0	15.0	0	95.8	15.0	17	13	0	0	0	0.0	0	3	1	25.0%
Damion Square	LAC	0	0	0										0	0	1	0.0	1	2	0	0.0%
Joey Bosa	LAC	0	0	0										0	0	1	0.0	1	1	0	0.0%
Uchenna Nwosu	LAC	0	0	0										2	0	1	0.0	1	1	0	0.0%
Brandon Mebane	LAC	0	1	0	0.0%					39.6	-9.0			0	0	0	0.0	0	2	0	0.0%
Kyle Emanuel	LAC	0	1	0	0.0%					39.6	0.0			0	0	0	0.0	0	4	0	0.0%"
