advanced_rushing = document.querySelectorAll("#rushing_advanced > tbody")[0].innerText;
advanced_receiving = document.querySelectorAll("#receiving_advanced > tbody")[0].innerText;
advanced_defense = document.querySelectorAll("#defense_advanced > tbody")[0].innerText;
advanced_passing = document.querySelectorAll("#passing_advanced > tbody")[0].innerText;
"Deshaun Watson	HOU	16	24	208	8	29.6	122	5.1	68	4.3	2.8	140	8.8	2	8.3%	5	20.8%	3	9	4	1	2	4.0
Player	Tm	Cmp	Att	Yds	1D	1D%	IAY	IAY/PA	CAY	CAY/Cmp	CAY/PA	YAC	YAC/Cmp	Drops	Drop%	BadTh	Bad%	Sk	Bltz	Hrry	Hits	Scrm	Yds/Scr
Alex Smith	WAS	12	27	135	8	26.7	279	10.3	81	6.8	3.0	54	4.5	1	3.7%	9	33.3%	3	7	6	1	3	9.0
Colt McCoy	WAS	6	12	54	4	28.6	135	11.3	36	6.0	3.0	18	3.0	0	0.0%	2	20.0%	2	1	1	0	3	8.7"
advanced_rushing
"Lamar Miller	HOU	20	86	4	56	2.8	30	1.5	0	
Alfred Blue	HOU	8	46	3	34	4.3	12	1.5	0	
Deshaun Watson	HOU	3	7	0	3	1.0	4	1.3	1	3.0
Player	Tm	Att	Yds	1D	YBC	YBC/Att	YAC	YAC/Att	BrkTkl	Att/Br
Adrian Peterson	WAS	16	51	4	28	1.8	23	1.4	0	
Colt McCoy	WAS	5	35	2	31	6.2	4	0.8	0	
Alex Smith	WAS	4	33	3	32	8.0	1	0.3	0	
Byron Marshall	WAS	2	5		4	2.0	1	0.5	0	
Kapri Bibbs	WAS	1	0		0	0.0	0	0.0	0	
Trey Quinn	WAS	1	0	0	0	0.0	0	0.0	0	"
advanced_receiving
"Keke Coutee	HOU	9	5	77	2	8	1.6	69	13.8	1	5.0	1	11.1
DeAndre Hopkins	HOU	6	5	56	3	53	10.6	3	0.6	1	5.0	0	0.0
Lamar Miller	HOU	5	3	22	1	2	0.7	20	6.7	0		1	20.0
Jordan Akins	HOU	2	2	42	2	6	3.0	36	18.0	1	2.0	0	0.0
Jordan Thomas	HOU	1	1	11		-1	-1.0	12	12.0	0		0	0.0
Demaryius Thomas	HOU	1	0	0		0		0		0		0	0.0
Player	Tm	Tgt	Rec	Yds	1D	YBC	YBC/R	YAC	YAC/R	BrkTkl	Rec/Br	Drop	Drop%
Jordan Reed	WAS	11	7	71	3	40	5.7	31	4.4	0		0	0.0
Trey Quinn	WAS	4	4	49	4	33	8.3	16	4.0	0		0	0.0
Josh Doctson	WAS	7	3	32	3	19	6.3	13	4.3	0		0	0.0
Kapri Bibbs	WAS	3	2	6		6	3.0	0	0.0	0		0	0.0
Michael Floyd	WAS	3	1	18	1	13	13.0	5	5.0	0		0	0.0
Maurice Harris	WAS	4	1	13	1	6	6.0	7	7.0	0		0	0.0
Vernon Davis	WAS	2	0	0		0		0		0		1	50.0
Byron Marshall	WAS	1	0	0		0		0		0		0	0.0
Jeremy Sprinkle	WAS	1	0	0		0		0		0		0	0.0"
advanced_defense
"Kareem Jackson	HOU	0	7	5	71.4%	78	15.6	11.1	0	108.0	13.0	60	18	3	1	0	1.0	2	10	0	0.0%
Shareece Wright	HOU	0	8	4	50.0%	39	9.8	4.9	0	64.1	15.8	16	23	0	0	0	0.0	0	4	0	0.0%
Whitney Mercilus	HOU	0	3	3	100.0%	27	9.0	9.0	0	104.2	4.0	12	15	4	2	0	1.0	3	3	0	0.0%
Brennan Scarlett	HOU	1	4	2	50.0%	10	5.0	2.5	0	16.7	6.8	10	0	0	0	1	0.0	1	3	0	0.0%
Johnathan Joseph	HOU	0	5	2	40.0%	8	4.0	1.6	0	47.9	10.2	8	0	0	0	0	0.0	0	5	0	0.0%
Justin Reid	HOU	1	5	2	40.0%	18	9.0	3.6	1	50.4	10.4	8	10	0	0	0	0.0	0	4	0	0.0%
Tyrann Mathieu	HOU	0	3	1	33.3%	13	13.0	4.3	0	47.9	10.3	7	6	1	0	0	1.0	1	9	0	0.0%
J.J. Watt	HOU	0	0	0										0	4	0	1.0	5	4	1	20.0%
Brandon Dunn	HOU	0	0	0										0	2	0	0.0	2	2	0	0.0%
Jadeveon Clowney	HOU	0	0	0										6	1	0	1.0	2	4	0	0.0%
Andre Hal	HOU	0	1	0	0.0%					39.6	21.0			0	0	0	0.0	0	0	0	
Brian Peters	HOU	0	0	0										1	0	0	0.0	0	3	1	25.0%
Benardrick McKinney	HOU	0	3	0	0.0%					39.6	9.3			1	0	0	0.0	0	5	0	0.0%
Player	Tm	Int	Tgt	Cmp	Cmp%	Yds	Yds/Cmp	Yds/Tgt	TD	Rat	DADOT	Air	YAC	Bltz	Hrry	QBKD	Sk	Prss	Comb	MTkl	MTkl%
Ha Ha Clinton-Dix	WAS	0	5	4	80.0%	38	9.5	7.6	0	98.3	4.0	17	21	0	0	0	0.0	0	13	1	7.1%
Mason Foster	WAS	1	7	4	57.1%	61	15.3	8.7	0	46.4	5.3	6	55	4	0	0	0.0	0	10	2	16.7%
Josh Norman	WAS	0	4	2	50.0%	39	19.5	9.8	1	124.0	10.5	37	2	0	0	0	0.0	0	2	0	0.0%
Preston Smith	WAS	1	1	1	100.0%	9	9.0	9.0	0	64.6	4.0	4	5	3	2	1	1.0	4	4	0	0.0%
Zach Brown	WAS	0	3	1	33.3%	3	3.0	1.0	0	42.4	-3.0	-1	4	0	1	0	0.0	1	6	1	14.3%
Greg Stroman	WAS	0	2	1	50.0%	40	40.0	20.0	0	95.8	6.0	5	35	0	0	0	0.0	0	3	1	25.0%
Ryan Kerrigan	WAS	0	0	0										4	1	0	2.0	3	3	0	0.0%
Matthew Ioannidis	WAS	0	0	0										0	1	0	0.0	1	3	0	0.0%
D.J. Swearinger	WAS	0	0	0										1	0	0	0.0	0	2	0	0.0%
Josh Harvey-Clemons	WAS	0	1	0	0.0%					39.6	25.0			1	0	0	0.0	0	0	0	
Fabian Moreau	WAS	0	1	0	0.0%					39.6	15.0			0	0	0	0.0	0	2	0	0.0%"
