advanced_rushing = document.querySelectorAll("#rushing_advanced > tbody")[0].innerText;
advanced_receiving = document.querySelectorAll("#receiving_advanced > tbody")[0].innerText;
advanced_defense = document.querySelectorAll("#defense_advanced > tbody")[0].innerText;
advanced_passing = document.querySelectorAll("#passing_advanced > tbody")[0].innerText;
"Lamar Jackson	BAL	12	21	125	7	30.4	191	9.1	86	7.2	4.1	39	3.3	3	15.0%	5	25.0%	2	4	5	0	2	10.5
Robert Griffin	BAL	2	4	21	1	25.0	40	10.0	-5	-2.5	-1.3	26	13.0	0	0.0%	1	33.3%	0	2	1	0	0	
Sam Koch	BAL	1	1	21	1	100.0	19	19.0	19	19.0	19.0	2	2.0	0	0.0%	0	0.0%	0	0	0	0	0	
Player	Tm	Cmp	Att	Yds	1D	1D%	IAY	IAY/PA	CAY	CAY/Cmp	CAY/PA	YAC	YAC/Cmp	Drops	Drop%	BadTh	Bad%	Sk	Bltz	Hrry	Hits	Scrm	Yds/Scr
Matt Ryan	ATL	16	26	131	6	20.7	275	10.6	84	5.3	3.2	47	2.9	2	7.7%	5	19.2%	3	17	2	0	1	5.0
Mohamed Sanu	ATL	0	1	0	0	0.0	36	36.0	0		0.0	0		0	0.0%	1	100.0%	0	1	0	0	0	"
advanced_rushing
"Gus Edwards	BAL	21	82	4	47	2.2	35	1.7	0	
Lamar Jackson	BAL	17	75	5	58	3.4	17	1.0	1	17.0
Kenneth Dixon	BAL	8	37	3	22	2.8	15	1.9	1	8.0
Ty Montgomery	BAL	3	13	0	11	3.7	2	0.7	0	
Player	Tm	Att	Yds	1D	YBC	YBC/Att	YAC	YAC/Att	BrkTkl	Att/Br
Ito Smith	ATL	7	22	2	12	1.7	10	1.4	1	7.0
Tevin Coleman	ATL	6	8	2	8	1.3	0	0.0	0	
Matt Ryan	ATL	2	4	1	4	2.0	0	0.0	0	"
advanced_receiving
"Ty Montgomery	BAL	7	5	42	2	7	1.4	35	7.0	0		1	14.3
Mark Andrews	BAL	3	3	47	2	38	12.7	9	3.0	0		0	0.0
Michael Crabtree	BAL	4	3	36	3	26	8.7	10	3.3	0		1	25.0
Nick Boyle	BAL	2	1	7	1	0	0.0	7	7.0	0		0	0.0
Kenneth Dixon	BAL	1	1	6	0	3	3.0	3	3.0	0		0	0.0
Chris Moore	BAL	1	1	21	1	19	19.0	2	2.0	0		0	0.0
Willie Snead	BAL	3	1	8		7	7.0	1	1.0	0		1	33.3
John Brown	BAL	4	0	0		0		0		0		0	0.0
Player	Tm	Tgt	Rec	Yds	1D	YBC	YBC/R	YAC	YAC/R	BrkTkl	Rec/Br	Drop	Drop%
Austin Hooper	ATL	5	5	44	2	22	4.4	22	4.4	0		0	0.0
Calvin Ridley	ATL	5	3	22	1	16	5.3	6	2.0	0		0	0.0
Mohamed Sanu	ATL	4	3	37	2	27	9.0	10	3.3	1	3.0	0	0.0
Julio Jones	ATL	8	2	18	1	16	8.0	2	1.0	0		1	12.5
Tevin Coleman	ATL	3	1	3	0	0	0.0	3	3.0	0		1	33.3
Russell Gage	ATL	1	1	7		4	4.0	3	3.0	0		0	0.0
Ito Smith	ATL	1	1	0	0	-1	-1.0	1	1.0	0		0	0.0"
advanced_defense
"Jimmy Smith	BAL	0	6	5	83.3%	33	6.6	5.5	0	89.6	10.2	25	8	1	0	0	0.0	0	6	0	0.0%
Brandon Carr	BAL	0	6	4	66.7%	42	10.5	7.0	0	86.8	9.0	29	13	1	0	0	0.0	0	4	1	20.0%
Chuck Clark	BAL	0	4	4	100.0%	26	6.5	6.5	1	133.3	16.3	18	8	2	0	0	0.0	0	4	0	0.0%
Kenny Young	BAL	0	2	1	50.0%	3	3.0	1.5	0	56.2	10.5	0	3	3	1	0	0.0	1	3	0	0.0%
Marlon Humphrey	BAL	0	3	1	33.3%	11	11.0	3.7	0	45.1	16.0	10	1	0	0	0	0.0	0	0	0	
Terrell Suggs	BAL	0	0	0										10	1	0	1.0	2	3	1	25.0%
Patrick Onwuasor	BAL	0	1	0	0.0%					39.6	3.0			4	0	0	1.0	1	2	0	0.0%
Za'Darius Smith	BAL	0	0	0										9	0	0	1.0	1	1	0	0.0%
C.J. Mosley	BAL	0	0	0										10	0	0	0.0	0	5	0	0.0%
Tavon Young	BAL	0	1	0	0.0%					39.6	11.0			2	0	0	0.0	0	0	0	
Anthony Levine	BAL	0	0	0										3	0	0	0.0	0	0	0	
Eric Weddle	BAL	0	1	0	0.0%					39.6	40.0			3	0	0	0.0	0	2	0	0.0%
Matt Judon	BAL	0	0	0										9	0	0	0.0	0	0	0	
Player	Tm	Int	Tgt	Cmp	Cmp%	Yds	Yds/Cmp	Yds/Tgt	TD	Rat	DADOT	Air	YAC	Bltz	Hrry	QBKD	Sk	Prss	Comb	MTkl	MTkl%
Deion Jones	ATL	0	4	4	100.0%	41	10.3	10.3	0	109.4	7.5	30	11	1	0	0	1.0	1	15	0	0.0%
Robert Alford	ATL	0	4	3	75.0%	36	12.0	9.0	0	102.1	13.3	26	10	0	0	0	0.0	0	5	1	16.7%
Sharrod Neasman	ATL	0	7	3	42.9%	22	7.3	3.1	0	50.9	7.9	9	13	0	0	0	0.0	0	6	0	0.0%
Desmond Trufant	ATL	0	3	1	33.3%	21	21.0	7.0	0	59.0	19.3	19	2	2	2	0	0.0	2	3	0	0.0%
Foyesade Oluokun	ATL	0	2	1	50.0%	8	8.0	4.0	0	60.4	8.0	5	3	0	0	0	0.0	0	10	1	9.1%
De'Vondre Campbell	ATL	0	2	1	50.0%	7	7.0	3.5	0	58.3	3.5	0	7	3	0	0	0.0	0	6	0	0.0%
Damontae Kazee	ATL	0	2	1	50.0%	18	18.0	9.0	0	81.2	21.5	16	2	0	0	0	0.0	0	6	2	25.0%
Grady Jarrett	ATL	0	0	0										0	3	0	1.0	4	7	1	12.5%
Jack Crawford	ATL	0	0	0										0	1	0	0.0	1	2	0	0.0%
Takkarist McKinley	ATL	0	0	0										0	1	0	0.0	1	1	0	0.0%
Vic Beasley	ATL	0	0	0										5	0	0	0.0	0	2	0	0.0%
Brian Poole	ATL	0	1	0	0.0%					39.6	2.0			1	0	0	0.0	0	2	1	33.3%"
