advanced_rushing = document.querySelectorAll("#rushing_advanced > tbody")[0].innerText;
advanced_receiving = document.querySelectorAll("#receiving_advanced > tbody")[0].innerText;
advanced_defense = document.querySelectorAll("#defense_advanced > tbody")[0].innerText;
advanced_passing = document.querySelectorAll("#passing_advanced > tbody")[0].innerText;
"Case Keenum	DEN	12	21	151	6	26.1	126	6.0	95	7.9	4.5	56	4.7	0	0.0%	5	26.3%	2	3	4	2	1	10.0
Player	Tm	Cmp	Att	Yds	1D	1D%	IAY	IAY/PA	CAY	CAY/Cmp	CAY/PA	YAC	YAC/Cmp	Drops	Drop%	BadTh	Bad%	Sk	Bltz	Hrry	Hits	Scrm	Yds/Scr
Jeff Driskel	CIN	25	37	236	12	29.3	199	5.4	85	3.4	2.3	151	6.0	3	8.3%	5	13.9%	4	11	2	5	0	"
advanced_rushing
"Phillip Lindsay	DEN	19	157	7	132	6.9	25	1.3	0	
Royce Freeman	DEN	12	48	1	13	1.1	35	2.9	1	12.0
Case Keenum	DEN	2	9	1	9	4.5	0	0.0	0	
Devontae Booker	DEN	1	4	0	3	3.0	1	1.0	0	
Player	Tm	Att	Yds	1D	YBC	YBC/Att	YAC	YAC/Att	BrkTkl	Att/Br
Joe Mixon	CIN	12	82	5	39	3.3	43	3.6	0	
Giovani Bernard	CIN	5	14	0	7	1.4	7	1.4	0	
Jeff Driskel	CIN	3	3	0	-1	-0.3	4	1.3	0	
Alex Erickson	CIN	1	0		-1	-1.0	1	1.0	0	
John Ross	CIN	1	2	0	2	2.0	0	0.0	0	
Mark Walton	CIN	1	10	1	7	7.0	3	3.0	0	"
advanced_receiving
"Emmanuel Sanders	DEN	6	4	19	2	9	2.3	10	2.5	0		0	0.0
Courtland Sutton	DEN	7	4	85	3	79	19.8	6	1.5	0		0	0.0
Devontae Booker	DEN	2	2	38	1	13	6.5	25	12.5	0		0	0.0
Andy Janovich	DEN	2	1	7		-4	-4.0	11	11.0	1	1.0	0	0.0
Phillip Lindsay	DEN	1	1	2	0	-2	-2.0	4	4.0	0		0	0.0
Matt LaCosse	DEN	1	0	0		0		0		0		0	0.0
Player	Tm	Tgt	Rec	Yds	1D	YBC	YBC/R	YAC	YAC/R	BrkTkl	Rec/Br	Drop	Drop%
Giovani Bernard	CIN	8	6	32	2	-8	-1.3	40	6.7	1	6.0	0	0.0
Tyler Boyd	CIN	8	6	97	4	58	9.7	39	6.5	0		2	25.0
C.J. Uzomah	CIN	6	5	33	2	16	3.2	17	3.4	0		0	0.0
Joe Mixon	CIN	2	2	13	1	-4	-2.0	17	8.5	1	2.0	0	0.0
John Ross	CIN	3	2	13	1	6	3.0	7	3.5	0		0	0.0
Cody Core	CIN	4	1	30	1	15	15.0	15	15.0	1	1.0	1	25.0
Alex Erickson	CIN	1	1	2		-4	-4.0	6	6.0	0		0	0.0
A.J. Green	CIN	1	1	7		2	2.0	5	5.0	0		0	0.0
Matt Lengel	CIN	2	1	9	1	4	4.0	5	5.0	0		0	0.0
Jordan Franks	CIN	1	0	0		0		0		0		0	0.0"
advanced_defense
"Todd Davis	DEN	0	11	9	81.8%	67	7.4	6.1	0	92.0	0.8	7	60	2	0	0	0.0	0	10	3	23.1%
Justin Simmons	DEN	1	8	6	75.0%	75	12.5	9.4	0	64.1	11.0	38	37	0	0	0	0.0	0	9	0	0.0%
Bradley Roby	DEN	0	5	3	60.0%	40	13.3	8.0	1	125.0	7.8	17	23	0	0	0	0.0	0	3	1	25.0%
Bradley Chubb	DEN	0	2	1	50.0%	4	4.0	2.0	0	56.2	1.5	3	1	7	2	2	1.0	5	3	0	0.0%
Von Miller	DEN	0	1	1	100.0%	4	4.0	4.0	0	83.3	-4.0	-4	8	7	0	1	1.5	3	3	1	25.0%
Su'a Cravens	DEN	0	1	1	100.0%	23	23.0	23.0	0	118.7	20.0	20	3	1	0	1	0.0	1	7	0	0.0%
Will Parks	DEN	0	1	1	100.0%	2	2.0	2.0	0	79.2	-4.0	-4	6	0	0	0	0.0	0	2	0	0.0%
Darian Stewart	DEN	0	1	1	100.0%	8	8.0	8.0	0	100.0	2.0	2	6	0	0	0	0.0	0	3	2	40.0%
Joseph Jones	DEN	0	1	1	100.0%	2	2.0	2.0	0	79.2	2.0	2	0	0	0	0	0.0	0	4	0	0.0%
Isaac Yiadom	DEN	0	4	1	25.0%	11	11.0	2.8	0	39.6	9.3	4	7	0	0	0	0.0	0	3	1	25.0%
Shelby Harris	DEN	0	0	0										0	0	0	1.5	2	2	0	0.0%
Adam Gotsis	DEN	0	0	0										0	0	1	0.0	1	3	0	0.0%
Josey Jewell	DEN	0	1	0	0.0%					39.6	0.0			0	0	0	0.0	0	1	0	0.0%
Player	Tm	Int	Tgt	Cmp	Cmp%	Yds	Yds/Cmp	Yds/Tgt	TD	Rat	DADOT	Air	YAC	Bltz	Hrry	QBKD	Sk	Prss	Comb	MTkl	MTkl%
William Jackson	CIN	0	4	2	50.0%	34	17.0	8.5	0	79.2	8.8	22	12	0	0	0	0.0	0	1	1	50.0%
Dre Kirkpatrick	CIN	0	4	2	50.0%	20	10.0	5.0	0	64.6	6.5	16	4	0	0	0	0.0	0	5	0	0.0%
Jordan Evans	CIN	0	2	2	100.0%	8	4.0	4.0	0	83.3	2.0	4	4	0	0	0	0.0	0	5	0	0.0%
Shawn Williams	CIN	0	2	2	100.0%	14	7.0	7.0	0	95.8	4.0	8	6	2	0	0	0.0	0	9	1	10.0%
Darqueze Dennard	CIN	0	2	1	50.0%	14	14.0	7.0	0	72.9	4.0	10	4	0	0	0	0.0	0	3	0	0.0%
Nick Vigil	CIN	0	1	1	100.0%	30	30.0	30.0	0	118.7	9.0	9	21	0	0	0	0.0	0	2	2	50.0%
Geno Atkins	CIN	0	0	0										1	3	1	0.0	4	0	0	
Sam Hubbard	CIN	0	0	0										0	0	1	1.0	2	2	0	0.0%
Jordan Willis	CIN	0	0	0										0	0	0	1.0	1	1	0	0.0%
Andrew Billings	CIN	0	0	0										0	1	0	0.0	1	5	0	0.0%
Carlos Dunlap	CIN	0	0	0										1	0	0	0.0	0	3	0	0.0%
Vontaze Burfict	CIN	0	1	0	0.0%					39.6	0.0			1	0	0	0.0	0	2	1	33.3%
Jessie Bates	CIN	0	1	0	0.0%					39.6	9.0			0	0	0	0.0	0	2	0	0.0%
Hardy Nickerson	CIN	0	0	0										2	0	0	0.0	0	5	0	0.0%"
