advanced_rushing = document.querySelectorAll("#rushing_advanced > tbody")[0].innerText;
advanced_receiving = document.querySelectorAll("#receiving_advanced > tbody")[0].innerText;
advanced_defense = document.querySelectorAll("#defense_advanced > tbody")[0].innerText;
advanced_passing = document.querySelectorAll("#passing_advanced > tbody")[0].innerText;
"Jared Goff	LAR	17	33	207	12	34.3	348	10.5	149	8.8	4.5	58	3.4	0	0.0%	11	34.4%	2	4	3	2	0	
Player	Tm	Cmp	Att	Yds	1D	1D%	IAY	IAY/PA	CAY	CAY/Cmp	CAY/PA	YAC	YAC/Cmp	Drops	Drop%	BadTh	Bad%	Sk	Bltz	Hrry	Hits	Scrm	Yds/Scr
Matthew Stafford	DET	20	33	245	13	35.1	269	8.2	137	6.9	4.2	108	5.4	2	6.1%	9	27.3%	4	8	2	6	0	
Bruce Ellington	DET	0	1	0	0	0.0	10	10.0	0		0.0	0		0	0.0%	0	0.0%	0	0	0	0	0	"
advanced_rushing
"Todd Gurley	LAR	23	132	8	65	2.8	67	2.9	2	11.5
Malcolm Brown	LAR	2	8		2	1.0	6	3.0	1	2.0
Jared Goff	LAR	2	-2	0	-2	-1.0	0	0.0	0	
Robert Woods	LAR	2	11	1	11	5.5	0	0.0	0	
Player	Tm	Att	Yds	1D	YBC	YBC/Att	YAC	YAC/Att	BrkTkl	Att/Br
LeGarrette Blount	DET	16	61	4	30	1.9	31	1.9	1	16.0
Theo Riddick	DET	8	32	1	15	1.9	17	2.1	2	4.0
Matthew Stafford	DET	1	2	0	2	2.0	0	0.0	0	
Zach Zenner	DET	1	7		7	7.0	0	0.0	0	"
advanced_receiving
"Robert Woods	LAR	8	5	67	4	54	10.8	13	2.6	0		0	0.0
Brandin Cooks	LAR	6	4	62	3	55	13.8	7	1.8	0		0	0.0
Todd Gurley	LAR	5	3	33	2	6	2.0	27	9.0	0		0	0.0
Tyler Higbee	LAR	4	2	19	1	15	7.5	4	2.0	0		0	0.0
Josh Reynolds	LAR	5	2	19	1	15	7.5	4	2.0	0		0	0.0
Gerald Everett	LAR	3	1	7	1	4	4.0	3	3.0	0		0	0.0
Pharoh Cooper	LAR	1	0	0		0		0		0		0	0.0
Player	Tm	Tgt	Rec	Yds	1D	YBC	YBC/R	YAC	YAC/R	BrkTkl	Rec/Br	Drop	Drop%
Bruce Ellington	DET	10	7	35	3	-3	-0.4	38	5.4	0		1	10.0
Levine Toilolo	DET	6	4	90	3	63	15.8	27	6.8	1	4.0	0	0.0
Kenny Golladay	DET	8	3	50	3	39	13.0	11	3.7	0		0	0.0
Theo Riddick	DET	4	3	26	2	14	4.7	12	4.0	0		1	25.0
Taylor Decker	DET	1	1	11	1	1	1.0	10	10.0	0		0	0.0
T.J. Jones	DET	1	1	25	1	17	17.0	8	8.0	0		0	0.0
Luke Willson	DET	2	1	8		6	6.0	2	2.0	0		0	0.0
LeGarrette Blount	DET	1	0	0	0	0		0		0		0	0.0"
advanced_defense
"Lamarcus Joyner	LAR	0	2	2	100.0%	43	21.5	21.5	0	118.7	16.5	33	10	0	0	0	0.0	0	6	0	0.0%
Cory Littleton	LAR	0	4	1	25.0%	51	51.0	12.8	0	79.2	12.5	34	17	2	0	0	1.0	1	4	0	0.0%
John Johnson	LAR	0	4	1	25.0%	48	48.0	12.0	0	77.1	8.5	34	14	0	0	0	0.0	0	12	0	0.0%
Marqui Christian	LAR	0	5	1	20.0%	8	8.0	1.6	0	39.6	11.4	2	6	2	0	0	0.0	0	3	0	0.0%
Nickell Robey-Coleman	LAR	0	4	1	25.0%	20	20.0	5.0	0	47.9	5.0	9	11	0	0	0	0.0	0	3	0	0.0%
Troy Hill	LAR	1	4	1	25.0%	25	25.0	6.3	0	13.5	14.5	17	8	0	0	0	0.0	0	0	0	
Aaron Donald	LAR	0	1	0	0.0%					39.6	-2.0			0	0	2	2.0	4	6	1	14.3%
Dante Fowler	LAR	0	1	0	0.0%	-3		-3.0	0	39.6	-3.0	-3	0	0	1	0	1.0	2	5	0	0.0%
Ndamukong Suh	LAR	0	0	0										0	0	1	0.0	1	6	0	0.0%
Marcus Peters	LAR	0	2	0	0.0%	11		5.5	0	50.0	6.5	11	0	1	0	1	0.0	1	2	0	0.0%
Samson Ebukam	LAR	0	0	0										1	1	0	0.0	1	2	0	0.0%
Michael Brockers	LAR	0	0	0										0	0	1	0.0	1	1	0	0.0%
Matt Longacre	LAR	0	0	0										0	0	1	0.0	1	0	0	
Mark Barron	LAR	0	3	0	0.0%	21		7.0	1	95.8	3.0	1	20	1	0	0	0.0	0	3	2	40.0%
Sam Shields	LAR	0	2	0	0.0%	6		3.0	0	39.6	9.5	5	1	0	0	0	0.0	0	1	0	0.0%
Player	Tm	Int	Tgt	Cmp	Cmp%	Yds	Yds/Cmp	Yds/Tgt	TD	Rat	DADOT	Air	YAC	Bltz	Hrry	QBKD	Sk	Prss	Comb	MTkl	MTkl%
Mike Ford	DET	0	7	1	14.3%	76	76.0	10.9	0	72.3	10.1	66	10	0	0	0	0.0	0	6	0	0.0%
Romeo Okwara	DET	0	1	0	0.0%					39.6	-2.0			0	2	0	0.0	2	0	0	
Ezekiel Ansah	DET	0	0	0										0	0	1	0.0	1	0	0	
Damon Harrison	DET	0	0	0										0	0	0	1.0	1	7	0	0.0%
Jarrad Davis	DET	0	2	0	0.0%	12		6.0	0	52.1	4.0	8	4	1	0	1	0.0	1	5	2	28.6%
A'Shawn Robinson	DET	0	0	0										0	1	0	0.0	1	5	0	0.0%
Eli Harold	DET	0	1	0	0.0%					39.6	-5.0			0	0	0	1.0	1	2	0	0.0%
Quandre Diggs	DET	1	7	0	0.0%	45		6.4	0	14.3	17.7	36	9	0	0	0	0.0	0	6	0	0.0%
Glover Quin	DET	0	0	0										1	0	0	0.0	0	2	1	33.3%
Nevin Lawson	DET	0	4	0	0.0%					39.6	12.5			0	0	0	0.0	0	5	0	0.0%
DeShawn Shead	DET	0	1	0	0.0%					39.6	16.0			0	0	0	0.0	0	1	0	0.0%
Christian Jones	DET	0	2	0	0.0%	5		2.5	0	39.6	12.5	5	0	1	0	0	0.0	0	6	0	0.0%
Darius Slay	DET	0	6	0	0.0%	50		8.3	1	101.4	11.3	40	10	0	0	0	0.0	0	3	2	40.0%"
