advanced_rushing = document.querySelectorAll("#rushing_advanced > tbody")[0].innerText;
advanced_receiving = document.querySelectorAll("#receiving_advanced > tbody")[0].innerText;
advanced_defense = document.querySelectorAll("#defense_advanced > tbody")[0].innerText;
advanced_passing = document.querySelectorAll("#passing_advanced > tbody")[0].innerText;
"Josh Rosen	ARI	11	26	149	8	28.6	250	9.6	118	10.7	4.5	31	2.8	0	0.0%	6	27.3%	2	13	8	1	1	33.0
Player	Tm	Cmp	Att	Yds	1D	1D%	IAY	IAY/PA	CAY	CAY/Cmp	CAY/PA	YAC	YAC/Cmp	Drops	Drop%	BadTh	Bad%	Sk	Bltz	Hrry	Hits	Scrm	Yds/Scr
Aaron Rodgers	GNB	31	50	233	15	29.4	424	8.5	109	3.5	2.2	124	4.0	5	10.6%	9	19.1%	1	23	12	3	3	6.7"
advanced_rushing
"David Johnson	ARI	20	69	3	22	1.1	47	2.4	2	10.0
Chase Edmonds	ARI	5	53	3	30	6.0	23	4.6	1	5.0
Josh Rosen	ARI	2	32	1	-8	-4.0	40	20.0	0	
Christian Kirk	ARI	1	23	1	23	23.0	0	0.0	0	
T.J. Logan	ARI	1	5		3	3.0	2	2.0	0	
Player	Tm	Att	Yds	1D	YBC	YBC/Att	YAC	YAC/Att	BrkTkl	Att/Br
Aaron Jones	GNB	11	36	2	9	0.8	27	2.5	2	5.5
Jamaal Williams	GNB	7	13	0	5	0.7	8	1.1	0	
Aaron Rodgers	GNB	3	20	2	20	6.7	0	0.0	0	
Marquez Valdes-Scantling	GNB	2	29	2	29	14.5	0	0.0	0	"
advanced_receiving
"Larry Fitzgerald	ARI	6	3	48	2	47	15.7	1	0.3	0		0	0.0
Christian Kirk	ARI	8	3	54	2	51	17.0	3	1.0	0		0	0.0
Chase Edmonds	ARI	2	2	13	2	-5	-2.5	18	9.0	0		0	0.0
David Johnson	ARI	2	1	3	0	-4	-4.0	7	7.0	0		0	0.0
Ricky Seals-Jones	ARI	3	1	10	1	10	10.0	0	0.0	0		0	0.0
Trent Sherfield	ARI	3	1	21	1	19	19.0	2	2.0	0		0	0.0
Player	Tm	Tgt	Rec	Yds	1D	YBC	YBC/R	YAC	YAC/R	BrkTkl	Rec/Br	Drop	Drop%
Davante Adams	GNB	13	8	93	6	66	8.3	27	3.4	1	8.0	1	7.7
Jimmy Graham	GNB	11	8	50	4	27	3.4	23	2.9	0		0	0.0
Aaron Jones	GNB	4	4	16	0	-6	-1.5	22	5.5	0		0	0.0
Jamaal Williams	GNB	4	4	14	2	-8	-2.0	22	5.5	0		0	0.0
Randall Cobb	GNB	5	3	25		1	0.3	24	8.0	1	3.0	1	20.0
Marquez Valdes-Scantling	GNB	7	2	19	1	13	6.5	6	3.0	0		2	28.6
Jake Kumerow	GNB	2	1	11	1	12	12.0	-1	-1.0	0		0	0.0
Robert Tonyan	GNB	1	1	5	1	4	4.0	1	1.0	0		0	0.0
Equanimeous St. Brown	GNB	1	0	0		0		0		0		1	100.0"
advanced_defense
"Budda Baker	ARI	0	10	7	70.0%	62	8.9	6.2	1	119.6	8.0	20	42	8	1	0	0.0	1	5	1	16.7%
Gerald Hodges	ARI	0	7	6	85.7%	40	6.7	5.7	0	90.5	5.6	17	23	3	0	0	0.0	0	13	1	7.1%
Haason Reddick	ARI	0	5	5	100.0%	36	7.2	7.2	0	96.7	3.8	19	17	13	1	0	0.0	1	5	1	16.7%
Antoine Bethea	ARI	0	6	4	66.7%	19	4.8	3.2	0	70.8	7.8	17	2	4	1	0	0.0	1	10	0	0.0%
David Amerson	ARI	0	9	4	44.4%	32	8.0	3.6	0	53.9	9.4	23	9	0	0	0	0.0	0	6	0	0.0%
Tre Boston	ARI	0	6	3	50.0%	29	9.7	4.8	0	63.9	14.0	4	25	1	1	0	0.0	1	4	1	20.0%
Patrick Peterson	ARI	0	7	2	28.6%	7	3.5	1.0	0	39.6	11.3	-2	9	0	0	0	0.0	0	1	1	50.0%
Leonard Johnson	ARI	0	1	1	100.0%	7	7.0	7.0	0	95.8	5.0	5	2	0	0	0	0.0	0	2	0	0.0%
Chandler Jones	ARI	0	0	0										0	3	2	1.0	6	4	0	0.0%
Rodney Gunter	ARI	0	0	0										0	3	0	0.0	3	2	0	0.0%
Benson Mayowa	ARI	0	1	0	0.0%					39.6	7.0			0	2	0	0.0	2	1	0	0.0%
Markus Golden	ARI	0	0	0										0	0	1	0.0	1	3	0	0.0%
Corey Peters	ARI	0	0	0										0	0	0	0.0	0	2	1	33.3%
Player	Tm	Int	Tgt	Cmp	Cmp%	Yds	Yds/Cmp	Yds/Tgt	TD	Rat	DADOT	Air	YAC	Bltz	Hrry	QBKD	Sk	Prss	Comb	MTkl	MTkl%
Josh Jackson	GNB	0	5	3	60.0%	33	11.0	6.6	0	79.6	6.8	31	2	1	0	0	0.0	0	2	0	0.0%
Tramon Williams	GNB	0	5	2	40.0%	17	8.5	3.4	0	49.6	13.0	12	5	2	0	0	0.0	0	4	1	20.0%
Josh Jones	GNB	0	1	1	100.0%	10	10.0	10.0	0	108.3	10.0	10	0	4	0	0	1.0	1	5	0	0.0%
Tony Brown	GNB	0	2	1	50.0%	9	9.0	4.5	0	62.5	4.5	9	0	0	0	0	0.0	0	2	0	0.0%
Jaire Alexander	GNB	0	5	1	20.0%	37	37.0	7.4	0	57.9	14.2	34	3	0	0	0	0.0	0	1	0	0.0%
Ibraheim Campbell	GNB	0	1	1	100.0%	12	12.0	12.0	0	116.7	11.0	11	1	1	0	0	0.0	0	8	0	0.0%
Eddie Pleasant	GNB	0	1	1	100.0%	32	32.0	32.0	0	118.7	32.0	32	0	0	0	0	0.0	0	1	0	0.0%
Dean Lowry	GNB	0	0	0										0	2	0	1.0	3	2	2	50.0%
Kyler Fackrell	GNB	0	0	0										8	3	0	0.0	3	2	0	0.0%
Reggie Gilbert	GNB	0	0	0										2	1	1	0.0	2	3	0	0.0%
Clay Matthews	GNB	0	0	0										6	2	0	0.0	2	1	1	50.0%
Blake Martinez	GNB	0	3	0	0.0%					39.6	10.0			5	1	0	0.0	1	10	0	0.0%"
