advanced_rushing = document.querySelectorAll("#rushing_advanced > tbody")[0].innerText;
advanced_receiving = document.querySelectorAll("#receiving_advanced > tbody")[0].innerText;
advanced_defense = document.querySelectorAll("#defense_advanced > tbody")[0].innerText;
advanced_passing = document.querySelectorAll("#passing_advanced > tbody")[0].innerText;
"Andrew Luck	IND	33	52	248	15	27.3	355	6.8	120	3.6	2.3	128	3.9	1	2.1%	9	18.8%	3	11	4	6	2	8.0
Player	Tm	Cmp	Att	Yds	1D	1D%	IAY	IAY/PA	CAY	CAY/Cmp	CAY/PA	YAC	YAC/Cmp	Drops	Drop%	BadTh	Bad%	Sk	Bltz	Hrry	Hits	Scrm	Yds/Scr
Cody Kessler	JAX	18	24	150	7	25.9	118	4.9	35	1.9	1.5	115	6.4	1	4.5%	2	9.1%	3	3	1	4	5	5.6"
advanced_rushing
"Marlon Mack	IND	8	27		17	2.1	10	1.3	2	4.0
Nyheim Hines	IND	4	5	0	2	0.5	3	0.8	0	
Andrew Luck	IND	2	16	1	16	8.0	0	0.0	0	
Eric Ebron	IND	1	-9	0	-9	-9.0	0	0.0	0	
Zach Pascal	IND	1	2	0	2	2.0	0	0.0	0	
Player	Tm	Att	Yds	1D	YBC	YBC/Att	YAC	YAC/Att	BrkTkl	Att/Br
Carlos Hyde	JAX	13	36		19	1.5	17	1.3	2	6.5
T.J. Yeldon	JAX	8	16	1	7	0.9	9	1.1	0	
Cody Kessler	JAX	5	28	1	11	2.2	17	3.4	0	
Dede Westbrook	JAX	1	-1	0	-1	-1.0	0	0.0	0	"
advanced_receiving
"Eric Ebron	IND	16	10	81	3	37	3.7	44	4.4	0		0	0.0
Nyheim Hines	IND	9	9	50	4	6	0.7	44	4.9	0		0	0.0
T.Y. Hilton	IND	13	8	77	7	57	7.1	20	2.5	0		0	0.0
Dontrelle Inman	IND	6	2	14		13	6.5	1	0.5	0		0	0.0
Marlon Mack	IND	1	1	6		2	2.0	4	4.0	0		0	0.0
Zach Pascal	IND	1	1	16	1	5	5.0	11	11.0	0		0	0.0
Erik Swoope	IND	1	1	4		0	0.0	4	4.0	0		0	0.0
Jordan Wilkins	IND	1	1	0		0	0.0	0	0.0	0		0	0.0
Ryan Grant	IND	2	0	0		0		0		0		1	50.0
Player	Tm	Tgt	Rec	Yds	1D	YBC	YBC/R	YAC	YAC/R	BrkTkl	Rec/Br	Drop	Drop%
T.J. Yeldon	JAX	8	7	49	2	1	0.1	48	6.9	3	2.3	1	12.5
Donte Moncrief	JAX	4	3	40	1	20	6.7	20	6.7	0		0	0.0
Dede Westbrook	JAX	5	3	25	2	10	3.3	15	5.0	1	3.0	0	0.0
Keelan Cole	JAX	2	2	16	1	11	5.5	5	2.5	0		0	0.0
James O'Shaughnessy	JAX	2	2	19	1	-2	-1.0	21	10.5	1	2.0	0	0.0
Carlos Hyde	JAX	1	1	1		-5	-5.0	6	6.0	0		0	0.0"
advanced_defense
"Kenny Moore	IND	0	9	7	77.8%	55	7.9	6.1	0	92.1	8.3	15	40	2	0	0	0.0	0	6	1	14.3%
Clayton Geathers	IND	0	3	3	100.0%	25	8.3	8.3	0	101.4	-1.0	-3	28	0	0	1	0.0	1	7	3	30.0%
Darius Leonard	IND	0	3	3	100.0%	33	11.0	11.0	0	112.5	-0.3	-1	34	0	0	0	0.0	0	9	1	10.0%
Quincy Wilson	IND	0	3	3	100.0%	29	9.7	9.7	0	106.9	7.3	22	7	0	0	0	0.0	0	3	0	0.0%
Pierre Desir	IND	0	3	2	66.7%	8	4.0	2.7	0	70.1	4.0	2	6	0	0	0	0.0	0	8	0	0.0%
Matthew Adams	IND	0	1	1	100.0%	5	5.0	5.0	0	87.5	1.0	1	4	0	0	0	0.0	0	2	0	0.0%
Denico Autry	IND	0	0	0										0	0	1	3.0	4	7	1	12.5%
Tyquan Lewis	IND	0	0	0										0	1	2	0.0	3	0	0	
Mike Mitchell	IND	0	0	0										0	0	0	0.0	0	1	1	50.0%
Margus Hunt	IND	0	0	0										0	0	0	0.0	0	1	1	50.0%
Player	Tm	Int	Tgt	Cmp	Cmp%	Yds	Yds/Cmp	Yds/Tgt	TD	Rat	DADOT	Air	YAC	Bltz	Hrry	QBKD	Sk	Prss	Comb	MTkl	MTkl%
D.J. Hayden	JAX	1	9	7	77.8%	64	9.1	7.1	0	56.7	4.1	7	57	1	0	0	0.0	0	4	1	20.0%
A.J. Bouye	JAX	0	8	7	87.5%	40	5.7	5.0	0	87.5	4.5	19	21	0	0	0	0.0	0	6	0	0.0%
Telvin Smith	JAX	0	7	7	100.0%	48	6.9	6.9	0	95.2	4.3	30	18	4	0	0	0.0	0	12	0	0.0%
Myles Jack	JAX	0	6	6	100.0%	38	6.3	6.3	0	93.1	2.3	14	24	2	0	0	0.0	0	10	0	0.0%
Jalen Ramsey	JAX	0	13	5	38.5%	58	11.6	4.5	0	52.7	14.3	51	7	0	0	0	0.0	0	6	0	0.0%
Yannick Ngakoue	JAX	0	1	1	100.0%	0	0.0	0.0	0	79.2	0.0	0	0	0	1	1	1.0	3	4	0	0.0%
Ronnie Harrison	JAX	0	2	1	50.0%	10	10.0	5.0	0	64.6	3.0	6	4	3	0	0	1.0	1	3	0	0.0%
Tashaun Gipson	JAX	0	3	1	33.3%	6	6.0	2.0	0	42.4	10.0	1	5	3	0	1	0.0	1	2	0	0.0%
Calais Campbell	JAX	0	0	0										0	1	1	1.0	3	2	0	0.0%
Dawuane Smoot	JAX	0	0	0										0	1	2	0.0	3	2	0	0.0%
Marcell Dareus	JAX	0	0	0										0	1	1	0.0	2	1	1	50.0%"
