advanced_rushing = document.querySelectorAll("#rushing_advanced > tbody")[0].innerText;
advanced_receiving = document.querySelectorAll("#receiving_advanced > tbody")[0].innerText;
advanced_defense = document.querySelectorAll("#defense_advanced > tbody")[0].innerText;
advanced_passing = document.querySelectorAll("#passing_advanced > tbody")[0].innerText;
"Chase Daniel	CHI	26	39	285	11	25.0	362	9.3	195	7.5	5.0	90	3.5	1	2.6%	4	10.3%	5	13	4	2	1	4.0
Tarik Cohen	CHI	1	1	1	1	100.0	1	1.0	1	1.0	1.0	0	0.0	0	0.0%	0	0.0%	0	0	0	0	0	
Player	Tm	Cmp	Att	Yds	1D	1D%	IAY	IAY/PA	CAY	CAY/Cmp	CAY/PA	YAC	YAC/Cmp	Drops	Drop%	BadTh	Bad%	Sk	Bltz	Hrry	Hits	Scrm	Yds/Scr
Eli Manning	NYG	19	35	170	11	28.9	233	6.7	96	5.1	2.7	74	3.9	1	2.9%	5	14.7%	3	5	3	3	0	
Odell Beckham	NYG	1	1	49	1	100.0	44	44.0	44	44.0	44.0	5	5.0	0	0.0%	0	0.0%	0	1	0	0	0	"
advanced_rushing
"Jordan Howard	CHI	16	76	3	56	3.5	20	1.3	0	
Tarik Cohen	CHI	8	30	1	20	2.5	10	1.3	1	8.0
Chase Daniel	CHI	4	4	0	4	1.0	0	0.0	0	
Taquan Mizzell	CHI	3	7	0	4	1.3	3	1.0	0	
Akiem Hicks	CHI	1	1	1	1	1.0	0	0.0	0	
Player	Tm	Att	Yds	1D	YBC	YBC/Att	YAC	YAC/Att	BrkTkl	Att/Br
Saquon Barkley	NYG	24	125	4	81	3.4	44	1.8	1	24.0
Wayne Gallman	NYG	5	16		8	1.6	8	1.6	0	"
advanced_receiving
"Tarik Cohen	CHI	14	12	156	4	98	8.2	58	4.8	1	12.0	0	0.0
Allen Robinson	CHI	9	5	79	5	58	11.6	21	4.2	1	5.0	0	0.0
Taylor Gabriel	CHI	7	3	17		14	4.7	3	1.0	0		0	0.0
Taquan Mizzell	CHI	2	2	16	1	14	7.0	2	1.0	0		0	0.0
Adam Shaheen	CHI	2	2	5	1	5	2.5	0	0.0	0		0	0.0
Josh Bellamy	CHI	1	1	8	1	8	8.0	0	0.0	0		0	0.0
Jordan Howard	CHI	1	1	4	0	-2	-2.0	6	6.0	0		0	0.0
Anthony Miller	CHI	2	1	1	1	1	1.0	0	0.0	0		1	50.0
Ben Braunecker	CHI	1	0	0		0		0		0		0	0.0
Trey Burton	CHI	1	0	0		0		0		0		0	0.0
Player	Tm	Tgt	Rec	Yds	1D	YBC	YBC/R	YAC	YAC/R	BrkTkl	Rec/Br	Drop	Drop%
Rhett Ellison	NYG	6	4	42	2	21	5.3	21	5.3	0		0	0.0
Sterling Shepard	NYG	6	4	28	3	22	5.5	6	1.5	0		0	0.0
Odell Beckham	NYG	9	3	35	1	25	8.3	10	3.3	0		0	0.0
Saquon Barkley	NYG	4	3	21	1	-1	-0.3	22	7.3	0		0	0.0
Scott Simonson	NYG	3	2	25	2	19	9.5	6	3.0	0		0	0.0
Russell Shepard	NYG	2	2	59	2	54	27.0	5	2.5	0		0	0.0
Wayne Gallman	NYG	2	1	-2		-5	-5.0	3	3.0	0		1	50.0
Bennie Fowler	NYG	2	1	11	1	5	5.0	6	6.0	0		0	0.0
Elijhaa Penny	NYG	1	0	0		0		0		0		0	0.0"
advanced_defense
"Roquan Smith	CHI	0	6	4	66.7%	46	11.5	7.7	0	89.6	8.0	26	20	2	0	0	0.0	0	10	1	9.1%
Prince Amukamara	CHI	0	6	4	66.7%	42	10.5	7.0	0	86.8	8.0	33	9	0	0	0	0.0	0	5	0	0.0%
Danny Trevathan	CHI	0	7	3	42.9%	27	9.0	3.9	0	53.9	3.3	5	22	3	0	0	0.0	0	10	1	9.1%
Kyle Fuller	CHI	1	8	3	37.5%	24	8.0	3.0	0	6.2	7.0	16	8	0	0	0	0.0	0	2	0	0.0%
Adrian Amos	CHI	0	4	2	50.0%	-1	-0.5	-0.3	1	95.8	5.3	-4	3	0	0	0	0.0	0	4	0	0.0%
Khalil Mack	CHI	0	1	1	100.0%	15	15.0	15.0	0	118.7	6.0	6	9	1	1	1	1.0	3	5	0	0.0%
Leonard Floyd	CHI	0	1	1	100.0%	3	3.0	3.0	0	79.2	-4.0	-4	7	0	1	0	1.0	2	3	0	0.0%
Bryce Callahan	CHI	0	3	1	33.3%	8	8.0	2.7	0	42.4	22.0	6	2	1	0	1	0.0	1	1	1	50.0%
DeAndre Houston-Carson	CHI	0	1	1	100.0%	9	9.0	9.0	0	104.2	8.0	8	1	0	0	0	0.0	0	3	0	0.0%
Akiem Hicks	CHI	0	0	0										0	1	1	1.0	3	6	0	0.0%
Eddie Jackson	CHI	0	1	0	0.0%					39.6	34.0			0	0	0	0.0	0	6	0	0.0%
Player	Tm	Int	Tgt	Cmp	Cmp%	Yds	Yds/Cmp	Yds/Tgt	TD	Rat	DADOT	Air	YAC	Bltz	Hrry	QBKD	Sk	Prss	Comb	MTkl	MTkl%
B.W. Webb	NYG	0	11	7	63.6%	68	9.7	6.2	1	111.2	11.0	52	16	1	1	0	0.0	1	9	0	0.0%
Grant Haley	NYG	0	7	5	71.4%	56	11.2	8.0	1	134.5	7.0	39	17	3	0	0	0.0	0	8	0	0.0%
Landon Collins	NYG	0	6	4	66.7%	91	22.8	15.2	0	109.7	14.2	81	10	0	0	0	0.0	0	5	1	16.7%
Ukeme Eligwe	NYG	0	3	3	100.0%	15	5.0	5.0	0	87.5	1.3	4	11	4	1	0	0.0	1	4	0	0.0%
Alec Ogletree	NYG	2	3	3	100.0%	19	6.3	6.3	0	53.5	5.7	17	2	5	1	0	0.0	1	10	0	0.0%
Janoris Jenkins	NYG	0	6	1	16.7%	12	12.0	2.0	0	39.6	16.0	12	0	0	0	0	0.0	0	2	1	33.3%
Sean Chandler	NYG	0	1	1	100.0%	9	9.0	9.0	0	104.2	8.0	8	1	1	0	0	0.0	0	1	0	0.0%
Kerry Wynn	NYG	0	1	1	100.0%	2	2.0	2.0	0	79.2	-3.0	-3	5	0	0	0	0.0	0	4	1	20.0%
Michael Thomas	NYG	0	1	1	100.0%	4	4.0	4.0	0	83.3	4.0	4	0	0	0	0	0.0	0	6	1	14.3%
Curtis Riley	NYG	0	3	1	33.3%	5	5.0	1.7	0	42.4	12.3	-3	8	1	0	0	0.0	0	4	0	0.0%
Olivier Vernon	NYG	0	0	0										0	0	1	2.0	3	5	0	0.0%
B.J. Hill	NYG	0	0	0										0	0	0	3.0	3	3	0	0.0%
Dalvin Tomlinson	NYG	0	0	0										0	1	0	0.0	1	7	0	0.0%
R.J. McIntosh	NYG	0	0	0										0	0	1	0.0	1	2	0	0.0%
Kareem Martin	NYG	0	0	0										1	0	0	0.0	0	5	1	16.7%"
