advanced_rushing = document.querySelectorAll("#rushing_advanced > tbody")[0].innerText;
advanced_receiving = document.querySelectorAll("#receiving_advanced > tbody")[0].innerText;
advanced_defense = document.querySelectorAll("#defense_advanced > tbody")[0].innerText;
advanced_passing = document.querySelectorAll("#passing_advanced > tbody")[0].innerText;
"Nick Mullens	SFO	30	48	414	18	35.3	202	4.2	171	5.7	3.6	243	8.1	3	7.5%	3	7.5%	3	10	6	11	1	1.0
Player	Tm	Cmp	Att	Yds	1D	1D%	IAY	IAY/PA	CAY	CAY/Cmp	CAY/PA	YAC	YAC/Cmp	Drops	Drop%	BadTh	Bad%	Sk	Bltz	Hrry	Hits	Scrm	Yds/Scr
Russell Wilson	SEA	11	17	185	7	35.0	147	8.6	88	8.0	5.2	97	8.8	1	6.7%	2	13.3%	3	3	2	4	3	5.0"
advanced_rushing
"Jeff Wilson	SFO	15	61	4	33	2.2	28	1.9	0	
Matt Breida	SFO	5	6	0	3	0.6	3	0.6	0	
Nick Mullens	SFO	2	1	0	1	0.5	0	0.0	0	
Dante Pettis	SFO	1	-2	0	-2	-2.0	0	0.0	0	
Player	Tm	Att	Yds	1D	YBC	YBC/Att	YAC	YAC/Att	BrkTkl	Att/Br
Chris Carson	SEA	13	69	4	33	2.5	36	2.8	1	13.0
Rashaad Penny	SEA	7	65	3	43	6.1	22	3.1	1	7.0
Mike Davis	SEA	4	10		1	0.3	9	2.3	0	
Russell Wilson	SEA	4	14	0	12	3.0	2	0.5	0	
Tyler Lockett	SEA	1	10	1	10	10.0	0	0.0	0	"
advanced_receiving
"Jeff Wilson	SFO	9	8	73	4	-2	-0.3	75	9.4	1	8.0	0	0.0
George Kittle	SFO	9	6	70	3	52	8.7	18	3.0	0		1	11.1
Dante Pettis	SFO	7	5	129	4	60	12.0	69	13.8	1	5.0	0	0.0
Kendrick Bourne	SFO	7	4	60	3	35	8.8	25	6.3	0		1	14.3
Matt Breida	SFO	3	3	51	2	6	2.0	45	15.0	1	3.0	0	0.0
Kyle Juszczyk	SFO	3	3	20	1	13	4.3	7	2.3	0		0	0.0
Trent Taylor	SFO	2	1	11	1	7	7.0	4	4.0	0		0	0.0
Richie James	SFO	2	0	0		0		0		0		1	50.0
Player	Tm	Tgt	Rec	Yds	1D	YBC	YBC/R	YAC	YAC/R	BrkTkl	Rec/Br	Drop	Drop%
Jaron Brown	SEA	3	3	67	3	43	14.3	24	8.0	0		0	0.0
Chris Carson	SEA	4	3	39	1	-3	-1.0	42	14.0	0		0	0.0
Doug Baldwin	SEA	4	2	22	2	6	3.0	16	8.0	1	2.0	0	0.0
Tyler Lockett	SEA	2	1	52	1	44	44.0	8	8.0	0		0	0.0
Malik Turner	SEA	1	1	1		-3	-3.0	4	4.0	0		0	0.0
Nick Vannett	SEA	1	1	4		1	1.0	3	3.0	0		0	0.0
J.D. McKissic	SEA	1	0	0		0		0		0		1	100.0
David Moore	SEA	1	0	0		0		0		0		0	0.0"
advanced_defense
"Fred Warner	SFO	0	3	3	100.0%	40	13.3	13.3	0	118.7	1.0	3	37	2	0	1	0.0	1	8	0	0.0%
K'Waun Williams	SFO	0	3	3	100.0%	6	2.0	2.0	2	118.7	0.7	2	4	2	0	0	0.0	0	2	0	0.0%
Malcolm Smith	SFO	0	2	1	50.0%	52	52.0	26.0	1	135.4	21.0	44	8	0	0	0	0.0	0	7	0	0.0%
Marcell Harris	SFO	0	1	1	100.0%	4	4.0	4.0	1	122.9	4.0	4	0	1	0	0	0.0	0	5	3	37.5%
DeForest Buckner	SFO	0	0	0										0	1	0	2.0	3	7	1	12.5%
Sheldon Day	SFO	0	0	0										0	1	1	0.0	2	0	0	
Arik Armstead	SFO	0	0	0										0	1	0	0.0	1	2	1	33.3%
Ronald Blair	SFO	0	0	0										0	0	0	1.0	1	2	1	33.3%
Solomon Thomas	SFO	0	0	0										0	0	1	0.0	1	2	0	0.0%
Cassius Marsh	SFO	0	1	0	0.0%					39.6	7.0			0	0	1	0.0	1	2	0	0.0%
Ahkello Witherspoon	SFO	0	3	0	0.0%					39.6	12.0			0	0	0	0.0	0	4	1	20.0%
Player	Tm	Int	Tgt	Cmp	Cmp%	Yds	Yds/Cmp	Yds/Tgt	TD	Rat	DADOT	Air	YAC	Bltz	Hrry	QBKD	Sk	Prss	Comb	MTkl	MTkl%
Bradley McDougald	SEA	0	6	6	100.0%	54	9.0	9.0	0	104.2	5.5	33	21	5	1	0	0.0	1	9	0	0.0%
Shaquill Griffin	SEA	0	6	5	83.3%	81	16.2	13.5	1	158.3	6.8	41	40	0	0	0	0.0	0	4	1	20.0%
Bobby Wagner	SEA	1	7	4	57.1%	32	8.0	4.6	0	29.2	4.0	25	7	6	0	1	1.0	2	12	0	0.0%
Tre Flowers	SEA	0	7	4	57.1%	125	31.3	17.9	1	141.4	9.1	53	72	0	0	0	0.0	0	3	1	25.0%
Austin Calitro	SEA	0	4	3	75.0%	39	13.0	9.8	0	105.2	3.3	9	30	0	0	0	0.0	0	10	0	0.0%
Frank Clark	SEA	0	2	2	100.0%	16	8.0	8.0	0	100.0	-0.5	-1	17	0	1	3	0.0	4	3	0	0.0%
Justin Coleman	SEA	0	6	2	33.3%	6	3.0	1.0	0	42.4	1.3	3	3	2	0	0	0.5	1	10	0	0.0%
Tedric Thompson	SEA	0	2	1	50.0%	6	6.0	3.0	0	56.2	7.5	6	0	1	0	0	0.0	0	4	1	20.0%
Delano Hill	SEA	0	1	1	100.0%	33	33.0	33.0	0	118.7	9.0	9	24	2	0	0	0.0	0	3	1	25.0%
Jarran Reed	SEA	0	0	0										0	1	5	1.0	7	2	0	0.0%
Branden Jackson	SEA	0	0	0										0	2	0	0.0	2	1	1	50.0%
Quinton Jefferson	SEA	0	0	0										0	0	0	0.5	1	2	0	0.0%
Poona Ford	SEA	0	0	0										0	1	0	0.0	1	4	0	0.0%
Jacob Martin	SEA	0	0	0										0	0	1	0.0	1	0	0	
Nazair Jones	SEA	0	0	0										0	0	1	0.0	1	1	0	0.0%"
