advanced_rushing = document.querySelectorAll("#rushing_advanced > tbody")[0].innerText;
advanced_receiving = document.querySelectorAll("#receiving_advanced > tbody")[0].innerText;
advanced_defense = document.querySelectorAll("#defense_advanced > tbody")[0].innerText;
advanced_passing = document.querySelectorAll("#passing_advanced > tbody")[0].innerText;
"Mitchell Trubisky	CHI	12	20	135	5	23.8	211	10.6	102	8.5	5.1	33	2.8	0	0.0%	5	25.0%	1	6	5	3	0	
Player	Tm	Cmp	Att	Yds	1D	1D%	IAY	IAY/PA	CAY	CAY/Cmp	CAY/PA	YAC	YAC/Cmp	Drops	Drop%	BadTh	Bad%	Sk	Bltz	Hrry	Hits	Scrm	Yds/Scr
Nathan Peterman	BUF	31	49	188	9	17.0	244	5.0	64	2.1	1.3	124	4.0	1	2.1%	7	14.9%	4	17	7	5	6	7.5"
advanced_rushing
"Jordan Howard	CHI	14	47	3	8	0.6	39	2.8	1	14.0
Tarik Cohen	CHI	6	5		-11	-1.8	16	2.7	1	6.0
Chase Daniel	CHI	3	-3		-3	-1.0	0	0.0	0	
Anthony Miller	CHI	1	9	0	6	6.0	3	3.0	0	
Mitchell Trubisky	CHI	1	6	1	4	4.0	2	2.0	0	
Player	Tm	Att	Yds	1D	YBC	YBC/Att	YAC	YAC/Att	BrkTkl	Att/Br
LeSean McCoy	BUF	10	10	0	2	0.2	8	0.8	0	
Nathan Peterman	BUF	8	47	4	6	0.8	41	5.1	1	8.0
Chris Ivory	BUF	7	36	2	16	2.3	20	2.9	0	
Zay Jones	BUF	1	0		-2	-2.0	2	2.0	0	
Marcus Murphy	BUF	1	6		4	4.0	2	2.0	0	
Terrelle Pryor	BUF	1	-1		-1	-1.0	0	0.0	0	"
advanced_receiving
"Anthony Miller	CHI	6	5	49	1	44	8.8	5	1.0	0		0	0.0
Taylor Gabriel	CHI	5	3	45	2	34	11.3	11	3.7	0		0	0.0
Trey Burton	CHI	3	2	28	2	22	11.0	6	3.0	0		0	0.0
Tarik Cohen	CHI	2	1	8		5	5.0	3	3.0	0		0	0.0
Taquan Mizzell	CHI	2	1	5		-3	-3.0	8	8.0	0		0	0.0
Josh Bellamy	CHI	2	0	0		0		0		0		0	0.0
Player	Tm	Tgt	Rec	Yds	1D	YBC	YBC/R	YAC	YAC/R	BrkTkl	Rec/Br	Drop	Drop%
Logan Thomas	BUF	8	7	40	1	20	2.9	20	2.9	0		0	0.0
Kelvin Benjamin	BUF	9	4	40	3	29	7.3	11	2.8	0		0	0.0
Zay Jones	BUF	6	4	18		8	2.0	10	2.5	0		0	0.0
LeSean McCoy	BUF	4	4	19	2	-1	-0.3	20	5.0	2	2.0	0	0.0
Jason Croom	BUF	5	3	36	2	6	2.0	30	10.0	0		0	0.0
Chris Ivory	BUF	4	3	19	1	-8	-2.7	27	9.0	0		1	25.0
Marcus Murphy	BUF	4	3	-7		-12	-4.0	5	1.7	1	3.0	0	0.0
Terrelle Pryor	BUF	5	2	17		16	8.0	1	0.5	0		0	0.0
Andre Holmes	BUF	1	1	6		6	6.0	0	0.0	0		0	0.0
Ray-Ray McCloud	BUF	1	0	0		0		0		0		0	0.0"
advanced_defense
"Roquan Smith	CHI	0	11	10	90.9%	86	8.6	7.8	0	99.2	1.8	12	74	4	0	0	0.0	0	12	2	14.3%
Kyle Fuller	CHI	1	10	4	40.0%	29	7.3	2.9	0	8.3	7.8	19	10	0	0	0	0.0	0	3	0	0.0%
Eddie Jackson	CHI	0	5	4	80.0%	18	4.5	3.6	0	81.7	3.0	10	8	0	0	0	0.0	0	6	0	0.0%
Adrian Amos	CHI	1	4	3	75.0%	14	4.7	3.5	0	39.6	5.5	10	4	1	0	0	1.0	1	7	0	0.0%
Danny Trevathan	CHI	0	4	3	75.0%	6	2.0	1.5	0	77.1	7.3	-2	8	5	0	1	0.0	1	12	0	0.0%
Prince Amukamara	CHI	0	6	3	50.0%	17	5.7	2.8	0	56.2	10.7	8	9	0	0	0	0.0	0	5	1	16.7%
Sherrick McManis	CHI	0	1	1	100.0%	6	6.0	6.0	0	91.7	0.0	0	6	2	1	0	0.0	1	1	1	50.0%
Joel Iyiegbuniwe	CHI	0	1	1	100.0%	-6	-6.0	-6.0	0	79.2	-7.0	-7	1	4	0	0	0.0	0	3	0	0.0%
Nick Kwiatkoski	CHI	0	2	1	50.0%	11	11.0	5.5	0	66.7	4.5	4	7	3	0	0	0.0	0	1	0	0.0%
Deon Bush	CHI	0	1	1	100.0%	6	6.0	6.0	0	91.7	5.0	5	1	0	0	0	0.0	0	1	0	0.0%
Kevin Toliver	CHI	0	2	1	50.0%	11	11.0	5.5	0	66.7	18.0	11	0	0	0	0	0.0	0	1	0	0.0%
Bryce Callahan	CHI	0	1	1	100.0%	4	4.0	4.0	0	83.3	2.0	2	2	2	0	0	0.0	0	4	0	0.0%
Leonard Floyd	CHI	1	0	0										1	2	1	0.0	3	4	1	20.0%
Aaron Lynch	CHI	0	0	0										0	1	1	1.0	3	2	1	33.3%
Akiem Hicks	CHI	0	0	0										0	2	0	0.0	2	4	0	0.0%
Roy Robertson-Harris	CHI	0	0	0										0	0	1	1.0	2	2	0	0.0%
DeAndre Houston-Carson	CHI	0	1	0	0.0%					39.6	3.0			1	0	1	0.0	1	0	0	
Isaiah Irving	CHI	0	0	0										2	0	0	1.0	1	3	0	0.0%
Jonathan Bullard	CHI	0	0	0										0	1	0	0.0	1	2	0	0.0%
Player	Tm	Int	Tgt	Cmp	Cmp%	Yds	Yds/Cmp	Yds/Tgt	TD	Rat	DADOT	Air	YAC	Bltz	Hrry	QBKD	Sk	Prss	Comb	MTkl	MTkl%
Julian Stanford	BUF	0	4	4	100.0%	52	13.0	13.0	0	118.7	10.8	43	9	4	0	0	1.0	1	8	0	0.0%
Phillip Gaines	BUF	0	6	4	66.7%	54	13.5	9.0	0	95.1	10.3	48	6	0	0	0	0.0	0	4	0	0.0%
Jordan Poyer	BUF	0	3	3	100.0%	56	18.7	18.7	0	118.7	14.3	43	13	1	0	0	0.0	0	4	1	20.0%
Tre'Davious White	BUF	1	5	1	20.0%	5	5.0	1.0	0	0.0	14.0	-3	8	0	0	0	0.0	0	3	0	0.0%
Taron Johnson	BUF	0	2	1	50.0%	7	7.0	3.5	0	58.3	13.0	6	1	0	0	0	0.0	0	2	0	0.0%
Shaq Lawson	BUF	0	0	0										0	1	2	0.0	3	7	0	0.0%
Jerry Hughes	BUF	0	0	0										2	2	0	0.0	2	3	1	25.0%
Matt Milano	BUF	0	0	0										5	1	0	0.0	1	2	0	0.0%
Kyle Williams	BUF	0	0	0										0	0	1	0.0	1	1	0	0.0%
Eddie Yarbrough	BUF	0	0	0										1	0	0	0.0	0	4	0	0.0%
Micah Hyde	BUF	0	2	0	0.0%	2		1.0	1	79.2	1.5	1	1	2	0	0	0.0	0	1	1	50.0%"
