advanced_rushing = document.querySelectorAll("#rushing_advanced > tbody")[0].innerText;
advanced_receiving = document.querySelectorAll("#receiving_advanced > tbody")[0].innerText;
advanced_defense = document.querySelectorAll("#defense_advanced > tbody")[0].innerText;
advanced_passing = document.querySelectorAll("#passing_advanced > tbody")[0].innerText;
"Patrick Mahomes	KAN	23	32	375	15	44.1	216	6.8	161	7.0	5.0	214	9.3	4	12.9%	3	9.7%	2	5	3	5	1	3.0
Player	Tm	Cmp	Att	Yds	1D	1D%	IAY	IAY/PA	CAY	CAY/Cmp	CAY/PA	YAC	YAC/Cmp	Drops	Drop%	BadTh	Bad%	Sk	Bltz	Hrry	Hits	Scrm	Yds/Scr
Baker Mayfield	CLE	29	42	297	17	38.6	374	8.9	125	4.3	3.0	172	5.9	2	4.8%	10	23.8%	2	13	6	0	0	
Tyrod Taylor	CLE	1	1	11			-3	-3.0	-3	-3.0	-3.0	14	14.0	0	0.0%	0	0.0%	0	0	0	0	0	"
advanced_rushing
"Kareem Hunt	KAN	17	91	8	47	2.8	44	2.6	2	8.5
Tyreek Hill	KAN	2	16	1	13	6.5	3	1.5	0	
Patrick Mahomes	KAN	2	18	0	18	9.0	0	0.0	0	
Spencer Ware	KAN	2	12	1	7	3.5	5	2.5	0	
Sammy Watkins	KAN	1	2	0	-5	-5.0	7	7.0	1	1.0
Player	Tm	Att	Yds	1D	YBC	YBC/Att	YAC	YAC/Att	BrkTkl	Att/Br
Nick Chubb	CLE	22	85	6	21	1.0	64	2.9	3	7.3
Breshad Perriman	CLE	2	9	0	6	3.0	3	1.5	0	
Duke Johnson	CLE	1	8	0	2	2.0	6	6.0	0	"
advanced_receiving
"Travis Kelce	KAN	9	7	99	6	65	9.3	34	4.9	1	7.0	0	0.0
Sammy Watkins	KAN	5	5	62	2	52	10.4	10	2.0	0		0	0.0
Spencer Ware	KAN	5	4	69	3	-12	-3.0	81	20.3	1	4.0	1	20.0
Tyreek Hill	KAN	5	4	69	2	41	10.3	28	7.0	0		0	0.0
Chris Conley	KAN	2	1	23	1	13	13.0	10	10.0	0		1	50.0
Demarcus Robinson	KAN	2	1	3		4	4.0	-1	-1.0	0		0	0.0
Kareem Hunt	KAN	2	1	50	1	-2	-2.0	52	52.0	1	1.0	1	50.0
Demetrius Harris	KAN	1	0	0		0		0		0		1	100.0
Player	Tm	Tgt	Rec	Yds	1D	YBC	YBC/R	YAC	YAC/R	BrkTkl	Rec/Br	Drop	Drop%
Duke Johnson	CLE	9	9	78	6	-9	-1.0	87	9.7	1	9.0	0	0.0
Jarvis Landry	CLE	7	6	50	2	40	6.7	10	1.7	0		0	0.0
David Njoku	CLE	5	4	53	2	28	7.0	25	6.3	1	4.0	0	0.0
Antonio Callaway	CLE	5	3	51	3	37	12.3	14	4.7	0		1	20.0
Rashard Higgins	CLE	4	3	19	1	11	3.7	8	2.7	0		0	0.0
Breshad Perriman	CLE	6	2	36	2	18	9.0	18	9.0	0		0	0.0
Damion Ratley	CLE	4	2	16	1	-5	-2.5	21	10.5	0		1	25.0
Nick Chubb	CLE	1	1	5	0	2	2.0	3	3.0	0		0	0.0
Dontrell Hilliard	CLE	1	0	0		0		0		0		0	0.0
Seth Devalve	CLE	1	0	0		0		0		0		0	0.0"
advanced_defense
"Steven Nelson	KAN	1	12	7	58.3%	81	11.6	6.8	0	44.1	11.8	58	23	0	0	0	0.0	0	8	0	0.0%
Ron Parker	KAN	0	4	4	100.0%	47	11.8	11.8	1	155.2	8.0	32	15	1	0	0	0.0	0	5	0	0.0%
Kendall Fuller	KAN	0	7	4	57.1%	34	8.5	4.9	0	69.9	10.4	15	19	2	0	0	0.0	0	2	0	0.0%
Orlando Scandrick	KAN	0	5	3	60.0%	18	6.0	3.6	0	67.1	8.8	6	12	0	0	0	0.0	0	2	0	0.0%
Breeland Speaks	KAN	0	3	3	100.0%	32	10.7	10.7	0	111.1	-1.7	-5	37	7	0	0	0.0	0	4	2	33.3%
Anthony Hitchens	KAN	0	4	3	75.0%	21	7.0	5.3	0	86.5	4.5	4	17	1	0	0	0.0	0	9	0	0.0%
Dorian O'Daniel	KAN	0	3	2	66.7%	29	14.5	9.7	0	97.9	0.3	-3	32	2	0	0	0.0	0	3	1	25.0%
Eric Murray	KAN	0	5	2	40.0%	20	10.0	4.0	0	52.1	22.8	16	4	0	0	0	0.0	0	7	0	0.0%
Jordan Lucas	KAN	0	1	1	100.0%	19	19.0	19.0	1	158.3	2.0	2	17	2	1	0	1.0	2	1	0	0.0%
Reggie Ragland	KAN	0	1	1	100.0%	7	7.0	7.0	0	95.8	-3.0	-3	10	1	0	0	0.0	0	6	1	14.3%
Chris Jones	KAN	0	0	0										0	2	0	1.0	3	3	1	25.0%
Dee Ford	KAN	0	0	0										7	2	0	0.0	2	1	0	0.0%
Allen Bailey	KAN	0	0	0										0	1	0	0.0	1	4	1	20.0%
Xavier Williams	KAN	0	0	0										0	0	0	0.0	0	1	1	50.0%
Player	Tm	Int	Tgt	Cmp	Cmp%	Yds	Yds/Cmp	Yds/Tgt	TD	Rat	DADOT	Air	YAC	Bltz	Hrry	QBKD	Sk	Prss	Comb	MTkl	MTkl%
Jamie Collins	CLE	0	6	6	100.0%	73	12.2	12.2	1	156.9	9.7	58	15	1	0	0	0.0	0	7	2	22.2%
Briean Boddy-Calhoun	CLE	0	6	4	66.7%	50	12.5	8.3	0	92.4	11.8	33	17	1	0	1	0.0	1	1	1	50.0%
Jabrill Peppers	CLE	0	3	3	100.0%	76	25.3	25.3	1	158.3	19.7	59	17	2	0	1	0.0	1	6	2	25.0%
T.J. Carrie	CLE	0	4	3	75.0%	56	18.7	14.0	0	116.7	10.8	36	20	1	0	0	0.0	0	4	0	0.0%
Christian Kirksey	CLE	0	2	2	100.0%	36	18.0	18.0	1	158.3	2.0	4	32	1	0	0	0.0	0	3	0	0.0%
Denzel Rice	CLE	1	3	2	66.7%	31	15.5	10.3	0	61.1	17.0	22	9	0	0	0	0.0	0	0	0	
Tavierre Thomas	CLE	0	3	2	66.7%	25	12.5	8.3	0	92.4	3.3	10	15	0	0	0	0.0	0	2	1	33.3%
Genard Avery	CLE	0	3	1	33.3%	14	14.0	4.7	0	49.3	1.7	-5	19	2	0	0	1.0	1	3	0	0.0%
Derrick Kindred	CLE	0	2	1	50.0%	19	19.0	9.5	0	83.3	6.5	13	6	0	0	0	0.0	0	5	0	0.0%
Denzel Ward	CLE	0	1	1	100.0%	8	8.0	8.0	0	100.0	-1.0	-1	9	0	0	0	0.0	0	1	0	0.0%
Myles Garrett	CLE	0	0	0										1	1	2	1.0	4	2	0	0.0%
Larry Ogunjobi	CLE	0	0	0										0	0	1	0.0	1	2	0	0.0%
Trevon Coley	CLE	0	0	0										0	1	0	0.0	1	3	1	25.0%
Emmanuel Ogbah	CLE	0	0	0										0	1	0	0.0	1	4	0	0.0%
E.J. Gaines	CLE	0	0	0										0	0	0	0.0	0	1	1	50.0%
Tanner Vallejo	CLE	0	1	0	0.0%					39.6	0.0			1	0	0	0.0	0	7	3	30.0%"
