advanced_rushing = document.querySelectorAll("#rushing_advanced > tbody")[0].innerText;
advanced_receiving = document.querySelectorAll("#receiving_advanced > tbody")[0].innerText;
advanced_defense = document.querySelectorAll("#defense_advanced > tbody")[0].innerText;
advanced_passing = document.querySelectorAll("#passing_advanced > tbody")[0].innerText;
"Sam Darnold	NYJ	21	39	229	8	18.6	329	8.4	100	4.8	2.6	129	6.1	2	5.6%	7	19.4%	4	7	7	2	0	
Player	Tm	Cmp	Att	Yds	1D	1D%	IAY	IAY/PA	CAY	CAY/Cmp	CAY/PA	YAC	YAC/Cmp	Drops	Drop%	BadTh	Bad%	Sk	Bltz	Hrry	Hits	Scrm	Yds/Scr
Brock Osweiler	MIA	15	24	139	6	21.4	168	7.0	60	4.0	2.5	79	5.3	0	0.0%	3	13.6%	4	6	4	3	1	6.0"
advanced_rushing
"Isaiah Crowell	NYJ	13	49	3	19	1.5	30	2.3	1	13.0
Elijah McGuire	NYJ	7	30	2	18	2.6	12	1.7	0	
Robby Anderson	NYJ	1	1	0	1	1.0	0	0.0	0	
Player	Tm	Att	Yds	1D	YBC	YBC/Att	YAC	YAC/Att	BrkTkl	Att/Br
Frank Gore	MIA	20	53	1	21	1.1	32	1.6	1	20.0
Kenyan Drake	MIA	3	9	0	7	2.3	2	0.7	0	
Brock Osweiler	MIA	3	4	0	3	1.0	1	0.3	0	
Kalen Ballage	MIA	1	-2	0	-2	-2.0	0	0.0	0	"
advanced_receiving
"Robby Anderson	NYJ	7	4	32	1	19	4.8	13	3.3	0		0	0.0
Chris Herndon	NYJ	4	4	62	2	45	11.3	17	4.3	0		0	0.0
Elijah McGuire	NYJ	5	3	37	2	6	2.0	31	10.3	1	3.0	1	20.0
Jermaine Kearse	NYJ	9	3	20	1	14	4.7	6	2.0	0		1	11.1
Quincy Enunwa	NYJ	4	3	40	2	14	4.7	26	8.7	1	3.0	0	0.0
Eric Tomlinson	NYJ	2	1	6		5	5.0	1	1.0	0		0	0.0
Jordan Leggett	NYJ	2	1	6		1	1.0	5	5.0	0		0	0.0
Isaiah Crowell	NYJ	2	1	11	0	-1	-1.0	12	12.0	0		0	0.0
Trenton Cannon	NYJ	1	1	15		-3	-3.0	18	18.0	0		0	0.0
Deontay Burnett	NYJ	2	0	0		0		0		0		0	0.0
Player	Tm	Tgt	Rec	Yds	1D	YBC	YBC/R	YAC	YAC/R	BrkTkl	Rec/Br	Drop	Drop%
Danny Amendola	MIA	7	5	47	2	30	6.0	17	3.4	0		0	0.0
Kenyan Drake	MIA	6	4	26	1	6	1.5	20	5.0	0		0	0.0
Kalen Ballage	MIA	2	2	17	1	9	4.5	8	4.0	0		0	0.0
Frank Gore	MIA	1	1	6	0	-3	-3.0	9	9.0	1	1.0	0	0.0
Jakeem Grant	MIA	2	1	16	1	6	6.0	10	10.0	0		0	0.0
DeVante Parker	MIA	2	1	8		5	5.0	3	3.0	0		0	0.0
Kenny Stills	MIA	1	1	19	1	7	7.0	12	12.0	0		0	0.0
Mike Gesicki	MIA	1	0	0		0		0		0		0	0.0"
advanced_defense
"Avery Williamson	NYJ	0	5	4	80.0%	35	8.8	7.0	0	95.8	3.4	9	26	4	1	0	1.0	2	11	0	0.0%
Buster Skrine	NYJ	0	4	3	75.0%	19	6.3	4.8	0	84.4	3.5	10	9	0	0	0	0.0	0	6	0	0.0%
Morris Claiborne	NYJ	0	3	3	100.0%	51	17.0	17.0	0	118.7	8.0	24	27	0	0	0	0.0	0	3	1	25.0%
Darron Lee	NYJ	0	3	2	66.7%	17	8.5	5.7	0	81.2	3.0	10	7	4	0	0	0.0	0	7	3	30.0%
Jamal Adams	NYJ	0	3	1	33.3%	8	8.0	2.7	0	42.4	15.7	4	4	5	0	0	0.0	0	7	0	0.0%
Darryl Roberts	NYJ	0	3	1	33.3%	7	7.0	2.3	0	42.4	15.0	0	7	0	0	0	0.0	0	1	0	0.0%
Jeremiah Attaochu	NYJ	0	0	0										0	0	2	1.0	3	2	0	0.0%
Jordan Jenkins	NYJ	0	0	0										0	1	0	2.0	3	5	0	0.0%
Brandon Copeland	NYJ	0	0	0										0	2	0	0.0	2	2	1	33.3%
Leonard Williams	NYJ	0	0	0										0	0	1	0.0	1	4	0	0.0%
Marcus Maye	NYJ	0	1	0	0.0%					39.6	32.0			0	0	0	0.0	0	2	1	33.3%
Player	Tm	Int	Tgt	Cmp	Cmp%	Yds	Yds/Cmp	Yds/Tgt	TD	Rat	DADOT	Air	YAC	Bltz	Hrry	QBKD	Sk	Prss	Comb	MTkl	MTkl%
Xavien Howard	MIA	0	9	4	44.4%	46	11.5	5.1	0	60.4	12.7	15	31	0	0	0	0.0	0	5	1	16.7%
T.J. McDonald	MIA	1	5	3	60.0%	36	12.0	7.2	0	42.5	6.4	10	26	0	0	0	0.0	0	9	1	10.0%
Bobby McCain	MIA	0	5	3	60.0%	20	6.7	4.0	0	68.7	4.6	15	5	1	0	0	0.0	0	3	0	0.0%
Kiko Alonso	MIA	1	6	3	50.0%	49	16.3	8.2	0	38.2	7.3	27	22	1	0	0	0.0	0	7	1	12.5%
Minkah Fitzpatrick	MIA	0	5	2	40.0%	32	16.0	6.4	0	62.1	15.8	16	16	0	0	0	0.0	0	6	2	25.0%
Raekwon McMillan	MIA	0	2	2	100.0%	8	4.0	4.0	0	83.3	2.0	4	4	0	0	0	0.0	0	3	2	40.0%
Torry McTyer	MIA	0	3	2	66.7%	14	7.0	4.7	0	77.1	5.0	7	7	0	0	0	0.0	0	3	0	0.0%
Jerome Baker	MIA	1	3	1	33.3%	21	21.0	7.0	0	19.4	14.7	17	4	2	0	0	0.0	0	5	1	16.7%
Cornell Armstrong	MIA	0	1	1	100.0%	9	9.0	9.0	0	104.2	9.0	9	0	0	0	0	0.0	0	2	0	0.0%
Cameron Wake	MIA	0	0	0										0	2	1	2.0	5	3	1	25.0%
Akeem Spence	MIA	0	0	0										0	1	0	2.0	3	3	0	0.0%
Robert Quinn	MIA	0	0	0										0	2	0	0.0	2	1	0	0.0%
Andre Branch	MIA	0	0	0										0	0	1	0.0	1	2	0	0.0%
Davon Godchaux	MIA	0	0	0										0	1	0	0.0	1	2	0	0.0%
Walt Aikens	MIA	1	2	0	0.0%					0.0	28.5			0	0	0	0.0	0	0	0	"
