advanced_rushing = document.querySelectorAll("#rushing_advanced > tbody")[0].innerText;
advanced_receiving = document.querySelectorAll("#receiving_advanced > tbody")[0].innerText;
advanced_defense = document.querySelectorAll("#defense_advanced > tbody")[0].innerText;
advanced_passing = document.querySelectorAll("#passing_advanced > tbody")[0].innerText;
"Matthew Stafford	DET	25	36	199	13	28.3	170	4.7	83	3.3	2.3	116	4.6	3	9.1%	5	15.2%	10	6	3	3	2	5.5
Player	Tm	Cmp	Att	Yds	1D	1D%	IAY	IAY/PA	CAY	CAY/Cmp	CAY/PA	YAC	YAC/Cmp	Drops	Drop%	BadTh	Bad%	Sk	Bltz	Hrry	Hits	Scrm	Yds/Scr
Kirk Cousins	MIN	18	22	164	10	43.5	131	6.0	65	3.6	3.0	99	5.5	1	4.5%	2	9.1%	1	1	1	0	0	"
advanced_rushing
"Kerryon Johnson	DET	12	37	1	24	2.0	13	1.1	0	
LeGarrette Blount	DET	5	8		4	0.8	4	0.8	0	
Matthew Stafford	DET	5	6	2	6	1.2	0	0.0	0	
Kenny Golladay	DET	1	8	0	8	8.0	0	0.0	0	
Tavon Wilson	DET	1	7	1	7	7.0	0	0.0	0	
Player	Tm	Att	Yds	1D	YBC	YBC/Att	YAC	YAC/Att	BrkTkl	Att/Br
Dalvin Cook	MIN	10	89	1	80	8.0	9	0.9	0	
Latavius Murray	MIN	10	31	1	23	2.3	8	0.8	1	10.0
Kirk Cousins	MIN	2	3	1	3	1.5	0	0.0	0	
Adam Thielen	MIN	1	5	0	5	5.0	0	0.0	0	"
advanced_receiving
"Theo Riddick	DET	8	7	36	1	-7	-1.0	43	6.1	0		1	12.5
Marvin Jones	DET	8	6	66	5	46	7.7	20	3.3	0		1	12.5
Kenny Golladay	DET	4	3	46	3	37	12.3	9	3.0	0		0	0.0
Kerryon Johnson	DET	5	3	7	1	-10	-3.3	17	5.7	0		0	0.0
T.J. Jones	DET	2	2	13	2	9	4.5	4	2.0	0		0	0.0
Luke Willson	DET	2	2	17	1	4	2.0	13	6.5	1	2.0	0	0.0
LeGarrette Blount	DET	1	1	2		-6	-6.0	8	8.0	0		0	0.0
Michael Roberts	DET	4	1	12		10	10.0	2	2.0	0		1	25.0
Player	Tm	Tgt	Rec	Yds	1D	YBC	YBC/R	YAC	YAC/R	BrkTkl	Rec/Br	Drop	Drop%
Dalvin Cook	MIN	4	4	20	0	-13	-3.3	33	8.3	1	4.0	0	0.0
Adam Thielen	MIN	7	4	22	2	15	3.8	7	1.8	0		0	0.0
Chad Beebe	MIN	3	3	21	2	8	2.7	13	4.3	0		0	0.0
Aldrick Robinson	MIN	3	2	20	2	18	9.0	2	1.0	0		1	33.3
Kyle Rudolph	MIN	2	2	28	1	25	12.5	3	1.5	0		0	0.0
Laquon Treadwell	MIN	2	2	37	2	10	5.0	27	13.5	0		0	0.0
Latavius Murray	MIN	1	1	16	1	2	2.0	14	14.0	0		0	0.0"
advanced_defense
"Teez Tabor	DET	0	3	3	100.0%	47	15.7	15.7	0	118.7	11.7	35	12	0	0	0	0.0	0	3	0	0.0%
Darius Slay	DET	1	5	3	60.0%	18	6.0	3.6	0	27.5	13.0	12	6	0	0	0	0.0	0	3	0	0.0%
Glover Quin	DET	0	3	2	66.7%	27	13.5	9.0	0	95.1	2.7	-1	28	0	0	0	0.0	0	4	0	0.0%
Quandre Diggs	DET	0	2	2	100.0%	10	5.0	5.0	0	87.5	3.0	6	4	0	0	0	0.0	0	4	0	0.0%
Nevin Lawson	DET	0	4	2	50.0%	5	2.5	1.3	1	95.8	6.0	4	1	0	0	0	0.0	0	2	1	33.3%
Jarrad Davis	DET	0	2	2	100.0%	10	5.0	5.0	0	87.5	-4.5	-9	19	1	0	0	0.0	0	1	0	0.0%
Devon Kennard	DET	0	2	1	50.0%	16	16.0	8.0	0	77.1	3.0	2	14	0	1	0	0.0	1	5	0	0.0%
Tavon Wilson	DET	0	1	1	100.0%	5	5.0	5.0	0	87.5	-1.0	-1	6	0	0	0	0.0	0	2	0	0.0%
Christian Jones	DET	0	1	1	100.0%	11	11.0	11.0	0	112.5	9.0	9	2	0	0	0	0.0	0	6	0	0.0%
DeShawn Shead	DET	0	1	1	100.0%	15	15.0	15.0	0	118.7	8.0	8	7	0	0	0	0.0	0	1	0	0.0%
Ezekiel Ansah	DET	0	0	0										0	0	0	1.0	1	1	0	0.0%
A'Shawn Robinson	DET	0	0	0										0	0	0	0.0	0	3	1	25.0%
Player	Tm	Int	Tgt	Cmp	Cmp%	Yds	Yds/Cmp	Yds/Tgt	TD	Rat	DADOT	Air	YAC	Bltz	Hrry	QBKD	Sk	Prss	Comb	MTkl	MTkl%
Mackensie Alexander	MIN	0	6	6	100.0%	36	6.0	6.0	0	91.7	0.7	4	32	2	0	0	1.0	1	4	1	20.0%
Eric Wilson	MIN	0	6	5	83.3%	34	6.8	5.7	0	90.3	1.5	11	23	4	0	0	0.0	0	6	1	14.3%
Xavier Rhodes	MIN	0	6	4	66.7%	37	9.3	6.2	0	83.3	8.0	21	16	0	0	0	0.0	0	4	1	20.0%
Eric Kendricks	MIN	0	5	4	80.0%	19	4.8	3.8	0	82.5	0.8	4	15	4	0	0	0.0	0	9	0	0.0%
Trae Waynes	MIN	0	2	2	100.0%	19	9.5	9.5	0	106.2	7.5	15	4	0	0	0	0.0	0	3	0	0.0%
Holton Hill	MIN	0	1	1	100.0%	11	11.0	11.0	0	112.5	11.0	11	0	0	0	0	0.0	0	4	0	0.0%
Danielle Hunter	MIN	0	0	0										0	1	0	3.5	5	9	0	0.0%
Tom Johnson	MIN	0	0	0										0	1	0	2.5	4	5	0	0.0%
Everson Griffen	MIN	0	1	0	0.0%					39.6	15.0			0	1	1	1.5	4	4	1	20.0%
Stephen Weatherly	MIN	0	0	0										0	0	2	1.0	3	2	0	0.0%
Sheldon Richardson	MIN	0	0	0										0	1	0	0.5	2	3	0	0.0%
Anthony Harris	MIN	0	1	0	0.0%					39.6	9.0			0	0	0	0.0	0	5	0	0.0%
Harrison Smith	MIN	0	2	0	0.0%					39.6	9.5			0	0	0	0.0	0	7	0	0.0%"
