advanced_rushing = document.querySelectorAll("#rushing_advanced > tbody")[0].innerText;
advanced_receiving = document.querySelectorAll("#receiving_advanced > tbody")[0].innerText;
advanced_defense = document.querySelectorAll("#defense_advanced > tbody")[0].innerText;
advanced_passing = document.querySelectorAll("#passing_advanced > tbody")[0].innerText;
"Ben Roethlisberger	PIT	28	47	270	17	35.4	298	6.3	121	4.3	2.6	149	5.3	6	13.0%	8	17.4%	1	17	5	5	1	3.0
Joshua Dobbs	PIT	1	1	22	1	100.0	23	23.0	23	23.0	23.0	-1	-1.0	0	0.0%	0	0.0%	0	0	0	0	0	
Player	Tm	Cmp	Att	Yds	1D	1D%	IAY	IAY/PA	CAY	CAY/Cmp	CAY/PA	YAC	YAC/Cmp	Drops	Drop%	BadTh	Bad%	Sk	Bltz	Hrry	Hits	Scrm	Yds/Scr
Joe Flacco	BAL	23	37	206	9	23.1	281	7.6	133	5.8	3.6	73	3.2	2	5.9%	5	14.7%	2	22	3	3	0	
Lamar Jackson	BAL	1	1	12	1	100.0	8	8.0	8	8.0	8.0	4	4.0	0	0.0%	0	0.0%	0	0	1	0	0	"
advanced_rushing
"James Conner	PIT	24	107	7	66	2.8	41	1.7	4	6.0
Ben Roethlisberger	PIT	2	4	1	4	2.0	0	0.0	0	
Jaylen Samuels	PIT	1	2		-1	-1.0	3	3.0	0	
Player	Tm	Att	Yds	1D	YBC	YBC/Att	YAC	YAC/Att	BrkTkl	Att/Br
Alex Collins	BAL	9	35	3	26	2.9	9	1.0	1	9.0
Lamar Jackson	BAL	5	10	1	2	0.4	8	1.6	0	
Javorius Allen	BAL	1	6		3	3.0	3	3.0	0	
Gus Edwards	BAL	1	10	1	10	10.0	0	0.0	0	"
advanced_receiving
"James Conner	PIT	9	7	56	3	-7	-1.0	63	9.0	0		1	11.1
JuJu Smith-Schuster	PIT	9	7	78	6	52	7.4	26	3.7	0		1	11.1
Antonio Brown	PIT	10	5	42	4	25	5.0	17	3.4	0		0	0.0
Vance McDonald	PIT	6	3	25	2	22	7.3	3	1.0	0		2	33.3
Ryan Switzer	PIT	4	3	21	2	10	3.3	11	3.7	0		0	0.0
Jesse James	PIT	3	2	53	1	28	14.0	25	12.5	0		1	33.3
James Washington	PIT	5	2	17		14	7.0	3	1.5	0		1	20.0
Player	Tm	Tgt	Rec	Yds	1D	YBC	YBC/R	YAC	YAC/R	BrkTkl	Rec/Br	Drop	Drop%
Willie Snead	BAL	8	7	58	2	25	3.6	33	4.7	3	2.3	0	0.0
Javorius Allen	BAL	5	5	8		-6	-1.2	14	2.8	1	5.0	0	0.0
Mark Andrews	BAL	6	3	50	2	38	12.7	12	4.0	0		0	0.0
John Brown	BAL	6	3	15	1	15	5.0	0	0.0	0		1	16.7
Michael Crabtree	BAL	7	3	32	2	25	8.3	7	2.3	0		1	14.3
Alex Collins	BAL	1	1	4	1	1	1.0	3	3.0	0		0	0.0
Hayden Hurst	BAL	2	1	21	1	15	15.0	6	6.0	0		0	0.0
Chris Moore	BAL	1	1	30	1	28	28.0	2	2.0	0		0	0.0
Lamar Jackson	BAL	1	0	0	0	0		0		0		0	0.0"
advanced_defense
"Joe Haden	PIT	0	9	6	66.7%	56	9.3	6.2	0	83.6	5.2	24	32	0	0	0	0.0	0	4	1	20.0%
Sean Davis	PIT	0	6	4	66.7%	40	10.0	6.7	0	85.4	11.2	36	4	0	0	0	0.0	0	9	1	10.0%
Jonathan Bostic	PIT	0	3	3	100.0%	31	10.3	10.3	0	109.7	6.0	18	13	6	1	0	0.0	1	5	0	0.0%
Morgan Burnett	PIT	0	4	3	75.0%	57	19.0	14.3	0	116.7	17.5	46	11	1	0	0	0.0	0	5	0	0.0%
Mike Hilton	PIT	0	5	2	40.0%	7	3.5	1.4	0	47.9	3.8	5	2	4	0	0	0.0	0	4	0	0.0%
Vince Williams	PIT	0	1	1	100.0%	13	13.0	13.0	0	118.7	10.0	10	3	10	0	0	0.5	1	4	0	0.0%
T.J. Watt	PIT	0	1	1	100.0%	12	12.0	12.0	0	116.7	8.0	8	4	1	0	0	0.0	0	5	0	0.0%
Anthony Chickillo	PIT	0	1	1	100.0%	-1	-1.0	-1.0	0	79.2	-1.0	-1	0	3	0	0	0.0	0	4	0	0.0%
Terrell Edmunds	PIT	0	2	1	50.0%	8	8.0	4.0	0	60.4	9.0	1	7	2	0	0	0.0	0	4	0	0.0%
Stephon Tuitt	PIT	0	0	0										0	2	1	1.0	4	1	0	0.0%
Bud Dupree	PIT	0	0	0										9	1	0	0.5	2	1	0	0.0%
Cameron Heyward	PIT	0	0	0										0	0	2	0.0	2	1	0	0.0%
Coty Sensabaugh	PIT	0	4	0	0.0%					39.6	16.8			0	0	0	0.0	0	0	1	100.0%
Player	Tm	Int	Tgt	Cmp	Cmp%	Yds	Yds/Cmp	Yds/Tgt	TD	Rat	DADOT	Air	YAC	Bltz	Hrry	QBKD	Sk	Prss	Comb	MTkl	MTkl%
Tavon Young	BAL	0	6	5	83.3%	37	7.4	6.2	1	131.9	4.8	8	29	4	0	0	0.0	0	4	1	20.0%
Eric Weddle	BAL	0	4	4	100.0%	48	12.0	12.0	0	116.7	11.0	44	4	0	0	0	0.0	0	7	0	0.0%
Tony Jefferson	BAL	0	4	3	75.0%	15	5.0	3.8	0	80.2	2.3	3	12	1	0	0	0.0	0	5	1	16.7%
Jimmy Smith	BAL	0	7	3	42.9%	27	9.0	3.9	0	53.9	8.6	19	8	0	0	0	0.0	0	5	1	16.7%
Brandon Carr	BAL	0	6	3	50.0%	70	23.3	11.7	0	92.4	13.8	41	29	0	0	0	0.0	0	6	0	0.0%
Marlon Humphrey	BAL	0	4	3	75.0%	29	9.7	7.3	0	94.8	9.3	23	6	0	0	0	0.0	0	3	0	0.0%
Kenny Young	BAL	0	3	3	100.0%	28	9.3	9.3	1	145.1	0.7	2	26	1	0	0	0.0	0	4	0	0.0%
Anthony Levine	BAL	0	2	2	100.0%	20	10.0	10.0	0	108.3	7.5	15	5	3	0	0	0.0	0	3	0	0.0%
Matt Judon	BAL	0	1	1	100.0%	8	8.0	8.0	0	100.0	-3.0	-3	11	4	3	2	1.0	6	5	1	16.7%
Patrick Onwuasor	BAL	0	2	1	50.0%	5	5.0	2.5	0	56.2	5.0	-5	10	3	0	1	0.0	1	4	1	20.0%
C.J. Mosley	BAL	0	7	1	14.3%	5	5.0	0.7	0	39.6	1.4	-3	8	6	0	0	0.0	0	6	0	0.0%
Terrell Suggs	BAL	0	0	0										9	2	1	0.0	3	2	0	0.0%
Za'Darius Smith	BAL	0	1	0	0.0%					39.6	-3.0			7	1	1	0.0	2	4	0	0.0%
Chris Wormley	BAL	0	0	0										0	0	0	0.0	0	1	1	50.0%
Brandon Williams	BAL	0	0	0										0	0	0	0.0	0	1	1	50.0%"
