advanced_rushing = document.querySelectorAll("#rushing_advanced > tbody")[0].innerText;
advanced_receiving = document.querySelectorAll("#receiving_advanced > tbody")[0].innerText;
advanced_defense = document.querySelectorAll("#defense_advanced > tbody")[0].innerText;
advanced_passing = document.querySelectorAll("#passing_advanced > tbody")[0].innerText;
"Philip Rivers	LAC	13	26	228	11	39.3	288	11.1	135	10.4	5.2	93	7.2	1	3.8%	3	11.5%	2	3	1	3	0	
Player	Tm	Cmp	Att	Yds	1D	1D%	IAY	IAY/PA	CAY	CAY/Cmp	CAY/PA	YAC	YAC/Cmp	Drops	Drop%	BadTh	Bad%	Sk	Bltz	Hrry	Hits	Scrm	Yds/Scr
Russell Wilson	SEA	26	39	235	10	23.3	234	6.0	105	4.0	2.7	130	5.0	1	2.7%	8	21.6%	4	6	3	3	4	10.0"
advanced_rushing
"Melvin Gordon	LAC	16	113	4	65	4.1	48	3.0	1	16.0
Austin Ekeler	LAC	3	21	1	14	4.7	7	2.3	0	
Keenan Allen	LAC	2	28	1	28	14.0	0	0.0	0	
Travis Benjamin	LAC	1	-2		-2	-2.0	0	0.0	0	
Player	Tm	Att	Yds	1D	YBC	YBC/Att	YAC	YAC/Att	BrkTkl	Att/Br
Mike Davis	SEA	15	62	4	28	1.9	34	2.3	1	15.0
Chris Carson	SEA	8	40	4	26	3.3	14	1.8	1	8.0
Russell Wilson	SEA	5	41	3	33	6.6	8	1.6	0	
Rashaad Penny	SEA	4	11	0	2	0.5	9	2.3	0	"
advanced_receiving
"Keenan Allen	LAC	10	6	124	5	92	15.3	32	5.3	0		0	0.0
Virgil Green	LAC	3	2	28	1	13	6.5	15	7.5	0		0	0.0
Tyrell Williams	LAC	3	2	23	2	23	11.5	0	0.0	0		0	0.0
Austin Ekeler	LAC	2	1	13	1	-3	-3.0	16	16.0	0		0	0.0
Melvin Gordon	LAC	4	1	10	1	-5	-5.0	15	15.0	0		1	25.0
Mike Williams	LAC	3	1	30	1	15	15.0	15	15.0	0		0	0.0
Travis Benjamin	LAC	1	0	0		0		0		0		0	0.0
Player	Tm	Tgt	Rec	Yds	1D	YBC	YBC/R	YAC	YAC/R	BrkTkl	Rec/Br	Drop	Drop%
Mike Davis	SEA	8	7	45	2	-8	-1.1	53	7.6	0		0	0.0
Nick Vannett	SEA	8	6	52	2	38	6.3	14	2.3	0		0	0.0
Doug Baldwin	SEA	4	4	77	4	48	12.0	29	7.3	1	4.0	0	0.0
Tyler Lockett	SEA	4	3	22		18	6.0	4	1.3	0		0	0.0
Rashaad Penny	SEA	3	3	13	1	-2	-0.7	15	5.0	0		0	0.0
David Moore	SEA	7	2	16		1	0.5	15	7.5	0		1	14.3
Jaron Brown	SEA	2	1	10	1	10	10.0	0	0.0	0		0	0.0
Ed Dickson	SEA	1	0	0		0		0		0		0	0.0"
advanced_defense
"Jatavis Brown	LAC	0	11	10	90.9%	80	8.0	7.3	0	97.0	3.6	34	46	3	0	0	0.0	0	11	2	15.4%
Michael Davis	LAC	0	11	7	63.6%	94	13.4	8.5	0	90.7	11.5	63	31	0	0	0	0.0	0	9	0	0.0%
Derwin James	LAC	0	4	2	50.0%	9	4.5	2.3	0	56.2	-1.3	-9	18	3	1	0	0.0	1	11	2	15.4%
Kyle Emanuel	LAC	0	2	2	100.0%	9	4.5	4.5	0	85.4	-2.5	-5	14	0	0	0	0.0	0	3	2	40.0%
Casey Hayward	LAC	0	4	2	50.0%	14	7.0	3.5	1	97.9	8.0	13	1	0	0	0	0.0	0	5	0	0.0%
Denzel Perryman	LAC	0	3	2	66.7%	17	8.5	5.7	1	120.8	12.7	11	6	0	0	0	0.0	0	4	1	20.0%
Adrian Phillips	LAC	0	2	2	100.0%	10	5.0	5.0	1	127.1	3.0	6	4	1	0	0	0.0	0	6	1	14.3%
Desmond King	LAC	1	3	1	33.3%	7	7.0	2.3	0	2.8	13.0	3	4	1	0	0	0.0	0	3	0	0.0%
Corey Liuget	LAC	0	0	0										0	0	2	0.0	2	5	0	0.0%
Jahleel Addae	LAC	0	0	0										1	1	0	1.0	2	10	0	0.0%
Melvin Ingram	LAC	0	0	0										4	0	1	1.0	2	4	2	33.3%
Damion Square	LAC	0	0	0										0	0	0	1.0	1	2	1	33.3%
Uchenna Nwosu	LAC	0	0	0										0	1	0	0.0	1	2	1	33.3%
Isaac Rochell	LAC	0	0	0										0	0	0	1.0	1	2	0	0.0%
Player	Tm	Int	Tgt	Cmp	Cmp%	Yds	Yds/Cmp	Yds/Tgt	TD	Rat	DADOT	Air	YAC	Bltz	Hrry	QBKD	Sk	Prss	Comb	MTkl	MTkl%
Bobby Wagner	SEA	0	6	4	66.7%	41	10.3	6.8	0	86.1	8.2	26	15	1	0	1	0.0	1	13	0	0.0%
K.J. Wright	SEA	0	6	3	50.0%	27	9.0	4.5	0	62.5	1.8	9	18	1	0	0	0.0	0	7	1	12.5%
Justin Coleman	SEA	0	5	2	40.0%	39	19.5	7.8	0	67.9	13.8	27	12	0	0	0	0.0	0	3	0	0.0%
Tre Flowers	SEA	0	4	2	50.0%	42	21.0	10.5	2	127.1	16.3	27	15	0	0	0	0.0	0	2	1	33.3%
Shaquill Griffin	SEA	0	4	2	50.0%	66	33.0	16.5	0	95.8	17.8	49	17	0	0	0	0.0	0	1	1	50.0%
Jacob Martin	SEA	0	1	1	100.0%	23	23.0	23.0	0	118.7	16.0	16	7	0	0	0	0.0	0	1	0	0.0%
Barkevious Mingo	SEA	0	1	1	100.0%	13	13.0	13.0	0	118.7	-3.0	-3	16	0	0	0	0.0	0	4	0	0.0%
Tedric Thompson	SEA	0	2	1	50.0%	13	13.0	6.5	0	70.8	27.0	13	0	0	0	0	0.0	0	5	3	37.5%
Quinton Jefferson	SEA	0	0	0										0	1	1	0.0	2	1	0	0.0%
Jarran Reed	SEA	0	0	0										0	0	1	1.0	2	5	0	0.0%
Frank Clark	SEA	0	0	0										0	0	0	1.0	1	1	1	50.0%
Shamar Stephen	SEA	0	0	0										0	0	0	0.0	0	4	1	20.0%"
