advanced_rushing = document.querySelectorAll("#rushing_advanced > tbody")[0].innerText;
advanced_receiving = document.querySelectorAll("#receiving_advanced > tbody")[0].innerText;
advanced_defense = document.querySelectorAll("#defense_advanced > tbody")[0].innerText;
advanced_passing = document.querySelectorAll("#passing_advanced > tbody")[0].innerText;
"Derek Carr	OAK	16	21	171	9	32.1	106	5.0	55	3.4	2.6	116	7.3	1	5.0%	2	10.0%	7	7	5	1	2	3.0
A.J. McCarron	OAK	1	3	8			7	2.3	7	7.0	2.3	1	1.0	0	0.0%	0	0.0%	1	0	1	1	0	
Player	Tm	Cmp	Att	Yds	1D	1D%	IAY	IAY/PA	CAY	CAY/Cmp	CAY/PA	YAC	YAC/Cmp	Drops	Drop%	BadTh	Bad%	Sk	Bltz	Hrry	Hits	Scrm	Yds/Scr
Nick Mullens	SFO	16	22	262	10	45.5	146	6.6	81	5.1	3.7	181	11.3	1	4.5%	3	13.6%	0	7	0	1	0	"
advanced_rushing
"Doug Martin	OAK	11	49	3	25	2.3	24	2.2	0	
DeAndre Washington	OAK	5	27	1	3	0.6	24	4.8	1	5.0
Derek Carr	OAK	3	5	0	5	1.7	0	0.0	0	
Jalen Richard	OAK	2	4	0	1	0.5	3	1.5	0	
Martavis Bryant	OAK	1	17	1	12	12.0	5	5.0	0	
A.J. McCarron	OAK	1	0		0	0.0	0	0.0	0	
Player	Tm	Att	Yds	1D	YBC	YBC/Att	YAC	YAC/Att	BrkTkl	Att/Br
Matt Breida	SFO	12	44	2	34	2.8	10	0.8	1	12.0
Alfred Morris	SFO	7	13	1	-5	-0.7	18	2.6	1	7.0
Raheem Mostert	SFO	7	86	3	71	10.1	15	2.1	0	
Nick Mullens	SFO	4	-3	0	-3	-0.8	0	0.0	0	
Marquise Goodwin	SFO	1	2	0	2	2.0	0	0.0	0	
Kyle Juszczyk	SFO	1	1		-1	-1.0	2	2.0	0	"
advanced_receiving
"Jalen Richard	OAK	4	4	45	2	1	0.3	44	11.0	0		0	0.0
Brandon LaFell	OAK	3	3	20	1	13	4.3	7	2.3	0		0	0.0
Martavis Bryant	OAK	2	2	29	1	12	6.0	17	8.5	0		0	0.0
Jared Cook	OAK	2	2	20	2	7	3.5	13	6.5	0		0	0.0
Jordy Nelson	OAK	3	2	16	1	13	6.5	3	1.5	0		0	0.0
Dwayne Harris	OAK	1	1	13	1	1	1.0	12	12.0	0		0	0.0
Seth Roberts	OAK	2	1	8		6	6.0	2	2.0	0		0	0.0
Doug Martin	OAK	2	1	20	1	2	2.0	18	18.0	0		1	50.0
Derek Carrier	OAK	2	1	8		7	7.0	1	1.0	0		0	0.0
Player	Tm	Tgt	Rec	Yds	1D	YBC	YBC/R	YAC	YAC/R	BrkTkl	Rec/Br	Drop	Drop%
George Kittle	SFO	4	4	108	4	17	4.3	91	22.8	0		0	0.0
Pierre Garcon	SFO	5	3	56	3	42	14.0	14	4.7	0		0	0.0
Kendrick Bourne	SFO	2	2	6	1	6	3.0	0	0.0	0		0	0.0
Richie James	SFO	3	2	60	1	2	1.0	58	29.0	1	2.0	1	33.3
Kyle Juszczyk	SFO	2	2	10		5	2.5	5	2.5	0		0	0.0
Marquise Goodwin	SFO	4	1	11	1	6	6.0	5	5.0	0		0	0.0
Ross Dwelley	SFO	1	1	8		8	8.0	0	0.0	0		0	0.0
Matt Breida	SFO	1	1	3	0	-5	-5.0	8	8.0	0		0	0.0"
advanced_defense
"Gareon Conley	OAK	0	4	4	100.0%	35	8.8	8.8	0	103.1	6.5	11	24	0	0	0	0.0	0	2	0	0.0%
Marcus Gilchrist	OAK	0	4	3	75.0%	17	5.7	4.3	2	121.9	5.0	14	3	0	0	0	0.0	0	3	0	0.0%
Daryl Worley	OAK	0	5	3	60.0%	31	10.3	6.2	1	117.5	10.0	22	9	0	0	0	0.0	0	3	1	25.0%
Tahir Whitehead	OAK	0	2	2	100.0%	82	41.0	41.0	0	118.7	9.5	19	63	2	0	0	0.0	0	7	1	12.5%
Marquel Lee	OAK	0	1	1	100.0%	6	6.0	6.0	0	91.7	3.0	3	3	1	0	1	0.0	1	3	2	40.0%
Jason Cabinda	OAK	0	1	1	100.0%	17	17.0	17.0	0	118.7	4.0	4	13	0	0	0	0.0	0	4	0	0.0%
Nicholas Morrow	OAK	0	1	1	100.0%	4	4.0	4.0	0	83.3	2.0	2	2	2	0	0	0.0	0	1	0	0.0%
Erik Harris	OAK	0	1	1	100.0%	2	2.0	2.0	0	79.2	2.0	2	0	1	0	0	0.0	0	3	0	0.0%
Reggie Nelson	OAK	0	0	0										0	0	0	0.0	0	4	1	20.0%
Emmanuel Lamur	OAK	0	0	0										2	0	0	0.0	0	2	0	0.0%
Frostee Rucker	OAK	0	0	0										0	0	0	0.0	0	2	2	50.0%
Johnathan Hankins	OAK	0	0	0										0	0	0	0.0	0	4	1	20.0%
Kyle Wilber	OAK	0	0	0										0	0	0	0.0	0	1	1	50.0%
Player	Tm	Int	Tgt	Cmp	Cmp%	Yds	Yds/Cmp	Yds/Tgt	TD	Rat	DADOT	Air	YAC	Bltz	Hrry	QBKD	Sk	Prss	Comb	MTkl	MTkl%
Ahkello Witherspoon	SFO	0	6	5	83.3%	52	10.4	8.7	0	102.8	7.3	21	31	0	0	0	0.0	0	1	1	50.0%
Tyvis Powell	SFO	0	4	4	100.0%	51	12.8	12.8	0	118.7	1.5	6	45	2	0	0	0.0	0	3	0	0.0%
K'Waun Williams	SFO	0	3	3	100.0%	32	10.7	10.7	0	111.1	5.3	16	16	0	0	0	0.0	0	3	0	0.0%
Richard Sherman	SFO	0	3	3	100.0%	16	5.3	5.3	0	88.9	3.3	10	6	0	0	0	0.0	0	3	0	0.0%
Mark Nzeocha	SFO	0	2	1	50.0%	8	8.0	4.0	0	60.4	16.0	7	1	2	0	0	0.0	0	3	0	0.0%
Elijah Lee	SFO	0	1	1	100.0%	8	8.0	8.0	0	100.0	7.0	7	1	1	0	0	0.0	0	2	0	0.0%
Cassius Marsh	SFO	0	0	0										0	3	0	2.5	6	4	2	33.3%
Dekoda Watson	SFO	0	0	0										3	1	0	1.5	3	4	0	0.0%
Ronald Blair	SFO	0	0	0										0	1	1	1.0	3	1	0	0.0%
Arik Armstead	SFO	0	0	0										0	1	0	0.0	1	2	0	0.0%
Solomon Thomas	SFO	0	0	0										0	0	0	1.0	1	3	0	0.0%
DeForest Buckner	SFO	0	0	0										0	0	0	1.0	1	2	0	0.0%
Malcolm Smith	SFO	0	1	0	0.0%					39.6	0.0			5	0	1	0.0	1	2	0	0.0%
Fred Warner	SFO	0	1	0	0.0%					39.6	8.0			5	0	0	0.0	0	7	1	12.5%"
