advanced_rushing = document.querySelectorAll("#rushing_advanced > tbody")[0].innerText;
advanced_receiving = document.querySelectorAll("#receiving_advanced > tbody")[0].innerText;
advanced_defense = document.querySelectorAll("#defense_advanced > tbody")[0].innerText;
advanced_passing = document.querySelectorAll("#passing_advanced > tbody")[0].innerText;
"Jared Goff	LAR	20	44	180	8	17.0	378	8.6	114	5.7	2.6	66	3.3	2	5.0%	9	22.5%	3	9	4	0	0	
Johnny Hekker	LAR	1	1	7	1	100.0	2	2.0	2	2.0	2.0	5	5.0	0	0.0%	0	0.0%	0	0	0	0	0	
Player	Tm	Cmp	Att	Yds	1D	1D%	IAY	IAY/PA	CAY	CAY/Cmp	CAY/PA	YAC	YAC/Cmp	Drops	Drop%	BadTh	Bad%	Sk	Bltz	Hrry	Hits	Scrm	Yds/Scr
Mitchell Trubisky	CHI	16	30	110	6	19.4	223	7.4	59	3.7	2.0	51	3.2	0	0.0%	9	32.1%	1	7	4	0	3	8.0"
advanced_rushing
"Todd Gurley	LAR	11	28	3	5	0.5	23	2.1	2	5.5
Justin Davis	LAR	1	19	1	16	16.0	3	3.0	0	
Jared Goff	LAR	1	5	1	5	5.0	0	0.0	0	
Player	Tm	Att	Yds	1D	YBC	YBC/Att	YAC	YAC/Att	BrkTkl	Att/Br
Jordan Howard	CHI	19	101	6	50	2.6	51	2.7	0	
Tarik Cohen	CHI	9	69	2	58	6.4	11	1.2	0	
Mitchell Trubisky	CHI	6	23	1	23	3.8	0	0.0	0	
Taquan Mizzell	CHI	1	1		1	1.0	0	0.0	0	"
advanced_receiving
"Robert Woods	LAR	13	7	61	2	40	5.7	21	3.0	0		0	0.0
Gerald Everett	LAR	7	4	29	2	19	4.8	10	2.5	0		0	0.0
Brandin Cooks	LAR	8	3	22	1	22	7.3	0	0.0	0		0	0.0
Todd Gurley	LAR	7	3	30	2	5	1.7	25	8.3	1	3.0	1	14.3
Josh Reynolds	LAR	7	3	36	2	27	9.0	9	3.0	0		1	14.3
Tyler Higbee	LAR	1	1	9		3	3.0	6	6.0	0		0	0.0
Player	Tm	Tgt	Rec	Yds	1D	YBC	YBC/R	YAC	YAC/R	BrkTkl	Rec/Br	Drop	Drop%
Allen Robinson	CHI	8	5	42	2	17	3.4	25	5.0	0		0	0.0
Tarik Cohen	CHI	4	4	20	2	2	0.5	18	4.5	0		0	0.0
Taylor Gabriel	CHI	7	3	22	1	17	5.7	5	1.7	0		0	0.0
Trey Burton	CHI	5	2	22		19	9.5	3	1.5	0		0	0.0
Jordan Howard	CHI	1	1	2	0	2	2.0	0	0.0	0		0	0.0
Bradley Sowell	CHI	1	1	2	1	2	2.0	0	0.0	0		0	0.0
Josh Bellamy	CHI	1	0	0		0		0		0		0	0.0
Anthony Miller	CHI	1	0	0		0		0		0		0	0.0"
advanced_defense
"Aqib Talib	LAR	0	6	6	100.0%	40	6.7	6.7	0	94.4	1.3	8	32	0	0	0	0.0	0	5	1	16.7%
Marcus Peters	LAR	1	8	4	50.0%	33	8.3	4.1	0	21.4	10.5	25	8	0	0	0	0.0	0	3	0	0.0%
Lamarcus Joyner	LAR	0	2	2	100.0%	16	8.0	8.0	0	100.0	5.0	10	6	1	0	0	0.0	0	7	0	0.0%
John Johnson	LAR	1	3	2	66.7%	7	3.5	2.3	1	70.1	3.3	7	0	3	0	0	0.0	0	6	0	0.0%
Nickell Robey-Coleman	LAR	1	4	1	25.0%	8	8.0	2.0	0	0.0	10.5	3	5	0	0	0	0.0	0	3	0	0.0%
Cory Littleton	LAR	0	1	1	100.0%	6	6.0	6.0	0	91.7	6.0	6	0	6	0	0	0.0	0	7	1	12.5%
Dante Fowler	LAR	0	0	0										1	3	0	0.0	3	2	1	33.3%
Aaron Donald	LAR	0	0	0										0	1	0	0.0	1	2	2	50.0%
Samson Ebukam	LAR	0	0	0										2	1	0	0.0	1	2	0	0.0%
John Franklin-Myers	LAR	0	0	0										0	0	0	1.0	1	1	0	0.0%
Marqui Christian	LAR	0	1	0	0.0%					39.6	15.0			0	0	0	0.0	0	1	0	0.0%
Mark Barron	LAR	0	3	0	0.0%					39.6	13.3			2	0	0	0.0	0	3	1	25.0%
Player	Tm	Int	Tgt	Cmp	Cmp%	Yds	Yds/Cmp	Yds/Tgt	TD	Rat	DADOT	Air	YAC	Bltz	Hrry	QBKD	Sk	Prss	Comb	MTkl	MTkl%
Danny Trevathan	CHI	0	4	3	75.0%	36	12.0	9.0	0	102.1	4.8	18	18	4	1	0	0.0	1	3	0	0.0%
Kyle Fuller	CHI	1	9	3	33.3%	28	9.3	3.1	0	3.2	9.0	27	1	0	0	0	0.0	0	4	0	0.0%
Sherrick McManis	CHI	0	5	3	60.0%	18	6.0	3.6	0	67.1	4.4	17	1	3	0	0	0.0	0	7	0	0.0%
Prince Amukamara	CHI	1	8	3	37.5%	23	7.7	2.9	0	6.2	18.4	23	0	0	0	0	0.0	0	6	0	0.0%
Leonard Floyd	CHI	0	3	2	66.7%	16	8.0	5.3	0	79.9	3.0	3	13	7	0	0	0.0	0	2	1	33.3%
Bryce Callahan	CHI	0	2	2	100.0%	8	4.0	4.0	0	83.3	-0.5	-1	9	0	0	0	0.0	0	2	0	0.0%
Akiem Hicks	CHI	0	1	1	100.0%	6	6.0	6.0	0	91.7	4.0	4	2	0	1	0	1.0	2	3	2	40.0%
Khalil Mack	CHI	0	2	1	50.0%	29	29.0	14.5	0	95.8	15.0	14	15	1	0	0	1.0	1	3	1	25.0%
Benny Cunningham	CHI	0	1	1	100.0%	7	7.0	7.0	0	95.8	2.0	2	5	0	0	0	0.0	0	2	0	0.0%
Adrian Amos	CHI	0	2	1	50.0%	7	7.0	3.5	0	58.3	8.0	6	1	0	0	0	0.0	0	2	0	0.0%
Roquan Smith	CHI	1	3	1	33.3%	9	9.0	3.0	0	2.8	7.7	3	6	2	0	0	0.0	0	6	0	0.0%
Eddie Goldman	CHI	0	0	0										0	1	0	1.0	2	1	0	0.0%
Roy Robertson-Harris	CHI	0	0	0										0	1	0	0.0	1	1	0	0.0%
Eddie Jackson	CHI	1	4	0	0.0%					0.0	18.8			1	0	0	0.0	0	1	0	0.0%"
