advanced_rushing = document.querySelectorAll("#rushing_advanced > tbody")[0].innerText;
advanced_receiving = document.querySelectorAll("#receiving_advanced > tbody")[0].innerText;
advanced_defense = document.querySelectorAll("#defense_advanced > tbody")[0].innerText;
advanced_passing = document.querySelectorAll("#passing_advanced > tbody")[0].innerText;
"Matthew Stafford	DET	15	23	101	6	25.0	145	6.3	27	1.8	1.2	74	4.9	1	4.5%	5	22.7%	1	9	0	1	1	7.0
Player	Tm	Cmp	Att	Yds	1D	1D%	IAY	IAY/PA	CAY	CAY/Cmp	CAY/PA	YAC	YAC/Cmp	Drops	Drop%	BadTh	Bad%	Sk	Bltz	Hrry	Hits	Scrm	Yds/Scr
Josh Rosen	ARI	26	41	240	17	38.6	380	9.3	178	6.8	4.3	62	2.4	1	2.4%	9	22.0%	3	7	0	3	2	1.5"
advanced_rushing
"LeGarrette Blount	DET	12	33	2	20	1.7	13	1.1	0	
Zach Zenner	DET	12	54	3	28	2.3	26	2.2	1	12.0
Theo Riddick	DET	6	28	1	16	2.7	12	2.0	0	
Matthew Stafford	DET	1	7	1	7	7.0	0	0.0	0	
Player	Tm	Att	Yds	1D	YBC	YBC/Att	YAC	YAC/Att	BrkTkl	Att/Br
David Johnson	ARI	15	49	2	20	1.3	29	1.9	0	
Chase Edmonds	ARI	3	14		9	3.0	5	1.7	0	
Josh Rosen	ARI	2	3	0	1	0.5	2	1.0	0	
JJ Nelson	ARI	1	-5	0	-5	-5.0	0	0.0	0	"
advanced_receiving
"Bruce Ellington	DET	4	4	17	1	12	3.0	5	1.3	0		0	0.0
Theo Riddick	DET	4	4	30	2	-3	-0.8	33	8.3	0		0	0.0
LeGarrette Blount	DET	3	2	18	1	-5	-2.5	23	11.5	0		0	0.0
Kenny Golladay	DET	4	2	5		3	1.5	2	1.0	0		0	0.0
Levine Toilolo	DET	2	2	26	2	22	11.0	4	2.0	0		0	0.0
Andy Jones	DET	2	1	5		-2	-2.0	7	7.0	0		0	0.0
T.J. Jones	DET	1	0	0		0		0		0		0	0.0
Michael Roberts	DET	2	0	0		0		0		0		1	50.0
Player	Tm	Tgt	Rec	Yds	1D	YBC	YBC/R	YAC	YAC/R	BrkTkl	Rec/Br	Drop	Drop%
David Johnson	ARI	10	8	12	1	-9	-1.1	21	2.6	0		1	10.0
Larry Fitzgerald	ARI	9	5	55	5	47	9.4	8	1.6	0		0	0.0
Trent Sherfield	ARI	7	5	77	4	71	14.2	6	1.2	0		0	0.0
JJ Nelson	ARI	7	3	43	3	41	13.7	2	0.7	0		0	0.0
Ricky Seals-Jones	ARI	5	3	31	2	23	7.7	8	2.7	0		0	0.0
Jalen Tolliver	ARI	2	2	22	2	8	4.0	14	7.0	0		0	0.0
Jermaine Gresham	ARI	1	0	0		0		0		0		0	0.0"
advanced_defense
"Nevin Lawson	DET	0	7	5	71.4%	61	12.2	8.7	0	97.9	12.0	59	2	2	0	0	0.0	0	4	0	0.0%
Darius Slay	DET	1	10	4	40.0%	48	12.0	4.8	0	15.8	10.4	45	3	0	0	0	0.0	0	3	0	0.0%
Quandre Diggs	DET	0	4	4	100.0%	33	8.3	8.3	0	101.0	4.8	19	14	3	0	0	0.0	0	4	1	20.0%
Glover Quin	DET	0	5	3	60.0%	25	8.3	5.0	0	72.9	10.6	13	12	1	0	0	0.0	0	6	0	0.0%
Mike Ford	DET	0	3	3	100.0%	47	15.7	15.7	0	118.7	12.0	36	11	0	0	0	0.0	0	3	1	25.0%
Jarrad Davis	DET	0	4	2	50.0%	-1	-0.5	-0.3	0	56.2	-3.0	-11	10	8	0	0	1.0	1	8	0	0.0%
Tracy Walker	DET	0	5	2	40.0%	18	9.0	3.6	0	50.4	18.6	10	8	0	0	0	0.0	0	2	0	0.0%
Christian Jones	DET	0	2	2	100.0%	10	5.0	5.0	0	87.5	3.5	7	3	2	0	0	0.0	0	3	0	0.0%
DeShawn Shead	DET	0	2	2	100.0%	20	10.0	10.0	0	108.3	9.0	18	2	0	0	0	0.0	0	5	0	0.0%
Marcus Cooper	DET	0	2	1	50.0%	0	0.0	0.0	0	56.2	12.5	-2	2	0	0	0	0.0	0	1	0	0.0%
A'Shawn Robinson	DET	0	0	0										0	0	1	1.0	2	8	0	0.0%
Romeo Okwara	DET	0	0	0										2	0	1	1.0	2	3	0	0.0%
Damon Harrison	DET	0	0	0										0	0	1	0.0	1	4	0	0.0%
Eli Harold	DET	0	0	0										3	0	0	0.0	0	3	0	0.0%
Player	Tm	Int	Tgt	Cmp	Cmp%	Yds	Yds/Cmp	Yds/Tgt	TD	Rat	DADOT	Air	YAC	Bltz	Hrry	QBKD	Sk	Prss	Comb	MTkl	MTkl%
David Amerson	ARI	0	8	5	62.5%	22	4.4	2.8	0	66.7	7.3	7	15	1	0	0	0.0	0	7	2	22.2%
Haason Reddick	ARI	0	4	3	75.0%	30	10.0	7.5	0	95.8	1.5	1	29	5	0	1	0.0	1	11	1	8.3%
Budda Baker	ARI	0	3	3	100.0%	22	7.3	7.3	0	97.2	-0.7	-2	24	4	0	0	0.0	0	4	1	20.0%
Antoine Bethea	ARI	0	5	3	60.0%	25	8.3	5.0	0	72.9	13.4	19	6	0	0	0	0.0	0	8	1	11.1%
Gerald Hodges	ARI	0	3	1	33.3%	2	2.0	0.7	0	42.4	4.3	2	0	3	0	0	0.0	0	5	0	0.0%
Cameron Malveaux	ARI	0	0	0										0	0	0	1.0	1	1	0	0.0%
Rodney Gunter	ARI	0	0	0										0	0	0	0.0	0	1	1	50.0%
Patrick Peterson	ARI	0	1	0	0.0%					39.6	3.0			0	0	0	0.0	0	2	0	0.0%
Tre Boston	ARI	0	1	0	0.0%					39.6	38.0			0	0	0	0.0	0	3	0	0.0%"
