advanced_rushing = document.querySelectorAll("#rushing_advanced > tbody")[0].innerText;
advanced_receiving = document.querySelectorAll("#receiving_advanced > tbody")[0].innerText;
advanced_defense = document.querySelectorAll("#defense_advanced > tbody")[0].innerText;
advanced_passing = document.querySelectorAll("#passing_advanced > tbody")[0].innerText;
"Carson Wentz	PHI	22	32	228	12	35.3	276	8.6	140	6.4	4.4	88	4.0	3	9.4%	5	15.6%	2	7	5	4	2	1.0
Player	Tm	Cmp	Att	Yds	1D	1D%	IAY	IAY/PA	CAY	CAY/Cmp	CAY/PA	YAC	YAC/Cmp	Drops	Drop%	BadTh	Bad%	Sk	Bltz	Hrry	Hits	Scrm	Yds/Scr
Dak Prescott	DAL	42	54	455	23	40.4	429	7.9	230	5.5	4.3	225	5.4	2	3.8%	6	11.3%	3	7	8	6	0	"
advanced_rushing
"Josh Adams	PHI	7	36	1	-8	-1.1	44	6.3	1	7.0
Carson Wentz	PHI	4	-3	0	-12	-3.0	9	2.3	0	
Corey Clement	PHI	1	-4		-4	-4.0	0	0.0	0	
Wendell Smallwood	PHI	1	3		3	3.0	0	0.0	0	
Darren Sproles	PHI	1	2	0	0	0.0	2	2.0	0	
Player	Tm	Att	Yds	1D	YBC	YBC/Att	YAC	YAC/Att	BrkTkl	Att/Br
Ezekiel Elliott	DAL	28	113	5	40	1.4	73	2.6	3	9.3
Dak Prescott	DAL	4	2	0	-1	-0.3	3	0.8	0	
Rod Smith	DAL	4	27	1	18	4.5	9	2.3	0	"
advanced_receiving
"Alshon Jeffery	PHI	9	6	50	4	39	6.5	11	1.8	0		2	22.2
Zach Ertz	PHI	8	5	38	3	31	6.2	7	1.4	0		0	0.0
Dallas Goedert	PHI	5	4	44	2	15	3.8	29	7.3	0		0	0.0
Darren Sproles	PHI	3	3	34	2	1	0.3	33	11.0	0		0	0.0
Nelson Agholor	PHI	3	2	49	1	47	23.5	2	1.0	0		1	33.3
Jordan Matthews	PHI	1	1	6		3	3.0	3	3.0	0		0	0.0
Golden Tate	PHI	3	1	7		4	4.0	3	3.0	0		0	0.0
Player	Tm	Tgt	Rec	Yds	1D	YBC	YBC/R	YAC	YAC/R	BrkTkl	Rec/Br	Drop	Drop%
Ezekiel Elliott	DAL	13	12	79	3	15	1.3	64	5.3	1	12.0	0	0.0
Amari Cooper	DAL	13	10	217	9	127	12.7	90	9.0	0		1	7.7
Blake Jarwin	DAL	7	7	56	4	31	4.4	25	3.6	0		0	0.0
Michael Gallup	DAL	9	4	24	2	15	3.8	9	2.3	0		1	11.1
Dalton Schultz	DAL	3	3	37	2	25	8.3	12	4.0	1	3.0	0	0.0
Cole Beasley	DAL	4	2	18	2	11	5.5	7	3.5	0		0	0.0
Rod Smith	DAL	2	2	16	1	2	1.0	14	7.0	0		0	0.0
Rico Gathers	DAL	1	1	-1		-5	-5.0	4	4.0	0		0	0.0
Allen Hurns	DAL	1	1	9		9	9.0	0	0.0	0		0	0.0"
advanced_defense
"Rasul Douglas	PHI	1	15	10	66.7%	89	8.9	5.9	1	76.8	8.4	33	56	0	0	0	0.0	0	9	0	0.0%
Sidney Jones	PHI	0	11	7	63.6%	83	11.9	7.5	1	116.9	11.5	53	30	0	0	0	0.0	0	4	0	0.0%
Malcolm Jenkins	PHI	0	6	6	100.0%	35	5.8	5.8	0	91.0	2.5	15	20	3	0	0	0.0	0	10	2	16.7%
Nigel Bradham	PHI	0	6	6	100.0%	38	6.3	6.3	0	93.1	1.8	11	27	6	0	0	0.0	0	14	1	6.7%
De'Vante Bausby	PHI	0	5	5	100.0%	113	22.6	22.6	1	158.3	10.0	50	63	0	0	0	0.0	0	4	2	33.3%
Kamu Grugier-Hill	PHI	0	4	3	75.0%	29	9.7	7.3	0	94.8	8.5	12	17	0	0	0	0.0	0	10	0	0.0%
Nathan Gerry	PHI	0	3	3	100.0%	18	6.0	6.0	0	91.7	2.0	6	12	0	0	0	0.0	0	6	0	0.0%
Corey Graham	PHI	1	2	2	100.0%	43	21.5	21.5	0	79.2	19.5	39	4	2	0	0	0.0	0	11	0	0.0%
Michael Bennett	PHI	0	1	1	100.0%	16	16.0	16.0	0	118.7	7.0	7	9	0	1	4	1.5	7	7	2	22.2%
Tre Sullivan	PHI	0	1	1	100.0%	6	6.0	6.0	0	91.7	3.0	3	3	0	0	0	0.0	0	4	0	0.0%
Cre'von LeBlanc	PHI	0	3	1	33.3%	15	15.0	5.0	0	50.7	13.3	8	7	2	0	0	0.0	0	4	0	0.0%
Fletcher Cox	PHI	0	0	0										0	3	2	1.5	7	3	0	0.0%
Brandon Graham	PHI	0	0	0										0	3	0	0.0	3	3	0	0.0%
Treyvon Hester	PHI	0	0	0										0	1	0	0.0	1	2	0	0.0%
Player	Tm	Int	Tgt	Cmp	Cmp%	Yds	Yds/Cmp	Yds/Tgt	TD	Rat	DADOT	Air	YAC	Bltz	Hrry	QBKD	Sk	Prss	Comb	MTkl	MTkl%
Leighton Vander Esch	DAL	0	10	9	90.0%	85	9.4	8.5	1	135.4	5.1	27	58	2	0	0	0.0	0	6	3	33.3%
Jaylon Smith	DAL	0	7	6	85.7%	57	9.5	8.1	1	140.2	5.3	39	18	4	0	0	0.0	0	9	0	0.0%
Chidobe Awuzie	DAL	0	6	3	50.0%	27	9.0	4.5	0	62.5	10.2	13	14	0	0	0	0.0	0	4	1	20.0%
Jeff Heath	DAL	0	4	3	75.0%	19	6.3	4.8	0	84.4	6.8	13	6	0	0	0	0.0	0	3	1	25.0%
Byron Jones	DAL	0	4	3	75.0%	55	18.3	13.8	1	156.2	16.8	52	3	0	0	0	0.0	0	2	0	0.0%
Xavier Woods	DAL	0	2	2	100.0%	8	4.0	4.0	1	122.9	3.5	7	1	0	0	0	0.0	0	3	0	0.0%
Anthony Brown	DAL	0	3	1	33.3%	7	7.0	2.3	0	42.4	4.3	4	3	1	0	0	0.0	0	1	0	0.0%
Randy Gregory	DAL	0	0	0										0	3	1	1.0	5	1	0	0.0%
DeMarcus Lawrence	DAL	0	0	0										0	3	1	0.0	4	4	0	0.0%
Tyrone Crawford	DAL	0	0	0										0	1	1	1.0	3	1	0	0.0%
Maliek Collins	DAL	0	0	0										0	0	1	0.0	1	1	0	0.0%
Damien Wilson	DAL	0	0	0										2	0	0	0.0	0	3	0	0.0%"
