advanced_rushing = document.querySelectorAll("#rushing_advanced > tbody")[0].innerText;
advanced_receiving = document.querySelectorAll("#receiving_advanced > tbody")[0].innerText;
advanced_defense = document.querySelectorAll("#defense_advanced > tbody")[0].innerText;
advanced_passing = document.querySelectorAll("#passing_advanced > tbody")[0].innerText;
"Andrew Luck	IND	27	41	399	17	39.5	354	8.6	262	9.7	6.4	137	5.1	3	7.5%	3	7.5%	2	11	0	3	2	9.0
Player	Tm	Cmp	Att	Yds	1D	1D%	IAY	IAY/PA	CAY	CAY/Cmp	CAY/PA	YAC	YAC/Cmp	Drops	Drop%	BadTh	Bad%	Sk	Bltz	Hrry	Hits	Scrm	Yds/Scr
Deshaun Watson	HOU	27	38	267	14	32.6	257	6.8	115	4.3	3.0	152	5.6	0	0.0%	7	18.4%	5	11	4	3	3	7.0"
advanced_rushing
"Marlon Mack	IND	14	33	2	-3	-0.2	36	2.6	1	14.0
Andrew Luck	IND	6	16	2	-18	-3.0	34	5.7	0	
Nyheim Hines	IND	3	1	0	-4	-1.3	5	1.7	0	
Player	Tm	Att	Yds	1D	YBC	YBC/Att	YAC	YAC/Att	BrkTkl	Att/Br
Lamar Miller	HOU	14	33	2	8	0.6	25	1.8	2	7.0
Alfred Blue	HOU	6	21	2	7	1.2	14	2.3	1	6.0
Deshaun Watson	HOU	5	35	2	26	5.2	9	1.8	0	"
advanced_receiving
"T.Y. Hilton	IND	12	9	199	5	140	15.6	59	6.6	0		0	0.0
Zach Pascal	IND	6	5	68	3	53	10.6	15	3.0	0		0	0.0
Chester Rogers	IND	6	5	36	2	7	1.4	29	5.8	0		0	0.0
Eric Ebron	IND	8	4	65	4	44	11.0	21	5.3	0		2	25.0
Nyheim Hines	IND	5	3	16	2	3	1.0	13	4.3	0		0	0.0
Ryan Grant	IND	1	1	15	1	15	15.0	0	0.0	0		0	0.0
Marlon Mack	IND	1	0	0	0	0		0		0		0	0.0
Erik Swoope	IND	1	0	0		0		0		0		1	100.0
Player	Tm	Tgt	Rec	Yds	1D	YBC	YBC/R	YAC	YAC/R	BrkTkl	Rec/Br	Drop	Drop%
Ryan Griffin	HOU	5	5	80	3	35	7.0	45	9.0	0		0	0.0
Lamar Miller	HOU	6	5	19	1	-9	-1.8	28	5.6	0		0	0.0
Jordan Thomas	HOU	4	4	31	2	23	5.8	8	2.0	0		0	0.0
DeAndre Hopkins	HOU	10	4	36	3	31	7.8	5	1.3	0		0	0.0
Demaryius Thomas	HOU	6	4	48	3	8	2.0	40	10.0	0		0	0.0
Joe Webb	HOU	3	2	13		7	3.5	6	3.0	0		0	0.0
Jordan Akins	HOU	2	2	40	2	27	13.5	13	6.5	0		0	0.0
DeAndre Carter	HOU	1	1	0		-7	-7.0	7	7.0	0		0	0.0
Alfred Blue	HOU	1	0	0	0	0		0		0		0	0.0"
advanced_defense
"Anthony Walker	IND	0	7	6	85.7%	60	10.0	8.6	0	102.4	7.0	44	16	4	0	0	0.0	0	11	0	0.0%
Kenny Moore	IND	0	6	4	66.7%	29	7.3	4.8	0	77.8	8.0	9	20	8	0	0	1.0	1	7	1	12.5%
Darius Leonard	IND	0	5	4	80.0%	34	8.5	6.8	0	95.0	3.2	10	24	3	0	0	1.0	1	12	1	7.7%
Matthew Adams	IND	0	3	3	100.0%	53	17.7	17.7	0	118.7	9.7	29	24	1	0	1	0.0	1	6	0	0.0%
Pierre Desir	IND	0	7	3	42.9%	27	9.0	3.9	0	53.9	7.6	16	11	0	0	0	0.0	0	3	0	0.0%
Clayton Geathers	IND	0	4	3	75.0%	8	2.7	2.0	1	116.7	2.5	0	8	1	0	0	0.0	0	9	0	0.0%
George Odum	IND	0	2	2	100.0%	15	7.5	7.5	0	97.9	1.5	3	12	1	1	0	0.0	1	2	0	0.0%
Malik Hooker	IND	0	3	2	66.7%	60	30.0	20.0	0	109.7	24.0	28	32	0	0	0	0.0	0	1	0	0.0%
Jabaal Sheard	IND	0	1	1	100.0%	1	1.0	1.0	0	79.2	1.0	1	0	0	0	1	0.0	1	6	0	0.0%
Al-Quadin Muhammad	IND	0	0	0										0	2	1	0.0	3	1	0	0.0%
Denico Autry	IND	0	0	0										0	0	0	2.0	2	4	0	0.0%
Al Woods	IND	0	0	0										0	1	0	0.0	1	2	1	33.3%
Margus Hunt	IND	0	0	0										0	0	0	1.0	1	3	0	0.0%
Player	Tm	Int	Tgt	Cmp	Cmp%	Yds	Yds/Cmp	Yds/Tgt	TD	Rat	DADOT	Air	YAC	Bltz	Hrry	QBKD	Sk	Prss	Comb	MTkl	MTkl%
Kareem Jackson	HOU	0	11	9	81.8%	87	9.7	7.9	0	99.6	6.3	42	45	0	0	0	0.0	0	11	1	8.3%
Tyrann Mathieu	HOU	0	9	5	55.6%	78	15.6	8.7	0	84.5	7.7	53	25	4	0	0	0.0	0	6	0	0.0%
Zach Cunningham	HOU	0	5	4	80.0%	36	9.0	7.2	0	96.7	5.2	18	18	1	0	0	0.0	0	10	0	0.0%
Shareece Wright	HOU	0	7	3	42.9%	52	17.3	7.4	1	108.3	10.3	44	8	0	0	0	0.0	0	2	0	0.0%
Justin Reid	HOU	0	3	3	100.0%	83	27.7	27.7	1	158.3	21.0	63	20	1	0	0	0.0	0	9	1	10.0%
Johnathan Joseph	HOU	0	4	2	50.0%	48	24.0	12.0	0	93.7	11.0	29	19	1	0	0	0.0	0	2	2	50.0%
Whitney Mercilus	HOU	0	2	1	50.0%	15	15.0	7.5	0	75.0	9.5	13	2	5	0	0	0.0	0	3	0	0.0%
Christian Covington	HOU	0	1	0	0.0%					39.6	-2.0			0	0	1	1.0	2	1	0	0.0%
J.J. Watt	HOU	0	0	0										0	0	1	1.0	2	2	0	0.0%
Jadeveon Clowney	HOU	0	0	0										0	2	0	0.0	2	2	1	33.3%
Benardrick McKinney	HOU	0	0	0										3	0	1	0.0	1	3	0	0.0%
D.J. Reader	HOU	0	0	0										0	0	0	0.0	0	1	1	50.0%
Andre Hal	HOU	1	0	0										1	0	0	0.0	0	0	0	"
