advanced_rushing = document.querySelectorAll("#rushing_advanced > tbody")[0].innerText;
advanced_receiving = document.querySelectorAll("#receiving_advanced > tbody")[0].innerText;
advanced_defense = document.querySelectorAll("#defense_advanced > tbody")[0].innerText;
advanced_passing = document.querySelectorAll("#passing_advanced > tbody")[0].innerText;
"Cody Kessler	JAX	25	43	240	11	23.4	396	9.2	170	6.8	4.0	70	2.8	3	7.3%	7	17.1%	4	16	15	3	2	8.0
Player	Tm	Cmp	Att	Yds	1D	1D%	IAY	IAY/PA	CAY	CAY/Cmp	CAY/PA	YAC	YAC/Cmp	Drops	Drop%	BadTh	Bad%	Sk	Bltz	Hrry	Hits	Scrm	Yds/Scr
Marcus Mariota	TEN	18	24	162	9	36.0	158	6.6	62	3.4	2.6	100	5.6	1	4.2%	5	20.8%	1	5	2	0	1	12.0"
advanced_rushing
"Leonard Fournette	JAX	14	36	3	21	1.5	15	1.1	0	
Cody Kessler	JAX	5	17	2	1	0.2	16	3.2	1	5.0
T.J. Yeldon	JAX	1	7		4	4.0	3	3.0	0	
Player	Tm	Att	Yds	1D	YBC	YBC/Att	YAC	YAC/Att	BrkTkl	Att/Br
Derrick Henry	TEN	17	238	8	111	6.5	127	7.5	11	1.5
Dion Lewis	TEN	10	13	0	5	0.5	8	0.8	0	
Marcus Mariota	TEN	4	13	2	12	3.0	1	0.3	0	
Corey Davis	TEN	1	0	0	-1	-1.0	1	1.0	0	"
advanced_receiving
"Dede Westbrook	JAX	10	7	88	5	77	11.0	11	1.6	0		1	10.0
Donte Moncrief	JAX	10	5	47	2	34	6.8	13	2.6	0		1	10.0
Keelan Cole	JAX	7	3	55	2	50	16.7	5	1.7	0		0	0.0
James O'Shaughnessy	JAX	4	3	12		5	1.7	7	2.3	0		0	0.0
Blake Bell	JAX	2	2	16	1	5	2.5	11	5.5	0		0	0.0
Leonard Fournette	JAX	3	2	5	0	-9	-4.5	14	7.0	0		0	0.0
T.J. Yeldon	JAX	1	1	10		1	1.0	9	9.0	0		0	0.0
Rashad Greene	JAX	2	1	10	1	10	10.0	0	0.0	0		1	50.0
Carlos Hyde	JAX	1	1	-3		-3	-3.0	0	0.0	0		0	0.0
Tommy Bohanon	JAX	1	0	0		0		0		0		0	0.0
Player	Tm	Tgt	Rec	Yds	1D	YBC	YBC/R	YAC	YAC/R	BrkTkl	Rec/Br	Drop	Drop%
Taywan Taylor	TEN	7	6	59	3	38	6.3	21	3.5	2	3.0	1	14.3
Dion Lewis	TEN	5	5	39	1	-13	-2.6	52	10.4	1	5.0	0	0.0
Anthony Firkser	TEN	3	3	27	2	13	4.3	14	4.7	0		0	0.0
Corey Davis	TEN	3	2	21	2	14	7.0	7	3.5	0		0	0.0
MyCole Pruitt	TEN	1	1	9	1	5	5.0	4	4.0	0		0	0.0
Luke Stocker	TEN	1	1	7		5	5.0	2	2.0	0		0	0.0
Tajae Sharpe	TEN	4	0	0		0		0		0		0	0.0"
advanced_defense
"Telvin Smith	JAX	0	5	5	100.0%	38	7.6	7.6	0	98.3	-2.8	-14	52	1	0	0	0.0	0	10	4	28.6%
A.J. Bouye	JAX	0	4	4	100.0%	45	11.3	11.3	0	113.5	7.3	29	16	0	0	0	0.0	0	5	1	16.7%
D.J. Hayden	JAX	0	6	4	66.7%	16	4.0	2.7	0	70.1	6.0	2	14	0	0	0	0.0	0	3	3	50.0%
Ronnie Harrison	JAX	1	4	3	75.0%	25	8.3	6.3	0	51.0	9.3	21	4	0	0	0	0.0	0	5	0	0.0%
Myles Jack	JAX	0	2	2	100.0%	19	9.5	9.5	0	106.2	3.5	7	12	2	0	0	1.0	1	13	3	18.8%
Jalen Ramsey	JAX	0	5	2	40.0%	21	10.5	4.2	0	52.9	16.4	20	1	0	0	0	0.0	0	5	0	0.0%
Nick DeLuca	JAX	0	1	1	100.0%	9	9.0	9.0	0	104.2	5.0	5	4	1	0	0	0.0	0	2	0	0.0%
Malik Jackson	JAX	0	0	0										0	1	0	0.0	1	2	0	0.0%
Tashaun Gipson	JAX	0	0	0										1	0	0	0.0	0	4	0	0.0%
Leon Jacobs	JAX	0	0	0										0	0	0	0.0	0	3	2	40.0%
Player	Tm	Int	Tgt	Cmp	Cmp%	Yds	Yds/Cmp	Yds/Tgt	TD	Rat	DADOT	Air	YAC	Bltz	Hrry	QBKD	Sk	Prss	Comb	MTkl	MTkl%
Adoree' Jackson	TEN	0	12	6	50.0%	44	7.3	3.7	1	86.8	8.2	39	5	1	0	0	0.0	0	5	0	0.0%
Malcolm Butler	TEN	0	9	4	44.4%	68	17.0	7.6	0	70.6	18.6	61	7	0	0	0	0.0	0	4	0	0.0%
Logan Ryan	TEN	0	5	3	60.0%	27	9.0	5.4	0	74.6	9.6	25	2	4	2	0	1.0	3	7	0	0.0%
Jayon Brown	TEN	0	5	3	60.0%	29	9.7	5.8	0	76.2	4.8	11	18	7	0	2	0.0	2	5	1	16.7%
Wesley Woodyard	TEN	0	4	3	75.0%	37	12.3	9.3	0	103.1	6.8	26	11	3	0	0	0.0	0	7	0	0.0%
Kevin Byard	TEN	0	2	2	100.0%	17	8.5	8.5	0	102.1	2.5	5	12	1	1	0	1.0	2	3	0	0.0%
Rashaan Evans	TEN	0	2	2	100.0%	3	1.5	1.5	0	79.2	0.5	1	2	1	1	0	0.0	1	5	0	0.0%
Brian Orakpo	TEN	0	1	1	100.0%	7	7.0	7.0	0	95.8	5.0	5	2	1	2	0	0.0	2	1	0	0.0%
Sharif Finch	TEN	0	1	1	100.0%	7	7.0	7.0	0	95.8	5.0	5	2	2	0	0	0.5	1	2	0	0.0%
Kenny Vaccaro	TEN	0	3	1	33.3%	9	9.0	3.0	0	42.4	11.0	0	9	0	0	0	0.0	0	4	0	0.0%
Jurrell Casey	TEN	0	0	0										0	4	0	1.5	6	6	0	0.0%
Harold Landry	TEN	0	0	0										2	2	1	0.0	3	3	0	0.0%
Derrick Morgan	TEN	0	0	0										0	2	0	0.0	2	4	0	0.0%
DaQuan Jones	TEN	0	0	0										0	1	0	0.0	1	1	0	0.0%"
