advanced_rushing = document.querySelectorAll("#rushing_advanced > tbody")[0].innerText;
advanced_receiving = document.querySelectorAll("#receiving_advanced > tbody")[0].innerText;
advanced_defense = document.querySelectorAll("#defense_advanced > tbody")[0].innerText;
advanced_passing = document.querySelectorAll("#passing_advanced > tbody")[0].innerText;
"Jeff Driskel	CIN	18	27	170	9	30.0	163	6.0	89	4.9	3.3	81	4.5	0	0.0%	4	16.0%	3	7	1	1	1	9.0
Player	Tm	Cmp	Att	Yds	1D	1D%	IAY	IAY/PA	CAY	CAY/Cmp	CAY/PA	YAC	YAC/Cmp	Drops	Drop%	BadTh	Bad%	Sk	Bltz	Hrry	Hits	Scrm	Yds/Scr
Philip Rivers	LAC	19	29	220	10	32.3	234	8.1	116	6.1	4.0	104	5.5	2	6.9%	2	6.9%	2	4	2	0	1	5.0"
advanced_rushing
"Joe Mixon	CIN	26	111	5	50	1.9	61	2.3	0	
Giovani Bernard	CIN	3	7	1	5	1.7	2	0.7	0	
Jeff Driskel	CIN	2	12	1	10	5.0	2	1.0	0	
Alex Erickson	CIN	1	14	1	11	11.0	3	3.0	0	
Player	Tm	Att	Yds	1D	YBC	YBC/Att	YAC	YAC/Att	BrkTkl	Att/Br
Austin Ekeler	LAC	15	66	5	35	2.3	31	2.1	0	
Justin Jackson	LAC	7	12	1	6	0.9	6	0.9	1	7.0
Philip Rivers	LAC	2	7	0	4	2.0	3	1.5	0	
Keenan Allen	LAC	1	0	0	0	0.0	0	0.0	0	"
advanced_receiving
"Joe Mixon	CIN	6	5	27	2	-13	-2.6	40	8.0	0		0	0.0
Tyler Boyd	CIN	6	3	52	3	43	14.3	9	3.0	0		0	0.0
Cody Core	CIN	4	3	30	1	30	10.0	0	0.0	0		0	0.0
C.J. Uzomah	CIN	3	3	37	1	23	7.7	14	4.7	0		0	0.0
Giovani Bernard	CIN	2	2	13	1	5	2.5	8	4.0	0		0	0.0
John Ross	CIN	4	2	11	1	1	0.5	10	5.0	0		0	0.0
Player	Tm	Tgt	Rec	Yds	1D	YBC	YBC/R	YAC	YAC/R	BrkTkl	Rec/Br	Drop	Drop%
Keenan Allen	LAC	8	5	78	3	61	12.2	17	3.4	1	5.0	0	0.0
Mike Williams	LAC	6	3	45	2	39	13.0	6	2.0	0		2	33.3
Tyrell Williams	LAC	4	3	14	1	7	2.3	7	2.3	0		0	0.0
Austin Ekeler	LAC	5	2	28	1	-2	-1.0	30	15.0	0		0	0.0
Antonio Gates	LAC	2	2	19	1	16	8.0	3	1.5	0		0	0.0
Justin Jackson	LAC	2	2	23	1	-8	-4.0	31	15.5	0		0	0.0
Travis Benjamin	LAC	1	1	11	1	3	3.0	8	8.0	0		0	0.0
Derek Watt	LAC	1	1	2		0	0.0	2	2.0	0		0	0.0"
advanced_defense
"Shawn Williams	CIN	0	4	4	100.0%	37	9.3	9.3	0	105.2	7.5	30	7	1	0	0	0.0	0	6	0	0.0%
Darqueze Dennard	CIN	0	5	4	80.0%	79	19.8	15.8	1	158.3	8.6	39	40	1	0	0	0.0	0	3	0	0.0%
KeiVarae Russell	CIN	0	5	3	60.0%	37	12.3	7.4	0	82.9	11.6	32	5	0	0	0	0.0	0	4	0	0.0%
William Jackson	CIN	0	5	2	40.0%	9	4.5	1.8	0	47.9	10.0	8	1	0	0	0	0.0	0	3	0	0.0%
Hardy Nickerson	CIN	0	2	2	100.0%	24	12.0	12.0	0	116.7	-2.0	-4	28	1	0	0	0.0	0	2	1	33.3%
Jessie Bates	CIN	0	2	2	100.0%	44	22.0	22.0	0	118.7	11.5	23	21	0	0	0	0.0	0	7	1	12.5%
Darius Phillips	CIN	0	2	1	50.0%	10	10.0	5.0	0	64.6	21.5	10	0	0	0	0	0.0	0	1	0	0.0%
Jordan Evans	CIN	0	2	1	50.0%	6	6.0	3.0	0	56.2	1.5	-3	9	1	0	0	0.0	0	3	0	0.0%
Carlos Dunlap	CIN	0	0	0										0	1	0	1.0	2	4	1	20.0%
Andrew Billings	CIN	0	0	0										0	0	0	0.5	1	1	0	0.0%
Christian Ringo	CIN	0	0	0										0	0	0	0.5	1	3	0	0.0%
Geno Atkins	CIN	0	0	0										0	1	0	0.0	1	1	0	0.0%
Nick Vigil	CIN	0	2	0	0.0%					39.6	3.5			2	0	0	0.0	0	3	1	25.0%
Michael Johnson	CIN	0	0	0										0	0	0	0.0	0	4	1	20.0%
Player	Tm	Int	Tgt	Cmp	Cmp%	Yds	Yds/Cmp	Yds/Tgt	TD	Rat	DADOT	Air	YAC	Bltz	Hrry	QBKD	Sk	Prss	Comb	MTkl	MTkl%
Jatavis Brown	LAC	0	8	5	62.5%	28	5.6	3.5	1	108.3	5.1	13	15	3	0	0	0.0	0	7	0	0.0%
Desmond King	LAC	0	6	4	66.7%	18	4.5	3.0	0	70.1	8.7	5	13	3	0	0	0.0	0	3	0	0.0%
Casey Hayward	LAC	0	5	4	80.0%	62	15.5	12.4	0	118.3	11.6	45	17	0	0	0	0.0	0	2	1	33.3%
Adrian Phillips	LAC	0	4	3	75.0%	33	11.0	8.3	0	99.0	4.0	2	31	1	0	0	0.0	0	5	1	16.7%
Michael Davis	LAC	0	4	3	75.0%	35	11.7	8.8	0	101.0	9.3	32	3	0	0	0	0.0	0	6	0	0.0%
Derwin James	LAC	0	2	2	100.0%	21	10.5	10.5	0	110.4	5.5	11	10	1	0	0	0.0	0	7	1	12.5%
Jahleel Addae	LAC	0	2	1	50.0%	24	24.0	12.0	0	93.7	10.5	21	3	1	0	0	0.0	0	9	0	0.0%
Melvin Ingram	LAC	0	1	1	100.0%	5	5.0	5.0	0	87.5	-3.0	-3	8	3	0	0	0.0	0	5	0	0.0%
Joey Bosa	LAC	0	0	0										0	1	1	1.0	3	6	2	25.0%
Kyle Emanuel	LAC	0	0	0										0	0	0	1.0	1	3	0	0.0%
Uchenna Nwosu	LAC	0	0	0										0	0	0	1.0	1	2	0	0.0%
Darius Philon	LAC	0	0	0										0	0	0	0.0	0	2	1	33.3%"
