advanced_rushing = document.querySelectorAll("#rushing_advanced > tbody")[0].innerText;
advanced_receiving = document.querySelectorAll("#receiving_advanced > tbody")[0].innerText;
advanced_defense = document.querySelectorAll("#defense_advanced > tbody")[0].innerText;
advanced_passing = document.querySelectorAll("#passing_advanced > tbody")[0].innerText;
"Kirk Cousins	MIN	20	33	208	9	25.7	246	7.5	104	5.2	3.2	104	5.2	3	9.7%	4	12.9%	2	3	14	4	0	
Player	Tm	Cmp	Att	Yds	1D	1D%	IAY	IAY/PA	CAY	CAY/Cmp	CAY/PA	YAC	YAC/Cmp	Drops	Drop%	BadTh	Bad%	Sk	Bltz	Hrry	Hits	Scrm	Yds/Scr
Russell Wilson	SEA	10	20	72	4	18.2	200	10.0	31	3.1	1.6	41	4.1	1	5.9%	6	35.3%	2	7	10	0	2	25.0"
advanced_rushing
"Dalvin Cook	MIN	13	55	3	34	2.6	21	1.6	1	13.0
Kirk Cousins	MIN	3	5	2	5	1.7	0	0.0	0	
Latavius Murray	MIN	3	4		1	0.3	3	1.0	0	
Stefon Diggs	MIN	1	5	0	5	5.0	0	0.0	0	
Adam Thielen	MIN	1	8	0	8	8.0	0	0.0	0	
Player	Tm	Att	Yds	1D	YBC	YBC/Att	YAC	YAC/Att	BrkTkl	Att/Br
Chris Carson	SEA	22	90	6	69	3.1	21	1.0	1	22.0
Rashaad Penny	SEA	8	44	2	36	4.5	8	1.0	2	4.0
Russell Wilson	SEA	7	61	4	61	8.7	0	0.0	0	
Mike Davis	SEA	3	22	1	22	7.3	0	0.0	0	
Tyler Lockett	SEA	2	-3	0	-3	-1.5	0	0.0	0	"
advanced_receiving
"Dalvin Cook	MIN	7	5	28	2	-6	-1.2	34	6.8	1	5.0	1	14.3
Adam Thielen	MIN	7	5	70	4	19	3.8	51	10.2	1	5.0	0	0.0
Stefon Diggs	MIN	6	4	76	3	74	18.5	2	0.5	0		0	0.0
Laquon Treadwell	MIN	3	3	16		2	0.7	14	4.7	0		0	0.0
Kyle Rudolph	MIN	5	2	7		6	3.0	1	0.5	0		1	20.0
Tyler Conklin	MIN	2	1	11		9	9.0	2	2.0	0		1	50.0
Aldrick Robinson	MIN	1	0	0		0		0		0		0	0.0
Player	Tm	Tgt	Rec	Yds	1D	YBC	YBC/R	YAC	YAC/R	BrkTkl	Rec/Br	Drop	Drop%
Tyler Lockett	SEA	6	5	42	3	24	4.8	18	3.6	0		0	0.0
Jaron Brown	SEA	1	1	0		-6	-6.0	6	6.0	0		0	0.0
Mike Davis	SEA	1	1	5	0	0	0.0	5	5.0	0		0	0.0
Ed Dickson	SEA	1	1	4		3	3.0	1	1.0	0		0	0.0
George Fant	SEA	1	1	9		0	0.0	9	9.0	0		0	0.0
Nick Vannett	SEA	1	1	12	1	10	10.0	2	2.0	0		0	0.0
David Moore	SEA	5	0	0		0		0		0		1	20.0"
advanced_defense
"Ben Gedeon	MIN	0	2	2	100.0%	23	11.5	11.5	0	114.6	3.5	7	16	0	0	0	0.0	0	9	1	10.0%
Anthony Harris	MIN	0	2	2	100.0%	16	8.0	8.0	0	100.0	6.5	13	3	0	0	0	0.0	0	9	0	0.0%
Holton Hill	MIN	0	6	2	33.3%	12	6.0	2.0	0	42.4	19.8	5	7	0	0	0	0.0	0	8	3	27.3%
Eric Kendricks	MIN	1	2	1	50.0%	5	5.0	2.5	0	16.7	-9.0	-4	9	3	1	0	0.0	1	7	0	0.0%
Mackensie Alexander	MIN	0	2	1	50.0%	0	0.0	0.0	0	56.2	14.5	-6	6	0	0	0	0.0	0	1	0	0.0%
Harrison Smith	MIN	0	1	1	100.0%	2	2.0	2.0	0	79.2	2.0	2	0	2	0	0	0.0	0	7	0	0.0%
Xavier Rhodes	MIN	0	2	1	50.0%	14	14.0	7.0	0	72.9	8.5	14	0	0	0	0	0.0	0	1	0	0.0%
Danielle Hunter	MIN	0	0	0										0	4	0	1.0	5	3	1	25.0%
Tom Johnson	MIN	0	0	0										0	3	0	0.0	3	2	0	0.0%
Stephen Weatherly	MIN	0	0	0										0	1	0	0.0	1	2	0	0.0%
Sheldon Richardson	MIN	0	0	0										0	1	0	0.0	1	3	0	0.0%
Anthony Barr	MIN	0	0	0										6	0	0	1.0	1	6	0	0.0%
Everson Griffen	MIN	0	0	0										0	1	0	0.0	1	3	0	0.0%
Linval Joseph	MIN	0	0	0										0	0	0	0.0	0	10	1	9.1%
Player	Tm	Int	Tgt	Cmp	Cmp%	Yds	Yds/Cmp	Yds/Tgt	TD	Rat	DADOT	Air	YAC	Bltz	Hrry	QBKD	Sk	Prss	Comb	MTkl	MTkl%
Shaquill Griffin	SEA	0	8	5	62.5%	26	5.2	3.3	0	67.7	7.0	23	3	0	0	0	0.0	0	7	1	12.5%
Tre Flowers	SEA	0	5	4	80.0%	82	20.5	16.4	0	118.7	19.2	73	9	0	0	0	0.0	0	8	0	0.0%
Bradley McDougald	SEA	0	6	4	66.7%	32	8.0	5.3	1	119.4	0.3	-1	33	0	0	0	0.0	0	2	2	50.0%
Justin Coleman	SEA	0	5	3	60.0%	44	14.7	8.8	0	88.7	6.4	-5	49	0	0	0	0.0	0	1	0	0.0%
Mychal Kendricks	SEA	0	2	2	100.0%	11	5.5	5.5	0	89.6	1.5	3	8	2	0	0	0.0	0	4	2	33.3%
Shamar Stephen	SEA	0	1	1	100.0%	2	2.0	2.0	0	79.2	2.0	2	0	0	1	0	0.0	1	2	1	33.3%
Bobby Wagner	SEA	0	2	1	50.0%	11	11.0	5.5	0	66.7	4.5	9	2	2	0	0	0.0	0	8	1	11.1%
Frank Clark	SEA	0	0	0										0	4	1	1.0	6	4	0	0.0%
Jacob Martin	SEA	0	0	0										0	3	1	1.0	5	1	0	0.0%
Jarran Reed	SEA	0	0	0										0	3	0	0.0	3	2	0	0.0%
Poona Ford	SEA	0	0	0										0	1	0	0.0	1	1	0	0.0%
Barkevious Mingo	SEA	0	0	0										1	1	0	0.0	1	2	0	0.0%
Dion Jordan	SEA	0	0	0										0	0	1	0.0	1	1	1	50.0%
Akeem King	SEA	0	0	0										1	0	1	0.0	1	0	0	
Tedric Thompson	SEA	0	2	0	0.0%					39.6	5.5			0	0	0	0.0	0	6	0	0.0%
Quinton Jefferson	SEA	0	0	0										0	0	0	0.0	0	1	1	50.0%"
