advanced_rushing = document.querySelectorAll("#rushing_advanced > tbody")[0].innerText;
advanced_receiving = document.querySelectorAll("#receiving_advanced > tbody")[0].innerText;
advanced_defense = document.querySelectorAll("#defense_advanced > tbody")[0].innerText;
advanced_passing = document.querySelectorAll("#passing_advanced > tbody")[0].innerText;
"Eli Manning	NYG	14	22	197	11	45.8	118	5.4	68	4.9	3.1	129	9.2	0	0.0%	3	14.3%	2	7	0	1	0	
Kyle Lauletta	NYG	0	5	0			62	12.4	0		0.0	0		0	0.0%	2	40.0%	0	2	0	3	0	
Player	Tm	Cmp	Att	Yds	1D	1D%	IAY	IAY/PA	CAY	CAY/Cmp	CAY/PA	YAC	YAC/Cmp	Drops	Drop%	BadTh	Bad%	Sk	Bltz	Hrry	Hits	Scrm	Yds/Scr
Josh Johnson	WAS	11	16	195	5	31.3	100	6.3	56	5.1	3.5	139	12.6	1	6.7%	1	6.7%	0	6	4	1	5	6.4
Mark Sanchez	WAS	6	14	38			80	5.7	18	3.0	1.3	20	3.3	5	35.7%	0	0.0%	5	5	3	1	0	"
advanced_rushing
"Saquon Barkley	NYG	14	170	3	137	9.8	33	2.4	2	7.0
Wayne Gallman	NYG	14	38	2	26	1.9	12	0.9	0	
Elijhaa Penny	NYG	5	21	1	7	1.4	14	2.8	0	
Kyle Lauletta	NYG	1	-2		-2	-2.0	0	0.0	0	
Player	Tm	Att	Yds	1D	YBC	YBC/Att	YAC	YAC/Att	BrkTkl	Att/Br
Adrian Peterson	WAS	10	16	1	4	0.4	12	1.2	2	5.0
Josh Johnson	WAS	7	45	4	38	5.4	7	1.0	0	
Chris Thompson	WAS	3	23	1	16	5.3	7	2.3	0	
Jehu Chesson	WAS	1	-4		-4	-4.0	0	0.0	0	
Byron Marshall	WAS	1	4		4	4.0	0	0.0	0	"
advanced_receiving
"Saquon Barkley	NYG	5	4	27	2	9	2.3	18	4.5	0		0	0.0
Evan Engram	NYG	5	3	77	2	6	2.0	71	23.7	0		0	0.0
Corey Coleman	NYG	2	2	43	2	35	17.5	8	4.0	0		0	0.0
Sterling Shepard	NYG	6	2	17	2	8	4.0	9	4.5	0		0	0.0
Russell Shepard	NYG	4	1	11	1	7	7.0	4	4.0	0		0	0.0
Elijhaa Penny	NYG	1	1	16	1	-3	-3.0	19	19.0	0		0	0.0
Bennie Fowler	NYG	1	1	6	1	6	6.0	0	0.0	0		0	0.0
Wayne Gallman	NYG	2	0	0	0	0		0		0		0	0.0
Player	Tm	Tgt	Rec	Yds	1D	YBC	YBC/R	YAC	YAC/R	BrkTkl	Rec/Br	Drop	Drop%
Josh Doctson	WAS	5	4	84	3	46	11.5	38	9.5	1	4.0	0	0.0
Vernon Davis	WAS	4	4	31		15	3.8	16	4.0	1	4.0	0	0.0
Byron Marshall	WAS	3	3	13		6	2.0	7	2.3	0		0	0.0
Chris Thompson	WAS	5	3	15	0	2	0.7	13	4.3	1	3.0	2	40.0
Jamison Crowder	WAS	7	2	87	1	1	0.5	86	43.0	0		3	42.9
Adrian Peterson	WAS	1	1	3	0	4	4.0	-1	-1.0	0		0	0.0
Michael Floyd	WAS	2	0	0		0		0		0		0	0.0
Maurice Harris	WAS	1	0	0		0		0		0		0	0.0
Jordan Reed	WAS	1	0	0		0		0		0		1	100.0"
advanced_defense
"Curtis Riley	NYG	1	5	3	60.0%	48	16.0	9.6	0	52.5	13.0	24	24	1	1	0	0.0	1	3	1	25.0%
Janoris Jenkins	NYG	0	5	3	60.0%	23	7.7	4.6	0	71.2	9.2	16	7	0	0	0	0.0	0	5	0	0.0%
Michael Thomas	NYG	1	4	3	75.0%	13	4.3	3.3	0	38.5	6.3	7	6	1	0	0	0.0	0	6	1	14.3%
Grant Haley	NYG	0	5	2	40.0%	85	42.5	17.0	1	127.1	4.6	4	81	2	1	0	0.0	1	5	0	0.0%
Alec Ogletree	NYG	1	5	2	40.0%	6	3.0	1.2	0	8.3	7.8	2	4	6	0	0	0.0	0	8	1	11.1%
B.J. Goodson	NYG	0	2	1	50.0%	8	8.0	4.0	0	60.4	3.0	6	2	0	0	0	0.0	0	2	0	0.0%
Kareem Martin	NYG	0	0	0										0	0	2	0.5	3	2	0	0.0%
Josh Mauro	NYG	0	0	0										0	2	0	1.0	3	2	0	0.0%
Olivier Vernon	NYG	0	0	0										2	1	0	1.5	3	5	0	0.0%
Lorenzo Carter	NYG	0	0	0										0	1	0	1.0	2	5	0	0.0%
Dalvin Tomlinson	NYG	0	1	0	0.0%					39.6	-3.0			0	1	0	0.0	1	2	0	0.0%
Sean Chandler	NYG	0	0	0										2	0	0	1.0	1	3	0	0.0%
B.J. Hill	NYG	0	0	0										0	1	0	0.0	1	3	0	0.0%
Ukeme Eligwe	NYG	0	0	0										1	0	0	0.0	0	0	0	
Kerry Wynn	NYG	0	0	0										0	0	0	0.0	0	3	1	25.0%
Player	Tm	Int	Tgt	Cmp	Cmp%	Yds	Yds/Cmp	Yds/Tgt	TD	Rat	DADOT	Air	YAC	Bltz	Hrry	QBKD	Sk	Prss	Comb	MTkl	MTkl%
Fabian Moreau	WAS	0	3	3	100.0%	49	16.3	16.3	1	158.3	13.7	41	8	0	0	0	0.0	0	4	0	0.0%
D.J. Swearinger	WAS	0	3	2	66.7%	41	20.5	13.7	1	149.3	4.7	10	31	2	0	0	0.0	0	4	1	20.0%
Ryan Kerrigan	WAS	0	2	1	50.0%	-3	-3.0	-1.5	0	56.2	-3.0	-8	5	0	0	2	1.0	3	7	0	0.0%
Shaun Dion Hamilton	WAS	0	1	1	100.0%	16	16.0	16.0	0	118.7	-3.0	-3	19	2	0	1	0.0	1	8	0	0.0%
Preston Smith	WAS	0	1	1	100.0%	10	10.0	10.0	0	108.3	7.0	7	3	0	0	1	0.0	1	5	0	0.0%
Greg Stroman	WAS	0	2	1	50.0%	14	14.0	7.0	0	72.9	4.0	5	9	0	0	0	0.0	0	2	0	0.0%
Zach Brown	WAS	0	2	1	50.0%	13	13.0	6.5	0	70.8	14.5	9	4	1	0	0	0.0	0	2	0	0.0%
Josh Norman	WAS	0	5	1	20.0%	39	39.0	7.8	0	59.6	6.6	3	36	0	0	0	0.0	0	1	2	66.7%
Mason Foster	WAS	1	2	1	50.0%	8	8.0	4.0	0	20.8	6.0	0	8	4	0	0	0.0	0	6	0	0.0%
Josh Harvey-Clemons	WAS	0	2	1	50.0%	7	7.0	3.5	0	58.3	3.0	1	6	1	0	0	0.0	0	2	0	0.0%
Da'Ron Payne	WAS	0	0	0										0	0	0	1.0	1	5	0	0.0%
Ha Ha Clinton-Dix	WAS	0	3	0	0.0%					39.6	11.7			0	0	0	0.0	0	7	0	0.0%"
