advanced_rushing = document.querySelectorAll("#rushing_advanced > tbody")[0].innerText;
advanced_receiving = document.querySelectorAll("#receiving_advanced > tbody")[0].innerText;
advanced_defense = document.querySelectorAll("#defense_advanced > tbody")[0].innerText;
advanced_passing = document.querySelectorAll("#passing_advanced > tbody")[0].innerText;
"Kirk Cousins	MIN	21	29	172	6	17.1	178	6.1	87	4.1	3.0	85	4.0	1	3.4%	3	10.3%	6	6	4	3	0	
Player	Tm	Cmp	Att	Yds	1D	1D%	IAY	IAY/PA	CAY	CAY/Cmp	CAY/PA	YAC	YAC/Cmp	Drops	Drop%	BadTh	Bad%	Sk	Bltz	Hrry	Hits	Scrm	Yds/Scr
Jimmy Garoppolo	SFO	11	19	131	9	42.9	169	8.9	95	8.6	5.0	36	3.3	2	11.1%	1	5.6%	2	6	0	2	0	"
advanced_rushing
"Dalvin Cook	MIN	9	18		3	0.3	15	1.7	0	
Alexander Mattison	MIN	1	3		1	1.0	2	2.0	0	
Player	Tm	Att	Yds	1D	YBC	YBC/Att	YAC	YAC/Att	BrkTkl	Att/Br
Tevin Coleman	SFO	22	105	8	37	1.7	68	3.1	0	
Raheem Mostert	SFO	12	58	3	21	1.8	37	3.1	2	6.0
Matt Breida	SFO	8	17		8	1.0	9	1.1	0	
Jimmy Garoppolo	SFO	4	0	1	-1	-0.3	1	0.3	0	
Deebo Samuel	SFO	1	6	0	6	6.0	0	0.0	0	"
advanced_receiving
"Dalvin Cook	MIN	8	6	8		-7	-1.2	15	2.5	0		1	12.5
Adam Thielen	MIN	7	5	50	3	38	7.6	12	2.4	0		0	0.0
Irv Smith	MIN	3	3	39	1	28	9.3	11	3.7	0		0	0.0
Stefon Diggs	MIN	5	2	57	2	28	14.0	29	14.5	0		0	0.0
Kyle Rudolph	MIN	3	2	4		3	1.5	1	0.5	0		0	0.0
Ameer Abdullah	MIN	1	1	7		3	3.0	4	4.0	0		0	0.0
Garrett Bradbury	MIN	1	1	2		-1	-1.0	3	3.0	0		0	0.0
Tyler Conklin	MIN	1	1	5		-5	-5.0	10	10.0	0		0	0.0
Player	Tm	Tgt	Rec	Yds	1D	YBC	YBC/R	YAC	YAC/R	BrkTkl	Rec/Br	Drop	Drop%
Kendrick Bourne	SFO	5	3	40	3	37	12.3	3	1.0	0		1	20.0
George Kittle	SFO	5	3	16	1	3	1.0	13	4.3	0		1	20.0
Deebo Samuel	SFO	6	3	42	3	26	8.7	16	5.3	1	3.0	0	0.0
Emmanuel Sanders	SFO	2	2	33	2	29	14.5	4	2.0	0		0	0.0"
advanced_defense
"Xavier Rhodes	MIN	0	5	4	80.0%	45	11.3	9.0	1	143.7	10.2	36	9	0	0	0	0.0	0	6	3	33.3%
Anthony Barr	MIN	0	2	2	100.0%	36	18.0	18.0	0	118.7	16.0	32	4	4	0	0	0.0	0	8	2	20.0%
Andrew Sendejo	MIN	0	2	2	100.0%	34	17.0	17.0	0	118.7	12.0	24	10	1	0	0	0.0	0	2	1	33.3%
Eric Wilson	MIN	0	2	1	50.0%	4	4.0	2.0	0	56.2	2.5	-3	7	0	0	1	0.0	1	10	2	16.7%
Harrison Smith	MIN	0	1	1	100.0%	11	11.0	11.0	0	112.5	8.0	8	3	2	0	0	0.0	0	8	0	0.0%
Eric Kendricks	MIN	1	2	1	50.0%	1	1.0	0.5	0	16.7	6.0	-2	3	1	0	0	0.0	0	8	2	20.0%
Danielle Hunter	MIN	0	0	0										0	0	1	1.0	2	5	0	0.0%
Stephen Weatherly	MIN	0	0	0										0	0	0	1.0	1	1	0	0.0%
Linval Joseph	MIN	0	0	0										0	0	0	0.0	0	8	1	11.1%
Jaleel Johnson	MIN	0	0	0										0	0	0	0.0	0	1	1	50.0%
Trae Waynes	MIN	0	4	0	0.0%					39.6	9.3			0	0	0	0.0	0	0	0	
Player	Tm	Int	Tgt	Cmp	Cmp%	Yds	Yds/Cmp	Yds/Tgt	TD	Rat	DADOT	Air	YAC	Bltz	Hrry	QBKD	Sk	Prss	Comb	MTkl	MTkl%
Dre Greenlaw	SFO	0	5	4	80.0%	19	4.8	3.8	0	82.5	0.8	2	17	1	0	0	0.0	0	4	0	0.0%
Ahkello Witherspoon	SFO	0	3	3	100.0%	70	23.3	23.3	1	158.3	14.7	44	26	0	0	0	0.0	0	1	0	0.0%
Fred Warner	SFO	0	3	3	100.0%	7	2.3	2.3	0	79.2	1.3	4	3	2	0	0	0.0	0	7	1	12.5%
Emmanuel Moseley	SFO	0	6	3	50.0%	26	8.7	4.3	0	61.8	13.0	16	10	0	0	0	0.0	0	5	0	0.0%
Richard Sherman	SFO	1	3	1	33.3%	9	9.0	3.0	0	2.8	7.7	5	4	0	0	0	0.0	0	1	0	0.0%
Jimmie Ward	SFO	0	1	1	100.0%	3	3.0	3.0	0	79.2	-3.0	-3	6	0	0	0	0.0	0	3	1	25.0%
Nick Bosa	SFO	0	1	0	0.0%					39.6	-2.0			0	3	1	2.0	6	6	0	0.0%
Arik Armstead	SFO	0	0	0										0	1	1	1.0	3	2	0	0.0%
Dee Ford	SFO	0	0	0										0	0	1	1.0	2	1	0	0.0%
DeForest Buckner	SFO	0	0	0										0	0	0	1.0	1	2	0	0.0%
Solomon Thomas	SFO	0	0	0										0	0	0	1.0	1	3	1	25.0%
K'Waun Williams	SFO	0	2	0	0.0%	2		1.0	0	39.6	5.0	-1	3	0	0	0	0.0	0	2	0	0.0%"
