advanced_rushing = document.querySelectorAll("#rushing_advanced > tbody")[0].innerText;
advanced_receiving = document.querySelectorAll("#receiving_advanced > tbody")[0].innerText;
advanced_defense = document.querySelectorAll("#defense_advanced > tbody")[0].innerText;
advanced_passing = document.querySelectorAll("#passing_advanced > tbody")[0].innerText;
"Kirk Cousins	MIN	19	31	242	11	33.3	260	8.4	151	7.9	4.9	91	4.8	1	3.2%	5	16.1%	2	8	2	1	0	
Player	Tm	Cmp	Att	Yds	1D	1D%	IAY	IAY/PA	CAY	CAY/Cmp	CAY/PA	YAC	YAC/Cmp	Drops	Drop%	BadTh	Bad%	Sk	Bltz	Hrry	Hits	Scrm	Yds/Scr
Drew Brees	NOR	26	33	208	11	30.6	200	6.1	121	4.7	3.7	87	3.3	0	0.0%	3	9.1%	3	10	2	2	1	5.0
Taysom Hill	NOR	1	1	50	1	100.0	50	50.0	50	50.0	50.0	0	0.0	0	0.0%	0	0.0%	0	0	0	0	0	"
advanced_rushing
"Dalvin Cook	MIN	28	94	7	47	1.7	47	1.7	1	28.0
Alexander Mattison	MIN	5	20	1	13	2.6	7	1.4	0	
Kirk Cousins	MIN	2	-1	0	-1	-0.5	0	0.0	0	
Stefon Diggs	MIN	2	8	0	2	1.0	6	3.0	0	
Ameer Abdullah	MIN	1	9		8	8.0	1	1.0	0	
C.J. Ham	MIN	1	3	1	0	0.0	3	3.0	0	
Adam Thielen	MIN	1	3	0	1	1.0	2	2.0	0	
Player	Tm	Att	Yds	1D	YBC	YBC/Att	YAC	YAC/Att	BrkTkl	Att/Br
Alvin Kamara	NOR	7	21	1	6	0.9	15	2.1	0	
Latavius Murray	NOR	5	21	1	10	2.0	11	2.2	0	
Taysom Hill	NOR	4	50	4	2	0.5	48	12.0	2	2.0
Drew Brees	NOR	1	5	0	1	1.0	4	4.0	0	"
advanced_receiving
"Adam Thielen	MIN	9	7	129	6	114	16.3	15	2.1	0		1	11.1
Kyle Rudolph	MIN	7	4	31	2	12	3.0	19	4.8	1	4.0	0	0.0
Dalvin Cook	MIN	5	3	36	1	3	1.0	33	11.0	0		0	0.0
Stefon Diggs	MIN	3	2	19	2	16	8.0	3	1.5	0		0	0.0
Olabisi Johnson	MIN	3	2	17		8	4.0	9	4.5	0		0	0.0
Alexander Mattison	MIN	2	1	10	0	-2	-2.0	12	12.0	0		0	0.0
Alexander Hollins	MIN	1	0	0		0		0		0		0	0.0
Tyler Conklin	MIN	1	0	0		0		0		0		0	0.0
Player	Tm	Tgt	Rec	Yds	1D	YBC	YBC/R	YAC	YAC/R	BrkTkl	Rec/Br	Drop	Drop%
Alvin Kamara	NOR	9	8	34	0	-2	-0.3	36	4.5	2	4.0	0	0.0
Michael Thomas	NOR	8	7	70	4	58	8.3	12	1.7	0		0	0.0
Jared Cook	NOR	5	5	54	4	33	6.6	21	4.2	1	5.0	0	0.0
Taysom Hill	NOR	2	2	25	1	18	9.0	7	3.5	0		0	0.0
Josh Hill	NOR	3	2	3		3	1.5	0	0.0	0		0	0.0
Deonte Harris	NOR	1	1	50	1	50	50.0	0	0.0	0		0	0.0
Latavius Murray	NOR	2	1	4	1	-7	-7.0	11	11.0	0		0	0.0
Ted Ginn	NOR	2	1	18	1	18	18.0	0	0.0	0		0	0.0
Tre'Quan Smith	NOR	1	0	0		0		0		0		0	0.0"
advanced_defense
"Anthony Barr	MIN	0	9	8	88.9%	55	6.9	6.1	0	92.1	0.7	10	45	6	0	0	0.0	0	8	3	27.3%
Harrison Smith	MIN	0	6	6	100.0%	63	10.5	10.5	1	150.0	10.0	60	3	1	0	0	0.0	0	11	0	0.0%
Xavier Rhodes	MIN	0	5	4	80.0%	75	18.8	15.0	0	118.7	17.4	75	0	0	0	0	0.0	0	4	0	0.0%
Eric Kendricks	MIN	0	4	3	75.0%	12	4.0	3.0	0	77.1	0.8	2	10	5	0	0	0.0	0	5	1	16.7%
Andrew Sendejo	MIN	0	4	2	50.0%	26	13.0	6.5	0	70.8	9.3	11	15	1	0	0	0.0	0	2	2	50.0%
Trae Waynes	MIN	0	3	2	66.7%	23	11.5	7.7	0	89.6	21.0	16	7	0	0	0	0.0	0	2	0	0.0%
Eric Wilson	MIN	0	1	1	100.0%	1	1.0	1.0	0	79.2	1.0	1	0	0	0	0	0.0	0	3	0	0.0%
Anthony Harris	MIN	1	1	1	100.0%	3	3.0	3.0	0	39.6	-4.0	-4	7	0	0	0	0.0	0	3	1	25.0%
Everson Griffen	MIN	0	0	0										0	1	1	1.5	4	3	1	25.0%
Danielle Hunter	MIN	0	0	0										0	1	0	1.5	3	5	1	16.7%
Linval Joseph	MIN	0	0	0										0	1	0	0.0	1	2	0	0.0%
Ifeadi Odenigbo	MIN	0	0	0										0	0	1	0.0	1	0	0	
Stephen Weatherly	MIN	0	0	0										0	0	0	0.0	0	2	1	33.3%
Jalyn Holmes	MIN	0	0	0										0	0	0	0.0	0	0	1	100.0%
Jaleel Johnson	MIN	0	1	0	0.0%					39.6	-3.0			0	0	0	0.0	0	1	0	0.0%
Player	Tm	Int	Tgt	Cmp	Cmp%	Yds	Yds/Cmp	Yds/Tgt	TD	Rat	DADOT	Air	YAC	Bltz	Hrry	QBKD	Sk	Prss	Comb	MTkl	MTkl%
Marshon Lattimore	NOR	0	6	5	83.3%	77	15.4	12.8	0	118.7	9.8	59	18	0	0	0	0.0	0	4	1	20.0%
Chauncey Gardner-Johnson	NOR	0	6	4	66.7%	39	9.8	6.5	0	84.7	7.5	9	30	3	0	0	0.0	0	3	2	40.0%
Demario Davis	NOR	0	5	3	60.0%	19	6.3	3.8	0	67.9	0.6	12	7	5	0	1	0.0	1	7	0	0.0%
Janoris Jenkins	NOR	0	2	2	100.0%	13	6.5	6.5	0	93.7	2.5	5	8	0	0	0	0.5	1	8	0	0.0%
Marcus Williams	NOR	0	5	2	40.0%	28	14.0	5.6	0	58.7	15.8	27	1	1	1	0	0.0	1	10	0	0.0%
A.J. Klein	NOR	0	4	2	50.0%	24	12.0	6.0	0	68.7	5.0	0	24	4	0	0	0.0	0	8	1	11.1%
P.J. Williams	NOR	0	2	1	50.0%	4	4.0	2.0	1	95.8	6.5	4	0	2	0	0	0.0	0	0	1	100.0%
Patrick Robinson	NOR	0	1	1	100.0%	43	43.0	43.0	0	118.7	40.0	40	3	0	0	0	0.0	0	1	0	0.0%
Cameron Jordan	NOR	0	0	0										0	0	0	1.0	1	3	0	0.0%
Trey Hendrickson	NOR	0	1	0	0.0%					39.6	1.0			0	0	0	1.0	1	5	1	16.7%
David Onyemata	NOR	0	0	0										0	1	0	0.0	1	3	1	25.0%
Malcom Brown	NOR	0	0	0										0	0	0	0.5	1	2	0	0.0%
Craig Robertson	NOR	0	0	0										1	0	0	0.0	0	4	1	20.0%
Vonn Bell	NOR	0	0	0										3	0	0	0.0	0	7	0	0.0%
Shy Tuttle	NOR	0	0	0										0	0	0	0.0	0	3	1	25.0%
Mario Edwards	NOR	0	0	0										0	0	0	0.0	0	2	1	33.3%"
