advanced_rushing = document.querySelectorAll("#rushing_advanced > tbody")[0].innerText;
advanced_receiving = document.querySelectorAll("#receiving_advanced > tbody")[0].innerText;
advanced_defense = document.querySelectorAll("#defense_advanced > tbody")[0].innerText;
advanced_passing = document.querySelectorAll("#passing_advanced > tbody")[0].innerText;
"Russell Wilson	SEA	18	30	325	10	32.3	349	11.6	192	10.7	6.4	133	7.4	0	0.0%	9	31.0%	1	18	1	10	4	10.8
Player	Tm	Cmp	Att	Yds	1D	1D%	IAY	IAY/PA	CAY	CAY/Cmp	CAY/PA	YAC	YAC/Cmp	Drops	Drop%	BadTh	Bad%	Sk	Bltz	Hrry	Hits	Scrm	Yds/Scr
Josh McCown	PHI	18	24	174	9	30.0	146	6.1	96	5.3	4.0	78	4.3	1	4.5%	2	9.1%	6	9	1	1	2	3.5
Carson Wentz	PHI	1	4	3			24	6.0	-2	-2.0	-0.5	5	5.0	0	0.0%	1	33.3%	1	1	1	1	0	"
advanced_rushing
"Travis Homer	SEA	11	12	1	-1	-0.1	13	1.2	0	
Russell Wilson	SEA	9	45	2	37	4.1	8	0.9	1	9.0
Marshawn Lynch	SEA	6	7	1	-5	-0.8	12	2.0	0	
Player	Tm	Att	Yds	1D	YBC	YBC/Att	YAC	YAC/Att	BrkTkl	Att/Br
Miles Sanders	PHI	14	69	3	20	1.4	49	3.5	2	7.0
Boston Scott	PHI	6	25	2	13	2.2	12	2.0	1	6.0
Josh McCown	PHI	5	23	2	12	2.4	11	2.2	0	
Greg Ward	PHI	1	3	0	0	0.0	3	3.0	0	"
advanced_receiving
"D.K. Metcalf	SEA	9	7	160	4	119	17.0	41	5.9	0		0	0.0
Tyler Lockett	SEA	8	4	62	3	55	13.8	7	1.8	0		0	0.0
Jacob Hollister	SEA	4	2	16		4	2.0	12	6.0	0		0	0.0
Marshawn Lynch	SEA	3	2	25	1	2	1.0	23	11.5	0		0	0.0
David Moore	SEA	4	2	57	2	15	7.5	42	21.0	1	2.0	0	0.0
Travis Homer	SEA	1	1	5	0	-3	-3.0	8	8.0	0		0	0.0
Player	Tm	Tgt	Rec	Yds	1D	YBC	YBC/R	YAC	YAC/R	BrkTkl	Rec/Br	Drop	Drop%
Dallas Goedert	PHI	8	7	73	4	56	8.0	17	2.4	0		0	0.0
Miles Sanders	PHI	5	3	8	0	-6	-2.0	14	4.7	0		1	20.0
Boston Scott	PHI	3	3	23	1	-5	-1.7	28	9.3	0		0	0.0
Greg Ward	PHI	4	3	24	2	16	5.3	8	2.7	0		0	0.0
Zach Ertz	PHI	4	2	44	2	28	14.0	16	8.0	0		0	0.0
Deontay Burnett	PHI	1	1	5		5	5.0	0	0.0	0		0	0.0"
advanced_defense
"Bradley McDougald	SEA	0	6	6	100.0%	44	7.3	7.3	0	97.2	4.2	25	19	2	0	0	1.0	1	11	0	0.0%
Bobby Wagner	SEA	0	4	4	100.0%	51	12.8	12.8	0	118.7	7.0	28	23	5	0	0	0.0	0	7	0	0.0%
Tre Flowers	SEA	0	4	3	75.0%	38	12.7	9.5	0	104.2	10.5	35	3	1	0	0	0.0	0	4	0	0.0%
Cody Barton	SEA	0	4	2	50.0%	35	17.5	8.8	0	80.2	6.0	7	28	5	0	0	1.0	1	5	0	0.0%
Jadeveon Clowney	SEA	0	2	1	50.0%	-6	-6.0	-3.0	0	56.2	-2.0	-5	-1	0	1	0	1.0	2	5	4	44.4%
K.J. Wright	SEA	0	2	1	50.0%	5	5.0	2.5	0	56.2	10.0	5	0	1	0	0	1.0	1	5	1	16.7%
Ugochukwu Amadi	SEA	0	2	1	50.0%	3	3.0	1.5	0	56.2	7.0	-2	5	0	0	0	0.0	0	2	0	0.0%
Rasheem Green	SEA	0	0	0										0	1	0	1.0	2	2	0	0.0%
Jarran Reed	SEA	0	0	0										0	1	1	0.0	2	0	2	100.0%
Quinton Jefferson	SEA	0	0	0										0	0	0	2.0	2	2	0	0.0%
Ezekiel Ansah	SEA	0	0	0										0	0	1	0.0	1	1	0	0.0%
Quandre Diggs	SEA	0	0	0										0	0	0	0.0	0	4	1	20.0%
Shaquill Griffin	SEA	0	0	0										1	0	0	0.0	0	4	1	20.0%
Player	Tm	Int	Tgt	Cmp	Cmp%	Yds	Yds/Cmp	Yds/Tgt	TD	Rat	DADOT	Air	YAC	Bltz	Hrry	QBKD	Sk	Prss	Comb	MTkl	MTkl%
Jalen Mills	PHI	0	9	6	66.7%	66	11.0	7.3	0	88.2	14.9	51	15	1	0	0	0.0	0	4	0	0.0%
Avonte Maddox	PHI	0	7	5	71.4%	122	24.4	17.4	1	153.3	7.6	58	64	1	0	0	0.0	0	3	0	0.0%
Cre'von LeBlanc	PHI	0	5	3	60.0%	74	24.7	14.8	0	104.2	12.6	35	39	3	0	1	0.0	1	4	2	33.3%
Malcolm Jenkins	PHI	0	3	2	66.7%	14	7.0	4.7	0	77.1	-1.3	-1	15	11	0	2	1.0	3	9	0	0.0%
T.J. Edwards	PHI	0	1	1	100.0%	13	13.0	13.0	0	118.7	13.0	13	0	0	0	0	0.0	0	1	0	0.0%
Marcus Epps	PHI	0	1	1	100.0%	36	36.0	36.0	0	118.7	36.0	36	0	0	0	0	0.0	0	3	0	0.0%
Derek Barnett	PHI	0	0	0										0	1	2	0.0	3	3	1	25.0%
Vinny Curry	PHI	0	0	0										0	0	2	0.0	2	0	0	
Fletcher Cox	PHI	0	0	0										0	0	1	0.0	1	6	0	0.0%
Nigel Bradham	PHI	0	0	0										5	0	1	0.0	1	5	1	16.7%
Nathan Gerry	PHI	0	0	0										6	0	1	0.0	1	6	0	0.0%
Rodney McLeod	PHI	0	3	0	0.0%					39.6	10.3			2	0	0	0.0	0	2	0	0.0%"
