advanced_rushing = document.querySelectorAll("#rushing_advanced > tbody")[0].innerText;
advanced_receiving = document.querySelectorAll("#receiving_advanced > tbody")[0].innerText;
advanced_defense = document.querySelectorAll("#defense_advanced > tbody")[0].innerText;
advanced_passing = document.querySelectorAll("#passing_advanced > tbody")[0].innerText;
"Joe Flacco	BAL	22	39	192	9	22.0	366	9.4	101	4.6	2.6	91	4.1	3	7.7%	10	25.6%	2	17	3	4	1	13.0
Lamar Jackson	BAL	4	5	46	2	40.0	53	10.6	38	9.5	7.6	8	2.0	0	0.0%	1	20.0%	0	0	0	0	1	6.0
Player	Tm	Cmp	Att	Yds	1D	1D%	IAY	IAY/PA	CAY	CAY/Cmp	CAY/PA	YAC	YAC/Cmp	Drops	Drop%	BadTh	Bad%	Sk	Bltz	Hrry	Hits	Scrm	Yds/Scr
Cam Newton	CAR	21	29	219	13	44.8	190	6.6	148	7.0	5.1	71	3.4	1	3.8%	3	11.5%	0	10	2	3	5	5.6
Taylor Heinicke	CAR	1	1	13	1	100.0	9	9.0	9	9.0	9.0	4	4.0	0	0.0%	0	0.0%	0	1	0	0	0	"
advanced_rushing
"Alex Collins	BAL	11	49	3	14	1.3	35	3.2	1	11.0
Lamar Jackson	BAL	3	26	3	19	6.3	7	2.3	0	
Gus Edwards	BAL	2	12	1	9	4.5	3	1.5	0	
Joe Flacco	BAL	2	14	1	13	6.5	1	0.5	0	
Player	Tm	Att	Yds	1D	YBC	YBC/Att	YAC	YAC/Att	BrkTkl	Att/Br
Christian McCaffrey	CAR	14	45	4	20	1.4	25	1.8	0	
Cam Newton	CAR	10	52	1	38	3.8	14	1.4	1	10.0
C.J. Anderson	CAR	5	20		15	3.0	5	1.0	0	
Taylor Heinicke	CAR	2	-2	0	-2	-1.0	0	0.0	0	
D.J. Moore	CAR	2	39	2	39	19.5	0	0.0	0	"
advanced_receiving
"Willie Snead	BAL	11	5	54	3	20	4.0	34	6.8	0		1	9.1
Mark Andrews	BAL	5	4	31	3	20	5.0	11	2.8	0		1	20.0
John Brown	BAL	7	3	28		23	7.7	5	1.7	0		1	14.3
Javorius Allen	BAL	5	3	18	1	7	2.3	11	3.7	0		0	0.0
Michael Crabtree	BAL	5	3	31	1	24	8.0	7	2.3	0		0	0.0
Hayden Hurst	BAL	3	2	29	1	18	9.0	11	5.5	0		0	0.0
Chris Moore	BAL	2	2	19	1	20	10.0	-1	-0.5	0		0	0.0
Alex Collins	BAL	2	2	14	1	3	1.5	11	5.5	0		0	0.0
Gus Edwards	BAL	1	1	7	0	3	3.0	4	4.0	0		0	0.0
Nick Boyle	BAL	3	1	7		1	1.0	6	6.0	0		0	0.0
Player	Tm	Tgt	Rec	Yds	1D	YBC	YBC/R	YAC	YAC/R	BrkTkl	Rec/Br	Drop	Drop%
D.J. Moore	CAR	6	5	90	4	50	10.0	40	8.0	2	2.5	0	0.0
Christian McCaffrey	CAR	6	4	11	2	4	1.0	7	1.8	0		0	0.0
Greg Olsen	CAR	4	4	56	4	46	11.5	10	2.5	0		0	0.0
Devin Funchess	CAR	3	3	27	2	27	9.0	0	0.0	0		0	0.0
Curtis Samuel	CAR	3	3	28		22	7.3	6	2.0	0		0	0.0
Jarius Wright	CAR	3	2	5		2	1.0	3	1.5	0		1	33.3
Ian Thomas	CAR	1	1	15	1	6	6.0	9	9.0	0		0	0.0
Damiere Byrd	CAR	1	0	0		0		0		0		0	0.0"
advanced_defense
"C.J. Mosley	BAL	0	6	3	50.0%	47	15.7	7.8	1	116.0	7.3	40	7	2	0	0	0.0	0	11	3	21.4%
Tony Jefferson	BAL	0	5	3	60.0%	94	31.3	18.8	1	143.7	14.8	74	20	0	0	0	0.0	0	7	1	12.5%
Jimmy Smith	BAL	0	5	2	40.0%	45	22.5	9.0	0	72.9	10.6	39	6	0	0	0	0.0	0	6	2	25.0%
Matt Judon	BAL	0	5	1	20.0%	16	16.0	3.2	0	40.4	-0.6	-10	26	3	1	0	0.0	1	10	0	0.0%
Tavon Young	BAL	0	3	1	33.3%	-2	-2.0	-0.7	0	42.4	5.3	-2	0	0	0	0	0.0	0	2	0	0.0%
Brent Urban	BAL	0	0	0										0	2	0	0.0	2	3	1	25.0%
Kenny Young	BAL	0	0	0										2	0	1	0.0	1	2	0	0.0%
Za'Darius Smith	BAL	0	0	0										1	0	1	0.0	1	2	0	0.0%
Michael Pierce	BAL	0	0	0										0	1	0	0.0	1	2	0	0.0%
Patrick Ricard	BAL	0	0	0										0	0	1	0.0	1	0	0	
Anthony Levine	BAL	0	0	0										1	0	0	0.0	0	1	0	0.0%
Chuck Clark	BAL	0	0	0										1	0	0	0.0	0	1	0	0.0%
Patrick Onwuasor	BAL	0	0	0										1	0	0	0.0	0	4	0	0.0%
Terrell Suggs	BAL	0	0	0										1	0	0	0.0	0	2	0	0.0%
Brandon Carr	BAL	0	2	0	0.0%	37		18.5	0	79.2	12.5	25	12	0	0	0	0.0	0	2	0	0.0%
Eric Weddle	BAL	0	1	0	0.0%					39.6	-5.0			1	0	0	0.0	0	6	0	0.0%
Player	Tm	Int	Tgt	Cmp	Cmp%	Yds	Yds/Cmp	Yds/Tgt	TD	Rat	DADOT	Air	YAC	Bltz	Hrry	QBKD	Sk	Prss	Comb	MTkl	MTkl%
Shaq Thompson	CAR	0	8	3	37.5%	37	12.3	4.6	0	52.6	2.9	16	21	4	1	0	0.0	1	13	0	0.0%
Mike Adams	CAR	1	3	2	66.7%	50	25.0	16.7	1	109.7	9.3	28	22	1	0	0	0.0	0	3	1	25.0%
Captain Munnerlyn	CAR	1	7	2	28.6%	28	14.0	4.0	0	4.2	6.1	7	21	1	0	0	0.0	0	3	2	40.0%
James Bradberry	CAR	0	11	2	18.2%	64	32.0	5.8	1	81.6	18.0	54	10	0	0	0	0.0	0	6	0	0.0%
Luke Kuechly	CAR	0	3	1	33.3%	10	10.0	3.3	0	43.7	8.0	2	8	8	1	2	0.0	3	5	0	0.0%
Eric Reid	CAR	0	2	1	50.0%	16	16.0	8.0	0	77.1	6.0	12	4	2	0	0	1.0	1	7	1	12.5%
Colin Jones	CAR	0	1	1	100.0%	7	7.0	7.0	0	95.8	8.0	8	-1	0	0	0	0.0	0	1	0	0.0%
Jermaine Carter	CAR	0	1	1	100.0%	6	6.0	6.0	0	91.7	6.0	6	0	0	0	0	0.0	0	1	0	0.0%
Julius Peppers	CAR	0	0	0										0	0	1	0.0	1	1	0	0.0%
Donte Jackson	CAR	0	5	0	0.0%	13		2.6	0	39.6	15.2	5	8	1	0	0	1.0	1	3	0	0.0%
Dontari Poe	CAR	0	0	0										0	0	1	0.0	1	1	0	0.0%
Thomas Davis	CAR	0	2	0	0.0%					39.6	0.0			4	0	0	0.0	0	5	0	0.0%
Kyle Love	CAR	0	0	0										0	0	0	0.0	0	2	1	33.3%"
