advanced_rushing = document.querySelectorAll("#rushing_advanced > tbody")[0].innerText;
advanced_receiving = document.querySelectorAll("#receiving_advanced > tbody")[0].innerText;
advanced_defense = document.querySelectorAll("#defense_advanced > tbody")[0].innerText;
advanced_passing = document.querySelectorAll("#passing_advanced > tbody")[0].innerText;
"Sam Darnold	NYJ	14	29	153	8	26.7	236	8.1	101	7.2	3.5	52	3.7	3	12.0%	4	16.0%	1	9	5	1	2	9.0
Player	Tm	Cmp	Att	Yds	1D	1D%	IAY	IAY/PA	CAY	CAY/Cmp	CAY/PA	YAC	YAC/Cmp	Drops	Drop%	BadTh	Bad%	Sk	Bltz	Hrry	Hits	Scrm	Yds/Scr
Mitchell Trubisky	CHI	16	29	220	11	35.5	266	9.2	94	5.9	3.2	126	7.9	1	3.4%	10	34.5%	2	14	2	3	3	10.3"
advanced_rushing
"Isaiah Crowell	NYJ	13	25	0	21	1.6	4	0.3	1	13.0
Trenton Cannon	NYJ	6	10	1	1	0.2	9	1.5	1	6.0
Sam Darnold	NYJ	5	22	2	22	4.4	0	0.0	0	
Player	Tm	Att	Yds	1D	YBC	YBC/Att	YAC	YAC/Att	BrkTkl	Att/Br
Jordan Howard	CHI	22	81	5	67	3.0	14	0.6	2	11.0
Mitchell Trubisky	CHI	6	51	4	51	8.5	0	0.0	0	
Tarik Cohen	CHI	5	40	1	29	5.8	11	2.2	1	5.0
Anthony Miller	CHI	1	7	0	5	5.0	2	2.0	0	"
advanced_receiving
"Deontay Burnett	NYJ	4	4	61	3	48	12.0	13	3.3	1	4.0	0	0.0
Trenton Cannon	NYJ	4	3	12	1	2	0.7	10	3.3	1	3.0	0	0.0
Jermaine Kearse	NYJ	10	3	30	1	23	7.7	7	2.3	0		2	20.0
Isaiah Crowell	NYJ	1	1	13	1	-3	-3.0	16	16.0	0		0	0.0
Chris Herndon	NYJ	2	1	16	1	15	15.0	1	1.0	0		0	0.0
Charone Peake	NYJ	1	1	14	1	10	10.0	4	4.0	0		0	0.0
Neal Sterling	NYJ	1	1	7		6	6.0	1	1.0	0		0	0.0
Player	Tm	Tgt	Rec	Yds	1D	YBC	YBC/R	YAC	YAC/R	BrkTkl	Rec/Br	Drop	Drop%
Josh Bellamy	CHI	5	4	37	2	29	7.3	8	2.0	0		0	0.0
Taylor Gabriel	CHI	6	4	52	4	36	9.0	16	4.0	0		0	0.0
Trey Burton	CHI	4	3	18	1	-3	-1.0	21	7.0	0		0	0.0
Anthony Miller	CHI	7	3	37	3	26	8.7	11	3.7	0		1	14.3
Tarik Cohen	CHI	3	1	70	1	1	1.0	69	69.0	0		0	0.0
Kevin White	CHI	3	1	6		5	5.0	1	1.0	0		0	0.0"
advanced_defense
"Darryl Roberts	NYJ	0	8	3	37.5%	38	12.7	4.8	0	53.1	14.8	35	3	0	0	0	0.0	0	5	0	0.0%
Morris Claiborne	NYJ	0	7	3	42.9%	35	11.7	5.0	0	58.6	8.3	18	17	0	0	0	0.0	0	2	1	33.3%
Avery Williamson	NYJ	0	3	3	100.0%	31	10.3	10.3	0	109.7	5.3	16	15	2	0	0	0.0	0	8	0	0.0%
Jamal Adams	NYJ	0	3	2	66.7%	18	9.0	6.0	0	82.6	2.7	3	15	4	0	0	0.0	0	6	2	25.0%
Jordan Jenkins	NYJ	0	2	2	100.0%	8	4.0	4.0	0	83.3	0.5	1	7	6	0	0	0.0	0	2	0	0.0%
Buster Skrine	NYJ	0	3	2	66.7%	18	9.0	6.0	1	122.2	17.7	18	0	3	0	0	0.0	0	2	0	0.0%
Darron Lee	NYJ	0	3	1	33.3%	10	10.0	3.3	0	43.7	6.0	9	1	7	0	0	0.0	0	4	1	20.0%
Henry Anderson	NYJ	0	0	0										0	2	0	0.0	2	2	0	0.0%
Tarell Basham	NYJ	0	0	0										0	1	0	0.0	1	2	0	0.0%
Brandon Copeland	NYJ	0	0	0										10	0	0	1.0	1	2	0	0.0%
Nathan Shepherd	NYJ	0	0	0										0	0	1	0.0	1	1	0	0.0%
Frankie Luvu	NYJ	0	0	0										2	0	0	1.0	1	1	0	0.0%
Jeremiah Attaochu	NYJ	0	0	0										1	0	1	0.0	1	1	1	50.0%
Mike Pennel	NYJ	0	0	0										0	0	1	0.0	1	4	0	0.0%
Player	Tm	Int	Tgt	Cmp	Cmp%	Yds	Yds/Cmp	Yds/Tgt	TD	Rat	DADOT	Air	YAC	Bltz	Hrry	QBKD	Sk	Prss	Comb	MTkl	MTkl%
Danny Trevathan	CHI	0	4	3	75.0%	34	11.3	8.5	1	139.6	5.3	15	19	2	1	0	0.0	1	7	1	12.5%
Prince Amukamara	CHI	0	4	3	75.0%	32	10.7	8.0	0	97.9	7.0	25	7	0	0	0	0.0	0	2	0	0.0%
Bryce Callahan	CHI	0	6	2	33.3%	23	11.5	3.8	0	45.8	10.3	17	6	3	1	0	1.0	2	4	0	0.0%
Roquan Smith	CHI	0	2	2	100.0%	4	2.0	2.0	0	79.2	0.5	1	3	1	0	0	0.0	0	5	1	16.7%
Kyle Fuller	CHI	0	3	2	66.7%	43	21.5	14.3	0	109.7	12.0	33	10	0	0	0	0.0	0	1	0	0.0%
Eddie Jackson	CHI	0	3	1	33.3%	7	7.0	2.3	0	42.4	6.0	6	1	0	0	0	0.0	0	1	2	66.7%
Adrian Amos	CHI	0	3	1	33.3%	14	14.0	4.7	0	49.3	14.0	10	4	0	0	0	0.0	0	3	0	0.0%
Eddie Goldman	CHI	0	0	0										0	1	0	0.0	1	4	0	0.0%
Bilal Nichols	CHI	0	0	0										0	1	0	0.0	1	3	0	0.0%
Akiem Hicks	CHI	0	0	0										0	0	1	0.0	1	3	0	0.0%
Isaiah Irving	CHI	0	0	0										1	0	0	0.0	0	2	0	0.0%
Leonard Floyd	CHI	0	0	0										1	0	0	0.0	0	2	1	33.3%
Aaron Lynch	CHI	0	0	0										1	0	0	0.0	0	1	0	0.0%"
