advanced_rushing = document.querySelectorAll("#rushing_advanced > tbody")[0].innerText;
advanced_receiving = document.querySelectorAll("#receiving_advanced > tbody")[0].innerText;
advanced_defense = document.querySelectorAll("#defense_advanced > tbody")[0].innerText;
advanced_passing = document.querySelectorAll("#passing_advanced > tbody")[0].innerText;
"Jameis Winston	TAM	18	35	276	13	32.5	451	12.9	197	10.9	5.6	79	4.4	1	2.9%	9	25.7%	5	6	5	1	3	6.0
Ryan Fitzpatrick	TAM	11	15	194	7	43.8	190	12.7	129	11.7	8.6	65	5.9	0	0.0%	1	7.1%	1	4	1	0	1	18.0
Player	Tm	Cmp	Att	Yds	1D	1D%	IAY	IAY/PA	CAY	CAY/Cmp	CAY/PA	YAC	YAC/Cmp	Drops	Drop%	BadTh	Bad%	Sk	Bltz	Hrry	Hits	Scrm	Yds/Scr
Andy Dalton	CIN	21	34	280	13	36.1	309	9.1	178	8.5	5.2	102	4.9	2	6.3%	6	18.8%	2	3	2	0	2	5.5"
advanced_rushing
"Peyton Barber	TAM	19	85	5	55	2.9	30	1.6	1	19.0
Jameis Winston	TAM	3	18	2	18	6.0	0	0.0	0	
Ronald Jones	TAM	2	-3		-3	-1.5	0	0.0	0	
Ryan Fitzpatrick	TAM	1	18	0	18	18.0	0	0.0	0	
DeSean Jackson	TAM	1	4	0	3	3.0	1	1.0	0	
Jacquizz Rodgers	TAM	1	4	0	4	4.0	0	0.0	0	
Player	Tm	Att	Yds	1D	YBC	YBC/Att	YAC	YAC/Att	BrkTkl	Att/Br
Joe Mixon	CIN	21	123	6	79	3.8	44	2.1	1	21.0
Andy Dalton	CIN	3	10	0	10	3.3	0	0.0	0	
Mark Walton	CIN	2	7	2	6	3.0	1	0.5	0	
Tyler Boyd	CIN	1	-2	0	-2	-2.0	0	0.0	0	"
advanced_receiving
"Adam Humphries	TAM	10	7	76	6	43	6.1	33	4.7	3	2.3	0	0.0
Mike Evans	TAM	13	6	179	6	140	23.3	39	6.5	0		1	7.7
Jacquizz Rodgers	TAM	4	4	25	1	3	0.8	22	5.5	3	1.3	0	0.0
O.J. Howard	TAM	4	4	68	3	54	13.5	14	3.5	0		0	0.0
DeSean Jackson	TAM	8	3	68	1	48	16.0	20	6.7	0		0	0.0
Chris Godwin	TAM	7	2	32	2	29	14.5	3	1.5	0		0	0.0
Justin Watson	TAM	1	1	5		5	5.0	0	0.0	0		0	0.0
Ronald Jones	TAM	1	1	4		-5	-5.0	9	9.0	0		0	0.0
Cameron Brate	TAM	2	1	13	1	9	9.0	4	4.0	0		0	0.0
Player	Tm	Tgt	Rec	Yds	1D	YBC	YBC/R	YAC	YAC/R	BrkTkl	Rec/Br	Drop	Drop%
Tyler Boyd	CIN	10	9	138	6	79	8.8	59	6.6	0		1	10.0
A.J. Green	CIN	7	5	76	5	70	14.0	6	1.2	0		0	0.0
Joe Mixon	CIN	4	3	15	0	1	0.3	14	4.7	0		1	25.0
Jordan Franks	CIN	1	1	32	1	23	23.0	9	9.0	0		0	0.0
Alex Erickson	CIN	4	1	5	1	5	5.0	0	0.0	0		0	0.0
Matt Lengel	CIN	1	1	4		2	2.0	2	2.0	0		0	0.0
Mark Walton	CIN	1	1	10	0	-2	-2.0	12	12.0	0		0	0.0
C.J. Uzomah	CIN	4	0	0		0		0		0		0	0.0"
advanced_defense
"Adarius Taylor	TAM	0	7	5	71.4%	56	11.2	8.0	1	134.5	5.1	26	30	1	0	0	0.0	0	3	1	25.0%
M.J. Stewart	TAM	0	6	5	83.3%	77	15.4	12.8	0	118.7	7.8	40	37	1	0	0	0.0	0	2	1	33.3%
Lavonte David	TAM	0	4	3	75.0%	40	13.3	10.0	0	106.2	5.8	22	18	0	0	0	0.0	0	8	1	11.1%
Brent Grimes	TAM	0	4	2	50.0%	19	9.5	4.8	0	63.5	9.0	15	4	0	0	0	0.0	0	5	1	16.7%
Carlton Davis	TAM	0	6	2	33.3%	32	16.0	5.3	1	91.7	18.7	32	0	0	0	0	0.0	0	2	0	0.0%
Jason Pierre-Paul	TAM	0	1	1	100.0%	4	4.0	4.0	0	83.3	2.0	2	2	0	1	0	2.0	3	3	0	0.0%
Andrew Adams	TAM	0	2	1	50.0%	9	9.0	4.5	0	62.5	9.5	9	0	0	0	0	0.0	0	3	0	0.0%
De'Vante Harris	TAM	0	2	1	50.0%	11	11.0	5.5	0	66.7	5.5	9	2	0	0	0	0.0	0	3	1	25.0%
Jordan Whitehead	TAM	0	2	1	50.0%	19	19.0	9.5	0	83.3	12.5	16	3	0	0	0	0.0	0	4	0	0.0%
Devante Bond	TAM	0	1	1	100.0%	32	32.0	32.0	0	118.7	23.0	23	9	0	0	0	0.0	0	3	0	0.0%
Justin Evans	TAM	0	1	1	100.0%	23	23.0	23.0	0	118.7	19.0	19	4	1	0	0	0.0	0	8	1	11.1%
William Gholston	TAM	0	0	0										0	1	0	0.0	1	1	0	0.0%
Carl Nassib	TAM	0	0	0										0	1	0	0.0	1	3	1	25.0%
Isaiah Johnson	TAM	0	1	0	0.0%					39.6	45.0			0	0	0	0.0	0	4	0	0.0%
Player	Tm	Int	Tgt	Cmp	Cmp%	Yds	Yds/Cmp	Yds/Tgt	TD	Rat	DADOT	Air	YAC	Bltz	Hrry	QBKD	Sk	Prss	Comb	MTkl	MTkl%
Darius Phillips	CIN	0	10	6	60.0%	52	8.7	5.2	0	73.7	8.4	29	23	1	0	0	0.0	0	5	1	16.7%
Dre Kirkpatrick	CIN	0	11	6	54.5%	83	13.8	7.5	0	79.0	9.1	58	25	0	0	0	0.0	0	5	2	28.6%
Shawn Williams	CIN	1	8	5	62.5%	142	28.4	17.8	1	106.2	18.8	104	38	2	1	0	0.0	1	7	0	0.0%
William Jackson	CIN	0	8	4	50.0%	119	29.8	14.9	1	135.4	24.0	100	19	0	0	0	0.0	0	3	1	25.0%
Jordan Evans	CIN	1	4	3	75.0%	34	11.3	8.5	1	100.0	7.8	20	14	2	0	0	1.5	2	11	1	8.3%
Preston Brown	CIN	1	2	2	100.0%	24	12.0	12.0	0	77.1	8.5	17	7	3	2	0	0.0	2	7	1	12.5%
Jessie Bates	CIN	1	6	2	33.3%	14	7.0	2.3	0	2.8	12.5	6	8	0	0	0	0.0	0	6	1	14.3%
Carlos Dunlap	CIN	0	0	0										0	0	0	2.0	2	5	0	0.0%
Adolphus Washington	CIN	0	0	0										0	0	1	1.0	2	3	0	0.0%
Geno Atkins	CIN	0	0	0										0	2	0	0.0	2	1	1	50.0%
Sam Hubbard	CIN	0	0	0										0	1	0	1.0	2	5	1	16.7%
Andrew Billings	CIN	0	0	0										0	1	0	0.0	1	2	0	0.0%
Michael Johnson	CIN	0	0	0										0	0	0	0.5	1	5	0	0.0%"
