advanced_rushing = document.querySelectorAll("#rushing_advanced > tbody")[0].innerText;
advanced_receiving = document.querySelectorAll("#receiving_advanced > tbody")[0].innerText;
advanced_defense = document.querySelectorAll("#defense_advanced > tbody")[0].innerText;
advanced_passing = document.querySelectorAll("#passing_advanced > tbody")[0].innerText;
"Brock Osweiler	MIA	21	37	241	10	25.6	379	10.2	145	6.9	3.9	96	4.6	0	0.0%	6	18.2%	2	6	7	0	0	
Danny Amendola	MIA	1	1	28	1	100.0	25	25.0	25	25.0	25.0	3	3.0	0	0.0%	0	0.0%	0	0	0	0	0	
Player	Tm	Cmp	Att	Yds	1D	1D%	IAY	IAY/PA	CAY	CAY/Cmp	CAY/PA	YAC	YAC/Cmp	Drops	Drop%	BadTh	Bad%	Sk	Bltz	Hrry	Hits	Scrm	Yds/Scr
Deshaun Watson	HOU	16	20	239	8	40.0	185	9.3	138	8.6	6.9	101	6.3	0	0.0%	3	15.0%	0	7	4	0	1	14.0"
advanced_rushing
"Kenyan Drake	MIA	12	58	3	43	3.6	15	1.3	1	12.0
Frank Gore	MIA	12	53	2	27	2.3	26	2.2	0	
Kalen Ballage	MIA	1	5	1	2	2.0	3	3.0	0	
Player	Tm	Att	Yds	1D	YBC	YBC/Att	YAC	YAC/Att	BrkTkl	Att/Br
Lamar Miller	HOU	18	133	5	27	1.5	106	5.9	1	18.0
Alfred Blue	HOU	15	42	2	10	0.7	32	2.1	1	15.0
Deshaun Watson	HOU	1	14	1	14	14.0	0	0.0	0	
Brandon Weeden	HOU	1	-1		-1	-1.0	0	0.0	0	"
advanced_receiving
"DeVante Parker	MIA	9	6	134	6	87	14.5	47	7.8	0		0	0.0
Danny Amendola	MIA	6	5	43	1	27	5.4	16	3.2	0		0	0.0
Mike Gesicki	MIA	5	4	14	1	11	2.8	3	0.8	0		0	0.0
Jakeem Grant	MIA	8	4	36	2	21	5.3	15	3.8	0		0	0.0
Kenyan Drake	MIA	2	2	37	1	26	13.0	11	5.5	0		0	0.0
Frank Gore	MIA	2	1	5	0	-2	-2.0	7	7.0	0		0	0.0
Durham Smythe	MIA	1	0	0		0		0		0		0	0.0
Player	Tm	Tgt	Rec	Yds	1D	YBC	YBC/R	YAC	YAC/R	BrkTkl	Rec/Br	Drop	Drop%
DeAndre Hopkins	HOU	7	6	82	4	51	8.5	31	5.2	0		0	0.0
Will Fuller	HOU	6	5	124	2	62	12.4	62	12.4	0		0	0.0
Jordan Thomas	HOU	4	4	29	2	21	5.3	8	2.0	0		0	0.0
Tyler Ervin	HOU	1	1	4		4	4.0	0	0.0	0		0	0.0
Lamar Miller	HOU	2	0	0	0	0		0		0		0	0.0"
advanced_defense
"Bobby McCain	MIA	0	6	5	83.3%	130	26.0	21.7	2	158.3	15.2	70	60	0	0	0	0.0	0	4	2	33.3%
Kiko Alonso	MIA	0	4	3	75.0%	14	4.7	3.5	1	118.7	3.5	13	1	1	0	0	0.0	0	9	0	0.0%
Xavien Howard	MIA	0	4	3	75.0%	23	7.7	5.8	1	128.1	10.0	17	6	0	0	0	0.0	0	2	0	0.0%
Raekwon McMillan	MIA	0	1	1	100.0%	3	3.0	3.0	0	79.2	2.0	2	1	1	1	0	0.0	1	9	1	10.0%
Jerome Baker	MIA	0	2	1	50.0%	10	10.0	5.0	0	64.6	5.0	8	2	0	0	0	0.0	0	5	0	0.0%
Reshad Jones	MIA	0	1	1	100.0%	4	4.0	4.0	0	83.3	4.0	4	0	1	0	0	0.0	0	6	2	25.0%
Minkah Fitzpatrick	MIA	0	1	1	100.0%	6	6.0	6.0	0	91.7	0.0	0	6	2	0	0	0.0	0	4	0	0.0%
Cameron Wake	MIA	0	0	0										0	2	0	0.0	2	6	1	14.3%
Robert Quinn	MIA	0	0	0										0	1	0	0.0	1	1	2	66.7%
Davon Godchaux	MIA	0	0	0										0	0	0	0.0	0	2	1	33.3%
T.J. McDonald	MIA	0	0	0										0	0	0	0.0	0	3	2	40.0%
Vincent Taylor	MIA	0	0	0										0	0	0	0.0	0	3	1	25.0%
Andre Branch	MIA	0	0	0										0	0	0	0.0	0	1	1	50.0%
Player	Tm	Int	Tgt	Cmp	Cmp%	Yds	Yds/Cmp	Yds/Tgt	TD	Rat	DADOT	Air	YAC	Bltz	Hrry	QBKD	Sk	Prss	Comb	MTkl	MTkl%
Tyrann Mathieu	HOU	0	8	7	87.5%	25	3.6	3.1	0	79.7	5.3	22	3	2	0	0	1.0	1	7	0	0.0%
Kareem Jackson	HOU	0	8	7	87.5%	96	13.7	12.0	1	156.2	7.5	42	54	0	0	0	0.0	0	9	1	10.0%
Natrell Jamerson	HOU	0	7	4	57.1%	100	25.0	14.3	0	101.8	18.7	84	16	0	0	0	0.0	0	4	2	33.3%
Josh Keyes	HOU	0	2	2	100.0%	35	17.5	17.5	0	118.7	9.0	18	17	0	0	0	0.0	0	4	0	0.0%
Zach Cunningham	HOU	0	1	1	100.0%	9	9.0	9.0	0	104.2	1.0	1	8	1	0	0	0.0	0	2	1	33.3%
Brennan Scarlett	HOU	0	1	1	100.0%	4	4.0	4.0	0	83.3	3.0	3	1	0	0	0	0.0	0	2	0	0.0%
J.J. Watt	HOU	0	0	0										0	2	0	1.0	3	4	0	0.0%
Jadeveon Clowney	HOU	0	0	0										0	2	0	0.0	2	3	2	40.0%
Whitney Mercilus	HOU	0	0	0										1	2	0	0.0	2	1	0	0.0%
Peter Kalambayi	HOU	0	0	0										0	1	0	0.0	1	5	0	0.0%
Christian Covington	HOU	0	0	0										0	1	0	0.0	1	2	0	0.0%
Duke Ejiofor	HOU	0	0	0										2	0	0	0.0	0	1	1	50.0%
D.J. Reader	HOU	0	0	0										0	0	0	0.0	0	1	1	50.0%
Justin Reid	HOU	1	1	0	0.0%	46		46.0	0	39.6	38.0	38	8	0	0	0	0.0	0	9	0	0.0%
Benardrick McKinney	HOU	0	3	0	0.0%					39.6	12.0			1	0	0	0.0	0	7	1	12.5%
Michael Tyson	HOU	0	1	0	0.0%					39.6	22.0			1	0	0	0.0	0	2	1	33.3%"
