advanced_rushing = document.querySelectorAll("#rushing_advanced > tbody")[0].innerText;
advanced_receiving = document.querySelectorAll("#receiving_advanced > tbody")[0].innerText;
advanced_defense = document.querySelectorAll("#defense_advanced > tbody")[0].innerText;
advanced_passing = document.querySelectorAll("#passing_advanced > tbody")[0].innerText;
"Carson Wentz	PHI	21	30	286	15	44.1	242	8.1	120	5.7	4.0	166	7.9	0	0.0%	5	16.7%	4	6	6	2	3	10.3
Player	Tm	Cmp	Att	Yds	1D	1D%	IAY	IAY/PA	CAY	CAY/Cmp	CAY/PA	YAC	YAC/Cmp	Drops	Drop%	BadTh	Bad%	Sk	Bltz	Hrry	Hits	Scrm	Yds/Scr
Blake Bortles	JAX	24	41	286	10	22.2	257	6.3	143	6.0	3.5	143	6.0	4	9.8%	6	14.6%	4	13	2	2	6	5.7"
advanced_rushing
"Josh Adams	PHI	9	61	3	30	3.3	31	3.4	2	4.5
Wendell Smallwood	PHI	8	24	1	16	2.0	8	1.0	0	
Carson Wentz	PHI	6	28	2	28	4.7	0	0.0	0	
Corey Clement	PHI	4	6		5	1.3	1	0.3	0	
Nelson Agholor	PHI	1	14	1	13	13.0	1	1.0	0	
Player	Tm	Att	Yds	1D	YBC	YBC/Att	YAC	YAC/Att	BrkTkl	Att/Br
Blake Bortles	JAX	8	43	3	43	5.4	0	0.0	0	
Carlos Hyde	JAX	6	11		2	0.3	9	1.5	1	6.0
T.J. Yeldon	JAX	2	7	1	3	1.5	4	2.0	0	
Dede Westbrook	JAX	1	9	1	9	9.0	0	0.0	0	"
advanced_receiving
"Zach Ertz	PHI	6	4	26	2	17	4.3	9	2.3	0		0	0.0
Jordan Matthews	PHI	5	4	93	4	72	18.0	21	5.3	0		0	0.0
Alshon Jeffery	PHI	5	4	35	3	16	4.0	19	4.8	0		0	0.0
Nelson Agholor	PHI	6	3	49	2	18	6.0	31	10.3	0		0	0.0
Wendell Smallwood	PHI	3	2	42	2	-11	-5.5	53	26.5	0		0	0.0
Josh Adams	PHI	1	1	6	0	-4	-4.0	10	10.0	0		0	0.0
Carson Wentz	PHI	1	1	4	1	-5	-5.0	9	9.0	0		0	0.0
Corey Clement	PHI	1	1	-1		-6	-6.0	5	5.0	0		0	0.0
Dallas Goedert	PHI	1	1	32	1	23	23.0	9	9.0	1	1.0	0	0.0
Joshua Perkins	PHI	1	0	0		0		0		0		0	0.0
Player	Tm	Tgt	Rec	Yds	1D	YBC	YBC/R	YAC	YAC/R	BrkTkl	Rec/Br	Drop	Drop%
T.J. Yeldon	JAX	9	7	83	2	5	0.7	78	11.1	0		2	22.2
Donte Moncrief	JAX	7	4	54	2	32	8.0	22	5.5	0		0	0.0
DJ Chark	JAX	5	4	41	2	24	6.0	17	4.3	0		1	20.0
David Grinnage	JAX	5	3	37	1	28	9.3	9	3.0	0		0	0.0
Keelan Cole	JAX	3	2	18	1	17	8.5	1	0.5	0		1	33.3
Dede Westbrook	JAX	6	2	31	2	25	12.5	6	3.0	0		0	0.0
Rashad Greene	JAX	2	1	9		7	7.0	2	2.0	0		0	0.0
Blake Bell	JAX	2	1	13		5	5.0	8	8.0	1	1.0	0	0.0
Carlos Hyde	JAX	2	0	0		0		0		0		0	0.0"
advanced_defense
"Jordan Hicks	PHI	0	11	6	54.5%	88	14.7	8.0	0	80.9	5.1	31	57	5	0	0	1.5	2	13	1	7.1%
Dexter McDougle	PHI	0	7	5	71.4%	65	13.0	9.3	0	100.3	6.9	39	26	2	0	1	0.0	1	3	1	25.0%
Nigel Bradham	PHI	0	6	5	83.3%	35	7.0	5.8	0	91.0	2.2	7	28	1	0	0	0.0	0	7	0	0.0%
Ronald Darby	PHI	0	6	4	66.7%	31	7.8	5.2	0	79.2	6.8	21	10	0	0	0	0.0	0	4	0	0.0%
Rasul Douglas	PHI	0	6	3	50.0%	43	14.3	7.2	0	73.6	9.5	19	24	0	0	0	0.0	0	1	1	50.0%
Malcolm Jenkins	PHI	0	4	3	75.0%	37	12.3	9.3	1	142.7	11.5	31	6	4	0	0	0.0	0	4	0	0.0%
Avonte Maddox	PHI	0	3	1	33.3%	24	24.0	8.0	0	63.2	12.3	17	7	1	0	0	0.0	0	4	0	0.0%
Chris Long	PHI	0	1	0	0.0%					39.6	-5.0			0	1	0	2.0	3	2	0	0.0%
Michael Bennett	PHI	0	0	0										0	0	1	0.5	2	1	0	0.0%
Brandon Graham	PHI	0	0	0										0	2	0	0.0	2	2	0	0.0%
Player	Tm	Int	Tgt	Cmp	Cmp%	Yds	Yds/Cmp	Yds/Tgt	TD	Rat	DADOT	Air	YAC	Bltz	Hrry	QBKD	Sk	Prss	Comb	MTkl	MTkl%
Telvin Smith	JAX	0	6	5	83.3%	97	19.4	16.2	1	158.3	1.5	7	90	1	1	0	0.0	1	8	1	11.1%
Tashaun Gipson	JAX	0	6	4	66.7%	54	13.5	9.0	1	134.7	10.3	23	31	1	0	0	0.0	0	7	0	0.0%
Jalen Ramsey	JAX	1	5	3	60.0%	31	10.3	6.2	0	38.3	12.0	18	13	0	0	0	0.0	0	3	0	0.0%
Tre Herndon	JAX	0	4	2	50.0%	41	20.5	10.3	1	126.0	11.5	33	8	1	0	0	0.0	0	3	0	0.0%
Quenton Meeks	JAX	0	5	2	40.0%	44	22.0	8.8	0	72.1	11.4	31	13	0	0	0	0.0	0	3	1	25.0%
Ronnie Harrison	JAX	0	2	2	100.0%	0	0.0	0.0	0	79.2	-5.0	-10	10	0	0	0	0.0	0	3	0	0.0%
Myles Jack	JAX	0	1	1	100.0%	13	13.0	13.0	0	118.7	13.0	13	0	4	0	0	1.0	1	5	0	0.0%
Leon Jacobs	JAX	0	1	1	100.0%	6	6.0	6.0	0	91.7	5.0	5	1	0	0	0	0.0	0	4	0	0.0%
Yannick Ngakoue	JAX	0	0	0										0	2	2	1.0	5	2	0	0.0%
Calais Campbell	JAX	0	0	0										0	2	0	1.0	3	6	1	14.3%
Dante Fowler	JAX	0	0	0										0	2	0	0.0	2	3	0	0.0%
Marcell Dareus	JAX	0	0	0										0	0	0	1.0	1	5	1	16.7%
Taven Bryan	JAX	0	0	0										0	0	0	0.0	0	1	1	50.0%"
