advanced_rushing = document.querySelectorAll("#rushing_advanced > tbody")[0].innerText;
advanced_receiving = document.querySelectorAll("#receiving_advanced > tbody")[0].innerText;
advanced_defense = document.querySelectorAll("#defense_advanced > tbody")[0].innerText;
advanced_passing = document.querySelectorAll("#passing_advanced > tbody")[0].innerText;
"Drew Brees	NOR	18	23	120	8	34.8	53	2.3	42	2.3	1.8	78	4.3	1	4.5%	1	4.5%	0	3	2	0	0	
Taysom Hill	NOR	1	1	44	1	100.0	39	39.0	39	39.0	39.0	5	5.0	0	0.0%	0	0.0%	0	0	0	1	0	
Player	Tm	Cmp	Att	Yds	1D	1D%	IAY	IAY/PA	CAY	CAY/Cmp	CAY/PA	YAC	YAC/Cmp	Drops	Drop%	BadTh	Bad%	Sk	Bltz	Hrry	Hits	Scrm	Yds/Scr
Kirk Cousins	MIN	31	41	359	19	42.2	281	6.9	230	7.4	5.6	129	4.2	0	0.0%	2	5.0%	4	9	1	2	0	"
advanced_rushing
"Mark Ingram	NOR	13	63	3	30	2.3	33	2.5	1	13.0
Alvin Kamara	NOR	13	45	3	30	2.3	15	1.2	0	
Taysom Hill	NOR	3	-2	0	-6	-2.0	4	1.3	1	3.0
Player	Tm	Att	Yds	1D	YBC	YBC/Att	YAC	YAC/Att	BrkTkl	Att/Br
Latavius Murray	MIN	13	56	3	23	1.8	33	2.5	2	6.5
Mike Boone	MIN	3	11		5	1.7	6	2.0	0	
Kirk Cousins	MIN	2	3	0	1	0.5	2	1.0	0	
C.J. Ham	MIN	2	1		1	0.5	0	0.0	0	
Adam Thielen	MIN	1	15	1	2	2.0	13	13.0	0	
Roc Thomas	MIN	1	-1		-1	-1.0	0	0.0	0	"
advanced_receiving
"Alvin Kamara	NOR	8	7	31	3	-10	-1.4	41	5.9	1	7.0	1	12.5
Michael Thomas	NOR	6	5	81	3	73	14.6	8	1.6	0		0	0.0
Mark Ingram	NOR	3	3	29	1	-2	-0.7	31	10.3	0		0	0.0
Tre'Quan Smith	NOR	4	3	18	2	15	5.0	3	1.0	0		0	0.0
Taysom Hill	NOR	1	1	5	0	5	5.0	0	0.0	0		0	0.0
Austin Carr	NOR	1	0	0		0		0		0		0	0.0
Player	Tm	Tgt	Rec	Yds	1D	YBC	YBC/R	YAC	YAC/R	BrkTkl	Rec/Br	Drop	Drop%
Stefon Diggs	MIN	11	10	119	6	66	6.6	53	5.3	0		0	0.0
Adam Thielen	MIN	7	7	103	6	75	10.7	28	4.0	0		0	0.0
Latavius Murray	MIN	6	5	39	2	12	2.4	27	5.4	0		0	0.0
Kyle Rudolph	MIN	7	4	39	2	32	8.0	7	1.8	0		0	0.0
Laquon Treadwell	MIN	5	3	25	2	23	7.7	2	0.7	0		0	0.0
Aldrick Robinson	MIN	2	1	19	1	18	18.0	1	1.0	0		0	0.0
Roc Thomas	MIN	1	1	15		4	4.0	11	11.0	0		0	0.0
David Morgan	MIN	1	0	0		0		0		0		0	0.0"
advanced_defense
"Eli Apple	NOR	0	10	9	90.0%	107	11.9	10.7	0	111.2	8.4	90	17	0	0	0	0.0	0	9	2	18.2%
P.J. Williams	NOR	1	9	8	88.9%	114	14.3	12.7	2	118.7	8.8	78	36	1	0	0	0.0	0	6	0	0.0%
Demario Davis	NOR	0	6	6	100.0%	68	11.3	11.3	0	113.9	6.0	36	32	5	0	0	0.0	0	6	1	14.3%
Marshon Lattimore	NOR	0	6	4	66.7%	52	13.0	8.7	0	93.7	13.7	38	14	0	0	0	0.0	0	3	0	0.0%
A.J. Klein	NOR	0	4	3	75.0%	38	12.7	9.5	0	104.2	1.5	5	33	5	0	0	0.0	0	7	1	12.5%
Vonn Bell	NOR	0	4	3	75.0%	41	13.7	10.3	0	107.3	7.3	28	13	1	0	0	0.0	0	6	0	0.0%
Alex Anzalone	NOR	0	1	1	100.0%	7	7.0	7.0	0	95.8	5.0	5	2	0	0	1	0.0	1	5	0	0.0%
Kurt Coleman	NOR	0	1	1	100.0%	4	4.0	4.0	0	83.3	2.0	2	2	2	0	0	0.0	0	2	0	0.0%
Sheldon Rankins	NOR	0	0	0										0	0	1	2.0	3	3	0	0.0%
Marcus Davenport	NOR	0	0	0										0	0	0	2.0	2	2	0	0.0%
Alex Okafor	NOR	0	0	0										0	1	0	0.0	1	2	0	0.0%
Manti Te'o	NOR	0	2	0	0.0%					39.6	2.0			0	0	0	0.0	0	1	0	0.0%
Marcus Williams	NOR	0	1	0	0.0%					39.6	6.0			0	0	0	0.0	0	5	0	0.0%
Player	Tm	Int	Tgt	Cmp	Cmp%	Yds	Yds/Cmp	Yds/Tgt	TD	Rat	DADOT	Air	YAC	Bltz	Hrry	QBKD	Sk	Prss	Comb	MTkl	MTkl%
Jayron Kearse	MIN	0	4	4	100.0%	23	5.8	5.8	0	90.6	-0.3	-1	24	0	0	0	0.0	0	5	0	0.0%
Trae Waynes	MIN	0	4	4	100.0%	37	9.3	9.3	0	105.2	8.3	33	4	0	0	0	0.0	0	7	0	0.0%
Eric Kendricks	MIN	0	3	2	66.7%	21	10.5	7.0	0	86.8	2.0	6	15	2	0	0	0.0	0	7	0	0.0%
Harrison Smith	MIN	1	3	2	66.7%	41	20.5	13.7	0	70.1	15.3	34	7	0	0	0	0.0	0	3	0	0.0%
Eric Wilson	MIN	0	2	2	100.0%	7	3.5	3.5	1	120.8	-0.5	-1	8	0	0	0	0.0	0	1	1	50.0%
Holton Hill	MIN	0	3	1	33.3%	6	6.0	2.0	0	42.4	4.7	5	1	0	0	0	0.0	0	5	0	0.0%
Ben Gedeon	MIN	0	1	1	100.0%	7	7.0	7.0	0	95.8	4.0	4	3	1	0	0	0.0	0	7	0	0.0%
Linval Joseph	MIN	0	1	1	100.0%	-5	-5.0	-5.0	0	79.2	-5.0	-5	0	0	0	0	0.0	0	6	0	0.0%
Anthony Harris	MIN	0	1	1	100.0%	8	8.0	8.0	0	100.0	8.0	8	0	0	0	0	0.0	0	2	0	0.0%
George Iloka	MIN	0	1	1	100.0%	44	44.0	44.0	0	118.7	39.0	39	5	0	0	0	0.0	0	1	0	0.0%
Danielle Hunter	MIN	0	0	0										0	2	0	0.0	2	2	0	0.0%
Sheldon Richardson	MIN	0	0	0										0	0	1	0.0	1	5	0	0.0%
Tom Johnson	MIN	0	0	0										0	0	0	0.0	0	4	1	20.0%
Stephen Weatherly	MIN	0	0	0										0	0	0	0.0	0	3	1	25.0%"
