advanced_rushing = document.querySelectorAll("#rushing_advanced > tbody")[0].innerText;
advanced_receiving = document.querySelectorAll("#receiving_advanced > tbody")[0].innerText;
advanced_defense = document.querySelectorAll("#defense_advanced > tbody")[0].innerText;
advanced_passing = document.querySelectorAll("#passing_advanced > tbody")[0].innerText;
"Aaron Rodgers	GNB	18	30	286	11	33.3	257	8.6	170	9.4	5.7	116	6.4	0	0.0%	8	28.6%	3	10	6	5	1	5.0
Player	Tm	Cmp	Att	Yds	1D	1D%	IAY	IAY/PA	CAY	CAY/Cmp	CAY/PA	YAC	YAC/Cmp	Drops	Drop%	BadTh	Bad%	Sk	Bltz	Hrry	Hits	Scrm	Yds/Scr
Jared Goff	LAR	19	35	295	17	42.5	400	11.4	179	9.4	5.1	116	6.1	1	3.2%	4	12.9%	5	15	12	3	3	4.0
Johnny Hekker	LAR	1	1	12	1	100.0	6	6.0	6	6.0	6.0	6	6.0	0	0.0%	0	0.0%	0	0	0	0	0	"
advanced_rushing
"Aaron Jones	GNB	12	86	4	56	4.7	30	2.5	1	12.0
Jamaal Williams	GNB	4	9	1	1	0.3	8	2.0	0	
Ty Montgomery	GNB	2	6		1	0.5	5	2.5	0	
Aaron Rodgers	GNB	1	5	0	3	3.0	2	2.0	0	
Player	Tm	Att	Yds	1D	YBC	YBC/Att	YAC	YAC/Att	BrkTkl	Att/Br
Todd Gurley	LAR	25	114	4	57	2.3	57	2.3	2	12.5
Jared Goff	LAR	5	7	0	5	1.0	2	0.4	0	
Brandin Cooks	LAR	2	9	0	7	3.5	2	1.0	0	
Malcolm Brown	LAR	1	7		3	3.0	4	4.0	0	
Josh Reynolds	LAR	1	-2	0	-2	-2.0	0	0.0	0	"
advanced_receiving
"Davante Adams	GNB	7	5	133	4	94	18.8	39	7.8	0		0	0.0
Randall Cobb	GNB	5	4	40	3	9	2.3	31	7.8	0		0	0.0
Marquez Valdes-Scantling	GNB	5	2	45	1	25	12.5	20	10.0	0		0	0.0
Equanimeous St. Brown	GNB	2	2	31	1	22	11.0	9	4.5	0		0	0.0
Aaron Jones	GNB	2	2	0	0	-3	-1.5	3	1.5	0		0	0.0
Geronimo Allison	GNB	1	1	14	1	7	7.0	7	7.0	0		0	0.0
Ty Montgomery	GNB	2	1	2		-1	-1.0	3	3.0	0		0	0.0
Jimmy Graham	GNB	4	1	21	1	17	17.0	4	4.0	0		0	0.0
Robert Tonyan	GNB	1	0	0		0		0		0		0	0.0
Jamaal Williams	GNB	1	0	0	0	0		0		0		0	0.0
Player	Tm	Tgt	Rec	Yds	1D	YBC	YBC/R	YAC	YAC/R	BrkTkl	Rec/Br	Drop	Drop%
Todd Gurley	LAR	7	6	81	4	35	5.8	46	7.7	0		1	14.3
Robert Woods	LAR	7	5	70	5	53	10.6	17	3.4	0		0	0.0
Josh Reynolds	LAR	5	3	42	3	17	5.7	25	8.3	1	3.0	0	0.0
Brandin Cooks	LAR	8	3	74	3	67	22.3	7	2.3	0		0	0.0
Tyler Higbee	LAR	1	1	6	1	3	3.0	3	3.0	0		0	0.0
Sam Shields	LAR	1	1	12	1	6	6.0	6	6.0	0		0	0.0
Gerald Everett	LAR	2	1	22	1	4	4.0	18	18.0	0		0	0.0
Nick Williams	LAR	1	0	0		0		0		0		0	0.0"
advanced_defense
"Jaire Alexander	GNB	0	10	5	50.0%	92	18.4	9.2	0	82.1	17.3	77	15	0	0	0	0.0	0	7	0	0.0%
Blake Martinez	GNB	0	6	4	66.7%	24	6.0	4.0	0	74.3	4.7	17	7	9	2	0	1.0	3	12	0	0.0%
Jermaine Whitehead	GNB	0	5	4	80.0%	66	16.5	13.2	1	158.3	9.8	45	21	8	0	0	0.0	0	7	1	12.5%
Ha Ha Clinton-Dix	GNB	0	3	3	100.0%	35	11.7	11.7	1	154.9	11.0	33	2	1	0	0	0.0	0	4	1	20.0%
Kevin King	GNB	0	3	2	66.7%	31	15.5	10.3	0	100.7	14.3	15	16	0	0	0	0.0	0	2	0	0.0%
Clay Matthews	GNB	0	1	1	100.0%	22	22.0	22.0	0	118.7	4.0	4	18	0	0	1	1.0	2	7	0	0.0%
Tramon Williams	GNB	0	3	1	33.3%	19	19.0	6.3	0	56.2	16.0	19	0	6	0	0	0.0	0	2	0	0.0%
Mike Daniels	GNB	0	0	0										0	6	0	0.0	6	3	1	25.0%
Kenny Clark	GNB	0	0	0										0	2	1	2.0	5	5	0	0.0%
Reggie Gilbert	GNB	0	0	0										0	1	1	0.0	2	4	0	0.0%
Kyler Fackrell	GNB	0	0	0										0	0	0	1.0	1	2	0	0.0%
Dean Lowry	GNB	0	0	0										0	1	0	0.0	1	2	0	0.0%
Oren Burks	GNB	0	0	0										1	0	0	0.0	0	3	0	0.0%
Kentrell Brice	GNB	0	1	0	0.0%					39.6	13.0			1	0	0	0.0	0	1	1	50.0%
Player	Tm	Int	Tgt	Cmp	Cmp%	Yds	Yds/Cmp	Yds/Tgt	TD	Rat	DADOT	Air	YAC	Bltz	Hrry	QBKD	Sk	Prss	Comb	MTkl	MTkl%
Marcus Peters	LAR	0	10	7	70.0%	149	21.3	14.9	0	112.5	12.5	106	43	0	0	0	0.0	0	6	1	14.3%
Cory Littleton	LAR	0	3	3	100.0%	24	8.0	8.0	0	100.0	5.7	17	7	7	2	0	1.0	3	8	0	0.0%
Troy Hill	LAR	0	6	3	50.0%	72	24.0	12.0	1	133.3	10.8	47	25	0	0	0	0.0	0	1	1	50.0%
Nickell Robey-Coleman	LAR	0	4	3	75.0%	13	4.3	3.3	0	78.1	1.5	-7	20	0	0	0	0.0	0	3	0	0.0%
Mark Barron	LAR	0	3	2	66.7%	28	14.0	9.3	0	96.5	3.0	7	21	1	0	0	0.0	0	6	0	0.0%
Aaron Donald	LAR	0	0	0										0	2	2	2.0	6	3	0	0.0%
Samson Ebukam	LAR	0	2	0	0.0%					39.6	3.0			5	2	0	0.0	2	4	0	0.0%
Matt Longacre	LAR	0	0	0										4	0	2	0.0	2	0	1	100.0%
Ndamukong Suh	LAR	0	0	0										0	0	1	0.0	1	2	0	0.0%
Michael Brockers	LAR	0	0	0										0	1	0	0.0	1	2	0	0.0%
Marqui Christian	LAR	0	1	0	0.0%					39.6	25.0			0	0	0	0.0	0	1	0	0.0%
John Johnson	LAR	0	1	0	0.0%					39.6	25.0			0	0	0	0.0	0	5	1	16.7%
Lamarcus Joyner	LAR	0	1	0	0.0%					39.6	4.0			0	0	0	0.0	0	4	0	0.0%"
