advanced_rushing = document.querySelectorAll("#rushing_advanced > tbody")[0].innerText;
advanced_receiving = document.querySelectorAll("#receiving_advanced > tbody")[0].innerText;
advanced_defense = document.querySelectorAll("#defense_advanced > tbody")[0].innerText;
advanced_passing = document.querySelectorAll("#passing_advanced > tbody")[0].innerText;
"Derek Anderson	BUF	20	31	175	9	27.3	208	6.7	124	6.2	4.0	51	2.6	1	3.2%	4	12.9%	2	2	1	2	0	
Player	Tm	Cmp	Att	Yds	1D	1D%	IAY	IAY/PA	CAY	CAY/Cmp	CAY/PA	YAC	YAC/Cmp	Drops	Drop%	BadTh	Bad%	Sk	Bltz	Hrry	Hits	Scrm	Yds/Scr
Andrew Luck	IND	17	23	156	10	43.5	113	4.9	69	4.1	3.0	87	5.1	1	4.3%	4	17.4%	0	6	2	1	1	5.0"
advanced_rushing
"Chris Ivory	BUF	16	81	4	19	1.2	62	3.9	0	
Marcus Murphy	BUF	4	53	2	26	6.5	27	6.8	0	
LeSean McCoy	BUF	2	1		0	0.0	1	0.5	0	
Player	Tm	Att	Yds	1D	YBC	YBC/Att	YAC	YAC/Att	BrkTkl	Att/Br
Marlon Mack	IND	19	126	5	58	3.1	68	3.6	0	
Jordan Wilkins	IND	6	46	3	17	2.8	29	4.8	0	
Nyheim Hines	IND	5	47	3	39	7.8	8	1.6	0	
Jacoby Brissett	IND	4	-4		-4	-1.0	0	0.0	0	
Andrew Luck	IND	3	5	0	5	1.7	0	0.0	0	"
advanced_receiving
"Marcus Murphy	BUF	6	5	17	1	5	1.0	12	2.4	0		0	0.0
Kelvin Benjamin	BUF	5	4	71	4	59	14.8	12	3.0	0		0	0.0
Charles Clay	BUF	5	3	14	1	21	7.0	-7	-2.3	0		0	0.0
Chris Ivory	BUF	6	3	25	0	6	2.0	19	6.3	0		1	16.7
Zay Jones	BUF	5	3	27	1	16	5.3	11	3.7	0		0	0.0
Jason Croom	BUF	2	1	8	1	4	4.0	4	4.0	0		0	0.0
Andre Holmes	BUF	2	1	13	1	13	13.0	0	0.0	0		0	0.0
Player	Tm	Tgt	Rec	Yds	1D	YBC	YBC/R	YAC	YAC/R	BrkTkl	Rec/Br	Drop	Drop%
T.Y. Hilton	IND	4	4	25	3	24	6.0	1	0.3	0		0	0.0
Chester Rogers	IND	4	4	40	2	25	6.3	15	3.8	0		0	0.0
Eric Ebron	IND	7	3	31	1	17	5.7	14	4.7	0		1	14.3
Marlon Mack	IND	3	2	33	1	-8	-4.0	41	20.5	0		0	0.0
Mo Alie-Cox	IND	1	1	7	1	2	2.0	5	5.0	0		0	0.0
Nyheim Hines	IND	2	1	-5	0	-5	-5.0	0	0.0	0		0	0.0
Erik Swoope	IND	1	1	17	1	17	17.0	0	0.0	0		0	0.0
Jordan Wilkins	IND	1	1	8	1	-3	-3.0	11	11.0	0		0	0.0"
advanced_defense
"Taron Johnson	BUF	0	5	5	100.0%	24	4.8	4.8	1	126.2	2.0	10	14	3	0	0	0.0	0	7	0	0.0%
Tremaine Edmunds	BUF	0	4	3	75.0%	32	10.7	8.0	0	97.9	9.3	23	9	1	0	1	0.0	1	7	0	0.0%
Jordan Poyer	BUF	0	3	3	100.0%	51	17.0	17.0	2	158.3	13.3	40	11	1	0	0	0.0	0	5	2	28.6%
Trent Murphy	BUF	0	2	2	100.0%	-5	-2.5	-2.5	0	79.2	-2.5	-5	0	0	2	0	0.0	2	1	0	0.0%
Micah Hyde	BUF	0	3	2	66.7%	10	5.0	3.3	1	111.1	3.7	9	1	0	0	0	0.0	0	5	1	16.7%
Matt Milano	BUF	0	3	2	66.7%	37	18.5	12.3	1	148.6	-1.0	-7	44	0	0	0	0.0	0	4	2	33.3%
Tre'Davious White	BUF	0	2	1	50.0%	8	8.0	4.0	0	60.4	6.0	8	0	0	0	0	0.0	0	2	0	0.0%
Rafael Bush	BUF	0	3	1	33.3%	4	4.0	1.3	0	42.4	6.7	-4	8	1	0	0	0.0	0	3	0	0.0%
Eddie Yarbrough	BUF	0	0	0										0	0	0	0.0	0	1	1	50.0%
Phillip Gaines	BUF	0	0	0										1	0	0	0.0	0	2	0	0.0%
Player	Tm	Int	Tgt	Cmp	Cmp%	Yds	Yds/Cmp	Yds/Tgt	TD	Rat	DADOT	Air	YAC	Bltz	Hrry	QBKD	Sk	Prss	Comb	MTkl	MTkl%
Darius Leonard	IND	0	9	8	88.9%	59	7.4	6.6	0	94.0	2.9	24	35	0	0	0	0.0	0	17	0	0.0%
Kenny Moore	IND	1	8	5	62.5%	52	10.4	6.5	0	41.7	7.1	41	11	0	0	0	0.0	0	7	0	0.0%
Quincy Wilson	IND	0	7	4	57.1%	52	13.0	7.4	0	80.7	10.7	35	17	0	0	0	0.0	0	1	0	0.0%
Anthony Walker	IND	0	3	3	100.0%	28	9.3	9.3	0	105.6	3.3	10	18	0	0	0	0.0	0	5	2	28.6%
Pierre Desir	IND	0	4	2	50.0%	22	11.0	5.5	0	66.7	6.8	15	7	0	0	0	0.0	0	4	1	20.0%
Mike Mitchell	IND	1	4	2	50.0%	10	5.0	2.5	0	16.7	9.8	10	0	1	0	0	0.0	0	7	0	0.0%
Nate Hairston	IND	0	2	1	50.0%	13	13.0	6.5	0	70.8	10.0	13	0	0	0	0	0.0	0	1	1	50.0%
Hassan Ridgeway	IND	0	1	1	100.0%	-1	-1.0	-1.0	0	79.2	-5.0	-5	4	0	0	0	0.0	0	2	1	33.3%
Kemoko Turay	IND	0	0	0										0	0	1	1.0	2	3	0	0.0%
Al Woods	IND	0	0	0										0	1	0	0.0	1	0	0	
Matthew Adams	IND	0	0	0										0	0	1	0.0	1	2	0	0.0%
Jabaal Sheard	IND	0	0	0										0	0	0	1.0	1	2	0	0.0%
Corey Moore	IND	1	0	0										0	0	0	0.0	0	1	1	50.0%"
