advanced_rushing = document.querySelectorAll("#rushing_advanced > tbody")[0].innerText;
advanced_receiving = document.querySelectorAll("#receiving_advanced > tbody")[0].innerText;
advanced_defense = document.querySelectorAll("#defense_advanced > tbody")[0].innerText;
advanced_passing = document.querySelectorAll("#passing_advanced > tbody")[0].innerText;
"Deshaun Watson	HOU	12	24	139	7	28.0	221	9.2	96	8.0	4.0	43	3.6	0	0.0%	10	41.7%	1	6	4	2	3	3.7
Player	Tm	Cmp	Att	Yds	1D	1D%	IAY	IAY/PA	CAY	CAY/Cmp	CAY/PA	YAC	YAC/Cmp	Drops	Drop%	BadTh	Bad%	Sk	Bltz	Hrry	Hits	Scrm	Yds/Scr
Cody Kessler	JAX	21	30	156	9	26.5	170	5.7	95	4.5	3.2	61	2.9	3	10.7%	4	14.3%	4	11	3	1	2	4.0
Blake Bortles	JAX	6	12	61	2	16.7	75	6.3	27	4.5	2.3	34	5.7	2	18.2%	3	27.3%	0	5	0	4	5	5.6"
advanced_rushing
"Lamar Miller	HOU	22	100	5	62	2.8	38	1.7	0	
Alfred Blue	HOU	8	28	1	19	2.4	9	1.1	1	8.0
Deshaun Watson	HOU	7	13	1	6	0.9	7	1.0	0	
Player	Tm	Att	Yds	1D	YBC	YBC/Att	YAC	YAC/Att	BrkTkl	Att/Br
T.J. Yeldon	JAX	12	28	0	13	1.1	15	1.3	0	
Blake Bortles	JAX	6	30	3	17	2.8	13	2.2	1	6.0
Cody Kessler	JAX	2	8	1	8	4.0	0	0.0	0	
Jamaal Charles	JAX	1	2		1	1.0	1	1.0	0	"
advanced_receiving
"Will Fuller	HOU	8	6	68	4	42	7.0	26	4.3	0		0	0.0
DeAndre Hopkins	HOU	8	3	50	2	44	14.7	6	2.0	0		0	0.0
Keke Coutee	HOU	3	1	3		-4	-4.0	7	7.0	0		0	0.0
Tyler Ervin	HOU	1	1	19	1	18	18.0	1	1.0	0		0	0.0
Lamar Miller	HOU	3	1	-1	0	-4	-4.0	3	3.0	0		0	0.0
Jordan Thomas	HOU	1	0	0		0		0		0		0	0.0
Player	Tm	Tgt	Rec	Yds	1D	YBC	YBC/R	YAC	YAC/R	BrkTkl	Rec/Br	Drop	Drop%
Donte Moncrief	JAX	10	7	76	2	38	5.4	38	5.4	1	7.0	1	10.0
T.J. Yeldon	JAX	7	5	40	3	9	1.8	31	6.2	0		1	14.3
DJ Chark	JAX	7	4	31	1	23	5.8	8	2.0	0		0	0.0
Dede Westbrook	JAX	4	4	17	2	13	3.3	4	1.0	0		0	0.0
Keelan Cole	JAX	7	2	21	2	21	10.5	0	0.0	0		3	42.9
David Grinnage	JAX	2	2	17	1	11	5.5	6	3.0	0		0	0.0
Tommy Bohanon	JAX	1	1	5		-1	-1.0	6	6.0	0		0	0.0
Jamaal Charles	JAX	1	1	2		2	2.0	0	0.0	0		0	0.0
Rashad Greene	JAX	1	1	8		6	6.0	2	2.0	0		0	0.0"
advanced_defense
"Johnathan Joseph	HOU	0	14	8	57.1%	67	8.4	4.8	1	93.5	8.9	56	11	0	0	0	0.0	0	7	1	12.5%
Kareem Jackson	HOU	0	10	7	70.0%	59	8.4	5.9	0	85.0	4.7	28	31	0	0	0	0.0	0	3	1	25.0%
Zach Cunningham	HOU	0	6	5	83.3%	34	6.8	5.7	0	90.3	5.3	16	18	6	0	0	0.0	0	10	1	9.1%
Tyrann Mathieu	HOU	1	5	3	60.0%	23	7.7	4.6	0	31.7	5.0	14	9	5	1	0	1.0	2	5	1	16.7%
Duke Ejiofor	HOU	0	2	2	100.0%	13	6.5	6.5	0	93.7	1.0	2	11	0	1	0	0.0	1	2	0	0.0%
Benardrick McKinney	HOU	0	3	2	66.7%	14	7.0	4.7	0	77.1	5.0	11	3	6	0	1	0.0	1	7	2	22.2%
Justin Reid	HOU	0	2	2	100.0%	11	5.5	5.5	0	89.6	3.5	7	4	0	0	0	0.0	0	5	0	0.0%
Jadeveon Clowney	HOU	0	0	0										4	0	2	2.0	4	7	0	0.0%
J.J. Watt	HOU	0	0	0										0	3	0	0.0	3	1	0	0.0%
Whitney Mercilus	HOU	0	0	0										1	0	1	1.0	2	4	0	0.0%
Angelo Blackson	HOU	0	0	0										0	0	1	0.0	1	1	0	0.0%
Andre Hal	HOU	0	1	0	0.0%					39.6	0.0			0	0	0	0.0	0	1	0	0.0%
Player	Tm	Int	Tgt	Cmp	Cmp%	Yds	Yds/Cmp	Yds/Tgt	TD	Rat	DADOT	Air	YAC	Bltz	Hrry	QBKD	Sk	Prss	Comb	MTkl	MTkl%
A.J. Bouye	JAX	0	7	4	57.1%	43	10.8	6.1	0	75.3	13.6	31	12	0	0	0	0.0	0	6	0	0.0%
Jalen Ramsey	JAX	0	8	3	37.5%	50	16.7	6.3	1	99.0	11.9	44	6	0	0	0	0.0	0	1	0	0.0%
Ronnie Harrison	JAX	0	2	2	100.0%	18	9.0	9.0	0	104.2	7.0	14	4	2	0	0	0.0	0	6	0	0.0%
Tyler Patmon	JAX	0	1	1	100.0%	3	3.0	3.0	0	79.2	-4.0	-4	7	0	0	0	0.0	0	1	0	0.0%
Tashaun Gipson	JAX	0	1	1	100.0%	11	11.0	11.0	0	112.5	-3.0	-3	14	0	0	0	0.0	0	3	1	25.0%
Barry Church	JAX	0	5	1	20.0%	14	14.0	2.8	0	39.6	14.2	14	0	0	0	0	0.0	0	2	0	0.0%
Yannick Ngakoue	JAX	0	0	0										0	3	1	0.0	4	0	1	100.0%
Malik Jackson	JAX	0	0	0										0	1	1	0.0	2	2	0	0.0%
Dante Fowler	JAX	0	0	0										0	0	0	1.0	1	2	0	0.0%
Abry Jones	JAX	0	0	0										0	0	0	0.0	0	1	1	50.0%
Telvin Smith	JAX	0	1	0	0.0%					39.6	3.0			0	0	0	0.0	0	8	1	11.1%
Myles Jack	JAX	0	0	0										3	0	0	0.0	0	6	0	0.0%"
