advanced_rushing = document.querySelectorAll("#rushing_advanced > tbody")[0].innerText;
advanced_receiving = document.querySelectorAll("#receiving_advanced > tbody")[0].innerText;
advanced_defense = document.querySelectorAll("#defense_advanced > tbody")[0].innerText;
advanced_passing = document.querySelectorAll("#passing_advanced > tbody")[0].innerText;
"Matthew Stafford	DET	18	22	217	10	43.5	140	6.4	103	5.7	4.7	114	6.3	1	4.5%	1	4.5%	1	7	2	2	1	9.0
Player	Tm	Cmp	Att	Yds	1D	1D%	IAY	IAY/PA	CAY	CAY/Cmp	CAY/PA	YAC	YAC/Cmp	Drops	Drop%	BadTh	Bad%	Sk	Bltz	Hrry	Hits	Scrm	Yds/Scr
Brock Osweiler	MIA	22	31	239	12	34.3	309	10.0	159	7.2	5.1	80	3.6	2	6.7%	4	13.3%	4	2	10	1	1	2.0"
advanced_rushing
"Kerryon Johnson	DET	19	158	5	91	4.8	67	3.5	5	3.8
LeGarrette Blount	DET	10	50	4	33	3.3	17	1.7	0	
Matthew Stafford	DET	4	9	2	9	2.3	0	0.0	0	
Ameer Abdullah	DET	1	1		0	0.0	1	1.0	0	
Golden Tate	DET	1	30	1	23	23.0	7	7.0	0	
Player	Tm	Att	Yds	1D	YBC	YBC/Att	YAC	YAC/Att	BrkTkl	Att/Br
Frank Gore	MIA	10	29	2	10	1.0	19	1.9	2	5.0
Kenyan Drake	MIA	6	72	1	53	8.8	19	3.2	0	
Albert Wilson	MIA	2	4	1	-5	-2.5	9	4.5	0	
Brock Osweiler	MIA	1	2	0	0	0.0	2	2.0	0	"
advanced_receiving
"Golden Tate	DET	6	4	36	1	11	2.8	25	6.3	1	4.0	1	16.7
Marvin Jones	DET	4	3	29	1	19	6.3	10	3.3	1	3.0	0	0.0
Michael Roberts	DET	3	3	48	3	36	12.0	12	4.0	0		0	0.0
Kenny Golladay	DET	2	2	37	2	16	8.0	21	10.5	0		0	0.0
Kerryon Johnson	DET	3	2	21	1	-1	-0.5	22	11.0	1	2.0	0	0.0
Luke Willson	DET	2	2	8	1	2	1.0	6	3.0	0		0	0.0
Ameer Abdullah	DET	1	1	12		-4	-4.0	16	16.0	0		0	0.0
T.J. Jones	DET	1	1	26	1	24	24.0	2	2.0	0		0	0.0
Player	Tm	Tgt	Rec	Yds	1D	YBC	YBC/R	YAC	YAC/R	BrkTkl	Rec/Br	Drop	Drop%
Danny Amendola	MIA	7	6	84	5	56	9.3	28	4.7	0		0	0.0
Kenyan Drake	MIA	8	4	15	0	12	3.0	3	0.8	0		2	25.0
Mike Gesicki	MIA	3	3	44	2	20	6.7	24	8.0	0		0	0.0
Albert Wilson	MIA	3	3	32	1	21	7.0	11	3.7	0		0	0.0
Jakeem Grant	MIA	2	2	32	2	31	15.5	1	0.5	0		0	0.0
Nick O'Leary	MIA	3	2	23	1	10	5.0	13	6.5	0		0	0.0
Frank Gore	MIA	1	1	4	0	4	4.0	0	0.0	0		0	0.0
Kenny Stills	MIA	3	1	5	1	5	5.0	0	0.0	0		0	0.0"
advanced_defense
"Jarrad Davis	DET	0	6	5	83.3%	17	3.4	2.8	0	79.2	1.3	12	5	7	1	0	1.0	2	7	0	0.0%
Teez Tabor	DET	0	6	5	83.3%	69	13.8	11.5	1	154.2	11.7	54	15	0	0	0	0.0	0	7	0	0.0%
Quandre Diggs	DET	0	4	3	75.0%	50	16.7	12.5	0	116.7	16.0	34	16	1	0	1	0.0	1	4	1	20.0%
Darius Slay	DET	0	5	3	60.0%	37	12.3	7.4	1	122.5	17.2	36	1	0	0	0	0.0	0	2	0	0.0%
Glover Quin	DET	0	5	3	60.0%	59	19.7	11.8	0	101.2	10.6	33	26	0	0	0	0.0	0	4	0	0.0%
Nevin Lawson	DET	0	3	2	66.7%	12	6.0	4.0	0	74.3	13.7	10	2	0	0	0	0.0	0	1	0	0.0%
Devon Kennard	DET	0	1	1	100.0%	13	13.0	13.0	0	118.7	-1.0	-1	14	0	1	0	0.0	1	1	0	0.0%
Tracy Walker	DET	0	1	1	100.0%	24	24.0	24.0	1	158.3	24.0	24	0	0	0	0	0.0	0	2	0	0.0%
Christian Jones	DET	0	1	1	100.0%	9	9.0	9.0	0	104.2	-1.0	-1	10	1	0	0	0.0	0	1	1	50.0%
A'Shawn Robinson	DET	0	0	0										0	4	0	0.0	4	4	0	0.0%
Da'Shawn Hand	DET	0	0	0										0	3	0	0.0	3	1	0	0.0%
Ricky Jean-Francois	DET	0	0	0										0	0	0	2.0	2	4	0	0.0%
Romeo Okwara	DET	0	0	0										0	1	0	1.0	2	6	0	0.0%
Jalen Reeves-Maybin	DET	0	0	0										0	0	0	0.0	0	2	1	33.3%
Tavon Wilson	DET	0	1	0	0.0%					39.6	30.0			0	0	0	0.0	0	3	0	0.0%
Player	Tm	Int	Tgt	Cmp	Cmp%	Yds	Yds/Cmp	Yds/Tgt	TD	Rat	DADOT	Air	YAC	Bltz	Hrry	QBKD	Sk	Prss	Comb	MTkl	MTkl%
Bobby McCain	MIA	0	5	4	80.0%	41	10.3	8.2	0	100.8	8.0	15	26	0	0	0	0.0	0	5	2	28.6%
T.J. McDonald	MIA	0	3	3	100.0%	46	15.3	15.3	0	118.7	10.0	30	16	1	1	0	0.0	1	8	2	20.0%
Jerome Baker	MIA	0	3	3	100.0%	47	15.7	15.7	1	158.3	10.0	30	17	2	0	0	0.0	0	5	0	0.0%
Kiko Alonso	MIA	0	2	2	100.0%	9	4.5	4.5	1	125.0	4.5	9	0	6	1	0	0.0	1	6	2	25.0%
Minkah Fitzpatrick	MIA	0	4	2	50.0%	9	4.5	2.3	0	56.2	3.3	1	8	0	0	0	0.0	0	3	1	25.0%
Xavien Howard	MIA	0	2	2	100.0%	28	14.0	14.0	0	118.7	9.0	18	10	1	0	0	0.0	0	4	0	0.0%
Reshad Jones	MIA	0	2	2	100.0%	30	15.0	15.0	1	158.3	5.0	10	20	1	0	0	0.0	0	5	0	0.0%
Raekwon McMillan	MIA	0	1	1	100.0%	22	22.0	22.0	0	118.7	5.0	5	17	2	0	0	0.0	0	7	1	12.5%
Andre Branch	MIA	0	0	0										0	0	1	1.0	2	2	0	0.0%
Robert Quinn	MIA	0	0	0										0	0	1	0.0	1	2	0	0.0%
Akeem Spence	MIA	0	0	0										0	0	0	0.0	0	6	1	14.3%"
