advanced_rushing = document.querySelectorAll("#rushing_advanced > tbody")[0].innerText;
advanced_receiving = document.querySelectorAll("#receiving_advanced > tbody")[0].innerText;
advanced_defense = document.querySelectorAll("#defense_advanced > tbody")[0].innerText;
advanced_passing = document.querySelectorAll("#passing_advanced > tbody")[0].innerText;
"Kirk Cousins	MIN	25	40	241	10	24.4	414	10.4	169	6.8	4.2	72	2.9	2	5.4%	4	10.8%	1	15	6	5	0	
Player	Tm	Cmp	Att	Yds	1D	1D%	IAY	IAY/PA	CAY	CAY/Cmp	CAY/PA	YAC	YAC/Cmp	Drops	Drop%	BadTh	Bad%	Sk	Bltz	Hrry	Hits	Scrm	Yds/Scr
Sam Darnold	NYJ	17	42	206	7	15.6	490	11.7	85	5.0	2.0	121	7.1	4	10.0%	12	30.0%	3	11	7	0	2	8.0"
advanced_rushing
"Latavius Murray	MIN	15	69	2	34	2.3	35	2.3	1	15.0
Mike Boone	MIN	4	4		-8	-2.0	12	3.0	1	4.0
Kirk Cousins	MIN	2	-1	0	-1	-0.5	0	0.0	0	
Stefon Diggs	MIN	2	-7	0	-7	-3.5	0	0.0	0	
Roc Thomas	MIN	1	23	1	17	17.0	6	6.0	1	1.0
Player	Tm	Att	Yds	1D	YBC	YBC/Att	YAC	YAC/Att	BrkTkl	Att/Br
Isaiah Crowell	NYJ	11	29	1	12	1.1	17	1.5	1	11.0
Sam Darnold	NYJ	6	18	4	-2	-0.3	20	3.3	2	3.0
Bilal Powell	NYJ	5	20	2	15	3.0	5	1.0	0	
Trenton Cannon	NYJ	2	4	1	2	1.0	2	1.0	0	"
advanced_receiving
"Adam Thielen	MIN	10	9	110	5	90	10.0	20	2.2	0		0	0.0
Stefon Diggs	MIN	15	8	33	1	20	2.5	13	1.6	0		1	6.7
Laquon Treadwell	MIN	3	3	11	1	8	2.7	3	1.0	0		0	0.0
Latavius Murray	MIN	2	2	14	0	2	1.0	12	6.0	0		0	0.0
Brandon Zylstra	MIN	1	1	23	1	15	15.0	8	8.0	0		0	0.0
Kyle Rudolph	MIN	4	1	16	1	0	0.0	16	16.0	0		0	0.0
Aldrick Robinson	MIN	3	1	34	1	34	34.0	0	0.0	0		0	0.0
Mike Boone	MIN	1	0	0		0		0		0		1	100.0
Player	Tm	Tgt	Rec	Yds	1D	YBC	YBC/R	YAC	YAC/R	BrkTkl	Rec/Br	Drop	Drop%
Chris Herndon	NYJ	7	4	42	2	25	6.3	17	4.3	0		0	0.0
Trenton Cannon	NYJ	5	4	69	1	27	6.8	42	10.5	0		0	0.0
Robby Anderson	NYJ	10	3	44	2	29	9.7	15	5.0	0		0	0.0
Andre Roberts	NYJ	6	2	21	1	8	4.0	13	6.5	0		0	0.0
Bilal Powell	NYJ	1	1	5	0	5	5.0	0	0.0	0		0	0.0
Isaiah Crowell	NYJ	3	1	21	1	-7	-7.0	28	28.0	1	1.0	1	33.3
Eric Tomlinson	NYJ	2	1	-5		-5	-5.0	0	0.0	0		1	50.0
Deontay Burnett	NYJ	2	1	9		3	3.0	6	6.0	0		1	50.0
Jordan Leggett	NYJ	1	0	0		0		0		0		0	0.0
Jermaine Kearse	NYJ	2	0	0		0		0		0		0	0.0
Charone Peake	NYJ	1	0	0		0		0		0		1	100.0
Neal Sterling	NYJ	2	0	0		0		0		0		0	0.0"
advanced_defense
"Eric Kendricks	MIN	0	7	4	57.1%	70	17.5	10.0	0	91.4	6.4	23	47	2	0	0	0.0	0	5	2	28.6%
Holton Hill	MIN	1	4	2	50.0%	19	9.5	4.8	0	24.0	15.8	19	0	0	0	0	0.0	0	3	0	0.0%
Anthony Barr	MIN	0	2	1	50.0%	-5	-5.0	-2.5	0	56.2	2.5	-5	0	8	1	0	0.0	1	2	0	0.0%
Harrison Smith	MIN	1	4	1	25.0%	12	12.0	3.0	1	39.6	19.5	12	0	3	1	0	0.0	1	5	0	0.0%
Jayron Kearse	MIN	0	3	1	33.3%	17	17.0	5.7	0	53.5	4.7	17	0	1	0	0	0.5	1	5	0	0.0%
Xavier Rhodes	MIN	0	5	1	20.0%	25	25.0	5.0	0	47.9	28.8	10	15	0	0	0	0.0	0	3	0	0.0%
Ben Gedeon	MIN	0	1	1	100.0%	16	16.0	16.0	0	118.7	-1.0	-1	17	0	0	0	0.0	0	3	0	0.0%
Trae Waynes	MIN	1	7	1	14.3%	4	4.0	0.6	0	0.0	13.4	-2	6	1	0	0	0.0	0	3	0	0.0%
Danielle Hunter	MIN	0	0	0										0	1	0	1.0	3	4	0	0.0%
Sheldon Richardson	MIN	0	0	0										0	2	0	0.0	2	2	1	33.3%
Jaleel Johnson	MIN	0	0	0										0	0	0	0.5	1	4	0	0.0%
Stephen Weatherly	MIN	0	1	0	0.0%					39.6	17.0			0	1	0	0.0	1	2	1	33.3%
Tom Johnson	MIN	0	0	0										0	1	0	0.0	1	3	0	0.0%
Jalyn Holmes	MIN	0	0	0										0	0	0	1.0	1	1	0	0.0%
David Parry	MIN	0	0	0										0	1	0	0.0	1	2	0	0.0%
George Iloka	MIN	0	1	0	0.0%					39.6	22.0			0	0	0	0.0	0	3	0	0.0%
Anthony Harris	MIN	0	0	0										1	0	0	0.0	0	2	0	0.0%
Player	Tm	Int	Tgt	Cmp	Cmp%	Yds	Yds/Cmp	Yds/Tgt	TD	Rat	DADOT	Air	YAC	Bltz	Hrry	QBKD	Sk	Prss	Comb	MTkl	MTkl%
Darryl Roberts	NYJ	0	18	11	61.1%	96	8.7	5.3	1	93.7	8.9	66	30	0	0	1	0.0	1	11	1	8.3%
Parry Nickerson	NYJ	0	7	6	85.7%	64	10.7	9.1	0	104.8	13.3	48	16	0	0	0	0.0	0	7	0	0.0%
Morris Claiborne	NYJ	0	7	4	57.1%	55	13.8	7.9	1	122.0	13.6	51	4	0	0	0	0.0	0	3	0	0.0%
Avery Williamson	NYJ	0	3	3	100.0%	26	8.7	8.7	0	102.8	1.3	4	22	11	0	0	0.0	0	4	0	0.0%
Jamal Adams	NYJ	0	1	1	100.0%	15	15.0	15.0	0	118.7	15.0	15	0	7	0	0	0.0	0	9	2	18.2%
Brandon Copeland	NYJ	0	1	0	0.0%					39.6	2.0			7	1	1	1.0	3	5	0	0.0%
Nathan Shepherd	NYJ	0	0	0										0	1	1	0.0	2	1	0	0.0%
Jordan Jenkins	NYJ	0	0	0										6	1	1	0.0	2	2	0	0.0%
Leonard Williams	NYJ	0	0	0										0	1	0	0.0	1	1	0	0.0%
Tarell Basham	NYJ	0	0	0										0	0	1	0.0	1	0	0	
Terrence Brooks	NYJ	0	3	0	0.0%					39.6	25.0			0	0	0	0.0	0	2	2	50.0%
Darron Lee	NYJ	0	2	0	0.0%					39.6	4.0			7	0	0	0.0	0	2	1	33.3%
Doug Middleton	NYJ	0	2	0	0.0%					39.6	8.0			0	0	0	0.0	0	2	0	0.0%"
