advanced_rushing = document.querySelectorAll("#rushing_advanced > tbody")[0].innerText;
advanced_receiving = document.querySelectorAll("#receiving_advanced > tbody")[0].innerText;
advanced_defense = document.querySelectorAll("#defense_advanced > tbody")[0].innerText;
advanced_passing = document.querySelectorAll("#passing_advanced > tbody")[0].innerText;
"Drew Brees	NOR	22	30	212	12	38.7	201	6.7	146	6.6	4.9	66	3.0	2	7.1%	3	10.7%	1	15	2	2	0	
Player	Tm	Cmp	Att	Yds	1D	1D%	IAY	IAY/PA	CAY	CAY/Cmp	CAY/PA	YAC	YAC/Cmp	Drops	Drop%	BadTh	Bad%	Sk	Bltz	Hrry	Hits	Scrm	Yds/Scr
Joe Flacco	BAL	23	39	279	14	35.0	333	8.5	169	7.3	4.3	110	4.8	2	5.6%	5	13.9%	1	8	6	1	0	
Lamar Jackson	BAL	1	1	5	0	0.0	4	4.0	4	4.0	4.0	1	1.0	0	0.0%	0	0.0%	0	0	0	0	0	"
advanced_rushing
"Alvin Kamara	NOR	17	64	4	30	1.8	34	2.0	1	17.0
Mark Ingram	NOR	12	32	2	12	1.0	20	1.7	1	12.0
Taysom Hill	NOR	6	35	3	25	4.2	10	1.7	0	
Drew Brees	NOR	4	3	3	3	0.8	0	0.0	0	
Player	Tm	Att	Yds	1D	YBC	YBC/Att	YAC	YAC/Att	BrkTkl	Att/Br
Alex Collins	BAL	11	38	1	17	1.5	21	1.9	0	
Javorius Allen	BAL	3	3	0	0	0.0	3	1.0	0	
Lamar Jackson	BAL	3	9	2	2	0.7	7	2.3	0	
Gus Edwards	BAL	2	0		0	0.0	0	0.0	0	
Joe Flacco	BAL	1	4	1	4	4.0	0	0.0	0	
Chris Moore	BAL	1	9	0	7	7.0	2	2.0	0	
Willie Snead	BAL	1	13	1	13	13.0	0	0.0	0	
Maxx Williams	BAL	1	1	1	1	1.0	0	0.0	0	"
advanced_receiving
"Michael Thomas	NOR	9	7	69	5	43	6.1	26	3.7	0		2	22.2
Ben Watson	NOR	6	6	43	3	36	6.0	7	1.2	0		0	0.0
Tre'Quan Smith	NOR	6	3	44	2	39	13.0	5	1.7	0		0	0.0
Dan Arnold	NOR	3	2	35	2	24	12.0	11	5.5	0		0	0.0
Mark Ingram	NOR	2	2	10	0	9	4.5	1	0.5	0		0	0.0
Alvin Kamara	NOR	2	2	11	0	-5	-2.5	16	8.0	0		0	0.0
Player	Tm	Tgt	Rec	Yds	1D	YBC	YBC/R	YAC	YAC/R	BrkTkl	Rec/Br	Drop	Drop%
John Brown	BAL	7	7	134	6	90	12.9	44	6.3	0		0	0.0
Michael Crabtree	BAL	9	5	66	4	51	10.2	15	3.0	0		0	0.0
Javorius Allen	BAL	3	3	21	1	-5	-1.7	26	8.7	0		0	0.0
Alex Collins	BAL	4	3	10	1	4	1.3	6	2.0	0		0	0.0
Willie Snead	BAL	7	3	23	1	11	3.7	12	4.0	0		2	28.6
Mark Andrews	BAL	1	1	8	1	7	7.0	1	1.0	0		0	0.0
Nick Boyle	BAL	2	1	8		2	2.0	6	6.0	0		0	0.0
Chris Moore	BAL	2	1	14	1	13	13.0	1	1.0	0		0	0.0
Hayden Hurst	BAL	2	0	0		0		0		0		0	0.0"
advanced_defense
"Ken Crawley	NOR	0	9	8	88.9%	133	16.6	14.8	0	118.7	11.6	83	50	1	1	0	0.0	1	6	1	14.3%
Vonn Bell	NOR	0	4	4	100.0%	36	9.0	9.0	2	143.7	8.3	33	3	2	0	0	0.0	0	3	0	0.0%
P.J. Williams	NOR	0	5	4	80.0%	52	13.0	10.4	0	110.0	6.4	21	31	1	0	0	0.0	0	2	2	50.0%
Marshon Lattimore	NOR	0	10	3	30.0%	34	11.3	3.4	1	74.6	13.0	31	3	0	0	0	0.0	0	3	1	25.0%
Demario Davis	NOR	0	2	2	100.0%	8	4.0	4.0	0	83.3	3.0	6	2	3	0	0	0.0	0	6	0	0.0%
Kurt Coleman	NOR	0	3	2	66.7%	12	6.0	4.0	0	74.3	2.0	3	9	0	0	0	0.0	0	2	0	0.0%
A.J. Klein	NOR	0	4	2	50.0%	28	14.0	7.0	0	72.9	5.5	16	12	1	0	0	0.0	0	7	1	12.5%
Alex Anzalone	NOR	0	1	1	100.0%	9	9.0	9.0	0	104.2	4.0	4	5	3	0	0	0.0	0	2	0	0.0%
Manti Te'o	NOR	0	2	1	50.0%	8	8.0	4.0	0	60.4	2.0	2	6	2	0	0	0.0	0	3	0	0.0%
Marcus Williams	NOR	0	2	1	50.0%	18	18.0	9.0	0	81.2	15.0	18	0	0	0	0	0.0	0	4	0	0.0%
Cameron Jordan	NOR	0	0	0										2	2	0	0.0	2	2	1	33.3%
Alex Okafor	NOR	0	0	0										2	0	1	1.0	2	3	0	0.0%
David Onyemata	NOR	0	0	0										0	1	0	0.0	1	4	0	0.0%
Sheldon Rankins	NOR	0	0	0										0	1	0	0.0	1	3	1	25.0%
Player	Tm	Int	Tgt	Cmp	Cmp%	Yds	Yds/Cmp	Yds/Tgt	TD	Rat	DADOT	Air	YAC	Bltz	Hrry	QBKD	Sk	Prss	Comb	MTkl	MTkl%
C.J. Mosley	BAL	0	6	5	83.3%	36	7.2	6.0	1	131.2	3.0	18	18	2	0	0	0.0	0	16	2	11.1%
Jimmy Smith	BAL	0	7	5	71.4%	84	16.8	12.0	1	151.2	10.0	68	16	1	0	0	0.0	0	3	1	25.0%
Brandon Carr	BAL	0	7	4	57.1%	29	7.3	4.1	0	67.0	5.4	13	16	1	0	0	0.0	0	2	0	0.0%
Tony Jefferson	BAL	0	3	2	66.7%	35	17.5	11.7	0	106.2	15.3	34	1	3	0	1	0.0	1	6	0	0.0%
Eric Weddle	BAL	0	2	2	100.0%	13	6.5	6.5	0	93.7	1.5	3	10	3	0	0	0.0	0	7	1	12.5%
Kenny Young	BAL	0	1	1	100.0%	11	11.0	11.0	0	112.5	6.0	6	5	1	0	0	0.0	0	4	0	0.0%
Tavon Young	BAL	0	1	1	100.0%	0	0.0	0.0	0	79.2	0.0	0	0	2	0	0	0.0	0	4	1	20.0%
Patrick Onwuasor	BAL	0	1	1	100.0%	4	4.0	4.0	0	83.3	4.0	4	0	1	0	0	0.0	0	1	0	0.0%
Terrell Suggs	BAL	0	0	0										2	0	0	1.0	1	3	1	25.0%
Brandon Williams	BAL	0	0	0										0	1	0	0.0	1	3	0	0.0%
Willie Henry	BAL	0	0	0										0	1	0	0.0	1	1	0	0.0%
Za'Darius Smith	BAL	0	0	0										3	0	1	0.0	1	2	0	0.0%
Matt Judon	BAL	0	0	0										7	0	0	0.0	0	1	0	0.0%
Michael Pierce	BAL	0	0	0										0	0	0	0.0	0	4	1	20.0%
Anthony Levine	BAL	0	0	0										3	0	0	0.0	0	1	1	50.0%"
