advanced_rushing = document.querySelectorAll("#rushing_advanced > tbody")[0].innerText;
advanced_receiving = document.querySelectorAll("#receiving_advanced > tbody")[0].innerText;
advanced_defense = document.querySelectorAll("#defense_advanced > tbody")[0].innerText;
advanced_passing = document.querySelectorAll("#passing_advanced > tbody")[0].innerText;
"Marcus Mariota	TEN	24	32	237	16	47.1	149	4.7	100	4.2	3.1	137	5.7	3	9.4%	2	6.3%	2	3	1	1	4	6.3
Player	Tm	Cmp	Att	Yds	1D	1D%	IAY	IAY/PA	CAY	CAY/Cmp	CAY/PA	YAC	YAC/Cmp	Drops	Drop%	BadTh	Bad%	Sk	Bltz	Hrry	Hits	Scrm	Yds/Scr
Philip Rivers	LAC	19	26	306	12	42.9	219	8.4	166	8.7	6.4	140	7.4	1	4.0%	3	12.0%	2	12	2	1	0	"
advanced_rushing
"Dion Lewis	TEN	13	91	3	50	3.8	41	3.2	6	2.2
Derrick Henry	TEN	12	33	2	27	2.3	6	0.5	2	6.0
Marcus Mariota	TEN	7	38	2	19	2.7	19	2.7	1	7.0
David Fluellen	TEN	1	2		2	2.0	0	0.0	0	
Player	Tm	Att	Yds	1D	YBC	YBC/Att	YAC	YAC/Att	BrkTkl	Att/Br
Austin Ekeler	LAC	12	42	2	17	1.4	25	2.1	1	12.0
Justin Jackson	LAC	2	3	0	3	1.5	0	0.0	0	
Philip Rivers	LAC	1	-1	0	-1	-1.0	0	0.0	0	
Mike Williams	LAC	1	3	0	-2	-2.0	5	5.0	1	1.0"
advanced_receiving
"Tajae Sharpe	TEN	9	7	101	7	83	11.9	18	2.6	0		0	0.0
Dion Lewis	TEN	6	6	64	3	-7	-1.2	71	11.8	1	6.0	0	0.0
Corey Davis	TEN	7	3	10	1	2	0.7	8	2.7	0		2	28.6
Derrick Henry	TEN	2	2	32	2	5	2.5	27	13.5	1	2.0	0	0.0
Jonnu Smith	TEN	3	2	11	1	6	3.0	5	2.5	1	2.0	0	0.0
Luke Stocker	TEN	2	2	11	2	6	3.0	5	2.5	0		0	0.0
Cameron Batson	TEN	1	1	0		0	0.0	0	0.0	0		0	0.0
Taywan Taylor	TEN	2	1	8		5	5.0	3	3.0	0		1	50.0
Player	Tm	Tgt	Rec	Yds	1D	YBC	YBC/R	YAC	YAC/R	BrkTkl	Rec/Br	Drop	Drop%
Keenan Allen	LAC	5	5	72	5	47	9.4	25	5.0	0		0	0.0
Austin Ekeler	LAC	7	5	26	1	-16	-3.2	42	8.4	2	2.5	1	14.3
Tyrell Williams	LAC	4	4	118	2	77	19.3	41	10.3	0		0	0.0
Antonio Gates	LAC	3	2	11	1	5	2.5	6	3.0	0		0	0.0
Travis Benjamin	LAC	1	1	13	1	13	13.0	0	0.0	0		0	0.0
Justin Jackson	LAC	1	1	11	1	1	1.0	10	10.0	0		0	0.0
Mike Williams	LAC	3	1	55	1	39	39.0	16	16.0	0		0	0.0
Virgil Green	LAC	1	0	0		0		0		0		0	0.0"
advanced_defense
"Logan Ryan	TEN	0	7	5	71.4%	110	22.0	15.7	1	153.3	11.9	62	48	0	0	0	0.0	0	5	0	0.0%
Adoree' Jackson	TEN	0	5	4	80.0%	67	16.8	13.4	0	118.7	12.8	54	13	0	0	0	0.0	0	3	0	0.0%
Jayon Brown	TEN	0	2	2	100.0%	16	8.0	8.0	0	100.0	-2.0	-4	20	7	0	0	1.0	1	7	0	0.0%
Malcolm Butler	TEN	0	2	2	100.0%	30	15.0	15.0	0	118.7	10.5	21	9	0	0	0	0.0	0	1	0	0.0%
Kendrick Lewis	TEN	0	3	2	66.7%	62	31.0	20.7	1	149.3	14.7	33	29	0	0	0	0.0	0	4	1	20.0%
Kevin Byard	TEN	0	3	2	66.7%	18	9.0	6.0	0	82.6	3.3	0	18	0	0	0	0.0	0	1	1	50.0%
Brian Orakpo	TEN	0	1	1	100.0%	4	4.0	4.0	0	83.3	0.0	0	4	5	1	0	0.0	1	1	0	0.0%
Kamalei Correa	TEN	0	1	1	100.0%	-1	-1.0	-1.0	0	79.2	-1.0	-1	0	6	0	0	0.5	1	3	1	25.0%
Wesley Woodyard	TEN	0	3	1	33.3%	4	4.0	1.3	0	42.4	2.0	1	3	3	0	0	0.0	0	4	1	20.0%
Jurrell Casey	TEN	0	0	0										0	0	1	0.5	2	2	0	0.0%
Sharif Finch	TEN	0	0	0										0	1	0	0.0	1	1	0	0.0%
Rashaan Evans	TEN	0	0	0										3	0	0	0.0	0	1	0	0.0%
Harold Landry	TEN	0	0	0										4	0	0	0.0	0	2	1	33.3%
Player	Tm	Int	Tgt	Cmp	Cmp%	Yds	Yds/Cmp	Yds/Tgt	TD	Rat	DADOT	Air	YAC	Bltz	Hrry	QBKD	Sk	Prss	Comb	MTkl	MTkl%
Derwin James	LAC	0	5	5	100.0%	64	12.8	12.8	0	118.7	2.2	11	53	0	0	0	0.0	0	8	2	20.0%
Desmond King	LAC	0	6	5	83.3%	40	8.0	6.7	0	94.4	5.7	29	11	0	0	0	0.0	0	7	0	0.0%
Jatavis Brown	LAC	0	4	4	100.0%	47	11.8	11.8	0	115.6	2.3	9	38	0	0	0	0.0	0	4	3	42.9%
Trevor Williams	LAC	0	3	3	100.0%	26	8.7	8.7	0	102.8	7.3	22	4	0	0	0	0.0	0	1	2	66.7%
Adrian Phillips	LAC	0	3	2	66.7%	21	10.5	7.0	0	86.8	5.7	14	7	0	0	0	0.0	0	7	0	0.0%
Denzel Perryman	LAC	1	2	2	100.0%	14	7.0	7.0	0	56.2	6.0	12	2	0	0	0	0.0	0	8	2	20.0%
Rayshawn Jenkins	LAC	0	1	1	100.0%	1	1.0	1.0	1	118.7	1.0	1	0	0	0	0	0.0	0	1	0	0.0%
Kyle Emanuel	LAC	0	1	1	100.0%	10	10.0	10.0	0	108.3	5.0	5	5	0	0	0	0.0	0	1	1	50.0%
Casey Hayward	LAC	0	5	1	20.0%	5	5.0	1.0	0	39.6	7.4	2	3	0	0	0	0.0	0	4	0	0.0%
Darius Philon	LAC	0	0	0										0	2	1	1.0	4	5	0	0.0%
Melvin Ingram	LAC	0	0	0										2	0	0	1.0	1	5	0	0.0%
Jahleel Addae	LAC	0	1	0	0.0%					39.6	6.0			1	0	0	0.0	0	2	2	50.0%
Uchenna Nwosu	LAC	0	0	0										1	0	0	0.0	0	1	0	0.0%"
