advanced_rushing = document.querySelectorAll("#rushing_advanced > tbody")[0].innerText;
advanced_receiving = document.querySelectorAll("#receiving_advanced > tbody")[0].innerText;
advanced_defense = document.querySelectorAll("#defense_advanced > tbody")[0].innerText;
advanced_passing = document.querySelectorAll("#passing_advanced > tbody")[0].innerText;
"Jared Goff	LAR	18	24	202	10	40.0	224	9.3	136	7.6	5.7	66	3.7	2	8.3%	3	12.5%	1	10	2	1	1	5.0
Player	Tm	Cmp	Att	Yds	1D	1D%	IAY	IAY/PA	CAY	CAY/Cmp	CAY/PA	YAC	YAC/Cmp	Drops	Drop%	BadTh	Bad%	Sk	Bltz	Hrry	Hits	Scrm	Yds/Scr
C.J. Beathard	SFO	15	27	170	8	23.5	229	8.5	70	4.7	2.6	100	6.7	1	3.7%	6	22.2%	7	7	2	2	1	13.0"
advanced_rushing
"Todd Gurley	LAR	15	63	4	33	2.2	30	2.0	1	15.0
Malcolm Brown	LAR	13	65	4	34	2.6	31	2.4	3	4.3
Jared Goff	LAR	3	4	0	4	1.3	0	0.0	0	
Sean Mannion	LAR	3	1	1	0	0.0	1	0.3	0	
Brandin Cooks	LAR	1	7	1	6	6.0	1	1.0	0	
Robert Woods	LAR	1	6	0	6	6.0	0	0.0	0	
Player	Tm	Att	Yds	1D	YBC	YBC/Att	YAC	YAC/Att	BrkTkl	Att/Br
Alfred Morris	SFO	9	25	2	12	1.3	13	1.4	0	
Raheem Mostert	SFO	7	59	4	32	4.6	27	3.9	1	7.0
Matt Breida	SFO	5	15	1	12	2.4	3	0.6	0	
C.J. Beathard	SFO	2	13	1	13	6.5	0	0.0	0	
Kyle Juszczyk	SFO	1	-5	0	-5	-5.0	0	0.0	0	"
advanced_receiving
"Robert Woods	LAR	7	5	78	4	65	13.0	13	2.6	0		1	14.3
Brandin Cooks	LAR	5	4	64	3	55	13.8	9	2.3	1	4.0	0	0.0
Todd Gurley	LAR	5	4	23	1	-8	-2.0	31	7.8	0		1	20.0
Nick Williams	LAR	2	2	17		12	6.0	5	2.5	0		0	0.0
Malcolm Brown	LAR	1	1	6	0	4	4.0	2	2.0	0		0	0.0
Josh Reynolds	LAR	1	1	19	1	12	12.0	7	7.0	0		0	0.0
Gerald Everett	LAR	2	1	-5		-4	-4.0	-1	-1.0	0		0	0.0
Tyler Higbee	LAR	1	0	0		0		0		0		0	0.0
Player	Tm	Tgt	Rec	Yds	1D	YBC	YBC/R	YAC	YAC/R	BrkTkl	Rec/Br	Drop	Drop%
George Kittle	SFO	8	5	98	5	39	7.8	59	11.8	0		1	12.5
Raheem Mostert	SFO	4	4	19	1	-11	-2.8	30	7.5	0		0	0.0
Marquise Goodwin	SFO	5	2	24	1	22	11.0	2	1.0	0		0	0.0
Kyle Juszczyk	SFO	3	2	18	1	9	4.5	9	4.5	0		0	0.0
Pierre Garcon	SFO	1	1	5		5	5.0	0	0.0	0		0	0.0
Trent Taylor	SFO	3	1	6		6	6.0	0	0.0	0		0	0.0
Alfred Morris	SFO	1	0	0	0	0		0		0		0	0.0
Garrett Celek	SFO	1	0	0		0		0		0		0	0.0
Kendrick Bourne	SFO	1	0	0		0		0		0		0	0.0"
advanced_defense
"Cory Littleton	LAR	0	5	3	60.0%	55	18.3	11.0	0	97.9	11.4	17	38	2	0	0	2.0	2	10	0	0.0%
Mark Barron	LAR	0	4	3	75.0%	27	9.0	6.8	0	92.7	8.0	7	20	0	0	0	0.0	0	4	1	20.0%
Troy Hill	LAR	1	6	3	50.0%	29	9.7	4.8	0	24.3	15.0	27	2	0	0	0	0.0	0	4	1	20.0%
Samson Ebukam	LAR	0	2	2	100.0%	8	4.0	4.0	0	83.3	1.0	2	6	1	0	1	1.0	2	3	0	0.0%
John Johnson	LAR	1	4	2	50.0%	9	4.5	2.3	0	16.7	8.5	2	7	0	0	0	0.0	0	2	0	0.0%
Nickell Robey-Coleman	LAR	0	3	2	66.7%	16	8.0	5.3	1	119.4	4.3	16	0	0	0	0	0.0	0	2	0	0.0%
Blake Countess	LAR	0	2	1	50.0%	17	17.0	8.5	0	79.2	13.5	17	0	1	0	0	0.0	0	1	0	0.0%
Marqui Christian	LAR	0	1	1	100.0%	9	9.0	9.0	0	104.2	7.0	7	2	1	0	0	0.0	0	1	0	0.0%
Micah Kiser	LAR	0	1	1	100.0%	23	23.0	23.0	0	118.7	-2.0	-2	25	0	0	0	0.0	0	1	0	0.0%
Aaron Donald	LAR	0	0	0										0	0	1	4.0	5	9	0	0.0%
Ndamukong Suh	LAR	0	0	0										0	1	0	0.0	1	2	0	0.0%
Matt Longacre	LAR	0	0	0										0	1	0	0.0	1	0	0	
Dominique Hatfield	LAR	0	1	0	0.0%					39.6	13.0			0	0	0	0.0	0	1	0	0.0%
Lamarcus Joyner	LAR	0	0	0										1	0	0	0.0	0	2	0	0.0%
Bryce Hager	LAR	0	1	0	0.0%					39.6	2.0			1	0	0	0.0	0	2	0	0.0%
Player	Tm	Int	Tgt	Cmp	Cmp%	Yds	Yds/Cmp	Yds/Tgt	TD	Rat	DADOT	Air	YAC	Bltz	Hrry	QBKD	Sk	Prss	Comb	MTkl	MTkl%
Reuben Foster	SFO	0	4	4	100.0%	27	6.8	6.8	1	134.4	0.5	2	25	5	0	0	0.0	0	2	3	60.0%
K'Waun Williams	SFO	0	3	3	100.0%	20	6.7	6.7	0	94.4	0.3	1	19	3	0	0	0.0	0	4	0	0.0%
Greg Mabin	SFO	0	3	3	100.0%	51	17.0	17.0	0	118.7	14.0	42	9	0	0	0	0.0	0	1	0	0.0%
Fred Warner	SFO	0	3	2	66.7%	27	13.5	9.0	0	95.1	9.7	24	3	4	0	0	0.0	0	9	2	18.2%
Ahkello Witherspoon	SFO	0	5	2	40.0%	23	11.5	4.6	0	54.6	20.0	21	2	0	0	0	0.0	0	2	0	0.0%
Cassius Marsh	SFO	0	1	1	100.0%	2	2.0	2.0	0	79.2	-1.0	-1	3	0	1	0	0.0	1	1	1	50.0%
Adrian Colbert	SFO	0	3	1	33.3%	32	32.0	10.7	0	74.3	24.3	27	5	0	0	0	0.0	0	1	0	0.0%
Jaquiski Tartt	SFO	0	3	1	33.3%	6	6.0	2.0	0	42.4	9.7	5	1	1	0	0	0.0	0	7	0	0.0%
Arik Armstead	SFO	0	0	0										0	0	1	1.0	2	5	0	0.0%
Earl Mitchell	SFO	0	0	0										0	1	0	0.0	1	3	0	0.0%
DeForest Buckner	SFO	0	0	0										0	0	0	0.0	0	3	1	25.0%
Ronald Blair	SFO	0	0	0										0	0	0	0.0	0	2	1	33.3%"
