advanced_rushing = document.querySelectorAll("#rushing_advanced > tbody")[0].innerText;
advanced_receiving = document.querySelectorAll("#receiving_advanced > tbody")[0].innerText;
advanced_defense = document.querySelectorAll("#defense_advanced > tbody")[0].innerText;
advanced_passing = document.querySelectorAll("#passing_advanced > tbody")[0].innerText;
"Baker Mayfield	CLE	23	34	215	8	20.5	289	8.5	128	5.6	3.8	87	3.8	0	0.0%	7	20.6%	5	11	6	0	3	14.3
Player	Tm	Cmp	Att	Yds	1D	1D%	IAY	IAY/PA	CAY	CAY/Cmp	CAY/PA	YAC	YAC/Cmp	Drops	Drop%	BadTh	Bad%	Sk	Bltz	Hrry	Hits	Scrm	Yds/Scr
Jameis Winston	TAM	32	52	365	20	35.7	546	10.5	276	8.6	5.3	89	2.8	3	5.8%	11	21.2%	4	13	3	5	7	8.1"
advanced_rushing
"Nick Chubb	CLE	18	80	6	24	1.3	56	3.1	2	9.0
Baker Mayfield	CLE	4	43	1	18	4.5	25	6.3	0	
Duke Johnson	CLE	1	-4	0	-4	-4.0	0	0.0	0	
Player	Tm	Att	Yds	1D	YBC	YBC/Att	YAC	YAC/Att	BrkTkl	Att/Br
Peyton Barber	TAM	11	30	2	8	0.7	22	2.0	2	5.5
Jameis Winston	TAM	10	55	4	13	1.3	42	4.2	0	
Ronald Jones	TAM	6	13	1	1	0.2	12	2.0	0	
Jacquizz Rodgers	TAM	3	8	0	2	0.7	6	2.0	0	
DeSean Jackson	TAM	2	8	1	8	4.0	0	0.0	0	"
advanced_receiving
"Jarvis Landry	CLE	15	10	97	4	76	7.6	21	2.1	0		0	0.0
Duke Johnson	CLE	4	4	23	1	-2	-0.5	25	6.3	0		0	0.0
David Njoku	CLE	6	4	52	2	39	9.8	13	3.3	0		0	0.0
Damion Ratley	CLE	3	3	23		13	4.3	10	3.3	0		0	0.0
Antonio Callaway	CLE	2	1	14	1	0	0.0	14	14.0	0		0	0.0
Breshad Perriman	CLE	1	1	6		2	2.0	4	4.0	0		0	0.0
Nick Chubb	CLE	2	0	0	0	0		0		0		0	0.0
Player	Tm	Tgt	Rec	Yds	1D	YBC	YBC/R	YAC	YAC/R	BrkTkl	Rec/Br	Drop	Drop%
Mike Evans	TAM	11	7	107	6	86	12.3	21	3.0	0		0	0.0
Chris Godwin	TAM	6	5	59	3	49	9.8	10	2.0	0		0	0.0
O.J. Howard	TAM	9	5	67	3	54	10.8	13	2.6	0		1	11.1
Adam Humphries	TAM	9	4	37	3	24	6.0	13	3.3	1	4.0	1	11.1
Antony Auclair	TAM	3	3	15		13	4.3	2	0.7	0		0	0.0
Cameron Brate	TAM	4	3	23	1	21	7.0	2	0.7	0		0	0.0
DeSean Jackson	TAM	4	2	25	1	24	12.0	1	0.5	0		0	0.0
Jacquizz Rodgers	TAM	1	1	11	1	2	2.0	9	9.0	0		0	0.0
Ronald Jones	TAM	1	1	15	1	3	3.0	12	12.0	0		0	0.0
Alan Cross	TAM	2	1	6	1	0	0.0	6	6.0	0		0	0.0
Peyton Barber	TAM	2	0	0	0	0		0		0		1	50.0"
advanced_defense
"Damarious Randall	CLE	0	14	10	71.4%	116	11.6	8.3	0	96.1	11.2	83	33	1	0	0	0.0	0	12	0	0.0%
Christian Kirksey	CLE	1	10	7	70.0%	62	8.9	6.2	0	46.7	7.3	44	18	5	1	0	0.0	1	10	2	16.7%
Jabrill Peppers	CLE	0	9	6	66.7%	77	12.8	8.6	0	93.3	12.4	66	11	3	0	0	0.0	0	8	1	11.1%
Denzel Ward	CLE	0	9	5	55.6%	51	10.2	5.7	0	72.0	12.7	47	4	0	0	0	0.0	0	4	1	20.0%
Briean Boddy-Calhoun	CLE	0	5	4	80.0%	79	19.8	15.8	0	118.7	17.0	72	7	1	0	1	0.0	1	10	0	0.0%
T.J. Carrie	CLE	0	7	4	57.1%	45	11.3	6.4	0	76.5	11.1	31	14	0	0	0	0.0	0	4	0	0.0%
Jamie Collins	CLE	1	4	2	50.0%	14	7.0	3.5	0	18.7	4.3	10	4	7	0	1	0.0	1	6	1	14.3%
Genard Avery	CLE	0	2	1	50.0%	10	10.0	5.0	0	64.6	10.0	8	2	6	0	1	0.0	1	2	0	0.0%
Derrick Kindred	CLE	0	2	1	50.0%	18	18.0	9.0	0	81.2	6.0	12	6	0	0	0	0.0	0	1	1	50.0%
Myles Garrett	CLE	0	0	0										0	3	2	2.0	7	2	1	33.3%
Emmanuel Ogbah	CLE	0	0	0										0	3	0	1.5	5	5	1	16.7%
Larry Ogunjobi	CLE	0	0	0										0	1	0	0.5	2	2	1	33.3%
Trevon Coley	CLE	0	0	0										0	0	0	0.0	0	1	1	50.0%
Player	Tm	Int	Tgt	Cmp	Cmp%	Yds	Yds/Cmp	Yds/Tgt	TD	Rat	DADOT	Air	YAC	Bltz	Hrry	QBKD	Sk	Prss	Comb	MTkl	MTkl%
Lavonte David	TAM	0	5	5	100.0%	40	8.0	8.0	0	100.0	4.2	21	19	3	0	0	0.0	0	8	0	0.0%
M.J. Stewart	TAM	0	6	4	66.7%	22	5.5	3.7	0	72.9	6.5	1	21	4	0	0	0.0	0	5	1	16.7%
Isaiah Johnson	TAM	0	3	3	100.0%	40	13.3	13.3	2	158.3	12.3	37	3	2	0	0	0.0	0	3	0	0.0%
Justin Evans	TAM	0	6	3	50.0%	41	13.7	6.8	1	111.8	12.8	34	7	0	0	0	0.0	0	8	2	20.0%
Adarius Taylor	TAM	0	2	2	100.0%	41	20.5	20.5	0	118.7	14.5	29	12	5	0	0	1.0	1	7	0	0.0%
Brent Grimes	TAM	0	4	2	50.0%	26	13.0	6.5	0	70.8	13.5	26	0	0	0	0	0.0	0	3	1	25.0%
Kwon Alexander	TAM	0	3	2	66.7%	10	5.0	3.3	0	71.5	0.3	-3	13	2	0	0	0.0	0	7	2	22.2%
Carlton Davis	TAM	0	8	2	25.0%	15	7.5	1.9	0	39.6	13.9	11	4	0	0	0	0.0	0	2	0	0.0%
Jason Pierre-Paul	TAM	0	1	1	100.0%	6	6.0	6.0	0	91.7	6.0	6	0	0	3	0	1.0	4	3	2	40.0%
Jack Cichy	TAM	0	1	1	100.0%	7	7.0	7.0	0	95.8	7.0	7	0	0	0	0	0.0	0	1	0	0.0%
Ryan Smith	TAM	0	1	1	100.0%	7	7.0	7.0	0	95.8	-2.0	-2	9	0	0	0	0.0	0	1	0	0.0%
Carl Nassib	TAM	0	1	0	0.0%					39.6	10.0			0	1	0	2.0	3	2	0	0.0%
Vita Vea	TAM	0	0	0										0	3	0	0.0	3	1	2	66.7%
William Gholston	TAM	0	0	0										0	0	0	1.0	1	1	0	0.0%
Jordan Whitehead	TAM	0	0	0										0	0	0	0.0	0	3	1	25.0%"
