advanced_rushing = document.querySelectorAll("#rushing_advanced > tbody")[0].innerText;
advanced_receiving = document.querySelectorAll("#receiving_advanced > tbody")[0].innerText;
advanced_defense = document.querySelectorAll("#defense_advanced > tbody")[0].innerText;
advanced_passing = document.querySelectorAll("#passing_advanced > tbody")[0].innerText;
"Dwayne Haskins	WAS	15	22	144	7	26.9	144	6.5	66	4.4	3.0	78	5.2	0	0.0%	5	22.7%	4	7	3	0	3	4.7
Player	Tm	Cmp	Att	Yds	1D	1D%	IAY	IAY/PA	CAY	CAY/Cmp	CAY/PA	YAC	YAC/Cmp	Drops	Drop%	BadTh	Bad%	Sk	Bltz	Hrry	Hits	Scrm	Yds/Scr
Josh Allen	BUF	14	20	160	7	31.8	201	10.1	71	5.1	3.6	89	6.4	2	10.0%	3	15.0%	2	6	4	0	1	6.0"
advanced_rushing
"Adrian Peterson	WAS	18	108	4	36	2.0	72	4.0	2	9.0
Dwayne Haskins	WAS	3	14	1	9	3.0	5	1.7	0	
Wendell Smallwood	WAS	2	5		1	0.5	4	2.0	0	
Player	Tm	Att	Yds	1D	YBC	YBC/Att	YAC	YAC/Att	BrkTkl	Att/Br
Devin Singletary	BUF	20	95	5	61	3.1	34	1.7	1	20.0
Frank Gore	BUF	11	15	2	7	0.6	8	0.7	0	
Josh Allen	BUF	8	12	3	10	1.3	2	0.3	0	"
advanced_receiving
"Terry McLaurin	WAS	6	4	39	2	20	5.0	19	4.8	1	4.0	0	0.0
Paul Richardson	WAS	5	4	42	3	32	8.0	10	2.5	0		0	0.0
Wendell Smallwood	WAS	3	2	-2		-3	-1.5	1	0.5	0		0	0.0
Kelvin Harmon	WAS	2	1	6		-1	-1.0	7	7.0	0		0	0.0
Adrian Peterson	WAS	1	1	22	1	-4	-4.0	26	26.0	1	1.0	0	0.0
Trey Quinn	WAS	3	1	9		8	8.0	1	1.0	0		0	0.0
Steven Sims	WAS	1	1	12	1	10	10.0	2	2.0	0		0	0.0
Jeremy Sprinkle	WAS	1	1	16		4	4.0	12	12.0	0		0	0.0
Player	Tm	Tgt	Rec	Yds	1D	YBC	YBC/R	YAC	YAC/R	BrkTkl	Rec/Br	Drop	Drop%
John Brown	BUF	7	4	76	3	68	17.0	8	2.0	0		2	28.6
Isaiah McKenzie	BUF	3	3	12	1	-1	-0.3	13	4.3	0		0	0.0
Devin Singletary	BUF	4	3	45	1	-14	-4.7	59	19.7	1	3.0	0	0.0
Cole Beasley	BUF	2	2	13	1	8	4.0	5	2.5	0		0	0.0
Dawson Knox	BUF	2	2	14	1	10	5.0	4	2.0	0		0	0.0
Robert Foster	BUF	1	0	0		0		0		0		0	0.0
Tyler Kroft	BUF	1	0	0		0		0		0		0	0.0"
advanced_defense
"Jonathan Bostic	WAS	0	5	4	80.0%	59	14.8	11.8	0	115.8	0.2	1	58	1	0	0	0.0	0	4	1	20.0%
Josh Norman	WAS	0	7	4	57.1%	39	9.8	5.6	0	72.9	13.9	28	11	0	0	0	0.0	0	7	1	12.5%
Quinton Dunbar	WAS	0	5	3	60.0%	37	12.3	7.4	1	122.5	18.8	33	4	0	0	0	0.0	0	3	0	0.0%
Ryan Kerrigan	WAS	0	2	2	100.0%	22	11.0	11.0	0	112.5	9.5	19	3	1	1	0	0.0	1	2	0	0.0%
Shaun Dion Hamilton	WAS	0	1	1	100.0%	-7	-7.0	-7.0	0	79.2	-10.0	-10	3	1	1	0	0.0	1	6	2	25.0%
Cole Holcomb	WAS	0	1	1	100.0%	8	8.0	8.0	0	100.0	5.0	5	3	2	1	0	0.0	1	3	2	40.0%
Troy Apke	WAS	0	1	1	100.0%	23	23.0	23.0	0	118.7	23.0	23	0	0	0	0	0.0	0	6	0	0.0%
Montez Sweat	WAS	0	0	0										0	2	0	1.0	3	3	0	0.0%
Matthew Ioannidis	WAS	0	0	0										0	1	0	1.0	2	4	0	0.0%
Landon Collins	WAS	0	0	0										4	0	0	0.0	0	9	1	10.0%
Jonathan Allen	WAS	0	0	0										0	0	0	0.0	0	7	1	12.5%
Ryan Anderson	WAS	0	0	0										1	0	0	0.0	0	2	0	0.0%
Fabian Moreau	WAS	0	0	0										0	0	0	0.0	0	2	4	66.7%
Player	Tm	Int	Tgt	Cmp	Cmp%	Yds	Yds/Cmp	Yds/Tgt	TD	Rat	DADOT	Air	YAC	Bltz	Hrry	QBKD	Sk	Prss	Comb	MTkl	MTkl%
Levi Wallace	BUF	0	6	6	100.0%	50	8.3	8.3	0	101.4	5.3	32	18	0	0	0	0.0	0	4	1	20.0%
Tre'Davious White	BUF	0	5	4	80.0%	39	9.8	7.8	0	99.2	5.6	20	19	1	0	0	1.0	1	4	0	0.0%
Micah Hyde	BUF	0	2	2	100.0%	8	4.0	4.0	0	83.3	3.0	6	2	0	0	0	0.0	0	9	0	0.0%
Taron Johnson	BUF	0	6	2	33.3%	38	19.0	6.3	0	56.2	9.2	0	38	1	0	0	0.0	0	1	2	66.7%
Kevin Johnson	BUF	0	1	1	100.0%	9	9.0	9.0	0	104.2	8.0	8	1	0	0	0	0.0	0	1	0	0.0%
Trent Murphy	BUF	0	0	0										1	2	0	1.0	3	3	1	25.0%
Jordan Phillips	BUF	0	0	0										0	1	0	1.0	2	3	0	0.0%
Shaq Lawson	BUF	0	0	0										0	1	0	0.0	1	3	1	25.0%
Jerry Hughes	BUF	0	0	0										0	0	0	1.0	1	3	0	0.0%
Lorenzo Alexander	BUF	0	1	0	0.0%					39.6	6.0			2	0	0	0.0	0	1	1	50.0%
Tremaine Edmunds	BUF	0	0	0										3	0	0	0.0	0	8	0	0.0%
Jordan Poyer	BUF	0	0	0										4	0	0	0.0	0	7	1	12.5%
Matt Milano	BUF	0	1	0	0.0%					39.6	9.0			5	0	0	0.0	0	7	0	0.0%"
