advanced_rushing = document.querySelectorAll("#rushing_advanced > tbody")[0].innerText;
advanced_receiving = document.querySelectorAll("#receiving_advanced > tbody")[0].innerText;
advanced_defense = document.querySelectorAll("#defense_advanced > tbody")[0].innerText;
advanced_passing = document.querySelectorAll("#passing_advanced > tbody")[0].innerText;
"Ryan Tannehill	TEN	27	39	331	17	39.5	304	7.8	155	5.7	4.0	176	6.5	2	5.4%	6	16.2%	4	8	3	3	3	12.3
Player	Tm	Cmp	Att	Yds	1D	1D%	IAY	IAY/PA	CAY	CAY/Cmp	CAY/PA	YAC	YAC/Cmp	Drops	Drop%	BadTh	Bad%	Sk	Bltz	Hrry	Hits	Scrm	Yds/Scr
Kyle Allen	CAR	17	32	232	13	37.1	399	12.5	172	10.1	5.4	60	3.5	2	6.7%	4	13.3%	3	9	6	3	0	"
advanced_rushing
"Derrick Henry	TEN	13	63	3	56	4.3	7	0.5	0	
Dion Lewis	TEN	4	20	0	5	1.3	15	3.8	2	2.0
Ryan Tannehill	TEN	4	38	2	35	8.8	3	0.8	1	4.0
Player	Tm	Att	Yds	1D	YBC	YBC/Att	YAC	YAC/Att	BrkTkl	Att/Br
Christian McCaffrey	CAR	24	146	5	130	5.4	16	0.7	2	12.0
Kyle Allen	CAR	3	-4	0	-4	-1.3	0	0.0	0	
Reggie Bonnafon	CAR	3	6		1	0.3	5	1.7	1	3.0
Colin Jones	CAR	1	5	1	5	5.0	0	0.0	0	
Curtis Samuel	CAR	1	10	1	10	10.0	0	0.0	0	
Jarius Wright	CAR	1	-7		-7	-7.0	0	0.0	1	1.0"
advanced_receiving
"Dion Lewis	TEN	5	5	33	2	-6	-1.2	39	7.8	0		0	0.0
A.J. Brown	TEN	7	4	81	4	56	14.0	25	6.3	1	4.0	1	14.3
Corey Davis	TEN	5	4	48	3	17	4.3	31	7.8	2	2.0	0	0.0
Adam Humphries	TEN	4	4	65	2	39	9.8	26	6.5	0		0	0.0
Derrick Henry	TEN	3	3	36	2	-13	-4.3	49	16.3	2	1.5	0	0.0
Jonnu Smith	TEN	5	3	18		18	6.0	0	0.0	0		1	20.0
Kalif Raymond	TEN	3	2	19	2	14	7.0	5	2.5	0		0	0.0
Tajae Sharpe	TEN	4	2	31	2	30	15.0	1	0.5	0		0	0.0
Anthony Firkser	TEN	1	0	0		0		0		0		0	0.0
Player	Tm	Tgt	Rec	Yds	1D	YBC	YBC/R	YAC	YAC/R	BrkTkl	Rec/Br	Drop	Drop%
D.J. Moore	CAR	10	7	101	5	66	9.4	35	5.0	1	7.0	0	0.0
Christian McCaffrey	CAR	3	3	20	3	6	2.0	14	4.7	0		0	0.0
Greg Olsen	CAR	6	3	40	2	33	11.0	7	2.3	0		0	0.0
Curtis Samuel	CAR	6	3	64	3	62	20.7	2	0.7	0		0	0.0
Reggie Bonnafon	CAR	1	1	7		5	5.0	2	2.0	0		0	0.0
Jarius Wright	CAR	4	0	0		0		0		0		2	50.0"
advanced_defense
"Logan Ryan	TEN	0	8	4	50.0%	60	15.0	7.5	0	75.0	13.9	42	18	2	0	0	0.0	0	10	1	9.1%
Malcolm Butler	TEN	0	5	3	60.0%	50	16.7	10.0	1	133.3	20.2	30	20	0	0	0	0.0	0	0	0	
Wesley Woodyard	TEN	0	4	3	75.0%	23	7.7	5.8	0	88.5	3.3	13	10	0	0	0	0.0	0	8	0	0.0%
Kevin Byard	TEN	0	3	2	66.7%	21	10.5	7.0	1	126.4	7.0	15	6	1	0	0	0.0	0	3	0	0.0%
Adoree' Jackson	TEN	0	5	2	40.0%	41	20.5	8.2	0	69.6	21.6	42	-1	0	0	0	0.0	0	4	0	0.0%
Rashaan Evans	TEN	0	1	1	100.0%	23	23.0	23.0	0	118.7	17.0	17	6	4	0	1	0.0	1	9	1	10.0%
Kenny Vaccaro	TEN	0	1	1	100.0%	11	11.0	11.0	0	112.5	11.0	11	0	2	0	0	0.0	0	1	0	0.0%
Jayon Brown	TEN	0	1	1	100.0%	3	3.0	3.0	0	79.2	2.0	2	1	2	0	0	0.0	0	8	0	0.0%
Cameron Wake	TEN	0	0	0										0	2	1	0.0	3	0	2	100.0%
Austin Johnson	TEN	0	0	0										0	2	0	0.0	2	4	0	0.0%
Sharif Finch	TEN	0	0	0										4	1	0	1.0	2	1	0	0.0%
Harold Landry	TEN	1	1	0	0.0%					0.0	8.0			8	1	0	1.0	2	8	1	11.1%
Kamalei Correa	TEN	0	0	0										3	0	0	1.0	1	3	0	0.0%
DaQuan Jones	TEN	0	0	0										0	0	1	0.0	1	6	1	14.3%
Player	Tm	Int	Tgt	Cmp	Cmp%	Yds	Yds/Cmp	Yds/Tgt	TD	Rat	DADOT	Air	YAC	Bltz	Hrry	QBKD	Sk	Prss	Comb	MTkl	MTkl%
Shaq Thompson	CAR	0	9	8	88.9%	75	9.4	8.3	1	138.4	2.0	13	62	3	0	1	1.0	2	11	2	15.4%
Ross Cockrell	CAR	0	8	6	75.0%	90	15.0	11.3	0	111.5	5.8	30	60	0	0	0	0.0	0	8	1	11.1%
Luke Kuechly	CAR	0	6	5	83.3%	25	5.0	4.2	0	84.0	4.3	17	8	1	0	0	0.0	0	6	1	14.3%
Donte Jackson	CAR	1	6	3	50.0%	46	15.3	7.7	0	36.1	17.2	22	24	0	0	0	0.0	0	1	0	0.0%
James Bradberry	CAR	0	4	3	75.0%	58	19.3	14.5	0	116.7	16.8	57	1	0	0	0	0.0	0	2	0	0.0%
Eric Reid	CAR	0	1	1	100.0%	13	13.0	13.0	0	118.7	13.0	13	0	2	0	0	1.0	1	11	1	8.3%
Gerald McCoy	CAR	0	0	0										0	1	1	0.0	2	3	0	0.0%
Efe Obada	CAR	0	0	0										0	1	0	0.0	1	1	0	0.0%
Vernon Butler	CAR	0	0	0										0	0	1	0.0	1	1	0	0.0%
Dontari Poe	CAR	0	0	0										0	0	0	1.0	1	3	0	0.0%
Marquis Haynes	CAR	0	0	0										0	0	0	1.0	1	1	0	0.0%
Tre Boston	CAR	1	2	0	0.0%					0.0	14.0			0	0	0	0.0	0	3	1	25.0%
Bruce Irvin	CAR	0	0	0										2	0	0	0.0	0	1	0	0.0%"
