advanced_rushing = document.querySelectorAll("#rushing_advanced > tbody")[0].innerText;
advanced_receiving = document.querySelectorAll("#receiving_advanced > tbody")[0].innerText;
advanced_defense = document.querySelectorAll("#defense_advanced > tbody")[0].innerText;
advanced_passing = document.querySelectorAll("#passing_advanced > tbody")[0].innerText;
"Jimmy Garoppolo	SFO	28	37	317	15	39.5	261	7.1	179	6.4	4.8	138	4.9	1	2.7%	4	10.8%	1	16	3	3	1	4.0
Player	Tm	Cmp	Att	Yds	1D	1D%	IAY	IAY/PA	CAY	CAY/Cmp	CAY/PA	YAC	YAC/Cmp	Drops	Drop%	BadTh	Bad%	Sk	Bltz	Hrry	Hits	Scrm	Yds/Scr
Kyler Murray	ARI	17	24	241	7	25.9	104	4.3	43	2.5	1.8	198	11.6	1	4.3%	3	13.0%	3	6	3	0	1	4.0"
advanced_rushing
"Matt Breida	SFO	15	78	2	64	4.3	14	0.9	0	
Tevin Coleman	SFO	12	23	3	10	0.8	13	1.1	0	
Jimmy Garoppolo	SFO	3	2	0	2	0.7	0	0.0	0	
Raheem Mostert	SFO	1	-2		-2	-2.0	0	0.0	0	
Player	Tm	Att	Yds	1D	YBC	YBC/Att	YAC	YAC/Att	BrkTkl	Att/Br
Kenyan Drake	ARI	15	110	8	45	3.0	65	4.3	1	15.0
Kyler Murray	ARI	5	34	1	34	6.8	0	0.0	0	
Christian Kirk	ARI	1	8		8	8.0	0	0.0	0	
Alfred Morris	ARI	1	4	1	2	2.0	2	2.0	0	
Zach Zenner	ARI	1	-3		-3	-3.0	0	0.0	0	"
advanced_receiving
"Emmanuel Sanders	SFO	9	7	112	6	74	10.6	38	5.4	0		0	0.0
George Kittle	SFO	8	6	79	3	31	5.2	48	8.0	1	6.0	0	0.0
Deebo Samuel	SFO	7	4	40	2	30	7.5	10	2.5	1	4.0	1	14.3
Ross Dwelley	SFO	4	4	29	1	15	3.8	14	3.5	0		0	0.0
Matt Breida	SFO	2	2	14	0	-2	-1.0	16	8.0	0		0	0.0
Tevin Coleman	SFO	4	2	13	1	1	0.5	12	6.0	0		0	0.0
Jeff Wilson	SFO	1	1	2		2	2.0	0	0.0	0		0	0.0
Kendrick Bourne	SFO	1	1	7	1	7	7.0	0	0.0	0		0	0.0
Dante Pettis	SFO	1	1	21	1	21	21.0	0	0.0	0		0	0.0
Player	Tm	Tgt	Rec	Yds	1D	YBC	YBC/R	YAC	YAC/R	BrkTkl	Rec/Br	Drop	Drop%
Larry Fitzgerald	ARI	4	4	38	1	10	2.5	28	7.0	0		0	0.0
Kenyan Drake	ARI	4	4	52	2	-13	-3.3	65	16.3	0		0	0.0
KeeSean Johnson	ARI	3	2	22	2	19	9.5	3	1.5	0		1	33.3
Christian Kirk	ARI	5	2	8		2	1.0	6	3.0	0		0	0.0
Pharoh Cooper	ARI	2	2	15		5	2.5	10	5.0	0		0	0.0
Andy Isabella	ARI	1	1	88	1	22	22.0	66	66.0	0		0	0.0
Maxx Williams	ARI	2	1	12	1	2	2.0	10	10.0	0		0	0.0
Charles Clay	ARI	2	1	6		-4	-4.0	10	10.0	0		0	0.0"
advanced_defense
"Fred Warner	SFO	0	7	5	71.4%	47	9.4	6.7	0	89.6	1.6	13	34	5	0	0	0.0	0	9	2	18.2%
K'Waun Williams	SFO	0	3	3	100.0%	18	6.0	6.0	0	91.7	1.0	3	15	1	0	0	0.0	0	4	1	20.0%
Emmanuel Moseley	SFO	0	3	3	100.0%	113	37.7	37.7	1	158.3	11.3	34	79	0	0	0	0.0	0	5	1	16.7%
Jimmie Ward	SFO	0	2	2	100.0%	9	4.5	4.5	1	125.0	4.5	9	0	0	0	0	0.0	0	6	0	0.0%
Dre Greenlaw	SFO	0	1	1	100.0%	6	6.0	6.0	0	91.7	-4.0	-4	10	2	0	0	1.0	1	3	0	0.0%
Jaquiski Tartt	SFO	0	3	1	33.3%	17	17.0	5.7	0	53.5	9.0	-6	23	0	0	0	0.0	0	4	1	20.0%
Richard Sherman	SFO	0	3	1	33.3%	3	3.0	1.0	0	42.4	3.0	-2	5	0	0	0	0.0	0	5	2	28.6%
Dee Ford	SFO	0	0	0										1	2	0	1.0	3	2	0	0.0%
Nick Bosa	SFO	0	0	0										0	2	0	0.0	2	1	0	0.0%
DeForest Buckner	SFO	0	0	0										0	0	0	1.0	1	4	0	0.0%
Player	Tm	Int	Tgt	Cmp	Cmp%	Yds	Yds/Cmp	Yds/Tgt	TD	Rat	DADOT	Air	YAC	Bltz	Hrry	QBKD	Sk	Prss	Comb	MTkl	MTkl%
Budda Baker	ARI	0	9	7	77.8%	66	9.4	7.3	1	134.3	5.4	33	33	2	0	0	0.0	0	13	1	7.1%
Patrick Peterson	ARI	0	7	6	85.7%	118	19.7	16.9	1	158.3	14.3	84	34	0	0	0	0.0	0	3	2	40.0%
Byron Murphy	ARI	0	6	4	66.7%	38	9.5	6.3	1	123.6	9.3	31	7	0	0	0	0.0	0	2	1	33.3%
Haason Reddick	ARI	0	3	2	66.7%	10	5.0	3.3	1	111.1	1.0	3	7	3	0	0	0.0	0	2	0	0.0%
Joe Walker	ARI	0	3	2	66.7%	13	6.5	4.3	0	75.7	6.7	2	11	0	0	0	0.0	0	10	1	9.1%
Deionte Thompson	ARI	0	2	2	100.0%	20	10.0	10.0	0	108.3	6.0	12	8	0	0	0	0.0	0	3	2	40.0%
Jalen Thompson	ARI	0	1	1	100.0%	6	6.0	6.0	0	91.7	3.0	3	3	1	0	1	0.0	1	2	0	0.0%
Jordan Hicks	ARI	0	3	1	33.3%	5	5.0	1.7	0	42.4	0.7	-5	10	6	0	0	0.0	0	10	1	9.1%
Cassius Marsh	ARI	0	1	1	100.0%	7	7.0	7.0	0	95.8	4.0	4	3	6	0	0	0.0	0	1	1	50.0%
Kevin Peterson	ARI	0	1	1	100.0%	11	11.0	11.0	0	112.5	7.0	7	4	0	0	0	0.0	0	2	0	0.0%
Jonathan Bullard	ARI	0	1	1	100.0%	23	23.0	23.0	0	118.7	5.0	5	18	0	0	0	0.0	0	2	0	0.0%
Chandler Jones	ARI	0	0	0										14	1	0	1.0	2	1	0	0.0%
Rodney Gunter	ARI	0	0	0										0	1	1	0.0	2	3	0	0.0%
Zach Kerr	ARI	0	0	0										0	0	1	0.0	1	2	0	0.0%
Terrell Suggs	ARI	0	0	0										12	1	0	0.0	1	3	0	0.0%
Tramaine Brock	ARI	0	0	0										3	0	0	0.0	0	1	0	0.0%"
