advanced_rushing = document.querySelectorAll("#rushing_advanced > tbody")[0].innerText;
advanced_receiving = document.querySelectorAll("#receiving_advanced > tbody")[0].innerText;
advanced_defense = document.querySelectorAll("#defense_advanced > tbody")[0].innerText;
advanced_passing = document.querySelectorAll("#passing_advanced > tbody")[0].innerText;
"Kirk Cousins	MIN	19	38	220	12	30.8	258	6.8	97	5.1	2.6	123	6.5	1	2.9%	13	37.1%	1	7	1	3	1	5.0
Player	Tm	Cmp	Att	Yds	1D	1D%	IAY	IAY/PA	CAY	CAY/Cmp	CAY/PA	YAC	YAC/Cmp	Drops	Drop%	BadTh	Bad%	Sk	Bltz	Hrry	Hits	Scrm	Yds/Scr
Matt Moore	KAN	25	35	275	15	37.5	292	8.3	226	9.0	6.5	49	2.0	0	0.0%	5	14.7%	5	7	1	4	0	"
advanced_rushing
"Dalvin Cook	MIN	21	71	3	15	0.7	56	2.7	0	
Alexander Mattison	MIN	3	6		3	1.0	3	1.0	0	
Ameer Abdullah	MIN	1	2	0	2	2.0	0	0.0	0	
Kirk Cousins	MIN	1	5	0	5	5.0	0	0.0	0	
Stefon Diggs	MIN	1	12	1	10	10.0	2	2.0	0	
Player	Tm	Att	Yds	1D	YBC	YBC/Att	YAC	YAC/Att	BrkTkl	Att/Br
Damien Williams	KAN	12	125	2	31	2.6	94	7.8	0	
LeSean McCoy	KAN	3	9		4	1.3	5	1.7	0	
Mecole Hardman	KAN	1	7		7	7.0	0	0.0	0	
Tyreek Hill	KAN	1	5	0	4	4.0	1	1.0	0	
Darrel Williams	KAN	1	1		0	0.0	1	1.0	0	"
advanced_receiving
"Dalvin Cook	MIN	7	4	45	2	-3	-0.8	48	12.0	0		0	0.0
Irv Smith	MIN	6	4	33	3	29	7.3	4	1.0	0		1	16.7
Laquon Treadwell	MIN	5	3	58	3	46	15.3	12	4.0	0		0	0.0
Kyle Rudolph	MIN	5	3	23	1	14	4.7	9	3.0	0		0	0.0
C.J. Ham	MIN	4	2	37	1	3	1.5	34	17.0	0		0	0.0
Ameer Abdullah	MIN	1	1	16	1	5	5.0	11	11.0	0		0	0.0
Stefon Diggs	MIN	5	1	4	0	-1	-1.0	5	5.0	0		0	0.0
Olabisi Johnson	MIN	2	1	4	1	4	4.0	0	0.0	0		0	0.0
Alexander Mattison	MIN	1	0	0		0		0		0		0	0.0
Adam Thielen	MIN	1	0	0		0		0		0		0	0.0
Player	Tm	Tgt	Rec	Yds	1D	YBC	YBC/R	YAC	YAC/R	BrkTkl	Rec/Br	Drop	Drop%
Travis Kelce	KAN	9	7	62	4	45	6.4	17	2.4	0		0	0.0
Sammy Watkins	KAN	10	7	63	4	58	8.3	5	0.7	0		0	0.0
Tyreek Hill	KAN	9	6	140	6	127	21.2	13	2.2	0		0	0.0
Damien Williams	KAN	2	2	3	0	-8	-4.0	11	5.5	0		0	0.0
Demarcus Robinson	KAN	2	1	5	1	5	5.0	0	0.0	0		0	0.0
LeSean McCoy	KAN	1	1	0		-2	-2.0	2	2.0	0		0	0.0
Blake Bell	KAN	1	1	2		1	1.0	1	1.0	0		0	0.0"
advanced_defense
"Trae Waynes	MIN	0	10	7	70.0%	143	20.4	14.3	1	145.8	13.9	129	14	0	0	0	0.0	0	4	1	20.0%
Anthony Harris	MIN	0	4	4	100.0%	35	8.8	8.8	0	103.1	5.3	21	14	1	0	0	0.0	0	5	2	28.6%
Mackensie Alexander	MIN	0	5	4	80.0%	24	6.0	4.8	0	86.7	4.0	15	9	0	0	0	0.0	0	2	0	0.0%
Xavier Rhodes	MIN	0	5	4	80.0%	35	8.8	7.0	0	95.8	6.2	26	9	0	0	0	0.0	0	4	0	0.0%
Eric Kendricks	MIN	0	5	4	80.0%	25	6.3	5.0	0	87.5	5.8	27	-2	4	0	0	0.0	0	6	0	0.0%
Mike Hughes	MIN	0	2	2	100.0%	13	6.5	6.5	0	93.7	4.0	8	5	0	0	0	0.0	0	4	1	20.0%
Everson Griffen	MIN	0	0	0										0	0	2	1.0	3	6	0	0.0%
Stephen Weatherly	MIN	0	0	0										0	0	1	1.0	2	1	0	0.0%
Danielle Hunter	MIN	0	0	0										0	0	0	0.5	1	3	0	0.0%
Linval Joseph	MIN	0	0	0										0	0	1	0.0	1	4	0	0.0%
Harrison Smith	MIN	0	2	0	0.0%					39.6	20.0			2	0	0	1.0	1	8	2	20.0%
Jaleel Johnson	MIN	0	0	0										0	0	0	0.5	1	3	0	0.0%
Ifeadi Odenigbo	MIN	0	0	0										0	0	0	1.0	1	2	1	33.3%
Anthony Barr	MIN	0	1	0	0.0%					39.6	4.0			5	0	0	0.0	0	3	0	0.0%
Player	Tm	Int	Tgt	Cmp	Cmp%	Yds	Yds/Cmp	Yds/Tgt	TD	Rat	DADOT	Air	YAC	Bltz	Hrry	QBKD	Sk	Prss	Comb	MTkl	MTkl%
Damien Wilson	KAN	0	7	4	57.1%	45	11.3	6.4	0	76.5	1.9	-4	49	5	0	0	0.0	0	7	1	12.5%
Juan Thornhill	KAN	0	5	3	60.0%	44	14.7	8.8	1	128.3	17.0	42	2	0	0	0	0.0	0	4	1	20.0%
Charvarius Ward	KAN	0	7	3	42.9%	24	8.0	3.4	0	52.1	9.4	19	5	0	0	0	0.0	0	6	0	0.0%
Anthony Hitchens	KAN	0	2	2	100.0%	19	9.5	9.5	0	106.2	3.5	7	12	1	0	0	0.0	0	6	1	14.3%
Daniel Sorensen	KAN	0	3	2	66.7%	-2	-1.0	-0.7	0	70.1	-0.3	-2	0	0	0	0	0.0	0	4	0	0.0%
Rashad Fenton	KAN	0	3	1	33.3%	13	13.0	4.3	0	47.9	15.0	10	3	0	0	0	0.0	0	2	0	0.0%
Tyrann Mathieu	KAN	0	2	1	50.0%	26	26.0	13.0	0	95.8	11.5	18	8	0	0	0	0.0	0	3	0	0.0%
Bashaud Breeland	KAN	0	3	1	33.3%	3	3.0	1.0	1	81.9	14.7	3	0	0	0	0	0.0	0	2	0	0.0%
Chris Jones	KAN	0	0	0										0	1	1	1.0	3	3	0	0.0%
Tanoh Kpassagnon	KAN	0	0	0										0	0	1	0.0	1	0	0	
Khalen Saunders	KAN	0	0	0										0	0	1	0.0	1	3	0	0.0%
Reggie Ragland	KAN	0	4	0	0.0%					39.6	-0.5			1	0	0	0.0	0	6	0	0.0%"
