advanced_rushing = document.querySelectorAll("#rushing_advanced > tbody")[0].innerText;
advanced_receiving = document.querySelectorAll("#receiving_advanced > tbody")[0].innerText;
advanced_defense = document.querySelectorAll("#defense_advanced > tbody")[0].innerText;
advanced_passing = document.querySelectorAll("#passing_advanced > tbody")[0].innerText;
"Brian Hoyer	IND	17	26	168	10	33.3	158	6.1	106	6.2	4.1	62	3.6	2	8.0%	2	8.0%	4	15	4	3	1	6.0
Jacoby Brissett	IND	4	5	59	2	33.3	24	4.8	30	7.5	6.0	29	7.3	0	0.0%	1	20.0%	1	0	2	0	1	7.0
Player	Tm	Cmp	Att	Yds	1D	1D%	IAY	IAY/PA	CAY	CAY/Cmp	CAY/PA	YAC	YAC/Cmp	Drops	Drop%	BadTh	Bad%	Sk	Bltz	Hrry	Hits	Scrm	Yds/Scr
Mason Rudolph	PIT	26	35	191	11	30.6	192	5.5	79	3.0	2.3	112	4.3	1	3.0%	5	15.2%	1	6	8	2	1	7.0"
advanced_rushing
"Marlon Mack	IND	21	89	6	51	2.4	38	1.8	0	
Parris Campbell	IND	3	27	1	19	6.3	8	2.7	1	3.0
Jacoby Brissett	IND	2	4	0	4	2.0	0	0.0	1	2.0
Nyheim Hines	IND	1	7	1	2	2.0	5	5.0	0	
Brian Hoyer	IND	1	6	0	1	1.0	5	5.0	0	
Jordan Wilkins	IND	1	6		1	1.0	5	5.0	0	
Player	Tm	Att	Yds	1D	YBC	YBC/Att	YAC	YAC/Att	BrkTkl	Att/Br
Trey Edmunds	PIT	12	73	2	43	3.6	30	2.5	0	
Jaylen Samuels	PIT	8	10	0	-4	-0.5	14	1.8	0	
Mason Rudolph	PIT	3	5	1	5	1.7	0	0.0	0	
Tony Brooks-James	PIT	1	0		0	0.0	0	0.0	0	
Diontae Johnson	PIT	1	2		0	0.0	2	2.0	0	"
advanced_receiving
"Parris Campbell	IND	5	5	53	3	10	2.0	43	8.6	1	5.0	0	0.0
Zach Pascal	IND	6	5	76	3	75	15.0	1	0.2	0		0	0.0
Jack Doyle	IND	4	3	22	1	19	6.3	3	1.0	0		0	0.0
Chester Rogers	IND	5	3	22	2	21	7.0	1	0.3	0		1	20.0
Eric Ebron	IND	2	2	16	1	9	4.5	7	3.5	0		0	0.0
Mo Alie-Cox	IND	1	1	11	1	0	0.0	11	11.0	0		0	0.0
Nyheim Hines	IND	3	1	21	1	0	0.0	21	21.0	0		0	0.0
Jordan Wilkins	IND	2	1	6		2	2.0	4	4.0	1	1.0	0	0.0
Deon Cain	IND	2	0	0		0		0		0		1	50.0
Player	Tm	Tgt	Rec	Yds	1D	YBC	YBC/R	YAC	YAC/R	BrkTkl	Rec/Br	Drop	Drop%
Jaylen Samuels	PIT	13	13	73	4	0	0.0	73	5.6	0		0	0.0
Vance McDonald	PIT	7	5	30	2	8	1.6	22	4.4	0		0	0.0
James Washington	PIT	4	4	69	4	65	16.3	4	1.0	0		0	0.0
JuJu Smith-Schuster	PIT	5	3	16	1	5	1.7	11	3.7	0		1	20.0
Diontae Johnson	PIT	2	1	3		1	1.0	2	2.0	1	1.0	0	0.0
Roosevelt Nix	PIT	1	0	0		0		0		0		0	0.0
Nick Vannett	PIT	1	0	0		0		0		0		0	0.0
Johnny Holton	PIT	1	0	0		0		0		0		0	0.0"
advanced_defense
"Darius Leonard	IND	0	9	8	88.9%	54	6.8	6.0	0	91.7	1.3	10	44	3	0	0	0.0	0	9	0	0.0%
Anthony Walker	IND	0	6	5	83.3%	20	4.0	3.3	0	80.6	-0.2	-8	28	0	0	0	0.0	0	10	1	9.1%
Marvell Tell	IND	0	6	4	66.7%	29	7.3	4.8	0	77.8	7.8	24	5	0	0	0	0.0	0	4	0	0.0%
Kenny Moore	IND	1	5	3	60.0%	19	6.3	3.8	0	28.3	15.0	11	8	3	1	0	0.0	1	8	0	0.0%
Rock Ya-Sin	IND	0	3	3	100.0%	51	17.0	17.0	1	158.3	15.3	46	5	0	0	0	0.0	0	2	0	0.0%
Bobby Okereke	IND	0	2	1	50.0%	3	3.0	1.5	0	56.2	3.0	-1	4	0	0	0	0.0	0	4	0	0.0%
George Odum	IND	0	1	1	100.0%	9	9.0	9.0	0	104.2	-2.0	-2	11	0	0	0	0.0	0	2	0	0.0%
Ben Banogu	IND	0	0	0										0	3	1	0.0	4	0	0	
Justin Houston	IND	0	0	0										0	1	0	1.0	2	3	0	0.0%
Khari Willis	IND	0	1	0	0.0%					39.6	7.0			1	1	0	0.0	1	1	0	0.0%
Jabaal Sheard	IND	0	0	0										0	0	1	0.0	1	2	0	0.0%
Player	Tm	Int	Tgt	Cmp	Cmp%	Yds	Yds/Cmp	Yds/Tgt	TD	Rat	DADOT	Air	YAC	Bltz	Hrry	QBKD	Sk	Prss	Comb	MTkl	MTkl%
Devin Bush	PIT	0	7	5	71.4%	70	14.0	10.0	1	142.9	3.7	22	48	3	0	0	0.0	0	7	0	0.0%
Mike Hilton	PIT	0	6	4	66.7%	37	9.3	6.2	1	122.9	2.5	26	11	4	0	0	1.0	1	6	0	0.0%
Joe Haden	PIT	0	9	4	44.4%	32	8.0	3.6	0	53.9	7.7	28	4	0	0	0	0.0	0	3	0	0.0%
Steven Nelson	PIT	0	3	3	100.0%	44	14.7	14.7	0	118.7	14.3	43	1	0	0	0	0.0	0	7	1	12.5%
Mark Barron	PIT	0	2	2	100.0%	18	9.0	9.0	0	104.2	3.0	6	12	7	0	0	0.5	1	4	0	0.0%
Minkah Fitzpatrick	PIT	1	1	1	100.0%	4	4.0	4.0	1	83.3	4.0	4	0	0	0	0	0.0	0	7	0	0.0%
Vince Williams	PIT	0	1	1	100.0%	6	6.0	6.0	0	91.7	2.0	2	4	1	0	0	0.0	0	4	0	0.0%
Bud Dupree	PIT	0	0	0										0	1	1	2.0	4	3	1	25.0%
T.J. Watt	PIT	0	0	0										1	1	1	1.5	4	3	1	25.0%
Javon Hargrave	PIT	0	0	0										0	2	0	0.0	2	4	1	20.0%
Cameron Heyward	PIT	0	0	0										0	1	1	0.0	2	6	0	0.0%
Tyson Alualu	PIT	0	0	0										0	1	0	0.0	1	1	0	0.0%
Terrell Edmunds	PIT	0	0	0										1	0	0	0.0	0	8	0	0.0%"
