advanced_rushing = document.querySelectorAll("#rushing_advanced > tbody")[0].innerText;
advanced_receiving = document.querySelectorAll("#receiving_advanced > tbody")[0].innerText;
advanced_defense = document.querySelectorAll("#defense_advanced > tbody")[0].innerText;
advanced_passing = document.querySelectorAll("#passing_advanced > tbody")[0].innerText;
"Matthew Stafford	DET	26	41	406	16	37.2	464	11.3	269	10.3	6.6	137	5.3	0	0.0%	12	29.3%	2	7	6	1	2	3.0
Player	Tm	Cmp	Att	Yds	1D	1D%	IAY	IAY/PA	CAY	CAY/Cmp	CAY/PA	YAC	YAC/Cmp	Drops	Drop%	BadTh	Bad%	Sk	Bltz	Hrry	Hits	Scrm	Yds/Scr
Derek Carr	OAK	20	31	289	14	43.8	263	8.5	180	9.0	5.8	109	5.5	2	7.4%	3	11.1%	1	3	6	1	0	"
advanced_rushing
"Ty Johnson	DET	9	29	3	13	1.4	16	1.8	0	
J.D. McKissic	DET	4	32	2	15	3.8	17	4.3	1	4.0
Matthew Stafford	DET	3	6	0	5	1.7	1	0.3	0	
Paul Perkins	DET	2	16	1	11	5.5	5	2.5	0	
Marvin Hall	DET	1	7		4	4.0	3	3.0	0	
Player	Tm	Att	Yds	1D	YBC	YBC/Att	YAC	YAC/Att	BrkTkl	Att/Br
Josh Jacobs	OAK	28	120	7	53	1.9	67	2.4	3	9.3
DeAndre Washington	OAK	3	7	0	2	0.7	5	1.7	0	
Jalen Richard	OAK	2	12	1	6	3.0	6	3.0	0	
Derek Carrier	OAK	1	27	1	27	27.0	0	0.0	0	
Alec Ingold	OAK	1	2	1	1	1.0	1	1.0	0	
Zay Jones	OAK	1	3	0	3	3.0	0	0.0	0	"
advanced_receiving
"Marvin Jones	DET	10	8	126	6	118	14.8	8	1.0	0		0	0.0
Kenny Golladay	DET	7	4	132	4	79	19.8	53	13.3	0		0	0.0
T.J. Hockenson	DET	7	3	56	3	4	1.3	52	17.3	0		0	0.0
Ty Johnson	DET	3	3	7	0	2	0.7	5	1.7	0		0	0.0
Danny Amendola	DET	5	3	29	1	28	9.3	1	0.3	0		0	0.0
J.D. McKissic	DET	4	3	40	2	22	7.3	18	6.0	0		0	0.0
Logan Thomas	DET	2	1	13		13	13.0	0	0.0	0		0	0.0
Jesse James	DET	2	1	3		3	3.0	0	0.0	0		0	0.0
Marvin Hall	DET	1	0	0		0		0		0		0	0.0
Player	Tm	Tgt	Rec	Yds	1D	YBC	YBC/R	YAC	YAC/R	BrkTkl	Rec/Br	Drop	Drop%
Hunter Renfrow	OAK	7	6	54	4	40	6.7	14	2.3	0		0	0.0
Zay Jones	OAK	4	3	21	1	13	4.3	8	2.7	0		0	0.0
Tyrell Williams	OAK	4	3	48	2	43	14.3	5	1.7	0		0	0.0
Jalen Richard	OAK	4	3	56	2	29	9.7	27	9.0	0		0	0.0
Darren Waller	OAK	2	2	52	2	19	9.5	33	16.5	0		0	0.0
Foster Moreau	OAK	2	1	3	1	3	3.0	0	0.0	0		0	0.0
DeAndre Washington	OAK	1	1	21	1	3	3.0	18	18.0	0		0	0.0
Marcell Ateman	OAK	1	1	34	1	30	30.0	4	4.0	0		0	0.0
Josh Jacobs	OAK	2	0	0	0	0		0		0		2	100.0"
advanced_defense
"Justin Coleman	DET	0	7	6	85.7%	61	10.2	8.7	1	142.6	7.6	48	13	0	0	0	0.0	0	6	0	0.0%
Jarrad Davis	DET	0	3	3	100.0%	57	19.0	19.0	0	118.7	11.7	35	22	2	2	0	0.0	2	6	0	0.0%
Jahlani Tavai	DET	0	3	2	66.7%	34	17.0	11.3	0	104.9	13.3	21	13	2	0	0	0.0	0	9	0	0.0%
Rashaan Melvin	DET	0	3	2	66.7%	17	8.5	5.7	0	81.2	5.7	17	0	0	0	0	0.0	0	4	0	0.0%
Will Harris	DET	0	2	2	100.0%	44	22.0	22.0	0	118.7	2.5	5	39	0	0	0	0.0	0	4	2	33.3%
Devon Kennard	DET	0	1	1	100.0%	3	3.0	3.0	1	118.7	3.0	3	0	2	2	0	0.0	2	5	1	16.7%
Tavon Wilson	DET	0	3	1	33.3%	14	14.0	4.7	0	49.3	10.0	14	0	0	0	0	0.0	0	7	0	0.0%
Christian Jones	DET	0	1	1	100.0%	31	31.0	31.0	0	118.7	25.0	25	6	3	0	0	0.0	0	11	0	0.0%
Trey Flowers	DET	0	1	0	0.0%					39.6	-3.0			0	1	1	1.0	3	3	1	25.0%
Darius Slay	DET	0	0	0										0	1	0	0.0	1	3	1	25.0%
Damon Harrison	DET	0	0	0										0	0	0	0.0	0	6	1	14.3%
Da'Shawn Hand	DET	0	0	0										0	0	0	0.0	0	1	1	50.0%
C.J. Moore	DET	0	1	0	0.0%					39.6	17.0			0	0	0	0.0	0	1	0	0.0%
Player	Tm	Int	Tgt	Cmp	Cmp%	Yds	Yds/Cmp	Yds/Tgt	TD	Rat	DADOT	Air	YAC	Bltz	Hrry	QBKD	Sk	Prss	Comb	MTkl	MTkl%
Trayvon Mullen	OAK	0	8	6	75.0%	71	11.8	8.9	0	101.6	15.6	67	4	0	0	0	0.0	0	7	0	0.0%
Tahir Whitehead	OAK	0	7	6	85.7%	104	17.3	14.9	1	158.3	6.0	35	69	2	0	0	0.0	0	7	0	0.0%
Daryl Worley	OAK	1	8	5	62.5%	135	27.0	16.9	2	106.2	16.0	102	33	0	0	0	0.0	0	3	1	25.0%
Nicholas Morrow	OAK	0	7	3	42.9%	45	15.0	6.4	0	64.6	12.3	19	26	3	0	0	0.0	0	3	2	40.0%
Erik Harris	OAK	0	4	3	75.0%	36	12.0	9.0	0	102.1	13.8	32	4	1	0	0	0.0	0	10	0	0.0%
Lamarcus Joyner	OAK	0	4	2	50.0%	10	5.0	2.5	0	56.2	8.5	9	1	1	1	0	0.0	1	2	1	33.3%
William Compton	OAK	0	1	1	100.0%	3	3.0	3.0	0	79.2	3.0	3	0	1	1	0	0.0	1	3	0	0.0%
Clelin Ferrell	OAK	0	0	0										0	2	0	0.0	2	4	0	0.0%
Benson Mayowa	OAK	0	0	0										0	0	1	0.0	1	1	0	0.0%
P.J. Hall	OAK	0	0	0										0	0	0	1.0	1	2	1	33.3%
Karl Joseph	OAK	0	2	0	0.0%					39.6	13.0			1	1	0	0.0	1	6	0	0.0%
Arden Key	OAK	0	0	0										0	0	0	1.0	1	1	0	0.0%
Maxx Crosby	OAK	0	0	0										0	1	0	0.0	1	2	1	33.3%"
