advanced_rushing = document.querySelectorAll("#rushing_advanced > tbody")[0].innerText;
advanced_receiving = document.querySelectorAll("#receiving_advanced > tbody")[0].innerText;
advanced_defense = document.querySelectorAll("#defense_advanced > tbody")[0].innerText;
advanced_passing = document.querySelectorAll("#passing_advanced > tbody")[0].innerText;
"Jameis Winston	TAM	29	44	335	19	41.3	448	10.2	238	8.2	5.4	97	3.3	1	2.3%	10	23.3%	2	20	2	1	1	5.0
Player	Tm	Cmp	Att	Yds	1D	1D%	IAY	IAY/PA	CAY	CAY/Cmp	CAY/PA	YAC	YAC/Cmp	Drops	Drop%	BadTh	Bad%	Sk	Bltz	Hrry	Hits	Scrm	Yds/Scr
Russell Wilson	SEA	29	43	378	23	50.0	346	8.0	204	7.0	4.7	174	6.0	1	2.3%	7	16.3%	3	35	1	6	1	21.0"
advanced_rushing
"Ronald Jones	TAM	18	67	4	20	1.1	47	2.6	6	3.0
Peyton Barber	TAM	4	15		9	2.3	6	1.5	0	
Jameis Winston	TAM	2	8	2	5	2.5	3	1.5	0	
Chris Godwin	TAM	1	8	0	0	0.0	8	8.0	1	1.0
Dare Ogunbowale	TAM	1	1	1	0	0.0	1	1.0	1	1.0
Player	Tm	Att	Yds	1D	YBC	YBC/Att	YAC	YAC/Att	BrkTkl	Att/Br
Chris Carson	SEA	16	105	2	12	0.8	93	5.8	6	2.7
Rashaad Penny	SEA	4	12	1	4	1.0	8	2.0	1	4.0
D.K. Metcalf	SEA	1	7	0	3	3.0	4	4.0	1	1.0
Russell Wilson	SEA	1	21	1	19	19.0	2	2.0	0	"
advanced_receiving
"Mike Evans	TAM	16	12	180	12	140	11.7	40	3.3	1	12.0	0	0.0
Chris Godwin	TAM	9	7	61	1	34	4.9	27	3.9	0		0	0.0
Breshad Perriman	TAM	8	4	42	3	35	8.8	7	1.8	0		0	0.0
Ronald Jones	TAM	2	2	15	1	8	4.0	7	3.5	1	2.0	0	0.0
Antony Auclair	TAM	2	1	11	1	3	3.0	8	8.0	0		0	0.0
Tanner Hudson	TAM	2	1	12		12	12.0	0	0.0	0		1	50.0
T.J. Logan	TAM	1	1	2		1	1.0	1	1.0	0		0	0.0
Dare Ogunbowale	TAM	1	1	12	1	5	5.0	7	7.0	0		0	0.0
Scott Miller	TAM	2	0	0		0		0		0		0	0.0
Player	Tm	Tgt	Rec	Yds	1D	YBC	YBC/R	YAC	YAC/R	BrkTkl	Rec/Br	Drop	Drop%
Tyler Lockett	SEA	18	13	152	10	98	7.5	54	4.2	0		1	5.6
D.K. Metcalf	SEA	9	6	123	4	71	11.8	52	8.7	1	6.0	0	0.0
Jacob Hollister	SEA	6	4	37	3	27	6.8	10	2.5	1	4.0	0	0.0
Chris Carson	SEA	3	2	28	2	4	2.0	24	12.0	0		0	0.0
David Moore	SEA	4	2	18	2	5	2.5	13	6.5	0		0	0.0
Luke Willson	SEA	2	2	20	2	-1	-0.5	21	10.5	1	2.0	0	0.0
Rashaad Penny	SEA	1	0	0	0	0		0		0		0	0.0"
advanced_defense
"Jamel Dean	TAM	0	14	10	71.4%	155	15.5	11.1	3	147.3	10.2	92	63	0	0	0	0.0	0	6	1	14.3%
Vernon Hargreaves	TAM	0	9	7	77.8%	92	13.1	10.2	0	109.3	9.1	46	46	0	0	0	0.0	0	5	1	16.7%
Jordan Whitehead	TAM	0	7	4	57.1%	54	13.5	7.7	1	121.4	12.7	45	9	5	0	0	0.0	0	6	1	14.3%
Andrew Adams	TAM	0	3	3	100.0%	22	7.3	7.3	0	97.2	5.7	17	5	3	0	0	0.0	0	5	1	16.7%
Devin White	TAM	0	3	2	66.7%	19	9.5	6.3	0	84.0	1.0	3	16	21	0	1	0.5	2	12	1	7.7%
Sean Murphy-Bunting	TAM	0	3	2	66.7%	7	3.5	2.3	1	109.7	3.0	5	2	0	0	0	0.0	0	3	1	25.0%
Jason Pierre-Paul	TAM	0	1	1	100.0%	16	16.0	16.0	0	118.7	-1.0	-1	17	0	0	2	0.5	3	4	2	33.3%
Vita Vea	TAM	0	1	1	100.0%	13	13.0	13.0	0	118.7	-3.0	-3	16	0	0	1	0.0	1	3	1	25.0%
Shaquil Barrett	TAM	0	0	0										31	1	1	0.5	3	1	1	50.0%
Lavonte David	TAM	0	1	0	0.0%					39.6	4.0			8	0	0	1.0	1	8	1	11.1%
Beau Allen	TAM	0	0	0										0	0	0	0.5	1	1	0	0.0%
Ndamukong Suh	TAM	0	0	0										0	0	1	0.0	1	3	1	25.0%
Mike Edwards	TAM	0	0	0										1	0	0	0.0	0	1	1	50.0%
Player	Tm	Int	Tgt	Cmp	Cmp%	Yds	Yds/Cmp	Yds/Tgt	TD	Rat	DADOT	Air	YAC	Bltz	Hrry	QBKD	Sk	Prss	Comb	MTkl	MTkl%
Shaquill Griffin	SEA	0	12	7	58.3%	108	15.4	9.0	0	88.2	13.5	82	26	0	0	0	0.0	0	9	2	18.2%
Tre Flowers	SEA	0	8	5	62.5%	63	12.6	7.9	0	87.0	15.3	50	13	0	0	0	0.0	0	6	1	14.3%
Marquise Blair	SEA	0	6	4	66.7%	64	16.0	10.7	2	141.7	7.8	47	17	1	0	0	0.0	0	5	1	16.7%
Jamar Taylor	SEA	0	4	4	100.0%	43	10.8	10.8	0	111.5	4.3	17	26	2	0	0	0.0	0	1	1	50.0%
Bradley McDougald	SEA	0	7	4	57.1%	36	9.0	5.1	0	71.1	14.6	34	2	2	0	0	0.0	0	6	0	0.0%
Bobby Wagner	SEA	0	2	2	100.0%	16	8.0	8.0	0	100.0	4.0	8	8	13	0	0	1.0	1	11	1	8.3%
Mychal Kendricks	SEA	0	1	1	100.0%	2	2.0	2.0	0	79.2	-3.0	-3	5	14	0	0	1.0	1	4	1	20.0%
K.J. Wright	SEA	0	3	1	33.3%	3	3.0	1.0	0	42.4	-1.0	3	0	8	0	0	0.0	0	10	2	16.7%
Al Woods	SEA	0	0	0										0	2	0	0.0	2	1	0	0.0%
Rasheem Green	SEA	0	0	0										0	1	0	0.0	1	0	0	
Poona Ford	SEA	0	0	0										0	0	1	0.0	1	3	0	0.0%
Jadeveon Clowney	SEA	0	0	0										0	0	0	0.0	0	2	1	33.3%
Jarran Reed	SEA	0	0	0										0	0	0	0.0	0	5	1	16.7%"
