advanced_rushing = document.querySelectorAll("#rushing_advanced > tbody")[0].innerText;
advanced_receiving = document.querySelectorAll("#receiving_advanced > tbody")[0].innerText;
advanced_defense = document.querySelectorAll("#defense_advanced > tbody")[0].innerText;
advanced_passing = document.querySelectorAll("#passing_advanced > tbody")[0].innerText;
"Lamar Jackson	BAL	16	25	145	8	30.8	148	5.9	41	2.6	1.6	104	6.5	3	13.0%	2	8.7%	1	7	1	5	0	
Player	Tm	Cmp	Att	Yds	1D	1D%	IAY	IAY/PA	CAY	CAY/Cmp	CAY/PA	YAC	YAC/Cmp	Drops	Drop%	BadTh	Bad%	Sk	Bltz	Hrry	Hits	Scrm	Yds/Scr
Josh Allen	BUF	17	39	146	7	15.6	400	10.3	61	3.6	1.6	85	5.0	3	8.1%	10	27.0%	6	31	3	5	1	7.0"
advanced_rushing
"Mark Ingram	BAL	15	50	2	24	1.6	26	1.7	3	5.0
Lamar Jackson	BAL	11	40	3	33	3.0	7	0.6	1	11.0
Gus Edwards	BAL	4	20	1	11	2.8	9	2.3	2	2.0
Justice Hill	BAL	3	8		2	0.7	6	2.0	0	
Player	Tm	Att	Yds	1D	YBC	YBC/Att	YAC	YAC/Att	BrkTkl	Att/Br
Devin Singletary	BUF	17	89	3	40	2.4	49	2.9	4	4.3
Frank Gore	BUF	4	6		2	0.5	4	1.0	0	
Josh Allen	BUF	2	9	1	7	3.5	2	1.0	0	"
advanced_receiving
"Marquise Brown	BAL	3	3	-2		-13	-4.3	11	3.7	1	3.0	0	0.0
Hayden Hurst	BAL	3	3	73	1	31	10.3	42	14.0	0		0	0.0
Mark Ingram	BAL	3	3	29	2	-8	-2.7	37	12.3	0		0	0.0
Willie Snead	BAL	4	3	13	2	9	3.0	4	1.3	0		0	0.0
Nick Boyle	BAL	3	2	10	1	2	1.0	8	4.0	0		1	33.3
Mark Andrews	BAL	3	1	14	1	12	12.0	2	2.0	0		2	66.7
Seth Roberts	BAL	4	1	8	1	8	8.0	0	0.0	0		0	0.0
Player	Tm	Tgt	Rec	Yds	1D	YBC	YBC/R	YAC	YAC/R	BrkTkl	Rec/Br	Drop	Drop%
Devin Singletary	BUF	8	6	29	1	6	1.0	23	3.8	1	6.0	1	12.5
Cole Beasley	BUF	7	4	29	3	16	4.0	13	3.3	1	4.0	1	14.3
John Brown	BUF	8	3	26	1	19	6.3	7	2.3	1	3.0	0	0.0
Isaiah McKenzie	BUF	5	3	25	1	-2	-0.7	27	9.0	0		0	0.0
Dawson Knox	BUF	4	1	37	1	22	22.0	15	15.0	0		1	25.0
Robert Foster	BUF	4	0	0		0		0		0		0	0.0
Tyler Kroft	BUF	1	0	0		0		0		0		0	0.0"
advanced_defense
"Marcus Peters	BAL	0	9	5	55.6%	31	6.2	3.4	1	99.8	8.7	18	13	0	0	0	0.0	0	4	0	0.0%
Marlon Humphrey	BAL	0	7	3	42.9%	14	4.7	2.0	0	50.3	8.3	4	10	2	0	0	0.0	0	6	1	14.3%
Jimmy Smith	BAL	0	8	3	37.5%	48	16.0	6.0	0	58.3	17.5	18	30	0	0	0	0.0	0	3	0	0.0%
Chuck Clark	BAL	0	4	2	50.0%	40	20.0	10.0	0	85.4	8.3	25	15	13	1	1	0.0	2	6	1	14.3%
Matt Judon	BAL	0	1	1	100.0%	-4	-4.0	-4.0	0	79.2	-5.0	-5	1	21	0	0	1.5	2	5	1	16.7%
Josh Bynes	BAL	0	1	1	100.0%	10	10.0	10.0	0	108.3	4.0	4	6	4	0	1	1.0	2	2	1	33.3%
Earl Thomas	BAL	0	4	1	25.0%	4	4.0	1.0	0	39.6	13.3	3	1	8	0	0	1.0	1	7	0	0.0%
Patrick Onwuasor	BAL	0	3	1	33.3%	3	3.0	1.0	0	42.4	9.0	-6	9	5	0	0	0.0	0	3	0	0.0%
Jaylon Ferguson	BAL	0	0	0										24	0	2	1.0	3	3	0	0.0%
Tyus Bowser	BAL	0	0	0										16	1	1	0.0	2	1	0	0.0%
L.J. Fort	BAL	0	0	0										1	0	0	1.0	1	1	0	0.0%
Jihad Ward	BAL	0	0	0										0	1	0	0.0	1	0	1	100.0%
Michael Pierce	BAL	0	0	0										0	0	0	0.5	1	4	1	20.0%
Chris Wormley	BAL	0	0	0										0	0	0	0.0	0	2	1	33.3%
Brandon Carr	BAL	0	1	0	0.0%					39.6	33.0			2	0	0	0.0	0	1	0	0.0%
Player	Tm	Int	Tgt	Cmp	Cmp%	Yds	Yds/Cmp	Yds/Tgt	TD	Rat	DADOT	Air	YAC	Bltz	Hrry	QBKD	Sk	Prss	Comb	MTkl	MTkl%
Lorenzo Alexander	BUF	0	6	5	83.3%	26	5.2	4.3	0	84.7	0.7	-3	29	3	0	1	0.0	1	7	0	0.0%
Jordan Poyer	BUF	0	5	3	60.0%	78	26.0	15.6	2	143.7	17.2	34	44	0	0	0	0.0	0	10	2	16.7%
Tremaine Edmunds	BUF	1	2	2	100.0%	11	5.5	5.5	1	89.6	4.0	8	3	3	0	0	0.0	0	8	1	11.1%
Shaq Lawson	BUF	0	1	1	100.0%	1	1.0	1.0	0	79.2	-2.0	-2	3	0	1	1	0.0	2	2	1	33.3%
Taron Johnson	BUF	0	1	1	100.0%	7	7.0	7.0	0	95.8	-1.0	-1	8	0	0	0	0.0	0	3	1	25.0%
Levi Wallace	BUF	0	4	1	25.0%	2	2.0	0.5	0	39.6	11.0	1	1	0	0	0	0.0	0	4	0	0.0%
Micah Hyde	BUF	0	2	1	50.0%	8	8.0	4.0	0	60.4	6.5	8	0	0	0	0	0.0	0	7	0	0.0%
Jerry Hughes	BUF	0	0	0										0	0	1	1.0	2	2	1	33.3%
Trent Murphy	BUF	0	0	0										0	0	2	0.0	2	0	0	
Matt Milano	BUF	0	0	0										6	0	0	0.0	0	8	1	11.1%"
