advanced_rushing = document.querySelectorAll("#rushing_advanced > tbody")[0].innerText;
advanced_receiving = document.querySelectorAll("#receiving_advanced > tbody")[0].innerText;
advanced_defense = document.querySelectorAll("#defense_advanced > tbody")[0].innerText;
advanced_passing = document.querySelectorAll("#passing_advanced > tbody")[0].innerText;
"Andy Dalton	CIN	22	38	262	13	32.5	267	7.0	99	4.5	2.6	163	7.4	1	3.0%	7	21.2%	2	12	1	3	1	3.0
Alex Erickson	CIN	1	1	26	1	100.0	23	23.0	23	23.0	23.0	3	3.0	0	0.0%	0	0.0%	0	0	0	0	0	
Player	Tm	Cmp	Att	Yds	1D	1D%	IAY	IAY/PA	CAY	CAY/Cmp	CAY/PA	YAC	YAC/Cmp	Drops	Drop%	BadTh	Bad%	Sk	Bltz	Hrry	Hits	Scrm	Yds/Scr
Baker Mayfield	CLE	11	24	192	9	36.0	230	9.6	67	6.1	2.8	125	11.4	0	0.0%	5	21.7%	1	16	4	3	2	6.5"
advanced_rushing
"Joe Mixon	CIN	23	146	10	74	3.2	72	3.1	4	5.8
Giovani Bernard	CIN	4	15	1	2	0.5	13	3.3	0	
Andy Dalton	CIN	3	11	1	4	1.3	7	2.3	1	3.0
Tyler Boyd	CIN	1	7	0	4	4.0	3	3.0	0	
Player	Tm	Att	Yds	1D	YBC	YBC/Att	YAC	YAC/Att	BrkTkl	Att/Br
Nick Chubb	CLE	15	106	4	13	0.9	93	6.2	4	3.8
Kareem Hunt	CLE	9	28	1	14	1.6	14	1.6	0	
Baker Mayfield	CLE	2	13	2	9	4.5	4	2.0	0	
Garrett Gilbert	CLE	1	-1		-1	-1.0	0	0.0	0	"
advanced_receiving
"Tyler Boyd	CIN	6	5	75	5	36	7.2	39	7.8	0		0	0.0
Alex Erickson	CIN	7	5	45	4	9	1.8	36	7.2	0		0	0.0
Tyler Eifert	CIN	4	4	49	1	25	6.3	24	6.0	0		0	0.0
Joe Mixon	CIN	4	3	40	1	1	0.3	39	13.0	1	3.0	0	0.0
Giovani Bernard	CIN	3	2	31	1	23	11.5	8	4.0	0		0	0.0
John Ross	CIN	3	2	28	1	9	4.5	19	9.5	0		1	33.3
C.J. Uzomah	CIN	2	1	4		4	4.0	0	0.0	0		0	0.0
Auden Tate	CIN	4	1	16	1	15	15.0	1	1.0	0		0	0.0
Stanley Morgan	CIN	1	0	0		0		0		0		0	0.0
Player	Tm	Tgt	Rec	Yds	1D	YBC	YBC/R	YAC	YAC/R	BrkTkl	Rec/Br	Drop	Drop%
Jarvis Landry	CLE	7	4	76	3	24	6.0	52	13.0	0		0	0.0
Kareem Hunt	CLE	2	2	40	2	3	1.5	37	18.5	1	2.0	0	0.0
Odell Beckham	CLE	5	2	39	2	27	13.5	12	6.0	0		0	0.0
David Njoku	CLE	3	1	4		4	4.0	0	0.0	0		0	0.0
Nick Chubb	CLE	1	1	11	1	2	2.0	9	9.0	0		0	0.0
Ricky Seals-Jones	CLE	1	1	22	1	7	7.0	15	15.0	0		0	0.0
KhaDarel Hodge	CLE	1	0	0		0		0		0		0	0.0
Damion Ratley	CLE	1	0	0		0		0		0		0	0.0
Stephen Carlson	CLE	1	0	0		0		0		0		0	0.0"
advanced_defense
"Carl Lawson	CIN	0	3	3	100.0%	50	16.7	16.7	0	118.7	6.3	19	31	4	0	1	1.0	2	5	1	16.7%
Darqueze Dennard	CIN	0	4	2	50.0%	51	25.5	12.8	0	95.8	6.0	8	43	5	1	0	0.0	1	2	1	33.3%
Jessie Bates	CIN	1	5	2	40.0%	49	24.5	9.8	0	36.7	19.0	16	33	1	0	0	0.0	0	2	2	50.0%
Clayton Fejedelem	CIN	0	2	2	100.0%	41	20.5	20.5	0	118.7	15.5	31	10	0	0	0	0.0	0	2	0	0.0%
Carlos Dunlap	CIN	0	1	1	100.0%	11	11.0	11.0	0	112.5	7.0	7	4	2	1	1	0.0	2	5	0	0.0%
Germaine Pratt	CIN	0	2	1	50.0%	5	5.0	2.5	0	56.2	-2.0	-4	9	3	1	0	0.0	1	8	2	20.0%
Nick Vigil	CIN	1	3	1	33.3%	4	4.0	1.3	0	2.8	7.7	4	0	4	0	0	0.0	0	4	3	42.9%
William Jackson	CIN	0	4	1	25.0%	18	18.0	4.5	0	45.8	18.8	16	2	0	0	0	0.0	0	2	0	0.0%
Jordan Evans	CIN	0	2	1	50.0%	4	4.0	2.0	0	56.2	3.5	4	0	0	0	0	0.0	0	1	0	0.0%
Andrew Brown	CIN	0	0	0										0	1	0	0.0	1	1	0	0.0%
Shawn Williams	CIN	0	0	0										7	0	1	0.0	1	7	0	0.0%
B.W. Webb	CIN	0	3	0	0.0%					39.6	13.0			0	0	0	0.0	0	0	0	
Hardy Nickerson	CIN	0	0	0										1	0	0	0.0	0	0	0	
Player	Tm	Int	Tgt	Cmp	Cmp%	Yds	Yds/Cmp	Yds/Tgt	TD	Rat	DADOT	Air	YAC	Bltz	Hrry	QBKD	Sk	Prss	Comb	MTkl	MTkl%
Mack Wilson	CLE	0	8	6	75.0%	90	15.0	11.3	0	111.5	6.1	16	74	4	0	0	0.0	0	6	3	33.3%
Greedy Williams	CLE	0	9	5	55.6%	60	12.0	6.7	0	76.2	9.1	26	34	2	0	0	0.0	0	4	1	20.0%
T.J. Carrie	CLE	0	7	4	57.1%	40	10.0	5.7	0	73.5	11.7	16	24	3	0	0	0.0	0	6	0	0.0%
Denzel Ward	CLE	1	9	4	44.4%	44	11.0	4.9	0	19.9	8.2	19	25	0	0	0	0.0	0	5	2	28.6%
Damarious Randall	CLE	0	3	2	66.7%	20	10.0	6.7	0	85.4	13.3	19	1	0	0	0	0.0	0	5	1	16.7%
Joe Schobert	CLE	0	2	2	100.0%	29	14.5	14.5	0	118.7	8.5	17	12	5	0	0	0.0	0	8	0	0.0%
Sheldrick Redwine	CLE	0	2	1	50.0%	26	26.0	13.0	0	95.8	11.5	23	3	1	0	0	0.0	0	8	1	11.1%
Larry Ogunjobi	CLE	0	0	0										0	0	2	0.5	3	9	1	10.0%
Sheldon Richardson	CLE	0	0	0										0	0	0	1.0	1	7	1	12.5%
Bryan Cox	CLE	0	0	0										3	0	0	0.5	1	1	1	50.0%
Juston Burris	CLE	0	0	0										3	0	1	0.0	1	3	0	0.0%
Chad Thomas	CLE	0	0	0										0	1	0	0.0	1	1	1	50.0%"
