advanced_rushing = document.querySelectorAll("#rushing_advanced > tbody")[0].innerText;
advanced_receiving = document.querySelectorAll("#receiving_advanced > tbody")[0].innerText;
advanced_defense = document.querySelectorAll("#defense_advanced > tbody")[0].innerText;
advanced_passing = document.querySelectorAll("#passing_advanced > tbody")[0].innerText;
"Devlin Hodges	PIT	16	19	152	10	45.5	93	4.9	78	4.9	4.1	74	4.6	0	0.0%	1	5.6%	3	10	2	1	4	8.8
Player	Tm	Cmp	Att	Yds	1D	1D%	IAY	IAY/PA	CAY	CAY/Cmp	CAY/PA	YAC	YAC/Cmp	Drops	Drop%	BadTh	Bad%	Sk	Bltz	Hrry	Hits	Scrm	Yds/Scr
Kyler Murray	ARI	20	30	194	11	31.4	209	7.0	91	4.6	3.0	103	5.2	1	3.6%	4	14.3%	5	9	4	2	3	4.0"
advanced_rushing
"Benny Snell	PIT	16	41	1	5	0.3	36	2.3	2	8.0
Jaylen Samuels	PIT	7	16	1	-3	-0.4	19	2.7	1	7.0
Devlin Hodges	PIT	5	34	2	33	6.6	1	0.2	0	
Kerrith Whyte	PIT	5	41	1	14	2.8	27	5.4	1	5.0
Jordan Berry	PIT	1	-8		-8	-8.0	0	0.0	0	
Diontae Johnson	PIT	1	16	1	15	15.0	1	1.0	0	
Player	Tm	Att	Yds	1D	YBC	YBC/Att	YAC	YAC/Att	BrkTkl	Att/Br
Kenyan Drake	ARI	11	37	3	21	1.9	16	1.5	0	
Kyler Murray	ARI	6	2	0	-10	-1.7	12	2.0	1	6.0
David Johnson	ARI	3	19	1	7	2.3	12	4.0	2	1.5
Chase Edmonds	ARI	1	9	1	9	9.0	0	0.0	0	
Christian Kirk	ARI	1	4	0	2	2.0	2	2.0	0	"
advanced_receiving
"Diontae Johnson	PIT	8	6	60	4	37	6.2	23	3.8	1	6.0	0	0.0
James Washington	PIT	4	4	33	3	20	5.0	13	3.3	0		0	0.0
Jaylen Samuels	PIT	2	2	18	1	-3	-1.5	21	10.5	0		0	0.0
Deon Cain	PIT	1	1	22	1	20	20.0	2	2.0	0		0	0.0
Kerrith Whyte	PIT	1	1	9	1	-2	-2.0	11	11.0	0		0	0.0
Trey Edmunds	PIT	1	1	7		3	3.0	4	4.0	0		0	0.0
Vance McDonald	PIT	1	1	3		3	3.0	0	0.0	0		0	0.0
Player	Tm	Tgt	Rec	Yds	1D	YBC	YBC/R	YAC	YAC/R	BrkTkl	Rec/Br	Drop	Drop%
Christian Kirk	ARI	9	8	85	4	51	6.4	34	4.3	0		0	0.0
Kenyan Drake	ARI	3	3	30	2	-15	-5.0	45	15.0	0		0	0.0
Larry Fitzgerald	ARI	7	3	20	1	4	1.3	16	5.3	0		0	0.0
David Johnson	ARI	2	2	34	2	29	14.5	5	2.5	0		0	0.0
Andy Isabella	ARI	1	1	5		5	5.0	0	0.0	0		0	0.0
Damiere Byrd	ARI	1	1	10	1	8	8.0	2	2.0	0		0	0.0
Pharoh Cooper	ARI	1	1	5		5	5.0	0	0.0	0		0	0.0
Charles Clay	ARI	1	1	5	1	4	4.0	1	1.0	0		0	0.0
Chase Edmonds	ARI	2	0	0	0	0		0		0		1	50.0
Maxx Williams	ARI	1	0	0		0		0		0		0	0.0"
advanced_defense
"Terrell Edmunds	PIT	0	3	3	100.0%	35	11.7	11.7	1	154.9	10.3	31	4	0	0	0	0.0	0	7	0	0.0%
Joe Haden	PIT	2	5	3	60.0%	26	8.7	5.2	1	73.7	10.2	20	6	0	0	0	0.0	0	4	0	0.0%
Steven Nelson	PIT	0	3	2	66.7%	36	18.0	12.0	0	107.6	19.3	36	0	0	0	0	0.0	0	7	0	0.0%
Mike Hilton	PIT	0	3	2	66.7%	19	9.5	6.3	0	84.0	3.0	15	4	3	0	0	0.0	0	5	0	0.0%
T.J. Watt	PIT	1	2	1	50.0%	7	7.0	3.5	0	18.7	0.0	-6	13	5	2	1	0.0	3	2	0	0.0%
Tyson Alualu	PIT	0	1	1	100.0%	18	18.0	18.0	0	118.7	-6.0	-6	24	0	0	1	0.0	1	1	0	0.0%
Devin Bush	PIT	0	1	1	100.0%	10	10.0	10.0	0	108.3	5.0	5	5	3	1	0	0.0	1	2	0	0.0%
Vince Williams	PIT	0	2	1	50.0%	10	10.0	5.0	0	64.6	2.5	-1	11	0	0	0	1.0	1	4	1	20.0%
Bud Dupree	PIT	0	1	1	100.0%	9	9.0	9.0	0	104.2	-3.0	-3	12	8	0	0	1.0	1	5	2	28.6%
Mark Barron	PIT	0	2	1	50.0%	10	10.0	5.0	0	64.6	6.0	8	2	3	0	0	1.0	1	7	0	0.0%
Cameron Sutton	PIT	0	2	1	50.0%	5	5.0	2.5	0	56.2	9.5	5	0	0	0	0	0.0	0	1	0	0.0%
Cameron Heyward	PIT	0	0	0										0	1	0	1.0	2	3	1	25.0%
Javon Hargrave	PIT	0	0	0										0	0	0	0.0	0	2	2	50.0%
Tyler Matakevich	PIT	0	0	0										0	0	0	0.0	0	0	1	100.0%
Player	Tm	Int	Tgt	Cmp	Cmp%	Yds	Yds/Cmp	Yds/Tgt	TD	Rat	DADOT	Air	YAC	Bltz	Hrry	QBKD	Sk	Prss	Comb	MTkl	MTkl%
Patrick Peterson	ARI	0	6	5	83.3%	47	9.4	7.8	0	99.3	3.3	24	23	0	0	0	0.0	0	5	1	16.7%
Byron Murphy	ARI	0	3	3	100.0%	32	10.7	10.7	1	150.7	9.3	28	4	0	0	0	0.0	0	4	0	0.0%
Joe Walker	ARI	0	3	3	100.0%	14	4.7	4.7	0	86.1	0.7	2	12	3	0	0	0.0	0	7	3	30.0%
Jordan Hicks	ARI	0	2	2	100.0%	12	6.0	6.0	0	91.7	-1.0	-2	14	3	0	0	0.0	0	5	2	28.6%
Budda Baker	ARI	0	1	1	100.0%	12	12.0	12.0	0	116.7	8.0	8	4	1	0	0	0.0	0	8	0	0.0%
Rodney Gunter	ARI	0	0	0										0	0	1	1.0	2	1	0	0.0%
Chandler Jones	ARI	0	0	0										7	1	0	1.0	2	5	0	0.0%
Tanner Vallejo	ARI	0	0	0										1	0	0	1.0	1	5	0	0.0%
Cassius Marsh	ARI	0	0	0										1	0	0	0.0	0	1	2	66.7%
Jalen Thompson	ARI	0	0	0										0	0	0	0.0	0	5	1	16.7%
Terrell Suggs	ARI	0	0	0										8	0	0	0.0	0	0	2	100.0%
Corey Peters	ARI	0	0	0										0	0	0	0.0	0	2	1	33.3%"
