advanced_rushing = document.querySelectorAll("#rushing_advanced > tbody")[0].innerText;
advanced_receiving = document.querySelectorAll("#receiving_advanced > tbody")[0].innerText;
advanced_defense = document.querySelectorAll("#defense_advanced > tbody")[0].innerText;
advanced_passing = document.querySelectorAll("#passing_advanced > tbody")[0].innerText;
"Philip Rivers	LAC	16	22	314	9	39.1	231	10.5	104	6.5	4.7	210	13.1	1	4.8%	2	9.5%	1	4	0	6	0	
Tyrod Taylor	LAC	3	5	26	2	40.0	25	5.0	7	2.3	1.4	19	6.3	1	20.0%	1	20.0%	0	0	0	0	0	
Player	Tm	Cmp	Att	Yds	1D	1D%	IAY	IAY/PA	CAY	CAY/Cmp	CAY/PA	YAC	YAC/Cmp	Drops	Drop%	BadTh	Bad%	Sk	Bltz	Hrry	Hits	Scrm	Yds/Scr
Gardner Minshew	JAX	24	37	162	5	12.8	203	5.5	93	3.9	2.5	69	2.9	1	2.8%	8	22.2%	2	9	3	2	6	5.2
Logan Cooke	JAX	1	1	9	1	100.0	6	6.0	6	6.0	6.0	3	3.0	0	0.0%	0	0.0%	0	0	0	0	0	"
advanced_rushing
"Melvin Gordon	LAC	12	55	4	25	2.1	30	2.5	0	
Austin Ekeler	LAC	8	101	4	38	4.8	63	7.9	2	4.0
Tyrod Taylor	LAC	4	10	1	9	2.3	1	0.3	0	
Justin Jackson	LAC	3	25	2	18	6.0	7	2.3	0	
Derek Watt	LAC	2	4	2	1	0.5	3	1.5	0	
Philip Rivers	LAC	1	0	0	0	0.0	0	0.0	0	
Player	Tm	Att	Yds	1D	YBC	YBC/Att	YAC	YAC/Att	BrkTkl	Att/Br
Leonard Fournette	JAX	15	50	4	14	0.9	36	2.4	1	15.0
Gardner Minshew	JAX	6	31	2	17	2.8	14	2.3	0	
Ryquell Armstead	JAX	2	7		0	0.0	7	3.5	0	"
advanced_receiving
"Keenan Allen	LAC	6	5	83	3	28	5.6	55	11.0	0		0	0.0
Melvin Gordon	LAC	5	5	29	1	-13	-2.6	42	8.4	1	5.0	0	0.0
Austin Ekeler	LAC	5	4	112	3	2	0.5	110	27.5	0		1	20.0
Hunter Henry	LAC	4	2	39	1	26	13.0	13	6.5	0		1	25.0
Mike Williams	LAC	3	2	63	2	55	27.5	8	4.0	0		0	0.0
Virgil Green	LAC	1	1	14	1	13	13.0	1	1.0	0		0	0.0
Jalen Guyton	LAC	2	0	0		0		0		0		0	0.0
Player	Tm	Tgt	Rec	Yds	1D	YBC	YBC/R	YAC	YAC/R	BrkTkl	Rec/Br	Drop	Drop%
DJ Chark	JAX	10	9	75	3	57	6.3	18	2.0	1	9.0	0	0.0
Dede Westbrook	JAX	7	6	25		9	1.5	16	2.7	0		0	0.0
Nick O'Leary	JAX	5	4	30	1	24	6.0	6	1.5	0		0	0.0
Leonard Fournette	JAX	6	3	13	0	-5	-1.7	18	6.0	0		1	16.7
Keelan Cole	JAX	3	1	12	1	3	3.0	9	9.0	0		0	0.0
Chris Conley	JAX	3	1	7		7	7.0	0	0.0	0		0	0.0
Michael Walker	JAX	1	1	9	1	6	6.0	3	3.0	0		0	0.0
Ryquell Armstead	JAX	2	0	0		0		0		0		0	0.0"
advanced_defense
"Desmond King	LAC	0	6	6	100.0%	51	8.5	8.5	0	102.1	5.2	31	20	1	0	0	0.0	0	3	0	0.0%
Drue Tranquill	LAC	0	8	5	62.5%	31	6.2	3.9	0	70.3	4.0	25	6	4	0	0	0.0	0	8	0	0.0%
Brandon Facyson	LAC	0	6	4	66.7%	34	8.5	5.7	0	81.2	13.8	27	7	0	0	0	0.0	0	5	1	16.7%
Thomas Davis	LAC	0	4	3	75.0%	9	3.0	2.3	0	77.1	-0.8	0	9	0	0	0	0.0	0	6	0	0.0%
Derwin James	LAC	0	3	2	66.7%	5	2.5	1.7	0	70.1	3.3	5	0	9	1	0	0.0	1	6	1	14.3%
Adrian Phillips	LAC	0	3	2	66.7%	12	6.0	4.0	0	74.3	3.0	7	5	0	0	0	0.0	0	4	0	0.0%
Casey Hayward	LAC	0	4	2	50.0%	9	4.5	2.3	0	56.2	5.8	5	4	0	0	0	0.0	0	3	0	0.0%
Jalen Guyton	LAC	0	1	1	100.0%	9	9.0	9.0	0	104.2	6.0	6	3	0	0	0	0.0	0	1	0	0.0%
Jaylen Watkins	LAC	0	1	1	100.0%	7	7.0	7.0	0	95.8	3.0	3	4	0	0	0	0.0	0	1	0	0.0%
Joey Bosa	LAC	0	0	0										0	1	1	2.0	4	4	0	0.0%
Uchenna Nwosu	LAC	0	0	0										0	0	1	0.0	1	0	0	
Rayshawn Jenkins	LAC	0	1	0	0.0%					39.6	23.0			2	1	0	0.0	1	3	0	0.0%
Damion Square	LAC	0	0	0										0	1	0	0.0	1	1	0	0.0%
Brandon Mebane	LAC	0	0	0										0	1	0	0.0	1	1	1	50.0%
Melvin Ingram	LAC	0	0	0										0	1	0	0.0	1	5	1	16.7%
Justin Jones	LAC	0	0	0										0	1	0	0.0	1	1	1	50.0%
Sylvester Williams	LAC	0	0	0										0	1	0	0.0	1	2	0	0.0%
Player	Tm	Int	Tgt	Cmp	Cmp%	Yds	Yds/Cmp	Yds/Tgt	TD	Rat	DADOT	Air	YAC	Bltz	Hrry	QBKD	Sk	Prss	Comb	MTkl	MTkl%
Donald Payne	JAX	0	10	9	90.0%	171	19.0	17.1	2	158.3	3.9	18	153	1	0	0	0.0	0	15	0	0.0%
Quincy Williams	JAX	0	3	2	66.7%	14	7.0	4.7	0	77.1	10.0	4	10	0	0	0	0.0	0	6	1	14.3%
A.J. Bouye	JAX	0	3	2	66.7%	24	12.0	8.0	0	91.0	7.7	16	8	0	0	0	0.0	0	2	0	0.0%
Andrew Wingard	JAX	0	1	1	100.0%	30	30.0	30.0	1	158.3	23.0	23	7	1	0	1	0.0	1	4	1	20.0%
Tre Herndon	JAX	0	4	1	25.0%	44	44.0	11.0	1	112.5	33.5	43	1	0	0	0	0.0	0	1	2	66.7%
Jarrod Wilson	JAX	0	2	1	50.0%	45	45.0	22.5	0	95.8	32.5	12	33	1	0	0	0.0	0	4	0	0.0%
D.J. Hayden	JAX	0	1	1	100.0%	-2	-2.0	-2.0	0	79.2	-5.0	-5	3	1	0	0	0.0	0	1	0	0.0%
Yannick Ngakoue	JAX	0	0	0										0	0	3	0.0	3	4	0	0.0%
Calais Campbell	JAX	0	0	0										0	0	0	1.0	1	2	0	0.0%
Josh Allen	JAX	0	0	0										0	0	1	0.0	1	2	1	33.3%
Taven Bryan	JAX	0	0	0										0	0	1	0.0	1	1	0	0.0%
Austin Calitro	JAX	0	1	0	0.0%					39.6	-4.0			0	0	0	0.0	0	4	0	0.0%"
