advanced_rushing = document.querySelectorAll("#rushing_advanced > tbody")[0].innerText;
advanced_receiving = document.querySelectorAll("#receiving_advanced > tbody")[0].innerText;
advanced_defense = document.querySelectorAll("#defense_advanced > tbody")[0].innerText;
advanced_passing = document.querySelectorAll("#passing_advanced > tbody")[0].innerText;
"David Blough	DET	24	40	205	12	26.7	267	6.7	149	6.2	3.7	56	2.3	2	5.3%	9	23.7%	5	10	4	3	0	
Player	Tm	Cmp	Att	Yds	1D	1D%	IAY	IAY/PA	CAY	CAY/Cmp	CAY/PA	YAC	YAC/Cmp	Drops	Drop%	BadTh	Bad%	Sk	Bltz	Hrry	Hits	Scrm	Yds/Scr
Kirk Cousins	MIN	24	30	242	14	45.2	214	7.1	130	5.4	4.3	112	4.7	0	0.0%	5	16.7%	1	6	4	2	0	"
advanced_rushing
"Bo Scarbrough	DET	19	65	2	29	1.5	36	1.9	1	19.0
Ty Johnson	DET	2	3		2	1.0	1	0.5	0	
J.D. McKissic	DET	1	2		2	2.0	0	0.0	0	
Player	Tm	Att	Yds	1D	YBC	YBC/Att	YAC	YAC/Att	BrkTkl	Att/Br
Dalvin Cook	MIN	18	62	3	25	1.4	37	2.1	0	
Alexander Mattison	MIN	14	46	2	20	1.4	26	1.9	1	14.0
Mike Boone	MIN	5	13		5	1.0	8	1.6	1	5.0
Kirk Cousins	MIN	1	-1	0	-1	-1.0	0	0.0	0	
C.J. Ham	MIN	1	0	0	0	0.0	0	0.0	0	"
advanced_receiving
"Kenny Golladay	DET	8	6	58	3	53	8.8	5	0.8	0		0	0.0
Danny Amendola	DET	8	5	34	4	27	5.4	7	1.4	0		2	25.0
J.D. McKissic	DET	4	4	16		4	1.0	12	3.0	0		0	0.0
Marvin Jones	DET	7	3	38	2	34	11.3	4	1.3	0		0	0.0
Logan Thomas	DET	4	2	21	2	17	8.5	4	2.0	0		0	0.0
Bo Scarbrough	DET	3	1	5	0	-3	-3.0	8	8.0	0		0	0.0
Jesse James	DET	2	1	23	1	18	18.0	5	5.0	0		0	0.0
Isaac Nauta	DET	1	1	3		2	2.0	1	1.0	0		0	0.0
Ty Johnson	DET	1	1	7		-3	-3.0	10	10.0	0		0	0.0
Player	Tm	Tgt	Rec	Yds	1D	YBC	YBC/R	YAC	YAC/R	BrkTkl	Rec/Br	Drop	Drop%
Stefon Diggs	MIN	9	6	92	5	79	13.2	13	2.2	0		0	0.0
Tyler Conklin	MIN	3	3	13	1	0	0.0	13	4.3	0		0	0.0
Irv Smith	MIN	4	3	21	1	9	3.0	12	4.0	0		0	0.0
Laquon Treadwell	MIN	2	2	42	2	24	12.0	18	9.0	1	2.0	0	0.0
Kyle Rudolph	MIN	2	2	11	1	4	2.0	7	3.5	0		0	0.0
Alexander Mattison	MIN	2	2	18	1	-1	-0.5	19	9.5	0		0	0.0
Dalvin Cook	MIN	2	2	13	1	1	0.5	12	6.0	0		0	0.0
Olabisi Johnson	MIN	1	1	9	1	9	9.0	0	0.0	0		0	0.0
C.J. Ham	MIN	1	1	25	1	4	4.0	21	21.0	0		0	0.0
Garrett Bradbury	MIN	1	1	-4		0	0.0	-4	-4.0	0		0	0.0
Ameer Abdullah	MIN	1	1	2		1	1.0	1	1.0	0		0	0.0
Alexander Hollins	MIN	1	0	0		0		0		0		0	0.0"
advanced_defense
"Darius Slay	DET	0	8	6	75.0%	89	14.8	11.1	0	110.9	15.4	75	14	0	0	0	0.0	0	4	1	20.0%
Jahlani Tavai	DET	0	5	5	100.0%	35	7.0	7.0	0	95.8	-0.4	-2	37	0	0	0	0.0	0	10	1	9.1%
Tavon Wilson	DET	0	3	3	100.0%	17	5.7	5.7	0	90.3	2.0	6	11	3	0	1	0.0	1	11	2	15.4%
Devon Kennard	DET	0	3	2	66.7%	10	5.0	3.3	0	71.5	2.0	3	7	1	0	0	0.0	0	6	2	25.0%
Jarrad Davis	DET	0	1	1	100.0%	25	25.0	25.0	0	118.7	4.0	4	21	1	1	0	0.0	1	1	0	0.0%
Justin Coleman	DET	0	2	1	50.0%	6	6.0	3.0	0	56.2	16.5	6	0	2	1	0	0.0	1	1	0	0.0%
Tracy Walker	DET	0	1	1	100.0%	13	13.0	13.0	0	118.7	10.0	10	3	0	0	0	0.0	0	13	1	7.1%
Romeo Okwara	DET	0	2	1	50.0%	5	5.0	2.5	0	56.2	8.0	5	0	0	0	0	0.0	0	2	0	0.0%
Christian Jones	DET	0	1	1	100.0%	1	1.0	1.0	0	79.2	-4.0	-4	5	1	0	0	0.0	0	4	2	33.3%
Trey Flowers	DET	0	0	0										0	0	1	1.0	2	3	1	25.0%
Mike Daniels	DET	0	0	0										0	1	0	0.0	1	6	0	0.0%
John Atkins	DET	0	0	0										0	1	0	0.0	1	3	0	0.0%
Damon Harrison	DET	0	0	0										0	0	0	0.0	0	3	1	25.0%
Player	Tm	Int	Tgt	Cmp	Cmp%	Yds	Yds/Cmp	Yds/Tgt	TD	Rat	DADOT	Air	YAC	Bltz	Hrry	QBKD	Sk	Prss	Comb	MTkl	MTkl%
Trae Waynes	MIN	0	10	8	80.0%	63	7.9	6.3	1	126.2	5.4	48	15	0	0	0	0.0	0	8	0	0.0%
Mackensie Alexander	MIN	0	7	5	71.4%	34	6.8	4.9	0	81.8	5.3	22	12	1	0	0	0.0	0	4	0	0.0%
Holton Hill	MIN	0	3	3	100.0%	28	9.3	9.3	0	105.6	8.0	24	4	0	0	0	0.0	0	4	0	0.0%
Eric Kendricks	MIN	0	5	2	40.0%	33	16.5	6.6	0	62.9	6.8	28	5	5	1	0	0.0	1	7	0	0.0%
Mike Hughes	MIN	0	3	2	66.7%	22	11.0	7.3	0	88.2	9.0	22	0	0	0	0	0.0	0	3	0	0.0%
Eric Wilson	MIN	0	2	1	50.0%	11	11.0	5.5	0	66.7	2.5	7	4	1	0	0	0.0	0	1	0	0.0%
Harrison Smith	MIN	1	2	1	50.0%	3	3.0	1.5	0	16.7	1.5	1	2	1	0	0	0.0	0	3	0	0.0%
Anthony Barr	MIN	0	1	1	100.0%	4	4.0	4.0	0	83.3	0.0	0	4	7	0	0	0.0	0	4	0	0.0%
Stephen Weatherly	MIN	0	1	1	100.0%	7	7.0	7.0	0	95.8	-3.0	-3	10	0	0	0	0.0	0	2	0	0.0%
Danielle Hunter	MIN	0	0	0										0	1	0	3.0	4	8	0	0.0%
Everson Griffen	MIN	0	0	0										0	0	1	1.0	2	2	0	0.0%
Ifeadi Odenigbo	MIN	0	0	0										0	1	1	0.0	2	2	0	0.0%
Jaleel Johnson	MIN	0	0	0										0	0	1	1.0	2	3	0	0.0%
Linval Joseph	MIN	0	0	0										0	1	0	0.0	1	4	1	20.0%
Kentrell Brothers	MIN	0	1	0	0.0%					39.6	21.0			0	0	0	0.0	0	0	0	
Anthony Harris	MIN	0	1	0	0.0%					39.6	18.0			0	0	0	0.0	0	1	0	0.0%"
