advanced_rushing = document.querySelectorAll("#rushing_advanced > tbody")[0].innerText;
advanced_receiving = document.querySelectorAll("#receiving_advanced > tbody")[0].innerText;
advanced_defense = document.querySelectorAll("#defense_advanced > tbody")[0].innerText;
advanced_passing = document.querySelectorAll("#passing_advanced > tbody")[0].innerText;
"Jimmy Garoppolo	SFO	26	35	349	14	36.8	216	6.2	172	6.6	4.9	177	6.8	4	11.8%	2	5.9%	3	17	0	2	1	2.0
Emmanuel Sanders	SFO	1	1	35	1	100.0	22	22.0	22	22.0	22.0	13	13.0	0	0.0%	0	0.0%	0	0	0	0	0	
Player	Tm	Cmp	Att	Yds	1D	1D%	IAY	IAY/PA	CAY	CAY/Cmp	CAY/PA	YAC	YAC/Cmp	Drops	Drop%	BadTh	Bad%	Sk	Bltz	Hrry	Hits	Scrm	Yds/Scr
Drew Brees	NOR	29	40	349	17	42.5	215	5.4	154	5.3	3.9	195	6.7	2	5.1%	2	5.1%	0	14	1	0	0	
Taysom Hill	NOR	0	1	0	0	0.0	35	35.0	0		0.0	0		0	0.0%	0	0.0%	0	0	0	0	1	6.0"
advanced_rushing
"Raheem Mostert	SFO	10	69	3	56	5.6	13	1.3	0	
Matt Breida	SFO	6	54	2	45	7.5	9	1.5	0	
Tevin Coleman	SFO	3	6		2	0.7	4	1.3	0	
Jimmy Garoppolo	SFO	2	1	1	1	0.5	0	0.0	0	
Deebo Samuel	SFO	2	33	1	26	13.0	7	3.5	0	
Richie James	SFO	1	-1		-1	-1.0	0	0.0	0	
Player	Tm	Att	Yds	1D	YBC	YBC/Att	YAC	YAC/Att	BrkTkl	Att/Br
Alvin Kamara	NOR	13	25	1	9	0.7	16	1.2	0	
Latavius Murray	NOR	7	69	5	47	6.7	22	3.1	0	
Taysom Hill	NOR	5	13	1	1	0.2	12	2.4	0	
Drew Brees	NOR	1	1	1	1	1.0	0	0.0	0	
Deonte Harris	NOR	1	8	1	8	8.0	0	0.0	0	"
advanced_receiving
"Emmanuel Sanders	SFO	9	7	157	4	102	14.6	55	7.9	0		1	11.1
George Kittle	SFO	8	6	67	3	3	0.5	64	10.7	1	6.0	1	12.5
Deebo Samuel	SFO	8	5	76	3	40	8.0	36	7.2	0		2	25.0
Kendrick Bourne	SFO	4	3	18	3	17	5.7	1	0.3	0		0	0.0
Kyle Juszczyk	SFO	3	3	22	1	5	1.7	17	5.7	0		0	0.0
Raheem Mostert	SFO	2	2	40	1	24	12.0	16	8.0	0		0	0.0
Matt Breida	SFO	1	1	4	0	3	3.0	1	1.0	0		0	0.0
Player	Tm	Tgt	Rec	Yds	1D	YBC	YBC/R	YAC	YAC/R	BrkTkl	Rec/Br	Drop	Drop%
Michael Thomas	NOR	15	11	134	4	84	7.6	50	4.5	1	11.0	1	6.7
Ted Ginn	NOR	6	4	50	3	34	8.5	16	4.0	0		1	16.7
Alvin Kamara	NOR	6	4	18	2	-2	-0.5	20	5.0	1	4.0	0	0.0
Jared Cook	NOR	2	2	64	2	44	22.0	20	10.0	0		0	0.0
Josh Hill	NOR	3	2	4	1	0	0.0	4	2.0	0		0	0.0
Latavius Murray	NOR	3	2	25	1	-7	-3.5	32	16.0	0		0	0.0
Tre'Quan Smith	NOR	4	2	29	2	4	2.0	25	12.5	1	2.0	0	0.0
Deonte Harris	NOR	1	1	13	1	-3	-3.0	16	16.0	0		0	0.0
Taysom Hill	NOR	1	1	12	1	0	0.0	12	12.0	0		0	0.0"
advanced_defense
"Ahkello Witherspoon	SFO	0	10	6	60.0%	68	11.3	6.8	1	113.7	7.0	20	48	0	0	0	0.0	0	5	3	37.5%
Richard Sherman	SFO	0	7	6	85.7%	51	8.5	7.3	0	97.0	9.1	46	5	1	0	0	0.0	0	7	1	12.5%
Fred Warner	SFO	0	7	4	57.1%	60	15.0	8.6	1	125.0	0.1	1	59	2	1	0	0.0	1	3	3	50.0%
Marcell Harris	SFO	0	2	2	100.0%	13	6.5	6.5	1	133.3	5.5	11	2	0	0	0	0.0	0	6	4	40.0%
K'Waun Williams	SFO	0	3	2	66.7%	44	22.0	14.7	0	109.7	4.7	15	29	0	0	0	0.0	0	4	0	0.0%
Jimmie Ward	SFO	0	2	2	100.0%	39	19.5	19.5	1	158.3	8.5	17	22	1	0	0	0.0	0	7	0	0.0%
Dre Greenlaw	SFO	0	2	2	100.0%	6	3.0	3.0	0	79.2	2.0	5	1	8	0	0	0.0	0	7	1	12.5%
D.J. Reed	SFO	0	1	1	100.0%	5	5.0	5.0	0	87.5	4.0	4	1	1	0	0	0.0	0	1	0	0.0%
DeForest Buckner	SFO	0	1	1	100.0%	-5	-5.0	-5.0	0	79.2	-6.0	-6	1	0	0	0	0.0	0	4	0	0.0%
Emmanuel Moseley	SFO	0	1	1	100.0%	5	5.0	5.0	0	87.5	5.0	5	0	2	0	0	0.0	0	4	1	20.0%
Sheldon Day	SFO	0	0	0										0	1	0	0.0	1	1	0	0.0%
Nick Bosa	SFO	0	1	0	0.0%					39.6	-5.0			0	0	0	0.0	0	2	0	0.0%
Tarvarius Moore	SFO	0	1	0	0.0%					39.6	35.0			0	0	0	0.0	0	0	0	
Arik Armstead	SFO	0	0	0										0	0	0	0.0	0	4	1	20.0%
Player	Tm	Int	Tgt	Cmp	Cmp%	Yds	Yds/Cmp	Yds/Tgt	TD	Rat	DADOT	Air	YAC	Bltz	Hrry	QBKD	Sk	Prss	Comb	MTkl	MTkl%
Eli Apple	NOR	0	8	7	87.5%	132	18.9	16.5	0	118.7	11.6	88	44	0	0	0	0.0	0	4	1	20.0%
P.J. Williams	NOR	0	5	5	100.0%	28	5.6	5.6	1	129.6	1.0	5	23	2	0	0	0.0	0	3	1	25.0%
Craig Robertson	NOR	1	6	5	83.3%	42	8.4	7.0	1	95.8	4.8	17	25	5	0	0	0.0	0	8	3	27.3%
Marshon Lattimore	NOR	0	6	2	33.3%	13	6.5	2.2	1	81.9	2.8	11	2	0	0	0	0.0	0	4	1	20.0%
Chauncey Gardner-Johnson	NOR	0	3	2	66.7%	41	20.5	13.7	0	109.7	3.7	4	37	2	0	0	0.0	0	3	0	0.0%
Demario Davis	NOR	0	1	1	100.0%	5	5.0	5.0	0	87.5	2.0	2	3	9	0	1	1.0	2	7	0	0.0%
Vonn Bell	NOR	0	1	1	100.0%	15	15.0	15.0	0	118.7	1.0	1	14	6	0	0	1.0	1	12	3	20.0%
Marcus Davenport	NOR	0	1	1	100.0%	-7	-7.0	-7.0	0	79.2	-7.0	-7	0	0	0	0	0.0	0	1	0	0.0%
Marcus Williams	NOR	0	2	1	50.0%	75	75.0	37.5	1	135.4	27.0	49	26	1	0	0	0.0	0	4	1	20.0%
Mario Edwards	NOR	0	0	0										0	0	0	1.0	1	1	0	0.0%
Shy Tuttle	NOR	0	0	0										0	0	1	0.0	1	2	0	0.0%
Cameron Jordan	NOR	0	0	0										0	0	0	0.0	0	2	1	33.3%"
