advanced_rushing = document.querySelectorAll("#rushing_advanced > tbody")[0].innerText;
advanced_receiving = document.querySelectorAll("#receiving_advanced > tbody")[0].innerText;
advanced_defense = document.querySelectorAll("#defense_advanced > tbody")[0].innerText;
advanced_passing = document.querySelectorAll("#passing_advanced > tbody")[0].innerText;
"Patrick Mahomes	KAN	26	40	283	13	31.7	219	5.5	102	3.9	2.6	181	7.0	2	5.3%	8	21.1%	1	6	2	5	3	3.0
Player	Tm	Cmp	Att	Yds	1D	1D%	IAY	IAY/PA	CAY	CAY/Cmp	CAY/PA	YAC	YAC/Cmp	Drops	Drop%	BadTh	Bad%	Sk	Bltz	Hrry	Hits	Scrm	Yds/Scr
Tom Brady	NWE	19	36	169	7	17.9	249	6.9	88	4.6	2.4	81	4.3	3	9.1%	9	27.3%	3	17	6	3	1	17.0
James White	NWE	1	1	35	1	100.0	8	8.0	8	8.0	8.0	27	27.0	0	0.0%	0	0.0%	0	0	0	0	0	"
advanced_rushing
"LeSean McCoy	KAN	11	39	1	17	1.5	22	2.0	0	
Patrick Mahomes	KAN	6	6	0	4	0.7	2	0.3	0	
Spencer Ware	KAN	5	11	1	-1	-0.2	12	2.4	0	
Darwin Thompson	KAN	4	7	0	3	0.8	4	1.0	0	
Tyreek Hill	KAN	2	8	0	-1	-0.5	9	4.5	0	
Travis Kelce	KAN	1	4	1	3	3.0	1	1.0	0	
Player	Tm	Att	Yds	1D	YBC	YBC/Att	YAC	YAC/Att	BrkTkl	Att/Br
Rex Burkhead	NWE	7	15	1	-1	-0.1	16	2.3	0	
James White	NWE	6	33	1	9	1.5	24	4.0	0	
Sony Michel	NWE	5	8	1	2	0.4	6	1.2	0	
Tom Brady	NWE	2	20	2	17	8.5	3	1.5	0	
Brandon Bolden	NWE	1	10	1	7	7.0	3	3.0	0	
Julian Edelman	NWE	1	8	0	5	5.0	3	3.0	0	"
advanced_receiving
"Travis Kelce	KAN	9	7	66	3	29	4.1	37	5.3	0		0	0.0
Tyreek Hill	KAN	8	6	62	3	21	3.5	41	6.8	0		0	0.0
Sammy Watkins	KAN	8	4	50	3	34	8.5	16	4.0	0		0	0.0
Darwin Thompson	KAN	5	4	36	2	-10	-2.5	46	11.5	0		1	20.0
Mecole Hardman	KAN	1	1	48	1	32	32.0	16	16.0	0		0	0.0
LeSean McCoy	KAN	3	1	4	0	-2	-2.0	6	6.0	0		1	33.3
Spencer Ware	KAN	2	1	-9	0	-7	-7.0	-2	-2.0	0		0	0.0
Byron Pringle	KAN	1	1	14	1	1	1.0	13	13.0	0		0	0.0
Demarcus Robinson	KAN	2	1	12		4	4.0	8	8.0	0		0	0.0
Player	Tm	Tgt	Rec	Yds	1D	YBC	YBC/R	YAC	YAC/R	BrkTkl	Rec/Br	Drop	Drop%
Julian Edelman	NWE	12	8	95	4	66	8.3	29	3.6	0		1	8.3
James White	NWE	7	5	27	1	-2	-0.4	29	5.8	0		1	14.3
Matt LaCosse	NWE	4	2	14		14	7.0	0	0.0	0		0	0.0
Jakobi Meyers	NWE	3	1	35	1	8	8.0	27	27.0	0		1	33.3
Ben Watson	NWE	3	1	7		2	2.0	5	5.0	0		0	0.0
Mohamed Sanu	NWE	1	1	13	1	10	10.0	3	3.0	0		0	0.0
Sony Michel	NWE	1	1	1	0	-1	-1.0	2	2.0	0		0	0.0
N'Keal Harry	NWE	1	1	12	1	-1	-1.0	13	13.0	0		0	0.0
Rex Burkhead	NWE	1	0	0	0	0		0		0		0	0.0
Phillip Dorsett	NWE	2	0	0		0		0		0		0	0.0"
advanced_defense
"Bashaud Breeland	KAN	1	7	3	42.9%	75	25.0	10.7	1	82.4	13.0	45	30	0	0	0	0.0	0	3	0	0.0%
Tyrann Mathieu	KAN	0	4	3	75.0%	17	5.7	4.3	0	82.3	4.5	14	3	3	0	0	0.0	0	6	1	14.3%
Anthony Hitchens	KAN	0	3	2	66.7%	15	7.5	5.0	0	78.5	4.3	10	5	7	0	0	0.0	0	3	1	25.0%
Juan Thornhill	KAN	0	4	2	50.0%	19	9.5	4.8	0	63.5	5.8	10	9	3	0	0	0.0	0	4	1	20.0%
Frank Clark	KAN	0	1	1	100.0%	12	12.0	12.0	0	116.7	-1.0	-1	13	0	1	0	1.0	2	4	0	0.0%
Daniel Sorensen	KAN	0	2	1	50.0%	17	17.0	8.5	0	79.2	4.5	3	14	4	0	1	0.0	1	2	1	33.3%
Reggie Ragland	KAN	0	2	1	50.0%	1	1.0	0.5	0	56.2	1.5	-1	2	1	0	1	0.0	1	2	0	0.0%
Alex Okafor	KAN	0	2	1	50.0%	5	5.0	2.5	0	56.2	3.5	5	0	0	0	0	1.0	1	2	0	0.0%
Ben Niemann	KAN	0	1	1	100.0%	5	5.0	5.0	0	87.5	4.0	4	1	4	0	0	0.0	0	2	0	0.0%
Charvarius Ward	KAN	0	4	1	25.0%	13	13.0	3.3	0	40.6	8.8	10	3	0	0	0	0.0	0	1	0	0.0%
Tanoh Kpassagnon	KAN	0	0	0										0	1	1	0.0	2	2	0	0.0%
Chris Jones	KAN	0	0	0										0	1	0	1.0	2	3	0	0.0%
Kendall Fuller	KAN	0	2	0	0.0%					39.6	30.0			4	1	0	0.0	1	2	0	0.0%
Mike Pennel	KAN	0	0	0										0	1	0	0.0	1	3	0	0.0%
Derrick Nnadi	KAN	0	0	0										0	1	0	0.0	1	3	0	0.0%
Damien Wilson	KAN	0	0	0										1	0	0	0.0	0	6	0	0.0%
Player	Tm	Int	Tgt	Cmp	Cmp%	Yds	Yds/Cmp	Yds/Tgt	TD	Rat	DADOT	Air	YAC	Bltz	Hrry	QBKD	Sk	Prss	Comb	MTkl	MTkl%
Jonathan Jones	NWE	0	8	6	75.0%	102	17.0	12.8	1	156.2	12.9	62	40	0	0	0	0.0	0	5	2	28.6%
Devin McCourty	NWE	0	4	4	100.0%	16	4.0	4.0	0	83.3	3.5	14	2	0	0	0	0.0	0	7	0	0.0%
Stephon Gilmore	NWE	0	6	2	33.3%	13	6.5	2.2	0	42.4	7.2	10	3	0	0	0	0.0	0	5	0	0.0%
Terrence Brooks	NWE	0	3	2	66.7%	14	7.0	4.7	0	77.1	5.0	13	1	0	0	0	0.0	0	2	0	0.0%
Patrick Chung	NWE	0	3	2	66.7%	21	10.5	7.0	0	86.8	3.3	12	9	1	0	0	0.0	0	5	0	0.0%
J.C. Jackson	NWE	1	3	2	66.7%	19	9.5	6.3	0	44.4	6.3	4	15	0	0	0	0.0	0	2	0	0.0%
Kyle Van Noy	NWE	0	1	1	100.0%	20	20.0	20.0	0	118.7	6.0	6	14	1	1	2	0.0	3	5	2	28.6%
John Simon	NWE	0	1	1	100.0%	5	5.0	5.0	0	87.5	3.0	3	2	0	0	1	0.0	1	3	0	0.0%
Dont'a Hightower	NWE	0	2	1	50.0%	19	19.0	9.5	0	83.3	-1.0	-6	25	1	1	0	0.0	1	4	0	0.0%
Chase Winovich	NWE	0	1	1	100.0%	8	8.0	8.0	0	100.0	-9.0	-9	17	0	0	1	0.0	1	2	0	0.0%
Jamie Collins	NWE	0	2	1	50.0%	7	7.0	3.5	0	58.3	-0.5	-3	10	1	0	0	0.0	0	5	0	0.0%
Deatrich Wise	NWE	0	0	0										0	0	1	1.0	2	2	0	0.0%
Duron Harmon	NWE	0	1	0	0.0%					39.6	15.0			0	0	0	0.0	0	1	0	0.0%"
