advanced_rushing = document.querySelectorAll("#rushing_advanced > tbody")[0].innerText;
advanced_receiving = document.querySelectorAll("#receiving_advanced > tbody")[0].innerText;
advanced_defense = document.querySelectorAll("#defense_advanced > tbody")[0].innerText;
advanced_passing = document.querySelectorAll("#passing_advanced > tbody")[0].innerText;
"Jacoby Brissett	IND	19	36	251	7	18.9	359	10.0	167	8.8	4.6	84	4.4	4	11.4%	8	22.9%	1	17	3	6	3	5.7
Player	Tm	Cmp	Att	Yds	1D	1D%	IAY	IAY/PA	CAY	CAY/Cmp	CAY/PA	YAC	YAC/Cmp	Drops	Drop%	BadTh	Bad%	Sk	Bltz	Hrry	Hits	Scrm	Yds/Scr
Jameis Winston	TAM	33	45	456	23	50.0	397	8.8	276	8.4	6.1	180	5.5	0	0.0%	7	16.3%	1	15	3	5	2	4.0
Ryan Griffin	TAM	2	4	18	1	25.0	12	3.0	5	2.5	1.3	13	6.5	0	0.0%	1	33.3%	0	2	1	0	0	"
advanced_rushing
"Marlon Mack	IND	13	38	3	20	1.5	18	1.4	1	13.0
Jacoby Brissett	IND	4	26	3	23	5.8	3	0.8	0	
Nyheim Hines	IND	4	1		-1	-0.3	2	0.5	0	
Jordan Wilkins	IND	1	1		1	1.0	0	0.0	0	
Player	Tm	Att	Yds	1D	YBC	YBC/Att	YAC	YAC/Att	BrkTkl	Att/Br
Peyton Barber	TAM	11	34	2	22	2.0	12	1.1	0	
Ronald Jones	TAM	11	36	2	16	1.5	20	1.8	2	5.5
Jameis Winston	TAM	6	5	1	1	0.2	4	0.7	0	"
advanced_receiving
"Zach Pascal	IND	9	5	74	3	45	9.0	29	5.8	0		0	0.0
Nyheim Hines	IND	5	4	24		-3	-0.8	27	6.8	0		0	0.0
Parris Campbell	IND	5	3	12		7	2.3	5	1.7	0		1	20.0
Marcus Johnson	IND	7	3	105	2	98	32.7	7	2.3	0		2	28.6
Jack Doyle	IND	6	2	27	2	21	10.5	6	3.0	0		1	16.7
Ross Travis	IND	1	1	1		-5	-5.0	6	6.0	0		0	0.0
Mo Alie-Cox	IND	1	1	8		4	4.0	4	4.0	0		0	0.0
Chad Williams	IND	1	0	0		0		0		0		0	0.0
Player	Tm	Tgt	Rec	Yds	1D	YBC	YBC/R	YAC	YAC/R	BrkTkl	Rec/Br	Drop	Drop%
Chris Godwin	TAM	9	7	91	5	54	7.7	37	5.3	1	7.0	0	0.0
Justin Watson	TAM	8	5	59	5	58	11.6	1	0.2	0		0	0.0
Dare Ogunbowale	TAM	5	5	48	3	9	1.8	39	7.8	1	5.0	0	0.0
O.J. Howard	TAM	5	4	73	3	57	14.3	16	4.0	0		0	0.0
Ronald Jones	TAM	5	4	23	0	2	0.5	21	5.3	0		0	0.0
Cameron Brate	TAM	4	4	30	4	11	2.8	19	4.8	0		0	0.0
Breshad Perriman	TAM	5	3	70	3	49	16.3	21	7.0	0		0	0.0
Peyton Barber	TAM	2	2	19	0	5	2.5	14	7.0	0		0	0.0
Mike Evans	TAM	2	1	61	1	36	36.0	25	25.0	0		0	0.0"
advanced_defense
"Malik Hooker	IND	1	7	7	100.0%	144	20.6	20.6	1	118.7	14.9	104	40	0	0	0	0.0	0	10	1	9.1%
Rolan Milligan	IND	0	8	5	62.5%	50	10.0	6.3	0	80.2	7.9	29	21	6	0	1	0.0	1	3	1	25.0%
Khari Willis	IND	0	4	4	100.0%	20	5.0	5.0	1	127.1	2.5	10	10	5	0	1	0.0	1	11	0	0.0%
George Odum	IND	0	4	4	100.0%	67	16.8	16.8	0	118.7	4.5	18	49	1	0	0	0.0	0	5	0	0.0%
Darius Leonard	IND	2	5	4	80.0%	49	12.3	9.8	0	67.9	4.6	20	29	5	0	0	0.0	0	9	0	0.0%
Pierre Desir	IND	0	6	3	50.0%	70	23.3	11.7	1	131.9	12.0	44	26	0	0	0	0.0	0	4	2	33.3%
Anthony Walker	IND	0	3	2	66.7%	17	8.5	5.7	0	81.2	7.7	17	0	2	0	1	0.0	1	6	2	25.0%
Rock Ya-Sin	IND	0	5	2	40.0%	19	9.5	3.8	0	51.2	14.2	19	0	1	0	0	0.0	0	4	0	0.0%
Marvell Tell	IND	0	1	1	100.0%					79.2				0	0	0	0.0	0	0	0	
Clayton Geathers	IND	0	1	1	100.0%	4	4.0	4.0	0	83.3	4.0	4	0	0	0	0	0.0	0	2	0	0.0%
Justin Houston	IND	0	0	0										0	2	0	1.0	3	5	0	0.0%
Al-Quadin Muhammad	IND	0	0	0										0	0	2	0.0	2	0	0	
Bobby Okereke	IND	0	0	0										2	1	0	0.0	1	2	0	0.0%
Grover Stewart	IND	0	0	0										0	1	0	0.0	1	2	0	0.0%
Jabaal Sheard	IND	0	0	0										0	0	0	0.0	0	1	2	66.7%
Denico Autry	IND	0	0	0										0	0	0	0.0	0	4	1	20.0%
Player	Tm	Int	Tgt	Cmp	Cmp%	Yds	Yds/Cmp	Yds/Tgt	TD	Rat	DADOT	Air	YAC	Bltz	Hrry	QBKD	Sk	Prss	Comb	MTkl	MTkl%
Carlton Davis	TAM	0	9	4	44.4%	29	7.3	3.2	1	89.6	7.9	17	12	0	0	0	0.0	0	5	1	16.7%
Andrew Adams	TAM	0	3	3	100.0%	91	30.3	30.3	1	158.3	21.7	65	26	1	0	0	0.0	0	4	0	0.0%
Sean Murphy-Bunting	TAM	0	5	3	60.0%	12	4.0	2.4	0	64.6	12.4	7	5	3	0	0	0.0	0	2	0	0.0%
Jordan Whitehead	TAM	0	5	3	60.0%	77	25.7	15.4	0	104.2	18.2	66	11	2	0	0	0.0	0	9	1	10.0%
Lavonte David	TAM	0	3	2	66.7%	13	6.5	4.3	0	75.7	3.3	8	5	6	1	1	0.0	2	6	0	0.0%
Mike Edwards	TAM	0	4	2	50.0%	12	6.0	3.0	0	56.2	4.5	-5	17	0	0	0	0.0	0	3	0	0.0%
Jamel Dean	TAM	0	3	1	33.3%	9	9.0	3.0	0	42.4	13.0	9	0	0	0	0	0.0	0	1	0	0.0%
Devin White	TAM	0	3	1	33.3%	8	8.0	2.7	0	42.4	3.0	0	8	3	0	0	0.0	0	6	0	0.0%
Shaquil Barrett	TAM	0	0	0										5	1	2	1.0	4	7	0	0.0%
Ndamukong Suh	TAM	0	0	0										0	0	1	0.0	1	1	0	0.0%
Carl Nassib	TAM	0	0	0										2	0	1	0.0	1	0	0	
Vita Vea	TAM	0	0	0										2	0	1	0.0	1	0	0	
Jason Pierre-Paul	TAM	0	0	0										6	1	0	0.0	1	1	0	0.0%"
