advanced_rushing = document.querySelectorAll("#rushing_advanced > tbody")[0].innerText;
advanced_receiving = document.querySelectorAll("#receiving_advanced > tbody")[0].innerText;
advanced_defense = document.querySelectorAll("#defense_advanced > tbody")[0].innerText;
advanced_passing = document.querySelectorAll("#passing_advanced > tbody")[0].innerText;
"Blake Bortles	JAX	26	38	320	13	34.2	150	3.9	60	2.3	1.6	260	10.0	3	7.9%	3	7.9%	0	2	2	1	2	4.0
Logan Cooke	JAX	1	1	4	1	100.0	-4	-4.0	-4	-4.0	-4.0	8	8.0	0	0.0%	0	0.0%	0	0	0	0	0	
Player	Tm	Cmp	Att	Yds	1D	1D%	IAY	IAY/PA	CAY	CAY/Cmp	CAY/PA	YAC	YAC/Cmp	Drops	Drop%	BadTh	Bad%	Sk	Bltz	Hrry	Hits	Scrm	Yds/Scr
Andrew Luck	IND	21	29	285	11	37.9	237	8.2	170	8.1	5.9	115	5.5	2	6.9%	5	17.2%	0	2	1	1	0	"
advanced_rushing
"Leonard Fournette	JAX	24	53	3	34	1.4	19	0.8	0	
Carlos Hyde	JAX	3	5		2	0.7	3	1.0	0	
T.J. Yeldon	JAX	3	12	1	9	3.0	3	1.0	0	
Blake Bortles	JAX	2	8	1	7	3.5	1	0.5	0	
Dede Westbrook	JAX	2	13	1	12	6.0	1	0.5	0	
Player	Tm	Att	Yds	1D	YBC	YBC/Att	YAC	YAC/Att	BrkTkl	Att/Br
Marlon Mack	IND	12	29	1	18	1.5	11	0.9	0	
Andrew Luck	IND	5	-2	1	-2	-0.4	0	0.0	0	
Nyheim Hines	IND	3	3		3	1.0	0	0.0	0	
Eric Ebron	IND	1	2	1	1	1.0	1	1.0	0	
Chester Rogers	IND	1	-4		-4	-4.0	0	0.0	0	
Jordan Wilkins	IND	1	53	1	44	44.0	9	9.0	0	"
advanced_receiving
"T.J. Yeldon	JAX	6	5	51	2	-6	-1.2	57	11.4	0		1	16.7
Dede Westbrook	JAX	10	5	30	3	4	0.8	26	5.2	0		2	20.0
James O'Shaughnessy	JAX	6	5	46	3	10	2.0	36	7.2	0		0	0.0
Leonard Fournette	JAX	5	5	56	3	-14	-2.8	70	14.0	0		0	0.0
Donte Moncrief	JAX	4	3	98	3	43	14.3	55	18.3	1	3.0	0	0.0
Blake Bell	JAX	3	2	27	2	13	6.5	14	7.0	0		0	0.0
Rashad Greene	JAX	1	1	11		6	6.0	5	5.0	0		0	0.0
Tommy Bohanon	JAX	1	1	5		0	0.0	5	5.0	0		0	0.0
DJ Chark	JAX	2	0	0		0		0		0		0	0.0
Player	Tm	Tgt	Rec	Yds	1D	YBC	YBC/R	YAC	YAC/R	BrkTkl	Rec/Br	Drop	Drop%
Dontrelle Inman	IND	4	4	41	2	37	9.3	4	1.0	0		0	0.0
Eric Ebron	IND	3	3	69	2	38	12.7	31	10.3	0		0	0.0
T.Y. Hilton	IND	7	3	77	3	45	15.0	32	10.7	0		0	0.0
Nyheim Hines	IND	4	3	19		6	2.0	13	4.3	0		1	25.0
Jack Doyle	IND	3	3	36	2	19	6.3	17	5.7	0		0	0.0
Marlon Mack	IND	2	2	9	0	-2	-1.0	11	5.5	0		0	0.0
Mo Alie-Cox	IND	4	2	28	2	23	11.5	5	2.5	0		1	25.0
Ryan Grant	IND	1	1	6		4	4.0	2	2.0	0		0	0.0
Chester Rogers	IND	1	0	0		0		0		0		0	0.0"
advanced_defense
"Telvin Smith	JAX	1	8	7	87.5%	54	7.7	6.8	1	94.8	5.9	23	31	0	0	0	0.0	0	8	0	0.0%
Barry Church	JAX	0	5	5	100.0%	34	6.8	6.8	1	134.6	7.6	33	1	0	0	0	0.0	0	5	0	0.0%
Jalen Ramsey	JAX	0	6	4	66.7%	80	20.0	13.3	0	109.7	12.8	60	20	0	0	0	0.0	0	5	0	0.0%
Tashaun Gipson	JAX	0	4	4	100.0%	95	23.8	23.8	1	158.3	13.0	52	43	0	0	0	0.0	0	3	1	25.0%
Myles Jack	JAX	0	4	3	75.0%	69	23.0	17.3	0	116.7	13.8	50	19	1	0	0	0.0	0	3	0	0.0%
Leon Jacobs	JAX	0	2	2	100.0%	5	2.5	2.5	1	118.7	-1.5	-3	8	0	0	0	0.0	0	2	0	0.0%
Ronnie Harrison	JAX	0	2	1	50.0%	7	7.0	3.5	0	58.3	3.5	3	4	0	0	0	0.0	0	0	0	
Tyler Patmon	JAX	0	1	1	100.0%	6	6.0	6.0	0	91.7	5.0	5	1	0	0	0	0.0	0	1	0	0.0%
D.J. Hayden	JAX	0	2	1	50.0%	7	7.0	3.5	0	58.3	5.5	-1	8	2	0	0	0.0	0	1	1	50.0%
Yannick Ngakoue	JAX	0	0	0										2	0	1	0.0	1	2	0	0.0%
Abry Jones	JAX	0	0	0										0	1	0	0.0	1	2	0	0.0%
Player	Tm	Int	Tgt	Cmp	Cmp%	Yds	Yds/Cmp	Yds/Tgt	TD	Rat	DADOT	Air	YAC	Bltz	Hrry	QBKD	Sk	Prss	Comb	MTkl	MTkl%
Anthony Walker	IND	0	8	8	100.0%	76	9.5	9.5	1	145.8	-0.9	-7	83	0	0	0	0.0	0	10	1	9.1%
Kenny Moore	IND	0	10	5	50.0%	46	9.2	4.6	0	62.9	6.0	21	25	1	1	0	0.0	1	6	4	40.0%
Quincy Wilson	IND	0	7	5	71.4%	59	11.8	8.4	0	96.7	5.1	15	44	0	0	0	0.0	0	6	0	0.0%
Arthur Maulet	IND	0	3	3	100.0%	101	33.7	33.7	1	158.3	12.0	36	65	0	0	0	0.0	0	1	1	50.0%
Darius Leonard	IND	0	4	2	50.0%	11	5.5	2.8	0	56.2	0.5	-9	20	1	0	0	0.0	0	9	0	0.0%
Tyquan Lewis	IND	0	1	1	100.0%	12	12.0	12.0	0	116.7	9.0	9	3	0	1	1	0.0	2	3	0	0.0%
Denico Autry	IND	0	0	0										0	1	0	0.0	1	2	0	0.0%
Jabaal Sheard	IND	0	0	0										0	1	0	0.0	1	5	0	0.0%
Clayton Geathers	IND	0	1	0	0.0%					39.6	2.0			0	0	0	0.0	0	10	0	0.0%
Malik Hooker	IND	0	0	0										0	0	0	0.0	0	4	1	20.0%
Pierre Desir	IND	0	2	0	0.0%					39.6	9.0			0	0	0	0.0	0	3	0	0.0%"
