advanced_rushing = document.querySelectorAll("#rushing_advanced > tbody")[0].innerText;
advanced_receiving = document.querySelectorAll("#receiving_advanced > tbody")[0].innerText;
advanced_defense = document.querySelectorAll("#defense_advanced > tbody")[0].innerText;
advanced_passing = document.querySelectorAll("#passing_advanced > tbody")[0].innerText;
"Tom Brady	NWE	21	41	254	12	27.3	354	8.6	136	6.5	3.3	118	5.6	1	2.9%	7	20.6%	3	12	3	2	0	
Julian Edelman	NWE	1	1	6	0	0.0	0	0.0	0	0.0	0.0	6	6.0	0	0.0%	0	0.0%	0	0	0	0	0	
Brian Hoyer	NWE	1	1	7	0	0.0	-3	-3.0	-3	-3.0	-3.0	10	10.0	0	0.0%	0	0.0%	0	0	0	0	0	
Player	Tm	Cmp	Att	Yds	1D	1D%	IAY	IAY/PA	CAY	CAY/Cmp	CAY/PA	YAC	YAC/Cmp	Drops	Drop%	BadTh	Bad%	Sk	Bltz	Hrry	Hits	Scrm	Yds/Scr
Marcus Mariota	TEN	16	24	228	10	38.5	270	11.3	153	9.6	6.4	75	4.7	0	0.0%	7	30.4%	2	10	2	0	1	1.0
Darius Jennings	TEN	1	1	21	1	100.0	10	10.0	10	10.0	10.0	11	11.0	0	0.0%	0	0.0%	0	1	0	0	0	"
advanced_rushing
"Sony Michel	NWE	11	31	2	16	1.5	15	1.4	0	
Cordarrelle Patterson	NWE	4	11		10	2.5	1	0.3	0	
Tom Brady	NWE	1	0	0	0	0.0	0	0.0	0	
James Develin	NWE	1	1	1	1	1.0	0	0.0	0	
Brian Hoyer	NWE	1	2	1	2	2.0	0	0.0	0	
James White	NWE	1	-5	0	-5	-5.0	0	0.0	0	
Player	Tm	Att	Yds	1D	YBC	YBC/Att	YAC	YAC/Att	BrkTkl	Att/Br
Dion Lewis	TEN	20	57	4	39	2.0	18	0.9	1	20.0
Derrick Henry	TEN	11	58	5	46	4.2	12	1.1	0	
David Fluellen	TEN	3	14	1	12	4.0	2	0.7	0	
Marcus Mariota	TEN	2	21	1	21	10.5	0	0.0	0	"
advanced_receiving
"Julian Edelman	NWE	12	9	104	4	54	6.0	50	5.6	0		0	0.0
James White	NWE	8	5	31	2	-7	-1.4	38	7.6	0		0	0.0
Josh Gordon	NWE	12	4	81	3	62	15.5	19	4.8	0		1	8.3
Phillip Dorsett	NWE	2	2	18	1	8	4.0	10	5.0	0		0	0.0
Dwayne Allen	NWE	1	1	10	1	3	3.0	7	7.0	0		0	0.0
Tom Brady	NWE	1	1	6	0	0	0.0	6	6.0	0		0	0.0
Jacob Hollister	NWE	2	1	17	1	13	13.0	4	4.0	0		0	0.0
Chris Hogan	NWE	2	0	0		0		0		0		0	0.0
Player	Tm	Tgt	Rec	Yds	1D	YBC	YBC/R	YAC	YAC/R	BrkTkl	Rec/Br	Drop	Drop%
Corey Davis	TEN	10	7	125	6	104	14.9	21	3.0	0		0	0.0
Jonnu Smith	TEN	3	3	45	2	14	4.7	31	10.3	1	3.0	0	0.0
Cameron Batson	TEN	3	2	36	1	24	12.0	12	6.0	0		0	0.0
Dion Lewis	TEN	2	2	11	0	3	1.5	8	4.0	0		0	0.0
Anthony Firkser	TEN	1	1	11	1	9	9.0	2	2.0	0		0	0.0
Darius Jennings	TEN	1	1	0	0	-1	-1.0	1	1.0	0		0	0.0
Marcus Mariota	TEN	1	1	21	1	10	10.0	11	11.0	0		0	0.0
Tajae Sharpe	TEN	3	0	0		0		0		0		0	0.0"
advanced_defense
"Stephon Gilmore	NWE	0	8	6	75.0%	98	16.3	12.3	1	155.2	16.4	91	7	1	0	0	1.0	1	4	0	0.0%
Patrick Chung	NWE	0	3	3	100.0%	36	12.0	12.0	1	156.2	4.0	12	24	3	1	0	0.0	1	4	2	33.3%
Kyle Van Noy	NWE	0	2	2	100.0%	20	10.0	10.0	0	108.3	2.5	5	15	1	0	0	0.0	0	13	0	0.0%
Devin McCourty	NWE	0	2	2	100.0%	37	18.5	18.5	0	118.7	17.5	35	2	1	0	0	0.0	0	5	0	0.0%
Duron Harmon	NWE	0	1	1	100.0%	27	27.0	27.0	0	118.7	13.0	13	14	0	0	0	0.0	0	3	0	0.0%
Jason McCourty	NWE	0	5	1	20.0%	21	21.0	4.2	0	44.6	14.0	10	11	0	0	0	0.0	0	2	0	0.0%
J.C. Jackson	NWE	0	1	1	100.0%	0	0.0	0.0	0	79.2	-1.0	-1	1	0	0	0	0.0	0	1	0	0.0%
Jonathan Jones	NWE	0	2	1	50.0%	10	10.0	5.0	0	64.6	1.0	-2	12	0	0	0	0.0	0	1	0	0.0%
John Simon	NWE	0	1	1	100.0%	3	3.0	3.0	0	79.2	3.0	3	0	0	0	0	0.0	0	1	0	0.0%
Dont'a Hightower	NWE	0	0	0										8	1	0	0.0	1	4	0	0.0%
Elandon Roberts	NWE	0	0	0										1	0	0	1.0	1	6	0	0.0%
Keionta Davis	NWE	0	0	0										0	0	0	0.0	0	1	2	66.7%
Deatrich Wise	NWE	0	0	0										0	0	0	0.0	0	5	1	16.7%
Player	Tm	Int	Tgt	Cmp	Cmp%	Yds	Yds/Cmp	Yds/Tgt	TD	Rat	DADOT	Air	YAC	Bltz	Hrry	QBKD	Sk	Prss	Comb	MTkl	MTkl%
Wesley Woodyard	TEN	0	5	5	100.0%	101	20.2	20.2	0	118.7	12.0	60	41	10	0	1	1.5	3	10	0	0.0%
Logan Ryan	TEN	0	5	4	80.0%	50	12.5	10.0	0	108.3	7.2	24	26	6	0	0	1.0	1	6	0	0.0%
Adoree' Jackson	TEN	0	13	4	30.8%	48	12.0	3.7	0	43.1	14.9	36	12	0	0	0	0.0	0	3	1	25.0%
Jayon Brown	TEN	0	4	3	75.0%	34	11.3	8.5	0	100.0	4.8	13	21	9	0	0	0.5	1	4	1	20.0%
Kenny Vaccaro	TEN	0	5	2	40.0%	0	0.0	0.0	0	47.9	8.0	-2	2	0	0	0	0.0	0	5	0	0.0%
Malcolm Butler	TEN	0	3	2	66.7%	11	5.5	3.7	0	72.9	4.7	7	4	0	0	0	0.0	0	4	0	0.0%
Sharif Finch	TEN	0	2	1	50.0%	8	8.0	4.0	0	60.4	9.0	3	5	1	1	0	0.0	1	5	0	0.0%
Brian Orakpo	TEN	0	1	1	100.0%	6	6.0	6.0	0	91.7	-3.0	-3	9	0	0	0	0.0	0	3	1	25.0%
Kevin Byard	TEN	0	4	1	25.0%	6	6.0	1.5	0	39.6	6.3	2	4	3	0	0	0.0	0	4	0	0.0%
Rashaan Evans	TEN	0	1	0	0.0%					39.6	1.0			4	0	1	0.0	1	2	0	0.0%
Harold Landry	TEN	0	0	0										2	1	0	0.0	1	1	1	50.0%
Darius Kilgo	TEN	0	0	0										0	0	0	0.0	0	1	1	50.0%"
