advanced_rushing = document.querySelectorAll("#rushing_advanced > tbody")[0].innerText;
advanced_receiving = document.querySelectorAll("#receiving_advanced > tbody")[0].innerText;
advanced_defense = document.querySelectorAll("#defense_advanced > tbody")[0].innerText;
advanced_passing = document.querySelectorAll("#passing_advanced > tbody")[0].innerText;
"Eli Manning	NYG	19	31	188	10	31.3	273	8.8	107	5.6	3.5	81	4.3	2	6.5%	4	12.9%	1	3	8	1	0	
Player	Tm	Cmp	Att	Yds	1D	1D%	IAY	IAY/PA	CAY	CAY/Cmp	CAY/PA	YAC	YAC/Cmp	Drops	Drop%	BadTh	Bad%	Sk	Bltz	Hrry	Hits	Scrm	Yds/Scr
Nick Mullens	SFO	27	39	250	14	35.9	276	7.1	156	5.8	4.0	94	3.5	1	2.8%	6	16.7%	0	7	7	3	0	"
advanced_rushing
"Saquon Barkley	NYG	20	67	2	33	1.7	34	1.7	4	5.0
Wayne Gallman	NYG	2	3		2	1.0	1	0.5	1	2.0
Sterling Shepard	NYG	1	27	1	27	27.0	0	0.0	0	
Player	Tm	Att	Yds	1D	YBC	YBC/Att	YAC	YAC/Att	BrkTkl	Att/Br
Matt Breida	SFO	17	101	5	77	4.5	24	1.4	2	8.5
Alfred Morris	SFO	9	19		11	1.2	8	0.9	0	
Nick Mullens	SFO	2	1	1	1	0.5	0	0.0	0	
Kyle Juszczyk	SFO	1	3	0	0	0.0	3	3.0	0	"
advanced_receiving
"Odell Beckham	NYG	11	4	73	4	63	15.8	10	2.5	0		2	18.2
Evan Engram	NYG	5	4	46	1	32	8.0	14	3.5	0		0	0.0
Saquon Barkley	NYG	5	4	33	2	-7	-1.8	40	10.0	1	4.0	0	0.0
Sterling Shepard	NYG	3	2	9	2	9	4.5	0	0.0	0		0	0.0
Elijhaa Penny	NYG	2	2	12		0	0.0	12	6.0	0		0	0.0
Spencer Pulley	NYG	1	1	-2		-2	-2.0	0	0.0	0		0	0.0
Corey Coleman	NYG	1	1	11	1	11	11.0	0	0.0	0		0	0.0
Rhett Ellison	NYG	1	1	6		1	1.0	5	5.0	0		0	0.0
Bennie Fowler	NYG	1	0	0		0		0		0		0	0.0
Wayne Gallman	NYG	1	0	0		0		0		0		0	0.0
Player	Tm	Tgt	Rec	Yds	1D	YBC	YBC/R	YAC	YAC/R	BrkTkl	Rec/Br	Drop	Drop%
George Kittle	SFO	10	9	83	4	40	4.4	43	4.8	0		0	0.0
Marquise Goodwin	SFO	5	4	69	4	62	15.5	7	1.8	0		1	20.0
Dante Pettis	SFO	6	4	12		-2	-0.5	14	3.5	0		0	0.0
Kendrick Bourne	SFO	6	4	33	2	27	6.8	6	1.5	0		0	0.0
Matt Breida	SFO	4	3	31	2	20	6.7	11	3.7	0		0	0.0
Kyle Juszczyk	SFO	2	2	10	1	2	1.0	8	4.0	0		0	0.0
Trent Taylor	SFO	1	1	12	1	7	7.0	5	5.0	0		0	0.0
Alfred Morris	SFO	1	0	0		0		0		0		0	0.0"
advanced_defense
"Alec Ogletree	NYG	0	8	8	100.0%	98	12.3	12.3	1	157.3	8.6	69	29	6	0	1	0.0	1	7	0	0.0%
B.W. Webb	NYG	0	6	5	83.3%	71	14.2	11.8	0	116.0	9.7	52	19	0	0	0	0.0	0	5	0	0.0%
Lorenzo Carter	NYG	0	5	4	80.0%	8	2.0	1.6	0	79.2	4.2	6	2	1	3	1	0.0	4	7	0	0.0%
Grant Haley	NYG	0	4	3	75.0%	3	1.0	0.8	0	77.1	1.8	-6	9	1	1	0	0.0	1	2	0	0.0%
Landon Collins	NYG	0	5	3	60.0%	40	13.3	8.0	0	85.4	4.6	13	27	0	0	0	0.0	0	9	0	0.0%
Curtis Riley	NYG	0	2	2	100.0%	26	13.0	13.0	0	118.7	11.5	23	3	2	0	0	0.0	0	6	2	25.0%
Janoris Jenkins	NYG	0	4	2	50.0%	12	6.0	3.0	0	56.2	14.5	7	5	0	0	0	0.0	0	5	0	0.0%
Michael Thomas	NYG	0	2	1	50.0%	5	5.0	2.5	0	56.2	4.5	5	0	1	0	0	0.0	0	2	0	0.0%
Olivier Vernon	NYG	0	0	0										1	1	1	0.0	2	1	1	50.0%
Dalvin Tomlinson	NYG	0	0	0										0	1	0	0.0	1	4	0	0.0%
Sean Chandler	NYG	0	0	0										2	0	0	0.0	0	1	0	0.0%
Player	Tm	Int	Tgt	Cmp	Cmp%	Yds	Yds/Cmp	Yds/Tgt	TD	Rat	DADOT	Air	YAC	Bltz	Hrry	QBKD	Sk	Prss	Comb	MTkl	MTkl%
Cassius Marsh	SFO	0	4	2	50.0%	36	18.0	9.0	0	81.2	7.0	7	29	0	1	1	0.0	2	1	0	0.0%
Ahkello Witherspoon	SFO	0	6	2	33.3%	31	15.5	5.2	1	91.0	19.2	31	0	0	0	0	0.0	0	3	1	25.0%
Richard Sherman	SFO	0	4	2	50.0%	10	5.0	2.5	0	56.2	6.8	6	4	0	0	0	0.0	0	3	0	0.0%
Fred Warner	SFO	0	6	2	33.3%	7	3.5	1.2	0	42.4	1.8	3	4	2	0	0	0.0	0	4	1	20.0%
Malcolm Smith	SFO	0	2	2	100.0%	37	18.5	18.5	0	118.7	12.5	25	12	4	0	0	0.0	0	6	1	14.3%
K'Waun Williams	SFO	0	2	2	100.0%	10	5.0	5.0	1	127.1	5.0	10	0	0	0	0	0.0	0	5	0	0.0%
DeForest Buckner	SFO	0	1	1	100.0%	6	6.0	6.0	0	91.7	1.0	1	5	0	2	0	0.5	3	5	1	16.7%
Jimmie Ward	SFO	0	1	1	100.0%	30	30.0	30.0	0	118.7	20.0	20	10	0	0	0	0.0	0	5	0	0.0%
Antone Exum	SFO	0	2	1	50.0%	9	9.0	4.5	0	62.5	19.5	7	2	3	0	0	0.0	0	4	2	33.3%
D.J. Reed	SFO	0	1	1	100.0%	3	3.0	3.0	1	118.7	3.0	3	0	0	0	0	0.0	0	1	0	0.0%
Mark Nzeocha	SFO	0	1	1	100.0%	9	9.0	9.0	0	104.2	1.0	1	8	0	0	0	0.0	0	4	0	0.0%
Arik Armstead	SFO	0	0	0										0	2	0	0.0	2	2	0	0.0%
Dekoda Watson	SFO	0	0	0										0	0	0	0.5	1	2	0	0.0%
Ronald Blair	SFO	0	0	0										0	1	0	0.0	1	2	1	33.3%"
