advanced_rushing = document.querySelectorAll("#rushing_advanced > tbody")[0].innerText;
advanced_receiving = document.querySelectorAll("#receiving_advanced > tbody")[0].innerText;
advanced_defense = document.querySelectorAll("#defense_advanced > tbody")[0].innerText;
advanced_passing = document.querySelectorAll("#passing_advanced > tbody")[0].innerText;
"Alex Smith	WAS	19	27	178	7	23.3	226	8.4	124	6.5	4.6	54	2.8	3	11.5%	3	11.5%	3	6	0	2	1	9.0
Player	Tm	Cmp	Att	Yds	1D	1D%	IAY	IAY/PA	CAY	CAY/Cmp	CAY/PA	YAC	YAC/Cmp	Drops	Drop%	BadTh	Bad%	Sk	Bltz	Hrry	Hits	Scrm	Yds/Scr
Ryan Fitzpatrick	TAM	29	41	406	22	51.2	431	10.5	238	8.2	5.8	168	5.8	3	7.3%	3	7.3%	2	6	1	2	5	5.0"
advanced_rushing
"Adrian Peterson	WAS	19	68	4	46	2.4	22	1.2	2	9.5
Kapri Bibbs	WAS	3	28	2	28	9.3	0	0.0	0	
Alex Smith	WAS	2	16	0	16	8.0	0	0.0	0	
Maurice Harris	WAS	1	4	0	4	4.0	0	0.0	0	
Player	Tm	Att	Yds	1D	YBC	YBC/Att	YAC	YAC/Att	BrkTkl	Att/Br
Peyton Barber	TAM	13	61	4	32	2.5	29	2.2	4	3.3
Ryan Fitzpatrick	TAM	8	35	2	34	4.3	1	0.1	0	
Shaun Wilson	TAM	2	7		7	3.5	0	0.0	0	
Jacquizz Rodgers	TAM	1	0	0	0	0.0	0	0.0	0	"
advanced_receiving
"Maurice Harris	WAS	5	5	52	1	41	8.2	11	2.2	0		0	0.0
Jordan Reed	WAS	6	4	51	2	31	7.8	20	5.0	0		1	16.7
Josh Doctson	WAS	4	4	46	3	38	9.5	8	2.0	0		0	0.0
Kapri Bibbs	WAS	4	2	13	0	3	1.5	10	5.0	0		1	25.0
Adrian Peterson	WAS	2	2	1	0	-2	-1.0	3	1.5	0		0	0.0
Michael Floyd	WAS	3	2	15	1	13	6.5	2	1.0	1	2.0	1	33.3
Vernon Davis	WAS	1	0	0		0		0		0		0	0.0
Jeremy Sprinkle	WAS	1	0	0		0		0		0		0	0.0
Player	Tm	Tgt	Rec	Yds	1D	YBC	YBC/R	YAC	YAC/R	BrkTkl	Rec/Br	Drop	Drop%
Jacquizz Rodgers	TAM	8	8	102	5	21	2.6	81	10.1	0		0	0.0
Chris Godwin	TAM	7	7	103	7	73	10.4	30	4.3	0		0	0.0
DeSean Jackson	TAM	8	5	67	3	41	8.2	26	5.2	1	5.0	1	12.5
Mike Evans	TAM	6	3	51	3	52	17.3	-1	-0.3	0		1	16.7
Adam Humphries	TAM	3	2	53	2	29	14.5	24	12.0	0		0	0.0
O.J. Howard	TAM	2	1	15	1	13	13.0	2	2.0	0		0	0.0
Cameron Brate	TAM	3	1	14	1	14	14.0	0	0.0	0		1	33.3
Peyton Barber	TAM	1	1	5	0	0	0.0	5	5.0	0		0	0.0
Shaun Wilson	TAM	3	1	-4		-5	-5.0	1	1.0	0		0	0.0"
advanced_defense
"Mason Foster	WAS	0	6	6	100.0%	51	8.5	8.5	0	102.1	1.8	11	40	4	0	0	0.0	0	10	1	9.1%
Greg Stroman	WAS	1	9	6	66.7%	65	10.8	7.2	0	48.1	14.6	51	14	0	0	0	0.0	0	5	0	0.0%
Danny Johnson	WAS	0	6	5	83.3%	79	15.8	13.2	0	118.7	15.0	51	28	0	0	0	0.0	0	4	1	20.0%
Fabian Moreau	WAS	0	6	5	83.3%	109	21.8	18.2	0	118.7	15.7	85	24	2	0	0	0.0	0	6	0	0.0%
D.J. Swearinger	WAS	0	4	2	50.0%	20	10.0	5.0	0	64.6	9.0	17	3	0	0	0	0.0	0	3	2	40.0%
Zach Brown	WAS	0	4	2	50.0%	11	5.5	2.8	0	56.2	3.3	1	10	1	0	0	0.0	0	9	0	0.0%
Ha Ha Clinton-Dix	WAS	0	4	2	50.0%	29	14.5	7.3	0	74.0	14.3	16	13	0	0	0	0.0	0	8	0	0.0%
Josh Harvey-Clemons	WAS	0	1	1	100.0%	18	18.0	18.0	0	118.7	5.0	5	13	0	0	0	0.0	0	1	1	50.0%
Josh Norman	WAS	1	3	1	33.3%	24	24.0	8.0	0	23.6	14.0	1	23	0	0	0	0.0	0	1	1	50.0%
Matthew Ioannidis	WAS	0	0	0										0	1	1	1.0	3	2	0	0.0%
Jonathan Allen	WAS	0	0	0										0	2	1	0.0	3	3	1	25.0%
Da'Ron Payne	WAS	0	0	0										0	2	0	0.0	2	1	2	66.7%
Preston Smith	WAS	0	0	0										1	0	0	1.0	1	3	0	0.0%
Ryan Anderson	WAS	0	0	0										1	1	0	0.0	1	1	1	50.0%
Ryan Kerrigan	WAS	0	0	0										1	0	0	0.0	0	2	1	33.3%
Player	Tm	Int	Tgt	Cmp	Cmp%	Yds	Yds/Cmp	Yds/Tgt	TD	Rat	DADOT	Air	YAC	Bltz	Hrry	QBKD	Sk	Prss	Comb	MTkl	MTkl%
Andrew Adams	TAM	0	6	5	83.3%	56	11.2	9.3	0	105.6	8.0	45	11	1	0	0	0.0	0	5	0	0.0%
Lavonte David	TAM	0	7	4	57.1%	29	7.3	4.1	0	67.0	6.4	17	12	3	0	0	0.0	0	7	0	0.0%
Javien Elliott	TAM	0	3	3	100.0%	22	7.3	7.3	0	97.2	3.7	11	11	2	0	0	0.0	0	2	1	33.3%
Carlton Davis	TAM	0	1	1	100.0%	12	12.0	12.0	0	116.7	12.0	12	0	0	0	0	0.0	0	5	1	16.7%
Justin Evans	TAM	0	1	1	100.0%	6	6.0	6.0	1	131.2	6.0	6	0	1	0	0	0.0	0	9	0	0.0%
Brent Grimes	TAM	0	1	1	100.0%	24	24.0	24.0	0	118.7	17.0	17	7	0	0	0	0.0	0	3	0	0.0%
Isaiah Johnson	TAM	0	1	1	100.0%	12	12.0	12.0	0	116.7	8.0	8	4	1	0	0	0.0	0	4	0	0.0%
Adarius Taylor	TAM	0	1	1	100.0%	-1	-1.0	-1.0	0	79.2	-1.0	-1	0	2	0	0	0.0	0	4	0	0.0%
Jordan Whitehead	TAM	0	4	1	25.0%	9	9.0	2.3	0	39.6	18.0	9	0	0	0	0	0.0	0	4	1	20.0%
Gerald McCoy	TAM	0	0	0										0	0	2	1.0	3	1	0	0.0%
Carl Nassib	TAM	0	0	0										1	0	0	1.0	1	1	0	0.0%
Vita Vea	TAM	0	0	0										0	0	0	1.0	1	1	0	0.0%"
