advanced_rushing = document.querySelectorAll("#rushing_advanced > tbody")[0].innerText;
advanced_receiving = document.querySelectorAll("#receiving_advanced > tbody")[0].innerText;
advanced_defense = document.querySelectorAll("#defense_advanced > tbody")[0].innerText;
advanced_passing = document.querySelectorAll("#passing_advanced > tbody")[0].innerText;
"Aaron Rodgers	GNB	18	30	203	10	28.6	300	10.0	116	6.4	3.9	87	4.8	0	0.0%	5	17.9%	5	8	6	2	1	10.0
Player	Tm	Cmp	Att	Yds	1D	1D%	IAY	IAY/PA	CAY	CAY/Cmp	CAY/PA	YAC	YAC/Cmp	Drops	Drop%	BadTh	Bad%	Sk	Bltz	Hrry	Hits	Scrm	Yds/Scr
Mitchell Trubisky	CHI	26	45	228	10	20.0	378	8.4	130	5.0	2.9	98	3.8	2	4.5%	8	18.2%	5	17	7	5	2	5.0"
advanced_rushing
"Aaron Jones	GNB	13	39	1	21	1.6	18	1.4	1	13.0
Jamaal Williams	GNB	5	0	0	0	0.0	0	0.0	0	
Aaron Rodgers	GNB	3	8	0	6	2.0	2	0.7	0	
Marquez Valdes-Scantling	GNB	1	0	0	0	0.0	0	0.0	0	
Player	Tm	Att	Yds	1D	YBC	YBC/Att	YAC	YAC/Att	BrkTkl	Att/Br
David Montgomery	CHI	6	18	2	11	1.8	7	1.2	0	
Mike Davis	CHI	5	19	0	16	3.2	3	0.6	0	
Mitchell Trubisky	CHI	3	11	1	8	2.7	3	1.0	0	
Cordarrelle Patterson	CHI	1	-2		-2	-2.0	0	0.0	0	"
advanced_receiving
"Davante Adams	GNB	8	4	36	3	17	4.3	19	4.8	1	4.0	0	0.0
Marquez Valdes-Scantling	GNB	6	4	52	2	50	12.5	2	0.5	0		0	0.0
Jimmy Graham	GNB	5	3	30	2	13	4.3	17	5.7	0		0	0.0
Marcedes Lewis	GNB	3	2	14		6	3.0	8	4.0	0		0	0.0
Jamaal Williams	GNB	2	2	15	1	-6	-3.0	21	10.5	1	2.0	0	0.0
Trevor Davis	GNB	1	1	28	1	18	18.0	10	10.0	0		0	0.0
Aaron Jones	GNB	1	1	0	0	-1	-1.0	1	1.0	0		0	0.0
Robert Tonyan	GNB	1	1	28	1	19	19.0	9	9.0	0		0	0.0
Player	Tm	Tgt	Rec	Yds	1D	YBC	YBC/R	YAC	YAC/R	BrkTkl	Rec/Br	Drop	Drop%
Tarik Cohen	CHI	10	8	49	2	23	2.9	26	3.3	1	8.0	1	10.0
Allen Robinson	CHI	13	7	102	5	79	11.3	23	3.3	2	3.5	1	7.7
Mike Davis	CHI	7	6	17	1	-8	-1.3	25	4.2	0		0	0.0
Taylor Gabriel	CHI	5	2	24	1	13	6.5	11	5.5	0		0	0.0
David Montgomery	CHI	1	1	27	1	20	20.0	7	7.0	0		0	0.0
Cordarrelle Patterson	CHI	3	1	3		-2	-2.0	5	5.0	0		0	0.0
Adam Shaheen	CHI	2	1	6		5	5.0	1	1.0	0		0	0.0
Javon Wims	CHI	2	0	0		0		0		0		0	0.0
Anthony Miller	CHI	1	0	0		0		0		0		0	0.0"
advanced_defense
"Darnell Savage	GNB	0	7	5	71.4%	33	6.6	4.7	0	81.2	6.6	16	17	6	0	1	0.0	1	3	1	25.0%
Tramon Williams	GNB	0	11	5	45.5%	33	6.6	3.0	0	52.5	8.7	6	27	1	0	0	0.0	0	3	0	0.0%
Raven Greene	GNB	0	7	5	71.4%	19	3.8	2.7	0	74.1	4.0	0	19	3	0	0	0.0	0	6	0	0.0%
Jaire Alexander	GNB	0	11	4	36.4%	46	11.5	4.2	0	49.8	10.5	29	17	0	0	0	0.0	0	5	1	16.7%
Blake Martinez	GNB	0	3	3	100.0%	33	11.0	11.0	0	112.5	7.3	22	11	2	1	0	1.0	2	7	1	12.5%
Tony Brown	GNB	0	4	3	75.0%	55	18.3	13.8	0	116.7	13.3	51	4	0	0	0	0.0	0	5	0	0.0%
Kevin King	GNB	0	3	1	33.3%	9	9.0	3.0	0	42.4	11.7	6	3	1	0	0	1.0	1	5	1	16.7%
Za'Darius Smith	GNB	0	0	0										3	4	2	1.0	7	3	1	25.0%
Preston Smith	GNB	0	0	0										3	1	1	1.5	4	5	0	0.0%
Dean Lowry	GNB	0	0	0										0	0	1	0.0	1	3	0	0.0%
Kenny Clark	GNB	0	0	0										0	0	0	0.5	1	5	0	0.0%
Kyler Fackrell	GNB	0	0	0										2	0	0	0.0	0	1	0	0.0%
Adrian Amos	GNB	1	0	0										3	0	0	0.0	0	3	0	0.0%
Player	Tm	Int	Tgt	Cmp	Cmp%	Yds	Yds/Cmp	Yds/Tgt	TD	Rat	DADOT	Air	YAC	Bltz	Hrry	QBKD	Sk	Prss	Comb	MTkl	MTkl%
Kyle Fuller	CHI	0	8	6	75.0%	63	10.5	7.9	0	97.4	5.8	40	23	0	0	0	0.0	0	6	1	14.3%
Danny Trevathan	CHI	0	2	2	100.0%	21	10.5	10.5	0	110.4	6.0	12	9	3	1	0	0.0	1	5	0	0.0%
Roquan Smith	CHI	0	3	2	66.7%	38	19.0	12.7	0	109.7	5.0	15	23	0	0	0	0.0	0	5	2	28.6%
Buster Skrine	CHI	0	5	2	40.0%	11	5.5	2.2	0	47.9	12.2	-5	16	0	0	0	0.0	0	1	3	75.0%
Prince Amukamara	CHI	0	4	2	50.0%	58	29.0	14.5	0	95.8	24.3	50	8	1	0	0	0.0	0	3	0	0.0%
Khalil Mack	CHI	0	1	1	100.0%	-5	-5.0	-5.0	0	79.2	-5.0	-5	0	0	3	0	0.0	3	5	0	0.0%
Leonard Floyd	CHI	0	2	1	50.0%	9	9.0	4.5	0	62.5	8.0	1	8	1	0	0	2.0	2	4	0	0.0%
Roy Robertson-Harris	CHI	0	0	0										0	1	1	1.0	3	3	0	0.0%
Akiem Hicks	CHI	0	0	0										0	1	1	1.0	3	2	0	0.0%
Aaron Lynch	CHI	0	0	0										0	0	0	1.0	1	1	0	0.0%
Ha Ha Clinton-Dix	CHI	0	1	0	0.0%					39.6	3.0			2	0	0	0.0	0	5	0	0.0%
Eddie Jackson	CHI	0	0	0										0	0	0	0.0	0	2	1	33.3%"
