advanced_rushing = document.querySelectorAll("#rushing_advanced > tbody")[0].innerText;
advanced_receiving = document.querySelectorAll("#receiving_advanced > tbody")[0].innerText;
advanced_defense = document.querySelectorAll("#defense_advanced > tbody")[0].innerText;
advanced_passing = document.querySelectorAll("#passing_advanced > tbody")[0].innerText;
"Marcus Mariota	TEN	14	24	248	9	32.1	145	6.0	75	5.4	3.1	173	12.4	2	8.3%	6	25.0%	4	13	3	3	2	9.0
Player	Tm	Cmp	Att	Yds	1D	1D%	IAY	IAY/PA	CAY	CAY/Cmp	CAY/PA	YAC	YAC/Cmp	Drops	Drop%	BadTh	Bad%	Sk	Bltz	Hrry	Hits	Scrm	Yds/Scr
Baker Mayfield	CLE	25	38	285	13	30.2	337	8.9	185	7.4	4.9	100	4.0	4	10.5%	5	13.2%	5	9	4	0	0	"
advanced_rushing
"Derrick Henry	TEN	19	84	4	41	2.2	43	2.3	1	19.0
Dion Lewis	TEN	3	7		4	1.3	3	1.0	0	
Marcus Mariota	TEN	3	24	1	21	7.0	3	1.0	0	
Ryan Tannehill	TEN	2	-2		-2	-1.0	0	0.0	0	
Jonnu Smith	TEN	1	10	1	0	0.0	10	10.0	1	1.0
Player	Tm	Att	Yds	1D	YBC	YBC/Att	YAC	YAC/Att	BrkTkl	Att/Br
Nick Chubb	CLE	17	75	2	27	1.6	48	2.8	1	17.0
Dontrell Hilliard	CLE	1	4	1	2	2.0	2	2.0	0	
D'Ernest Johnson	CLE	1	13		10	10.0	3	3.0	0	
Jarvis Landry	CLE	1	10	1	9	9.0	1	1.0	0	"
advanced_receiving
"Delanie Walker	TEN	6	5	55	5	35	7.0	20	4.0	0		1	16.7
A.J. Brown	TEN	4	3	100	2	44	14.7	56	18.7	2	1.5	0	0.0
Dion Lewis	TEN	4	3	6		-6	-2.0	12	4.0	1	3.0	1	25.0
Derrick Henry	TEN	2	1	75	1	-5	-5.0	80	80.0	0		0	0.0
Adam Humphries	TEN	1	1	5	1	5	5.0	0	0.0	0		0	0.0
Jonnu Smith	TEN	1	1	7	0	2	2.0	5	5.0	0		0	0.0
Corey Davis	TEN	3	0	0		0		0		0		0	0.0
MyCole Pruitt	TEN	1	0	0		0		0		0		0	0.0
Tajae Sharpe	TEN	2	0	0		0		0		0		0	0.0
Player	Tm	Tgt	Rec	Yds	1D	YBC	YBC/R	YAC	YAC/R	BrkTkl	Rec/Br	Drop	Drop%
Odell Beckham	CLE	11	7	71	3	56	8.0	15	2.1	1	7.0	0	0.0
Jarvis Landry	CLE	7	4	67	2	42	10.5	25	6.3	0		0	0.0
David Njoku	CLE	6	4	37	3	21	5.3	16	4.0	0		2	33.3
Nick Chubb	CLE	4	3	10	1	1	0.3	9	3.0	1	3.0	1	25.0
Rashard Higgins	CLE	3	2	46	2	37	18.5	9	4.5	0		0	0.0
D'Ernest Johnson	CLE	2	2	23		8	4.0	15	7.5	1	2.0	0	0.0
Damion Ratley	CLE	2	2	17	1	16	8.0	1	0.5	0		0	0.0
Dontrell Hilliard	CLE	2	1	14	1	4	4.0	10	10.0	0		0	0.0
Demetrius Harris	CLE	1	0	0		0		0		0		1	100.0"
advanced_defense
"Malcolm Butler	TEN	1	10	7	70.0%	51	7.3	5.1	0	42.1	7.9	37	14	1	0	0	0.0	0	2	2	50.0%
Logan Ryan	TEN	1	9	6	66.7%	76	12.7	8.4	0	53.2	9.7	45	31	4	0	0	1.5	2	8	0	0.0%
Rashaan Evans	TEN	0	4	4	100.0%	80	20.0	20.0	0	118.7	14.3	57	23	1	0	0	0.0	0	6	5	45.5%
Kenny Vaccaro	TEN	0	5	4	80.0%	24	6.0	4.8	0	86.7	4.2	16	8	0	0	0	0.0	0	7	1	12.5%
Adoree' Jackson	TEN	0	5	3	60.0%	38	12.7	7.6	0	83.7	8.2	20	18	1	0	0	0.0	0	5	1	16.7%
Jayon Brown	TEN	0	7	2	28.6%	18	9.0	2.6	0	39.6	8.4	10	8	3	0	0	0.0	0	2	1	33.3%
Kevin Byard	TEN	1	5	2	40.0%	13	6.5	2.6	1	47.9	11.0	13	0	0	0	0	0.0	0	2	0	0.0%
Cameron Wake	TEN	0	0	0										0	1	0	2.5	4	3	0	0.0%
Sharif Finch	TEN	0	0	0										2	1	0	1.0	2	5	0	0.0%
Jurrell Casey	TEN	0	0	0										0	1	0	0.0	1	1	1	50.0%
DaQuan Jones	TEN	0	1	0	0.0%					39.6	7.0			0	1	0	0.0	1	3	0	0.0%
Isaiah Mack	TEN	0	0	0										0	0	0	0.0	0	1	1	50.0%
Harold Landry	TEN	0	0	0										2	0	0	0.0	0	2	1	33.3%
Wesley Woodyard	TEN	0	0	0										1	0	0	0.0	0	2	0	0.0%
Player	Tm	Int	Tgt	Cmp	Cmp%	Yds	Yds/Cmp	Yds/Tgt	TD	Rat	DADOT	Air	YAC	Bltz	Hrry	QBKD	Sk	Prss	Comb	MTkl	MTkl%
Christian Kirksey	CLE	0	6	4	66.7%	81	20.3	13.5	1	149.3	-2.5	-11	92	6	1	0	0.0	1	7	2	22.2%
Morgan Burnett	CLE	0	3	2	66.7%	22	11.0	7.3	1	127.8	11.7	15	7	3	0	1	1.0	2	6	0	0.0%
Damarious Randall	CLE	0	4	2	50.0%	21	10.5	5.3	1	105.2	9.0	15	6	1	0	0	0.0	0	4	1	20.0%
Terrance Mitchell	CLE	0	4	2	50.0%	58	29.0	14.5	0	95.8	9.3	13	45	0	0	0	0.0	0	1	1	50.0%
Denzel Ward	CLE	0	4	1	25.0%	47	47.0	11.8	0	76.0	18.5	32	15	2	1	1	0.0	2	0	2	100.0%
Joe Schobert	CLE	0	1	1	100.0%	7	7.0	7.0	1	135.4	-2.0	-2	9	1	0	0	0.0	0	8	1	11.1%
Greedy Williams	CLE	0	2	1	50.0%	16	16.0	8.0	0	77.1	12.5	15	1	1	0	0	0.0	0	2	0	0.0%
T.J. Carrie	CLE	0	1	1	100.0%	5	5.0	5.0	0	87.5	5.0	5	0	1	0	0	0.0	0	1	0	0.0%
Olivier Vernon	CLE	0	0	0										2	2	1	0.0	3	2	2	50.0%
Myles Garrett	CLE	0	0	0										1	0	0	2.0	2	5	1	16.7%
Larry Ogunjobi	CLE	0	0	0										0	1	0	1.0	2	4	0	0.0%
Jermaine Whitehead	CLE	0	1	0	0.0%					39.6	-2.0			0	0	0	0.0	0	1	0	0.0%
Sheldon Richardson	CLE	0	0	0										0	0	0	0.0	0	4	1	20.0%"
