advanced_rushing = document.querySelectorAll("#rushing_advanced > tbody")[0].innerText;
advanced_receiving = document.querySelectorAll("#receiving_advanced > tbody")[0].innerText;
advanced_defense = document.querySelectorAll("#defense_advanced > tbody")[0].innerText;
advanced_passing = document.querySelectorAll("#passing_advanced > tbody")[0].innerText;
"Eli Manning	NYG	30	44	306	15	33.3	285	6.5	162	5.4	3.7	144	4.8	0	0.0%	9	20.5%	1	11	4	3	1	6.0
Daniel Jones	NYG	3	4	17	1	25.0	29	7.3	0	0.0	0.0	17	5.7	0	0.0%	1	25.0%	0	0	0	2	1	5.0
Player	Tm	Cmp	Att	Yds	1D	1D%	IAY	IAY/PA	CAY	CAY/Cmp	CAY/PA	YAC	YAC/Cmp	Drops	Drop%	BadTh	Bad%	Sk	Bltz	Hrry	Hits	Scrm	Yds/Scr
Dak Prescott	DAL	25	32	405	18	56.3	301	9.4	232	9.3	7.3	173	6.9	3	9.4%	2	6.3%	0	13	1	2	0	"
advanced_rushing
"Saquon Barkley	NYG	11	120	6	78	7.1	42	3.8	4	2.8
Wayne Gallman	NYG	2	17	2	15	7.5	2	1.0	0	
Elijhaa Penny	NYG	2	3		1	0.5	2	1.0	0	
Daniel Jones	NYG	1	5	0	5	5.0	0	0.0	0	
Eli Manning	NYG	1	6	0	6	6.0	0	0.0	0	
Player	Tm	Att	Yds	1D	YBC	YBC/Att	YAC	YAC/Att	BrkTkl	Att/Br
Ezekiel Elliott	DAL	13	53	2	20	1.5	33	2.5	1	13.0
Tony Pollard	DAL	13	24		3	0.2	21	1.6	1	13.0
Dak Prescott	DAL	4	12	2	11	2.8	1	0.3	0	"
advanced_receiving
"Evan Engram	NYG	14	11	116	8	59	5.4	57	5.2	1	11.0	0	0.0
Sterling Shepard	NYG	7	6	42	3	11	1.8	31	5.2	1	6.0	0	0.0
Bennie Fowler	NYG	5	5	40	2	28	5.6	12	2.4	0		0	0.0
Saquon Barkley	NYG	6	4	19	0	3	0.8	16	4.0	0		0	0.0
Wayne Gallman	NYG	3	3	24	1	0	0.0	24	8.0	0		0	0.0
Cody Latimer	NYG	7	3	74	2	59	19.7	15	5.0	0		0	0.0
Rhett Ellison	NYG	2	1	8		2	2.0	6	6.0	0		0	0.0
Player	Tm	Tgt	Rec	Yds	1D	YBC	YBC/R	YAC	YAC/R	BrkTkl	Rec/Br	Drop	Drop%
Michael Gallup	DAL	7	7	158	5	82	11.7	76	10.9	2	3.5	0	0.0
Amari Cooper	DAL	9	6	106	5	89	14.8	17	2.8	0		2	22.2
Randall Cobb	DAL	5	4	69	4	28	7.0	41	10.3	1	4.0	0	0.0
Blake Jarwin	DAL	3	3	39	1	32	10.7	7	2.3	0		0	0.0
Jason Witten	DAL	4	3	15	1	-1	-0.3	16	5.3	0		0	0.0
Tavon Austin	DAL	1	1	8	1	6	6.0	2	2.0	0		0	0.0
Ezekiel Elliott	DAL	2	1	10	1	-4	-4.0	14	14.0	0		1	50.0
Jamize Olawale	DAL	1	0	0		0		0		0		0	0.0"
advanced_defense
"Antonio Hamilton	NYG	0	7	7	100.0%	77	11.0	11.0	0	112.5	4.4	31	46	0	0	0	0.0	0	5	3	37.5%
Deandre Baker	NYG	0	4	4	100.0%	132	33.0	33.0	1	158.3	19.8	79	53	0	0	0	0.0	0	2	0	0.0%
Jabrill Peppers	NYG	0	3	3	100.0%	43	14.3	14.3	1	158.3	11.7	35	8	4	0	0	0.0	0	7	1	12.5%
Antoine Bethea	NYG	0	3	3	100.0%	79	26.3	26.3	1	158.3	21.0	63	16	1	0	0	0.0	0	7	0	0.0%
Grant Haley	NYG	0	2	2	100.0%	22	11.0	11.0	0	112.5	1.5	3	19	3	1	0	0.0	1	4	0	0.0%
Janoris Jenkins	NYG	0	5	2	40.0%	19	9.5	3.8	0	51.2	7.8	14	5	0	0	0	0.0	0	5	1	16.7%
Tae Davis	NYG	0	3	1	33.3%	12	12.0	4.0	0	46.5	4.0	4	8	2	0	1	0.0	1	3	0	0.0%
Alec Ogletree	NYG	0	2	1	50.0%	5	5.0	2.5	0	56.2	1.5	-1	6	3	0	0	0.0	0	6	0	0.0%
Corey Ballentine	NYG	0	1	1	100.0%	12	12.0	12.0	0	116.7	5.0	5	7	0	0	0	0.0	0	0	0	
Michael Thomas	NYG	0	1	1	100.0%	4	4.0	4.0	1	122.9	-1.0	-1	5	0	0	0	0.0	0	1	0	0.0%
Lorenzo Carter	NYG	0	1	0	0.0%					39.6	32.0			8	0	1	0.0	1	2	0	0.0%
Markus Golden	NYG	0	0	0										7	0	0	0.0	0	1	0	0.0%
Ryan Connelly	NYG	0	0	0										2	0	0	0.0	0	2	0	0.0%
Player	Tm	Int	Tgt	Cmp	Cmp%	Yds	Yds/Cmp	Yds/Tgt	TD	Rat	DADOT	Air	YAC	Bltz	Hrry	QBKD	Sk	Prss	Comb	MTkl	MTkl%
Jaylon Smith	DAL	0	8	8	100.0%	59	7.4	7.4	0	97.4	3.3	26	33	2	0	0	0.0	0	6	3	33.3%
Leighton Vander Esch	DAL	0	9	7	77.8%	33	4.7	3.7	1	119.0	1.8	9	24	3	0	1	0.5	2	10	0	0.0%
Jeff Heath	DAL	0	7	6	85.7%	79	13.2	11.3	0	113.7	5.6	46	33	2	0	0	0.0	0	8	0	0.0%
Xavier Woods	DAL	0	8	5	62.5%	40	8.0	5.0	0	75.0	4.4	10	30	0	0	0	0.0	0	11	2	15.4%
Anthony Brown	DAL	0	4	3	75.0%	37	12.3	9.3	0	103.1	10.0	22	15	0	0	0	0.0	0	3	3	50.0%
Jourdan Lewis	DAL	0	3	2	66.7%	12	6.0	4.0	0	74.3	4.3	3	9	4	1	0	0.0	1	2	0	0.0%
Chidobe Awuzie	DAL	0	6	2	33.3%	65	32.5	10.8	0	75.0	16.3	48	17	0	0	0	0.0	0	4	1	20.0%
Kavon Frazier	DAL	0	1	1	100.0%	4	4.0	4.0	0	83.3	4.0	4	0	0	0	0	0.0	0	1	0	0.0%
DeMarcus Lawrence	DAL	0	0	0										0	1	1	0.5	3	2	0	0.0%
Dorance Armstrong	DAL	0	0	0										0	1	1	0.0	2	0	0	
Tyrone Crawford	DAL	0	0	0										0	0	1	0.0	1	0	0	
Joe Jackson	DAL	0	0	0										2	0	1	0.0	1	0	0	
Joe Thomas	DAL	0	0	0										1	0	0	0.0	0	0	0	
Sean Lee	DAL	0	1	0	0.0%					39.6	0.0			1	0	0	0.0	0	1	0	0.0%
Byron Jones	DAL	0	1	0	0.0%					39.6	5.0			1	0	0	0.0	0	2	0	0.0%"
