advanced_rushing = document.querySelectorAll("#rushing_advanced > tbody")[0].innerText;
advanced_receiving = document.querySelectorAll("#receiving_advanced > tbody")[0].innerText;
advanced_defense = document.querySelectorAll("#defense_advanced > tbody")[0].innerText;
advanced_passing = document.querySelectorAll("#passing_advanced > tbody")[0].innerText;
"Patrick Mahomes	KAN	25	33	378	13	39.4	184	5.6	116	4.6	3.5	262	10.5	2	6.1%	5	15.2%	0	6	1	4	0	
Matt Moore	KAN	0	1	0			-4	-4.0	0		0.0	0		0	0.0%	1	100.0%	0	0	0	0	0	
Player	Tm	Cmp	Att	Yds	1D	1D%	IAY	IAY/PA	CAY	CAY/Cmp	CAY/PA	YAC	YAC/Cmp	Drops	Drop%	BadTh	Bad%	Sk	Bltz	Hrry	Hits	Scrm	Yds/Scr
Gardner Minshew	JAX	22	25	275	10	38.5	140	5.6	150	6.8	6.0	125	5.7	1	4.0%	1	4.0%	1	5	1	0	1	6.0
Nick Foles	JAX	5	8	75	3	37.5	79	9.9	50	10.0	6.3	25	5.0	0	0.0%	2	25.0%	0	1	1	1	0	"
advanced_rushing
"Damien Williams	KAN	13	26	3	3	0.2	23	1.8	1	13.0
LeSean McCoy	KAN	10	81	6	49	4.9	32	3.2	1	10.0
Tyreek Hill	KAN	1	5	0	2	2.0	3	3.0	0	
Patrick Mahomes	KAN	1	2	0	2	2.0	0	0.0	0	
Matt Moore	KAN	1	-1		-1	-1.0	0	0.0	0	
Player	Tm	Att	Yds	1D	YBC	YBC/Att	YAC	YAC/Att	BrkTkl	Att/Br
Leonard Fournette	JAX	13	66	3	23	1.8	43	3.3	1	13.0
Ryquell Armstead	JAX	1	7		2	2.0	5	5.0	0	
Gardner Minshew	JAX	1	6	0	6	6.0	0	0.0	0	
Dede Westbrook	JAX	1	2	0	0	0.0	2	2.0	0	"
advanced_receiving
"Sammy Watkins	KAN	11	9	198	5	64	7.1	134	14.9	0		0	0.0
Damien Williams	KAN	6	6	39	3	-18	-3.0	57	9.5	2	3.0	0	0.0
Travis Kelce	KAN	8	3	88	2	47	15.7	41	13.7	0		1	12.5
Tyreek Hill	KAN	2	2	16	1	16	8.0	0	0.0	0		0	0.0
LeSean McCoy	KAN	1	1	12	1	4	4.0	8	8.0	0		0	0.0
Darwin Thompson	KAN	1	1	3		0	0.0	3	3.0	0		0	0.0
Anthony Sherman	KAN	1	1	15	1	-4	-4.0	19	19.0	0		0	0.0
Demarcus Robinson	KAN	2	1	0		0	0.0	0	0.0	0		0	0.0
Blake Bell	KAN	1	1	7		7	7.0	0	0.0	0		0	0.0
Mecole Hardman	KAN	1	0	0		0		0		0		1	100.0
Player	Tm	Tgt	Rec	Yds	1D	YBC	YBC/R	YAC	YAC/R	BrkTkl	Rec/Br	Drop	Drop%
Chris Conley	JAX	7	6	97	5	69	11.5	28	4.7	0		0	0.0
Dede Westbrook	JAX	6	5	30	2	14	2.8	16	3.2	0		0	0.0
James O'Shaughnessy	JAX	5	4	32	1	16	4.0	16	4.0	0		0	0.0
Leonard Fournette	JAX	6	4	28	2	-3	-0.8	31	7.8	0		1	16.7
Geoff Swaim	JAX	4	4	17		3	0.8	14	3.5	0		0	0.0
DJ Chark	JAX	4	4	146	3	106	26.5	40	10.0	0		0	0.0
Ryquell Armstead	JAX	1	0	0		0		0		0		0	0.0"
advanced_defense
"Charvarius Ward	KAN	0	9	9	100.0%	137	15.2	15.2	0	118.7	7.8	70	67	1	1	0	0.0	1	7	0	0.0%
Kendall Fuller	KAN	0	5	5	100.0%	92	18.4	18.4	1	158.3	14.8	74	18	0	0	0	0.0	0	7	0	0.0%
Damien Wilson	KAN	0	5	4	80.0%	39	9.8	7.8	0	99.2	0.6	11	28	2	0	0	0.0	0	5	0	0.0%
Anthony Hitchens	KAN	0	4	3	75.0%	19	6.3	4.8	0	84.4	2.8	11	8	2	0	0	0.0	0	7	2	22.2%
Bashaud Breeland	KAN	0	4	2	50.0%	37	18.5	9.3	1	121.9	15.5	33	4	0	0	0	0.0	0	0	0	
Frank Clark	KAN	1	1	1	100.0%	6	6.0	6.0	0	52.1	-3.0	-3	9	0	1	0	0.0	1	1	0	0.0%
Juan Thornhill	KAN	0	1	1	100.0%	-2	-2.0	-2.0	0	79.2	-5.0	-5	3	1	0	0	0.0	0	8	0	0.0%
Tyrann Mathieu	KAN	0	1	1	100.0%	15	15.0	15.0	1	158.3	14.0	14	1	2	0	0	0.0	0	3	0	0.0%
Chris Jones	KAN	0	1	0	0.0%	7		7.0	0	56.2	0.0	0	7	0	1	1	0.0	2	1	0	0.0%
Emmanuel Ogbah	KAN	0	0	0										0	0	0	1.0	1	3	1	25.0%
Daniel Sorensen	KAN	0	1	0	0.0%					39.6	-4.0			2	0	0	0.0	0	0	0	
Alex Okafor	KAN	0	0	0										0	0	0	0.0	0	3	1	25.0%
Player	Tm	Int	Tgt	Cmp	Cmp%	Yds	Yds/Cmp	Yds/Tgt	TD	Rat	DADOT	Air	YAC	Bltz	Hrry	QBKD	Sk	Prss	Comb	MTkl	MTkl%
Jalen Ramsey	JAX	0	8	5	62.5%	35	7.0	4.4	1	112.0	6.0	33	2	0	0	0	0.0	0	5	0	0.0%
A.J. Bouye	JAX	0	7	4	57.1%	79	19.8	11.3	0	96.7	11.1	34	45	0	0	0	0.0	0	3	0	0.0%
Najee Goode	JAX	0	4	3	75.0%	35	11.7	8.8	0	101.0	0.8	3	32	0	0	0	0.0	0	3	1	25.0%
Quincy Williams	JAX	0	3	3	100.0%	16	5.3	5.3	0	88.9	-0.3	-1	17	0	0	0	0.0	0	4	2	33.3%
D.J. Alexander	JAX	0	2	2	100.0%	2	1.0	1.0	0	79.2	-2.5	-5	7	0	0	0	0.0	0	1	0	0.0%
Myles Jack	JAX	0	2	2	100.0%	90	45.0	45.0	1	158.3	20.5	41	49	0	0	0	0.0	0	2	0	0.0%
D.J. Hayden	JAX	0	2	2	100.0%	18	9.0	9.0	0	104.2	-3.0	-6	24	2	0	0	0.0	0	4	1	20.0%
Josh Allen	JAX	0	1	1	100.0%	9	9.0	9.0	0	104.2	-2.0	-2	11	0	1	1	0.0	2	2	1	33.3%
Ronnie Harrison	JAX	0	2	1	50.0%	68	68.0	34.0	1	135.4	8.0	7	61	1	0	0	0.0	0	5	1	16.7%
Jarrod Wilson	JAX	0	1	1	100.0%	21	21.0	21.0	0	118.7	17.0	17	4	0	0	0	0.0	0	5	0	0.0%
Calais Campbell	JAX	0	0	0										0	0	1	0.0	1	3	0	0.0%
Yannick Ngakoue	JAX	0	0	0										0	0	1	0.0	1	3	0	0.0%
Taven Bryan	JAX	0	0	0										0	0	1	0.0	1	0	0	
Leon Jacobs	JAX	0	0	0										1	0	0	0.0	0	1	0	0.0%
Dontavius Russell	JAX	0	1	0	0.0%	5		5.0	0	47.9	-5.0	-5	10	0	0	0	0.0	0	1	1	50.0%"
