advanced_rushing = document.querySelectorAll("#rushing_advanced > tbody")[0].innerText;
advanced_receiving = document.querySelectorAll("#receiving_advanced > tbody")[0].innerText;
advanced_defense = document.querySelectorAll("#defense_advanced > tbody")[0].innerText;
advanced_passing = document.querySelectorAll("#passing_advanced > tbody")[0].innerText;
"Matt Ryan	ATL	33	46	304	16	32.0	360	7.8	186	5.6	4.0	118	3.6	0	0.0%	6	13.3%	4	10	7	3	2	12.0
Player	Tm	Cmp	Att	Yds	1D	1D%	IAY	IAY/PA	CAY	CAY/Cmp	CAY/PA	YAC	YAC/Cmp	Drops	Drop%	BadTh	Bad%	Sk	Bltz	Hrry	Hits	Scrm	Yds/Scr
Kirk Cousins	MIN	8	10	98	4	36.4	51	5.1	56	7.0	5.6	42	5.3	0	0.0%	1	11.1%	1	8	2	2	0	"
advanced_rushing
"Devonta Freeman	ATL	8	19	1	8	1.0	11	1.4	0	
Ito Smith	ATL	6	31	3	20	3.3	11	1.8	1	6.0
Matt Ryan	ATL	2	24	1	21	10.5	3	1.5	0	
Russell Gage	ATL	1	-1	0	-1	-1.0	0	0.0	1	1.0
Player	Tm	Att	Yds	1D	YBC	YBC/Att	YAC	YAC/Att	BrkTkl	Att/Br
Dalvin Cook	MIN	21	111	5	41	2.0	70	3.3	2	10.5
Alexander Mattison	MIN	9	49	2	27	3.0	22	2.4	1	9.0
Kirk Cousins	MIN	6	4	3	1	0.2	3	0.5	0	
Ameer Abdullah	MIN	2	8		6	3.0	2	1.0	0	"
advanced_receiving
"Austin Hooper	ATL	9	9	77	3	45	5.0	32	3.6	0		0	0.0
Julio Jones	ATL	11	6	31	4	20	3.3	11	1.8	1	6.0	0	0.0
Mohamed Sanu	ATL	6	5	57	2	27	5.4	30	6.0	0		0	0.0
Justin Hardy	ATL	5	4	41	2	23	5.8	18	4.5	0		0	0.0
Calvin Ridley	ATL	6	4	64	4	52	13.0	12	3.0	1	4.0	0	0.0
Devonta Freeman	ATL	4	3	12	0	5	1.7	7	2.3	0		0	0.0
Russell Gage	ATL	2	1	13	1	13	13.0	0	0.0	0		0	0.0
Ito Smith	ATL	1	1	9	0	1	1.0	8	8.0	1	1.0	0	0.0
Luke Stocker	ATL	1	0	0		0		0		0		0	0.0
Player	Tm	Tgt	Rec	Yds	1D	YBC	YBC/R	YAC	YAC/R	BrkTkl	Rec/Br	Drop	Drop%
Adam Thielen	MIN	3	3	43	2	25	8.3	18	6.0	1	3.0	0	0.0
Dalvin Cook	MIN	2	2	9	0	2	1.0	7	3.5	0		0	0.0
Stefon Diggs	MIN	2	2	37	1	29	14.5	8	4.0	0		0	0.0
Chad Beebe	MIN	1	1	9	1	0	0.0	9	9.0	0		0	0.0
Kyle Rudolph	MIN	1	0	0		0		0		0		0	0.0"
advanced_defense
"Vic Beasley	ATL	0	2	2	100.0%	16	8.0	8.0	0	100.0	1.5	3	13	6	1	0	0.0	1	3	1	25.0%
Isaiah Oliver	ATL	0	2	2	100.0%	35	17.5	17.5	1	158.3	11.5	23	12	0	0	0	0.0	0	1	1	50.0%
De'Vondre Campbell	ATL	0	1	1	100.0%	31	31.0	31.0	0	118.7	24.0	24	7	1	0	0	0.0	0	8	1	11.1%
Ricardo Allen	ATL	0	1	1	100.0%	9	9.0	9.0	0	104.2	0.0	0	9	0	0	0	0.0	0	3	0	0.0%
Deion Jones	ATL	0	1	1	100.0%	1	1.0	1.0	0	79.2	1.0	1	0	2	0	0	0.0	0	4	0	0.0%
Foyesade Oluokun	ATL	0	1	1	100.0%	8	8.0	8.0	0	100.0	2.0	2	6	0	0	0	0.0	0	4	0	0.0%
Grady Jarrett	ATL	0	0	0										0	1	1	1.0	3	5	0	0.0%
Keanu Neal	ATL	0	1	0	0.0%					39.6	4.0			1	0	1	0.0	1	1	1	50.0%
Damontae Kazee	ATL	0	0	0										1	0	0	0.0	0	1	0	0.0%
Takkarist McKinley	ATL	0	0	0										0	0	0	0.0	0	3	1	25.0%
Allen Bailey	ATL	0	0	0										0	0	0	0.0	0	5	2	28.6%
Player	Tm	Int	Tgt	Cmp	Cmp%	Yds	Yds/Cmp	Yds/Tgt	TD	Rat	DADOT	Air	YAC	Bltz	Hrry	QBKD	Sk	Prss	Comb	MTkl	MTkl%
Jayron Kearse	MIN	0	9	7	77.8%	49	7.0	5.4	0	89.4	4.0	22	27	2	0	0	0.0	0	8	0	0.0%
Trae Waynes	MIN	0	7	6	85.7%	82	13.7	11.7	1	155.1	13.3	70	12	0	0	0	0.0	0	3	0	0.0%
Anthony Barr	MIN	0	6	5	83.3%	31	6.2	5.2	0	88.2	3.8	17	14	7	1	1	1.0	3	6	0	0.0%
Xavier Rhodes	MIN	0	8	5	62.5%	56	11.2	7.0	0	83.3	6.6	35	21	0	0	0	0.0	0	7	1	12.5%
Eric Kendricks	MIN	0	5	3	60.0%	35	11.7	7.0	0	81.2	4.2	8	27	5	1	1	0.0	2	6	2	25.0%
Kris Boyd	MIN	0	2	2	100.0%	9	4.5	4.5	0	85.4	2.5	5	4	0	0	0	0.0	0	1	2	66.7%
Harrison Smith	MIN	0	4	2	50.0%	8	4.0	2.0	0	56.2	13.3	8	0	3	0	0	0.0	0	9	0	0.0%
Eric Wilson	MIN	0	1	1	100.0%	16	16.0	16.0	0	118.7	6.0	6	10	0	0	0	0.0	0	1	0	0.0%
Anthony Harris	MIN	2	3	1	33.3%					2.8	5.3			2	0	0	0.0	0	5	0	0.0%
Danielle Hunter	MIN	0	0	0										0	3	0	1.0	4	4	0	0.0%
Everson Griffen	MIN	0	0	0										0	1	1	1.0	3	1	2	66.7%
Linval Joseph	MIN	0	0	0										0	0	0	1.0	1	4	0	0.0%
Mackensie Alexander	MIN	0	1	0	0.0%					39.6	37.0			0	0	0	0.0	0	1	0	0.0%
Ben Gedeon	MIN	0	0	0										1	0	0	0.0	0	0	1	100.0%"
