advanced_rushing = document.querySelectorAll("#rushing_advanced > tbody")[0].innerText;
advanced_receiving = document.querySelectorAll("#receiving_advanced > tbody")[0].innerText;
advanced_defense = document.querySelectorAll("#defense_advanced > tbody")[0].innerText;
advanced_passing = document.querySelectorAll("#passing_advanced > tbody")[0].innerText;
"Deshaun Watson	HOU	20	30	268	12	33.3	325	10.8	178	8.9	5.9	90	4.5	2	6.9%	5	17.2%	6	14	5	4	2	9.5
Player	Tm	Cmp	Att	Yds	1D	1D%	IAY	IAY/PA	CAY	CAY/Cmp	CAY/PA	YAC	YAC/Cmp	Drops	Drop%	BadTh	Bad%	Sk	Bltz	Hrry	Hits	Scrm	Yds/Scr
Drew Brees	NOR	32	43	370	19	43.2	295	6.9	236	7.4	5.5	134	4.2	1	2.6%	5	12.8%	1	8	5	3	0	"
advanced_rushing
"Carlos Hyde	HOU	10	83	4	59	5.9	24	2.4	1	10.0
Duke Johnson	HOU	9	57	2	33	3.7	24	2.7	1	9.0
Deshaun Watson	HOU	4	40	2	40	10.0	0	0.0	0	
Player	Tm	Att	Yds	1D	YBC	YBC/Att	YAC	YAC/Att	BrkTkl	Att/Br
Alvin Kamara	NOR	13	97	4	76	5.8	21	1.6	3	4.3
Latavius Murray	NOR	6	43	2	37	6.2	6	1.0	1	6.0
Taysom Hill	NOR	2	8	0	5	2.5	3	1.5	1	2.0"
advanced_receiving
"DeAndre Hopkins	HOU	13	8	111	6	86	10.8	25	3.1	0		3	23.1
Duke Johnson	HOU	5	4	33	1	4	1.0	29	7.3	0		0	0.0
Kenny Stills	HOU	3	3	37	2	25	8.3	12	4.0	0		0	0.0
Will Fuller	HOU	3	2	69	2	65	32.5	4	2.0	0		0	0.0
Jordan Akins	HOU	2	1	17	1	4	4.0	13	13.0	1	1.0	0	0.0
DeAndre Carter	HOU	1	1	-1		-4	-4.0	3	3.0	0		0	0.0
Carlos Hyde	HOU	1	1	2	0	-2	-2.0	4	4.0	1	1.0	0	0.0
Darren Fells	HOU	1	0	0		0		0		0		0	0.0
Player	Tm	Tgt	Rec	Yds	1D	YBC	YBC/R	YAC	YAC/R	BrkTkl	Rec/Br	Drop	Drop%
Michael Thomas	NOR	13	10	123	6	95	9.5	28	2.8	0		1	7.7
Ted Ginn	NOR	7	7	101	5	89	12.7	12	1.7	0		0	0.0
Alvin Kamara	NOR	8	7	72	3	8	1.1	64	9.1	2	3.5	0	0.0
Jared Cook	NOR	3	2	37	2	22	11.0	15	7.5	0		0	0.0
Latavius Murray	NOR	3	2	4	0	-9	-4.5	13	6.5	1	2.0	0	0.0
Tre'Quan Smith	NOR	2	2	26	2	26	13.0	0	0.0	0		0	0.0
Josh Hill	NOR	1	1	-2		-4	-4.0	2	2.0	0		0	0.0
Taysom Hill	NOR	2	1	9	1	9	9.0	0	0.0	0		1	50.0"
advanced_defense
"Aaron Colvin	HOU	0	8	7	87.5%	106	15.1	13.3	1	158.3	10.6	85	21	0	0	0	0.0	0	5	1	16.7%
Justin Reid	HOU	0	5	5	100.0%	42	8.4	8.4	1	141.2	7.4	37	5	1	0	0	0.0	0	9	1	10.0%
Johnathan Joseph	HOU	0	5	4	80.0%	24	6.0	4.8	0	86.7	4.0	15	9	0	0	0	0.0	0	8	1	11.1%
Bradley Roby	HOU	0	5	4	80.0%	44	11.0	8.8	0	103.3	10.2	40	4	0	0	0	0.0	0	9	2	18.2%
Zach Cunningham	HOU	0	5	4	80.0%	67	16.8	13.4	0	118.7	4.8	7	60	2	0	0	0.0	0	5	1	16.7%
Tashaun Gipson	HOU	0	4	4	100.0%	82	20.5	20.5	0	118.7	13.8	55	27	0	0	0	0.0	0	3	0	0.0%
Jahleel Addae	HOU	0	4	3	75.0%	4	1.3	1.0	0	77.1	4.3	4	0	0	0	0	0.0	0	2	0	0.0%
Benardrick McKinney	HOU	0	2	1	50.0%	1	1.0	0.5	0	56.2	-2.5	-7	8	3	0	0	0.0	0	6	1	14.3%
Whitney Mercilus	HOU	1	1	0	0.0%					0.0	7.0			2	1	0	1.0	2	5	0	0.0%
Jacob Martin	HOU	0	0	0										0	0	1	0.0	1	1	0	0.0%
D.J. Reader	HOU	0	0	0										0	0	1	0.0	1	1	0	0.0%
Angelo Blackson	HOU	0	0	0										0	0	1	0.0	1	2	0	0.0%
Carlos Watkins	HOU	0	0	0										0	1	0	0.0	1	2	1	33.3%
Player	Tm	Int	Tgt	Cmp	Cmp%	Yds	Yds/Cmp	Yds/Tgt	TD	Rat	DADOT	Air	YAC	Bltz	Hrry	QBKD	Sk	Prss	Comb	MTkl	MTkl%
Marshon Lattimore	NOR	0	8	5	62.5%	47	9.4	5.9	1	118.2	10.1	43	4	1	0	0	0.0	0	4	0	0.0%
Demario Davis	NOR	0	4	3	75.0%	12	4.0	3.0	0	77.1	0.3	-1	13	6	2	0	0.0	2	5	1	16.7%
P.J. Williams	NOR	0	4	3	75.0%	41	13.7	10.3	1	146.9	18.5	28	13	4	0	0	1.0	1	4	0	0.0%
Eli Apple	NOR	0	3	3	100.0%	82	27.3	27.3	0	118.7	22.7	68	14	1	0	1	0.0	1	3	1	25.0%
Vonn Bell	NOR	0	4	2	50.0%	30	15.0	7.5	0	75.0	13.5	18	12	2	0	1	0.0	1	7	0	0.0%
Marcus Williams	NOR	1	3	2	66.7%	29	14.5	9.7	1	97.9	7.7	12	17	0	0	0	0.0	0	2	0	0.0%
A.J. Klein	NOR	0	2	1	50.0%	17	17.0	8.5	0	79.2	1.5	4	13	7	2	0	0.0	2	4	1	20.0%
Alex Anzalone	NOR	0	1	1	100.0%	10	10.0	10.0	0	108.3	6.0	6	4	1	0	0	1.0	1	5	0	0.0%
Trey Hendrickson	NOR	0	0	0										0	1	0	2.0	3	3	0	0.0%
Cameron Jordan	NOR	0	0	0										0	1	1	1.0	3	5	1	16.7%
Marcus Davenport	NOR	0	0	0										0	1	1	0.0	2	2	0	0.0%
Malcom Brown	NOR	0	0	0										0	0	0	0.5	1	2	0	0.0%
Shy Tuttle	NOR	0	0	0										0	0	0	0.5	1	1	0	0.0%"
